{"target": 8.9, "params": {"d0": 1.043487663919318, "d1": -1.5708366538204785, "d2": 1.2153755084222146, "g0": 2.1102040568492404, "g1": 0.7785932152667604, "g2": -6.501339794953742, "g3": 1.4210707605216608, "g4": 0.8039756642254359, "g5": -0.6339567463553641, "g6": -0.35212130313809803, "g7": 1.1612857146020759, "i0": 2.4044242814094337, "i1": 0.2492562924424797, "i2": -2.5126373104731474, "i3": 0.9949672220798949, "i4": 1.18077953533837, "i5": 0.39549936904021066, "i6": 0.4774898777739186, "i7": 1.2451648168299294, "r0": 2.60292189445844, "r1": 0.0815750138731497, "r2": -4.2756414810413155, "r3": 1.2679986604213784, "r4": 1.0940685228657414, "r5": -0.30522195280168635, "r6": 0.7942894203559299, "r7": 1.4356945015400697}, "datetime": {"datetime": "2020-01-18 07:05:13", "elapsed": 37100.261859, "delta": 41.96015}}
{"target": 12.5, "params": {"d0": 0.6928860342006216, "d1": -2.4525437656840836, "d2": 1.3718246006523585, "g0": 1.766161218997036, "g1": 0.6533355491105981, "g2": -8.144990018185291, "g3": 0.7214998383908924, "g4": 1.1968632773059142, "g5": 0.38398878638389666, "g6": 0.7403620196464138, "g7": 1.0592378134392073, "i0": 2.2536256060319952, "i1": 0.8324513286594163, "i2": -6.463375660037282, "i3": 0.8503133264435903, "i4": 1.2706398411396083, "i5": 0.2007712790216858, "i6": 0.9876883277917561, "i7": 1.8664703680681258, "r0": 3.9176874845789413, "r1": 0.26769604287645343, "r2": -3.3065084308282273, "r3": 1.4497021584177816, "r4": 1.2268178695365657, "r5": -0.6441525683399343, "r6": 0.027131368935754407, "r7": 1.7939785044183303}, "datetime": {"datetime": "2020-01-18 07:05:57", "elapsed": 37144.023662, "delta": 43.761803}}
{"target": 12.0, "params": {"d0": 4.166828657584734, "d1": -6.206421820737955, "d2": 0.8927746966964216, "g0": 4.912567028729775, "g1": 0.9805394766935674, "g2": -4.655297042818693, "g3": 0.9033229070270231, "g4": 1.1934433428366507, "g5": 0.21790267248899098, "g6": 0.17472608994347094, "g7": 1.7300249485129835, "i0": 0.21374309859949592, "i1": 0.0890259681376343, "i2": -7.776866837131566, "i3": 1.4006702019374417, "i4": 0.8050543728912347, "i5": 0.6930710501265449, "i6": -0.30708179353245985, "i7": 1.3923249725961178, "r0": 2.198533404316149, "r1": 0.962740847116653, "r2": -4.984829115072548, "r3": 0.8031302691206096, "r4": 1.1558380832054373, "r5": -0.7539086016207794, "r6": -0.2163523771685273, "r7": 1.519266302010354}, "datetime": {"datetime": "2020-01-18 07:06:36", "elapsed": 37182.721654, "delta": 38.697992}}
{"target": 9.1, "params": {"d0": 2.998938527080809, "d1": -0.05212659561671096, "d2": 1.4593879181734264, "g0": 4.216469881634789, "g1": 0.4497126451284187, "g2": -8.42456062979072, "g3": 0.8477569295590223, "g4": 0.9928971281641767, "g5": 0.606216289957114, "g6": 0.1703641758468395, "g7": 1.7071912212981275, "i0": 4.7066018376025145, "i1": 0.9810105443986805, "i2": -7.811332868392373, "i3": 0.8495532922396372, "i4": 0.8773645752244111, "i5": -0.13585279017309626, "i6": 0.6023233707241762, "i7": 1.696623662179685, "r0": 4.392568426594837, "r1": 0.7586144393257164, "r2": -7.878031446580657, "r3": 1.111686421985264, "r4": 1.0742267308925273, "r5": -0.28069158680426953, "r6": 0.04759634501194965, "r7": 1.3784764057435632}, "datetime": {"datetime": "2020-01-18 07:07:18", "elapsed": 37224.568914, "delta": 41.84726}}
{"target": 7.25, "params": {"d0": 4.17028236870242, "d1": -7.295520559988687, "d2": 1.2011184041681437, "g0": 0.7159851811392415, "g1": 0.4920846906421359, "g2": -0.20202527022675554, "g3": 0.8072028091806133, "g4": 1.2501938853122212, "g5": -0.4618194904545055, "g6": 0.2646723473928323, "g7": 1.619150298403225, "i0": 3.5003854953794242, "i1": 0.263606153256543, "i2": -7.116925774302981, "i3": 1.4317625744010207, "i4": 1.1573398885367416, "i5": -0.7946438965954876, "i6": 0.9226888098252166, "i7": 1.8143954782821958, "r0": 1.0597270849183915, "r1": 0.9835101279137664, "r2": -9.766688013995772, "r3": 1.0739395878578928, "r4": 1.0812733114660755, "r5": 0.7630156616014103, "r6": -0.07164034114210188, "r7": 1.4090758907312289}, "datetime": {"datetime": "2020-01-18 07:07:31", "elapsed": 37238.008198, "delta": 13.439284}}
{"target": 10.5, "params": {"d0": 4.915493723309768, "d1": -5.990189334447483, "d2": 1.0954316247796385, "g0": 4.860235555665545, "g1": 0.1759068735313769, "g2": -2.31988644785811, "g3": 1.386427179787391, "g4": 1.148343774213075, "g5": -0.7459480461472288, "g6": -0.09114276153563483, "g7": 1.240045175429862, "i0": 4.631574798554647, "i1": 0.24592211708598188, "i2": -3.5649693750927822, "i3": 1.0916184079150397, "i4": 1.2053065882865677, "i5": 0.6140596288308, "i6": 0.046640283246292435, "i7": 1.0304365156773345, "r0": 3.4687678131065303, "r1": 0.3887048506318368, "r2": -6.879863368663317, "r3": 1.3404347214679238, "r4": 1.124093262219254, "r5": 0.32718641092197354, "r6": 0.758632526938612, "r7": 1.316681485817637}, "datetime": {"datetime": "2020-01-18 07:07:58", "elapsed": 37264.384266, "delta": 26.376068}}
{"target": 18.05, "params": {"d0": 3.6385361519365693, "d1": -6.95672872050244, "d2": 1.2014200773963597, "g0": 0.5711107349365124, "g1": 0.5794085814516867, "g2": -3.293249076557661, "g3": 0.8813314724173286, "g4": 0.8740006577937767, "g5": -0.2553829328651187, "g6": 0.9813158457799234, "g7": 0.9686577977694114, "i0": 0.5271146257525877, "i1": 0.9954059809319393, "i2": -2.929475810435898, "i3": 1.2296619510110545, "i4": 0.8089392090495637, "i5": 0.2173920212426932, "i6": 0.7282946111895814, "i7": 1.4482241287840747, "r0": 2.626408957268432, "r1": 0.7086827920906522, "r2": -6.44169745682979, "r3": 1.1559640006941363, "r4": 0.8224122737052362, "r5": -0.7960759183956299, "r6": 0.9273878054998967, "r7": 0.9953146957073592}, "datetime": {"datetime": "2020-01-18 07:08:31", "elapsed": 37297.527422, "delta": 33.143156}}
{"target": 12.5, "params": {"d0": 3.0046943304475837, "d1": -4.219445149141184, "d2": 0.7240834139322315, "g0": 0.1683052156764525, "g1": 0.24561810452205535, "g2": -1.7128080544742605, "g3": 0.7715324307953245, "g4": 0.8012690344632731, "g5": -0.36226162721187055, "g6": -0.3344821494781984, "g7": 1.3800432270179235, "i0": 4.8405090661080035, "i1": 0.6702243803927073, "i2": -2.5388138424460323, "i3": 1.1248843507574613, "i4": 1.1349888424018562, "i5": -0.7146811349885944, "i6": -0.2915935488604389, "i7": 1.1042791860943477, "r0": 4.26876400765103, "r1": 0.28026278376436475, "r2": -4.4740361190873665, "r3": 1.3965938825136284, "r4": 1.1816422955996146, "r5": 0.2644842059020993, "r6": 0.11561344401333373, "r7": 1.8331203657003279}, "datetime": {"datetime": "2020-01-18 07:08:59", "elapsed": 37325.728121, "delta": 28.200699}}
{"target": 17.75, "params": {"d0": 1.239676892073438, "d1": -5.02550915906605, "d2": 1.0345003375317912, "g0": 1.9024383822440727, "g1": 0.1806083852521112, "g2": -5.211795563089469, "g3": 1.2179661036690976, "g4": 1.15472141622858, "g5": -0.5336797184851438, "g6": 0.6943394648839709, "g7": 1.8924065007683657, "i0": 4.010653628521421, "i1": 0.9614406486938987, "i2": -7.359366158102678, "i3": 1.167814495315461, "i4": 0.8740821715209552, "i5": 0.5548188559892626, "i6": -0.24551586201618275, "i7": 1.4605038467694686, "r0": 1.0802225864585218, "r1": 0.4520260842485948, "r2": -0.9331069692013365, "r3": 1.296398690027838, "r4": 0.8749397059491397, "r5": 0.031227531172181577, "r6": 0.3611664479144736, "r7": 0.9374772098832542}, "datetime": {"datetime": "2020-01-18 07:09:30", "elapsed": 37357.032654, "delta": 31.304533}}
{"target": 17.55, "params": {"d0": 2.112775025758707, "d1": -4.654211421024133, "d2": 1.1163117496627686, "g0": 1.324687081924079, "g1": 0.3998559461607285, "g2": -9.156725398981006, "g3": 0.8645250492386521, "g4": 1.2511569609516857, "g5": -0.570610695419547, "g6": 0.15906362833929233, "g7": 1.6506668731915666, "i0": 3.5266355477704954, "i1": 0.09545232533550618, "i2": -6.348054284618357, "i3": 0.7169911565368541, "i4": 0.9846304780010974, "i5": -0.08542125766630981, "i6": 0.484362976038777, "i7": 1.7346312744836205, "r0": 3.1572411923213277, "r1": 0.8197101056261893, "r2": -0.9511405284855385, "r3": 1.3428428184665269, "r4": 1.2715463989422644, "r5": 0.15706922767569753, "r6": 0.49750005141305853, "r7": 1.2268159201288733}, "datetime": {"datetime": "2020-01-18 07:10:03", "elapsed": 37389.549949, "delta": 32.517295}}
{"target": 17.75, "params": {"d0": 2.226282405851613, "d1": -5.626307982537413, "d2": 0.8933129493519967, "g0": 2.555622418768086, "g1": 0.7959546015198061, "g2": -4.394007475710291, "g3": 1.4931701238117434, "g4": 1.1914756361970067, "g5": 0.6923263325052806, "g6": 0.6136605555253809, "g7": 1.2019100880267801, "i0": 3.6790146987285253, "i1": 0.3487893017158975, "i2": -7.408466089909621, "i3": 1.366014238093451, "i4": 1.1931992414459687, "i5": -0.4506172880947443, "i6": 0.7229177805703368, "i7": 1.0884900401438182, "r0": 2.9264886407469444, "r1": 0.5965259513774619, "r2": -7.218002639465736, "r3": 0.8605969015673484, "r4": 1.2304101131901126, "r5": -0.19401601276204272, "r6": 0.7631669511915189, "r7": 1.093208401775286}, "datetime": {"datetime": "2020-01-18 07:10:34", "elapsed": 37421.254576, "delta": 31.704627}}
{"target": 16.6, "params": {"d0": 1.0178533616169227, "d1": -6.815741999774055, "d2": 1.4958542735754345, "g0": 1.8556288568708084, "g1": 0.6817486675836572, "g2": -6.30343054658243, "g3": 0.7168849807474943, "g4": 1.2523897039674323, "g5": -0.2549842062733898, "g6": 0.47513247792505287, "g7": 1.9890241098468362, "i0": 2.536687386936159, "i1": 0.10815544586552972, "i2": -2.5923112982606646, "i3": 1.4143173722874927, "i4": 1.279402759482335, "i5": 0.12512758846576888, "i6": -0.3757870951255848, "i7": 1.489873107405885, "r0": 3.953326193394137, "r1": 0.712147391236353, "r2": -9.401869830151952, "r3": 1.4364828081063556, "r4": 1.264345441883181, "r5": -0.3332192343239113, "r6": -0.4210427253341473, "r7": 1.2705214184268963}, "datetime": {"datetime": "2020-01-18 07:11:10", "elapsed": 37457.234326, "delta": 35.97975}}
{"target": 19.55, "params": {"d0": 2.94319231147989, "d1": -9.922921070857235, "d2": 1.3918197548630062, "g0": 0.7250890580242714, "g1": 0.689211037380708, "g2": -8.451476176012076, "g3": 1.3180309124239262, "g4": 0.9628401369026327, "g5": -0.21622869349388452, "g6": 0.6887725709764554, "g7": 1.958577855557757, "i0": 4.84831925582839, "i1": 0.5557527302722285, "i2": -8.406748638670793, "i3": 1.180483174639005, "i4": 1.1544892983536872, "i5": -0.3513858198915305, "i6": 0.048445577403507856, "i7": 1.059478958137665, "r0": 0.2526627386835706, "r1": 0.46274827144828545, "r2": -8.012248119074428, "r3": 1.1963595584455953, "r4": 1.1828330376139324, "r5": -0.22250224531017115, "r6": 0.8166172341982936, "r7": 1.4598808493461224}, "datetime": {"datetime": "2020-01-18 07:11:42", "elapsed": 37488.895501, "delta": 31.661175}}
{"target": 5.2, "params": {"d0": 3.2246222310364208, "d1": -8.216204357203798, "d2": 0.7723820492173984, "g0": 2.2020020849620647, "g1": 0.3820141279101946, "g2": -2.722602616659149, "g3": 0.8920822681127558, "g4": 0.9840225179701586, "g5": 0.010504134083326955, "g6": 0.1203714641421012, "g7": 1.6598324665832291, "i0": 4.361188652256975, "i1": 0.8282214436704384, "i2": -7.454056766643681, "i3": 0.8755934233658108, "i4": 0.8944989684296318, "i5": -0.4772733681827605, "i6": 0.29033638750406876, "i7": 1.8891949401833954, "r0": 4.377370892417059, "r1": 0.739322476460542, "r2": -3.5875135178482225, "r3": 0.9079495760543659, "r4": 1.1026577034130465, "r5": 0.04327864572565687, "r6": 0.28592759235108367, "r7": 1.496326721070547}, "datetime": {"datetime": "2020-01-18 07:12:12", "elapsed": 37518.617649, "delta": 29.722148}}
{"target": 19.85, "params": {"d0": 1.1199644266529667, "d1": -5.39840133500832, "d2": 1.4333788128545715, "g0": 0.8319566092251779, "g1": 0.03716730169060045, "g2": -5.67709632026864, "g3": 1.3619493622443337, "g4": 0.9475283176674736, "g5": -0.3991616854996652, "g6": 0.8893115746133722, "g7": 1.3154105248254042, "i0": 0.6487640698780239, "i1": 0.5112468541051167, "i2": -1.212761725666093, "i3": 1.175657096529014, "i4": 1.2529294748454662, "i5": -0.16003335489079495, "i6": -0.19368625762459446, "i7": 1.2078076849907353, "r0": 3.324119181809611, "r1": 0.8951030629189665, "r2": -9.835435723132894, "r3": 0.7499447057573287, "r4": 1.26620990085271, "r5": -0.06102262836836814, "r6": 0.30512607247916257, "r7": 1.1632465396679414}, "datetime": {"datetime": "2020-01-18 07:12:46", "elapsed": 37552.746797, "delta": 34.129148}}
{"target": 15.5, "params": {"d0": 3.4851398354078755, "d1": -7.90641250265379, "d2": 1.3156199300857803, "g0": 1.1281462284848176, "g1": 0.014411160152259295, "g2": -6.441900183971441, "g3": 0.8373233269612537, "g4": 0.800546583748011, "g5": 0.4594705917621389, "g6": 0.8620897121447866, "g7": 1.0403456651257028, "i0": 4.246666424318753, "i1": 0.27527923544618427, "i2": -7.40662751704086, "i3": 1.2892462302400725, "i4": 1.2870870000892731, "i5": -0.5708287967442136, "i6": 0.005445783345750854, "i7": 1.4256632800556637, "r0": 1.7075715654491253, "r1": 0.7542793627889186, "r2": -5.514498976951429, "r3": 0.9317318207477993, "r4": 1.2945348789833866, "r5": -0.6008503117724638, "r6": 0.873211552523286, "r7": 1.8527157595214891}, "datetime": {"datetime": "2020-01-18 07:13:20", "elapsed": 37586.48035, "delta": 33.733553}}
{"target": 14.85, "params": {"d0": 3.2944449004699683, "d1": -2.2586443689360802, "d2": 1.1722236219165383, "g0": 2.379337161799025, "g1": 0.4890202615571013, "g2": -5.4187719412470035, "g3": 0.76885983933257, "g4": 1.2372706001972729, "g5": -0.4094824933083116, "g6": -0.24761568234568138, "g7": 1.697021703133802, "i0": 3.635890799692511, "i1": 0.6634669964598823, "i2": -3.838393579372882, "i3": 0.9574647847134665, "i4": 0.8362116777722868, "i5": -0.45522856533127976, "i6": 0.4246580454473632, "i7": 1.1712760221084282, "r0": 1.3702434772309202, "r1": 0.1487116227687877, "r2": -2.8920563669616817, "r3": 0.8703527851873716, "r4": 1.2911412609482256, "r5": -0.7433304635164014, "r6": 0.16222017512129228, "r7": 1.0523621896705602}, "datetime": {"datetime": "2020-01-18 07:13:49", "elapsed": 37616.246956, "delta": 29.766606}}
{"target": 11.35, "params": {"d0": 4.5036418966666, "d1": -9.129261073104788, "d2": 1.0280384649004364, "g0": 1.250561287023662, "g1": 0.16890551844547974, "g2": -8.074811588237008, "g3": 1.3000026982866113, "g4": 1.2207729201270412, "g5": -0.20523951774894889, "g6": -0.26456580197859425, "g7": 1.5057883131639744, "i0": 4.494547065607899, "i1": 0.7788062387933805, "i2": -4.015763899843231, "i3": 0.9734735022747705, "i4": 0.9387190350878144, "i5": -0.7317264571943272, "i6": 0.587471405497429, "i7": 1.75535613188149, "r0": 0.9315412936826595, "r1": 0.9802166085220843, "r2": -8.642686160712937, "r3": 0.855001725636734, "r4": 1.0764615659203016, "r5": -0.47158000735278205, "r6": 0.32546922528079647, "r7": 1.0082680640004746}, "datetime": {"datetime": "2020-01-18 07:14:12", "elapsed": 37638.623595, "delta": 22.376639}}
{"target": 12.65, "params": {"d0": 2.131045898425728, "d1": -9.964787271263791, "d2": 0.9837805608839534, "g0": 3.0818848804254144, "g1": 0.5573672413228657, "g2": -4.253634811849597, "g3": 1.1022941318203974, "g4": 1.2449462304474508, "g5": -0.6934565568645068, "g6": 0.43756395036468154, "g7": 1.2815236841162925, "i0": 0.5220545076499927, "i1": 0.7649778208385412, "i2": -8.436189971352, "i3": 1.311753600251447, "i4": 0.8120850169276783, "i5": 0.03960735168333385, "i6": -0.4672683430097354, "i7": 1.320717004420783, "r0": 2.9778956012113826, "r1": 0.7947867331867395, "r2": -1.5745784920676211, "r3": 1.0256517647519243, "r4": 1.1785717331807861, "r5": -0.5483309944597958, "r6": -0.301458430721436, "r7": 1.2471266415496909}, "datetime": {"datetime": "2020-01-18 07:14:48", "elapsed": 37674.314656, "delta": 35.691061}}
{"target": 18.9, "params": {"d0": 1.8714378289464255, "d1": -3.4516310061084727, "d2": 1.4579277199806242, "g0": 0.07990090882621925, "g1": 0.8674875648094508, "g2": -6.9812376980815465, "g3": 1.3417753300985047, "g4": 1.1361448192923658, "g5": 0.3080467051224314, "g6": 0.32025577090580215, "g7": 1.273338976851684, "i0": 0.9409467556188267, "i1": 0.8870732746732133, "i2": -9.162800780705174, "i3": 1.062627184513533, "i4": 1.0021595322221228, "i5": 0.13023086735846756, "i6": -0.2138087214284165, "i7": 1.151302100144467, "r0": 2.0074551814269754, "r1": 0.16794677421899373, "r2": -1.6529632495643423, "r3": 0.9831519238259111, "r4": 1.0871894460318712, "r5": 0.42725765492158696, "r6": 0.701745884665598, "r7": 1.0258211430132382}, "datetime": {"datetime": "2020-01-18 07:15:20", "elapsed": 37706.506286, "delta": 32.19163}}
{"target": 17.75, "params": {"d0": 1.8975052225469358, "d1": -7.762845316209245, "d2": 1.1608013157255361, "g0": 1.4312634269212028, "g1": 0.8716661602049106, "g2": -2.277095907650403, "g3": 1.097849287451103, "g4": 1.1554434395492845, "g5": -0.5462714685527704, "g6": 0.003319475461719401, "g7": 1.5623409564441473, "i0": 4.31429681777784, "i1": 0.6178859859037332, "i2": -9.54279098376876, "i3": 1.0933022846839981, "i4": 1.0476102022111462, "i5": 0.576362508030424, "i6": 0.599985666601573, "i7": 1.938346928414112, "r0": 2.9895488048253984, "r1": 0.198395608035424, "r2": -1.8666791087856467, "r3": 1.2329944826053207, "r4": 0.8328598554820468, "r5": -0.3398492008427315, "r6": 0.8414535682293662, "r7": 1.363007236937529}, "datetime": {"datetime": "2020-01-18 07:15:53", "elapsed": 37739.665922, "delta": 33.159636}}
{"target": 9.05, "params": {"d0": 0.9059499209930894, "d1": -5.052056765711571, "d2": 1.4965599978376645, "g0": 4.756228714439331, "g1": 0.9581170306924046, "g2": -2.1075387852477876, "g3": 0.8793649698417869, "g4": 0.9452492214360722, "g5": -0.2297949297370664, "g6": 0.39415028289829557, "g7": 1.2462311448443795, "i0": 4.833452327607211, "i1": 0.3086033660900188, "i2": -2.538867929631852, "i3": 0.7520217216518513, "i4": 1.2717029751302809, "i5": 0.4721029163328312, "i6": 0.7730087253614708, "i7": 0.9969302444720414, "r0": 2.380514309115921, "r1": 0.027051860019376428, "r2": -5.896338427001833, "r3": 1.1742306109350742, "r4": 1.0692162102621032, "r5": -0.24971630445354553, "r6": -0.3397067049295078, "r7": 1.566994506585818}, "datetime": {"datetime": "2020-01-18 07:16:35", "elapsed": 37782.060135, "delta": 42.394213}}
{"target": 15.1, "params": {"d0": 0.681937579681357, "d1": -3.9445490553408504, "d2": 1.25794815290075, "g0": 2.7080108914901935, "g1": 0.3877136017631503, "g2": -1.9882215349093144, "g3": 1.257059952875207, "g4": 1.2726428265030483, "g5": -0.1723779040552328, "g6": 0.08828748936335284, "g7": 1.4598790959701187, "i0": 4.096890028194215, "i1": 0.07404174554080656, "i2": -1.2152831345891482, "i3": 0.7726352620775802, "i4": 1.2743327866279222, "i5": 0.13479497697748555, "i6": 0.3651635577998109, "i7": 1.4382708726314388, "r0": 1.689347988255701, "r1": 0.6516741402586501, "r2": -3.3506167465437207, "r3": 0.9553111053284472, "r4": 1.1445112310618146, "r5": -0.06394231772607628, "r6": -0.2584144370856216, "r7": 0.9286932888652948}, "datetime": {"datetime": "2020-01-18 07:17:12", "elapsed": 37818.598321, "delta": 36.538186}}
{"target": 17.6, "params": {"d0": 2.377760717420064, "d1": -8.427229160599179, "d2": 1.1662587618663838, "g0": 1.0186433397500934, "g1": 0.9648133175813516, "g2": -9.005985552784013, "g3": 0.7512395583491127, "g4": 1.1867870364981474, "g5": 0.4220996297127495, "g6": -0.05676780944072768, "g7": 1.4355166479115988, "i0": 2.2357935849469763, "i1": 0.6445938935098159, "i2": -6.289987224922142, "i3": 0.8142004970958188, "i4": 1.1104751319718071, "i5": 0.4266008646132389, "i6": 0.20098952688662486, "i7": 1.155266052132152, "r0": 2.246210378591102, "r1": 0.7279129791882275, "r2": -9.581165598452225, "r3": 1.2691001641742634, "r4": 0.8572143317135079, "r5": -0.7192466990937425, "r6": 0.3561844024556593, "r7": 1.9385157832069293}, "datetime": {"datetime": "2020-01-18 07:17:45", "elapsed": 37852.118097, "delta": 33.519776}}
{"target": 6.7, "params": {"d0": 1.7792914114089453, "d1": -1.5224340494731248, "d2": 1.0801805574006444, "g0": 3.142514483987396, "g1": 0.21770377074674951, "g2": -8.663876919986897, "g3": 0.7983654702958658, "g4": 0.8279042721989236, "g5": -0.43672084522250165, "g6": -0.46687886366900705, "g7": 1.545988716376483, "i0": 2.371143095990912, "i1": 0.18036045596891992, "i2": -9.231205635858245, "i3": 1.1428095543100292, "i4": 1.033992050484606, "i5": 0.6488980008410632, "i6": 0.13315045540036552, "i7": 1.1295257969303418, "r0": 0.36999146381274717, "r1": 0.36882237629963976, "r2": -2.0474019142287148, "r3": 1.2954735684167091, "r4": 1.2607289886485893, "r5": -0.491419205029246, "r6": 0.29039775019672687, "r7": 0.9443180801691247}, "datetime": {"datetime": "2020-01-18 07:18:08", "elapsed": 37874.844884, "delta": 22.726787}}
{"target": 14.35, "params": {"d0": 0.7499416350674953, "d1": -9.273269859401836, "d2": 1.478610332727868, "g0": 4.8430480902814965, "g1": 0.43093694888313205, "g2": -3.9622651934253383, "g3": 1.1923646043802534, "g4": 1.246838525203333, "g5": 0.4322532806280761, "g6": 0.7234114378548981, "g7": 1.074437694339245, "i0": 2.73347223301994, "i1": 0.2895223697273698, "i2": -6.281038099153968, "i3": 1.179161712668, "i4": 0.8532705746032515, "i5": 0.46885934402285745, "i6": -0.4432255372366554, "i7": 1.5917939562406227, "r0": 0.47562167831149305, "r1": 0.9736108663903007, "r2": -4.538918456395136, "r3": 1.2091762268870752, "r4": 0.9748476112375363, "r5": 0.04669803983923493, "r6": 0.3860935184619001, "r7": 1.6517471173274658}, "datetime": {"datetime": "2020-01-18 07:18:50", "elapsed": 37917.044788, "delta": 42.199904}}
