{"target": 20.3, "params": {"d0": 4.29453399663309, "d1": -7.872942052835812, "d2": 1.1126527082421072, "g0": 0.5753777424989487, "g1": 0.6736009488383865, "g2": -3.2688376027922565, "g3": 1.3246701328934067, "g4": 1.026967704340491, "g5": -0.39055969104703386, "g6": 0.4384092583268355, "g7": 1.3671031249558783, "i0": 0.9096906154122948, "i1": 0.6134503357691359, "i2": -4.5590302758467125, "i3": 0.9937649400427692, "i4": 0.9087407812319586, "i5": 0.1835087194408756, "i6": -0.38300845098831693, "i7": 1.5499872175233549, "r0": 3.259207108950195, "r1": 0.7187401754355323, "r2": -4.570026709111789, "r3": 1.0037254663634831, "r4": 1.2270886046321927, "r5": 0.22936299065070065, "r6": 0.500872857300531, "r7": 1.7274071645299123}, "datetime": {"datetime": "2020-01-19 03:50:51", "elapsed": 43090.314858, "delta": 40.570858}}
{"target": 20.5, "params": {"d0": 3.523077761473935, "d1": -1.3594673070481265, "d2": 0.9207445562127515, "g0": 0.5941611679915226, "g1": 0.5240064612513511, "g2": -4.86101888578537, "g3": 1.1256372960940848, "g4": 1.0158735402137522, "g5": 0.03911918524401959, "g6": 0.2239079867890512, "g7": 1.6240857186751803, "i0": 3.710617652783884, "i1": 0.5734955516207172, "i2": -6.5040519675521615, "i3": 1.1074883885932927, "i4": 1.0881256046317225, "i5": 0.02700580327430985, "i6": 0.15357763086118753, "i7": 1.518298556097445, "r0": 3.235626852273974, "r1": 0.41569721236598695, "r2": -8.864426697334768, "r3": 1.0482135284677798, "r4": 0.995960168759109, "r5": 0.4296681193143697, "r6": 0.08387931949450815, "r7": 1.4275692033765723}, "datetime": {"datetime": "2020-01-19 03:51:34", "elapsed": 43133.743923, "delta": 43.429065}}
{"target": 21.2, "params": {"d0": 3.476811488720904, "d1": -1.4546209492821032, "d2": 0.9167504890976695, "g0": 0.5279549011692285, "g1": 0.6474268836985242, "g2": -4.659385229796325, "g3": 1.1499151139043002, "g4": 1.1425249011127436, "g5": 0.08267338038540874, "g6": 0.27388427259203, "g7": 1.571046709838536, "i0": 3.968537415582113, "i1": 0.7485908835970164, "i2": -6.660922376594412, "i3": 1.0096644811512618, "i4": 1.0240334916179925, "i5": -0.032143485314142815, "i6": 0.0885571101834359, "i7": 1.5581806901256998, "r0": 2.5959926146973737, "r1": 0.46960516200441843, "r2": -8.860260335058259, "r3": 0.9599548282393532, "r4": 1.1194249496276474, "r5": 0.6812616625659157, "r6": 0.24797438816606174, "r7": 1.4682850372279237}, "datetime": {"datetime": "2020-01-19 03:52:14", "elapsed": 43172.97395, "delta": 39.230027}}
{"target": 20.35, "params": {"d0": 2.5345400837114873, "d1": -2.462426188167982, "d2": 0.7620334476938554, "g0": 0.09443575894312782, "g1": 0.4832972995197738, "g2": -6.877896521794525, "g3": 1.0960110566844818, "g4": 0.9579363336334091, "g5": -0.05365022578773858, "g6": 0.0764400829966815, "g7": 1.0609676029848618, "i0": 3.090052709424336, "i1": 0.3009384441628863, "i2": -5.691525271854792, "i3": 1.1904567276936402, "i4": 0.9646914836750109, "i5": 0.04052341903549509, "i6": 0.4835378985181078, "i7": 1.7470843635652604, "r0": 1.7077128214478643, "r1": 0.3082051680614078, "r2": -7.7562039647503855, "r3": 1.2843281760915297, "r4": 1.2654724095765435, "r5": 0.06329501876814693, "r6": 0.29897480110894464, "r7": 1.6414411698624376}, "datetime": {"datetime": "2020-01-19 03:52:55", "elapsed": 43214.531843, "delta": 41.557893}}
{"target": 20.45, "params": {"d0": 3.572798331159974, "d1": -1.3383998498188032, "d2": 0.8207275054249841, "g0": 0.6077594045355161, "g1": 0.5771216730185093, "g2": -4.737492856166862, "g3": 1.168793133330233, "g4": 1.004332653543427, "g5": 0.06359334413238896, "g6": 0.17644259242101196, "g7": 1.6671916371854294, "i0": 3.6103532856297385, "i1": 0.6122180865902712, "i2": -6.418379446481118, "i3": 1.0726436164970277, "i4": 1.1657376396755645, "i5": -0.052262295210475956, "i6": -0.0324360354920305, "i7": 1.5439237865160944, "r0": 3.371797431389653, "r1": 0.49539831481531843, "r2": -8.590437298357578, "r3": 0.9309748825847829, "r4": 1.0348072416649174, "r5": 0.3447095098464031, "r6": -0.030286948258800402, "r7": 1.6397511998032053}, "datetime": {"datetime": "2020-01-19 03:53:35", "elapsed": 43254.21729, "delta": 39.685447}}
{"target": 20.35, "params": {"d0": 3.428883826922909, "d1": -1.511931236278822, "d2": 0.9673739240018302, "g0": 0.6168217711596408, "g1": 0.5831757641477947, "g2": -4.777253433851189, "g3": 1.2104231207378477, "g4": 1.0259824679336977, "g5": 0.08900661364736537, "g6": 0.34700858315019556, "g7": 1.546123853318181, "i0": 3.8154270645026447, "i1": 0.6556143491710249, "i2": -6.579905480402763, "i3": 1.0060837602540338, "i4": 1.064115181504434, "i5": -0.0741390721219281, "i6": 0.07164830979269855, "i7": 1.5448196945260673, "r0": 2.6013880805343375, "r1": 0.46932599072305065, "r2": -8.708956823555171, "r3": 1.036544460155863, "r4": 1.1593943374646192, "r5": 0.5433958666883846, "r6": 0.2725972727858978, "r7": 1.517819861798693}, "datetime": {"datetime": "2020-01-19 03:54:20", "elapsed": 43299.04649, "delta": 44.8292}}
{"target": 20.65, "params": {"d0": 3.7062212589845585, "d1": -1.3775871800385493, "d2": 1.025519990797138, "g0": 0.6985705024579191, "g1": 0.5178934380371211, "g2": -4.973890349562072, "g3": 1.17809434936562, "g4": 1.2012774540148512, "g5": 0.10862797208508784, "g6": 0.23399502828554974, "g7": 1.807441443571703, "i0": 3.808550025749797, "i1": 0.8049055662611299, "i2": -6.492207638644344, "i3": 0.9773816115962555, "i4": 1.187430434953448, "i5": -0.10796456347555827, "i6": 0.012459647440000244, "i7": 1.8352132425352548, "r0": 2.1418332372059137, "r1": 0.4037618530290791, "r2": -8.75648395681434, "r3": 0.9676741463843991, "r4": 0.9592824860384181, "r5": 0.6848594323173125, "r6": 0.2588861752935315, "r7": 1.541696744542977}, "datetime": {"datetime": "2020-01-19 03:55:05", "elapsed": 43344.212878, "delta": 45.166388}}
{"target": 20.8, "params": {"d0": 3.515790523867913, "d1": -1.447966875657368, "d2": 0.9741278501888901, "g0": 0.4727117412747993, "g1": 0.6805639801746114, "g2": -4.698686254548525, "g3": 1.1654282086730092, "g4": 1.199650593598515, "g5": 0.0421622308586036, "g6": 0.24891042172700398, "g7": 1.607104434130734, "i0": 4.074763260080234, "i1": 0.7288414685399794, "i2": -6.849708615990723, "i3": 0.9494440871449226, "i4": 1.0059431112542567, "i5": -0.024627590242056782, "i6": 0.2169195603828994, "i7": 1.4851402770991549, "r0": 2.7902950895074023, "r1": 0.4358423200785288, "r2": -8.815451324692972, "r3": 0.9285260262690636, "r4": 1.0902395674467464, "r5": 0.599816807898969, "r6": 0.22401507004737647, "r7": 1.3690625314248162}, "datetime": {"datetime": "2020-01-19 03:55:46", "elapsed": 43385.128696, "delta": 40.915818}}
{"target": 20.8, "params": {"d0": 3.080172970044295, "d1": -8.061624167166196, "d2": 1.0076006137594569, "g0": 0.29578095449532427, "g1": 0.31530652833130784, "g2": -5.236638406269419, "g3": 1.3896627567705104, "g4": 1.135395760425595, "g5": -0.40498368943464913, "g6": 0.486018385208106, "g7": 1.5450270755845785, "i0": 3.1474680127265446, "i1": 0.6883415819109692, "i2": -5.438807799700973, "i3": 1.100736911206476, "i4": 1.0442797435127766, "i5": 0.015200173410703833, "i6": -0.04990693876157726, "i7": 1.60457750235094, "r0": 2.0107388432349724, "r1": 0.4065853362440231, "r2": -2.6240357397176224, "r3": 1.1420927087162998, "r4": 0.9763643603190751, "r5": -0.07714018435316775, "r6": 0.20400601739000548, "r7": 1.4924102588488954}, "datetime": {"datetime": "2020-01-19 03:56:27", "elapsed": 43426.653626, "delta": 41.52493}}
{"target": 20.2, "params": {"d0": 2.404334712895897, "d1": -1.784680233343546, "d2": 1.1474547333173986, "g0": 1.2021319804197776, "g1": 0.5372650494563322, "g2": -4.717721023542438, "g3": 1.3210933663064082, "g4": 1.0315667164576094, "g5": -0.13369678017415876, "g6": 0.6042489184412152, "g7": 1.37699353311698, "i0": 1.8490097229118425, "i1": 0.9149008264546118, "i2": -3.5409984290505063, "i3": 1.3010131009359698, "i4": 1.1027096140850334, "i5": 0.4798925583435793, "i6": -0.048858778884397526, "i7": 1.215814236166158, "r0": 3.7766372309406737, "r1": 0.870221954667475, "r2": -5.717178270202848, "r3": 1.0587115993874643, "r4": 1.0189429278727742, "r5": 0.430861441579252, "r6": 0.5542878199840023, "r7": 1.5640861387305844}, "datetime": {"datetime": "2020-01-19 03:57:16", "elapsed": 43475.140685, "delta": 48.487059}}
{"target": 10.95, "params": {"d0": 1.6357671800131235, "d1": -9.447040362777363, "d2": 1.0078260276162188, "g0": 1.3809298491850208, "g1": 0.7647121521975103, "g2": -7.9004143707868755, "g3": 0.7706187513391918, "g4": 1.2043986609913888, "g5": -0.16413039093569692, "g6": -0.4622376762508658, "g7": 1.9250301279813855, "i0": 1.527799533897316, "i1": 0.5599152509682808, "i2": -6.464450768576945, "i3": 1.4515103772361466, "i4": 0.8968063071573384, "i5": 0.2095494747576716, "i6": 0.5081916481471538, "i7": 0.9709961232077821, "r0": 4.046571594844667, "r1": 0.4874932212879284, "r2": -2.692093692435135, "r3": 1.444589450534715, "r4": 1.0525510041432136, "r5": 0.6345201454819489, "r6": 0.7101218666347457, "r7": 1.3559030071893972}, "datetime": {"datetime": "2020-01-19 03:57:56", "elapsed": 43515.786738, "delta": 40.646053}}
{"target": 20.1, "params": {"d0": 4.036724239810343, "d1": -1.4075334489404194, "d2": 0.9244755257564428, "g0": 0.5585194618781898, "g1": 0.4730990918194443, "g2": -4.701018681701108, "g3": 1.091731833446233, "g4": 1.2710581468433477, "g5": -0.02217936968285975, "g6": 0.2697381252914081, "g7": 1.701750514819277, "i0": 3.747227696041327, "i1": 0.5955671070661341, "i2": -6.607161919976809, "i3": 0.8381603638653756, "i4": 1.1477097748018616, "i5": -0.3670529616294854, "i6": 0.12032578142501182, "i7": 1.7072633895708702, "r0": 2.250653946384315, "r1": 0.3195244037952204, "r2": -8.824120736249801, "r3": 1.041120193157304, "r4": 1.0652212948730988, "r5": 0.4284590597064538, "r6": 0.2004273524511245, "r7": 1.561466215381419}, "datetime": {"datetime": "2020-01-19 03:58:41", "elapsed": 43560.931492, "delta": 45.144754}}
{"target": 21.35, "params": {"d0": 4.111066610104155, "d1": -1.3787340784331534, "d2": 0.946713713517199, "g0": 0.6447176616219834, "g1": 0.2888768299051244, "g2": -5.043199154232801, "g3": 1.2078259806255425, "g4": 1.1546190617866778, "g5": 0.025094360599840687, "g6": 0.20103366793306818, "g7": 1.6723159178575142, "i0": 3.7541762849350815, "i1": 0.6275099099941219, "i2": -6.556780109705174, "i3": 1.0996981395978167, "i4": 1.195926888749533, "i5": -0.33559979484256836, "i6": 0.1824738179355626, "i7": 1.7627950717439484, "r0": 2.1725882953857347, "r1": 0.30660160646367446, "r2": -8.777935083893599, "r3": 0.9658979934586293, "r4": 0.9881538852614171, "r5": 0.5106922199481267, "r6": 0.20007005757330884, "r7": 1.5774493778351995}, "datetime": {"datetime": "2020-01-19 03:59:27", "elapsed": 43606.667921, "delta": 45.736429}}
{"target": 20.6, "params": {"d0": 3.5532101595532946, "d1": -6.115515366763926, "d2": 0.9838231579851031, "g0": 0.5350390167254272, "g1": 0.2753690419347086, "g2": -6.044378539237591, "g3": 1.4250175688563473, "g4": 0.9839923172606263, "g5": -0.5593523070092102, "g6": 0.39659161075562577, "g7": 1.6600597834864241, "i0": 0.7342224897078061, "i1": 0.40813664105619507, "i2": -2.2122254852094043, "i3": 1.163748056861764, "i4": 0.9867966414566293, "i5": -0.36936302048119757, "i6": -0.11516955886036503, "i7": 1.3177369294507721, "r0": 3.436853017457771, "r1": 0.40939828963749336, "r2": -2.75313797414543, "r3": 1.0591976656373876, "r4": 0.9666692754151466, "r5": 0.4365484978174413, "r6": -0.18160045672161088, "r7": 1.5040529387284587}, "datetime": {"datetime": "2020-01-19 04:00:11", "elapsed": 43650.659, "delta": 43.991079}}
{"target": 21.0, "params": {"d0": 3.9322692560749144, "d1": -1.3143580965383308, "d2": 1.0321835549161282, "g0": 0.626230202099689, "g1": 0.2804276991528845, "g2": -5.237051253697357, "g3": 1.0678779853561753, "g4": 1.1761872118648162, "g5": 0.10523497717988398, "g6": 0.2983747210434756, "g7": 1.6665658208776566, "i0": 3.714244532432331, "i1": 0.5268801169285943, "i2": -6.497203294843639, "i3": 1.098740487517443, "i4": 1.0397833625276105, "i5": -0.3687977070094586, "i6": 0.07365190427988058, "i7": 1.6265938711260362, "r0": 1.8824589548234198, "r1": 0.17086695428426488, "r2": -8.880764389600676, "r3": 1.23999220831909, "r4": 1.1133441190073778, "r5": 0.29048522289447637, "r6": 0.03370344045512385, "r7": 1.54408875860846}, "datetime": {"datetime": "2020-01-19 04:01:00", "elapsed": 43699.305823, "delta": 48.646823}}
{"target": 20.35, "params": {"d0": 4.25154160333145, "d1": -0.8608009787412736, "d2": 1.3600877743766813, "g0": 1.09722240738053, "g1": 0.6305331023089199, "g2": -6.249245981870621, "g3": 1.2074811967466703, "g4": 0.9893312135708319, "g5": -0.037797960877658326, "g6": 0.5181486874566672, "g7": 1.717963717935951, "i0": 0.8139519580623412, "i1": 0.8422350018162692, "i2": -4.846666573576985, "i3": 0.9490795414123332, "i4": 0.9256927374482476, "i5": 0.6398222984024394, "i6": 0.7887358655685108, "i7": 1.5835336685642907, "r0": 1.3312251683236755, "r1": 0.24387668245479185, "r2": -4.905618571915696, "r3": 1.3669303244550428, "r4": 1.1537642209763836, "r5": -0.6605556440060322, "r6": 0.16329220966226074, "r7": 1.2163369877395034}, "datetime": {"datetime": "2020-01-19 04:01:48", "elapsed": 43747.306324, "delta": 48.000501}}
{"target": 18.55, "params": {"d0": 3.9143828606304116, "d1": -1.480230662859844, "d2": 1.0677119704597147, "g0": 1.2843417432286701, "g1": 0.6426715212152518, "g2": -7.102491885688033, "g3": 0.9746255874230706, "g4": 1.1783632764745295, "g5": 0.06712301379724028, "g6": 0.4248040361954508, "g7": 1.006891149332214, "i0": 4.268421160122241, "i1": 0.6974469172570462, "i2": -6.235469246472684, "i3": 1.043542595400613, "i4": 1.2200403889193892, "i5": -0.46521826671681255, "i6": 0.6960916017268937, "i7": 1.9362046761256155, "r0": 0.9646776627867171, "r1": 0.6505918662549129, "r2": -8.331534077132634, "r3": 1.444704410337594, "r4": 0.9844454432018626, "r5": 0.09874508757937384, "r6": 0.6990707210937339, "r7": 1.5537109461816518}, "datetime": {"datetime": "2020-01-19 04:02:30", "elapsed": 43789.318112, "delta": 42.011788}}
{"target": 20.6, "params": {"d0": 3.2215175082636343, "d1": -8.961701719917187, "d2": 0.9046313805967007, "g0": 0.7577180801756241, "g1": 0.5031540504153992, "g2": -5.233527600640163, "g3": 1.3876834869107242, "g4": 1.0720030054550231, "g5": -0.39520102654286177, "g6": 0.06654035789463457, "g7": 1.6705807532260921, "i0": 4.328555267045102, "i1": 0.7225887883277756, "i2": -5.709624372019777, "i3": 1.0728616000012448, "i4": 1.2127043089857337, "i5": -0.0005789828490077927, "i6": -0.17637511687038393, "i7": 1.8007318044508691, "r0": 1.8350315596839868, "r1": 0.6924088255800855, "r2": -1.7056328053747292, "r3": 1.2811987787917818, "r4": 0.8655503906184332, "r5": -0.3742111225249078, "r6": 0.13622018747708622, "r7": 1.5616465305409444}, "datetime": {"datetime": "2020-01-19 04:03:15", "elapsed": 43834.905653, "delta": 45.587541}}
{"target": 21.15, "params": {"d0": 3.846599127839145, "d1": -1.4207183703718134, "d2": 1.010740759119148, "g0": 0.7191426648823434, "g1": 0.35651663341880047, "g2": -5.3450666696527716, "g3": 1.2041800504042002, "g4": 1.255135821354348, "g5": 0.02793894834874789, "g6": 0.2110725561935314, "g7": 1.5404336438675048, "i0": 3.6676710907069006, "i1": 0.46273431484476285, "i2": -6.593256032494135, "i3": 1.005383391982072, "i4": 0.9776167041628893, "i5": -0.5325892793728799, "i6": 0.04088443720242257, "i7": 1.6278865533914038, "r0": 1.6434659495300785, "r1": 0.1521751992359594, "r2": -8.853197863277753, "r3": 1.2818824465534107, "r4": 1.0179789848963345, "r5": 0.38374980347058957, "r6": 0.16391746116642053, "r7": 1.5665800883367658}, "datetime": {"datetime": "2020-01-19 04:03:54", "elapsed": 43873.863741, "delta": 38.958088}}
{"target": 19.35, "params": {"d0": 3.8492436974225024, "d1": -1.4510424409859102, "d2": 1.0949409473299225, "g0": 0.6910859345317732, "g1": 0.7526090078297024, "g2": -6.482879462691383, "g3": 1.0790704490616858, "g4": 0.9935273361614205, "g5": -0.3365264790421101, "g6": 0.5326674439595243, "g7": 1.818280536996136, "i0": 3.492686807304394, "i1": 0.4924412502703547, "i2": -6.022719548956498, "i3": 1.1568233595072412, "i4": 1.1659120881095077, "i5": 0.002335702748591628, "i6": -0.10793877537789293, "i7": 1.5876782153943425, "r0": 1.3446447158000359, "r1": 0.1632854169691602, "r2": -7.749433020549089, "r3": 1.2765466171233402, "r4": 1.0574169918573517, "r5": -0.1764426777955348, "r6": -0.1843616389927667, "r7": 1.3584268480600485}, "datetime": {"datetime": "2020-01-19 04:04:41", "elapsed": 43920.067111, "delta": 46.20337}}
{"target": 21.05, "params": {"d0": 4.050607416823522, "d1": -1.5422401561413759, "d2": 0.9938239760362434, "g0": 0.6034926945024037, "g1": 0.2722670480352249, "g2": -4.86971499724747, "g3": 1.1195083362635243, "g4": 1.1584184236661632, "g5": 0.017699297998062573, "g6": 0.1732882595423431, "g7": 1.7436294406036512, "i0": 3.7943285792678867, "i1": 0.5747100435464361, "i2": -6.471870051068829, "i3": 1.0872703179773267, "i4": 1.2146820828551101, "i5": -0.2340313562620558, "i6": 0.19488942277695556, "i7": 1.6688897737381416, "r0": 2.200951950002903, "r1": 0.3497050347993554, "r2": -8.81209640826406, "r3": 1.021024292912409, "r4": 0.9024136040763393, "r5": 0.42391637125713594, "r6": 0.18032034399575092, "r7": 1.4422590674606857}, "datetime": {"datetime": "2020-01-19 04:05:20", "elapsed": 43959.032332, "delta": 38.965221}}
{"target": 9.25, "params": {"d0": 3.5303909643603792, "d1": -2.2840326277064484, "d2": 0.7856193383318926, "g0": 0.4253675510557692, "g1": 0.7711221419436354, "g2": -6.275317454823042, "g3": 1.4046211242532824, "g4": 0.8654513180000252, "g5": -0.3384326134516853, "g6": -0.4942138814139628, "g7": 0.9392206375117521, "i0": 3.8929674943096106, "i1": 0.22351495117542997, "i2": -6.580996908273091, "i3": 0.8054960228320542, "i4": 0.8168318461550452, "i5": 0.42272481071144097, "i6": 0.7912705123382859, "i7": 1.7250712668756312, "r0": 1.1635704633791306, "r1": 0.0753748418734631, "r2": -8.419984469305264, "r3": 1.468973608949502, "r4": 1.2194560549396982, "r5": 0.3807155712258863, "r6": 0.5938715107744583, "r7": 1.2739600340624184}, "datetime": {"datetime": "2020-01-19 04:05:58", "elapsed": 43997.795495, "delta": 38.763163}}
{"target": 20.75, "params": {"d0": 3.98623572632817, "d1": -1.6658120316196727, "d2": 0.7669957777881782, "g0": 0.8977330326899348, "g1": 0.4438959419049734, "g2": -3.382714128191933, "g3": 1.183704786705, "g4": 1.0663467051527127, "g5": 0.10680246346559928, "g6": 0.34814953804828386, "g7": 1.8560682951303076, "i0": 4.1248857846744915, "i1": 0.2919492402082777, "i2": -4.577399697178859, "i3": 1.421276587236719, "i4": 1.198190336132361, "i5": 0.03852042163771034, "i6": 0.5095084684027283, "i7": 1.3869080639046976, "r0": 4.692161650127753, "r1": 0.9681512776409972, "r2": -4.878513069288737, "r3": 1.4601661726653878, "r4": 1.266293148123269, "r5": -0.5713525954797327, "r6": -0.2888295155802643, "r7": 1.1142492120542082}, "datetime": {"datetime": "2020-01-19 04:06:39", "elapsed": 44038.687645, "delta": 40.89215}}
{"target": 19.45, "params": {"d0": 4.909396189766939, "d1": -9.71131734139323, "d2": 0.9960709348908545, "g0": 0.6579368736622306, "g1": 0.44555289487413274, "g2": -7.855973873619172, "g3": 0.7750019527092951, "g4": 1.258959774220346, "g5": -0.3148885134742125, "g6": 0.9231274180781662, "g7": 1.7275621395641045, "i0": 1.4833790876887825, "i1": 0.3866476426670154, "i2": -7.981153621200166, "i3": 1.3583289283684115, "i4": 1.0664391416783836, "i5": -0.4176693157571662, "i6": 0.8961663366696857, "i7": 1.7038819215685908, "r0": 2.222673721180606, "r1": 0.13314761083712065, "r2": -4.389850187147961, "r3": 1.3097696781145471, "r4": 0.8638631899783591, "r5": -0.2444539336963301, "r6": 0.4751962598289436, "r7": 1.3891683028806154}, "datetime": {"datetime": "2020-01-19 04:07:21", "elapsed": 44080.771798, "delta": 42.084153}}
{"target": 20.4, "params": {"d0": 3.704682742865647, "d1": -1.6564990674679516, "d2": 0.8813670952033525, "g0": 0.5222610941587025, "g1": 0.3460137276584072, "g2": -6.442637846887712, "g3": 1.0653078335839279, "g4": 1.0177356646756244, "g5": -0.07711222319296825, "g6": 0.20388123597817173, "g7": 1.3836919835343438, "i0": 3.95494841109803, "i1": 0.4495462076202251, "i2": -6.32140311515198, "i3": 0.9627371971302519, "i4": 0.9092268872637048, "i5": -0.3295289153514427, "i6": 0.11273225083287643, "i7": 1.5917378519587593, "r0": 1.4517658192153173, "r1": 0.2370569737689871, "r2": -8.685728213280255, "r3": 1.195702439474499, "r4": 1.0749941058932628, "r5": 0.21812199397046556, "r6": 0.25479778420106364, "r7": 1.5172976562184957}, "datetime": {"datetime": "2020-01-19 04:08:04", "elapsed": 44123.722222, "delta": 42.950424}}
{"target": 21.55, "params": {"d0": 3.7953197682624187, "d1": -1.5306477258358955, "d2": 0.7948444257032018, "g0": 0.620509548774275, "g1": 0.41096152559808624, "g2": -3.324808101317806, "g3": 1.13056083195546, "g4": 1.1096670057483664, "g5": 0.0704995323962233, "g6": 0.4082197061633561, "g7": 1.7649039255060472, "i0": 3.9531848510896426, "i1": 0.28499964548970713, "i2": -4.7575050711544815, "i3": 1.4684319116923918, "i4": 1.1745064371011094, "i5": 0.032280115266285096, "i6": 0.4415085632346263, "i7": 1.3008420633386009, "r0": 4.63027379523883, "r1": 1.0, "r2": -4.977515953165423, "r3": 1.441913557254146, "r4": 1.2254937623713618, "r5": -0.5580163350587795, "r6": -0.2585917938564753, "r7": 1.116406265061012}, "datetime": {"datetime": "2020-01-19 04:08:46", "elapsed": 44165.637962, "delta": 41.91574}}
