{"target": 11.4, "params": {"d0": 0.011709515398082848, "d1": -1.630975508436169, "d2": 1.1706387210170541, "g0": 4.271177197029127, "g1": 0.5800849318907284, "g2": -9.974823344267984, "g3": 1.1506134830011185, "g4": 1.2408829852462866, "g5": -0.7556128162873448, "g6": -0.13994003323172666, "g7": 0.9862738877307938, "i0": 1.4825007754850823, "i1": 0.8486382733879176, "i2": -7.45870569739754, "i3": 1.1486251956498958, "i4": 0.9860427041679576, "i5": 0.5612606987726183, "i6": 0.27482525978202954, "i7": 1.0715402635014386, "r0": 0.4845670893061832, "r1": 0.06042013520877132, "r2": -7.4608214768610015, "r3": 0.7797845003441269, "r4": 0.992680785598247, "r5": 0.25035081997927966, "r6": -0.20433441879272435, "r7": 1.7205357869122793}, "datetime": {"datetime": "2020-01-18 03:43:31", "elapsed": 24998.215067, "delta": 38.708988}}
{"target": 8.5, "params": {"d0": 2.7289483732795756, "d1": -0.2824543855978945, "d2": 1.2949436158879473, "g0": 3.146853666926594, "g1": 0.7991186505517277, "g2": -9.074011749628696, "g3": 0.8675565951101034, "g4": 0.8923887908229571, "g5": -0.2731022730043108, "g6": 0.19662038490202327, "g7": 1.019026387588152, "i0": 1.769408468746993, "i1": 0.22448966800296288, "i2": -2.0203911985009073, "i3": 0.7714732588320599, "i4": 1.0266990977930153, "i5": 0.253658499502077, "i6": 0.838112137558267, "i7": 1.4698587807087717, "r0": 2.9492925390634777, "r1": 0.8665089676429901, "r2": -4.241872860011741, "r3": 0.8308499997076965, "r4": 1.1289945382610531, "r5": 0.4217580647595305, "r6": 0.49978791308453774, "r7": 1.5843296592918603}, "datetime": {"datetime": "2020-01-18 03:48:49", "elapsed": 25315.788272, "delta": 41.839291}}
{"target": 17.4, "params": {"d0": 0.7611315859858903, "d1": -5.097758401534513, "d2": 1.0792246080659798, "g0": 1.2978904403553098, "g1": 0.5672876178032873, "g2": -8.535765351775673, "g3": 1.1310100403001608, "g4": 1.0891117566933808, "g5": 0.5390383525476588, "g6": 0.7231578693272005, "g7": 0.9738615678073894, "i0": 3.42034826814754, "i1": 0.35671806230950187, "i2": -8.936968121958502, "i3": 0.8006966837913345, "i4": 0.8124352881197092, "i5": -0.7286043835071562, "i6": 0.9359579068198374, "i7": 1.6023661794235018, "r0": 2.557811258177095, "r1": 0.9846924443462554, "r2": -3.380526050975689, "r3": 1.0581163493943486, "r4": 1.2591508064379964, "r5": 0.2189102124220761, "r6": 0.616893455872868, "r7": 1.3672957660960716}, "datetime": {"datetime": "2020-01-18 03:49:23", "elapsed": 25350.106228, "delta": 34.317956}}
{"target": 15.5, "params": {"d0": 3.0841492106443322, "d1": -2.8709547274871996, "d2": 1.1852087153243869, "g0": 2.2333291669645563, "g1": 0.022646051872224793, "g2": -5.531087030931374, "g3": 1.166543061229552, "g4": 0.9708392944797697, "g5": -0.06697803457735407, "g6": 0.07281462872094513, "g7": 1.9766571371191244, "i0": 0.9031154349201559, "i1": 0.515220173830092, "i2": -4.13426101657436, "i3": 1.4918429735058814, "i4": 1.2870733911643626, "i5": -0.20679539257860446, "i6": -0.4166729543604023, "i7": 1.539537963272434, "r0": 1.1987041803205456, "r1": 0.43530123428422174, "r2": -1.0815920380447466, "r3": 1.2251662661523786, "r4": 1.226717442248965, "r5": -0.5520432660372405, "r6": 0.8815783063171956, "r7": 1.1450294877264857}, "datetime": {"datetime": "2020-01-18 03:49:57", "elapsed": 25383.644463, "delta": 33.538235}}
{"target": 17.95, "params": {"d0": 2.9694798565400298, "d1": -9.878324232971488, "d2": 1.2104536484009878, "g0": 1.611104564252045, "g1": 0.4501931021899317, "g2": -6.18005732158088, "g3": 1.2511972125314827, "g4": 1.1584192857393583, "g5": 0.7735665720343903, "g6": -0.04852412657903954, "g7": 1.7152539124069128, "i0": 4.926629029770054, "i1": 0.6273114027737088, "i2": -5.074428635217285, "i3": 1.2399745659681418, "i4": 0.876361291991935, "i5": -0.5783647351845027, "i6": -0.1515284518908071, "i7": 1.8151159838114674, "r0": 3.1520323785585407, "r1": 0.10228547407788946, "r2": -5.604806039564246, "r3": 1.0433625549442307, "r4": 1.1734032248871964, "r5": -0.19464404115075185, "r6": -0.26743964492140404, "r7": 1.6340608005410093}, "datetime": {"datetime": "2020-01-18 03:50:31", "elapsed": 25417.729666, "delta": 34.085203}}
{"target": 7.25, "params": {"d0": 4.72916078065753, "d1": -0.8979504594746128, "d2": 0.862573307161684, "g0": 2.69021827700225, "g1": 0.6140643862578913, "g2": -5.242152560138723, "g3": 0.7355620434543395, "g4": 1.055221631132725, "g5": -0.05644174868850471, "g6": 0.825411541583974, "g7": 1.8837378278999344, "i0": 4.496543075204041, "i1": 0.12074504653856089, "i2": -8.155866292586895, "i3": 0.8967550651524072, "i4": 1.065595306827603, "i5": -0.09952849292531618, "i6": 0.8502679600401541, "i7": 1.7077034020522537, "r0": 3.8044942763481915, "r1": 0.8044295614422803, "r2": -3.598627259775209, "r3": 1.3493422967455189, "r4": 1.1114055114699766, "r5": 0.28905668166617193, "r6": 0.4199697685276724, "r7": 1.3425988164385894}, "datetime": {"datetime": "2020-01-18 03:50:58", "elapsed": 25444.779051, "delta": 27.049385}}
{"target": 11.1, "params": {"d0": 1.0091611154843934, "d1": -9.626695678472828, "d2": 0.8210540784386593, "g0": 2.989769033704351, "g1": 0.03725386193902103, "g2": -8.705078704417314, "g3": 1.4496539526475807, "g4": 1.2329417095664914, "g5": -0.17638568064402327, "g6": -0.494569021861144, "g7": 1.7526722659496143, "i0": 2.2507584707699664, "i1": 0.5421431673684909, "i2": -5.956843500422404, "i3": 1.045990086652744, "i4": 0.9350886800575224, "i5": 0.03590415740497532, "i6": -0.41407991811287825, "i7": 1.1673499804189933, "r0": 0.7822331664375398, "r1": 0.381587149951895, "r2": -0.8410796965649023, "r3": 0.7553984522547936, "r4": 1.0537098584560605, "r5": 0.5465453080448766, "r6": 0.7816025579492758, "r7": 1.4656548671057674}, "datetime": {"datetime": "2020-01-18 03:51:23", "elapsed": 25470.191099, "delta": 25.412048}}
{"target": 12.95, "params": {"d0": 0.356323043376619, "d1": -8.435223438171684, "d2": 0.7749344950835007, "g0": 3.3826187782723913, "g1": 0.640346741623282, "g2": -8.95088023150504, "g3": 1.4133396989993026, "g4": 1.0439948829100374, "g5": -0.08947691579409423, "g6": 0.4906849716456865, "g7": 1.9779806053237672, "i0": 1.5897326797978888, "i1": 0.8061896247081926, "i2": -7.53079277668152, "i3": 0.7986824448801524, "i4": 1.2900743913762782, "i5": 0.5370986721878876, "i6": -0.44280912936626976, "i7": 1.3968928320658403, "r0": 4.398153409798397, "r1": 0.31630675465216695, "r2": -0.8833366465753318, "r3": 1.397631238744347, "r4": 1.0144232218768514, "r5": -0.3578870690642788, "r6": 0.7860051782860376, "r7": 1.2925338741366785}, "datetime": {"datetime": "2020-01-18 03:52:07", "elapsed": 25514.059788, "delta": 43.868689}}
{"target": 13.85, "params": {"d0": 4.005225829889772, "d1": -6.585609022384652, "d2": 1.1631682378325925, "g0": 4.191507526893727, "g1": 0.9656349297965631, "g2": -2.6018076862190327, "g3": 0.8329345483261413, "g4": 1.1233696640508404, "g5": 0.2008905156184715, "g6": 0.8622825698246386, "g7": 1.7254092879555185, "i0": 0.7063041687125715, "i1": 0.6343221235041452, "i2": -8.854721840612033, "i3": 1.0620810261277123, "i4": 1.1011871560692095, "i5": -0.7277796023901569, "i6": 0.6799356069989764, "i7": 1.005114986716368, "r0": 2.643078125930169, "r1": 0.28182786920677116, "r2": -2.7852648037612138, "r3": 1.230908779659368, "r4": 0.8902429730431878, "r5": 0.12040637818280886, "r6": -0.10636419932103136, "r7": 1.0692540010831384}, "datetime": {"datetime": "2020-01-18 04:00:05", "elapsed": 25992.067172, "delta": 33.468816}}
{"target": 13.05, "params": {"d0": 4.663687604409118, "d1": -2.973037429716702, "d2": 0.7535881928987728, "g0": 4.133853724048505, "g1": 0.03959254089843389, "g2": -5.915813249769575, "g3": 1.432963034873782, "g4": 0.9111070409002248, "g5": 0.29488506158170713, "g6": 0.14822948966948313, "g7": 1.4118723249798217, "i0": 2.064889876836282, "i1": 0.926944874867748, "i2": -5.669969085303991, "i3": 0.7471273649559342, "i4": 1.2437766995787634, "i5": 0.4374067158155257, "i6": -0.09061965796813043, "i7": 1.8287448075963244, "r0": 2.9943460847062617, "r1": 0.03967340768809702, "r2": -3.6707771628369157, "r3": 0.790916442148644, "r4": 1.2383769541052325, "r5": 0.7812206344012629, "r6": 0.8802248962092438, "r7": 1.7517061407528858}, "datetime": {"datetime": "2020-01-18 04:00:37", "elapsed": 26024.235313, "delta": 32.168141}}
{"target": 18.6, "params": {"d0": 3.7968242955747855, "d1": -1.9354173272413195, "d2": 0.719934748910221, "g0": 1.6011880755168644, "g1": 0.9671063908899418, "g2": -6.748259942508338, "g3": 1.2491702324884404, "g4": 1.2174151377738178, "g5": 0.16482822033304512, "g6": 0.4357356252976874, "g7": 1.1331550664220331, "i0": 3.9700772631255705, "i1": 0.6944901235326045, "i2": -2.9574676422325332, "i3": 1.153981282449566, "i4": 1.0611076607775582, "i5": -0.2697365391639617, "i6": 0.7032015809356937, "i7": 1.0683397475477214, "r0": 1.9881976493279758, "r1": 0.12214084998393537, "r2": -5.664862825072098, "r3": 1.4487935140594101, "r4": 0.9886185097007675, "r5": 0.739091978919304, "r6": 0.05562180681173734, "r7": 1.9470905933908766}, "datetime": {"datetime": "2020-01-18 04:01:08", "elapsed": 26054.892024, "delta": 30.656711}}
{"target": 19.0, "params": {"d0": 4.012308662218608, "d1": -0.07862851433091578, "d2": 0.8959189640197303, "g0": 1.5741804986250245, "g1": 0.15108295987218123, "g2": -2.6119497271712913, "g3": 1.41758380991743, "g4": 1.1594962152356643, "g5": 0.16704190615191872, "g6": 0.5678846410722471, "g7": 1.2494735944225646, "i0": 4.79463174918653, "i1": 0.5345720520123363, "i2": -9.659141944232468, "i3": 1.2806507216952587, "i4": 1.2711201332966477, "i5": -0.7170457506604424, "i6": -0.1949319168508582, "i7": 0.9514192093644477, "r0": 4.533164929068992, "r1": 0.7834267928173965, "r2": -2.4551429501669295, "r3": 1.0858957288631186, "r4": 1.1239794495492905, "r5": 0.7009909530690968, "r6": 0.19209192453042867, "r7": 1.1140494519792752}, "datetime": {"datetime": "2020-01-18 04:01:41", "elapsed": 26088.10111, "delta": 33.209086}}
{"target": 16.8, "params": {"d0": 0.25330990615991533, "d1": -8.314374605414422, "d2": 0.9815657072130752, "g0": 0.8370869511628853, "g1": 0.9832810948480349, "g2": -4.030084271593582, "g3": 1.3622220693621556, "g4": 1.2153826517045263, "g5": 0.6340523575065358, "g6": -0.4318888703346282, "g7": 1.6248897456116522, "i0": 3.6059697364983627, "i1": 0.9578004358231441, "i2": -4.657703319188738, "i3": 1.2068156530347363, "i4": 1.2045976888190615, "i5": -0.6206637618969117, "i6": 0.07829620975905827, "i7": 1.6550528558372264, "r0": 0.6839315231041637, "r1": 0.898092932064254, "r2": -3.6159931695899363, "r3": 0.8901962496769986, "r4": 0.9902552092718337, "r5": 0.26838530688602935, "r6": -0.43123558811807156, "r7": 0.984994594065449}, "datetime": {"datetime": "2020-01-18 04:02:13", "elapsed": 26120.165869, "delta": 32.064759}}
{"target": 14.7, "params": {"d0": 0.04422269906892207, "d1": -3.3785800960310635, "d2": 1.4052473546753346, "g0": 2.9599583600904387, "g1": 0.15863931765309813, "g2": -0.3128189026301822, "g3": 1.300995213163431, "g4": 0.9192239612723889, "g5": 0.7177828072381895, "g6": 0.4692236512442851, "g7": 1.3923317315089567, "i0": 0.049414121863533, "i1": 0.5697875941928271, "i2": -5.4198382155732165, "i3": 0.9170874887066437, "i4": 1.1476460397070334, "i5": 0.6875862384175484, "i6": -0.21963119254891955, "i7": 1.2911220155893992, "r0": 0.9982073002449338, "r1": 0.21386528431290452, "r2": -6.745106778979552, "r3": 1.163729945109616, "r4": 1.2105589223884698, "r5": -0.7727992980040521, "r6": -0.17115744016783174, "r7": 1.4413253057337863}, "datetime": {"datetime": "2020-01-18 04:14:17", "elapsed": 26843.45925, "delta": 48.787679}}
{"target": 16.8, "params": {"d0": 1.6851496476040966, "d1": -3.5800126277042565, "d2": 0.8309820309673003, "g0": 4.070603126590247, "g1": 0.5112192364824608, "g2": -2.3422158890678855, "g3": 0.807811829503648, "g4": 0.9126329634749736, "g5": 0.7122315664342678, "g6": 0.7917092650797573, "g7": 1.0490592113392072, "i0": 2.5592331340217136, "i1": 0.026649681139062742, "i2": -0.07034677106225828, "i3": 1.4988977682177707, "i4": 1.009588423243588, "i5": -0.03917268019284825, "i6": 0.6396557076920333, "i7": 1.072675132837736, "r0": 0.6571132188579715, "r1": 0.3743631141715881, "r2": -7.024278768862576, "r3": 1.326140898263863, "r4": 0.8114698584535671, "r5": 0.3355026157826535, "r6": 0.933374423759348, "r7": 1.7692774488286704}, "datetime": {"datetime": "2020-01-18 04:14:59", "elapsed": 26885.997312, "delta": 42.538062}}
{"target": 12.6, "params": {"d0": 0.2089783727771427, "d1": -4.668735955054912, "d2": 0.9563526433397744, "g0": 2.4087841790856106, "g1": 0.3365033401289179, "g2": -5.484503361132608, "g3": 0.9320203364076686, "g4": 0.9083060120362341, "g5": -0.6379081587269617, "g6": 0.9591218749740422, "g7": 1.7310640957960086, "i0": 3.4441054106355735, "i1": 0.13229690429985475, "i2": -8.045814188609876, "i3": 1.4136453770078232, "i4": 1.0996450613836428, "i5": 0.43685813481911184, "i6": -0.33506228680079464, "i7": 1.972132575197525, "r0": 0.06205877005737326, "r1": 0.8238352532409768, "r2": -4.380258559271459, "r3": 1.1588184480693156, "r4": 0.939978402434819, "r5": 0.10338150565663062, "r6": 0.522459077099791, "r7": 1.3675451654727366}, "datetime": {"datetime": "2020-01-18 04:15:49", "elapsed": 26935.472289, "delta": 49.474977}}
{"target": 19.15, "params": {"d0": 4.631451632527242, "d1": -2.207439472245759, "d2": 1.4487280673440144, "g0": 2.2550075615577554, "g1": 0.939165631028912, "g2": -7.676739417022964, "g3": 1.4283511514571834, "g4": 1.1926063716244808, "g5": 0.1388533882862324, "g6": 0.031195318164858987, "g7": 1.8922549432114073, "i0": 0.7115885348698409, "i1": 0.569839208871581, "i2": -9.475403524554636, "i3": 0.7443637213987656, "i4": 1.1799304839933722, "i5": 0.40927938465007396, "i6": 0.8242983516172109, "i7": 1.0800964286455337, "r0": 2.1833358396557525, "r1": 0.4614421212603893, "r2": -4.845467917123162, "r3": 1.4691778808429596, "r4": 0.8532534512633158, "r5": -0.4601334739914693, "r6": 0.09434751094152438, "r7": 0.9454443254964247}, "datetime": {"datetime": "2020-01-18 04:16:19", "elapsed": 26965.861256, "delta": 30.388967}}
{"target": 14.15, "params": {"d0": 3.435505102775932, "d1": -0.5412377860895301, "d2": 1.4358409375503525, "g0": 2.606798943497926, "g1": 0.7744481716233956, "g2": -7.418582658936444, "g3": 1.3881167372550287, "g4": 1.091224010042907, "g5": 0.010358301716474116, "g6": -0.2618309539481904, "g7": 1.0081334433606464, "i0": 3.5316374634058247, "i1": 0.7231440765210122, "i2": -7.821196844454129, "i3": 0.9982270720833396, "i4": 1.0232564399492539, "i5": -0.1291382771959183, "i6": 0.7544474995386479, "i7": 1.926255622836854, "r0": 0.10553553735684895, "r1": 0.8342566513120926, "r2": -2.0867584697543116, "r3": 0.8567605564213202, "r4": 1.0987662563745786, "r5": -0.40085211140581195, "r6": 0.3487563403647007, "r7": 1.5121388694082345}, "datetime": {"datetime": "2020-01-18 04:18:38", "elapsed": 27104.289912, "delta": 32.291023}}
{"target": 17.85, "params": {"d0": 2.4273495402769116, "d1": -1.9906180851930415, "d2": 0.801239418288703, "g0": 4.228763195550717, "g1": 0.6920698870514352, "g2": -8.183931275952167, "g3": 1.4202058492190577, "g4": 1.205377540655439, "g5": 0.25540435282570084, "g6": 0.8997476699986353, "g7": 1.7255685787600799, "i0": 1.2517031905098785, "i1": 0.46742383685905853, "i2": -0.9562268275858283, "i3": 1.3786868132764205, "i4": 1.0773352726228946, "i5": -0.7584195652114215, "i6": -0.44211493976916433, "i7": 0.9795570900215786, "r0": 1.151106078602489, "r1": 0.11713176411165904, "r2": -8.108859407351618, "r3": 1.4080401936892173, "r4": 0.9766299875773681, "r5": -0.4123194932183076, "r6": 0.24259418696768098, "r7": 1.9178293941138116}, "datetime": {"datetime": "2020-01-18 04:19:09", "elapsed": 27135.833703, "delta": 31.543791}}
{"target": 20.1, "params": {"d0": 4.874101125547808, "d1": -3.624641566874848, "d2": 0.9759549632976621, "g0": 0.3909994985796933, "g1": 0.935746506966054, "g2": -8.598239363593631, "g3": 0.967009824911462, "g4": 1.2845732238713843, "g5": 0.0789080660717334, "g6": 0.04850532418955833, "g7": 1.771628471252235, "i0": 3.504937499195532, "i1": 0.45933063457592815, "i2": -2.8002083664529884, "i3": 0.9213681800837298, "i4": 1.1324511133284076, "i5": 0.021778066693240006, "i6": -0.1595217285043833, "i7": 1.7472282565196382, "r0": 0.010828075269568305, "r1": 0.33154399645344923, "r2": -5.641039552920953, "r3": 1.2155046539364571, "r4": 1.0437947421225386, "r5": -0.4190712130191454, "r6": 0.2563535937482203, "r7": 1.1841394058351304}, "datetime": {"datetime": "2020-01-18 04:19:40", "elapsed": 27167.191182, "delta": 31.357479}}
{"target": 12.75, "params": {"d0": 2.8684183742663376, "d1": -3.0084425483770474, "d2": 0.8587847701517992, "g0": 2.0254406602429094, "g1": 0.02684336844850921, "g2": -5.278611893437813, "g3": 1.4389729181138584, "g4": 0.8944346531644327, "g5": -0.4750796104791018, "g6": 0.9504987567321554, "g7": 1.5744003841198215, "i0": 3.0100326715399133, "i1": 0.8965716760982063, "i2": -9.735268084940184, "i3": 1.035915867717732, "i4": 1.0791432343345442, "i5": -0.03246918854265368, "i6": 0.10143388115366003, "i7": 1.4634915221484397, "r0": 3.7106331898392546, "r1": 0.2550958232888312, "r2": -1.9256839111989734, "r3": 0.9566697029964424, "r4": 1.1264661472993445, "r5": 0.36900922509022616, "r6": 0.8427194729824059, "r7": 1.8384629098820948}, "datetime": {"datetime": "2020-01-18 04:20:10", "elapsed": 27196.344912, "delta": 29.15373}}
{"target": 17.55, "params": {"d0": 2.1302835956643653, "d1": -4.653404863090173, "d2": 1.4471862241196964, "g0": 0.2412981868926195, "g1": 0.38657671660517, "g2": -1.9304926144948418, "g3": 1.435415380766864, "g4": 1.0569319319205723, "g5": -0.30249333985567817, "g6": 0.8177660673047293, "g7": 1.646752648339497, "i0": 1.142585258114623, "i1": 0.6083847717636522, "i2": -8.628041570733266, "i3": 1.3851734591993725, "i4": 0.8615444830975802, "i5": -0.16624904031809018, "i6": 0.09507958387998139, "i7": 1.764746686764851, "r0": 0.615365123518038, "r1": 0.17539149468509896, "r2": -1.9612394790121055, "r3": 1.3019804494166578, "r4": 1.0558451487700644, "r5": -0.515756183367464, "r6": 0.22483904410930733, "r7": 1.8291634825549534}, "datetime": {"datetime": "2020-01-18 04:20:41", "elapsed": 27227.810277, "delta": 31.465365}}
{"target": 9.05, "params": {"d0": 2.7525508579480666, "d1": -7.027004975572819, "d2": 1.2671244347774402, "g0": 4.05709585453179, "g1": 0.3779227841169741, "g2": -2.5169379033957737, "g3": 1.0118807062321946, "g4": 1.2718079759506904, "g5": -0.42981623707303795, "g6": -0.39687371052722914, "g7": 1.1455800679959354, "i0": 1.8358106028272396, "i1": 0.06779201308999516, "i2": -6.613966789884497, "i3": 0.8671323620652185, "i4": 0.8819434905323033, "i5": 0.11505776628339892, "i6": -0.01887893152250142, "i7": 1.3218726793985376, "r0": 0.679490293530986, "r1": 0.6802447234131842, "r2": -0.9533932462661827, "r3": 1.4136437477566568, "r4": 1.2918199778026498, "r5": -0.5738041504065685, "r6": -0.21779726810499805, "r7": 1.5340509192334733}, "datetime": {"datetime": "2020-01-18 04:21:01", "elapsed": 27247.833316, "delta": 20.023039}}
{"target": 13.05, "params": {"d0": 2.485741127668408, "d1": -9.370224081632701, "d2": 1.334098379310127, "g0": 3.0728999706265365, "g1": 0.156791436852032, "g2": -6.214413414101654, "g3": 1.1079803070079075, "g4": 1.071944083926574, "g5": -0.6549257648984634, "g6": 0.8995482745471948, "g7": 1.3969769054983734, "i0": 0.5652187986278601, "i1": 0.3240382365981649, "i2": -4.729329511734464, "i3": 0.8200661132459951, "i4": 1.0573132605757383, "i5": 0.6809133294251015, "i6": -0.024414430243553165, "i7": 1.1016287642924245, "r0": 3.103508410513248, "r1": 0.9163529313109198, "r2": -5.781009348153587, "r3": 1.3147103727959748, "r4": 1.0918312046473937, "r5": 0.02741755624576281, "r6": 0.16119919899484958, "r7": 1.432208920876431}, "datetime": {"datetime": "2020-01-18 04:21:41", "elapsed": 27287.835467, "delta": 40.002151}}
{"target": 17.4, "params": {"d0": 0.5978586987282009, "d1": -4.603754332849844, "d2": 1.198372202295839, "g0": 1.4005316860807833, "g1": 0.4915007783540227, "g2": -2.5523311140561535, "g3": 1.3328349866713631, "g4": 1.1687792123164669, "g5": 0.5745557688289427, "g6": -0.18099896046847547, "g7": 1.7756104869818485, "i0": 1.2465526295617284, "i1": 0.5432569537993617, "i2": -1.6396989374404782, "i3": 0.8647993957138479, "i4": 1.1293409129899559, "i5": 0.5050899833864726, "i6": 0.5866167284792709, "i7": 0.9948544653886346, "r0": 0.4621555657741605, "r1": 0.3449329764973198, "r2": -2.210635847655241, "r3": 1.0223559149566916, "r4": 0.834181042709335, "r5": 0.4659244216152649, "r6": 0.1886461774695094, "r7": 1.8949414798057522}, "datetime": {"datetime": "2020-01-18 04:22:15", "elapsed": 27321.999595, "delta": 34.164128}}
{"target": 12.65, "params": {"d0": 3.732846395366683, "d1": -1.977291901439722, "d2": 1.1343544705970037, "g0": 3.8570228127388213, "g1": 0.9301521864216966, "g2": -2.1151305846143487, "g3": 1.1395134711248662, "g4": 0.8814287172500719, "g5": 0.07928326437474831, "g6": 0.8357121110735775, "g7": 1.2909516651417998, "i0": 0.7684360942227292, "i1": 0.07125125733392712, "i2": -9.341003778808064, "i3": 1.0744310445016334, "i4": 0.9141817680071556, "i5": -0.6228235683880836, "i6": -0.06914605806152502, "i7": 1.3492384621845361, "r0": 3.5181398281448057, "r1": 0.2596440455185415, "r2": -0.8362461144336244, "r3": 1.4669505633191253, "r4": 1.2527164116596863, "r5": -0.39259530612336846, "r6": 0.9914810004251964, "r7": 1.9868840211918029}, "datetime": {"datetime": "2020-01-18 04:22:53", "elapsed": 27360.158627, "delta": 38.159032}}
