{"target": 4.6, "params": {"d0": 0.08695025378805621, "d1": -2.6095507070014614, "d2": 1.0571064611244314, "g0": 3.388894810117456, "g1": 0.11948325740198873, "g2": -2.658927425294716, "g3": 1.494986538394281, "g4": 0.9214834272777133, "g5": 0.12393458069729257, "g6": 0.9017813915874804, "g7": 1.0520034408834953, "i0": 4.309316578428322, "i1": 0.08967123388887555, "i2": -0.40009968679691355, "i3": 1.446469877123746, "i4": 0.8238673684638416, "i5": 0.08329949305140993, "i6": 0.986483489943949, "i7": 1.6382360278453665, "r0": 3.858174479769971, "r1": 0.37123731323905806, "r2": -1.478715896607751, "r3": 0.8641099213451405, "r4": 0.9758977503134383, "r5": 0.7646341366372715, "r6": 0.5393110081420283, "r7": 1.8299707045353562}, "datetime": {"datetime": "2020-01-18 09:57:32", "elapsed": 47438.626672, "delta": 38.658532}}
{"target": 10.1, "params": {"d0": 1.2274452792056652, "d1": -5.8779780440744425, "d2": 0.9323716098501936, "g0": 3.9558411844946177, "g1": 0.5162771071825474, "g2": -2.79195172006939, "g3": 0.8914784057362303, "g4": 0.8669671333073946, "g5": 0.6513551044578911, "g6": -0.22324327614131917, "g7": 1.0617140318078686, "i0": 3.1637454512501635, "i1": 0.7257006855662699, "i2": -1.2234513393133088, "i3": 1.062507843566292, "i4": 1.1502942928646176, "i5": 0.7236542087391171, "i6": 0.6720989005778946, "i7": 1.6793157250751225, "r0": 1.2611775787278994, "r1": 0.11072058968139387, "r2": -2.1916064410741427, "r3": 1.3489756273690898, "r4": 0.8385313383147027, "r5": 0.2082213962258419, "r6": -0.31248087017401704, "r7": 1.074826821483297}, "datetime": {"datetime": "2020-01-18 09:58:02", "elapsed": 47468.438229, "delta": 29.811557}}
{"target": 13.45, "params": {"d0": 3.9239883617346205, "d1": -0.2660299485882138, "d2": 1.4464226330660663, "g0": 3.6810779956294706, "g1": 0.9781232348205419, "g2": -7.538945658165214, "g3": 0.8755922794183743, "g4": 1.2561213943275558, "g5": 0.07917787187955283, "g6": -0.2651759631872495, "g7": 1.1298706984983995, "i0": 1.836921031742576, "i1": 0.4911169714646384, "i2": -5.854305013198894, "i3": 0.8351409220472208, "i4": 1.2227746376619815, "i5": 0.6217014847933942, "i6": -0.3883722563506594, "i7": 1.3283812048621955, "r0": 1.4888745829324912, "r1": 0.13947219856550164, "r2": -8.519483726703168, "r3": 1.3422455372950615, "r4": 0.918160044859911, "r5": 0.06113000126485646, "r6": 0.4357600308803218, "r7": 1.7264036874594342}, "datetime": {"datetime": "2020-01-18 09:58:37", "elapsed": 47503.518407, "delta": 35.080178}}
{"target": 14.0, "params": {"d0": 0.07868907842665529, "d1": -4.271819957608396, "d2": 1.43229996867049, "g0": 0.6883053479375351, "g1": 0.43265638462198086, "g2": -0.9411077958697209, "g3": 0.9677654289985926, "g4": 1.2439751909559489, "g5": -0.3682243643338094, "g6": 0.5418645882752178, "g7": 1.9573816243464943, "i0": 4.209293617655397, "i1": 0.675249887387608, "i2": -2.301656231733837, "i3": 1.3385872236564853, "i4": 1.0478155075838456, "i5": -0.6293184043070386, "i6": -0.23321658791100935, "i7": 0.9072774739467668, "r0": 0.6381380722392993, "r1": 0.9465306833709537, "r2": -0.9116277032113977, "r3": 1.38500533466338, "r4": 0.850990287990476, "r5": -0.7044240773809044, "r6": 0.7133003183477973, "r7": 0.9190856541217276}, "datetime": {"datetime": "2020-01-18 09:59:04", "elapsed": 47531.019823, "delta": 27.501416}}
{"target": 18.35, "params": {"d0": 0.9481279064326326, "d1": -2.1271352632472764, "d2": 0.7675710244130468, "g0": 1.0931874126414343, "g1": 0.3771192663561612, "g2": -9.165581072201446, "g3": 1.1156841664343395, "g4": 0.9598528093578688, "g5": -0.17753799854711205, "g6": 0.8063638330625493, "g7": 1.8677792034703737, "i0": 3.4119263483675444, "i1": 0.39768726719243075, "i2": -0.5934063336507993, "i3": 1.373465458884673, "i4": 0.9929926883623015, "i5": -0.6503386461347335, "i6": 0.792568391091854, "i7": 0.9755619939622996, "r0": 1.4389405513447433, "r1": 0.10425113643189565, "r2": -9.274806354249147, "r3": 1.1458740146630984, "r4": 1.2019620631477455, "r5": 0.6531563482688838, "r6": 0.03735712429313953, "r7": 1.7776602980174028}, "datetime": {"datetime": "2020-01-18 09:59:38", "elapsed": 47565.277341, "delta": 34.257518}}
{"target": 18.0, "params": {"d0": 2.730793213540557, "d1": -6.6885245588786, "d2": 1.406211324279762, "g0": 0.7154060119887529, "g1": 0.471093628820618, "g2": -9.526536366603521, "g3": 0.8688884044660234, "g4": 0.8315330838250612, "g5": -0.23479555833522936, "g6": 0.022031318760735497, "g7": 1.7732368741921376, "i0": 1.6379166173711863, "i1": 0.31814604997971263, "i2": -2.287135825475696, "i3": 0.9524739994893108, "i4": 1.0228270007815947, "i5": 0.11312060774630406, "i6": 0.3432656005003689, "i7": 1.4469567706687676, "r0": 1.9173212302763343, "r1": 0.382948961958649, "r2": -4.323982307562073, "r3": 0.816651310137694, "r4": 1.0433744818263353, "r5": 0.25475892254143284, "r6": 0.8160295793781822, "r7": 1.81751489329245}, "datetime": {"datetime": "2020-01-18 10:00:09", "elapsed": 47595.656319, "delta": 30.378978}}
{"target": 16.05, "params": {"d0": 1.8172083104076124, "d1": -5.185499192714324, "d2": 0.7216107006330897, "g0": 1.2884003340127896, "g1": 0.09488999317989077, "g2": -8.089360094913783, "g3": 0.9908945352556978, "g4": 1.0099431658459852, "g5": 0.2138849305988535, "g6": -0.026695096135190277, "g7": 1.4925224955678038, "i0": 2.3919101403762912, "i1": 0.665121827694637, "i2": -1.6030458352788592, "i3": 1.1249227432005717, "i4": 1.2105419856616542, "i5": -0.5500781402223271, "i6": 0.03271091747355159, "i7": 1.9971687542902044, "r0": 1.5887897511594145, "r1": 0.2716750210542854, "r2": -3.055757211643728, "r3": 0.7392176162051832, "r4": 0.930552994371367, "r5": -0.635043827377942, "r6": -0.439677295581978, "r7": 1.0657740935872844}, "datetime": {"datetime": "2020-01-18 10:00:41", "elapsed": 47627.457847, "delta": 31.801528}}
{"target": 10.0, "params": {"d0": 0.03012135340405231, "d1": -5.054316468336014, "d2": 1.4357156222424765, "g0": 2.861096968309882, "g1": 0.820657930201732, "g2": -8.929155053949755, "g3": 0.7037305708737843, "g4": 1.1759420340034699, "g5": -0.5966694558752178, "g6": 0.7176850516807423, "g7": 1.5282591195164068, "i0": 0.5108547905883726, "i1": 0.7590362726193626, "i2": -9.496975854907797, "i3": 1.2174475252942734, "i4": 0.9141739959167118, "i5": -0.29195343178598354, "i6": 0.5480026093338701, "i7": 1.8327308873402541, "r0": 0.14972281605265092, "r1": 0.9712465372667688, "r2": -0.6146668014958614, "r3": 0.8447484605427542, "r4": 0.8924384104928829, "r5": -0.3867126607481664, "r6": 0.43659562511404393, "r7": 1.9196173701895156}, "datetime": {"datetime": "2020-01-18 10:01:11", "elapsed": 47658.179472, "delta": 30.721625}}
{"target": 13.1, "params": {"d0": 4.529631555048958, "d1": -7.500842157188745, "d2": 1.4602168836347067, "g0": 4.283333306228904, "g1": 0.6259875585455411, "g2": -0.3048564471758315, "g3": 0.8625509825501467, "g4": 0.959549402698421, "g5": 0.2730015395416878, "g6": 0.04185002920919467, "g7": 1.3158279589629378, "i0": 2.071207748830186, "i1": 0.41620374770542745, "i2": -2.6775149938093623, "i3": 0.7058379139530163, "i4": 0.8185973702240688, "i5": 0.08805997643253805, "i6": 0.5098673534256275, "i7": 1.5449797876228093, "r0": 0.8929716365061907, "r1": 0.41986359872601875, "r2": -1.9332922340279435, "r3": 0.7732196052911016, "r4": 0.8391551709510587, "r5": 0.017272305462952886, "r6": -0.07721921995018183, "r7": 1.9748916040832327}, "datetime": {"datetime": "2020-01-18 10:01:37", "elapsed": 47684.254345, "delta": 26.074873}}
{"target": 19.75, "params": {"d0": 4.808501415831082, "d1": -2.74397410757037, "d2": 1.1343907414121526, "g0": 0.767910370713657, "g1": 0.1843734588871837, "g2": -8.515536666937901, "g3": 1.4559591102713707, "g4": 1.1469430712345907, "g5": -0.14043670673093023, "g6": 0.4739011640725772, "g7": 1.4136013372703404, "i0": 4.828734135615267, "i1": 0.610522173002822, "i2": -4.931178450282031, "i3": 1.166011227233136, "i4": 1.1004404355089978, "i5": -0.24177772369025874, "i6": -0.034236445424497, "i7": 0.9096147111066027, "r0": 4.044010922029622, "r1": 0.884186557729837, "r2": -4.787006951928266, "r3": 1.16624599179499, "r4": 1.025323349781636, "r5": 0.12888422916362552, "r6": 0.589777074378055, "r7": 1.6975970196132253}, "datetime": {"datetime": "2020-01-18 10:02:08", "elapsed": 47715.116829, "delta": 30.862484}}
{"target": 10.6, "params": {"d0": 2.884572650543737, "d1": -1.1146781401237806, "d2": 1.4563561278016424, "g0": 4.159353853387262, "g1": 0.922849523657776, "g2": -6.235051304127181, "g3": 1.0095068195766503, "g4": 0.9398551866643365, "g5": 0.2903271962317058, "g6": 0.8363905977875674, "g7": 1.5770583938736653, "i0": 3.1937189892979023, "i1": 0.3814164539544591, "i2": -2.435356130377767, "i3": 1.465617928799249, "i4": 1.1452133311934487, "i5": -0.4586879192166192, "i6": 0.3031659577029757, "i7": 1.9033266580172596, "r0": 3.62279806020579, "r1": 0.8408457331660081, "r2": -1.4103028639484698, "r3": 0.9950018734042645, "r4": 0.8667081185944674, "r5": 0.23708086969628295, "r6": 0.6570605274967609, "r7": 1.1691462402229655}, "datetime": {"datetime": "2020-01-18 10:02:42", "elapsed": 47749.18604, "delta": 34.069211}}
{"target": 7.4, "params": {"d0": 3.8395335052073625, "d1": -7.731771720942567, "d2": 1.3411883652110985, "g0": 1.7865116982646612, "g1": 0.5290129908363871, "g2": -5.995644878789381, "g3": 0.7573808852066758, "g4": 1.0893014417470006, "g5": 0.2557410924150143, "g6": 0.9202616741475995, "g7": 0.9471522572449693, "i0": 4.059330337627791, "i1": 0.8186728209126973, "i2": -2.416806058675906, "i3": 1.2183746241822333, "i4": 1.1901460455551185, "i5": -0.038345929622010666, "i6": -0.4412771303975407, "i7": 1.2363189701734147, "r0": 4.12267105273105, "r1": 0.8833100291129606, "r2": -8.610506108699218, "r3": 0.8807333029228303, "r4": 0.9968801798362724, "r5": -0.33159476264361776, "r6": 0.33314323963607284, "r7": 1.0856775016599398}, "datetime": {"datetime": "2020-01-18 10:03:05", "elapsed": 47771.362394, "delta": 22.176354}}
{"target": 15.6, "params": {"d0": 3.9633801402439577, "d1": -1.0401434535406153, "d2": 1.0143608404046862, "g0": 0.2212851678756078, "g1": 0.17069718907762244, "g2": -4.917555279839164, "g3": 0.9341497823321736, "g4": 1.1058197272302, "g5": 0.7163562400601178, "g6": -0.1659074905723279, "g7": 1.1774420937083194, "i0": 1.4694930371176296, "i1": 0.48440642495988273, "i2": -7.872922359714536, "i3": 1.1675780961774356, "i4": 1.0185843998935162, "i5": -0.0935516766247041, "i6": 0.4736928858542986, "i7": 1.810316274341533, "r0": 4.603352012629057, "r1": 0.5231039753423752, "r2": -0.9463424347720366, "r3": 1.1697342081400541, "r4": 1.2741905274660046, "r5": -0.7000016185701361, "r6": 0.6377826061824909, "r7": 1.3830760077026438}, "datetime": {"datetime": "2020-01-18 10:03:41", "elapsed": 47807.360624, "delta": 35.99823}}
{"target": 13.6, "params": {"d0": 4.528951518878298, "d1": -7.045557421381518, "d2": 1.0873295065709006, "g0": 4.5646037955691074, "g1": 0.5356188078232039, "g2": -7.404620215691322, "g3": 1.08068751937937, "g4": 1.1479250282127473, "g5": -0.1246452039231647, "g6": -0.1341526537298895, "g7": 1.3872885490078963, "i0": 0.44674893089690526, "i1": 0.8154614011484238, "i2": -1.045869770999694, "i3": 1.3258686012173029, "i4": 0.8990996660814633, "i5": 0.5431892834266676, "i6": -0.48846142785710456, "i7": 1.237570564326445, "r0": 2.4942606360669917, "r1": 0.5473373449676455, "r2": -8.342084982731725, "r3": 0.91168495525793, "r4": 0.816384394298546, "r5": -0.4643447353659566, "r6": 0.8457100905897885, "r7": 0.9913567920344618}, "datetime": {"datetime": "2020-01-18 10:04:14", "elapsed": 47840.466845, "delta": 33.106221}}
{"target": 11.9, "params": {"d0": 4.870687761254321, "d1": -3.288829521293504, "d2": 1.1782400763637326, "g0": 0.6221996908786026, "g1": 0.29646686124587396, "g2": -8.357197866493319, "g3": 0.9471961943852811, "g4": 0.8944359759155768, "g5": -0.10754075117211159, "g6": -0.3898732766243048, "g7": 1.5229009826471978, "i0": 0.29439834811233245, "i1": 0.6513420064042562, "i2": -7.953895310601313, "i3": 0.8028082799490184, "i4": 0.906730882390161, "i5": 0.146326393529862, "i6": 0.4513032213357676, "i7": 1.918318963231092, "r0": 0.5487494942118226, "r1": 0.3499866251270405, "r2": -2.7564002665950778, "r3": 1.1312494514416438, "r4": 0.9851771006595668, "r5": 0.49001489971105894, "r6": 0.6934108780193269, "r7": 1.581520653596674}, "datetime": {"datetime": "2020-01-18 10:04:43", "elapsed": 47869.68799, "delta": 29.221145}}
{"target": 4.75, "params": {"d0": 0.08760602189871791, "d1": -2.6805442141668507, "d2": 0.7748301438563014, "g0": 4.411826292409864, "g1": 0.23811312680241237, "g2": -4.628895059377529, "g3": 1.3628003814979004, "g4": 0.8786621779695656, "g5": 0.10444015011565566, "g6": -0.32473985500664776, "g7": 1.2030445523523063, "i0": 2.184534787001878, "i1": 0.020221189916825533, "i2": -6.861796450703075, "i3": 1.4142896110241192, "i4": 0.8986178453540303, "i5": -0.008133902174451757, "i6": -0.01967331315727494, "i7": 0.9713419056464195, "r0": 2.8791107945474996, "r1": 0.38316242834886827, "r2": -1.5439181775655477, "r3": 1.145860029824774, "r4": 0.876050893664382, "r5": 0.5549624759812595, "r6": 0.6476825727885238, "r7": 1.1535447901338893}, "datetime": {"datetime": "2020-01-18 10:05:24", "elapsed": 47910.440874, "delta": 40.752884}}
{"target": 17.1, "params": {"d0": 3.4463612620916133, "d1": -2.8349394091744218, "d2": 0.7236961475002136, "g0": 2.524336613381784, "g1": 0.22610446226607772, "g2": -1.6592854589076715, "g3": 1.2087303055634246, "g4": 1.2297372426672124, "g5": 0.49697898008606667, "g6": -0.2935605388373199, "g7": 1.3110883677961793, "i0": 3.7711215869556853, "i1": 0.7044984009773644, "i2": -2.6015331204502976, "i3": 1.1699079703634654, "i4": 0.9028704433195875, "i5": 0.1105970875290252, "i6": -0.34611076578510735, "i7": 1.2021224865675102, "r0": 0.06199151879964726, "r1": 0.9472312816702403, "r2": -9.622107662754239, "r3": 1.2687731600037302, "r4": 0.8962875643478769, "r5": 0.09798464165190612, "r6": 0.20343516231106507, "r7": 1.6449608852103097}, "datetime": {"datetime": "2020-01-18 10:05:55", "elapsed": 47941.88676, "delta": 31.445886}}
{"target": 15.15, "params": {"d0": 3.534627533129209, "d1": -5.009932047785437, "d2": 1.0964802349878715, "g0": 0.006509899198072211, "g1": 0.3550733866170698, "g2": -7.553411734869392, "g3": 0.9379483114793671, "g4": 1.1165808280168759, "g5": 0.69341679865054, "g6": -0.2049587300037869, "g7": 1.9284250224029469, "i0": 2.566117180537875, "i1": 0.6532016486696064, "i2": -2.407610994957796, "i3": 1.3769406910653368, "i4": 1.1123890499560056, "i5": -0.28408201313110826, "i6": 0.24078643616519435, "i7": 1.4027981859643464, "r0": 2.2521728659895905, "r1": 0.26304101269734104, "r2": -0.9834568435687014, "r3": 1.1120559900394738, "r4": 1.1344541034328541, "r5": 0.11945740880639344, "r6": -0.34768738503802826, "r7": 1.1037518649907785}, "datetime": {"datetime": "2020-01-18 10:06:31", "elapsed": 47977.478415, "delta": 35.591655}}
{"target": 2.35, "params": {"d0": 2.92457061767154, "d1": -0.8638359516814358, "d2": 0.9421971014173831, "g0": 4.066118686379102, "g1": 0.4558930880354991, "g2": -6.074677702753633, "g3": 1.2549100914619387, "g4": 1.0050934232670532, "g5": -0.18601050708178268, "g6": 0.07887691433863664, "g7": 0.9195253803376107, "i0": 3.763974937684107, "i1": 0.16366819150310785, "i2": -0.15845151102186783, "i3": 1.1687407137739472, "i4": 1.0081887157524492, "i5": -0.281120274189145, "i6": -0.20310015631106498, "i7": 1.0124764091135907, "r0": 3.110528409152067, "r1": 0.6237563885920003, "r2": -3.6130314398888306, "r3": 1.1230338468162402, "r4": 0.9806712358743749, "r5": 0.05325153975674579, "r6": 0.4936273151214421, "r7": 1.1515993888631766}, "datetime": {"datetime": "2020-01-18 10:07:11", "elapsed": 48018.010025, "delta": 40.53161}}
{"target": 13.55, "params": {"d0": 2.062891440131027, "d1": -2.4425784202062095, "d2": 1.1867615723828688, "g0": 1.9792941007751637, "g1": 0.17427885502740514, "g2": -4.7955812652956356, "g3": 1.3882577260320015, "g4": 0.8093965903929603, "g5": 0.25195882085087495, "g6": 0.8983060514156436, "g7": 1.7635363578823628, "i0": 4.421062136989225, "i1": 0.961510365493129, "i2": -2.694775933335867, "i3": 0.9735559526625903, "i4": 0.9128642697454494, "i5": -0.6188096877880555, "i6": 0.4241120845455695, "i7": 1.4871636081356128, "r0": 1.1144995997881462, "r1": 0.43147304368128636, "r2": -2.450134898658309, "r3": 0.7394956531928895, "r4": 1.03054039719845, "r5": -0.5654344248420321, "r6": 0.7806427073939521, "r7": 1.32350843653508}, "datetime": {"datetime": "2020-01-18 10:07:43", "elapsed": 48049.558799, "delta": 31.548774}}
{"target": 17.2, "params": {"d0": 1.9213933112205033, "d1": -8.553725086388361, "d2": 1.190616335427568, "g0": 1.700700378274076, "g1": 0.708396515818942, "g2": -2.505916648540765, "g3": 1.1295387152588874, "g4": 1.1206324000903383, "g5": -0.156852528333021, "g6": 0.21153239375730615, "g7": 1.3960112855782243, "i0": 0.04575764496337564, "i1": 0.6321542274037489, "i2": -6.274712540708399, "i3": 0.70247415999624, "i4": 0.9288882177688588, "i5": -0.7464590820378876, "i6": -0.25153394008216096, "i7": 1.4799211724316246, "r0": 3.5652272287262288, "r1": 0.5046835661239333, "r2": -3.6191599455957215, "r3": 1.2103923075948193, "r4": 0.9423857424630693, "r5": -0.48810256990311096, "r6": -0.38144270898484944, "r7": 1.9854968177133654}, "datetime": {"datetime": "2020-01-18 10:08:14", "elapsed": 48080.672536, "delta": 31.113737}}
{"target": 18.3, "params": {"d0": 1.4154187977608328, "d1": -2.430324801445658, "d2": 1.2504499466975165, "g0": 0.8561030768335048, "g1": 0.9779692889056509, "g2": -8.976350782511528, "g3": 0.8988346592473773, "g4": 1.1514120854364047, "g5": 0.2720660718795769, "g6": 0.2959184547028322, "g7": 1.7505253542372117, "i0": 2.7974900869905746, "i1": 0.22091526960555075, "i2": -4.435625634883377, "i3": 0.7392081637157983, "i4": 1.073023862285192, "i5": 0.493402050310511, "i6": 0.5198941011682319, "i7": 1.5045122082067812, "r0": 1.121785525494795, "r1": 0.04361643139905169, "r2": -0.3141288546674943, "r3": 1.4176567241860911, "r4": 0.9780084268847171, "r5": -0.07553241292844448, "r6": 0.33327881946065663, "r7": 0.9941841903444544}, "datetime": {"datetime": "2020-01-18 10:08:47", "elapsed": 48113.331689, "delta": 32.659153}}
{"target": 13.35, "params": {"d0": 0.5149440783694398, "d1": -1.0440163706768182, "d2": 1.144897392176013, "g0": 2.8049505192960975, "g1": 0.17301333604142577, "g2": -7.008796994014376, "g3": 1.130544041310072, "g4": 1.2636696073417113, "g5": -0.7391218413391176, "g6": 0.4229935719417335, "g7": 1.307437746629384, "i0": 3.8356608008448525, "i1": 0.09707838533312951, "i2": -4.51599966311507, "i3": 1.0074512527117736, "i4": 1.2819298879671424, "i5": 0.5427634018494687, "i6": 0.2906639630097799, "i7": 1.0537705198013343, "r0": 0.08682848626981154, "r1": 0.8668885631025359, "r2": -2.9431410196443792, "r3": 1.0783955083284333, "r4": 1.197247035468032, "r5": 0.5075984175650008, "r6": 0.6829839085546126, "r7": 1.0510965042428393}, "datetime": {"datetime": "2020-01-18 10:09:26", "elapsed": 48152.626063, "delta": 39.294374}}
{"target": 5.9, "params": {"d0": 1.9837223556531098, "d1": -6.161932388927587, "d2": 0.748382808976737, "g0": 2.596567910893661, "g1": 0.5808222340936212, "g2": -4.015917684387017, "g3": 0.9132874539889465, "g4": 0.860953878479112, "g5": 0.7701910333505273, "g6": 0.5055914979509908, "g7": 1.628593847630135, "i0": 3.1019646215515633, "i1": 0.12893894549278595, "i2": -0.8472161521646537, "i3": 0.9355433043195587, "i4": 0.9096483999738676, "i5": 0.4455371620472126, "i6": 0.026867910605554268, "i7": 0.920906676048815, "r0": 4.107135318282606, "r1": 0.5063616075745615, "r2": -9.124010688712438, "r3": 0.9425684954294697, "r4": 1.1855668232978873, "r5": 0.6756172943231953, "r6": 0.7182090932723011, "r7": 1.9111447009083649}, "datetime": {"datetime": "2020-01-18 10:09:59", "elapsed": 48185.391591, "delta": 32.765528}}
{"target": 7.45, "params": {"d0": 1.0829745681179426, "d1": -0.3578847700867289, "d2": 1.2354525148476574, "g0": 2.261992679374657, "g1": 0.8914985176680928, "g2": -9.673131205465639, "g3": 0.9116924016616519, "g4": 0.9522904818392699, "g5": 0.733871917073176, "g6": -0.4681737441474159, "g7": 1.0206994484960805, "i0": 2.312580184496854, "i1": 0.5081146967092469, "i2": -2.7214121024780216, "i3": 0.9287708921234632, "i4": 0.8221506310961373, "i5": 0.05111207957867303, "i6": -0.26945915325758313, "i7": 1.295199574448434, "r0": 3.493131444068951, "r1": 0.028436891693662036, "r2": -2.929767749589862, "r3": 1.2736828151169235, "r4": 1.087588736733448, "r5": -0.3240128520861193, "r6": 0.7659361076466946, "r7": 1.292124610374054}, "datetime": {"datetime": "2020-01-18 10:10:28", "elapsed": 48214.502377, "delta": 29.110786}}
{"target": 13.05, "params": {"d0": 1.4718705567159085, "d1": -1.0399163144896146, "d2": 1.3913498382790244, "g0": 1.6350676824975334, "g1": 0.4343749769210661, "g2": -0.7093674266286172, "g3": 1.0171549807183442, "g4": 1.1369389337099527, "g5": -0.596613549212313, "g6": -0.1397990782885845, "g7": 1.675316898595418, "i0": 0.9776306153899877, "i1": 0.5942856899095731, "i2": -2.535605386920775, "i3": 1.0547514339591977, "i4": 0.9493683635964859, "i5": 0.0151542509304875, "i6": 0.8938328472465391, "i7": 1.197641210855383, "r0": 0.17566268106809058, "r1": 0.061433348900805096, "r2": -4.955325821187891, "r3": 0.7973534040690254, "r4": 0.8863351955369645, "r5": 0.5051172239436841, "r6": -0.326832466573552, "r7": 1.158709363334752}, "datetime": {"datetime": "2020-01-18 10:10:57", "elapsed": 48243.38738, "delta": 28.885003}}
