{"target": 12.05, "params": {"d0": 3.37691913079869, "d1": -9.307529178598596, "d2": 1.2988591904098248, "g0": 4.8589338222683285, "g1": 0.2847036821617003, "g2": -5.463295796845689, "g3": 1.0607085806762089, "g4": 0.946797145026502, "g5": 0.13790835763251308, "g6": 0.1424754820218378, "g7": 1.1763815697874085, "i0": 3.71832971038291, "i1": 0.17454484063716602, "i2": -1.9382550112795407, "i3": 0.8757549513226914, "i4": 1.076771162773782, "i5": 0.4049206471813711, "i6": -0.3048545486165779, "i7": 1.7955587657354068, "r0": 3.147906031924621, "r1": 0.820567504012921, "r2": -0.6526190967453651, "r3": 0.7434672570393506, "r4": 1.2867286077646074, "r5": 0.01612207594614057, "r6": -0.12104610248288805, "r7": 1.945545292002409}, "datetime": {"datetime": "2020-01-18 12:33:08", "elapsed": 56774.680623, "delta": 35.693551}}
{"target": 14.2, "params": {"d0": 1.3046910369321778, "d1": -0.7718276254435619, "d2": 0.9075365041057802, "g0": 4.658815011989083, "g1": 0.016624631211508367, "g2": -6.208093685120173, "g3": 0.8663767198608278, "g4": 1.142478247476523, "g5": 0.2561521199760688, "g6": 0.5022615905844765, "g7": 1.7748684854217331, "i0": 0.7733312035934281, "i1": 0.2560367026809226, "i2": -3.596265731225764, "i3": 1.4707943785848716, "i4": 1.1183657028396232, "i5": -0.5177493155909959, "i6": 0.7879121636694173, "i7": 1.0905699930697073, "r0": 0.7347570709243395, "r1": 0.3816811269714929, "r2": -4.61831429496181, "r3": 1.2469234624579904, "r4": 1.129829226995619, "r5": 0.16327626932538097, "r6": -0.40908990464027517, "r7": 1.3069532307172531}, "datetime": {"datetime": "2020-01-18 12:33:52", "elapsed": 56818.302577, "delta": 43.621954}}
{"target": 13.05, "params": {"d0": 4.252925646890122, "d1": -2.5587806699221094, "d2": 1.3708785688884506, "g0": 3.1398146569572294, "g1": 0.010744382331856484, "g2": -7.3778310500394575, "g3": 1.4804719723859816, "g4": 1.0709907942243888, "g5": 0.5801531417586467, "g6": 0.18487263169854973, "g7": 1.1716091873612409, "i0": 2.4985131899396724, "i1": 0.9179876577138831, "i2": -4.291646339086127, "i3": 1.2167112193237855, "i4": 1.0406956533839606, "i5": -0.12908657170277638, "i6": 0.6282615854295281, "i7": 1.2914313726609663, "r0": 3.960248533103257, "r1": 0.9522142787735605, "r2": -5.838953541518274, "r3": 1.490628907226739, "r4": 1.1580517544895996, "r5": -0.28302464050782017, "r6": 0.07681782118253588, "r7": 1.4189299208637198}, "datetime": {"datetime": "2020-01-18 12:34:23", "elapsed": 56849.714999, "delta": 31.412422}}
{"target": 2.85, "params": {"d0": 0.07933855569659976, "d1": -9.284755291790601, "d2": 0.8876313015282121, "g0": 3.058097778799547, "g1": 0.6926333063078355, "g2": -4.603394639536338, "g3": 1.014912156696894, "g4": 0.9362611464490865, "g5": -0.6705882823021128, "g6": 0.4156330117159126, "g7": 1.6730369061282633, "i0": 3.0125771905104837, "i1": 0.9010258948454425, "i2": -0.5133676329479684, "i3": 1.0197935632666588, "i4": 0.9044199691253171, "i5": 0.0456319454533517, "i6": -0.4021121382929301, "i7": 1.5272810225991627, "r0": 1.866880265982314, "r1": 0.5193363134137541, "r2": -5.4056350020471635, "r3": 0.7404426941410658, "r4": 0.8969906949322155, "r5": -0.10575978055305912, "r6": -0.17284625151276461, "r7": 1.6244569322515792}, "datetime": {"datetime": "2020-01-18 12:35:20", "elapsed": 56907.246251, "delta": 57.531252}}
{"target": 12.65, "params": {"d0": 2.961291576138308, "d1": -0.6655988153035004, "d2": 1.4250334609306712, "g0": 4.805451328044443, "g1": 0.8151336221041934, "g2": -7.80095632056805, "g3": 0.731152021498049, "g4": 1.2458334650725185, "g5": -0.051247322062328626, "g6": 0.4118735566682412, "g7": 1.2084590837932958, "i0": 1.6894975268722217, "i1": 0.8332012513560265, "i2": -1.3520868913446655, "i3": 1.2593166609452995, "i4": 1.0953807667934523, "i5": 0.5707476289513564, "i6": -0.30184710653848595, "i7": 0.925468421080779, "r0": 2.2007797086450203, "r1": 0.34908058768626393, "r2": -6.607316362694808, "r3": 1.3214313414759304, "r4": 1.0775126120642189, "r5": -0.5055133484529325, "r6": 0.5668192907073482, "r7": 1.1548795638805576}, "datetime": {"datetime": "2020-01-18 12:36:06", "elapsed": 56952.820212, "delta": 45.573961}}
{"target": 11.8, "params": {"d0": 2.810634110631457, "d1": -6.22974294265779, "d2": 1.032128234483332, "g0": 1.9933040616723914, "g1": 0.6403930789186388, "g2": -0.45191634821581417, "g3": 1.078484537091915, "g4": 1.111011666210795, "g5": 0.013919981642831147, "g6": 0.5366744046218528, "g7": 1.3878882072702423, "i0": 4.7079338361252585, "i1": 0.7052959244221534, "i2": -5.631267296937628, "i3": 1.0236284406652025, "i4": 1.169667011264109, "i5": 0.41675548691009867, "i6": 0.6959372062623235, "i7": 1.9643690011790764, "r0": 1.936732216950456, "r1": 0.4114014630709413, "r2": -2.7686371732227606, "r3": 1.3141863288552424, "r4": 0.813576597521495, "r5": -0.4755634676311262, "r6": -0.024144051648957554, "r7": 1.291387019834333}, "datetime": {"datetime": "2020-01-18 12:36:41", "elapsed": 56987.350951, "delta": 34.530739}}
{"target": 13.05, "params": {"d0": 2.111018299629779, "d1": -5.069714255309466, "d2": 1.4728924852077467, "g0": 1.8101459161132931, "g1": 0.8505265136868494, "g2": -0.3397473253413228, "g3": 1.4072209499627477, "g4": 0.9551858332197511, "g5": -0.7242401979057173, "g6": -0.21209845479612738, "g7": 1.9973744633351886, "i0": 2.868202502757925, "i1": 0.8607873485093178, "i2": -7.127164567097417, "i3": 1.3000096392024139, "i4": 1.1543663672786117, "i5": -0.6356217526744805, "i6": 0.5539437837604937, "i7": 1.760622725661698, "r0": 4.907013572256618, "r1": 0.6268144112900108, "r2": -3.6564518958385106, "r3": 1.0085588707730166, "r4": 1.0909155548238332, "r5": 0.07378557311527911, "r6": 0.11378750084852618, "r7": 1.1303058742825778}, "datetime": {"datetime": "2020-01-18 12:37:17", "elapsed": 57023.707825, "delta": 36.356874}}
{"target": 15.0, "params": {"d0": 4.432549641890761, "d1": -9.614870992842553, "d2": 1.4274648415698012, "g0": 0.6806968522874068, "g1": 0.30205090546379565, "g2": -4.424203019639503, "g3": 1.280824291983677, "g4": 0.9250646048700804, "g5": 0.5511729095692222, "g6": -0.3002374383454616, "g7": 1.470413174213553, "i0": 3.845948670117652, "i1": 0.715784708940452, "i2": -9.77189060737976, "i3": 1.4002038179662921, "i4": 1.1181831623626999, "i5": -0.35559481193222775, "i6": 0.9366104846377761, "i7": 1.3749514273490637, "r0": 4.31064489464805, "r1": 0.3887618781101161, "r2": -9.222658195944852, "r3": 1.4554131003948745, "r4": 0.9937354668244502, "r5": -0.06586944575118103, "r6": -0.061777057959368054, "r7": 1.2058503248078414}, "datetime": {"datetime": "2020-01-18 12:37:58", "elapsed": 57065.207946, "delta": 41.500121}}
{"target": 15.95, "params": {"d0": 3.7228222099623154, "d1": -2.999331079207252, "d2": 0.8775389220650569, "g0": 2.3928240690991616, "g1": 0.1954139806413121, "g2": -8.60924449074601, "g3": 1.1191162629677802, "g4": 0.9418852915439493, "g5": 0.25857871013731715, "g6": 0.8976047405797267, "g7": 1.7954133000773285, "i0": 0.7912924573977675, "i1": 0.3197122619375169, "i2": -2.733662297121919, "i3": 1.172021873230299, "i4": 1.2916824376072529, "i5": 0.01271978076697644, "i6": -0.13475842371135605, "i7": 1.7646519700405006, "r0": 1.0932136733223592, "r1": 0.5497078475241193, "r2": -5.466872612827692, "r3": 0.8196910377614502, "r4": 1.285816489682692, "r5": -0.3011399633888253, "r6": -0.26541675935909287, "r7": 1.5323271569218175}, "datetime": {"datetime": "2020-01-18 12:38:36", "elapsed": 57102.830536, "delta": 37.62259}}
{"target": 3.85, "params": {"d0": 3.9467265322658927, "d1": -4.558016605647839, "d2": 0.7345359302754259, "g0": 4.786306357359908, "g1": 0.289541322752488, "g2": -5.025755284263585, "g3": 0.7858267315895892, "g4": 1.2001576713710556, "g5": 0.3534639934171193, "g6": -0.3746893403069767, "g7": 1.6249223168622564, "i0": 2.8600003466374146, "i1": 0.6455793420784578, "i2": -4.6225236907282286, "i3": 1.2709513134945465, "i4": 0.8133479123876937, "i5": -0.3280400756536954, "i6": 0.615478876764034, "i7": 1.5046220842338136, "r0": 4.053399926438694, "r1": 0.24802232469136964, "r2": -6.090122856507909, "r3": 1.1582951395371097, "r4": 0.8196581960022351, "r5": 0.4812561767265209, "r6": 0.9823201926125285, "r7": 1.9552830728134678}, "datetime": {"datetime": "2020-01-18 12:39:18", "elapsed": 57144.691281, "delta": 41.860745}}
{"target": 16.25, "params": {"d0": 4.402140861472015, "d1": -5.6712307617964, "d2": 1.3010426084193583, "g0": 2.038107544732627, "g1": 0.344637346885469, "g2": -2.4865296489034785, "g3": 0.7905298701682112, "g4": 1.2631504361451615, "g5": -0.1982183882269043, "g6": 0.47200989260366344, "g7": 1.5613936680221792, "i0": 1.563488964977899, "i1": 0.5475911070851274, "i2": -7.2222648694256195, "i3": 1.3842481812826437, "i4": 0.877055974726275, "i5": 0.3999576197894874, "i6": 0.05736857924637928, "i7": 1.836575264748737, "r0": 2.220403285442499, "r1": 0.6288713130672391, "r2": -6.387920053611626, "r3": 1.2298273928471972, "r4": 1.2333688884784797, "r5": 0.5560224293159153, "r6": 0.41646321226849725, "r7": 1.0571190473423373}, "datetime": {"datetime": "2020-01-18 12:39:54", "elapsed": 57180.449781, "delta": 35.7585}}
{"target": 9.3, "params": {"d0": 0.8242538126014848, "d1": -6.910579271958252, "d2": 0.8628518492644952, "g0": 3.7625522495894748, "g1": 0.45479837045878235, "g2": -2.5237770705794746, "g3": 1.1216787453450388, "g4": 1.2231177605478996, "g5": -0.08592785562304539, "g6": 0.5329405587588549, "g7": 1.3858790785559711, "i0": 1.6024456821271689, "i1": 0.03954147422237664, "i2": -3.277820482296546, "i3": 0.7172528989813615, "i4": 1.2017107752699472, "i5": -0.5657211512585477, "i6": -0.18752107271824564, "i7": 1.6675277313690136, "r0": 4.717430840758072, "r1": 0.96337357903111, "r2": -5.449502823861821, "r3": 1.0181448581308135, "r4": 1.1184568981625262, "r5": -0.4280283356356259, "r6": -0.0486363212687439, "r7": 1.0861826165249007}, "datetime": {"datetime": "2020-01-18 12:40:50", "elapsed": 57236.697327, "delta": 56.247546}}
{"target": 16.45, "params": {"d0": 4.289415136817614, "d1": -6.514288347437512, "d2": 0.8624618660327165, "g0": 2.672871700364918, "g1": 0.460239679952653, "g2": -4.106508600874927, "g3": 0.8996100956809819, "g4": 1.1837803097597035, "g5": 0.2620054463406434, "g6": -0.05184321497545569, "g7": 1.7118226322294272, "i0": 0.6834870377052987, "i1": 0.8792508388109853, "i2": -9.503077145792219, "i3": 1.4696988058299134, "i4": 1.2973431503364414, "i5": 0.2493253041383383, "i6": 0.9366008322096968, "i7": 1.4634123136762858, "r0": 1.95932990932433, "r1": 0.07504915909355292, "r2": -2.7841079804757705, "r3": 1.1772282652884245, "r4": 1.2837911629007315, "r5": 0.3390310927755269, "r6": 0.744392899254064, "r7": 1.1427774657749807}, "datetime": {"datetime": "2020-01-18 12:41:28", "elapsed": 57275.020204, "delta": 38.322877}}
{"target": 19.3, "params": {"d0": 4.9499234965267656, "d1": -4.157164537037474, "d2": 1.2230632905403591, "g0": 1.798521441305747, "g1": 0.7897497713388036, "g2": -8.859634887106601, "g3": 1.2163685424450013, "g4": 1.220603797560252, "g5": -0.4023680263924083, "g6": 0.3501390243732455, "g7": 1.8352818447838122, "i0": 3.7762865380292014, "i1": 0.6375780993525917, "i2": -3.199329510129701, "i3": 0.7812134896764173, "i4": 1.1153383824912566, "i5": 0.47632578035579676, "i6": -0.3969840695796027, "i7": 1.4786976282340607, "r0": 0.12557270265616038, "r1": 0.7800902442181805, "r2": -3.6619567505146478, "r3": 1.1799198315594441, "r4": 0.8286364542820139, "r5": -0.023582609216936445, "r6": 0.7585425550879203, "r7": 0.9074868137470349}, "datetime": {"datetime": "2020-01-18 12:42:04", "elapsed": 57310.73873, "delta": 35.718526}}