{"target": 20.2, "params": {"d0": 3.8361670051488477, "d1": -1.413875677914966, "d2": 0.9808881899953591, "g0": 0.58359990989, "g1": 0.4592991635233747, "g2": -4.675898376841174, "g3": 1.1100431751595436, "g4": 1.0127254069288114, "g5": -0.042991586058978855, "g6": 0.09344973724518282, "g7": 1.5055201805588205, "i0": 3.8584739829667303, "i1": 0.5991806853258466, "i2": -6.223861990175011, "i3": 1.0280092776846563, "i4": 0.9838493710979457, "i5": -0.09251053447505243, "i6": 0.08572532260880894, "i7": 1.517824633350443, "r0": 2.1829971314517094, "r1": 0.47304315439501815, "r2": -8.550211729665268, "r3": 1.1792059643082116, "r4": 1.0547206750851863, "r5": 0.4360648540211536, "r6": 0.17380677225647784, "r7": 1.5646252000127967}, "datetime": {"datetime": "2020-01-19 00:51:11", "elapsed": 32310.255406, "delta": 67.78628}}
{"target": 21.05, "params": {"d0": 3.585921793330051, "d1": -1.4560966207120225, "d2": 0.9490610217306858, "g0": 0.5621755927945906, "g1": 0.5469139433101209, "g2": -4.721696953925225, "g3": 1.1293218563775653, "g4": 1.0860943754421721, "g5": 0.03787069176358841, "g6": 0.13587689375625908, "g7": 1.7040311895406357, "i0": 3.5277455988753474, "i1": 0.529121273297692, "i2": -6.505965543763054, "i3": 1.0919358636893708, "i4": 1.1619088834065132, "i5": -0.1329811618382044, "i6": -0.0880987482737931, "i7": 1.6545938128361877, "r0": 3.4931559647335617, "r1": 0.5107868468394278, "r2": -8.722986027823563, "r3": 1.0065695790006544, "r4": 0.9598740379405153, "r5": 0.32658043846491935, "r6": -0.032237748988429626, "r7": 1.5957025810986722}, "datetime": {"datetime": "2020-01-19 00:52:12", "elapsed": 32371.725633, "delta": 61.470227}}
{"target": 20.5, "params": {"d0": 3.639482767654637, "d1": -1.435728155074294, "d2": 0.9403169905953334, "g0": 0.5973608577316567, "g1": 0.5613609013487897, "g2": -4.58770087551923, "g3": 1.2318016252123094, "g4": 1.0092131104588442, "g5": 0.07457292830223204, "g6": 0.1646728550255375, "g7": 1.530862127645286, "i0": 3.6834536444619728, "i1": 0.5415995213290362, "i2": -6.458416453510336, "i3": 0.9256946472477035, "i4": 1.1100184089362704, "i5": -0.16069851020628528, "i6": -0.05811058264010068, "i7": 1.561743359636406, "r0": 3.224011375077545, "r1": 0.556241395091077, "r2": -8.667874444327339, "r3": 0.9735014888789072, "r4": 0.979349434285171, "r5": 0.3227067519581598, "r6": -0.025761491809337542, "r7": 1.6513790464127562}, "datetime": {"datetime": "2020-01-19 00:53:23", "elapsed": 32442.488372, "delta": 70.762739}}
{"target": 20.0, "params": {"d0": 3.5845522555671283, "d1": -1.543919458422095, "d2": 0.8489614336440765, "g0": 0.5165498348368666, "g1": 0.5669165165985044, "g2": -4.593987600322398, "g3": 1.1582513576682223, "g4": 1.043749838290614, "g5": 0.017177651641139883, "g6": 0.2148397582410337, "g7": 1.5745376804135423, "i0": 3.495859250311692, "i1": 0.5805563557694327, "i2": -6.537182449415068, "i3": 1.1219532975217468, "i4": 1.162052034003016, "i5": -0.09942056361284056, "i6": 0.07587260224362626, "i7": 1.5437970058269936, "r0": 3.5809804603263315, "r1": 0.5713291310906464, "r2": -8.478305101545537, "r3": 0.9522453164985574, "r4": 1.0439022060594474, "r5": 0.37729343524271286, "r6": -0.028194942819235562, "r7": 1.5971364461590078}, "datetime": {"datetime": "2020-01-19 00:54:26", "elapsed": 32505.605304, "delta": 63.116932}}
{"target": 21.0, "params": {"d0": 3.5787314365070375, "d1": -1.3270565693421632, "d2": 0.9612217720558565, "g0": 0.6555852799314664, "g1": 0.5655301591009291, "g2": -4.8480623694599885, "g3": 1.266773093697667, "g4": 1.0662446989196872, "g5": -0.036169704448419486, "g6": 0.13701019772705753, "g7": 1.684053848616454, "i0": 3.533381057029362, "i1": 0.6075671449797329, "i2": -6.538330920875142, "i3": 1.0027011241491246, "i4": 1.1237096706615564, "i5": -0.05884721997027004, "i6": 0.0012751729596962, "i7": 1.5909285100551531, "r0": 3.3711992223433467, "r1": 0.4162243940865557, "r2": -8.744394675779466, "r3": 1.0198107068708322, "r4": 1.0312373246725717, "r5": 0.4097969952776348, "r6": -0.03967637237976761, "r7": 1.6442314907680717}, "datetime": {"datetime": "2020-01-19 00:55:21", "elapsed": 32560.084492, "delta": 54.479188}}
{"target": 21.15, "params": {"d0": 3.540779710381481, "d1": -1.410147569640175, "d2": 0.9113719599382842, "g0": 0.4243908503493391, "g1": 0.567080137547358, "g2": -4.786277710452205, "g3": 1.1311157857472187, "g4": 1.0407379623793438, "g5": 0.07140433853678672, "g6": 0.24134638422374363, "g7": 1.6644982539333941, "i0": 3.6375585579195784, "i1": 0.609516995019133, "i2": -6.558507481308684, "i3": 1.061884751379167, "i4": 1.1529135944611266, "i5": -0.05780101749293526, "i6": -0.005148444094425762, "i7": 1.6539181326416283, "r0": 3.3042231822114485, "r1": 0.5340340435943205, "r2": -8.744256647942192, "r3": 0.9765576778801444, "r4": 1.0589245495385777, "r5": 0.40722389803859177, "r6": -0.029929047021439885, "r7": 1.6043064285303046}, "datetime": {"datetime": "2020-01-19 00:56:06", "elapsed": 32605.299455, "delta": 45.214963}}
{"target": 21.05, "params": {"d0": 3.600040987983704, "d1": -1.367211786200173, "d2": 0.9844153272187794, "g0": 0.5733773813475515, "g1": 0.5991909218097695, "g2": -4.821217896978092, "g3": 1.2016401639496201, "g4": 1.0653464526928114, "g5": 0.06734973960729339, "g6": 0.27020227598711116, "g7": 1.5803475712062198, "i0": 3.564821591253699, "i1": 0.525057396836033, "i2": -6.546566345425448, "i3": 1.1571299667241604, "i4": 1.1262537693830315, "i5": -0.11168236972854469, "i6": -0.03007231907557269, "i7": 1.4885731039201364, "r0": 3.340504397223436, "r1": 0.49228346943637336, "r2": -8.667437860069722, "r3": 1.0002671818399023, "r4": 0.9650790621304638, "r5": 0.30402483223153015, "r6": -0.010746957527043785, "r7": 1.5479483309699844}, "datetime": {"datetime": "2020-01-19 00:56:57", "elapsed": 32656.089586, "delta": 50.790131}}
{"target": 20.4, "params": {"d0": 3.6109734756216647, "d1": -1.4891365573107134, "d2": 0.9584419272783108, "g0": 0.6766932114806006, "g1": 0.4245907783143211, "g2": -4.8016970480295615, "g3": 1.2000183064218561, "g4": 1.2289356260478064, "g5": 0.025662096008534856, "g6": 0.3037370229782991, "g7": 1.6585080887843906, "i0": 3.97853425964287, "i1": 0.6057552169755972, "i2": -6.562146997731569, "i3": 0.8884560344467398, "i4": 1.1253526540026544, "i5": -0.15253252142056067, "i6": 0.21683396933017504, "i7": 1.7791346741884735, "r0": 2.3348184657618183, "r1": 0.39749888606578787, "r2": -8.776881704193228, "r3": 0.9844337663230182, "r4": 0.9755647948405428, "r5": 0.41356396412296637, "r6": 0.218153551253673, "r7": 1.4563048453137393}, "datetime": {"datetime": "2020-01-19 00:57:51", "elapsed": 32710.017038, "delta": 53.927452}}
{"target": 20.95, "params": {"d0": 3.540874170383897, "d1": -1.4045775377208336, "d2": 0.868145587518978, "g0": 0.6093328897177808, "g1": 0.6384690181760284, "g2": -4.676207432821037, "g3": 1.154085643051073, "g4": 1.0353518351561524, "g5": 0.05346310100436302, "g6": 0.18891083889176152, "g7": 1.6730382363243193, "i0": 3.652737184820206, "i1": 0.6940112858591871, "i2": -6.600202427773298, "i3": 1.0104745166346991, "i4": 1.0713413265292953, "i5": -0.1392350252583398, "i6": 0.023355941176195046, "i7": 1.5201869632438771, "r0": 3.3949364790527516, "r1": 0.4720166039411598, "r2": -8.731607829763776, "r3": 1.033085940538962, "r4": 0.9883944798963219, "r5": 0.37364501252508964, "r6": -0.019542751451021613, "r7": 1.539584534838238}, "datetime": {"datetime": "2020-01-19 00:58:41", "elapsed": 32760.712411, "delta": 50.695373}}
{"target": 20.85, "params": {"d0": 3.5345215815071285, "d1": -1.4191261007666156, "d2": 0.9327429857457025, "g0": 0.5287486348365922, "g1": 0.5188007829111139, "g2": -4.796379516694167, "g3": 1.28432412871819, "g4": 1.0364283705920267, "g5": 0.0637253995164381, "g6": 0.21439191228896456, "g7": 1.642869849411426, "i0": 3.48947409755127, "i1": 0.6404450695625183, "i2": -6.446703933894484, "i3": 1.0114924878191605, "i4": 1.109170240488003, "i5": -0.13054948715238898, "i6": -0.13528878324436436, "i7": 1.6079558916048196, "r0": 3.4356109996495956, "r1": 0.5289408047229475, "r2": -8.630698597000507, "r3": 1.0061898091084438, "r4": 1.139433423141887, "r5": 0.2983671303910213, "r6": -0.10066343402400256, "r7": 1.6136757537485296}, "datetime": {"datetime": "2020-01-19 00:59:35", "elapsed": 32814.349486, "delta": 53.637075}}
{"target": 20.05, "params": {"d0": 3.620441230733759, "d1": -1.4186860379826622, "d2": 0.8998269870350886, "g0": 0.49562973030817153, "g1": 0.5567195449836437, "g2": -4.6711447039291345, "g3": 1.2073165663479637, "g4": 1.0859117396205646, "g5": -0.09263515893170263, "g6": 0.19981556140800114, "g7": 1.592024330893719, "i0": 3.5085968653580206, "i1": 0.6252984354715609, "i2": -6.523006295855207, "i3": 1.0535816093033088, "i4": 1.1668130833848516, "i5": -0.040180092793386316, "i6": 0.0005159339210376735, "i7": 1.633638713631281, "r0": 3.2680409519127727, "r1": 0.42354198505598417, "r2": -8.676372611361199, "r3": 0.9790235526218751, "r4": 0.9708897542551388, "r5": 0.27915937017357717, "r6": 0.07208778338771775, "r7": 1.6241181689628772}, "datetime": {"datetime": "2020-01-19 01:00:29", "elapsed": 32868.582602, "delta": 54.233116}}
{"target": 20.75, "params": {"d0": 3.564277584417826, "d1": -1.430480089780223, "d2": 0.9999730484037939, "g0": 0.626086651994886, "g1": 0.5394891555673709, "g2": -4.705964810029463, "g3": 1.2293942944110094, "g4": 0.9940458748884218, "g5": 0.05917121465624736, "g6": 0.23031185532058657, "g7": 1.6559999690673648, "i0": 3.694410147405065, "i1": 0.5233398260972113, "i2": -6.511864034095154, "i3": 1.095487604904074, "i4": 1.1153457482489668, "i5": -0.017738552200433334, "i6": -0.01842605946653026, "i7": 1.5351349999714883, "r0": 3.4146863140393817, "r1": 0.5349282647515564, "r2": -8.68683876590821, "r3": 0.9965332156725293, "r4": 1.0724218681886666, "r5": 0.4840092424210633, "r6": -0.10609406535256097, "r7": 1.6199811981031333}, "datetime": {"datetime": "2020-01-19 01:01:11", "elapsed": 32910.414441, "delta": 41.831839}}
{"target": 20.4, "params": {"d0": 3.552289205874793, "d1": -1.3812634439654323, "d2": 0.9107929957748571, "g0": 0.5308430114642136, "g1": 0.6163189575069555, "g2": -4.8709222855442365, "g3": 1.1749257673746758, "g4": 1.0835388753638735, "g5": 0.12127592985687155, "g6": 0.16599717020864513, "g7": 1.6171203242676009, "i0": 3.5246823377161753, "i1": 0.5264434908934438, "i2": -6.518669147069093, "i3": 0.9624677433783453, "i4": 1.1305725744749962, "i5": -0.15812492049996466, "i6": 0.12145387491732204, "i7": 1.5604015905765931, "r0": 3.4117510962306223, "r1": 0.5683951789537721, "r2": -8.643171995902273, "r3": 1.0063091613186341, "r4": 1.018839996184423, "r5": 0.40716650423172907, "r6": -0.08006318737656008, "r7": 1.653369607353343}, "datetime": {"datetime": "2020-01-19 01:02:01", "elapsed": 32960.720896, "delta": 50.306455}}
{"target": 20.6, "params": {"d0": 3.518119326648916, "d1": -1.5371946453239929, "d2": 1.0336117699580198, "g0": 0.6463127877190998, "g1": 0.45014028444437415, "g2": -4.703404369922449, "g3": 1.1424476075182068, "g4": 1.2226611924857163, "g5": 0.027647683149048814, "g6": 0.1250065223248094, "g7": 1.4821496305166408, "i0": 3.9667037893823287, "i1": 0.6407652088058883, "i2": -6.662325915287298, "i3": 1.0459300765163213, "i4": 0.9570674048817921, "i5": 0.009660573350376568, "i6": 0.21616102895298903, "i7": 1.4908968903889404, "r0": 2.8260882094702593, "r1": 0.4394292155243654, "r2": -8.70339200976848, "r3": 1.0732182043729006, "r4": 1.0770767800176781, "r5": 0.6092755843206866, "r6": 0.21033649191475282, "r7": 1.3441274916063954}, "datetime": {"datetime": "2020-01-19 01:02:49", "elapsed": 33008.484165, "delta": 47.763269}}
{"target": 20.7, "params": {"d0": 3.4364439613588207, "d1": -1.5168461792429493, "d2": 1.0485993303947745, "g0": 0.5437394087864633, "g1": 0.43277674745540384, "g2": -4.833118019190767, "g3": 1.1213175768642454, "g4": 1.150652812031953, "g5": 0.02574098239015674, "g6": 0.09016991432598431, "g7": 1.6441605144585276, "i0": 4.055759629645991, "i1": 0.6504870089136133, "i2": -6.729296217061696, "i3": 1.0345913027030345, "i4": 1.0570563440574912, "i5": -0.05533024468361913, "i6": 0.08354878318811144, "i7": 1.6085237573660236, "r0": 2.9084261534939317, "r1": 0.43694775320729295, "r2": -8.845567210075396, "r3": 1.03778718791702, "r4": 1.0878616014555105, "r5": 0.45115819230011217, "r6": 0.3472134066291335, "r7": 1.3908737841834915}, "datetime": {"datetime": "2020-01-19 01:03:42", "elapsed": 33061.49671, "delta": 53.012545}}
{"target": 20.75, "params": {"d0": 4.013924388421303, "d1": -1.6824767467261752, "d2": 0.9016771418728883, "g0": 0.44155400139985296, "g1": 0.441714340696862, "g2": -4.826883936315132, "g3": 1.166286519451371, "g4": 1.1147911218605402, "g5": 0.04626046397085207, "g6": 0.01844344566048864, "g7": 1.3387974399011664, "i0": 3.7793858884751224, "i1": 0.5781763806615503, "i2": -6.43714464370867, "i3": 1.1206933901991363, "i4": 1.0425585468522263, "i5": -0.1745184984521545, "i6": 0.19963228955398743, "i7": 1.472869022380027, "r0": 1.9238516684039102, "r1": 0.39069906999314896, "r2": -8.63272559481838, "r3": 1.0067093889615393, "r4": 1.1113135853910876, "r5": 0.5136842143429556, "r6": 0.21160797354467598, "r7": 1.558556367469793}, "datetime": {"datetime": "2020-01-19 01:04:28", "elapsed": 33107.799921, "delta": 46.303211}}
{"target": 20.0, "params": {"d0": 3.291204846249249, "d1": -9.274770961220316, "d2": 0.7936314532405168, "g0": 0.8001636668570934, "g1": 0.4526894713920693, "g2": -5.253767514022646, "g3": 1.5, "g4": 1.0682266421923878, "g5": -0.30668228465027675, "g6": -0.005866158314512046, "g7": 1.6189246675228188, "i0": 4.51764787383636, "i1": 0.6540377544041859, "i2": -5.6089798255332655, "i3": 0.9505549669600418, "i4": 1.163718440123673, "i5": 0.18632547070445862, "i6": -0.2532970311917975, "i7": 1.5413624888037136, "r0": 1.8760022230203048, "r1": 0.8027499453450367, "r2": -1.8936983339341593, "r3": 1.4318827678124515, "r4": 0.997238283721725, "r5": -0.5611439008687323, "r6": -0.028725689255570543, "r7": 1.6357282446025891}, "datetime": {"datetime": "2020-01-19 01:05:13", "elapsed": 33152.242701, "delta": 44.44278}}
{"target": 20.65, "params": {"d0": 3.446480012397516, "d1": -1.3197388813995432, "d2": 0.9932197028531394, "g0": 0.60580886193447, "g1": 0.6973980334318469, "g2": -4.822023445355283, "g3": 1.1834431680920814, "g4": 1.0211267608217338, "g5": 0.055528058871428844, "g6": 0.2580482261465099, "g7": 1.6012571279988292, "i0": 3.997963061482916, "i1": 0.7274372575278456, "i2": -6.784878537946811, "i3": 1.0465302754812014, "i4": 0.9737828443229759, "i5": -0.07913768342366576, "i6": 0.30186984694754354, "i7": 1.4913388659651552, "r0": 2.673863875608322, "r1": 0.31462373306518054, "r2": -8.90903208875218, "r3": 1.0631157322836637, "r4": 1.0519630532899888, "r5": 0.474686067356155, "r6": 0.23784714942674443, "r7": 1.4819726900817445}, "datetime": {"datetime": "2020-01-19 01:06:04", "elapsed": 33203.267255, "delta": 51.024554}}
{"target": 20.75, "params": {"d0": 3.6819530087347085, "d1": -1.6349307951319332, "d2": 0.9992143334815932, "g0": 0.48688800085218814, "g1": 0.20971895969557314, "g2": -6.104341571989537, "g3": 1.1488334367250113, "g4": 1.1783384265562826, "g5": 0.11719192033971444, "g6": 0.1483158010014211, "g7": 1.398958881718202, "i0": 3.9749717856080737, "i1": 0.5749357932933763, "i2": -6.418825220839595, "i3": 0.9474351060958193, "i4": 0.9304847448930463, "i5": -0.30354348386814234, "i6": 0.09876591525296857, "i7": 1.5092794579115658, "r0": 1.4774791646260992, "r1": 0.14783223124999986, "r2": -8.833762281392339, "r3": 1.2296389898560547, "r4": 1.0479199381418804, "r5": 0.22386118053502452, "r6": 0.19634056547412518, "r7": 1.6128339255650421}, "datetime": {"datetime": "2020-01-19 01:06:51", "elapsed": 33250.794454, "delta": 47.527199}}
{"target": 20.5, "params": {"d0": 3.7031305941562396, "d1": -1.3918292712663476, "d2": 0.9198359671758922, "g0": 0.5632279130731498, "g1": 0.5508883541864703, "g2": -4.787331380926754, "g3": 1.2236048792159253, "g4": 0.9621669204695504, "g5": 0.016733953107960182, "g6": 0.17003810162416397, "g7": 1.587492653498835, "i0": 3.646731834939926, "i1": 0.6451337964571048, "i2": -6.606462187294029, "i3": 1.075391202618944, "i4": 1.1268546475325343, "i5": -0.13437974044060963, "i6": -0.06006200347214171, "i7": 1.5623795777968923, "r0": 3.39459583432059, "r1": 0.5353210604771537, "r2": -8.696038604758808, "r3": 0.9487140305116075, "r4": 1.094712755734367, "r5": 0.38365253881741557, "r6": 0.02655058650615886, "r7": 1.5709640991171685}, "datetime": {"datetime": "2020-01-19 01:07:37", "elapsed": 33296.311201, "delta": 45.516747}}
{"target": 21.4, "params": {"d0": 3.485178318015464, "d1": -1.4199927619390451, "d2": 0.9074466984936567, "g0": 0.5917180292794094, "g1": 0.6114147146427458, "g2": -4.69340654986251, "g3": 1.1616760243172854, "g4": 1.0530909649564477, "g5": 0.013025182636992642, "g6": 0.21671844221345551, "g7": 1.6762016835276947, "i0": 3.5589161255061477, "i1": 0.6145268258692779, "i2": -6.454490427537281, "i3": 1.1126318920858103, "i4": 1.0569453386833652, "i5": -0.10899383019618035, "i6": -0.08669563449493994, "i7": 1.568153336836277, "r0": 3.298884778203367, "r1": 0.47820106728839484, "r2": -8.584883012662587, "r3": 0.9699122076490216, "r4": 0.9969912958860184, "r5": 0.4096576720971757, "r6": -0.11144248293479042, "r7": 1.6288321016873128}, "datetime": {"datetime": "2020-01-19 01:08:22", "elapsed": 33341.419956, "delta": 45.108755}}
{"target": 20.35, "params": {"d0": 3.525701133172313, "d1": -9.282481077752633, "d2": 0.8257705342980483, "g0": 0.822865579012871, "g1": 0.48459472541286275, "g2": -5.380420960618417, "g3": 1.5, "g4": 1.0071853350884876, "g5": -0.3303831375755023, "g6": 0.06656903327218429, "g7": 1.6646917155722862, "i0": 4.498097701899478, "i1": 0.7337965365423144, "i2": -5.485297848437321, "i3": 1.0556371685287835, "i4": 1.1209238258146819, "i5": 0.13358682858245813, "i6": -0.3208319394487523, "i7": 1.7855515160885995, "r0": 1.8396271131834863, "r1": 0.9064111875811405, "r2": -1.7485228032859885, "r3": 1.415083629703809, "r4": 0.9366610497625398, "r5": -0.6241702864766892, "r6": 0.03278596039697486, "r7": 1.5009191609452717}, "datetime": {"datetime": "2020-01-19 01:09:09", "elapsed": 33388.628, "delta": 47.208044}}
{"target": 19.95, "params": {"d0": 4.196543081663941, "d1": -3.3664136032296095, "d2": 1.233553822194879, "g0": 0.6657779963161582, "g1": 0.09766522579075655, "g2": -8.996429047623955, "g3": 1.1771997414079103, "g4": 1.229060668185328, "g5": 0.04493194107203821, "g6": 0.73088118504396, "g7": 1.1418987051191427, "i0": 4.360039956344721, "i1": 0.8334451521272314, "i2": -6.144377869775277, "i3": 0.9198811055366164, "i4": 1.1073404144682528, "i5": -0.5637949621503515, "i6": 0.034346325444490684, "i7": 1.784971642744454, "r0": 0.5388025405002137, "r1": 0.6652825722066963, "r2": -4.605320887960553, "r3": 1.1175231261002396, "r4": 1.0871490342727639, "r5": -0.6486199687629418, "r6": 0.7273318014224115, "r7": 1.7936431440485612}, "datetime": {"datetime": "2020-01-19 01:09:53", "elapsed": 33432.452605, "delta": 43.824605}}
{"target": 21.35, "params": {"d0": 3.5801888363829346, "d1": -1.6420741469160594, "d2": 0.9817528361256829, "g0": 0.5468514225169109, "g1": 0.3586541821565343, "g2": -6.543578200501911, "g3": 1.1084541731119506, "g4": 1.015234192011867, "g5": -0.037098261333048166, "g6": 0.09188723015782621, "g7": 1.3720007115081883, "i0": 3.904743469813561, "i1": 0.4747514095738882, "i2": -6.379007764335085, "i3": 1.0048522928329404, "i4": 0.9115247987067469, "i5": -0.2755968543727992, "i6": 0.12991048016016865, "i7": 1.5932283810745056, "r0": 1.2736433164219187, "r1": 0.2219813163377566, "r2": -8.700576723903541, "r3": 1.265665776177871, "r4": 1.120363931399977, "r5": 0.2314586673095204, "r6": 0.25240569454817874, "r7": 1.5651280260234954}, "datetime": {"datetime": "2020-01-19 01:10:40", "elapsed": 33479.300816, "delta": 46.848211}}
{"target": 20.15, "params": {"d0": 3.237840930170253, "d1": -1.5993249582374969, "d2": 1.1286863127070288, "g0": 0.4443276782469604, "g1": 0.5214442247243761, "g2": -4.942504938648223, "g3": 1.1234239518697757, "g4": 1.1400925452521198, "g5": -0.007547809301784331, "g6": 0.09785992569269136, "g7": 1.7418302334299953, "i0": 3.3536831228633535, "i1": 0.45751645032992433, "i2": -6.453887698744291, "i3": 1.0846955742671882, "i4": 1.0225677505432254, "i5": -0.05088696865243674, "i6": -0.1074597649136014, "i7": 1.5762183702949382, "r0": 3.761547573457751, "r1": 0.4902345318792834, "r2": -8.550833181102897, "r3": 1.0941953727831484, "r4": 1.0747303314805048, "r5": 0.40823071010862916, "r6": -0.047341033999867665, "r7": 1.5628693472562771}, "datetime": {"datetime": "2020-01-19 01:11:28", "elapsed": 33527.405714, "delta": 48.104898}}
{"target": 21.4, "params": {"d0": 4.010097539621148, "d1": -1.3683480436870528, "d2": 0.9946950325218793, "g0": 0.6654429687027457, "g1": 0.3527608444097693, "g2": -5.3332981951916265, "g3": 1.1174259576327603, "g4": 1.231653390291459, "g5": 0.017354405176237143, "g6": 0.18655198332159276, "g7": 1.6176449352088962, "i0": 3.8039274942092667, "i1": 0.5715476397223044, "i2": -6.519521859577501, "i3": 1.044797753197794, "i4": 1.060297928232274, "i5": -0.4750130214402335, "i6": 0.1130037535733748, "i7": 1.6837711065470318, "r0": 1.8536038097687355, "r1": 0.22121821767157449, "r2": -8.893015228997813, "r3": 1.2194201407326248, "r4": 1.0792498603406857, "r5": 0.36127232860925773, "r6": 0.17690871032598365, "r7": 1.6223713683544525}, "datetime": {"datetime": "2020-01-19 01:12:12", "elapsed": 33571.140755, "delta": 43.735041}}
