{"target": 6.1, "params": {"d0": 1.1840086017292129, "d1": -1.7725722058267959, "d2": 0.8827191289261634, "g0": 2.4217668618832002, "g1": 0.8066998965194422, "g2": -8.651957427843147, "g3": 0.8401124691824855, "g4": 1.0745240058376582, "g5": 0.45849948670525875, "g6": 0.16202763241516882, "g7": 1.5093891465078424, "i0": 2.748662054502875, "i1": 0.8433137217246592, "i2": -6.262794828896848, "i3": 1.336737383998551, "i4": 0.8419661894104001, "i5": -0.29092762799704597, "i6": 0.29996472544213426, "i7": 1.4005418400639877, "r0": 3.789549405448252, "r1": 0.2002720438082699, "r2": -5.097273045363568, "r3": 0.9129411624011857, "r4": 1.1704491933964067, "r5": -0.16521044399872709, "r6": 0.2338011397419384, "r7": 1.107790737477978}, "datetime": {"datetime": "2020-01-18 08:02:06", "elapsed": 40513.088787, "delta": 33.277019}}
{"target": 14.0, "params": {"d0": 0.3499377640317636, "d1": -9.705074637688826, "d2": 1.4965995964491317, "g0": 4.31375908903986, "g1": 0.49171047044561533, "g2": -0.18498460004553507, "g3": 1.249000635701635, "g4": 1.09785175891153, "g5": 0.29312413578644625, "g6": -0.3374191946842348, "g7": 1.9187270553979672, "i0": 0.5909615886654418, "i1": 0.02111125541650949, "i2": -5.608109380118501, "i3": 0.8879952248975949, "i4": 1.1733616157499687, "i5": -0.05903137846579798, "i6": 0.8316389822353287, "i7": 1.9920969663721628, "r0": 1.9772444298907144, "r1": 0.12329184014442462, "r2": -4.688907723001893, "r3": 1.0308944570409269, "r4": 1.0103887794180058, "r5": 0.4459017032651824, "r6": 0.7363173295037277, "r7": 1.942693991720061}, "datetime": {"datetime": "2020-01-18 08:02:43", "elapsed": 40549.942163, "delta": 36.853376}}
{"target": 17.75, "params": {"d0": 4.2763049149920835, "d1": -5.299927270374795, "d2": 0.8996715437243418, "g0": 4.113237059446512, "g1": 0.6942396568694332, "g2": -2.7909748705753525, "g3": 1.2628832171837165, "g4": 1.1098047050455986, "g5": -0.6018804896958443, "g6": -0.13146012662411455, "g7": 1.054767154634014, "i0": 2.3647741242265417, "i1": 0.9800604957839145, "i2": -3.9644345258566327, "i3": 1.3030824133679095, "i4": 1.2249570447171507, "i5": -0.7503149727966152, "i6": 0.3811698243033901, "i7": 1.793843416855522, "r0": 0.597033393581104, "r1": 0.5617617665127538, "r2": -9.167750618024222, "r3": 0.7629649521621948, "r4": 1.0863750935679632, "r5": -0.6882542813963171, "r6": 0.18527378790420368, "r7": 1.3022679209765464}, "datetime": {"datetime": "2020-01-18 08:03:13", "elapsed": 40580.154314, "delta": 30.212151}}
{"target": 13.2, "params": {"d0": 1.0470632560540154, "d1": -2.7867938112847295, "d2": 0.8642431138183152, "g0": 3.496729682871692, "g1": 0.8376453717520911, "g2": -7.009732872048668, "g3": 0.8234096795111278, "g4": 0.8389229741240882, "g5": 0.5714204184826448, "g6": -0.26870509348229127, "g7": 1.7878496472056407, "i0": 0.43833945129811147, "i1": 0.9613747511862507, "i2": -0.924816195276005, "i3": 1.4298982250756376, "i4": 0.8943194569092435, "i5": -0.17811810547347062, "i6": 0.4527576367801436, "i7": 1.8311804814742276, "r0": 2.487327945020312, "r1": 0.6820052138123528, "r2": -3.311014980912357, "r3": 1.4742073454983218, "r4": 0.9781506348436368, "r5": -0.6697035505639726, "r6": -0.12918303888023702, "r7": 1.7960923520158933}, "datetime": {"datetime": "2020-01-18 08:03:48", "elapsed": 40615.032694, "delta": 34.87838}}
{"target": 12.7, "params": {"d0": 0.08096946512205216, "d1": -6.721572222373031, "d2": 1.1354671977263342, "g0": 2.1191135393045957, "g1": 0.4698784149752534, "g2": -0.7411291108433051, "g3": 0.9404527774244669, "g4": 1.2077865071281402, "g5": -0.6035325786194741, "g6": 0.1879756984249228, "g7": 1.3530377232838586, "i0": 1.0807900063142983, "i1": 0.2643720202055154, "i2": -9.665506039041638, "i3": 0.8913597291378681, "i4": 1.2225905957287244, "i5": 0.15809555295696165, "i6": 0.23705771195248793, "i7": 1.824641020266438, "r0": 2.865329662357798, "r1": 0.7664922857798562, "r2": -6.888004888714075, "r3": 1.024814909364124, "r4": 0.834513425910882, "r5": 0.0487229684122239, "r6": 0.8610178788034233, "r7": 1.4231402893394955}, "datetime": {"datetime": "2020-01-18 08:04:29", "elapsed": 40656.20665, "delta": 41.173956}}
{"target": 11.7, "params": {"d0": 2.6548891624786854, "d1": -8.122191202481732, "d2": 0.8347791219500189, "g0": 2.6374538256861295, "g1": 0.11031306910219929, "g2": -8.658927037005093, "g3": 0.9229565664970157, "g4": 1.2328684361101425, "g5": -0.5536081486020173, "g6": -0.2002233774680709, "g7": 1.5244552664242226, "i0": 2.6538610538909317, "i1": 0.25132668572603223, "i2": -7.085024266692851, "i3": 1.0853993207183044, "i4": 1.2536239214264557, "i5": 0.2928772680333538, "i6": 0.026942501109632255, "i7": 1.4745965620852517, "r0": 4.9524131692122, "r1": 0.5096957478136868, "r2": -4.4125416594668385, "r3": 1.0606327544710012, "r4": 0.8629775407537061, "r5": -0.5936079936320233, "r6": 0.3982583573542543, "r7": 1.8923724467506036}, "datetime": {"datetime": "2020-01-18 08:05:01", "elapsed": 40687.89678, "delta": 31.69013}}
{"target": 13.15, "params": {"d0": 1.2241193943020297, "d1": -2.834488292119479, "d2": 1.3355077913507856, "g0": 3.117027601211671, "g1": 0.0074831202257396034, "g2": -3.784371879297285, "g3": 1.0779161380711908, "g4": 0.9625926130790086, "g5": -0.3841257754276457, "g6": 0.9504135467793466, "g7": 1.8258077149144007, "i0": 3.365045830682378, "i1": 0.45401403193699574, "i2": -0.6602868420008488, "i3": 1.1949830404786523, "i4": 0.8832513153729491, "i5": -0.03319212397400195, "i6": 0.11404885993465819, "i7": 0.9999023833022439, "r0": 1.539474888757848, "r1": 0.877364116266402, "r2": -7.643855622537409, "r3": 1.4189009195279383, "r4": 1.2083167976819862, "r5": -0.15913817912102868, "r6": 0.9059978358684009, "r7": 1.902535055460444}, "datetime": {"datetime": "2020-01-18 08:05:44", "elapsed": 40730.688096, "delta": 42.791316}}
{"target": 13.5, "params": {"d0": 2.05787748574449, "d1": -4.96878103416884, "d2": 1.2175108722626702, "g0": 4.470634317617469, "g1": 0.8602095725528023, "g2": -9.756665577407077, "g3": 1.2384478107631978, "g4": 1.1108856604643373, "g5": 0.3248305125562143, "g6": 0.6271415657184631, "g7": 1.557018019861661, "i0": 2.0391842465653918, "i1": 0.995167710479984, "i2": -1.2506916307035727, "i3": 0.9850406412379233, "i4": 1.0480524218523772, "i5": 0.30346725317537393, "i6": 0.9683596898079774, "i7": 1.8277723394232486, "r0": 1.0413303423805564, "r1": 0.5863201013946465, "r2": -6.355989748894344, "r3": 1.3430326582793672, "r4": 0.8035947007642208, "r5": -0.22978391370308981, "r6": 0.3953316367338404, "r7": 1.1320569093241948}, "datetime": {"datetime": "2020-01-18 08:06:17", "elapsed": 40763.672908, "delta": 32.984812}}
{"target": 3.45, "params": {"d0": 1.7630334884571541, "d1": -7.888379527023211, "d2": 0.8270092213272147, "g0": 3.2399361314619735, "g1": 0.35623532075289854, "g2": -3.2663719587029103, "g3": 0.9976430973013732, "g4": 0.8117280690046564, "g5": -0.19622081835015215, "g6": 0.16616516670659254, "g7": 1.0159550306370162, "i0": 2.7100207736787714, "i1": 0.2820197580681907, "i2": -7.119997676059469, "i3": 0.789390895531275, "i4": 1.018349410081589, "i5": 0.7198749642188966, "i6": 0.8775101074543699, "i7": 1.9292942679202634, "r0": 4.999255888590647, "r1": 0.9589920611055217, "r2": -1.9794111028257504, "r3": 0.7564934521054509, "r4": 1.0818955520702476, "r5": 0.5695628715009275, "r6": 0.9188688041524566, "r7": 1.1532552186495868}, "datetime": {"datetime": "2020-01-18 08:06:54", "elapsed": 40800.721077, "delta": 37.048169}}
{"target": 10.1, "params": {"d0": 1.8655663697163438, "d1": -2.8235142467609045, "d2": 0.7500290789441153, "g0": 0.2731612031824393, "g1": 0.7490243136638731, "g2": -8.017934774856975, "g3": 1.488528135287335, "g4": 0.8026111068420667, "g5": 0.06159364534726508, "g6": -0.17709125103926987, "g7": 1.6687947826288219, "i0": 3.3753795763502015, "i1": 0.0049142058773286035, "i2": -2.0731451193931996, "i3": 0.8272537245575191, "i4": 1.2712478614929752, "i5": 0.4455488001536987, "i6": -0.376129305877979, "i7": 1.0777202552131053, "r0": 1.885096534328743, "r1": 0.6590358925892043, "r2": -4.299267757761436, "r3": 1.1093584174487183, "r4": 1.127459663233895, "r5": 0.4360478193007493, "r6": 0.5131893750209271, "r7": 1.9913382843338772}, "datetime": {"datetime": "2020-01-18 08:07:18", "elapsed": 40824.980307, "delta": 24.25923}}
{"target": 18.15, "params": {"d0": 1.108250734597157, "d1": -9.94807929784602, "d2": 1.1364277957047892, "g0": 0.8772698476292823, "g1": 0.8700870707951412, "g2": -1.2361490836275149, "g3": 0.9405230906775357, "g4": 1.1183411247602715, "g5": -0.4277715546376502, "g6": 0.6670543097030266, "g7": 1.9750318049536792, "i0": 3.2072628032689887, "i1": 0.47611998733321836, "i2": -9.289226769767572, "i3": 1.1921882370917853, "i4": 1.0062052245447208, "i5": 0.6471190543340533, "i6": -0.23309747159348876, "i7": 1.1546250046954047, "r0": 3.3491949331838473, "r1": 0.9406088866923554, "r2": -1.8646063144782445, "r3": 1.1559534113875691, "r4": 1.152837041943018, "r5": -0.7721832087564886, "r6": 0.2817158653103722, "r7": 0.9626891251032047}, "datetime": {"datetime": "2020-01-18 08:07:51", "elapsed": 40857.362743, "delta": 32.382436}}
{"target": 11.85, "params": {"d0": 3.3894564535760447, "d1": -5.083588999247929, "d2": 1.2141739694085503, "g0": 2.3975734642033384, "g1": 0.2939506561400428, "g2": -4.64143213928214, "g3": 1.3370522832479108, "g4": 1.077926381615676, "g5": -0.6237783893973852, "g6": 0.2620526257894735, "g7": 1.0843436836006841, "i0": 3.3256997985274954, "i1": 0.4780040583028199, "i2": -4.257561690505604, "i3": 1.3414211299617604, "i4": 1.2229033070167372, "i5": -0.43678354507672457, "i6": 0.4910248368610446, "i7": 1.14140333711004, "r0": 1.4913126686906537, "r1": 0.20865921703469437, "r2": -6.161908777492319, "r3": 1.2213163865561762, "r4": 0.8530735182979678, "r5": 0.3622275581882206, "r6": 0.8381510404485208, "r7": 1.0987667016210192}, "datetime": {"datetime": "2020-01-18 08:08:15", "elapsed": 40881.942638, "delta": 24.579895}}
{"target": 10.4, "params": {"d0": 0.5193255722941714, "d1": -5.529073066281793, "d2": 0.9182432940894946, "g0": 1.872234642570267, "g1": 0.26408329521829554, "g2": -7.751930455720197, "g3": 0.8622368594012326, "g4": 1.0246868197532082, "g5": 0.4474408605368312, "g6": 0.7003247180657073, "g7": 1.3052605373991417, "i0": 0.3364826635772056, "i1": 0.24114818411756034, "i2": -5.730346491592025, "i3": 1.1925236514124313, "i4": 1.2460649905672263, "i5": -0.09203943362139744, "i6": -0.24594383316776847, "i7": 1.2469326894123134, "r0": 4.53333382508354, "r1": 0.2552581261492589, "r2": -4.72035771962142, "r3": 1.1834114844567307, "r4": 1.0679445141808137, "r5": 0.21218650682037055, "r6": -0.36297349282557084, "r7": 1.2217899393853755}, "datetime": {"datetime": "2020-01-18 08:09:04", "elapsed": 40930.610937, "delta": 48.668299}}
{"target": 18.75, "params": {"d0": 4.507284939593189, "d1": -4.062570138098705, "d2": 1.3441741735788537, "g0": 0.49052769723143264, "g1": 0.6272205225638053, "g2": -4.7441600607969985, "g3": 1.471283240290012, "g4": 1.1193878834183404, "g5": 0.6467097666468218, "g6": 0.6292881431349813, "g7": 1.8143558221045564, "i0": 1.6013818869767853, "i1": 0.8053587429224375, "i2": -5.6648461701213915, "i3": 0.8325747745464516, "i4": 1.1655393199732522, "i5": -0.7203853622699742, "i6": 0.7592290976501543, "i7": 1.1459448529902194, "r0": 4.526507515137502, "r1": 0.6600580490823286, "r2": -6.754313960196399, "r3": 1.336189972051991, "r4": 1.144613574166224, "r5": 0.1462385024891033, "r6": 0.5717673213816514, "r7": 1.8069224115009417}, "datetime": {"datetime": "2020-01-18 08:09:36", "elapsed": 40962.61275, "delta": 32.001813}}
{"target": 17.6, "params": {"d0": 4.66188777012982, "d1": -7.526509294535092, "d2": 0.8883014068045436, "g0": 2.1137191136883517, "g1": 0.4200457032546566, "g2": -2.674550151863296, "g3": 1.2871968809598746, "g4": 1.1374396027759726, "g5": 0.016908803124741523, "g6": 0.6951979155421784, "g7": 1.1964150186534934, "i0": 2.1263864259390113, "i1": 0.37121476884619187, "i2": -4.351915316921127, "i3": 1.3241730266591483, "i4": 0.9532729819454153, "i5": 0.3222273228539594, "i6": 0.2104505497887419, "i7": 1.5241414505664288, "r0": 2.414407502461993, "r1": 0.47871346242255886, "r2": -0.8802849131665642, "r3": 1.0548690947900652, "r4": 1.2791362130379949, "r5": 0.5398004039886777, "r6": 0.7860449914529946, "r7": 1.6597549537739216}, "datetime": {"datetime": "2020-01-18 08:10:05", "elapsed": 40991.804952, "delta": 29.192202}}
{"target": 19.25, "params": {"d0": 0.19367046715813796, "d1": -1.9677722487792408, "d2": 1.388266046318714, "g0": 0.9420035891681117, "g1": 0.08589820024508399, "g2": -7.932481631210715, "g3": 1.057188387338452, "g4": 1.272202401461536, "g5": -0.7618198985746976, "g6": -0.03427052391782093, "g7": 1.7795635640020249, "i0": 2.9274143826261154, "i1": 0.2303307333562581, "i2": -2.053396648426082, "i3": 1.157772307233307, "i4": 1.0499788838761839, "i5": 0.6072973807508903, "i6": 0.6076507717572799, "i7": 1.3084708655886725, "r0": 1.7025673690436234, "r1": 0.6033493497618183, "r2": -8.82195049836254, "r3": 0.9391187047850953, "r4": 0.9088763530413287, "r5": -0.18797429101156737, "r6": 0.8592114623638083, "r7": 1.9434478725327362}, "datetime": {"datetime": "2020-01-18 08:10:38", "elapsed": 41024.368198, "delta": 32.563246}}
{"target": 6.35, "params": {"d0": 1.036009356060763, "d1": -7.074251635309822, "d2": 1.4832585575159705, "g0": 2.9479421580819114, "g1": 0.07567635783752968, "g2": -1.640124978462925, "g3": 1.1933215266719797, "g4": 0.9945810599371748, "g5": 0.41841817190137576, "g6": 0.12025820836340073, "g7": 1.3028023628748946, "i0": 3.023966515330252, "i1": 0.7683559402667315, "i2": -9.206584761076897, "i3": 1.4334371187994401, "i4": 0.9694624216042647, "i5": 0.17429491563517452, "i6": 0.5956484490955578, "i7": 1.103058498600309, "r0": 4.7216566927025685, "r1": 0.4199189344083639, "r2": -0.05401116284701679, "r3": 0.9496847161772148, "r4": 0.9109752242464805, "r5": 0.6958143595918038, "r6": -0.19678635887100387, "r7": 0.9091711197980817}, "datetime": {"datetime": "2020-01-18 08:11:17", "elapsed": 41063.97624, "delta": 39.608042}}
{"target": 15.05, "params": {"d0": 1.1103132519294023, "d1": -6.800016094936838, "d2": 0.9575042825378453, "g0": 0.3933811494223677, "g1": 0.2498072450704656, "g2": -2.2786779520284908, "g3": 1.4596104414889395, "g4": 0.825616963143217, "g5": 0.7097186982931196, "g6": -0.438426497758746, "g7": 1.3437589680261888, "i0": 3.2830646691768646, "i1": 0.3731792629534417, "i2": -3.6484917858743504, "i3": 1.3469589941291742, "i4": 1.0900314245385192, "i5": -0.04865686981776185, "i6": -0.013192515773414848, "i7": 1.6663985869071114, "r0": 4.486473503470169, "r1": 0.5038215347379792, "r2": -9.032990910800136, "r3": 1.3219764454648766, "r4": 1.04410536394642, "r5": -0.7281982255942397, "r6": 0.5097380250676533, "r7": 1.1144821517882622}, "datetime": {"datetime": "2020-01-18 08:11:51", "elapsed": 41098.226274, "delta": 34.250034}}
{"target": 15.65, "params": {"d0": 3.6506010996854115, "d1": -8.573030138701414, "d2": 1.3701855845417605, "g0": 1.9183344796077089, "g1": 0.87246913253941, "g2": -2.056003092729785, "g3": 0.9281571157667932, "g4": 0.8007927070943026, "g5": 0.07605415581761776, "g6": 0.938852713391189, "g7": 1.454335739222144, "i0": 2.946012386521915, "i1": 0.2831404009505726, "i2": -5.211944074222448, "i3": 0.9563953832798702, "i4": 1.2773809399318634, "i5": -0.08922886203872138, "i6": 0.49301784836642903, "i7": 1.0801456175538644, "r0": 1.5427453323985252, "r1": 0.12262169860300409, "r2": -8.128760451642636, "r3": 1.4880682661119529, "r4": 1.0035594245763502, "r5": 0.29919678258262783, "r6": 0.03331356906992178, "r7": 1.1761632262298565}, "datetime": {"datetime": "2020-01-18 08:12:23", "elapsed": 41129.900436, "delta": 31.674162}}
{"target": 9.55, "params": {"d0": 4.826611283453651, "d1": -7.051281179327019, "d2": 0.7836036586917436, "g0": 4.774876383459613, "g1": 0.5177453436732872, "g2": -1.1403503269682318, "g3": 1.4582605321545798, "g4": 0.9827469345327072, "g5": 0.60945527171714, "g6": 0.08513798968180619, "g7": 0.9642753401641655, "i0": 4.580501321963361, "i1": 0.16753266346431073, "i2": -0.060814974478001105, "i3": 0.9687295769758743, "i4": 1.2491472729486401, "i5": -0.04203591884062252, "i6": 0.4259178866418103, "i7": 1.0857100816631506, "r0": 2.9739821833796642, "r1": 0.9756858613227412, "r2": -5.7235713533828525, "r3": 1.4802464444741341, "r4": 1.0384367742239924, "r5": 0.4798528463396676, "r6": 0.7797494272993972, "r7": 0.9715712672332446}, "datetime": {"datetime": "2020-01-18 08:12:51", "elapsed": 41157.565684, "delta": 27.665248}}
{"target": 18.75, "params": {"d0": 4.224200984503698, "d1": -6.465536661297332, "d2": 0.7507243673067442, "g0": 0.7523234175613736, "g1": 0.8864365142973103, "g2": -4.500425368623361, "g3": 1.3153961599669832, "g4": 0.9671431660934385, "g5": -0.181033415352313, "g6": 0.2509947431468287, "g7": 1.8527102655017955, "i0": 4.626987837879736, "i1": 0.0814527797102419, "i2": -4.836909246616448, "i3": 0.8381472106285105, "i4": 1.1954042801542584, "i5": 0.6863370363549917, "i6": -0.041581282472376524, "i7": 1.861197147453856, "r0": 0.3603330766103269, "r1": 0.03134616141541591, "r2": -6.586799643036004, "r3": 1.1537331130582058, "r4": 1.0561226298370783, "r5": -0.7612237346943123, "r6": -0.14962945544090234, "r7": 0.9416990061167674}, "datetime": {"datetime": "2020-01-18 08:13:21", "elapsed": 41187.408195, "delta": 29.842511}}
{"target": 13.95, "params": {"d0": 3.6762664386741912, "d1": -8.063467639307005, "d2": 0.803431972317771, "g0": 0.8483355667997999, "g1": 0.5608609414364435, "g2": -9.483141079169426, "g3": 0.8777793065045005, "g4": 0.8121929935142551, "g5": -0.7976988712819937, "g6": -0.06837033074797688, "g7": 1.2567775857001875, "i0": 0.6801869354079104, "i1": 0.5073066533963247, "i2": -0.601553603398532, "i3": 1.3530659177690547, "i4": 0.9608021665579403, "i5": -0.5032494758856283, "i6": 0.2655984713944082, "i7": 1.20641903905289, "r0": 2.3416677567286297, "r1": 0.830409656688809, "r2": -9.517987115325171, "r3": 0.727074712204286, "r4": 1.2558775459223566, "r5": 0.6733451968484896, "r6": 0.9436748071457628, "r7": 1.315490040460649}, "datetime": {"datetime": "2020-01-18 08:13:57", "elapsed": 41223.474875, "delta": 36.06668}}
{"target": 5.15, "params": {"d0": 4.877994514503207, "d1": -7.519428784171759, "d2": 1.0023455911681876, "g0": 3.5628152512516524, "g1": 0.5986549499195228, "g2": -2.9988745303214692, "g3": 0.7953298234262727, "g4": 1.2155986180473717, "g5": -0.012210918707112883, "g6": 0.5864533198833386, "g7": 1.3350177760492197, "i0": 4.743088981261128, "i1": 0.14288419107774397, "i2": -3.2237828115543046, "i3": 1.3823601810770774, "i4": 1.1288945767313847, "i5": 0.0987570295995226, "i6": 0.8913561637785661, "i7": 1.353216037001475, "r0": 4.432400002724946, "r1": 0.9115032232016489, "r2": -3.749108403482216, "r3": 0.9143185334819868, "r4": 0.8791363120933998, "r5": 0.43157254290607727, "r6": 0.9174242939402908, "r7": 1.4713625355512052}, "datetime": {"datetime": "2020-01-18 08:14:30", "elapsed": 41256.574577, "delta": 33.099702}}
{"target": 19.6, "params": {"d0": 2.7755944538561046, "d1": -0.1374316985004338, "d2": 0.7186405187115671, "g0": 1.2535904507356617, "g1": 0.5584315578517389, "g2": -3.6888695959136086, "g3": 1.415035908792584, "g4": 1.2040047542325623, "g5": -0.7763894318006582, "g6": 0.19541999320543302, "g7": 1.7697624870150583, "i0": 1.6040574864642227, "i1": 0.12410933620468789, "i2": -5.3216938532591795, "i3": 0.8023261638361016, "i4": 0.9013024670500123, "i5": 0.4740837113159395, "i6": 0.03807016494527504, "i7": 1.4094080379271763, "r0": 3.822656701623826, "r1": 0.5102271148232362, "r2": -0.9184212039496149, "r3": 1.2581505392444923, "r4": 1.0009109128596674, "r5": -0.08599864738985585, "r6": 0.494366568017936, "r7": 1.004413392303269}, "datetime": {"datetime": "2020-01-18 08:15:01", "elapsed": 41287.922554, "delta": 31.347977}}
{"target": 11.3, "params": {"d0": 3.109026534668396, "d1": -6.200817496856462, "d2": 1.4250243164561156, "g0": 3.6953535926500525, "g1": 0.622673288594793, "g2": -3.730726058003409, "g3": 1.0216386336013872, "g4": 1.1557793618325047, "g5": 0.6100928652766944, "g6": 0.285610968539906, "g7": 1.075980035899993, "i0": 3.3394475034838234, "i1": 0.7912975600712945, "i2": -8.476735627674461, "i3": 1.315422339242017, "i4": 0.8204461096331468, "i5": 0.37356409685569014, "i6": -0.11187188098565032, "i7": 1.1428720975698303, "r0": 0.0738220231369946, "r1": 0.5091859127920164, "r2": -9.879154777223343, "r3": 1.466536670928675, "r4": 1.1367542061224052, "r5": 0.5993256270651786, "r6": -0.44644093745328717, "r7": 1.2242053367861307}, "datetime": {"datetime": "2020-01-18 08:15:36", "elapsed": 41322.727524, "delta": 34.80497}}
{"target": 14.35, "params": {"d0": 3.192363364944058, "d1": -9.117387160513433, "d2": 1.3686693660041425, "g0": 3.171536451882038, "g1": 0.4719098559233008, "g2": -3.752244060005, "g3": 1.040496916510345, "g4": 1.1999558059303985, "g5": 0.3776566618259396, "g6": -0.458299678299322, "g7": 1.1647824660296942, "i0": 4.0337030881968925, "i1": 0.07007289555912855, "i2": -5.84728953160869, "i3": 1.1300972468017694, "i4": 1.1264644009758356, "i5": -0.7445498069417475, "i6": -0.14742412257457288, "i7": 1.292622372114915, "r0": 0.4648819584045705, "r1": 0.9869031432630645, "r2": -9.101429555322673, "r3": 0.8169441361697275, "r4": 1.1399126061868592, "r5": 0.7899885648108824, "r6": 0.0849703448339637, "r7": 1.3061264202223097}, "datetime": {"datetime": "2020-01-18 08:16:12", "elapsed": 41358.903083, "delta": 36.175559}}
