{"target": 2.7, "params": {"d0": 4.438415652398624, "d1": -9.647687293466404, "d2": 0.9059666270461396, "g0": 3.258420158703342, "g1": 0.2857829333557622, "g2": -9.902924034251834, "g3": 1.160361467571986, "g4": 0.9538961391673553, "g5": -0.5575775010366031, "g6": 0.9569249675988702, "g7": 1.0814694946888477, "i0": 3.6361772057163853, "i1": 0.890724191493513, "i2": -1.412848842730547, "i3": 0.8474056537267574, "i4": 0.9184042668471197, "i5": -0.7706197815958842, "i6": 0.8971082008972815, "i7": 1.8758332943230371, "r0": 2.9773308448477143, "r1": 0.10936765550685368, "r2": -8.264573531574985, "r3": 1.1615682967460867, "r4": 0.9258284867500726, "r5": -0.3197250668223225, "r6": -0.24351897658547245, "r7": 1.1085508909800414}, "datetime": {"datetime": "2020-01-17 21:55:17", "elapsed": 4103.694118, "delta": 46.326683}}
{"target": 15.6, "params": {"d0": 2.317105771952257, "d1": -4.901260273715641, "d2": 1.109263911731786, "g0": 4.985693996834605, "g1": 0.1295958172701398, "g2": -2.4383011161226467, "g3": 1.3350053977799141, "g4": 1.0924412993852604, "g5": -0.05961891156907961, "g6": 0.840139956025419, "g7": 1.8109982409804373, "i0": 0.25145468014351857, "i1": 0.962983753087854, "i2": -9.926601082463563, "i3": 1.1585057637471534, "i4": 1.0862154084635365, "i5": 0.535007463664827, "i6": 0.0770741018880634, "i7": 1.0001449559505804, "r0": 2.908436346844624, "r1": 0.024845860363731265, "r2": -6.382042390928387, "r3": 1.4882534416682582, "r4": 1.2343894347775102, "r5": -0.5560052131820714, "r6": 0.6982391335841234, "r7": 1.7920966113636796}, "datetime": {"datetime": "2020-01-17 21:55:55", "elapsed": 4141.410613, "delta": 37.716495}}
{"target": 11.4, "params": {"d0": 4.641036095635879, "d1": -7.756157339560154, "d2": 1.099173979599968, "g0": 4.137220457055379, "g1": 0.6673337849981975, "g2": -4.060638566162305, "g3": 1.2215806566165934, "g4": 0.9192580063995066, "g5": -0.7591358641987349, "g6": 0.604385886169801, "g7": 1.2594710078639655, "i0": 1.8837844346007322, "i1": 0.6126160541495541, "i2": -3.4283495763648295, "i3": 0.8623191204982739, "i4": 1.2130157689227095, "i5": -0.19166943160723293, "i6": 0.4476166127520872, "i7": 1.9630525572175417, "r0": 2.823931176333181, "r1": 0.35891114178885686, "r2": -3.8102989125985776, "r3": 1.1014344944505357, "r4": 1.0261881238889259, "r5": 0.37163317561002973, "r6": 0.886765224976154, "r7": 1.4271985568119485}, "datetime": {"datetime": "2020-01-17 21:56:30", "elapsed": 4176.287001, "delta": 34.876388}}
{"target": 17.5, "params": {"d0": 0.44115075500047896, "d1": -4.303464433159261, "d2": 0.8959606840918675, "g0": 0.19788955737684577, "g1": 0.7881402066436831, "g2": -7.2723176333521184, "g3": 1.321656394353907, "g4": 1.0441044715441024, "g5": -0.29130257427981554, "g6": -0.028961824923654844, "g7": 0.9462272360947259, "i0": 2.6719991845227535, "i1": 0.8235515559967603, "i2": -9.16104647500622, "i3": 0.786846964486974, "i4": 1.0646279634338585, "i5": 0.2562268953977549, "i6": 0.5421189885049924, "i7": 1.2445438646615747, "r0": 0.18888887903073248, "r1": 0.4145628796923949, "r2": -7.739558291247058, "r3": 0.7008918642019253, "r4": 1.1428582861128684, "r5": 0.7233000624872532, "r6": 0.08672764080254236, "r7": 1.2303282723086095}, "datetime": {"datetime": "2020-01-17 21:57:10", "elapsed": 4216.723709, "delta": 40.436708}}
{"target": 11.65, "params": {"d0": 2.7687590630514762, "d1": -1.4802374193511856, "d2": 1.3359739397543386, "g0": 3.4237835248928827, "g1": 0.4321070912997065, "g2": -3.095659801456863, "g3": 0.8728202810012856, "g4": 0.9419717189231234, "g5": 0.4445129774406149, "g6": 0.8949702045195349, "g7": 1.109054453978359, "i0": 1.480316447091163, "i1": 0.0062102671905160944, "i2": -5.684377547195983, "i3": 0.8682360574020808, "i4": 1.1207123912768107, "i5": 0.3353427450849735, "i6": -0.3218334284022724, "i7": 0.9903584022351248, "r0": 4.531675347901679, "r1": 0.3892387547409639, "r2": -4.6659650273398565, "r3": 1.4705932519309364, "r4": 1.1795270061081677, "r5": -0.2791355238416168, "r6": -0.3712260483195597, "r7": 1.4896264183572523}, "datetime": {"datetime": "2020-01-17 21:57:49", "elapsed": 4255.486612, "delta": 38.762903}}
{"target": 15.85, "params": {"d0": 1.6806272146866559, "d1": -9.78314595473898, "d2": 1.316921866603023, "g0": 1.9245456492699142, "g1": 0.5713211500587355, "g2": -2.4425714420376963, "g3": 1.4526779359208366, "g4": 1.1061611693423115, "g5": -0.29536611395177104, "g6": -0.3348852382294731, "g7": 0.9813107767023994, "i0": 1.5984538693636474, "i1": 0.660839138956005, "i2": -3.0484793527230973, "i3": 0.8661744320503901, "i4": 0.8413979692941738, "i5": -0.31118294194235024, "i6": 0.32136183978185906, "i7": 1.7301366419223512, "r0": 2.648286602850213, "r1": 0.28698375274707455, "r2": -3.758202767360891, "r3": 0.9118693241409566, "r4": 1.1263464571672617, "r5": 0.5470368125227807, "r6": 0.45842173055264746, "r7": 1.5221946158744073}, "datetime": {"datetime": "2020-01-17 21:58:34", "elapsed": 4300.50664, "delta": 45.020028}}
{"target": 11.55, "params": {"d0": 1.5357105463543064, "d1": -1.2322296006203874, "d2": 1.4910575077738397, "g0": 3.887397156049705, "g1": 0.5736438575704191, "g2": -8.587206673589984, "g3": 0.9519432179140828, "g4": 0.9834296592955919, "g5": -0.33296764635605475, "g6": 0.16892922212339168, "g7": 1.5716957685544104, "i0": 1.0645729525758179, "i1": 0.24975975428670383, "i2": -8.878495167789032, "i3": 0.9460708713398419, "i4": 1.0487241392923217, "i5": -0.016307544463858847, "i6": 0.9933658177695941, "i7": 1.97921941936999, "r0": 2.182813858405716, "r1": 0.9720206217903173, "r2": -7.856020958241859, "r3": 1.1328967088871627, "r4": 1.0267176572348657, "r5": 0.748174236020074, "r6": 0.7542643347030378, "r7": 1.1355616172588154}, "datetime": {"datetime": "2020-01-17 21:59:30", "elapsed": 4356.998452, "delta": 56.491812}}
{"target": 16.95, "params": {"d0": 2.197695510776956, "d1": -8.315230283535529, "d2": 1.1232697683642003, "g0": 3.967423370835167, "g1": 0.03587914896601674, "g2": -8.0864112246428, "g3": 1.481964451514413, "g4": 1.2803986530103224, "g5": 0.09054665456336297, "g6": 0.4691360822439088, "g7": 1.199302315722602, "i0": 4.7604554285642, "i1": 0.66977480632724, "i2": -3.3319200486123837, "i3": 0.7088826666959382, "i4": 1.2264849249248464, "i5": 0.4453219498883232, "i6": 0.5273859953572102, "i7": 1.7148599943215435, "r0": 0.7828621229918858, "r1": 0.71877505284865, "r2": -9.031815893067899, "r3": 1.2655595584309074, "r4": 0.8013158980627517, "r5": 0.4419292599366096, "r6": 0.23733577717230914, "r7": 1.1248255529276514}, "datetime": {"datetime": "2020-01-17 22:00:16", "elapsed": 4403.180792, "delta": 46.18234}}
{"target": 11.0, "params": {"d0": 3.646233072226976, "d1": -6.843458682168392, "d2": 1.4070540719980094, "g0": 0.9011676261611101, "g1": 0.9385506542860252, "g2": -0.2924985194683831, "g3": 0.9435881952418645, "g4": 1.2312431998521505, "g5": 0.5474865901872159, "g6": 0.1369190651419041, "g7": 1.3000528486380634, "i0": 1.412187366175225, "i1": 0.9932367844655456, "i2": -7.442489730481004, "i3": 1.4365404782072977, "i4": 1.0141676068798613, "i5": 0.696683219746254, "i6": 0.7582672512972741, "i7": 1.0713550581770641, "r0": 2.871416771754416, "r1": 0.6735030146856861, "r2": -5.941795940009548, "r3": 0.7039016355857812, "r4": 0.9626656648844802, "r5": 0.5423119167571979, "r6": -0.40576402967409586, "r7": 1.015961721083249}, "datetime": {"datetime": "2020-01-17 22:00:55", "elapsed": 4441.794361, "delta": 38.613569}}
{"target": 18.25, "params": {"d0": 3.5089367325595795, "d1": -4.8584173224381235, "d2": 1.0985334599956098, "g0": 1.8680485946320302, "g1": 0.603513616671319, "g2": -1.4853123312296148, "g3": 0.9215384451751941, "g4": 1.2223806814218174, "g5": -0.13340936228461064, "g6": 0.25147601859091084, "g7": 1.7025857164249985, "i0": 1.2936085375330364, "i1": 0.9216369186561401, "i2": -2.9793053577115174, "i3": 1.1951443384779912, "i4": 0.9365044186559589, "i5": 0.3133575301751135, "i6": -0.11417787731981693, "i7": 1.7980979373602253, "r0": 0.05736227511453029, "r1": 0.1665376436115401, "r2": -4.42171011237941, "r3": 1.2698247996820018, "r4": 1.0462403269565552, "r5": 0.6044952023679202, "r6": 0.9638049063443703, "r7": 1.4107047742986676}, "datetime": {"datetime": "2020-01-17 22:01:40", "elapsed": 4486.744459, "delta": 44.950098}}
{"target": 9.7, "params": {"d0": 3.839934897414029, "d1": -5.052278661664728, "d2": 1.2320790226686564, "g0": 1.1243748998368286, "g1": 0.10954171721626849, "g2": -0.20991062425809837, "g3": 1.3519957277647878, "g4": 0.9426917662247656, "g5": 0.13732541508467366, "g6": 0.0701068079181868, "g7": 1.0939718448468523, "i0": 2.0941757152624643, "i1": 0.2971877941967276, "i2": -9.833758934670941, "i3": 1.0098946455990476, "i4": 1.2604565019023761, "i5": 0.5251204139319181, "i6": 0.36111213279482635, "i7": 1.2505115512584208, "r0": 1.1563214744271877, "r1": 0.9560195836309339, "r2": -4.353899009312883, "r3": 0.8740842428472985, "r4": 0.9247410255493115, "r5": 0.7353539240494706, "r6": -0.141778800055412, "r7": 1.0173854971910916}, "datetime": {"datetime": "2020-01-17 22:02:19", "elapsed": 4525.305582, "delta": 38.561123}}
{"target": 2.3, "params": {"d0": 0.9198096987633458, "d1": -2.3377519308208097, "d2": 1.2670114047450092, "g0": 2.189709623885619, "g1": 0.7938045071164251, "g2": -4.824873078573805, "g3": 1.0308785289032856, "g4": 0.8587209681137948, "g5": 0.6142577054981588, "g6": -0.08661017838452478, "g7": 1.5778867956628466, "i0": 4.92289889480353, "i1": 0.1894180220437538, "i2": -0.34812008206957223, "i3": 1.2221722947405562, "i4": 0.8643658022982739, "i5": 0.4350834337168774, "i6": 0.9276636673856404, "i7": 1.5190586046583676, "r0": 3.44277599879074, "r1": 0.0263478788699828, "r2": -0.10924314492053178, "r3": 0.9547656958509461, "r4": 0.8119518896831097, "r5": 0.4937026407590215, "r6": 0.9598788276506023, "r7": 1.7113473609083494}, "datetime": {"datetime": "2020-01-17 22:03:25", "elapsed": 4592.187286, "delta": 66.881704}}
{"target": 12.8, "params": {"d0": 0.013679030227001787, "d1": -9.366394886259647, "d2": 1.1674155241820645, "g0": 1.6785755387780155, "g1": 0.8818334807517967, "g2": -1.263306306430616, "g3": 1.4900151269635533, "g4": 1.157915984536297, "g5": 0.6030139196938424, "g6": -0.020524832206921084, "g7": 1.0222946471117866, "i0": 4.326820528911899, "i1": 0.30347259796152504, "i2": -5.806677018331138, "i3": 1.2168242056572582, "i4": 1.1025495670777563, "i5": -0.12652306477619213, "i6": 0.0792257678058903, "i7": 1.034949146044907, "r0": 2.669309421517083, "r1": 0.23285409724399597, "r2": -2.451921488995387, "r3": 1.2398964673316, "r4": 0.8359634824046073, "r5": 0.7828234955772806, "r6": 0.670685403361512, "r7": 1.1506084755796575}, "datetime": {"datetime": "2020-01-17 22:04:15", "elapsed": 4641.988429, "delta": 49.801143}}
{"target": 8.55, "params": {"d0": 0.15371409174848527, "d1": -5.216281689283014, "d2": 0.9821939500008592, "g0": 2.7325574968211397, "g1": 0.6596639554249211, "g2": -2.027801926412617, "g3": 0.710835477471302, "g4": 1.1571477569394393, "g5": -0.3274976542369613, "g6": 0.9796038634561255, "g7": 1.83086590364656, "i0": 2.8020059054239095, "i1": 0.5977656853768393, "i2": -8.079243269954427, "i3": 0.8810012708696524, "i4": 0.8770065891689756, "i5": -0.19549832405689327, "i6": -0.33206683348762833, "i7": 1.4624001829976883, "r0": 3.1923897770077367, "r1": 0.12221237823698328, "r2": -6.558036410697319, "r3": 0.7562783037481662, "r4": 1.0628805936360346, "r5": 0.2404636307248087, "r6": 0.42320821206265413, "r7": 1.7952565190904337}, "datetime": {"datetime": "2020-01-17 22:05:14", "elapsed": 4701.218946, "delta": 59.230517}}
{"target": 19.3, "params": {"d0": 1.1778311825121017, "d1": -3.818181581595544, "d2": 0.9422628153861125, "g0": 0.44383853039571153, "g1": 0.3052614715658132, "g2": -9.286435250553838, "g3": 1.4668593688157365, "g4": 1.1635827174634648, "g5": -0.6376626274815935, "g6": 0.6794039835228904, "g7": 1.287370896106185, "i0": 4.557175701618962, "i1": 0.4954974347471134, "i2": -1.2730727701512787, "i3": 0.876423835794979, "i4": 0.9835961629516328, "i5": -0.21306089254658767, "i6": -0.3543009775950721, "i7": 1.2641158774723742, "r0": 3.2985490191939975, "r1": 0.4665434913737406, "r2": -1.2076843025556876, "r3": 0.9157362131122786, "r4": 0.9774096743608245, "r5": -0.2874331357590204, "r6": 0.3276069559325614, "r7": 1.1070413571669167}, "datetime": {"datetime": "2020-01-17 22:06:04", "elapsed": 4750.51111, "delta": 49.292164}}
{"target": 9.4, "params": {"d0": 0.8662213575408645, "d1": -0.6051807579154556, "d2": 1.001318170997064, "g0": 2.935490674415249, "g1": 0.05515208501882385, "g2": -8.591420031006331, "g3": 0.7770868414889947, "g4": 1.2060577839790732, "g5": -0.6349651478664573, "g6": 0.27447406851932366, "g7": 1.0711356877912817, "i0": 1.3940837771442427, "i1": 0.8826020025030701, "i2": -3.684062348690894, "i3": 1.4709301681704559, "i4": 1.0998571828079966, "i5": -0.7847684540535073, "i6": 0.1234615082806324, "i7": 0.9246859297945478, "r0": 1.5699216402347322, "r1": 0.48162493072074175, "r2": -4.24540658876192, "r3": 0.8909201623431439, "r4": 1.079143289223826, "r5": -0.16812778542842577, "r6": 0.25987328126039044, "r7": 1.1155637159967737}, "datetime": {"datetime": "2020-01-17 22:07:12", "elapsed": 4818.575105, "delta": 68.063995}}
{"target": 14.05, "params": {"d0": 0.7837580500171565, "d1": -2.4548299239761366, "d2": 0.9639785830444154, "g0": 3.220978462691082, "g1": 0.5654555965905419, "g2": -1.0046908411392899, "g3": 1.404546894325612, "g4": 1.0215557001633917, "g5": -0.4724238616123888, "g6": 0.44828856293773867, "g7": 1.6005195728812052, "i0": 3.4620875168930136, "i1": 0.9074732027348, "i2": -2.1741902195540153, "i3": 1.2002327486846776, "i4": 1.100482797699045, "i5": -0.4595855422909727, "i6": 0.47704804299680204, "i7": 1.795950187854265, "r0": 4.611612404264482, "r1": 0.9166501120809326, "r2": -4.389011941273634, "r3": 0.9078671805923901, "r4": 0.9668987284118584, "r5": 0.7964197849101127, "r6": 0.288396682326729, "r7": 1.7974973401216046}, "datetime": {"datetime": "2020-01-17 22:08:12", "elapsed": 4879.233665, "delta": 60.65856}}
{"target": 17.15, "params": {"d0": 2.9850809389228603, "d1": -4.930696126716734, "d2": 0.9788316922445581, "g0": 2.688852641156512, "g1": 0.00673470699420331, "g2": -1.2331419340342613, "g3": 1.1491891852261436, "g4": 0.8121407126623393, "g5": 0.5090795925298648, "g6": -0.29696841370689014, "g7": 0.9337025678999568, "i0": 2.311677020675579, "i1": 0.9606566952869964, "i2": -9.063857515360098, "i3": 0.7524788129080345, "i4": 1.2399677881109619, "i5": 0.5141952664692615, "i6": 0.7299541333676258, "i7": 1.414599852596909, "r0": 2.1374604728026525, "r1": 0.4010683054344961, "r2": -4.17784957860693, "r3": 1.283176535500889, "r4": 1.192146001174813, "r5": 0.2476787000966687, "r6": 0.34369924701401977, "r7": 1.3536318690423268}, "datetime": {"datetime": "2020-01-17 22:08:50", "elapsed": 4916.648456, "delta": 37.414791}}
{"target": 12.55, "params": {"d0": 1.5995753102192727, "d1": -7.1375220717381485, "d2": 0.9369413747224602, "g0": 3.413764330822216, "g1": 0.7624411821595793, "g2": -4.023802130100238, "g3": 0.8782911138028486, "g4": 0.8971975102523615, "g5": 0.42509779003320625, "g6": 0.9680407284625681, "g7": 0.9175009577518188, "i0": 1.2444907099128988, "i1": 0.7923128717707478, "i2": -2.808347022466452, "i3": 0.8967839661915478, "i4": 1.0774461905379227, "i5": 0.13693727055843308, "i6": 0.5820764149708444, "i7": 1.4100410823339713, "r0": 2.0242423576136135, "r1": 0.3080094708208896, "r2": -7.616910915931773, "r3": 0.7740026865204831, "r4": 1.1229416937088212, "r5": 0.2713127176643779, "r6": 0.5310152108752706, "r7": 0.9034602925108097}, "datetime": {"datetime": "2020-01-17 22:09:36", "elapsed": 4962.551083, "delta": 45.902627}}
{"target": 15.7, "params": {"d0": 2.191265162604931, "d1": -8.77446635088637, "d2": 1.121287468565046, "g0": 4.898698104509371, "g1": 0.4992770109633381, "g2": -6.253500207264793, "g3": 1.3510719939156763, "g4": 1.2841007191223497, "g5": -0.34060259595392745, "g6": 0.7045000596197513, "g7": 1.9957555810995968, "i0": 0.5591211987580391, "i1": 0.5310473545872221, "i2": -1.8647342051499969, "i3": 1.0010353469255184, "i4": 1.0228872631373627, "i5": 0.4014440954633067, "i6": -0.35248043157736964, "i7": 1.296578935496107, "r0": 2.818531276432279, "r1": 0.23858559594258377, "r2": -1.6004622827796702, "r3": 1.3126807938319516, "r4": 1.2827712897961694, "r5": 0.03678092002196587, "r6": -0.3402130130141104, "r7": 1.9302787253676357}, "datetime": {"datetime": "2020-01-17 22:10:23", "elapsed": 5010.026103, "delta": 47.47502}}
{"target": 11.25, "params": {"d0": 4.171179947481746, "d1": -4.555818389967624, "d2": 1.3690418219083234, "g0": 4.408454596769712, "g1": 0.7760811373668977, "g2": -4.287460229575826, "g3": 1.1922389771728659, "g4": 1.2221953413216795, "g5": 0.195546618102294, "g6": -0.19028006121855257, "g7": 1.6606372659093669, "i0": 2.660068750386908, "i1": 0.2632470589001895, "i2": -9.992134584703635, "i3": 0.8883982090399308, "i4": 1.1367833489880161, "i5": 0.6053123194895116, "i6": 0.7460538538608517, "i7": 1.0189181241473615, "r0": 0.35562489761419125, "r1": 0.7615923118790051, "r2": -7.151666278816933, "r3": 0.917442441997297, "r4": 0.8010001503042159, "r5": -0.6423375829751152, "r6": -0.2966044289114703, "r7": 1.0752962268521162}, "datetime": {"datetime": "2020-01-17 22:11:06", "elapsed": 5053.230483, "delta": 43.20438}}
{"target": 1.55, "params": {"d0": 2.226568013076826, "d1": -1.8586418527617976, "d2": 1.349838492294758, "g0": 4.549948108412241, "g1": 0.4435920386203337, "g2": -2.912894920549867, "g3": 1.090667294496359, "g4": 0.8249212790672605, "g5": -0.6713097056487247, "g6": -0.1310864971757914, "g7": 1.9797839014853182, "i0": 3.459586146383924, "i1": 0.26800758185732043, "i2": -2.9373675544868387, "i3": 1.2290769075052557, "i4": 0.8216450804369537, "i5": -0.22161986457321936, "i6": 0.6605919751034406, "i7": 0.986375206317514, "r0": 4.421920583879358, "r1": 0.9308682962545582, "r2": -1.469144876101101, "r3": 0.7939020832807584, "r4": 1.082586740850956, "r5": 0.3320959165315571, "r6": 0.8319701349102637, "r7": 1.0053536322297942}, "datetime": {"datetime": "2020-01-17 22:12:04", "elapsed": 5110.901092, "delta": 57.670609}}
{"target": 2.6, "params": {"d0": 4.078852922746642, "d1": -7.219836683312179, "d2": 1.173829908612731, "g0": 3.5989785468695983, "g1": 0.7770191493604176, "g2": -7.053351510011305, "g3": 1.1859012311591, "g4": 0.9437364371011653, "g5": 0.7973068004551516, "g6": 0.7217584119135261, "g7": 1.3553757078963042, "i0": 4.395710928321179, "i1": 0.7325011151084537, "i2": -0.7125306927224386, "i3": 0.8372885553975393, "i4": 0.9474175024604371, "i5": -0.6500213182805725, "i6": -0.023028452481930917, "i7": 1.319307475121192, "r0": 3.1635626980937674, "r1": 0.47151993834858275, "r2": -2.8233101922295303, "r3": 0.9153788268013715, "r4": 0.8865283595910922, "r5": -0.19340383555941565, "r6": 0.15712215614178182, "r7": 1.3643392245974169}, "datetime": {"datetime": "2020-01-17 22:12:58", "elapsed": 5164.794058, "delta": 53.892966}}
{"target": 19.35, "params": {"d0": 4.567848433307625, "d1": -7.304329816530457, "d2": 0.9816347221561255, "g0": 1.0760483008166348, "g1": 0.37192301140427286, "g2": -6.10144609168891, "g3": 1.1603416456894995, "g4": 0.9391824893112215, "g5": -0.38481230638744307, "g6": 0.5785920925847858, "g7": 1.9011965783297988, "i0": 0.6104840978172077, "i1": 0.18228897074998485, "i2": -8.668903551240968, "i3": 1.2468861462435976, "i4": 0.9070048863538303, "i5": 0.16731456529019795, "i6": -0.19748189779552544, "i7": 1.799532913062437, "r0": 1.5805356612909904, "r1": 0.6696167646858762, "r2": -8.512664371974392, "r3": 0.9447563576689283, "r4": 0.9486207226508383, "r5": 0.21612789207207816, "r6": 0.521320790685005, "r7": 1.8297735111542062}, "datetime": {"datetime": "2020-01-17 22:13:45", "elapsed": 5211.635725, "delta": 46.841667}}
{"target": 8.5, "params": {"d0": 0.9167345338446165, "d1": -2.3957023569356153, "d2": 1.2695515218234876, "g0": 2.7877195703873623, "g1": 0.6501629863156845, "g2": -9.100048969673027, "g3": 0.817500652578057, "g4": 1.007785860358318, "g5": 0.33819310128163993, "g6": -0.2482682545646085, "g7": 1.3278770531467392, "i0": 2.4897297694371305, "i1": 0.9350457269132086, "i2": -9.448037513454944, "i3": 1.363205992758877, "i4": 1.2920799229493922, "i5": -0.3723638183681779, "i6": 0.835085955661137, "i7": 1.21933015265295, "r0": 3.995037490983159, "r1": 0.45985736799923627, "r2": -4.023913511231299, "r3": 0.8893339014120819, "r4": 1.1438074810804075, "r5": -0.5621042142188314, "r6": 0.3395297485026594, "r7": 1.4437618235984144}, "datetime": {"datetime": "2020-01-17 22:14:54", "elapsed": 5280.52438, "delta": 68.888655}}
{"target": 9.15, "params": {"d0": 4.186029979747098, "d1": -5.18531484626267, "d2": 1.3277847679893835, "g0": 2.0014715336788784, "g1": 0.3079059334309052, "g2": -2.127728636223929, "g3": 1.03477141112914, "g4": 1.0483830306066675, "g5": 0.12371605011892639, "g6": 0.7294986068339928, "g7": 1.5394519720893913, "i0": 2.0307145134040496, "i1": 0.16058682850924277, "i2": -2.978886950858911, "i3": 1.4065862573214678, "i4": 0.8541894439520761, "i5": -0.05405763869906954, "i6": 0.9018032577685524, "i7": 1.519860084222688, "r0": 2.7262675705351516, "r1": 0.06347554987814286, "r2": -4.646998203711625, "r3": 1.2236330430559503, "r4": 0.8732959228165723, "r5": 0.7301835642349546, "r6": -0.2057738120849859, "r7": 1.6413185929137364}, "datetime": {"datetime": "2020-01-17 22:15:32", "elapsed": 5319.080007, "delta": 38.555627}}
