{"target": 19.5, "params": {"d0": 4.856179937586636, "d1": -9.830192493909754, "d2": 0.9337207267534752, "g0": 0.6105546994092105, "g1": 0.3483402381879975, "g2": -8.256888576879549, "g3": 0.7598429182338622, "g4": 1.2513229095624057, "g5": -0.5386021996324658, "g6": 0.9591971922721262, "g7": 1.6245821073356106, "i0": 1.517466861496938, "i1": 0.47625632174209614, "i2": -7.571731358189937, "i3": 1.3976458793888837, "i4": 1.0620175149795008, "i5": -0.45662496602707686, "i6": 0.8628396095151198, "i7": 1.6788118574326636, "r0": 2.1020914435228684, "r1": 0.15587092823663723, "r2": -4.347167262791291, "r3": 1.3173321650976655, "r4": 0.8, "r5": -0.13394558497083378, "r6": 0.5362771632860996, "r7": 1.275191003142631}, "datetime": {"datetime": "2020-01-19 11:17:13", "elapsed": 69872.122601, "delta": 64.181245}}
{"target": 20.15, "params": {"d0": 3.7741750556268605, "d1": -3.319633490113787, "d2": 1.2126160304811109, "g0": 0.668017003377448, "g1": 0.0031071893451835833, "g2": -8.235229033123424, "g3": 1.3147144980292949, "g4": 0.9050841739701855, "g5": -0.09382021779489058, "g6": 0.056458566617005754, "g7": 1.2545780123548644, "i0": 4.605070222164169, "i1": 0.8286292369557805, "i2": -6.735046502920154, "i3": 0.9551539633529038, "i4": 1.0882924694549019, "i5": -0.7043752323598726, "i6": 0.660214867232942, "i7": 1.350348981787514, "r0": 0.17040997442756375, "r1": 0.4500571188726123, "r2": -5.548827321719777, "r3": 1.426117487115117, "r4": 1.1088867082444525, "r5": 0.12128874489189595, "r6": 0.7175958987269562, "r7": 1.1289988430847184}, "datetime": {"datetime": "2020-01-19 11:18:12", "elapsed": 69931.15781, "delta": 59.035209}}
{"target": 19.7, "params": {"d0": 3.4663437862953126, "d1": -1.397926578974438, "d2": 0.9578467852498064, "g0": 0.542838774142879, "g1": 0.5753735977729987, "g2": -4.790640841702751, "g3": 1.127170586048725, "g4": 1.037340583664743, "g5": 0.023161251742517132, "g6": 0.25088470366635407, "g7": 1.568182908489913, "i0": 4.02788290615072, "i1": 0.5704419936630287, "i2": -6.75955441106922, "i3": 1.0967336737395343, "i4": 1.0353777798312798, "i5": -0.1455404552784335, "i6": 0.19264340294018648, "i7": 1.510611942037455, "r0": 2.685494019225077, "r1": 0.4591141058397373, "r2": -8.808643443505165, "r3": 0.9368091532215512, "r4": 1.1321107477280234, "r5": 0.6395462602210414, "r6": 0.20534572547504945, "r7": 1.3524824468611583}, "datetime": {"datetime": "2020-01-19 11:19:20", "elapsed": 69999.660636, "delta": 68.502826}}
{"target": 19.6, "params": {"d0": 3.580999746295017, "d1": -1.3949411490353008, "d2": 0.9783196309043694, "g0": 1.0439515703598574, "g1": 0.8550594189342712, "g2": -5.614853377489211, "g3": 1.4726446070015373, "g4": 0.8100846811574183, "g5": -0.28401668080591613, "g6": -0.006945577849610807, "g7": 1.4596202128124838, "i0": 4.423839672493879, "i1": 0.20753294094896801, "i2": -6.566105467009217, "i3": 0.924309225863889, "i4": 1.2882602542053363, "i5": -0.4000190348251847, "i6": -0.16806957307179993, "i7": 1.3180187733680744, "r0": 2.0137258579532413, "r1": 0.05312740880765554, "r2": -8.801671604585424, "r3": 1.3924371644595503, "r4": 1.2460430057598906, "r5": -0.7165775012809337, "r6": 0.635667298357649, "r7": 1.2198114728765552}, "datetime": {"datetime": "2020-01-19 11:20:21", "elapsed": 70060.671265, "delta": 61.010629}}
{"target": 20.95, "params": {"d0": 4.076079513201493, "d1": -1.5016428764880447, "d2": 0.9457014536103068, "g0": 0.45040250887708877, "g1": 0.33502620741413225, "g2": -4.886892719348975, "g3": 1.224112844697915, "g4": 1.1024398174301826, "g5": -0.018816178603109617, "g6": 0.06516238803628134, "g7": 1.5752849472671364, "i0": 3.7533824739838986, "i1": 0.6491042811171945, "i2": -6.374967942872184, "i3": 1.0269586607775294, "i4": 0.9927487610392478, "i5": -0.14362138782558764, "i6": 0.2154577588184268, "i7": 1.4705727755066476, "r0": 1.9606272181310453, "r1": 0.3002321711703343, "r2": -8.783378550589838, "r3": 1.0646335830754012, "r4": 0.9234532978191992, "r5": 0.4859188688214335, "r6": 0.20862200091608804, "r7": 1.4068045030978271}, "datetime": {"datetime": "2020-01-19 11:21:33", "elapsed": 70132.769308, "delta": 72.098043}}
{"target": 20.25, "params": {"d0": 3.5120567526672914, "d1": -1.4689692963258498, "d2": 1.0793346241621802, "g0": 0.6437181319830237, "g1": 0.4066300354000651, "g2": -4.790718212785566, "g3": 1.1951334340266977, "g4": 1.2559110165433751, "g5": 0.017949267511559737, "g6": 0.04862206872456949, "g7": 1.4932677362683475, "i0": 4.127405433805073, "i1": 0.5883716681620337, "i2": -6.723861180019292, "i3": 0.9675261477482536, "i4": 1.0643992262911153, "i5": -0.07067670502521799, "i6": 0.26765780603251177, "i7": 1.5968017327186197, "r0": 2.83809342990957, "r1": 0.3993381174547558, "r2": -8.762560312775673, "r3": 1.1120639847567073, "r4": 0.99685256963492, "r5": 0.4672109107157841, "r6": 0.30985173517462405, "r7": 1.3528626467897968}, "datetime": {"datetime": "2020-01-19 11:22:44", "elapsed": 70203.846589, "delta": 71.077281}}
{"target": 21.25, "params": {"d0": 3.179405156045386, "d1": -1.5928458765252074, "d2": 1.0638043662894807, "g0": 0.4883935892447637, "g1": 0.6191020062799636, "g2": -5.323413265501615, "g3": 1.1124993832371002, "g4": 1.000490037712561, "g5": 0.011785080186778266, "g6": 0.13936863742580097, "g7": 1.54866523498943, "i0": 3.2414144003795404, "i1": 0.6281097335047844, "i2": -6.570528948842873, "i3": 1.0351228262233814, "i4": 1.0819811086189652, "i5": -0.037765076287621144, "i6": 0.055075854789477754, "i7": 1.4649526965979778, "r0": 3.611270014758742, "r1": 0.539558639897855, "r2": -8.654546613215599, "r3": 1.0593694727254062, "r4": 1.1189366844544344, "r5": 0.38254807319259393, "r6": 0.07117792391398638, "r7": 1.431573151922407}, "datetime": {"datetime": "2020-01-19 11:23:50", "elapsed": 70269.841143, "delta": 65.994554}}
{"target": 20.1, "params": {"d0": 4.8246604667305215, "d1": -8.079669602377379, "d2": 1.2557711663801079, "g0": 1.0050188905628659, "g1": 0.07659212001891455, "g2": -8.419032433177382, "g3": 1.4850389788388945, "g4": 1.2665840195481874, "g5": -0.35473515329481375, "g6": 0.9407665971337934, "g7": 1.9190202250085078, "i0": 2.1615978409989864, "i1": 0.5475885332761713, "i2": -3.791862222434029, "i3": 0.8016355223022714, "i4": 0.8395073104247316, "i5": -0.30293761054346874, "i6": -0.38732223457436377, "i7": 1.7432205925127953, "r0": 2.6221350352816595, "r1": 0.3402026710692802, "r2": -2.2040872184892866, "r3": 0.8831707738491701, "r4": 0.9818499196210243, "r5": -0.48336365232159206, "r6": -0.21137102898821986, "r7": 1.0323733420984942}, "datetime": {"datetime": "2020-01-19 11:25:01", "elapsed": 70340.019921, "delta": 70.178778}}
{"target": 13.0, "params": {"d0": 4.026777217674499, "d1": -1.3523009460848527, "d2": 0.8829818317322209, "g0": 0.06336181546912067, "g1": 0.3806621245850972, "g2": -4.23750218142589, "g3": 0.8194788663806117, "g4": 1.0868789362428415, "g5": -0.05175322262073778, "g6": -0.20803202661534342, "g7": 1.8870439557753858, "i0": 3.840861884347275, "i1": 0.4804206658743543, "i2": -6.117300991945687, "i3": 0.7365337248863337, "i4": 0.8332063245584896, "i5": -0.450641954550234, "i6": 0.5280293864357164, "i7": 1.142631223026434, "r0": 3.6129412544514716, "r1": 0.31006607878304426, "r2": -9.190286291099353, "r3": 1.0078993258562292, "r4": 1.017914836145981, "r5": 0.5604086768036554, "r6": 0.27606168349876425, "r7": 1.4305268218577387}, "datetime": {"datetime": "2020-01-19 11:26:06", "elapsed": 70405.865775, "delta": 65.845854}}
{"target": 19.95, "params": {"d0": 2.064318192663229, "d1": -4.0877460144374, "d2": 0.96345729405064, "g0": 1.1408846118843867, "g1": 0.6044893275767691, "g2": -4.017781850543324, "g3": 1.2818932317494984, "g4": 1.1276716911743931, "g5": -0.1371281970057814, "g6": 0.30097036174182623, "g7": 1.1255358734194423, "i0": 4.630278285019258, "i1": 0.45812304899521794, "i2": -6.758272352826047, "i3": 1.260164152371445, "i4": 0.997461713414207, "i5": 0.13905714544903203, "i6": 0.40107214814014475, "i7": 1.3776345874390397, "r0": 4.015080329676495, "r1": 0.781537066515818, "r2": -5.259807843126005, "r3": 0.9082911144463015, "r4": 1.0245384915618596, "r5": 0.41659359414591524, "r6": 0.4853759673881423, "r7": 1.4946338565751371}, "datetime": {"datetime": "2020-01-19 11:27:13", "elapsed": 70472.060803, "delta": 66.195028}}
{"target": 20.15, "params": {"d0": 3.2379852017664486, "d1": -1.557333068508597, "d2": 1.0899391925379602, "g0": 0.45450799892043825, "g1": 0.5909181063879381, "g2": -5.217551988224372, "g3": 1.2049239678339494, "g4": 1.009028245568805, "g5": -0.01068334513040807, "g6": 0.1738832451904307, "g7": 1.6420077835283262, "i0": 3.1890327740037137, "i1": 0.5558418066872441, "i2": -6.7329203636474135, "i3": 0.9886642440810152, "i4": 1.1372666166806724, "i5": -0.10354014634498845, "i6": 0.05699481216309683, "i7": 1.4732310674137785, "r0": 3.53483002965256, "r1": 0.5128301527001341, "r2": -8.633640495474573, "r3": 1.0635448980209867, "r4": 1.1635062312978623, "r5": 0.35510185656719667, "r6": 0.11185135082248598, "r7": 1.364605564979647}, "datetime": {"datetime": "2020-01-19 11:28:27", "elapsed": 70546.744344, "delta": 74.683541}}
{"target": 20.35, "params": {"d0": 3.721755397941241, "d1": -1.4938966591452385, "d2": 1.0236643114305792, "g0": 0.6778569542904375, "g1": 0.19095367679076516, "g2": -5.985987196498987, "g3": 1.1302897362491537, "g4": 1.1210780435204486, "g5": -0.02144707033688421, "g6": 0.1860370758816267, "g7": 1.417913787839705, "i0": 3.9085655742060417, "i1": 0.5573727608970901, "i2": -6.461958949373519, "i3": 0.901683097738862, "i4": 0.9530475008267741, "i5": -0.3403088905255489, "i6": 0.0632990942679765, "i7": 1.5732974183485513, "r0": 1.5734620493046396, "r1": 0.015308904703859233, "r2": -8.902674764732827, "r3": 1.3079756706133532, "r4": 1.1701448630462867, "r5": 0.20763142633897913, "r6": 0.18312865975282827, "r7": 1.702098291207109}, "datetime": {"datetime": "2020-01-19 11:29:34", "elapsed": 70613.494784, "delta": 66.75044}}
{"target": 19.0, "params": {"d0": 3.0526416647444115, "d1": -0.9763344215533145, "d2": 1.4607393616668538, "g0": 1.16717652648429, "g1": 0.42226556990645925, "g2": -5.002484311356685, "g3": 1.358189295828372, "g4": 1.2130117567405532, "g5": 0.12134951693819374, "g6": 0.20873054287430182, "g7": 1.0454988108538532, "i0": 4.145424852860918, "i1": 0.2514963627494049, "i2": -6.463062740357165, "i3": 0.8735039220066291, "i4": 0.8706183495551085, "i5": 0.1940725614007539, "i6": -0.18804112902379794, "i7": 1.7063070338745472, "r0": 1.469156320518169, "r1": 0.4829984871565631, "r2": -9.31327405911668, "r3": 1.1879521097960248, "r4": 1.0290533598733838, "r5": -0.031331187386662074, "r6": -0.04399433895373217, "r7": 1.5579288702444198}, "datetime": {"datetime": "2020-01-19 11:30:43", "elapsed": 70681.935416, "delta": 68.440632}}
{"target": 20.3, "params": {"d0": 3.0742763836335603, "d1": -8.29024284649471, "d2": 1.1186411778659568, "g0": 0.4378145852202858, "g1": 0.24631804042110833, "g2": -8.68679566794354, "g3": 1.4433132001054807, "g4": 0.9459282775557913, "g5": -0.5118959812832039, "g6": 0.7015117661031391, "g7": 1.5071137799414605, "i0": 2.88496279453086, "i1": 0.8569338936849878, "i2": -7.604163847130563, "i3": 0.9330981668597403, "i4": 0.8630552586862212, "i5": -0.494930733449961, "i6": 0.5547231597992652, "i7": 1.377031732854279, "r0": 2.1792200418743977, "r1": 0.5882586648942707, "r2": -1.7527036742980133, "r3": 1.1509850564489403, "r4": 1.1792401003739252, "r5": -0.15968520255551089, "r6": 0.4052907725732446, "r7": 1.4778382040696092}, "datetime": {"datetime": "2020-01-19 11:31:48", "elapsed": 70747.294584, "delta": 65.359168}}
{"target": 20.7, "params": {"d0": 3.996453568843986, "d1": -1.445630079216458, "d2": 1.017269656010338, "g0": 0.7231064018003717, "g1": 0.3579301807316674, "g2": -4.775609500093816, "g3": 1.0830988240421413, "g4": 1.0976656592563958, "g5": 0.09041894431119119, "g6": 0.19558245243835165, "g7": 1.7546777191452219, "i0": 3.861555239819414, "i1": 0.6383609215196921, "i2": -6.644854975281915, "i3": 1.0009797187232161, "i4": 1.143049716045669, "i5": -0.33952913650193295, "i6": 0.1588248426455136, "i7": 1.759210179639182, "r0": 2.2352858877258694, "r1": 0.4114925269641728, "r2": -8.743361350954824, "r3": 1.0632025673643637, "r4": 0.9181810849692116, "r5": 0.4255289911060252, "r6": 0.37206386389827856, "r7": 1.5400565719926727}, "datetime": {"datetime": "2020-01-19 11:32:49", "elapsed": 70808.46536, "delta": 61.170776}}
{"target": 19.8, "params": {"d0": 2.5513077533411708, "d1": -5.83502026407044, "d2": 1.0686049376109148, "g0": 0.014932136244613757, "g1": 0.33107699547322683, "g2": -4.472231485535351, "g3": 1.447057130381668, "g4": 0.9596754378998803, "g5": -0.5034453356624428, "g6": 0.45939569232601263, "g7": 1.7847406269123114, "i0": 2.3167578358335046, "i1": 0.789338237547453, "i2": -4.127246011456239, "i3": 1.2188404617617703, "i4": 0.9650772360676908, "i5": 0.10073418972987885, "i6": -0.15519492977574117, "i7": 1.286398301650505, "r0": 2.750272466529152, "r1": 0.5269928654853357, "r2": -2.182346486715651, "r3": 1.2832847846801283, "r4": 0.953007312939442, "r5": 0.34531605544983657, "r6": 0.26896427306177606, "r7": 1.3359767784880192}, "datetime": {"datetime": "2020-01-19 11:34:07", "elapsed": 70886.016959, "delta": 77.551599}}
{"target": 20.25, "params": {"d0": 3.9170189656172836, "d1": -1.2081799071948458, "d2": 1.1577064480547747, "g0": 0.6175116043270125, "g1": 0.4932571390785688, "g2": -5.080376627075897, "g3": 1.1947041566093402, "g4": 1.1734197468185943, "g5": 0.08975798701890768, "g6": 0.06367651591882058, "g7": 1.727257289721015, "i0": 3.9764523471780318, "i1": 0.6678655921567649, "i2": -6.617447884322268, "i3": 0.9345754848185968, "i4": 1.0329195673568454, "i5": -0.2372078779201178, "i6": 0.021579447807647326, "i7": 1.6964754235897388, "r0": 2.3302118766223288, "r1": 0.3416494780086023, "r2": -8.93213205488928, "r3": 1.0211604887411496, "r4": 1.1271320070412756, "r5": 0.5342196594310568, "r6": 0.34148905790105905, "r7": 1.6243064604553248}, "datetime": {"datetime": "2020-01-19 11:35:16", "elapsed": 70955.63243, "delta": 69.615471}}
{"target": 20.25, "params": {"d0": 4.04247042077624, "d1": -1.5519346083629162, "d2": 0.9398473786336451, "g0": 0.47076641706495215, "g1": 0.24692545318332926, "g2": -4.872070449973081, "g3": 1.2095415164246266, "g4": 1.2206259153235224, "g5": 0.019716062118169706, "g6": 0.04034725003863717, "g7": 1.4850940894704747, "i0": 3.7527152903760777, "i1": 0.4836494927440401, "i2": -6.499986054023233, "i3": 0.9207441839113352, "i4": 1.0071774882184197, "i5": -0.15359965138395903, "i6": 0.2173754786381083, "i7": 1.5239393314521157, "r0": 1.9614748763115077, "r1": 0.4139187867962883, "r2": -8.626204481092211, "r3": 1.0920229764628502, "r4": 1.0125544326453655, "r5": 0.41968348463978233, "r6": 0.2695240405303655, "r7": 1.4948925116603238}, "datetime": {"datetime": "2020-01-19 11:36:18", "elapsed": 71017.819588, "delta": 62.187158}}
{"target": 20.55, "params": {"d0": 4.055395623546262, "d1": -1.5459045958894084, "d2": 0.89095733217313, "g0": 0.47024758169065584, "g1": 0.40249072590248564, "g2": -4.867768663843623, "g3": 1.236080376219941, "g4": 0.9676215346757654, "g5": -0.15977688416324434, "g6": 0.16304787412075986, "g7": 1.4306186391862719, "i0": 3.740269544298643, "i1": 0.6229739604342681, "i2": -6.433463310109511, "i3": 1.1308991102946555, "i4": 0.8940476610562027, "i5": -0.1160954879315921, "i6": 0.20362557803826714, "i7": 1.526997266600031, "r0": 1.9482383035854123, "r1": 0.2970695733265993, "r2": -8.617332530300379, "r3": 1.0309884543891674, "r4": 1.014160734061443, "r5": 0.4971465037185114, "r6": 0.2148651394749769, "r7": 1.5984183046662095}, "datetime": {"datetime": "2020-01-19 11:37:26", "elapsed": 71085.055502, "delta": 67.235914}}
{"target": 19.9, "params": {"d0": 3.4175089587720913, "d1": -1.0965887002761452, "d2": 1.1464340148052026, "g0": 0.11498832173451601, "g1": 0.0704533316432564, "g2": -4.857106456598154, "g3": 1.2049481239386703, "g4": 1.0657679549398904, "g5": -0.20527885484204522, "g6": 0.009903310678185062, "g7": 1.0451095108605075, "i0": 4.565379420822201, "i1": 0.09657802096591717, "i2": -6.2247769758101, "i3": 0.963126262570468, "i4": 1.2093726753670928, "i5": -0.7614004762286961, "i6": 0.0037534198823104825, "i7": 0.9342649947470598, "r0": 1.861251621156631, "r1": 0.6157892646880008, "r2": -8.416989924525012, "r3": 0.7310028938291553, "r4": 1.087878129681217, "r5": 0.06792907392553071, "r6": -0.10337742780207759, "r7": 1.5460379189729854}, "datetime": {"datetime": "2020-01-19 11:38:36", "elapsed": 71155.252708, "delta": 70.197206}}
{"target": 20.35, "params": {"d0": 3.5764712076663776, "d1": -7.901431328149423, "d2": 0.8555226719070944, "g0": 0.7411894957173703, "g1": 0.5493262738321729, "g2": -3.057148288984018, "g3": 0.9147114519943286, "g4": 1.2226512660328637, "g5": -0.27384659975808123, "g6": 0.2660997690808773, "g7": 1.6819640415836439, "i0": 1.0168915624455628, "i1": 0.29671143684250645, "i2": -4.928415570895676, "i3": 0.9858226345710684, "i4": 1.0187438788039345, "i5": -0.22063213206033871, "i6": 0.01995106392414947, "i7": 1.2904531529948609, "r0": 3.14944923240487, "r1": 0.5502039881064892, "r2": -4.195883384236252, "r3": 0.8247429066289069, "r4": 0.9046990362141629, "r5": -0.05327022296030273, "r6": 0.6513333827273345, "r7": 1.8084490888417966}, "datetime": {"datetime": "2020-01-19 11:40:00", "elapsed": 71239.312488, "delta": 84.05978}}
{"target": 19.9, "params": {"d0": 2.6771212955472485, "d1": -5.892890797946856, "d2": 1.0764499757080501, "g0": 0.023484171175158088, "g1": 0.35818776658395707, "g2": -4.723999156847395, "g3": 1.4586230737380261, "g4": 0.9928832699688657, "g5": -0.5453056823745713, "g6": 0.5313188529063532, "g7": 1.8196478026714817, "i0": 2.453846565684797, "i1": 0.6558641056889419, "i2": -3.991835012772067, "i3": 1.1192114415589869, "i4": 1.1667108335729164, "i5": 0.1663119777823575, "i6": -0.12477510830047513, "i7": 1.430776973273254, "r0": 2.673559201901625, "r1": 0.3731782557676724, "r2": -2.054081656476789, "r3": 1.092824976797973, "r4": 0.9326303220072757, "r5": 0.3849395260104262, "r6": 0.3174823267149662, "r7": 1.4686889954555162}, "datetime": {"datetime": "2020-01-19 11:41:11", "elapsed": 71310.007854, "delta": 70.695366}}
{"target": 20.85, "params": {"d0": 3.5317609301425374, "d1": -1.49366957105912, "d2": 0.8923757834773165, "g0": 0.47714222820890534, "g1": 0.4888828494114114, "g2": -4.441777255682806, "g3": 1.2117382194531299, "g4": 0.9698808536153385, "g5": -0.11091777243407351, "g6": 0.11939156306787634, "g7": 1.4381559262930361, "i0": 3.7961660585184274, "i1": 0.6644241640637217, "i2": -6.4964507092073065, "i3": 1.0347259285292223, "i4": 0.9293073816673526, "i5": -0.07333828001967346, "i6": 0.14957262413259417, "i7": 1.4676285506283262, "r0": 3.3146708436387375, "r1": 0.4461222649248856, "r2": -8.493005223955722, "r3": 1.1330810482635034, "r4": 1.0959538843445114, "r5": 0.3494560191798861, "r6": 0.2526284970023571, "r7": 1.4908386943352638}, "datetime": {"datetime": "2020-01-19 11:42:17", "elapsed": 71376.915042, "delta": 66.907188}}
{"target": 19.85, "params": {"d0": 4.640645575025724, "d1": -8.20499780033056, "d2": 1.2983156124096986, "g0": 0.8742541875899968, "g1": 0.5274539594807107, "g2": -2.589930894350104, "g3": 1.265101289436733, "g4": 0.9357785317712951, "g5": -0.05462492762203236, "g6": 0.3454121502041348, "g7": 1.057754517415806, "i0": 0.7759875820351241, "i1": 0.6455741474675144, "i2": -4.663942685364526, "i3": 0.9379897327458798, "i4": 1.038490511158854, "i5": 0.29187185743212263, "i6": -0.3053555528031457, "i7": 1.4524769165000104, "r0": 3.6087753934253466, "r1": 0.7948828189828431, "r2": -4.448713646373396, "r3": 0.9692209204853299, "r4": 1.2460711442147112, "r5": 0.21154157931403025, "r6": 0.3418102949023155, "r7": 1.9090442459502106}, "datetime": {"datetime": "2020-01-19 11:43:31", "elapsed": 71450.359812, "delta": 73.44477}}
{"target": 20.65, "params": {"d0": 4.076739711597547, "d1": -1.3910360333908554, "d2": 0.9199091750391715, "g0": 0.7170429096197407, "g1": 0.3568826195651837, "g2": -4.974178351159663, "g3": 1.174668094029264, "g4": 1.2151565683866001, "g5": 0.08310796154337537, "g6": 0.14027438484644356, "g7": 1.766253303903487, "i0": 3.826731305643078, "i1": 0.5916422176049055, "i2": -6.674418218171771, "i3": 1.105552772017173, "i4": 1.087411693843417, "i5": -0.18212420900570248, "i6": 0.03057559668753534, "i7": 1.7285841948762042, "r0": 2.2802923464133342, "r1": 0.3843250396967079, "r2": -8.76992428528401, "r3": 0.9948035263708433, "r4": 1.0340591148321079, "r5": 0.46950159888098186, "r6": 0.18165868117583825, "r7": 1.4875999653878949}, "datetime": {"datetime": "2020-01-19 11:44:33", "elapsed": 71512.465021, "delta": 62.105209}}
{"target": 8.85, "params": {"d0": 2.552007713569864, "d1": -0.08377408758295779, "d2": 1.0621494147186608, "g0": 1.6679292788145301, "g1": 0.2527263129319638, "g2": -9.73515920880412, "g3": 0.7812211570239063, "g4": 1.2943577404569528, "g5": -0.084191374276126, "g6": -0.3581439230818706, "g7": 1.3435626769309281, "i0": 2.905431354224588, "i1": 0.5145425331101453, "i2": -2.7247751104863127, "i3": 1.1090796953005138, "i4": 1.1015421594673775, "i5": 0.4587551361835289, "i6": -0.308234154007058, "i7": 1.9203595487357745, "r0": 4.718991139907082, "r1": 0.8933239463809904, "r2": -8.567762403721346, "r3": 0.8610059427444394, "r4": 1.0418739388471647, "r5": 0.5423476522921298, "r6": 0.4391637071755716, "r7": 1.2082801170247994}, "datetime": {"datetime": "2020-01-19 11:45:26", "elapsed": 71565.872136, "delta": 53.407115}}
