{"target": 11.85, "params": {"d0": 4.376873279925767, "d1": -3.3314852291638744, "d2": 1.3603196384868197, "g0": 3.3877872184838296, "g1": 0.30937352483917446, "g2": -0.9640100860096918, "g3": 0.9564783019546719, "g4": 1.1385545846791252, "g5": -0.48850946975592113, "g6": -0.11699891227373932, "g7": 1.231746419892378, "i0": 1.9721637779439671, "i1": 0.2496178506492982, "i2": -8.92691769764824, "i3": 1.3170386213959733, "i4": 1.1274520989372339, "i5": 0.12247163275148709, "i6": 0.7209429905154252, "i7": 0.9301108200126906, "r0": 4.775424302308961, "r1": 0.5993997586705455, "r2": -2.0513561101635887, "r3": 1.4121253540691767, "r4": 0.9455566107161815, "r5": 0.7564989405169142, "r6": 0.9477782212731658, "r7": 1.0343998121348836}, "datetime": {"datetime": "2020-01-18 03:12:28", "elapsed": 23134.975727, "delta": 40.319327}}
{"target": 10.75, "params": {"d0": 4.786921552055982, "d1": -0.5745642085880256, "d2": 0.9227931981920796, "g0": 4.797764110771063, "g1": 0.7120248650325318, "g2": -5.047239843393779, "g3": 1.1565391191648118, "g4": 1.2271364917350676, "g5": -0.01790164463268762, "g6": 0.8286011610471513, "g7": 1.2316393704937063, "i0": 1.7671921483621227, "i1": 0.15703113197166718, "i2": -1.0141948756095935, "i3": 0.9909925461464355, "i4": 0.9630142413053451, "i5": 0.310441955895318, "i6": 0.3523803084142424, "i7": 1.3957080446909291, "r0": 2.9934671053506134, "r1": 0.008729787913293818, "r2": -8.190849206259989, "r3": 1.2759913765109838, "r4": 1.188244092083121, "r5": 0.45928353061085425, "r6": 0.6496715358345575, "r7": 0.9615725794026785}, "datetime": {"datetime": "2020-01-18 03:13:04", "elapsed": 23170.914539, "delta": 35.938812}}
{"target": 19.85, "params": {"d0": 2.694673823059699, "d1": -2.197062210732965, "d2": 0.903852468156129, "g0": 0.6710635541026599, "g1": 0.47577887947164577, "g2": -6.067277627338331, "g3": 1.1619362423948216, "g4": 0.925484601575024, "g5": -0.34466574177482756, "g6": 0.5693836791475331, "g7": 1.8931057803154725, "i0": 3.9727349464255433, "i1": 0.21938373439733339, "i2": -1.9411774644429673, "i3": 1.4105440114543328, "i4": 0.9148988549450143, "i5": 0.7735692403745178, "i6": 0.6295212516127289, "i7": 1.282051006334055, "r0": 3.461326374508112, "r1": 0.48266024881059555, "r2": -7.105659477633087, "r3": 1.2420068127153492, "r4": 1.2071639459414731, "r5": 0.302192046428593, "r6": -0.15583033157282034, "r7": 1.7995903758343959}, "datetime": {"datetime": "2020-01-18 03:19:54", "elapsed": 23580.637133, "delta": 31.690129}}
{"target": 14.3, "params": {"d0": 4.014070161162196, "d1": -1.8960587184604432, "d2": 1.0077678787468294, "g0": 1.9337862627773754, "g1": 0.5924984788918073, "g2": -9.256429843786746, "g3": 1.0810146112771166, "g4": 0.9769394832658365, "g5": -0.17997953777780662, "g6": -0.10090445267431325, "g7": 1.800011658777753, "i0": 4.416552672961477, "i1": 0.4608411500941556, "i2": -6.374663476250976, "i3": 0.9426422267047279, "i4": 1.027751236572342, "i5": 0.16548457107777614, "i6": -0.2959709122534006, "i7": 1.3348697453377258, "r0": 2.188125584540281, "r1": 0.912579270201956, "r2": -0.7262832932761345, "r3": 1.41002700686864, "r4": 1.047177914350717, "r5": 0.20542461208201557, "r6": 0.2195247387259015, "r7": 1.7627603544864194}, "datetime": {"datetime": "2020-01-18 03:20:31", "elapsed": 23618.054433, "delta": 37.4173}}
{"target": 16.95, "params": {"d0": 0.04393782872153862, "d1": -2.3634904299007253, "d2": 1.0217042548412443, "g0": 0.9229658803478091, "g1": 0.5912094516281197, "g2": -2.4672959679023414, "g3": 0.7633717282509117, "g4": 1.201926254053402, "g5": -0.5802820867175336, "g6": 0.13297521584922056, "g7": 1.340138093442133, "i0": 3.8431185775641232, "i1": 0.2949340354634086, "i2": -4.56426254315034, "i3": 0.7761487879059258, "i4": 0.982211252339348, "i5": -0.06866157336822831, "i6": 0.6267751007261841, "i7": 1.7427999280300588, "r0": 0.6768753982443798, "r1": 0.06560749284957101, "r2": -6.63283795545691, "r3": 0.8399620255220941, "r4": 1.1258074923588168, "r5": 0.6338371301201275, "r6": -0.3324128739601224, "r7": 1.5491690279481023}, "datetime": {"datetime": "2020-01-18 03:21:07", "elapsed": 23654.234494, "delta": 36.180061}}
{"target": 14.55, "params": {"d0": 4.104514083093867, "d1": -8.724349123520009, "d2": 0.8704775357698379, "g0": 3.829604499379315, "g1": 0.556923478419431, "g2": -6.029200018936086, "g3": 1.1549099343659242, "g4": 0.9227932970400006, "g5": -0.11298857174711097, "g6": -0.45939525547324633, "g7": 1.570749056035837, "i0": 2.5069352564625436, "i1": 0.6113782404589253, "i2": -8.496022198778707, "i3": 1.4098753385551257, "i4": 0.9443539130361014, "i5": 0.6239740727034608, "i6": 0.001485829850692788, "i7": 1.6440914992011466, "r0": 0.8783737785078455, "r1": 0.16020151532967253, "r2": -3.2989109757634676, "r3": 0.8798917739561448, "r4": 1.1898274153687947, "r5": -0.516790096618255, "r6": 0.9610193686604178, "r7": 1.1865282544157014}, "datetime": {"datetime": "2020-01-18 03:26:17", "elapsed": 23964.031136, "delta": 35.712029}}
{"target": 16.6, "params": {"d0": 0.57406353091009, "d1": -9.150101079422303, "d2": 1.29974962618647, "g0": 2.76410105386361, "g1": 0.06357475804311052, "g2": -2.4207019508152348, "g3": 1.422284930163169, "g4": 1.0268261846837798, "g5": 0.6880373880879078, "g6": 0.2227534880344768, "g7": 1.9278001600084345, "i0": 2.599315628618349, "i1": 0.746905849170836, "i2": -6.549983802085314, "i3": 0.740342746140793, "i4": 1.0508733401473642, "i5": 0.6880416388804693, "i6": 0.5997915833048273, "i7": 1.4611270704225103, "r0": 0.32867470197165294, "r1": 0.4730636603616343, "r2": -4.242229093268959, "r3": 1.3967408546755293, "r4": 1.2993155200461568, "r5": -0.7147272250549421, "r6": -0.4400286162388853, "r7": 1.7299248560427785}, "datetime": {"datetime": "2020-01-18 03:26:57", "elapsed": 24003.386437, "delta": 39.355301}}
{"target": 18.65, "params": {"d0": 4.847226360308297, "d1": -7.904839758557147, "d2": 1.0168709324338876, "g0": 1.7401086402799104, "g1": 0.6851609982004415, "g2": -6.1182519874122265, "g3": 1.4807719203064806, "g4": 1.0392995490750947, "g5": 0.13660695414705815, "g6": 0.8853201588366792, "g7": 1.0128103912067936, "i0": 4.232359720390438, "i1": 0.2815626234525739, "i2": -0.6184427312524399, "i3": 1.4493579302943618, "i4": 0.9487307103378231, "i5": 0.6544826821668508, "i6": 0.32674201721959206, "i7": 1.454939542968018, "r0": 2.972535405049258, "r1": 0.7739953371463794, "r2": -4.156259740950609, "r3": 1.0238713880024435, "r4": 0.9788445136002915, "r5": 0.6076222222129002, "r6": 0.26450311199080256, "r7": 1.812001112733817}, "datetime": {"datetime": "2020-01-18 03:27:26", "elapsed": 24032.706507, "delta": 29.32007}}
{"target": 20.35, "params": {"d0": 3.08202911131592, "d1": -1.0228222875328434, "d2": 1.246770970326983, "g0": 0.6610890633293115, "g1": 0.5133731268959725, "g2": -7.781840120786439, "g3": 1.19846992309271, "g4": 1.0469435504851634, "g5": 0.06275192948491493, "g6": 0.08474296301701711, "g7": 1.570259996314279, "i0": 4.68469210563083, "i1": 0.5465570887864888, "i2": -6.680105099547697, "i3": 0.705156994621953, "i4": 0.8746238435538707, "i5": -0.7037217700000933, "i6": -0.4248599705551063, "i7": 1.8771946261646688, "r0": 1.9032101040503269, "r1": 0.08267147214128745, "r2": -9.692164525545872, "r3": 1.1403095347436643, "r4": 1.0885847371940902, "r5": 0.1896589899149529, "r6": 0.12273319684456285, "r7": 1.7160653999044098}, "datetime": {"datetime": "2020-01-18 03:28:05", "elapsed": 24071.43946, "delta": 38.732953}}
{"target": 8.85, "params": {"d0": 4.750475870511116, "d1": -5.368555143834859, "d2": 0.8316806141991059, "g0": 0.24748235226064674, "g1": 0.4101498723343173, "g2": -0.35422657591409035, "g3": 1.1876448267456805, "g4": 0.8758841232579817, "g5": -0.5374471863403056, "g6": 0.4886144723753235, "g7": 1.530264267724021, "i0": 4.058047441396107, "i1": 0.09023616841175552, "i2": -6.121177835223959, "i3": 1.3916359708640438, "i4": 1.114783181603268, "i5": -0.6903010910363465, "i6": 0.9657459093378431, "i7": 1.4572488450708416, "r0": 1.0255794188142464, "r1": 0.7071429022062972, "r2": -3.7507760582401914, "r3": 1.3048283665965925, "r4": 0.9499849827521283, "r5": 0.34358088081856963, "r6": 0.4992096620320574, "r7": 1.841703644563429}, "datetime": {"datetime": "2020-01-18 03:28:26", "elapsed": 24092.717713, "delta": 21.278253}}
{"target": 12.75, "params": {"d0": 0.7777060335746316, "d1": -8.19413012831999, "d2": 0.9130242461848527, "g0": 2.952024364539048, "g1": 0.05032832202720594, "g2": -1.710592041284153, "g3": 1.4034394596453756, "g4": 1.1570748208125758, "g5": -0.23085804669059196, "g6": -0.3435956546326531, "g7": 0.9138231958611912, "i0": 3.7652973143303923, "i1": 0.654875394807308, "i2": -0.49195109314090324, "i3": 1.4538769102372395, "i4": 0.8416196302904364, "i5": 0.7435283533807884, "i6": 0.2507180911853474, "i7": 0.9793395794720572, "r0": 4.8090285528300605, "r1": 0.3424468047442263, "r2": -8.55863175845393, "r3": 1.3331501719095709, "r4": 0.9045914308908495, "r5": -0.0796540028652245, "r6": 0.315610185726509, "r7": 1.2524701344914746}, "datetime": {"datetime": "2020-01-18 03:29:12", "elapsed": 24138.307169, "delta": 45.589456}}
{"target": 9.5, "params": {"d0": 2.0921081367321044, "d1": -2.1807823026740394, "d2": 1.060051367029975, "g0": 1.9912655693985204, "g1": 0.8002079321745434, "g2": -0.6913495248911374, "g3": 1.145059083360759, "g4": 0.9028609362311688, "g5": -0.43751592954155716, "g6": 0.5330601375344108, "g7": 1.3409706428905672, "i0": 4.096967931857369, "i1": 0.894981152598042, "i2": -6.2289069134413255, "i3": 0.9335134094474289, "i4": 1.27642685056278, "i5": 0.48204195745138834, "i6": -0.2636604470220027, "i7": 1.8848791085121148, "r0": 4.602761035914869, "r1": 0.19547093805786786, "r2": -1.968157384619884, "r3": 1.3213926023545561, "r4": 1.0813193686083453, "r5": 0.06034061027776316, "r6": 0.06579588612523457, "r7": 1.9164773321083817}, "datetime": {"datetime": "2020-01-18 03:29:43", "elapsed": 24170.028267, "delta": 31.721098}}
{"target": 10.4, "params": {"d0": 0.8654482951942394, "d1": -7.482556853420154, "d2": 0.8799572074329665, "g0": 4.260168701415194, "g1": 0.32109112104011484, "g2": -2.6844014710457405, "g3": 0.909492569614403, "g4": 0.8940975999999995, "g5": 0.7212376684010451, "g6": 0.9472092288948151, "g7": 0.9366270610015975, "i0": 3.078614533733268, "i1": 0.8092026031092496, "i2": -8.729461766088086, "i3": 0.7894506682491903, "i4": 0.8599679725760166, "i5": 0.06434723788137764, "i6": -0.4025123644593063, "i7": 0.9332643556617324, "r0": 2.050229348171297, "r1": 0.0381452668669815, "r2": -0.9348416887260669, "r3": 1.2085437152118619, "r4": 1.1166012179824731, "r5": -0.4558647899013828, "r6": 0.8930067367126395, "r7": 1.3385402628379532}, "datetime": {"datetime": "2020-01-18 03:30:29", "elapsed": 24215.657672, "delta": 45.629405}}
{"target": 6.15, "params": {"d0": 4.395587573886376, "d1": -0.5048940877082675, "d2": 0.762744700256055, "g0": 4.122624497386229, "g1": 0.001239280556286415, "g2": -6.576127400523798, "g3": 0.9081922215905806, "g4": 1.065607896978023, "g5": -0.6760770692035447, "g6": -0.4333211291433878, "g7": 1.8848632160345038, "i0": 3.8245670577010493, "i1": 0.7167771222592507, "i2": -2.299565436429125, "i3": 0.8096497106853655, "i4": 1.1114151696093808, "i5": 0.5507509679730309, "i6": -0.41715218140933114, "i7": 1.7784561994108223, "r0": 3.9971421808122622, "r1": 0.8879797376437661, "r2": -6.08157251283965, "r3": 1.3045753832138847, "r4": 1.171460073341942, "r5": -0.17323304887869173, "r6": 0.9279814351549331, "r7": 0.9442167746504425}, "datetime": {"datetime": "2020-01-18 03:31:05", "elapsed": 24251.899672, "delta": 36.242}}
{"target": 9.75, "params": {"d0": 0.9537920457269644, "d1": -6.3431328371353874, "d2": 1.335785021306942, "g0": 3.2251604540827583, "g1": 0.5073616559048784, "g2": -0.158145522222906, "g3": 0.8061743518959988, "g4": 1.007277602295373, "g5": 0.28720009534033264, "g6": 0.06885636293389408, "g7": 1.1275881986945056, "i0": 2.1933463595904756, "i1": 0.7861418138544717, "i2": -6.950307943365726, "i3": 1.0661573147940349, "i4": 1.0090557800990838, "i5": -0.4562738540207223, "i6": 0.5208497120040385, "i7": 1.3878416566197354, "r0": 2.9230944007837643, "r1": 0.11127838151720493, "r2": -1.2606374862117935, "r3": 1.3869505553264725, "r4": 0.960357265916048, "r5": -0.3282372886699918, "r6": -0.2690650127902779, "r7": 1.7404057627205733}, "datetime": {"datetime": "2020-01-18 03:31:47", "elapsed": 24293.2854, "delta": 41.385728}}
{"target": 7.7, "params": {"d0": 3.9030376632147004, "d1": -6.1624868693712305, "d2": 1.335095345699505, "g0": 2.607400268759336, "g1": 0.9380387038311976, "g2": -3.8022020629394904, "g3": 0.7959132702280656, "g4": 0.804081525894556, "g5": -0.1941042943003387, "g6": 0.7262279602377004, "g7": 1.1974990254595512, "i0": 0.8226245910300989, "i1": 0.6483140139201826, "i2": -7.648989579194127, "i3": 0.9411169200135707, "i4": 0.815337649887468, "i5": 0.3763634860773508, "i6": 0.03593511109059411, "i7": 1.5464516262266355, "r0": 4.0286046745054565, "r1": 0.7610615941421683, "r2": -9.487709068406378, "r3": 0.9447216734227112, "r4": 1.2065931018208944, "r5": -0.7003496181974326, "r6": 0.9420466830369376, "r7": 0.9467772346303277}, "datetime": {"datetime": "2020-01-18 03:32:21", "elapsed": 24327.334145, "delta": 34.048745}}
{"target": 11.95, "params": {"d0": 1.8239488519412212, "d1": -3.5993809585008476, "d2": 1.1782484952273822, "g0": 3.187111698901552, "g1": 0.16040595139844105, "g2": -4.929287919710358, "g3": 0.8233761279544906, "g4": 0.8161869192804492, "g5": 0.3969560224460409, "g6": 0.0882139437704772, "g7": 1.5156669374965968, "i0": 0.34706569136089604, "i1": 0.8395750027268363, "i2": -5.936650292407788, "i3": 0.8226968559402278, "i4": 0.8915017677120471, "i5": 0.25635982055648965, "i6": 0.4783298158318672, "i7": 0.9643706363730112, "r0": 2.13164591698837, "r1": 0.4497476780031914, "r2": -6.5765374198995, "r3": 1.264374263009827, "r4": 1.10909916826076, "r5": 0.7775908113089118, "r6": -0.44182156012196483, "r7": 1.8072400519379583}, "datetime": {"datetime": "2020-01-18 03:32:54", "elapsed": 24360.762994, "delta": 33.428849}}
{"target": 7.2, "params": {"d0": 3.683568085474775, "d1": -0.18886974002178292, "d2": 1.0272770534440328, "g0": 3.0852806952427514, "g1": 0.9267664027026086, "g2": -2.248811732506172, "g3": 1.216205479045816, "g4": 0.8649807724249734, "g5": 0.37521476151153776, "g6": 0.9963599618597097, "g7": 0.927471173786132, "i0": 4.155548909131926, "i1": 0.498158317560052, "i2": -0.6452488473986371, "i3": 0.8148670577720553, "i4": 1.125615071557974, "i5": -0.46508204982271695, "i6": 0.39402204682826625, "i7": 1.4427757816717262, "r0": 4.347955354251366, "r1": 0.9903751835684459, "r2": -1.5107566127624334, "r3": 1.0741173633014307, "r4": 1.2208738798980636, "r5": -0.5426769487690439, "r6": -0.47310293586537044, "r7": 1.58756533245749}, "datetime": {"datetime": "2020-01-18 03:33:21", "elapsed": 24387.701985, "delta": 26.938991}}
{"target": 20.55, "params": {"d0": 2.1225083367796334, "d1": -1.5193711231279838, "d2": 1.297094578543919, "g0": 0.9218153956109459, "g1": 0.5341403009924707, "g2": -3.8895262731657443, "g3": 0.9876566310045906, "g4": 0.9847200148558533, "g5": -0.23638063431430878, "g6": 0.6213398363837015, "g7": 1.2374826163825317, "i0": 2.4118683900021343, "i1": 0.5795370887992325, "i2": -4.655760364537036, "i3": 1.4394731373600222, "i4": 1.167463507251223, "i5": -0.42224356946566, "i6": -0.13482753282444093, "i7": 1.213494230910717, "r0": 3.302217335021973, "r1": 0.8514671088338097, "r2": -3.23463676961714, "r3": 1.4759507535354928, "r4": 0.8475350228502098, "r5": -0.09872419130958154, "r6": 0.4948781985057361, "r7": 1.256407297147637}, "datetime": {"datetime": "2020-01-18 03:33:55", "elapsed": 24421.829146, "delta": 34.127161}}
{"target": 19.2, "params": {"d0": 2.940080616128482, "d1": -6.107800683691824, "d2": 0.8753807779508123, "g0": 1.2452100607006988, "g1": 0.5072920322882011, "g2": -3.564571952091285, "g3": 1.4753386836554707, "g4": 1.1384384169677664, "g5": -0.3560183432329554, "g6": 0.22480705751447383, "g7": 1.4617254322117992, "i0": 0.6865368806395838, "i1": 0.6843185619666649, "i2": -4.243759060651712, "i3": 1.2080529394777868, "i4": 0.9777054468911055, "i5": 0.24265234865775787, "i6": -0.165367434448021, "i7": 1.3273706950533661, "r0": 1.7845793524315683, "r1": 0.7577495342991531, "r2": -5.854400540050342, "r3": 0.9359559445228554, "r4": 0.8920207135357026, "r5": 0.5787456472864434, "r6": 0.9906734302886124, "r7": 1.054954265005642}, "datetime": {"datetime": "2020-01-18 03:38:56", "elapsed": 24722.730865, "delta": 32.537273}}
{"target": 15.1, "params": {"d0": 1.568900187092463, "d1": -1.9767065911349118, "d2": 1.4649899120175227, "g0": 3.797259839359286, "g1": 0.926536825626325, "g2": -9.107142513716513, "g3": 1.3934853484083658, "g4": 1.2919883991760064, "g5": 0.06659555160391695, "g6": 0.7729298457370009, "g7": 1.3200901605113453, "i0": 3.402255959310958, "i1": 0.4511782768319291, "i2": -3.806334168513371, "i3": 0.7734045760010365, "i4": 1.251728886846112, "i5": -0.7755883738869948, "i6": 0.3328765955853935, "i7": 1.0124956863119783, "r0": 4.828282600980736, "r1": 0.4990786462974879, "r2": -0.15130514485003133, "r3": 1.1670083261913318, "r4": 1.0495702187319194, "r5": -0.16819946936443608, "r6": 0.7947747418974707, "r7": 1.2707420579961557}, "datetime": {"datetime": "2020-01-18 03:39:36", "elapsed": 24762.918836, "delta": 40.187971}}
{"target": 9.9, "params": {"d0": 3.6438514020413013, "d1": -8.908501597017754, "d2": 1.312735785347405, "g0": 3.6350729991541835, "g1": 0.7667085112046392, "g2": -0.531455160067889, "g3": 0.790662331766738, "g4": 0.8992807025774759, "g5": -0.6747897734847735, "g6": 0.04323177103498732, "g7": 1.416505506313928, "i0": 2.6101288654084924, "i1": 0.322201555848762, "i2": -0.9095840253907905, "i3": 1.2120882979087608, "i4": 1.1807234701345375, "i5": -0.16586347858080974, "i6": 0.9690736890275977, "i7": 1.1672895061543591, "r0": 4.7051053117928925, "r1": 0.6789884181988092, "r2": -4.674394726147018, "r3": 1.062744602624748, "r4": 0.9663997040283652, "r5": 0.2422133508200095, "r6": -0.3420168027804393, "r7": 1.1787292267304217}, "datetime": {"datetime": "2020-01-18 03:40:12", "elapsed": 24798.869131, "delta": 35.950295}}
{"target": 17.95, "params": {"d0": 4.648955740486964, "d1": -7.936984062814565, "d2": 1.3539615651344643, "g0": 1.748739118964292, "g1": 0.7317485341940879, "g2": -9.824144974101404, "g3": 1.2539292369855963, "g4": 0.989595323725903, "g5": 0.4533369863966634, "g6": 0.29989619520628374, "g7": 1.9065541808934903, "i0": 0.49025009948262865, "i1": 0.5230967659809692, "i2": -5.561850609483541, "i3": 1.33911391697587, "i4": 1.1564892947065495, "i5": 0.13774029503790852, "i6": 0.6036436928661186, "i7": 1.525783718450799, "r0": 2.793192204568156, "r1": 0.5527559655755627, "r2": -0.5451857872029624, "r3": 0.9708763254931518, "r4": 1.0462766496769704, "r5": -0.5519324262788263, "r6": -0.4748277844973911, "r7": 1.4901265821975613}, "datetime": {"datetime": "2020-01-18 03:40:42", "elapsed": 24829.229114, "delta": 30.359983}}
{"target": 14.5, "params": {"d0": 3.8075295713754476, "d1": -0.6973480448699334, "d2": 0.8950257641764425, "g0": 3.662195853759994, "g1": 0.7083234762641373, "g2": -5.035070104359805, "g3": 0.9392264132520518, "g4": 1.256668848989198, "g5": 0.6928902243324102, "g6": -0.3998468790637271, "g7": 1.5309475428641766, "i0": 4.4019603788512525, "i1": 0.975275806701713, "i2": -0.2221425294817223, "i3": 1.0034616578241424, "i4": 1.258431515051009, "i5": -0.5158256485649071, "i6": -0.24770212214058424, "i7": 1.2983501474703916, "r0": 0.48501013375562896, "r1": 0.990932136987217, "r2": -3.2017905401419977, "r3": 1.135092325775539, "r4": 1.2648835757095354, "r5": 0.7959588135379452, "r6": 0.7172063102151944, "r7": 1.012565580303034}, "datetime": {"datetime": "2020-01-18 03:41:19", "elapsed": 24866.067995, "delta": 36.838881}}
{"target": 8.8, "params": {"d0": 0.40586494529147976, "d1": -5.857511862731672, "d2": 1.1438019423678634, "g0": 3.334801768844854, "g1": 0.7941183349668649, "g2": -3.448768105766675, "g3": 0.9653663536166381, "g4": 1.193613028877977, "g5": -0.441506659278034, "g6": -0.11777632378737285, "g7": 1.2852865277230765, "i0": 2.227644057991392, "i1": 0.46996163534316815, "i2": -0.9177103049559818, "i3": 0.7171878651509321, "i4": 1.239202050214532, "i5": 0.23982831606288602, "i6": 0.13683861424247534, "i7": 1.1786265103704563, "r0": 4.315322275000437, "r1": 0.9800834914250581, "r2": -7.211896583663949, "r3": 1.4687117897389077, "r4": 0.9547954630388975, "r5": 0.25999692376938577, "r6": 0.7035510617891214, "r7": 1.344170541740854}, "datetime": {"datetime": "2020-01-18 03:42:15", "elapsed": 24921.608795, "delta": 55.5408}}
{"target": 20.05, "params": {"d0": 4.905860496866336, "d1": -6.570653517378423, "d2": 0.7877346051307583, "g0": 0.7876889242639817, "g1": 0.08241107404637038, "g2": -3.833861109604425, "g3": 1.182798660094252, "g4": 0.973286328722663, "g5": -0.17925187444177193, "g6": 0.39366662180741363, "g7": 1.4598665994931035, "i0": 3.5965332959002563, "i1": 0.5669788409929658, "i2": -2.33922309314209, "i3": 1.3940212121105444, "i4": 0.9246500975511494, "i5": -0.5472992931092533, "i6": -0.0305729130217407, "i7": 1.328124341129914, "r0": 1.0237238542694915, "r1": 0.5702596551319961, "r2": -3.784703000107924, "r3": 1.025650830148649, "r4": 1.0221398918140996, "r5": -0.7801226520948229, "r6": 0.049853238810676714, "r7": 1.1611498528854207}, "datetime": {"datetime": "2020-01-18 03:42:53", "elapsed": 24959.506079, "delta": 37.897284}}
