{"target": 20.65, "params": {"d0": 3.912041034314706, "d1": -1.251502180818067, "d2": 1.1110148384393335, "g0": 0.7147652727685527, "g1": 0.5666258354252455, "g2": -4.9337756736923755, "g3": 1.1292114782603804, "g4": 1.1359710448941422, "g5": 0.10311720039407973, "g6": 0.10731080810308301, "g7": 1.71289572378634, "i0": 3.933747367542658, "i1": 0.6677543967381342, "i2": -6.563978587457998, "i3": 0.9142357497660308, "i4": 0.9968677063191407, "i5": -0.15119810486708127, "i6": -0.03323537027546773, "i7": 1.6758794777767476, "r0": 2.4020490317629277, "r1": 0.303481099504255, "r2": -8.714113858988686, "r3": 1.0135089587917494, "r4": 1.0706977834829254, "r5": 0.5755520672565753, "r6": 0.3026348032639436, "r7": 1.575719238571837}, "datetime": {"datetime": "2020-01-19 03:14:40", "elapsed": 40919.839675, "delta": 35.921076}}
{"target": 20.9, "params": {"d0": 3.5337502133577128, "d1": -1.386096363671782, "d2": 0.8643799958978561, "g0": 0.6399528219672065, "g1": 0.5232011724467511, "g2": -4.755920923662451, "g3": 1.1677088820900692, "g4": 1.0358915002831437, "g5": 0.06194178161067876, "g6": 0.21078562648853452, "g7": 1.6211942890480733, "i0": 3.467581821376224, "i1": 0.6120281642196423, "i2": -6.615762141555566, "i3": 1.0800635835927843, "i4": 1.165081574972889, "i5": -0.07928644705554475, "i6": -0.014923794584395864, "i7": 1.5565986177544926, "r0": 3.2889589714415473, "r1": 0.5481128029360172, "r2": -8.685327833271382, "r3": 0.9052606205476718, "r4": 1.0255152921910449, "r5": 0.4272374864270342, "r6": -0.09657657179665224, "r7": 1.602591160781268}, "datetime": {"datetime": "2020-01-19 03:15:20", "elapsed": 40959.38103, "delta": 39.541355}}
{"target": 19.9, "params": {"d0": 3.3843404144766973, "d1": -1.5992532112612674, "d2": 1.0065237330221752, "g0": 0.520780559864799, "g1": 0.5955395940616952, "g2": -5.103488066109185, "g3": 1.2262561718224418, "g4": 0.9826507902744073, "g5": -0.02149291259425133, "g6": 0.14324981443049484, "g7": 1.7171348497301075, "i0": 3.1801728811537577, "i1": 0.4758619098964669, "i2": -6.400366375511781, "i3": 1.0283933880589882, "i4": 1.0816503979009848, "i5": -0.2346100456188411, "i6": 0.022464913838577474, "i7": 1.5813402600186683, "r0": 3.815268846112734, "r1": 0.49913970443736244, "r2": -8.596734890544006, "r3": 1.0848412391649382, "r4": 1.1245397328903883, "r5": 0.41490811047606935, "r6": -0.015864397362460696, "r7": 1.5484712332788455}, "datetime": {"datetime": "2020-01-19 03:16:02", "elapsed": 41001.231881, "delta": 41.850851}}
{"target": 20.1, "params": {"d0": 2.6526914481539094, "d1": -2.3182034453653193, "d2": 0.8720129562947591, "g0": 0.5345137462801676, "g1": 0.41154490796667054, "g2": -6.026623125472583, "g3": 1.0907425579620096, "g4": 0.8617815280709579, "g5": -0.31597721033237913, "g6": 0.5444517056161244, "g7": 1.878645506415718, "i0": 3.865705972050512, "i1": 0.24286642615550982, "i2": -1.7488683632865076, "i3": 1.4997173936106818, "i4": 0.8793099880733408, "i5": 0.7639578843054713, "i6": 0.7475188900905071, "i7": 1.1956755421510554, "r0": 3.591692646595691, "r1": 0.4825930094313686, "r2": -7.111109680091398, "r3": 1.2647236094988923, "r4": 1.262138638699942, "r5": 0.22609124195215194, "r6": -0.34128608133954114, "r7": 1.8241799846671145}, "datetime": {"datetime": "2020-01-19 03:16:41", "elapsed": 41040.769264, "delta": 39.537383}}
{"target": 20.7, "params": {"d0": 3.9222657870367703, "d1": -1.4064989555680414, "d2": 0.8871886108853534, "g0": 0.6615290142155481, "g1": 0.43018603816038314, "g2": -4.8303940634999725, "g3": 1.1479504736171926, "g4": 1.1087766013459288, "g5": 0.05249778432369427, "g6": 0.3166051992725008, "g7": 1.7045936445900431, "i0": 3.676253950245266, "i1": 0.7029766133282607, "i2": -6.445515030810962, "i3": 0.9925368394696504, "i4": 1.1957008292198226, "i5": -0.22455545944489405, "i6": 0.039240677812091514, "i7": 1.8017086516685181, "r0": 2.397671237483992, "r1": 0.3911518389038824, "r2": -8.738827921051373, "r3": 1.0211194224899165, "r4": 0.9828213658257574, "r5": 0.4050826871717004, "r6": 0.1571718319466946, "r7": 1.5464727743854885}, "datetime": {"datetime": "2020-01-19 03:17:25", "elapsed": 41084.613265, "delta": 43.844001}}
{"target": 20.25, "params": {"d0": 4.537906686071747, "d1": -1.0829787156426802, "d2": 0.7716320357276395, "g0": 0.8578201962548794, "g1": 0.29369745630915656, "g2": -2.790571083331545, "g3": 1.374955408084952, "g4": 1.0984738904055356, "g5": -0.4832063609433238, "g6": 0.16267951865407151, "g7": 1.1141787873119542, "i0": 4.401703547678048, "i1": 0.7454525252309394, "i2": -5.036837600357391, "i3": 1.0646857756523, "i4": 0.8813944399744644, "i5": -0.22441588481336486, "i6": -0.2582447588507007, "i7": 1.754573864254774, "r0": 2.7242543594500814, "r1": 0.26631640925842576, "r2": -7.82141936899415, "r3": 0.9196397525894212, "r4": 0.9652610336371426, "r5": -0.10348426327352661, "r6": -0.03834822709850946, "r7": 1.6404015978140112}, "datetime": {"datetime": "2020-01-19 03:18:05", "elapsed": 41124.631307, "delta": 40.018042}}
{"target": 21.25, "params": {"d0": 3.1567078495524994, "d1": -9.01333058845379, "d2": 0.896224590619752, "g0": 0.7363637340465158, "g1": 0.5224765304305212, "g2": -5.219170368780517, "g3": 1.4219540040112248, "g4": 1.0553019408786106, "g5": -0.3886734966188412, "g6": 0.06951045080402553, "g7": 1.6598332057246648, "i0": 4.309684489416813, "i1": 0.714515394131317, "i2": -5.741105603550956, "i3": 1.1140812975460852, "i4": 1.1247294913451023, "i5": 0.11213118726310935, "i6": -0.20496359881602197, "i7": 1.8314014588362275, "r0": 1.7692957250354602, "r1": 0.6972240025904045, "r2": -1.8225978142250632, "r3": 1.2888353375372374, "r4": 0.914441883108439, "r5": -0.44782514187540823, "r6": 0.19111287358355, "r7": 1.443946837242855}, "datetime": {"datetime": "2020-01-19 03:18:44", "elapsed": 41163.716656, "delta": 39.085349}}
{"target": 19.3, "params": {"d0": 3.463499798634569, "d1": -0.9854051209923185, "d2": 0.9451838582352241, "g0": 0.3754558582850237, "g1": 0.27304225404081284, "g2": -4.7203386416696365, "g3": 0.7330160540426005, "g4": 0.8851047734370676, "g5": -0.4153776937372408, "g6": 0.04907191685369905, "g7": 1.5400838555844256, "i0": 4.443860277913768, "i1": 0.3294303617806905, "i2": -5.825014163129593, "i3": 1.171655533510219, "i4": 1.2818170958392192, "i5": 0.26970115706844355, "i6": 0.691847137026359, "i7": 1.3329642244683368, "r0": 2.52844392929362, "r1": 0.5541270640556345, "r2": -8.20573001825695, "r3": 1.097349987598952, "r4": 0.9979278060528723, "r5": 0.05726804897504978, "r6": 0.8841289617716126, "r7": 1.2474224210459126}, "datetime": {"datetime": "2020-01-19 03:19:26", "elapsed": 41205.878412, "delta": 42.161756}}
{"target": 19.85, "params": {"d0": 3.237562055595585, "d1": -8.236226378581785, "d2": 0.9326212390236409, "g0": 0.3037512327616833, "g1": 0.339358583497434, "g2": -5.226815312230654, "g3": 1.3524527943079023, "g4": 1.1791379198585532, "g5": -0.43870738283844524, "g6": 0.41143088497882857, "g7": 1.6671893334553454, "i0": 3.063134761022793, "i1": 0.6486255986559079, "i2": -5.639398789566216, "i3": 1.1530557423198073, "i4": 1.0027436527954645, "i5": -0.06449370090083835, "i6": -0.13547694457508444, "i7": 1.6926700091633569, "r0": 1.988810281550873, "r1": 0.44032027659002954, "r2": -2.7698157133988044, "r3": 1.1725649692476334, "r4": 1.0223700127047008, "r5": -0.09729988780601914, "r6": 0.38120218599270583, "r7": 1.5368978685670114}, "datetime": {"datetime": "2020-01-19 03:20:06", "elapsed": 41245.811499, "delta": 39.933087}}
{"target": 20.8, "params": {"d0": 4.6086984910117605, "d1": -8.134179992546407, "d2": 1.2206449306225309, "g0": 0.73583642962829, "g1": 0.609780031217053, "g2": -2.696541606567431, "g3": 1.3339881606507835, "g4": 0.9778498296366773, "g5": -0.1480303399179034, "g6": 0.3662697951745824, "g7": 1.251660280607464, "i0": 0.762613124001092, "i1": 0.7096704546214219, "i2": -4.588973123810733, "i3": 0.900800311435697, "i4": 0.9789336582971621, "i5": 0.23262728099789093, "i6": -0.36541880436471125, "i7": 1.5051805513655694, "r0": 3.6330723032177743, "r1": 0.8331839888155096, "r2": -4.581931764933997, "r3": 0.9223382202013787, "r4": 1.242655683800374, "r5": 0.24130007620207441, "r6": 0.39568849770164394, "r7": 1.8775426872950731}, "datetime": {"datetime": "2020-01-19 03:20:45", "elapsed": 41284.595585, "delta": 38.784086}}
{"target": 21.25, "params": {"d0": 3.604359614847352, "d1": -1.5437522409108877, "d2": 0.9660675898247649, "g0": 0.5570072078526151, "g1": 0.6166526788229749, "g2": -4.717264886904604, "g3": 1.1154685777213396, "g4": 1.120980635737585, "g5": 0.04632596910540797, "g6": 0.17252844707904258, "g7": 1.5360639415909676, "i0": 3.825713815085508, "i1": 0.6644631926376723, "i2": -6.547402954414264, "i3": 0.921385689495918, "i4": 1.129282647109098, "i5": -0.08974365360515049, "i6": 0.02465190671962913, "i7": 1.6288529456597751, "r0": 2.407078697272331, "r1": 0.4972924058664193, "r2": -8.789031560423167, "r3": 1.0370010574182202, "r4": 1.0686659257678015, "r5": 0.5759387063973785, "r6": 0.23656894690423586, "r7": 1.5691413172102642}, "datetime": {"datetime": "2020-01-19 03:21:25", "elapsed": 41324.358771, "delta": 39.763186}}
{"target": 18.2, "params": {"d0": 3.603958132431402, "d1": -0.5783821594899745, "d2": 0.7684239155856956, "g0": 1.1380460145238773, "g1": 0.15807680430267224, "g2": -5.164320005567882, "g3": 0.8572280447863885, "g4": 1.2217529978981112, "g5": -0.010441876387102256, "g6": 0.9735434235404403, "g7": 1.8581429352202141, "i0": 3.1557555427643247, "i1": 0.381899828253509, "i2": -7.115151546104209, "i3": 1.1325179874668294, "i4": 0.9018775645131594, "i5": -0.27532435473827144, "i6": 0.6157140208615601, "i7": 1.63873084605626, "r0": 3.0826928438277634, "r1": 0.8567970269832372, "r2": -8.682182029706855, "r3": 0.766827688489197, "r4": 0.9532135709521434, "r5": 0.22567168927501724, "r6": 0.3502887982643742, "r7": 1.7185992413129003}, "datetime": {"datetime": "2020-01-19 03:22:03", "elapsed": 41362.059836, "delta": 37.701065}}
{"target": 20.0, "params": {"d0": 3.2278458951095503, "d1": -7.982782073501988, "d2": 0.9713807834919934, "g0": 0.28192806600725695, "g1": 0.3508543357066576, "g2": -5.498809340980404, "g3": 1.3809052144599065, "g4": 1.1472525823461097, "g5": -0.41481018045128665, "g6": 0.4123009058471071, "g7": 1.6413791235016701, "i0": 3.0941677122129874, "i1": 0.6579977925500724, "i2": -5.619475040665619, "i3": 1.1139008119667735, "i4": 1.0358950664720388, "i5": -0.006754014302095468, "i6": -0.013161347813025205, "i7": 1.6533872927715003, "r0": 2.0567837471231507, "r1": 0.5151112412110189, "r2": -2.5244199984979074, "r3": 1.1658214705801777, "r4": 1.0112695739960103, "r5": -0.14913867306828105, "r6": 0.31246608126881165, "r7": 1.4845011004085473}, "datetime": {"datetime": "2020-01-19 03:22:42", "elapsed": 41401.655244, "delta": 39.595408}}
{"target": 19.55, "params": {"d0": 3.3581745330293167, "d1": -1.3234916820307294, "d2": 1.0562317458377826, "g0": 0.3540453163993168, "g1": 0.3626769551211393, "g2": -5.574886314096633, "g3": 1.1453076747014022, "g4": 1.262062861934968, "g5": 0.3433230742380027, "g6": 0.5526454965331373, "g7": 1.4284924568779647, "i0": 4.05621555250938, "i1": 0.7650304648356039, "i2": -6.83217773555714, "i3": 0.7393406430495693, "i4": 1.0742803897920283, "i5": 0.3933558773431609, "i6": 0.4580944747324509, "i7": 1.3487724386600743, "r0": 2.7443333682863544, "r1": 0.3963377271636074, "r2": -9.428232445651556, "r3": 1.1034707117040927, "r4": 0.9912992897181716, "r5": 0.7660560926789521, "r6": 0.03145284076728827, "r7": 1.2414020524249803}, "datetime": {"datetime": "2020-01-19 03:23:21", "elapsed": 41440.664121, "delta": 39.008877}}
{"target": 19.65, "params": {"d0": 2.946987615798387, "d1": -8.099385494401556, "d2": 1.3177221358473923, "g0": 0.23010335463989007, "g1": 0.7166010215681575, "g2": -6.639233982801812, "g3": 1.4667226211607378, "g4": 1.1438822639963846, "g5": 0.31106428695463206, "g6": 0.7938032337296248, "g7": 0.9388144088378433, "i0": 4.8009417313961755, "i1": 0.16126312806127852, "i2": -9.497391396933493, "i3": 1.4779570147686911, "i4": 1.1543425937960363, "i5": -0.30367551124753106, "i6": 0.7720383037624237, "i7": 1.0565310910426375, "r0": 0.10156856183071883, "r1": 0.7954338149427627, "r2": -9.545954135004338, "r3": 1.4622956378200949, "r4": 0.9774287477081558, "r5": -0.001790673201125026, "r6": 0.3383750131837706, "r7": 0.9808899103598278}, "datetime": {"datetime": "2020-01-19 03:24:01", "elapsed": 41480.646701, "delta": 39.98258}}
{"target": 19.2, "params": {"d0": 2.040126272301447, "d1": -1.4493348428340347, "d2": 1.333547625301264, "g0": 0.9217826837692304, "g1": 0.5526540778200529, "g2": -3.759200255998871, "g3": 0.974103451924598, "g4": 0.9940931875764857, "g5": -0.2969276329635738, "g6": 0.6700516001390664, "g7": 1.178878629120594, "i0": 2.410366443098094, "i1": 0.5569990749473637, "i2": -4.567676081646265, "i3": 1.4510581882124305, "i4": 1.193380211938341, "i5": -0.5214705748054588, "i6": -0.22941422351236176, "i7": 1.188703605704997, "r0": 3.209883666071985, "r1": 0.8721058204723764, "r2": -3.3314090765566036, "r3": 1.5, "r4": 0.8109004223689795, "r5": -0.018156311911416985, "r6": 0.5766189624136147, "r7": 1.2761271176968316}, "datetime": {"datetime": "2020-01-19 03:24:43", "elapsed": 41521.953754, "delta": 41.307053}}
{"target": 20.9, "params": {"d0": 3.2062926198533703, "d1": -8.987111268559838, "d2": 0.8668177825834461, "g0": 0.7121423592495212, "g1": 0.5488767201359265, "g2": -5.241377125428247, "g3": 1.3725285199650388, "g4": 1.0734435830450697, "g5": -0.33197761617873794, "g6": 0.0906994067055451, "g7": 1.5757137837034034, "i0": 4.370716230735763, "i1": 0.764255668974441, "i2": -5.742389400103914, "i3": 1.1251911952280735, "i4": 1.0190799287569021, "i5": 0.11452937194011346, "i6": -0.26268101419577883, "i7": 1.74757451474537, "r0": 1.8492769255931267, "r1": 0.6695317481685447, "r2": -1.7022687920470834, "r3": 1.2878037740448893, "r4": 0.9814928255163047, "r5": -0.44273754708444857, "r6": 0.14846837879470834, "r7": 1.4997816118860539}, "datetime": {"datetime": "2020-01-19 03:25:23", "elapsed": 41562.389536, "delta": 40.435782}}
{"target": 18.7, "params": {"d0": 3.4664375990189367, "d1": -2.075715795609188, "d2": 1.244854956531003, "g0": 0.02832417082528793, "g1": 0.7863421073709965, "g2": -5.089322963620015, "g3": 0.9517391787947944, "g4": 1.2475573062296093, "g5": 0.32328725165070016, "g6": 0.18719122390111664, "g7": 1.1708326116335273, "i0": 4.392372484294055, "i1": 0.3991114354594816, "i2": -7.025844053555327, "i3": 0.7733869247816374, "i4": 0.8232565722741245, "i5": -0.2636362589658561, "i6": 0.1286455580456698, "i7": 1.5471679879318547, "r0": 2.9605920914106525, "r1": 0.015337323518870849, "r2": -9.214426526333995, "r3": 1.4098942057826966, "r4": 1.081494464923795, "r5": -0.05723097720503001, "r6": 0.2492636562952968, "r7": 1.1399539624066057}, "datetime": {"datetime": "2020-01-19 03:26:07", "elapsed": 41606.483217, "delta": 44.093681}}
{"target": 20.4, "params": {"d0": 4.051056532592864, "d1": -0.8422170901307009, "d2": 0.8764395051705173, "g0": 0.5981304029970419, "g1": 0.5750334397593608, "g2": -5.037215510753471, "g3": 1.3647683748936934, "g4": 0.9986392190233051, "g5": -0.25645419275584214, "g6": 0.9377587899802509, "g7": 1.8986631568565402, "i0": 3.8573735755689116, "i1": 0.6674366460373258, "i2": -6.465734487946733, "i3": 0.734220845266605, "i4": 1.2493805345097253, "i5": 0.15613927505945657, "i6": 0.407630699100447, "i7": 1.3818058083899354, "r0": 3.2668829942801088, "r1": 0.023913758040496447, "r2": -9.251319801649053, "r3": 1.3015227065642416, "r4": 1.1076911717368056, "r5": 0.016738133558094836, "r6": 0.24324523197000958, "r7": 1.491090266033713}, "datetime": {"datetime": "2020-01-19 03:26:52", "elapsed": 41651.408367, "delta": 44.92515}}
{"target": 21.05, "params": {"d0": 3.795296226886612, "d1": -1.3026303274657764, "d2": 0.8875528895477831, "g0": 0.5319614429655746, "g1": 0.35925796701093377, "g2": -4.913146557254645, "g3": 1.2990283423769708, "g4": 1.185793670642081, "g5": -0.05893774166340102, "g6": 0.203587872382696, "g7": 1.5201021613569488, "i0": 3.878334317046767, "i1": 0.6016062444145748, "i2": -6.767248054497613, "i3": 0.9386859052978113, "i4": 1.0094272114588105, "i5": -0.34540388504440894, "i6": 0.07817784204629855, "i7": 1.5760794884366311, "r0": 2.099869775913674, "r1": 0.38265186424153724, "r2": -9.014278785309424, "r3": 1.1330047629551458, "r4": 1.045014265427875, "r5": 0.4534838904482206, "r6": 0.2558814968665159, "r7": 1.568820467028867}, "datetime": {"datetime": "2020-01-19 03:27:34", "elapsed": 41693.578958, "delta": 42.170591}}
{"target": 20.95, "params": {"d0": 3.080488235243091, "d1": -1.6256730751632362, "d2": 1.0318192278453602, "g0": 0.5357857110692131, "g1": 0.5337873646463676, "g2": -4.965198197771274, "g3": 1.1160816418086699, "g4": 1.1427158846810344, "g5": 0.03484912156981417, "g6": 0.20076118783739927, "g7": 1.7406922603073303, "i0": 3.293350025724708, "i1": 0.5627455816176207, "i2": -6.4715260320048, "i3": 0.9964157471373983, "i4": 1.0216207946496563, "i5": -0.14417833689354292, "i6": 0.0525177983410212, "i7": 1.4594582431187455, "r0": 3.972549494651113, "r1": 0.5615535883393391, "r2": -8.427093263822972, "r3": 0.9943384865543141, "r4": 1.162911731352477, "r5": 0.34283182944734497, "r6": -0.07134100385193329, "r7": 1.746838525518216}, "datetime": {"datetime": "2020-01-19 03:28:13", "elapsed": 41732.906488, "delta": 39.32753}}
{"target": 19.8, "params": {"d0": 2.7416889533906903, "d1": -7.991330199873348, "d2": 1.1286045438725893, "g0": 0.13016800564011397, "g1": 0.3641063515963009, "g2": -9.232331570300781, "g3": 1.1814258136878801, "g4": 0.8643005283264977, "g5": -0.22393828998183812, "g6": 0.22655469667557204, "g7": 1.4954659491814621, "i0": 2.218521469591772, "i1": 0.6438969964119969, "i2": -8.271757153351032, "i3": 1.1588577624859504, "i4": 0.8335844512208577, "i5": -0.587164961512276, "i6": 0.3851928494416119, "i7": 1.605191883837799, "r0": 2.58406026192479, "r1": 0.4077767168965113, "r2": -0.9697803807095993, "r3": 1.2899024991767636, "r4": 1.0231915825668236, "r5": 0.36176576402755745, "r6": 0.787445243858923, "r7": 1.9050122554658513}, "datetime": {"datetime": "2020-01-19 03:28:55", "elapsed": 41774.751024, "delta": 41.844536}}
{"target": 20.65, "params": {"d0": 4.427655852507686, "d1": -7.985718589474974, "d2": 1.1313690247329697, "g0": 0.6255576612987738, "g1": 0.6009587522940354, "g2": -2.9818134659414275, "g3": 1.3012654280042786, "g4": 1.0103152014516787, "g5": -0.1788600531757021, "g6": 0.37162599471838104, "g7": 1.2978481790868015, "i0": 0.884314636535443, "i1": 0.6824565251275925, "i2": -4.6406614520139176, "i3": 0.9872043840735611, "i4": 0.9649691036864964, "i5": 0.2056086168259198, "i6": -0.3518517770361013, "i7": 1.4936202458833323, "r0": 3.3547654771349626, "r1": 0.7887946788125219, "r2": -4.598457914754693, "r3": 0.9544758243401095, "r4": 1.2103121680315985, "r5": 0.22412514309687295, "r6": 0.4313375114932311, "r7": 1.8252163458449358}, "datetime": {"datetime": "2020-01-19 03:29:35", "elapsed": 41814.885538, "delta": 40.134514}}
{"target": 20.3, "params": {"d0": 2.6159791771903778, "d1": -2.3105790880368207, "d2": 0.9277673070409551, "g0": 0.6128381628929499, "g1": 0.48186489928448833, "g2": -5.976068501665489, "g3": 1.1188167094323331, "g4": 0.9274741274912723, "g5": -0.2382354177004152, "g6": 0.40481211292795977, "g7": 1.7946372887346935, "i0": 3.82253783993319, "i1": 0.2787101602659642, "i2": -1.8296982511721283, "i3": 1.4657413318271908, "i4": 0.9325922915102093, "i5": 0.5350176987591138, "i6": 0.6776240831504993, "i7": 1.2076645772280767, "r0": 3.5085525512984477, "r1": 0.4320796362328315, "r2": -6.987903475811829, "r3": 1.2717355108410486, "r4": 1.2435807497876161, "r5": 0.21791011070968, "r6": -0.21701677349585433, "r7": 1.8239962317419893}, "datetime": {"datetime": "2020-01-19 03:30:17", "elapsed": 41856.08298, "delta": 41.197442}}
{"target": 21.25, "params": {"d0": 3.8796381201936323, "d1": -1.4886126719029211, "d2": 0.9982079597596141, "g0": 0.5783872234371855, "g1": 0.5371415105932151, "g2": -4.601510549980005, "g3": 1.0744910394999447, "g4": 1.1585382777807542, "g5": -0.004276519953282497, "g6": 0.155988837150651, "g7": 1.5924542548956315, "i0": 3.8233719400206603, "i1": 0.5392303785957343, "i2": -6.552353932369128, "i3": 0.8455348772805235, "i4": 1.1702850814443826, "i5": -0.217287347283982, "i6": 0.08977465293675742, "i7": 1.6522723027760948, "r0": 2.318818635488525, "r1": 0.4239492937218403, "r2": -8.771779816217618, "r3": 1.0671543067387064, "r4": 0.9408482103554908, "r5": 0.47597836579093855, "r6": 0.18109113702305216, "r7": 1.5804173469659681}, "datetime": {"datetime": "2020-01-19 03:30:54", "elapsed": 41893.906932, "delta": 37.823952}}
{"target": 20.3, "params": {"d0": 3.319214319863171, "d1": -1.5106984903437244, "d2": 1.0983113543228695, "g0": 0.4112577980390355, "g1": 0.50813958006086, "g2": -5.2849983284583795, "g3": 1.1115426684202356, "g4": 1.1272477404128463, "g5": 0.005676328429380058, "g6": 0.1975661405983103, "g7": 1.6282615142307972, "i0": 3.2441346070438244, "i1": 0.5018380949441521, "i2": -6.7134586011351, "i3": 0.9952119512140322, "i4": 1.058171236553399, "i5": 0.004293462205894703, "i6": 0.025699985002835418, "i7": 1.530079134031408, "r0": 3.649753542018227, "r1": 0.5619498984379742, "r2": -8.654932178888602, "r3": 0.9607882138333962, "r4": 1.0793055898696617, "r5": 0.3375195284495577, "r6": 0.10974053616621247, "r7": 1.5490343955243064}, "datetime": {"datetime": "2020-01-19 03:31:36", "elapsed": 41935.339788, "delta": 41.432856}}
