{"target": 16.85, "params": {"d0": 1.263370912194961, "d1": -9.652203548105618, "d2": 1.1746640131647585, "g0": 0.6999816773934814, "g1": 0.8806386491924056, "g2": -3.565195573126684, "g3": 0.7329514668836579, "g4": 0.8972061743541567, "g5": 0.19922106803380113, "g6": 0.2899785862283608, "g7": 1.2192825527656825, "i0": 1.9755911748800163, "i1": 0.24656769412083002, "i2": -0.01610829658488555, "i3": 1.4066358766591125, "i4": 1.1704850578970694, "i5": -0.4055392344426878, "i6": -0.3666781873649427, "i7": 1.005744552129728, "r0": 4.4073701810063755, "r1": 0.22391224133231624, "r2": -9.44964282090012, "r3": 1.1869988265424993, "r4": 1.1770201141675551, "r5": 0.6488581392194372, "r6": 0.22604075541500612, "r7": 1.6903989294036856}, "datetime": {"datetime": "2020-01-18 00:57:46", "elapsed": 15053.126138, "delta": 48.806174}}
{"target": 11.45, "params": {"d0": 0.23421098660187434, "d1": -6.954592662104618, "d2": 0.769722039113842, "g0": 2.0016848800737974, "g1": 0.1993561424597754, "g2": -5.014631395749612, "g3": 0.8934330173175672, "g4": 0.8956363905655689, "g5": 0.1628570398411906, "g6": 0.2209090050659901, "g7": 1.3196815855934254, "i0": 2.095061761646842, "i1": 0.9469573484342344, "i2": -3.8874918769718336, "i3": 0.8614383615304705, "i4": 0.9333934070654142, "i5": -0.32046944445124215, "i6": 0.5671936502919517, "i7": 1.4604691048608602, "r0": 1.0630876861999794, "r1": 0.5805611960059336, "r2": -1.242799897605913, "r3": 0.8010632689364359, "r4": 1.2962268531096053, "r5": 0.11729791547467683, "r6": -0.3867271722364222, "r7": 1.9171686539949766}, "datetime": {"datetime": "2020-01-18 00:58:28", "elapsed": 15095.123752, "delta": 41.997614}}
{"target": 11.65, "params": {"d0": 3.3065050502501636, "d1": -7.416365822656341, "d2": 0.7090494261686977, "g0": 4.139150996562381, "g1": 0.19681043230615614, "g2": -0.8960908479951168, "g3": 0.9096522610590696, "g4": 0.9537685156149489, "g5": -0.11359628777616515, "g6": 0.7742798124314785, "g7": 1.3139400302207893, "i0": 3.345414255538215, "i1": 0.7311857477818178, "i2": -1.0533096942755158, "i3": 1.4508209319240803, "i4": 1.2361755756112607, "i5": -0.07592088785635265, "i6": 0.32625080775277393, "i7": 1.5351641497260844, "r0": 2.4279036456256358, "r1": 0.9140568672868765, "r2": -2.1365485126032793, "r3": 0.7746618779141052, "r4": 1.2954662553292344, "r5": -0.4939824705447029, "r6": -0.09591328985721326, "r7": 1.0663031574209143}, "datetime": {"datetime": "2020-01-18 00:59:10", "elapsed": 15137.156342, "delta": 42.03259}}
{"target": 7.55, "params": {"d0": 1.3175894241475201, "d1": -6.272362297986732, "d2": 1.479109766337637, "g0": 0.8346420089917489, "g1": 0.6101832912483096, "g2": -5.521147455456884, "g3": 1.169621732373492, "g4": 0.8268246998765834, "g5": -0.3050717152809334, "g6": -0.36363303005162284, "g7": 1.4097933210578077, "i0": 4.459932251566162, "i1": 0.8213848510355719, "i2": -1.2784547347111594, "i3": 1.019677258859194, "i4": 1.0546689264779339, "i5": -0.38847018489017593, "i6": 0.4104819695089559, "i7": 1.3909423442055941, "r0": 2.482032036025661, "r1": 0.5409630623332463, "r2": -4.195378140856021, "r3": 1.0717288636616404, "r4": 1.1992435866073385, "r5": -0.14522567568668632, "r6": -0.4345518818355659, "r7": 1.8167530312601956}, "datetime": {"datetime": "2020-01-18 00:59:43", "elapsed": 15170.002788, "delta": 32.846446}}
{"target": 16.55, "params": {"d0": 2.423955642353369, "d1": -5.2152614404916005, "d2": 0.8414673206621803, "g0": 2.215016940368521, "g1": 0.14347193193664998, "g2": -9.587622033604607, "g3": 1.4705302158917026, "g4": 0.9309756556727244, "g5": -0.5822419861340618, "g6": 0.532084610950134, "g7": 1.3113242359916362, "i0": 3.115399696365247, "i1": 0.7064460160477506, "i2": -3.378906036879994, "i3": 0.8815308268556254, "i4": 1.1916865121236002, "i5": -0.6864482667433238, "i6": 0.6822140728483281, "i7": 1.078579954434676, "r0": 2.025048271421576, "r1": 0.006197835088158077, "r2": -8.371477577339135, "r3": 1.2422871093367522, "r4": 1.175072069859195, "r5": 0.656307029436435, "r6": 0.13033849230172823, "r7": 1.571361239742184}, "datetime": {"datetime": "2020-01-18 01:00:20", "elapsed": 15206.720308, "delta": 36.71752}}
{"target": 15.45, "params": {"d0": 2.4602139830259535, "d1": -9.745915067374307, "d2": 1.0586197828159385, "g0": 3.447249186657068, "g1": 0.6768729275094748, "g2": -7.06564673848291, "g3": 1.401980361210476, "g4": 1.185611856348896, "g5": 0.5659544418305937, "g6": 0.9057278541037888, "g7": 1.1585043134919195, "i0": 3.5864243947737062, "i1": 0.04395249069589824, "i2": -6.963753934964174, "i3": 1.0864387865723304, "i4": 0.9822101685960241, "i5": -0.4824428147631931, "i6": 0.5480264923280307, "i7": 1.9178323268413826, "r0": 0.4992899325881067, "r1": 0.23013763791518982, "r2": -7.151534813452843, "r3": 1.234378445255842, "r4": 0.9933084908155627, "r5": 0.42495619019086983, "r6": -0.35653048974846413, "r7": 1.4061984831273135}, "datetime": {"datetime": "2020-01-18 01:00:58", "elapsed": 15244.560153, "delta": 37.839845}}
{"target": 10.45, "params": {"d0": 1.4630759304051777, "d1": -4.865843601248795, "d2": 0.8085963429064968, "g0": 2.22998675484528, "g1": 0.5163879513350718, "g2": -6.557937181479604, "g3": 1.1437213871717482, "g4": 1.1571453873956579, "g5": 0.2622078652662876, "g6": 0.03350741207517127, "g7": 0.9842367985857148, "i0": 4.168360107122172, "i1": 0.926244564077045, "i2": -7.658368171554157, "i3": 0.7012189909497724, "i4": 1.0398184896446527, "i5": 0.18454678448848472, "i6": 0.47926955987021824, "i7": 1.5639155469666532, "r0": 3.3933276993762513, "r1": 0.7332451695817827, "r2": -1.5658917106706447, "r3": 1.1600968942026344, "r4": 0.8166626337839491, "r5": 0.6922184526008783, "r6": 0.12584291621617627, "r7": 1.4139292936940433}, "datetime": {"datetime": "2020-01-18 01:01:34", "elapsed": 15280.85359, "delta": 36.293437}}
{"target": 11.15, "params": {"d0": 3.0953195944167824, "d1": -7.235424499068854, "d2": 1.4275376281847132, "g0": 3.2895172402474633, "g1": 0.133490249693908, "g2": -6.264870079878047, "g3": 0.8705941281838084, "g4": 1.0216627590057292, "g5": -0.46996317066961296, "g6": -0.3531276583571854, "g7": 1.2525058634170714, "i0": 0.6724169601323143, "i1": 0.03502500951191989, "i2": -5.0160636749656415, "i3": 1.1837060687753613, "i4": 0.8982353154381804, "i5": -0.23915980666594183, "i6": 0.18034651751514386, "i7": 1.1781219219697712, "r0": 1.6901448583030931, "r1": 0.260846534793831, "r2": -3.373837917303744, "r3": 1.0115482701028893, "r4": 1.032893518490253, "r5": -0.3856393666398608, "r6": 0.36834156841168597, "r7": 1.357219269163669}, "datetime": {"datetime": "2020-01-18 01:02:22", "elapsed": 15328.70123, "delta": 47.84764}}
{"target": 11.85, "params": {"d0": 2.285916946333066, "d1": -7.9043622759747825, "d2": 1.1093523140749004, "g0": 2.105165886576838, "g1": 0.5381632580574439, "g2": -4.844720139756875, "g3": 1.2698529396735259, "g4": 0.9727154976226327, "g5": -0.4332140811578528, "g6": 0.8784192796579682, "g7": 1.3334919053121495, "i0": 4.075726335068175, "i1": 0.8804902650491657, "i2": -3.4810750292292596, "i3": 1.313980400882339, "i4": 1.2487665656664404, "i5": -0.002422482741452847, "i6": 0.1326374321808086, "i7": 1.701396484482526, "r0": 2.8922189525188076, "r1": 0.07011249288607002, "r2": -1.9293968545318876, "r3": 0.8616356443984662, "r4": 0.9075043538573508, "r5": 0.5988639165055505, "r6": 0.7153493712693302, "r7": 1.765870988009342}, "datetime": {"datetime": "2020-01-18 01:03:01", "elapsed": 15368.00909, "delta": 39.30786}}
{"target": 8.45, "params": {"d0": 4.892384495669463, "d1": -0.6425400249232549, "d2": 0.8034527485710631, "g0": 2.3412537473400623, "g1": 0.3041648831534062, "g2": -1.0951235266356, "g3": 0.8098503764376177, "g4": 0.8239862269023994, "g5": 0.7639367644730275, "g6": 0.3472938143164429, "g7": 1.213372162576543, "i0": 1.659025767614572, "i1": 0.13838321269991793, "i2": -0.08733444870934193, "i3": 1.396571453543828, "i4": 0.9208236565357508, "i5": -0.2680956255405498, "i6": -0.251877935534904, "i7": 1.464336729353656, "r0": 4.898592637127656, "r1": 0.596276924083877, "r2": -3.3553807119901533, "r3": 1.236939189401296, "r4": 0.8955591068629495, "r5": -0.41458469961704925, "r6": 0.2513669557009204, "r7": 1.413640612660703}, "datetime": {"datetime": "2020-01-18 01:03:49", "elapsed": 15415.31878, "delta": 47.30969}}
{"target": 7.4, "params": {"d0": 1.6204714484175542, "d1": -2.7996633389363312, "d2": 0.9207738547213791, "g0": 4.477924614958556, "g1": 0.12274225659122662, "g2": -0.7836704899324545, "g3": 0.7828133906605124, "g4": 0.8964909809155008, "g5": -0.07624777179261666, "g6": 0.8235233231979577, "g7": 1.2382835232200446, "i0": 3.2871219386692485, "i1": 0.3389335441622203, "i2": -9.838615466685392, "i3": 1.1995430094716613, "i4": 0.9190346035818888, "i5": -0.48874221717310534, "i6": 0.7132791646747476, "i7": 1.5790853861322147, "r0": 3.977188112241813, "r1": 0.2653447425425626, "r2": -9.52822801335937, "r3": 1.3827618315904222, "r4": 1.1821647205399046, "r5": -0.7927991314154803, "r6": 0.549773146649563, "r7": 1.1658257558741045}, "datetime": {"datetime": "2020-01-18 01:04:31", "elapsed": 15457.928768, "delta": 42.609988}}
{"target": 19.0, "params": {"d0": 1.7983712073908937, "d1": -2.1925721326597944, "d2": 1.4892131645641955, "g0": 1.2278148727008353, "g1": 0.46749961140689744, "g2": -5.996646539211308, "g3": 1.1466084969733688, "g4": 1.0646323100819877, "g5": 0.2528429653721038, "g6": 0.24509407959121332, "g7": 1.653922422518196, "i0": 1.5642869007070248, "i1": 0.21437646175366676, "i2": -0.9282300936929602, "i3": 1.1460822521321272, "i4": 0.8145086389582935, "i5": -0.6048543045410611, "i6": 0.5220974464896049, "i7": 1.7895813828456797, "r0": 4.117403147399116, "r1": 0.43309532520533645, "r2": -4.195698641425291, "r3": 1.3460515420488586, "r4": 1.2787917322888638, "r5": 0.6076012744921093, "r6": 0.08276620974949833, "r7": 1.9576322659092278}, "datetime": {"datetime": "2020-01-18 01:05:18", "elapsed": 15504.314399, "delta": 46.385631}}
{"target": 12.85, "params": {"d0": 0.6852404339853646, "d1": -0.9126153636398158, "d2": 1.1170492470710194, "g0": 3.5744386785823052, "g1": 0.7846707420929051, "g2": -6.653197439368776, "g3": 1.4021482652094872, "g4": 0.9290055106767483, "g5": -0.6662806029744527, "g6": 0.6390561348858388, "g7": 1.8845905802173784, "i0": 4.632239062687702, "i1": 0.3740715334496697, "i2": -6.5853903629772645, "i3": 0.904549415345759, "i4": 1.0353962393206948, "i5": 0.7474785141574962, "i6": 0.24829892999323533, "i7": 1.1629815014860583, "r0": 1.039574021767156, "r1": 0.9267090797416256, "r2": -3.1206665571909653, "r3": 1.2638253779620128, "r4": 1.0944483834938858, "r5": 0.18996201100865018, "r6": -0.43100344892900866, "r7": 1.2917775522860828}, "datetime": {"datetime": "2020-01-18 01:06:13", "elapsed": 15560.112421, "delta": 55.798022}}
{"target": 17.95, "params": {"d0": 0.39879533412480905, "d1": -6.7422868162159135, "d2": 1.2684549419251043, "g0": 0.3623882688536806, "g1": 0.8990082698389253, "g2": -6.4568978997232085, "g3": 0.7718193357812462, "g4": 0.8502384318324069, "g5": -0.5648425965258408, "g6": 0.5572076698726147, "g7": 1.9374542666130705, "i0": 3.8027033259272436, "i1": 0.3922077581715807, "i2": -2.3218593000155563, "i3": 1.368744109952233, "i4": 0.8307388282480532, "i5": -0.30312460980486655, "i6": 0.6134182776082096, "i7": 1.1864695898487534, "r0": 4.552645177484552, "r1": 0.2422496851275765, "r2": -2.127539993926484, "r3": 1.019154493255816, "r4": 1.2439798927666674, "r5": -0.3389941260563079, "r6": 0.3645907558612205, "r7": 0.9169111868954749}, "datetime": {"datetime": "2020-01-18 01:07:04", "elapsed": 15610.924533, "delta": 50.812112}}
{"target": 18.0, "params": {"d0": 4.025937661193931, "d1": -9.664358459377222, "d2": 1.2127282449347598, "g0": 2.8182390574955574, "g1": 0.9284120773735279, "g2": -0.8088638544993767, "g3": 0.8991038461706206, "g4": 0.9327576822986097, "g5": 0.2518825289828093, "g6": -0.07659693094845893, "g7": 1.0934049305424323, "i0": 0.8631502278866471, "i1": 0.02787200061586792, "i2": -5.32913068798689, "i3": 1.0908502346837246, "i4": 1.0118560416842235, "i5": 0.7813859040549331, "i6": 0.4653033760310281, "i7": 1.5184791534702726, "r0": 0.4322831890211598, "r1": 0.4523531444065513, "r2": -9.302763179429137, "r3": 1.0897249020042339, "r4": 0.8077951632192721, "r5": -0.5735573901812059, "r6": 0.4283939638958415, "r7": 1.6437669491243339}, "datetime": {"datetime": "2020-01-18 01:07:52", "elapsed": 15658.552399, "delta": 47.627866}}
{"target": 10.95, "params": {"d0": 3.0186240452733486, "d1": -7.490253948102974, "d2": 0.7529486181465934, "g0": 3.3863746195705007, "g1": 0.768339628425048, "g2": -8.807249851197067, "g3": 1.291649194563635, "g4": 1.1865941565886775, "g5": -0.6240439412976264, "g6": 0.2297041126777576, "g7": 0.9062974922191085, "i0": 3.129560244085497, "i1": 0.8589844546773492, "i2": -1.3982706308379491, "i3": 1.449821929014524, "i4": 1.191919140259267, "i5": -0.10873806873231806, "i6": 0.6610273150062493, "i7": 1.9819108165224812, "r0": 1.8362579109675252, "r1": 0.035894985689366776, "r2": -4.922589465526364, "r3": 0.9819994977730304, "r4": 0.8880309905834625, "r5": 0.6948833285849847, "r6": -0.3205728935590376, "r7": 1.6196868047884778}, "datetime": {"datetime": "2020-01-18 01:08:44", "elapsed": 15711.216119, "delta": 52.66372}}
{"target": 11.15, "params": {"d0": 0.843647361310465, "d1": -2.0356233173948626, "d2": 0.9064844396478353, "g0": 3.4900354128348905, "g1": 0.6278937000325981, "g2": -2.8420230293648583, "g3": 0.9006637179734759, "g4": 1.052012184997826, "g5": -0.2525853868699758, "g6": -0.22955079268991818, "g7": 1.4230575309679385, "i0": 4.560616164747356, "i1": 0.5679419535283431, "i2": -3.691101075528435, "i3": 1.1393997285094928, "i4": 0.8225149844808644, "i5": 0.5898675604742023, "i6": -0.3128099107104005, "i7": 1.7100485865402417, "r0": 2.258788217783661, "r1": 0.710274560860654, "r2": -1.3887154415096692, "r3": 1.2572573819215904, "r4": 1.2269514730674054, "r5": -0.02068800688296457, "r6": -0.3623036010314214, "r7": 1.3164492769245286}, "datetime": {"datetime": "2020-01-18 01:09:47", "elapsed": 15773.297224, "delta": 62.081105}}
{"target": 7.4, "params": {"d0": 0.957088650910527, "d1": -2.3648401455902492, "d2": 1.2562967424540936, "g0": 2.8976493296072476, "g1": 0.7688411541865142, "g2": -6.30635898271448, "g3": 0.9953415072564108, "g4": 1.1501047310764947, "g5": -0.07631507994858944, "g6": 0.7178736107791113, "g7": 1.0700723247173791, "i0": 2.9492821947972905, "i1": 0.3735683355415079, "i2": -7.529214056709483, "i3": 0.9034638865749609, "i4": 1.1718735869873445, "i5": -0.27381669484589044, "i6": -0.1581263298542669, "i7": 1.8958922883279563, "r0": 2.0814716805851923, "r1": 0.5343963731173853, "r2": -6.279394551356331, "r3": 0.8870853458077499, "r4": 0.8511717635929681, "r5": -0.7117086240493802, "r6": 0.8093078715602433, "r7": 1.0902668997664493}, "datetime": {"datetime": "2020-01-18 01:10:40", "elapsed": 15826.710181, "delta": 53.412957}}
{"target": 13.15, "params": {"d0": 2.6947583438845877, "d1": -0.21275836069854215, "d2": 0.8338638139017318, "g0": 2.9788177580974335, "g1": 0.7513657168706862, "g2": -9.201129473916634, "g3": 1.062181779417941, "g4": 1.1959136992440529, "g5": 0.35484614392355573, "g6": 0.5178469193962769, "g7": 1.7433582241480248, "i0": 2.910512614770707, "i1": 0.37489694355092473, "i2": -5.529065287014912, "i3": 0.9243410726991593, "i4": 0.9696278516676077, "i5": 0.608264766704262, "i6": 0.3045247571405373, "i7": 0.9811185058351246, "r0": 3.3613402890874284, "r1": 0.7297565509739476, "r2": -6.043904519859627, "r3": 0.9780272068046324, "r4": 0.8537662655199942, "r5": 0.07460721686325245, "r6": -0.10576637676069384, "r7": 1.9098183424502286}, "datetime": {"datetime": "2020-01-18 01:11:14", "elapsed": 15861.193967, "delta": 34.483786}}
{"target": 11.4, "params": {"d0": 4.25322654727618, "d1": -3.4639213679732297, "d2": 1.4006701507792778, "g0": 4.844552354989197, "g1": 0.590786894828576, "g2": -0.19868283093959782, "g3": 1.139409813345317, "g4": 0.9467977881911656, "g5": -0.01402121306495907, "g6": 0.10762946626946479, "g7": 1.5597533741652614, "i0": 2.403487449016233, "i1": 0.2867027835519399, "i2": -3.748118530980843, "i3": 1.3443205849429445, "i4": 0.8393738588972697, "i5": -0.12220258858543342, "i6": 0.46750305205433096, "i7": 0.9080122250346326, "r0": 4.378445443743171, "r1": 0.6940210321020192, "r2": -2.5023122560584454, "r3": 1.1186363030970323, "r4": 1.2877333915246303, "r5": -0.5550623570489072, "r6": 0.9337245852474503, "r7": 1.9951582658606766}, "datetime": {"datetime": "2020-01-18 01:11:51", "elapsed": 15898.153225, "delta": 36.959258}}
{"target": 12.9, "params": {"d0": 0.3927671396924759, "d1": -6.631155791437254, "d2": 1.4941948949467525, "g0": 2.1338036479024773, "g1": 0.8233484480591903, "g2": -7.118843717086133, "g3": 1.1096754521393024, "g4": 1.0330521297776991, "g5": -0.26729120257272043, "g6": 0.2906226705681061, "g7": 0.9885626311164593, "i0": 1.1059759097747852, "i1": 0.3359591044918179, "i2": -0.31125833622645516, "i3": 1.0526035088618024, "i4": 1.280656535997475, "i5": 0.11778893425184689, "i6": -0.4300765972725201, "i7": 1.624585371110184, "r0": 0.07386909467553715, "r1": 0.7424713487296055, "r2": -5.792954697466856, "r3": 1.1271077567669223, "r4": 1.1944157746099449, "r5": 0.6489521850196238, "r6": 0.9803174831662507, "r7": 1.7822841076860736}, "datetime": {"datetime": "2020-01-18 01:12:51", "elapsed": 15957.532588, "delta": 59.379363}}
{"target": 8.75, "params": {"d0": 0.012713072150457028, "d1": -3.9991461539222666, "d2": 0.931076821671003, "g0": 3.54857871429745, "g1": 0.30554379335285475, "g2": -4.4413273777136535, "g3": 1.4344553586563142, "g4": 0.9239351362856301, "g5": -0.6210537909421711, "g6": 0.2703111642503988, "g7": 1.9050874325617309, "i0": 0.8961915353123601, "i1": 0.2558784303517144, "i2": -9.660041693994511, "i3": 0.7122973961185204, "i4": 1.0711093727770866, "i5": 0.5685764614419786, "i6": 0.16978422075242527, "i7": 1.1592008634340174, "r0": 4.682670249135619, "r1": 0.6192088794612325, "r2": -1.354238388788847, "r3": 0.8024907087362363, "r4": 1.020619190442722, "r5": 0.5720863515390335, "r6": 0.8472904219988433, "r7": 1.864990280338786}, "datetime": {"datetime": "2020-01-18 01:13:59", "elapsed": 16025.870305, "delta": 68.337717}}
{"target": 17.9, "params": {"d0": 3.127359994240711, "d1": -2.4188817823529893, "d2": 1.2403986942696987, "g0": 4.2258174002239945, "g1": 0.6324473866739604, "g2": -8.28110248223361, "g3": 1.2204159931154501, "g4": 1.0276700100441214, "g5": -0.7058389734292558, "g6": 0.3037942206082619, "g7": 1.3832213658002317, "i0": 4.37363207203966, "i1": 0.6607233018499858, "i2": -7.392118810919641, "i3": 0.8734123643088201, "i4": 0.8486615817881293, "i5": -0.04936937818392639, "i6": 0.02469954411770625, "i7": 1.5350839307701363, "r0": 0.28470996322347786, "r1": 0.24991722709961772, "r2": -4.877054265225666, "r3": 1.0007665502204008, "r4": 1.1134509795266507, "r5": -0.20284810714924206, "r6": 0.19046970135592645, "r7": 1.157637086729117}, "datetime": {"datetime": "2020-01-18 01:14:41", "elapsed": 16068.036246, "delta": 42.165941}}
{"target": 10.25, "params": {"d0": 1.4979458592725998, "d1": -8.847156500045811, "d2": 1.3179515032007592, "g0": 3.969414695824662, "g1": 0.043935852911822226, "g2": -8.39038723947231, "g3": 1.3422861903014454, "g4": 1.255238373575954, "g5": -0.20929472906720192, "g6": 0.512965722985129, "g7": 1.1089930760021964, "i0": 4.356161599368205, "i1": 0.824706322718061, "i2": -7.49987108613939, "i3": 1.1742795645008983, "i4": 1.1678814845482173, "i5": 0.6141499569859799, "i6": 0.20159195797615082, "i7": 1.0480828765818946, "r0": 0.5469756046562901, "r1": 0.5296773352894121, "r2": -9.50711427700757, "r3": 1.1967167298277193, "r4": 0.8166641024774655, "r5": -0.7661060746027677, "r6": -0.3871860759307415, "r7": 1.3048314161349033}, "datetime": {"datetime": "2020-01-18 01:15:26", "elapsed": 16112.418924, "delta": 44.382678}}
{"target": 17.3, "params": {"d0": 1.9087616327419366, "d1": -2.3302986310754914, "d2": 1.3767573859141609, "g0": 3.6360039552121375, "g1": 0.8844331842097144, "g2": -4.250975098390387, "g3": 1.4519074600927537, "g4": 1.2533946804775569, "g5": -0.08250105005956931, "g6": 0.21958915227272913, "g7": 1.8423252060569584, "i0": 1.992030560685147, "i1": 0.9419997748964922, "i2": -7.0668804184246, "i3": 0.9072059445676647, "i4": 0.8544640170234656, "i5": -0.4047305378060118, "i6": 0.3066304621181517, "i7": 1.978261120296541, "r0": 1.0386485913127619, "r1": 0.5470199859158403, "r2": -1.2160946447180283, "r3": 1.1717295098116303, "r4": 1.2176380904958446, "r5": -0.4171431652991162, "r6": -0.39038041177828675, "r7": 1.9482630441367683}, "datetime": {"datetime": "2020-01-18 01:16:11", "elapsed": 16157.528361, "delta": 45.109437}}
{"target": 10.25, "params": {"d0": 0.5616348680431443, "d1": -1.9760350423229553, "d2": 1.22081204654337, "g0": 4.325570720975732, "g1": 0.6297495653759271, "g2": -7.018217104339549, "g3": 1.445185550932287, "g4": 1.146151023314224, "g5": 0.6026188349392261, "g6": 0.7232384378780996, "g7": 1.0496025533840667, "i0": 3.497062144596283, "i1": 0.6810059931456934, "i2": -2.4420404321560625, "i3": 1.3397204895966635, "i4": 1.2707230358084178, "i5": -0.6957643932680583, "i6": 0.2629225782033825, "i7": 1.4496226769203369, "r0": 3.503821082307704, "r1": 0.9956033740392188, "r2": -0.9201881874053832, "r3": 0.9375097023865728, "r4": 0.9678772531897895, "r5": 0.512273127158476, "r6": 0.04242052755588166, "r7": 1.25791247372286}, "datetime": {"datetime": "2020-01-18 01:17:14", "elapsed": 16220.445111, "delta": 62.91675}}
