{"target": 17.4, "params": {"d0": 0.7611315859858903, "d1": -5.097758401534513, "d2": 1.0792246080659798, "g0": 1.2978904403553098, "g1": 0.5672876178032873, "g2": -8.535765351775673, "g3": 1.1310100403001608, "g4": 1.0891117566933808, "g5": 0.5390383525476588, "g6": 0.7231578693272005, "g7": 0.9738615678073894, "i0": 3.42034826814754, "i1": 0.35671806230950187, "i2": -8.936968121958502, "i3": 0.8006966837913345, "i4": 0.8124352881197092, "i5": -0.7286043835071562, "i6": 0.9359579068198374, "i7": 1.6023661794235018, "r0": 2.557811258177095, "r1": 0.9846924443462554, "r2": -3.380526050975689, "r3": 1.0581163493943486, "r4": 1.2591508064379964, "r5": 0.2189102124220761, "r6": 0.616893455872868, "r7": 1.3672957660960716}, "datetime": {"datetime": "2020-01-18 03:49:23", "elapsed": 25350.106228, "delta": 34.317956}}
{"target": 15.5, "params": {"d0": 3.0841492106443322, "d1": -2.8709547274871996, "d2": 1.1852087153243869, "g0": 2.2333291669645563, "g1": 0.022646051872224793, "g2": -5.531087030931374, "g3": 1.166543061229552, "g4": 0.9708392944797697, "g5": -0.06697803457735407, "g6": 0.07281462872094513, "g7": 1.9766571371191244, "i0": 0.9031154349201559, "i1": 0.515220173830092, "i2": -4.13426101657436, "i3": 1.4918429735058814, "i4": 1.2870733911643626, "i5": -0.20679539257860446, "i6": -0.4166729543604023, "i7": 1.539537963272434, "r0": 1.1987041803205456, "r1": 0.43530123428422174, "r2": -1.0815920380447466, "r3": 1.2251662661523786, "r4": 1.226717442248965, "r5": -0.5520432660372405, "r6": 0.8815783063171956, "r7": 1.1450294877264857}, "datetime": {"datetime": "2020-01-18 03:49:57", "elapsed": 25383.644463, "delta": 33.538235}}
{"target": 17.95, "params": {"d0": 2.9694798565400298, "d1": -9.878324232971488, "d2": 1.2104536484009878, "g0": 1.611104564252045, "g1": 0.4501931021899317, "g2": -6.18005732158088, "g3": 1.2511972125314827, "g4": 1.1584192857393583, "g5": 0.7735665720343903, "g6": -0.04852412657903954, "g7": 1.7152539124069128, "i0": 4.926629029770054, "i1": 0.6273114027737088, "i2": -5.074428635217285, "i3": 1.2399745659681418, "i4": 0.876361291991935, "i5": -0.5783647351845027, "i6": -0.1515284518908071, "i7": 1.8151159838114674, "r0": 3.1520323785585407, "r1": 0.10228547407788946, "r2": -5.604806039564246, "r3": 1.0433625549442307, "r4": 1.1734032248871964, "r5": -0.19464404115075185, "r6": -0.26743964492140404, "r7": 1.6340608005410093}, "datetime": {"datetime": "2020-01-18 03:50:31", "elapsed": 25417.729666, "delta": 34.085203}}
{"target": 7.25, "params": {"d0": 4.72916078065753, "d1": -0.8979504594746128, "d2": 0.862573307161684, "g0": 2.69021827700225, "g1": 0.6140643862578913, "g2": -5.242152560138723, "g3": 0.7355620434543395, "g4": 1.055221631132725, "g5": -0.05644174868850471, "g6": 0.825411541583974, "g7": 1.8837378278999344, "i0": 4.496543075204041, "i1": 0.12074504653856089, "i2": -8.155866292586895, "i3": 0.8967550651524072, "i4": 1.065595306827603, "i5": -0.09952849292531618, "i6": 0.8502679600401541, "i7": 1.7077034020522537, "r0": 3.8044942763481915, "r1": 0.8044295614422803, "r2": -3.598627259775209, "r3": 1.3493422967455189, "r4": 1.1114055114699766, "r5": 0.28905668166617193, "r6": 0.4199697685276724, "r7": 1.3425988164385894}, "datetime": {"datetime": "2020-01-18 03:50:58", "elapsed": 25444.779051, "delta": 27.049385}}
{"target": 11.1, "params": {"d0": 1.0091611154843934, "d1": -9.626695678472828, "d2": 0.8210540784386593, "g0": 2.989769033704351, "g1": 0.03725386193902103, "g2": -8.705078704417314, "g3": 1.4496539526475807, "g4": 1.2329417095664914, "g5": -0.17638568064402327, "g6": -0.494569021861144, "g7": 1.7526722659496143, "i0": 2.2507584707699664, "i1": 0.5421431673684909, "i2": -5.956843500422404, "i3": 1.045990086652744, "i4": 0.9350886800575224, "i5": 0.03590415740497532, "i6": -0.41407991811287825, "i7": 1.1673499804189933, "r0": 0.7822331664375398, "r1": 0.381587149951895, "r2": -0.8410796965649023, "r3": 0.7553984522547936, "r4": 1.0537098584560605, "r5": 0.5465453080448766, "r6": 0.7816025579492758, "r7": 1.4656548671057674}, "datetime": {"datetime": "2020-01-18 03:51:23", "elapsed": 25470.191099, "delta": 25.412048}}
{"target": 12.95, "params": {"d0": 0.356323043376619, "d1": -8.435223438171684, "d2": 0.7749344950835007, "g0": 3.3826187782723913, "g1": 0.640346741623282, "g2": -8.95088023150504, "g3": 1.4133396989993026, "g4": 1.0439948829100374, "g5": -0.08947691579409423, "g6": 0.4906849716456865, "g7": 1.9779806053237672, "i0": 1.5897326797978888, "i1": 0.8061896247081926, "i2": -7.53079277668152, "i3": 0.7986824448801524, "i4": 1.2900743913762782, "i5": 0.5370986721878876, "i6": -0.44280912936626976, "i7": 1.3968928320658403, "r0": 4.398153409798397, "r1": 0.31630675465216695, "r2": -0.8833366465753318, "r3": 1.397631238744347, "r4": 1.0144232218768514, "r5": -0.3578870690642788, "r6": 0.7860051782860376, "r7": 1.2925338741366785}, "datetime": {"datetime": "2020-01-18 03:52:07", "elapsed": 25514.059788, "delta": 43.868689}}
{"target": 8.9, "params": {"d0": 2.924773797026372, "d1": -1.2704179894530974, "d2": 0.7210415104279725, "g0": 4.10436580810133, "g1": 0.27028754945296807, "g2": -8.614895606283918, "g3": 1.2084185880173852, "g4": 0.946563170866173, "g5": 0.7571717550804331, "g6": 0.4966489296545209, "g7": 1.6843524574438813, "i0": 1.5945094641553526, "i1": 0.42107876866611804, "i2": -2.7096700372146003, "i3": 1.46126284761925, "i4": 1.0250780629865452, "i5": -0.676525401522933, "i6": 0.14514348093690121, "i7": 0.9739272242878381, "r0": 4.521961578696096, "r1": 0.9995773837632524, "r2": -6.956792764623184, "r3": 1.0604451839668139, "r4": 0.9127295467855792, "r5": -0.3687889325077549, "r6": -0.44257514146769206, "r7": 1.3873423879122628}, "datetime": {"datetime": "2020-01-18 03:52:46", "elapsed": 25553.077444, "delta": 39.017656}}
{"target": 5.2, "params": {"d0": 0.09283743871905559, "d1": -1.5113156283390978, "d2": 1.1202237744581724, "g0": 2.596868341968892, "g1": 0.993982742775644, "g2": -1.0718929217252349, "g3": 0.8690954128384099, "g4": 0.9045049297426299, "g5": 0.06269364100902985, "g6": 0.44039349898161506, "g7": 1.8650235826996615, "i0": 1.0829917894405376, "i1": 0.03871811794182611, "i2": -9.633963393108836, "i3": 1.1067570830961928, "i4": 0.8357316436431907, "i5": -0.4879363667436632, "i6": -0.47243957634032263, "i7": 1.2892289389365663, "r0": 3.7811718455066474, "r1": 0.8444026265604228, "r2": -4.684679812907509, "r3": 1.2223105648805324, "r4": 1.0619603762683434, "r5": 0.1729736483854596, "r6": 0.558416085929867, "r7": 1.16496243449352}, "datetime": {"datetime": "2020-01-18 03:53:34", "elapsed": 25600.665365, "delta": 47.587921}}
{"target": 6.9, "params": {"d0": 4.6422913534289245, "d1": -6.074088406373793, "d2": 1.2985515276181454, "g0": 0.30207156739265495, "g1": 0.9676206234344332, "g2": -0.006081585753941354, "g3": 1.3466354777741616, "g4": 0.9456783022345194, "g5": -0.7916535416940097, "g6": 0.6360393254144814, "g7": 1.2045161891807863, "i0": 0.06273385916150842, "i1": 0.7853266615771644, "i2": -4.820750283526957, "i3": 1.443231774905114, "i4": 0.9400570617391312, "i5": -0.5043562352991671, "i6": -0.0968258124011766, "i7": 0.9470248270278695, "r0": 2.254947999868901, "r1": 0.22600090757807212, "r2": -5.50093867538819, "r3": 0.8174519197942268, "r4": 0.8918262197327733, "r5": -0.39660068754194777, "r6": -0.4858681870239003, "r7": 0.948856010221774}, "datetime": {"datetime": "2020-01-18 03:53:50", "elapsed": 25616.311883, "delta": 15.646518}}
{"target": 3.15, "params": {"d0": 4.948770442019611, "d1": -9.806958862301608, "d2": 1.3071510249170242, "g0": 3.5711210067976698, "g1": 0.4066795619596473, "g2": -8.172346120673128, "g3": 0.9855740751873938, "g4": 0.8872210130975395, "g5": 0.17708761752469526, "g6": -0.4198486035173623, "g7": 1.3935877586199845, "i0": 3.664903442687464, "i1": 0.25431827471984203, "i2": -8.332758922363759, "i3": 0.9050694238236199, "i4": 1.1921690739561281, "i5": -0.6626961238586813, "i6": 0.3063497977013534, "i7": 1.0392105952592396, "r0": 2.9043613599034934, "r1": 0.8353985084012696, "r2": -0.8982976028931393, "r3": 1.118612280972106, "r4": 0.9575635300416541, "r5": 0.23409396956069228, "r6": 0.8336611224312696, "r7": 1.331407995161226}, "datetime": {"datetime": "2020-01-18 03:54:25", "elapsed": 25651.764685, "delta": 35.452802}}
{"target": 17.15, "params": {"d0": 2.8408855182991477, "d1": -9.934113307819535, "d2": 1.3350483840848129, "g0": 2.6039956142051794, "g1": 0.5311920024286927, "g2": -6.6438971037454255, "g3": 1.3148648063705661, "g4": 1.2875256546307312, "g5": 0.33805181061960377, "g6": 0.6944306459352165, "g7": 1.0240775341207409, "i0": 4.154768574890873, "i1": 0.0122162804215874, "i2": -7.020362297909127, "i3": 1.318229399778855, "i4": 0.9944120612281624, "i5": 0.2535956467704952, "i6": 0.9783793533597254, "i7": 0.9119707850376698, "r0": 2.619704742622502, "r1": 0.8889653906584463, "r2": -6.905428448979675, "r3": 1.2176303619253965, "r4": 1.0844790834322828, "r5": 0.35758795634081086, "r6": 0.8620727500154819, "r7": 1.8702638087818597}, "datetime": {"datetime": "2020-01-18 03:54:56", "elapsed": 25683.048235, "delta": 31.28355}}
{"target": 12.15, "params": {"d0": 4.654480940950748, "d1": -1.9639353974294984, "d2": 1.1245233093235036, "g0": 2.6694841583217754, "g1": 0.3834201514307508, "g2": -7.610278078925413, "g3": 1.2424269440117528, "g4": 0.9838150354373729, "g5": 0.09100412256912449, "g6": 0.4066534975357392, "g7": 1.3775882076802026, "i0": 2.618365181763613, "i1": 0.38208598495440704, "i2": -1.4727966002345543, "i3": 1.4163124292455236, "i4": 1.077218455937301, "i5": 0.6513144921543919, "i6": -0.4052176606666372, "i7": 1.0048859379032222, "r0": 2.7608874939449537, "r1": 0.9855412402351751, "r2": -1.21226241278206, "r3": 1.1951281649971142, "r4": 1.017911062529496, "r5": -0.012516061152618385, "r6": 0.10482437841045189, "r7": 1.8641118340795293}, "datetime": {"datetime": "2020-01-18 03:55:29", "elapsed": 25715.565531, "delta": 32.517296}}
{"target": 16.35, "params": {"d0": 3.628334112405223, "d1": -9.617817644398233, "d2": 1.4326659112323996, "g0": 1.0659402794961519, "g1": 0.2251497688064168, "g2": -2.678924544710294, "g3": 1.3654755617895729, "g4": 0.9087812502316406, "g5": 0.5889331473328465, "g6": -0.39394094895873455, "g7": 1.4156932705415022, "i0": 1.9044999662619349, "i1": 0.40623960280068727, "i2": -3.474169892522891, "i3": 1.4592299614207207, "i4": 1.0908509956472008, "i5": -0.4149932107118021, "i6": 0.28666974900166864, "i7": 1.5735027527758845, "r0": 1.802678069396071, "r1": 0.34090045331745944, "r2": -0.08696727081482969, "r3": 0.9611057180737577, "r4": 1.1642876481529463, "r5": 0.680718327178979, "r6": 0.33273496827834625, "r7": 1.6273211130776208}, "datetime": {"datetime": "2020-01-18 03:56:03", "elapsed": 25749.573803, "delta": 34.008272}}
{"target": 14.25, "params": {"d0": 4.816214767113212, "d1": -9.492517777639925, "d2": 1.4395235495391863, "g0": 3.849752493488485, "g1": 0.6805893993477422, "g2": -9.819553307106943, "g3": 0.9600776443806551, "g4": 1.0960041755767103, "g5": 0.16409458185941173, "g6": 0.5230894984308945, "g7": 1.905633871058158, "i0": 0.8920550709703262, "i1": 0.1325731101831329, "i2": -3.404906504142902, "i3": 1.206784721682829, "i4": 0.8772365314288249, "i5": 0.06373262875744923, "i6": 0.26872953665760735, "i7": 1.7567008207159933, "r0": 2.5614438949380207, "r1": 0.6823049716475591, "r2": -1.2001614995465033, "r3": 1.1642504263515774, "r4": 1.055318309284516, "r5": -0.265955354768988, "r6": 0.5085840410461082, "r7": 1.161276991506333}, "datetime": {"datetime": "2020-01-18 03:56:33", "elapsed": 25779.947772, "delta": 30.373969}}
{"target": 10.65, "params": {"d0": 1.6920836024448098, "d1": -6.65849977372281, "d2": 1.4590431222137414, "g0": 3.764755718052796, "g1": 0.35599557972510054, "g2": -2.6120460650659183, "g3": 1.2040034630547363, "g4": 0.8695541281503454, "g5": 0.18671935716149635, "g6": 0.6845760609738873, "g7": 1.9268410470217372, "i0": 0.1917242412994885, "i1": 0.7662189409661199, "i2": -8.107612529179828, "i3": 1.163399720888967, "i4": 1.1008767591053727, "i5": -0.6775175872405201, "i6": 0.6228898263013511, "i7": 1.4089920211543332, "r0": 4.873614284470424, "r1": 0.7916185586690788, "r2": -8.84903488382225, "r3": 0.8719107927599336, "r4": 0.8775446647638491, "r5": -0.023053320218123674, "r6": 0.7401435051846696, "r7": 1.5159008714698599}, "datetime": {"datetime": "2020-01-18 03:57:19", "elapsed": 25825.357915, "delta": 45.410143}}
{"target": 6.7, "params": {"d0": 2.2872482195828523, "d1": -7.339867556720975, "d2": 0.7771544774761463, "g0": 0.6550060872850244, "g1": 0.335779959926928, "g2": -7.552369158886215, "g3": 1.0646881224350109, "g4": 1.0983049721410612, "g5": 0.08299398785089507, "g6": -0.43524506189674533, "g7": 1.1513323515801184, "i0": 0.7678459003920046, "i1": 0.8811389412872073, "i2": -4.047181179328101, "i3": 1.2914382781455098, "i4": 1.178319587228247, "i5": -0.14220468457290336, "i6": -0.2302244698121641, "i7": 1.3092630039365185, "r0": 1.399793738146517, "r1": 0.030188054099220096, "r2": -9.181062580437017, "r3": 0.7858567661126722, "r4": 0.8419402194354224, "r5": -0.19841614004504005, "r6": 0.9719745321009154, "r7": 1.771137465993395}, "datetime": {"datetime": "2020-01-18 03:57:37", "elapsed": 25843.488398, "delta": 18.130483}}
{"target": 12.35, "params": {"d0": 0.1178055351101659, "d1": -2.2854038631107887, "d2": 1.321057139910346, "g0": 2.1949790796516018, "g1": 0.22510705848400359, "g2": -4.952588351192778, "g3": 0.9415272718474523, "g4": 1.0571296818469353, "g5": -0.26475804921001156, "g6": -0.3502686073306964, "g7": 1.6513000843338834, "i0": 2.5820029664586928, "i1": 0.03563632838274655, "i2": -8.828459229074765, "i3": 0.786373586192008, "i4": 1.0451297943946913, "i5": 0.1513185415370757, "i6": 0.40607818977614685, "i7": 1.5328618495787723, "r0": 1.697811229304231, "r1": 0.0196281769039931, "r2": -9.255569028985612, "r3": 0.7464982412669396, "r4": 1.2621904864029343, "r5": 0.28889640173413933, "r6": 0.8131949663692506, "r7": 1.6138255449050825}, "datetime": {"datetime": "2020-01-18 03:58:23", "elapsed": 25889.570845, "delta": 46.082447}}
{"target": 13.85, "params": {"d0": 3.0772629461248635, "d1": -9.46901379778128, "d2": 1.3743914804852595, "g0": 3.8850905779518947, "g1": 0.8152609978307354, "g2": -7.052112809916702, "g3": 1.431760240464953, "g4": 1.186637233698007, "g5": 0.6065598058448065, "g6": 0.6117006885757372, "g7": 1.1017903329256493, "i0": 0.5038605293467796, "i1": 0.6024500461284965, "i2": -9.643674839886069, "i3": 0.7833346518908726, "i4": 1.2894647695259294, "i5": 0.20533069485827404, "i6": 0.4354061242447307, "i7": 1.7418484365858942, "r0": 3.795099143916853, "r1": 0.9168306723043641, "r2": -1.8170000521261134, "r3": 1.4157121345811676, "r4": 0.9080888618662328, "r5": -0.7806382695504687, "r6": -0.2635573069775937, "r7": 1.0703091215804985}, "datetime": {"datetime": "2020-01-18 03:58:59", "elapsed": 25926.161463, "delta": 36.590618}}
{"target": 15.7, "params": {"d0": 2.960615542041707, "d1": -9.187320375673288, "d2": 1.1710023760845822, "g0": 4.245285753290202, "g1": 0.21967853035047935, "g2": -4.712839046578713, "g3": 1.207660455411661, "g4": 0.917282495998948, "g5": 0.7113292049134514, "g6": -0.3753670142710203, "g7": 1.055292919221567, "i0": 0.3963660694819454, "i1": 0.1257491417862885, "i2": -3.5710319108509525, "i3": 1.1931953775122595, "i4": 1.2090416834419813, "i5": -0.20815914592724938, "i6": 0.7675664923622654, "i7": 1.4913752374978162, "r0": 3.833393586068315, "r1": 0.43893515028670416, "r2": -9.96413945028071, "r3": 1.3623570945210428, "r4": 1.102081571848955, "r5": 0.6744028404451516, "r6": 0.6549930483686404, "r7": 1.0794553889921183}, "datetime": {"datetime": "2020-01-18 03:59:32", "elapsed": 25958.598356, "delta": 32.436893}}
{"target": 13.85, "params": {"d0": 4.005225829889772, "d1": -6.585609022384652, "d2": 1.1631682378325925, "g0": 4.191507526893727, "g1": 0.9656349297965631, "g2": -2.6018076862190327, "g3": 0.8329345483261413, "g4": 1.1233696640508404, "g5": 0.2008905156184715, "g6": 0.8622825698246386, "g7": 1.7254092879555185, "i0": 0.7063041687125715, "i1": 0.6343221235041452, "i2": -8.854721840612033, "i3": 1.0620810261277123, "i4": 1.1011871560692095, "i5": -0.7277796023901569, "i6": 0.6799356069989764, "i7": 1.005114986716368, "r0": 2.643078125930169, "r1": 0.28182786920677116, "r2": -2.7852648037612138, "r3": 1.230908779659368, "r4": 0.8902429730431878, "r5": 0.12040637818280886, "r6": -0.10636419932103136, "r7": 1.0692540010831384}, "datetime": {"datetime": "2020-01-18 04:00:05", "elapsed": 25992.067172, "delta": 33.468816}}
{"target": 13.05, "params": {"d0": 4.663687604409118, "d1": -2.973037429716702, "d2": 0.7535881928987728, "g0": 4.133853724048505, "g1": 0.03959254089843389, "g2": -5.915813249769575, "g3": 1.432963034873782, "g4": 0.9111070409002248, "g5": 0.29488506158170713, "g6": 0.14822948966948313, "g7": 1.4118723249798217, "i0": 2.064889876836282, "i1": 0.926944874867748, "i2": -5.669969085303991, "i3": 0.7471273649559342, "i4": 1.2437766995787634, "i5": 0.4374067158155257, "i6": -0.09061965796813043, "i7": 1.8287448075963244, "r0": 2.9943460847062617, "r1": 0.03967340768809702, "r2": -3.6707771628369157, "r3": 0.790916442148644, "r4": 1.2383769541052325, "r5": 0.7812206344012629, "r6": 0.8802248962092438, "r7": 1.7517061407528858}, "datetime": {"datetime": "2020-01-18 04:00:37", "elapsed": 26024.235313, "delta": 32.168141}}
{"target": 18.6, "params": {"d0": 3.7968242955747855, "d1": -1.9354173272413195, "d2": 0.719934748910221, "g0": 1.6011880755168644, "g1": 0.9671063908899418, "g2": -6.748259942508338, "g3": 1.2491702324884404, "g4": 1.2174151377738178, "g5": 0.16482822033304512, "g6": 0.4357356252976874, "g7": 1.1331550664220331, "i0": 3.9700772631255705, "i1": 0.6944901235326045, "i2": -2.9574676422325332, "i3": 1.153981282449566, "i4": 1.0611076607775582, "i5": -0.2697365391639617, "i6": 0.7032015809356937, "i7": 1.0683397475477214, "r0": 1.9881976493279758, "r1": 0.12214084998393537, "r2": -5.664862825072098, "r3": 1.4487935140594101, "r4": 0.9886185097007675, "r5": 0.739091978919304, "r6": 0.05562180681173734, "r7": 1.9470905933908766}, "datetime": {"datetime": "2020-01-18 04:01:08", "elapsed": 26054.892024, "delta": 30.656711}}
{"target": 19.0, "params": {"d0": 4.012308662218608, "d1": -0.07862851433091578, "d2": 0.8959189640197303, "g0": 1.5741804986250245, "g1": 0.15108295987218123, "g2": -2.6119497271712913, "g3": 1.41758380991743, "g4": 1.1594962152356643, "g5": 0.16704190615191872, "g6": 0.5678846410722471, "g7": 1.2494735944225646, "i0": 4.79463174918653, "i1": 0.5345720520123363, "i2": -9.659141944232468, "i3": 1.2806507216952587, "i4": 1.2711201332966477, "i5": -0.7170457506604424, "i6": -0.1949319168508582, "i7": 0.9514192093644477, "r0": 4.533164929068992, "r1": 0.7834267928173965, "r2": -2.4551429501669295, "r3": 1.0858957288631186, "r4": 1.1239794495492905, "r5": 0.7009909530690968, "r6": 0.19209192453042867, "r7": 1.1140494519792752}, "datetime": {"datetime": "2020-01-18 04:01:41", "elapsed": 26088.10111, "delta": 33.209086}}
{"target": 16.8, "params": {"d0": 0.25330990615991533, "d1": -8.314374605414422, "d2": 0.9815657072130752, "g0": 0.8370869511628853, "g1": 0.9832810948480349, "g2": -4.030084271593582, "g3": 1.3622220693621556, "g4": 1.2153826517045263, "g5": 0.6340523575065358, "g6": -0.4318888703346282, "g7": 1.6248897456116522, "i0": 3.6059697364983627, "i1": 0.9578004358231441, "i2": -4.657703319188738, "i3": 1.2068156530347363, "i4": 1.2045976888190615, "i5": -0.6206637618969117, "i6": 0.07829620975905827, "i7": 1.6550528558372264, "r0": 0.6839315231041637, "r1": 0.898092932064254, "r2": -3.6159931695899363, "r3": 0.8901962496769986, "r4": 0.9902552092718337, "r5": 0.26838530688602935, "r6": -0.43123558811807156, "r7": 0.984994594065449}, "datetime": {"datetime": "2020-01-18 04:02:13", "elapsed": 26120.165869, "delta": 32.064759}}
{"target": 6.1, "params": {"d0": 3.650461677849883, "d1": -6.698528074994716, "d2": 0.8509287149769926, "g0": 1.3860160007451294, "g1": 0.13165221188541332, "g2": -8.189720450907206, "g3": 1.13225777254376, "g4": 0.896043674031634, "g5": -0.32371036409823034, "g6": -0.3908483274608938, "g7": 1.019336842747639, "i0": 1.8346161784468547, "i1": 0.477447875457895, "i2": -9.980367555752638, "i3": 0.7141123427037026, "i4": 0.8118750215308657, "i5": 0.4269307164885441, "i6": 0.2884269389551124, "i7": 1.6556946909180672, "r0": 3.3959394226582913, "r1": 0.7414367191328258, "r2": -8.261173492039886, "r3": 1.474645612442813, "r4": 1.1146830381593185, "r5": 0.5303777953152529, "r6": -0.21074991083530908, "r7": 1.770651041497504}, "datetime": {"datetime": "2020-01-18 04:02:48", "elapsed": 26154.533769, "delta": 34.3679}}
{"target": 9.35, "params": {"d0": 4.588572682176408, "d1": -8.681623914786242, "d2": 1.239275864217587, "g0": 1.7233127283092775, "g1": 0.2619871867300322, "g2": -8.602307467557335, "g3": 1.2815266689287483, "g4": 1.0852206186736333, "g5": 0.2359300563994169, "g6": -0.3833489203115785, "g7": 0.9272675549669951, "i0": 3.851700812547202, "i1": 0.6957226800281381, "i2": -7.590780604091525, "i3": 1.4492367515758315, "i4": 0.8649728170417683, "i5": -0.27578273006327747, "i6": -0.025789147168581716, "i7": 1.125853161796631, "r0": 0.5528981370326502, "r1": 0.15863279041797185, "r2": -7.138654009082469, "r3": 0.7241328180643062, "r4": 1.1945633670604243, "r5": 0.11839275380528202, "r6": -0.36348503140839916, "r7": 1.644629845028625}, "datetime": {"datetime": "2020-01-18 04:03:16", "elapsed": 26182.360841, "delta": 27.827072}}
