{"target": 11.65, "params": {"d0": 4.4824255708445, "d1": -6.82027796263003, "d2": 0.8391819940612981, "g0": 1.028080940370895, "g1": 0.7863561667549279, "g2": -5.558686414490088, "g3": 1.051873955615964, "g4": 0.8824263328045004, "g5": 0.7995732105510647, "g6": 0.03809825989819071, "g7": 1.0413432360071377, "i0": 4.631771328463553, "i1": 0.29185920601467663, "i2": -8.350282628473787, "i3": 0.827366782378862, "i4": 0.9592355381445714, "i5": 0.7890655573890886, "i6": 0.7439718231662411, "i7": 1.9695438692292728, "r0": 4.731779005493678, "r1": 0.31156369793527827, "r2": -3.6962611524710614, "r3": 1.2506614568956014, "r4": 1.1293139606208704, "r5": 0.7180121459318685, "r6": 0.7306382855987357, "r7": 1.4449621997850846}, "datetime": {"datetime": "2020-01-18 04:53:18", "elapsed": 29184.284891, "delta": 49.011965}}
{"target": 14.65, "params": {"d0": 4.4587412233822725, "d1": -1.5055070204789534, "d2": 1.2223895314800177, "g0": 2.1921560189101097, "g1": 0.28654007557860595, "g2": -0.14533402342438428, "g3": 0.9853785425176066, "g4": 1.0634683223217538, "g5": 0.7109239515127417, "g6": 0.10270099937505117, "g7": 1.3218448529645326, "i0": 3.4977517908109217, "i1": 0.19178087633661967, "i2": -9.917384401239376, "i3": 1.3606203975192996, "i4": 1.1372899523471924, "i5": -0.4950302380986109, "i6": -0.41870772171326026, "i7": 1.668259330033976, "r0": 1.5622615679213137, "r1": 0.5793613283416252, "r2": -5.62344334234668, "r3": 1.435377993993933, "r4": 1.10034788921191, "r5": -0.03157976465153445, "r6": -0.11230613916622845, "r7": 1.5454743906742117}, "datetime": {"datetime": "2020-01-18 04:53:56", "elapsed": 29222.646706, "delta": 38.361815}}
{"target": 14.6, "params": {"d0": 3.5735180590433813, "d1": -8.660967724800187, "d2": 1.1759703956477496, "g0": 0.3453795926460179, "g1": 0.8451168562694963, "g2": -2.222376892429427, "g3": 1.3470375210888328, "g4": 1.2513455569928154, "g5": -0.3994253898568072, "g6": 0.6498078725508254, "g7": 1.199875763659684, "i0": 4.347164066776551, "i1": 0.642822765144607, "i2": -9.92681904320914, "i3": 1.4971978291861812, "i4": 1.1671209804346323, "i5": -0.20604284440785536, "i6": 0.5973933910230782, "i7": 1.5398638207647322, "r0": 1.6540689907234307, "r1": 0.17857944179808782, "r2": -8.17607964587936, "r3": 1.2065917796930212, "r4": 0.930289179047165, "r5": 0.19206355860871072, "r6": -0.296051181157045, "r7": 1.8958488496782566}, "datetime": {"datetime": "2020-01-18 04:54:35", "elapsed": 29261.748291, "delta": 39.101585}}
{"target": 20.1, "params": {"d0": 3.3479153880254264, "d1": -6.950103922815942, "d2": 0.8776566076594506, "g0": 1.1596624165149145, "g1": 0.5236152389041728, "g2": -3.137389650741426, "g3": 1.1871431292291403, "g4": 1.189187726302292, "g5": -0.710270342993373, "g6": 0.7340433936390041, "g7": 1.3617608920857502, "i0": 2.8969313522391396, "i1": 0.8659873171938511, "i2": -7.434768041254145, "i3": 1.134431373117384, "i4": 0.8487699840732094, "i5": -0.34731409763526816, "i6": -0.0901363451106143, "i7": 1.927632128493133, "r0": 0.12114513700626772, "r1": 0.3926088274624777, "r2": -1.318609403303153, "r3": 0.9302770026798783, "r4": 0.9427246655029857, "r5": 0.4371603839708278, "r6": 0.6806948160131019, "r7": 1.7404296159364154}, "datetime": {"datetime": "2020-01-18 04:55:12", "elapsed": 29298.760979, "delta": 37.012688}}
{"target": 18.65, "params": {"d0": 2.571565628424734, "d1": -0.0384947214553506, "d2": 0.9654169412438869, "g0": 1.6824641733926864, "g1": 0.5356738798361982, "g2": -6.818087600124839, "g3": 1.4155141667780473, "g4": 1.2479325155675627, "g5": 0.49828173593098657, "g6": 0.4614990284922208, "g7": 1.6353759269806267, "i0": 3.994047373030591, "i1": 0.12164838261198074, "i2": -0.5156208679520535, "i3": 0.8565280200427484, "i4": 1.0037045235788393, "i5": 0.5768599673556252, "i6": 0.046663182762562094, "i7": 1.6500222132818814, "r0": 4.945575661627543, "r1": 0.41434337410310884, "r2": -9.270405157751947, "r3": 0.7040671856172409, "r4": 1.1949622502790391, "r5": 0.7167362674971247, "r6": 0.8227423146966899, "r7": 1.280136395990213}, "datetime": {"datetime": "2020-01-18 04:55:50", "elapsed": 29336.963969, "delta": 38.20299}}
{"target": 17.9, "params": {"d0": 0.49403350216424224, "d1": -9.01825342781203, "d2": 1.2930000457570667, "g0": 0.5068643774210957, "g1": 0.734909140949324, "g2": -6.618289199075336, "g3": 1.2502126610255213, "g4": 0.8238229725057357, "g5": 0.5556256338847063, "g6": -0.015269040259121958, "g7": 1.7517603425939692, "i0": 1.0483460483775686, "i1": 0.7992764338219579, "i2": -6.4823024035560515, "i3": 0.8957664631292862, "i4": 1.1387663955249585, "i5": 0.4582214133533016, "i6": -0.4443139066975325, "i7": 1.674451561909704, "r0": 0.27289052074927933, "r1": 0.6185195348451245, "r2": -2.730719552964482, "r3": 1.4618774199236133, "r4": 1.120463459453153, "r5": 0.08873678763027881, "r6": -0.12557125772551264, "r7": 1.0382923758741025}, "datetime": {"datetime": "2020-01-18 04:56:31", "elapsed": 29377.74483, "delta": 40.780861}}
{"target": 1.8, "params": {"d0": 4.1434237081950975, "d1": -6.2046864610846715, "d2": 1.0871835728830097, "g0": 2.8562918720242703, "g1": 0.6197014723618363, "g2": -1.5866576134276205, "g3": 1.3527434801635874, "g4": 0.8129771870757159, "g5": 0.39292847350885096, "g6": 0.9156292533377997, "g7": 0.9566977848120843, "i0": 4.958172441281824, "i1": 0.11324670592741715, "i2": -0.663387560176826, "i3": 0.9397127928728936, "i4": 0.8337867227977005, "i5": 0.6145331293017182, "i6": 0.6345303248528273, "i7": 1.0532249481728755, "r0": 1.4593965761334244, "r1": 0.6888801722201866, "r2": -8.259285927305319, "r3": 1.0365670984635498, "r4": 0.8298308149025357, "r5": 0.08831127934900951, "r6": 0.7050501979752246, "r7": 1.1452067551949685}, "datetime": {"datetime": "2020-01-18 04:57:18", "elapsed": 29424.85074, "delta": 47.10591}}
{"target": 13.15, "params": {"d0": 0.06052900927927207, "d1": -5.200808877150871, "d2": 0.9409838256727052, "g0": 4.6035646608070815, "g1": 0.896795732117724, "g2": -2.0863752597057186, "g3": 1.199879064485827, "g4": 0.9622070962170287, "g5": 0.2035629138443027, "g6": 0.2636413010854848, "g7": 1.2312464953746765, "i0": 4.000283618834332, "i1": 0.54699491618558, "i2": -6.938435896679885, "i3": 0.9568376559714493, "i4": 1.1090219649973316, "i5": 0.44116050002983065, "i6": 0.7892921206251668, "i7": 1.7691731413934855, "r0": 0.14844169360921755, "r1": 0.5442549671069912, "r2": -2.0894306341739632, "r3": 1.1571718142551242, "r4": 0.9619718399878863, "r5": 0.2831079276907438, "r6": 0.746432428405621, "r7": 1.0278989183095972}, "datetime": {"datetime": "2020-01-18 04:58:12", "elapsed": 29478.30214, "delta": 53.4514}}
{"target": 11.3, "params": {"d0": 4.166010992761853, "d1": -5.111652154418396, "d2": 0.8626490327991098, "g0": 1.1713982195018784, "g1": 0.7097887913084063, "g2": -0.06469578493118178, "g3": 0.8737229018147654, "g4": 1.0400727166236157, "g5": 0.6008892106441148, "g6": -0.4040267269602572, "g7": 1.3325267753294703, "i0": 2.5162078936526964, "i1": 0.3123154129827813, "i2": -2.7015241173621583, "i3": 1.4556060119598366, "i4": 1.0602851615822373, "i5": -0.5358234772472864, "i6": 0.31421256756269444, "i7": 0.9049445337492567, "r0": 0.3393585918538178, "r1": 0.36136240507134043, "r2": -1.5660810274014008, "r3": 0.741180186142766, "r4": 1.2598476000876797, "r5": -0.7819378167460331, "r6": 0.8021711531389017, "r7": 1.5503562346321937}, "datetime": {"datetime": "2020-01-18 04:58:41", "elapsed": 29507.908905, "delta": 29.606765}}
{"target": 7.35, "params": {"d0": 2.6699220551803347, "d1": -7.347268728546188, "d2": 1.282227686221932, "g0": 1.4942615883245396, "g1": 0.6849404695235489, "g2": -6.792939294597728, "g3": 0.7726216511759517, "g4": 0.8050882937019468, "g5": -0.12496067836091596, "g6": 0.5875130462522637, "g7": 1.5421478634674566, "i0": 4.72309405284754, "i1": 0.8335821065252277, "i2": -2.6355350911923097, "i3": 1.281167650133026, "i4": 1.2276082189229092, "i5": 0.30445515635735854, "i6": -0.1152776410501638, "i7": 1.4537244390701558, "r0": 3.7066362713797307, "r1": 0.46919308490412726, "r2": -5.045293517040958, "r3": 1.0081668086800366, "r4": 1.09501269561086, "r5": 0.12018897778315019, "r6": 0.39761258382651943, "r7": 1.9152744143068547}, "datetime": {"datetime": "2020-01-18 04:59:19", "elapsed": 29545.294729, "delta": 37.385824}}
{"target": 16.8, "params": {"d0": 0.6891587415761963, "d1": -7.49212426612228, "d2": 1.0017985757611556, "g0": 1.6599580998180947, "g1": 0.15014997051775403, "g2": -0.5085431230656781, "g3": 0.9470104793309929, "g4": 1.0400747462292883, "g5": -0.3521862004779152, "g6": 0.32401580860589907, "g7": 1.9138461300666703, "i0": 3.952466311311233, "i1": 0.638828059341065, "i2": -8.017897482771117, "i3": 1.3147963939000396, "i4": 1.0586304380321772, "i5": -0.2770699645287297, "i6": 0.6341592991030516, "i7": 1.0378818493919626, "r0": 1.1461471167164794, "r1": 0.37111955844604805, "r2": -1.9221688471277822, "r3": 1.0482929833010095, "r4": 1.2630017569710228, "r5": 0.6901830062941672, "r6": 0.7862374166997801, "r7": 0.9489198992201873}, "datetime": {"datetime": "2020-01-18 05:00:01", "elapsed": 29587.284349, "delta": 41.98962}}
{"target": 14.7, "params": {"d0": 0.31396452014478493, "d1": -5.959497028293922, "d2": 0.7650810200579296, "g0": 3.095900643323689, "g1": 0.7672297422614619, "g2": -1.2424857444272401, "g3": 1.1446625150293954, "g4": 1.1504947424803444, "g5": -0.3688230925012471, "g6": 0.5522776539451715, "g7": 1.9307521428196988, "i0": 0.17295403742396576, "i1": 0.1758237499582107, "i2": -3.9214669889317673, "i3": 1.1262063017779562, "i4": 0.905184896945032, "i5": 0.49892614703905536, "i6": -0.3110196302867185, "i7": 1.321169853707337, "r0": 1.9033737229222325, "r1": 0.4233610419587811, "r2": -9.01672795684262, "r3": 1.3818774231146402, "r4": 0.8633146087308465, "r5": -0.6567619446303884, "r6": 0.784066858481103, "r7": 1.044541192491562}, "datetime": {"datetime": "2020-01-18 05:00:48", "elapsed": 29635.264371, "delta": 47.980022}}
{"target": 11.8, "params": {"d0": 2.109539951021241, "d1": -4.050480270678202, "d2": 1.392868731231039, "g0": 4.0371254999200215, "g1": 0.9075142574819117, "g2": -4.2268380499865765, "g3": 0.9729707558117189, "g4": 1.1269715349955092, "g5": -0.35880016468258447, "g6": -0.4808253422934512, "g7": 1.0474907922939845, "i0": 0.641556933034691, "i1": 0.7978998241964577, "i2": -1.818349643058939, "i3": 0.9005552469722953, "i4": 1.1835209744523287, "i5": -0.3227931915147661, "i6": 0.21074564931664708, "i7": 0.9954579030309426, "r0": 2.3763778043179267, "r1": 0.8061476187851293, "r2": -1.5010646489943156, "r3": 0.8936838079601035, "r4": 0.9035497490234863, "r5": -0.5681548059050541, "r6": 0.5824676758110761, "r7": 1.2631123982084556}, "datetime": {"datetime": "2020-01-18 05:01:34", "elapsed": 29680.292888, "delta": 45.028517}}
{"target": 14.75, "params": {"d0": 2.504688018079414, "d1": -4.036194981578868, "d2": 0.8549860728868284, "g0": 1.7684328513519576, "g1": 0.26454259615656506, "g2": -1.932661194224842, "g3": 0.9017002962799416, "g4": 0.8958780533100047, "g5": -0.6375916515140251, "g6": -0.26222064400052725, "g7": 1.9679190935756927, "i0": 1.7223892810035362, "i1": 0.001966875208640695, "i2": -0.7493117046885889, "i3": 1.3219165249921365, "i4": 1.252780370763893, "i5": -0.71678640060086, "i6": -0.3622234081021618, "i7": 1.4241231637898668, "r0": 3.1914865310811162, "r1": 0.12317439408362196, "r2": -5.409288584902291, "r3": 1.3901806473644434, "r4": 1.1379240463168063, "r5": 0.23961384484052628, "r6": 0.9200994032738627, "r7": 1.7598960578762397}, "datetime": {"datetime": "2020-01-18 05:02:14", "elapsed": 29720.876432, "delta": 40.583544}}
{"target": 16.6, "params": {"d0": 4.29771033805051, "d1": -9.065290948454138, "d2": 1.1367833756392633, "g0": 2.313936392435569, "g1": 0.5136647089802195, "g2": -5.130941683659477, "g3": 1.0695686068106836, "g4": 1.2359407667816418, "g5": 0.7348110903463059, "g6": -0.4184179945695203, "g7": 1.8269842858669696, "i0": 1.5995497661190905, "i1": 0.542885554902714, "i2": -0.3372532792800307, "i3": 0.951907892303415, "i4": 0.8514264366405306, "i5": 0.38477427449847457, "i6": 0.6550266985678341, "i7": 1.5097358587845584, "r0": 0.973338578563912, "r1": 0.9817034069485268, "r2": -6.525898572855253, "r3": 1.2619056628134486, "r4": 1.2450123089741956, "r5": -0.6635092785947343, "r6": -0.02469469456422252, "r7": 1.8523323359289208}, "datetime": {"datetime": "2020-01-18 05:02:51", "elapsed": 29757.807235, "delta": 36.930803}}
{"target": 13.0, "params": {"d0": 4.527162141935565, "d1": -2.926243320808968, "d2": 1.0958373245516015, "g0": 3.3338469028307234, "g1": 0.9977116849773786, "g2": -6.3450335673662375, "g3": 0.8287644965075872, "g4": 1.2096505645982076, "g5": 0.652132621015352, "g6": -0.46907794781565865, "g7": 1.32804303191993, "i0": 2.7353413212111066, "i1": 0.8927110004234294, "i2": -7.131247784223392, "i3": 1.2798760499550177, "i4": 1.1570509338248907, "i5": 0.49392869643163206, "i6": 0.8145736080860928, "i7": 1.6423328756501525, "r0": 4.905744297055334, "r1": 0.5465870654844076, "r2": -4.452918112151128, "r3": 1.4676914132474697, "r4": 1.2915842359958816, "r5": -0.42773320347420984, "r6": 0.664355309612711, "r7": 1.876890351948254}, "datetime": {"datetime": "2020-01-18 05:03:35", "elapsed": 29801.308806, "delta": 43.501571}}
{"target": 15.75, "params": {"d0": 4.388839976335472, "d1": -4.1956669773145725, "d2": 1.2561577998536781, "g0": 4.360114694758087, "g1": 0.2384889682032192, "g2": -1.380762414299081, "g3": 0.9685223249694199, "g4": 1.2448571850633248, "g5": -0.2957823981857528, "g6": 0.5101859911325377, "g7": 1.4961077385470882, "i0": 0.385710225215693, "i1": 0.10630975287184985, "i2": -6.7846051169542925, "i3": 0.8169363297440904, "i4": 1.2911886465550144, "i5": -0.5717083960380182, "i6": 0.5615103584498038, "i7": 1.3313810463060565, "r0": 1.1716320952283477, "r1": 0.8966689578345479, "r2": -7.244600158612357, "r3": 0.9051308092811912, "r4": 0.8563161872067366, "r5": 0.28106031319116953, "r6": 0.4930115938388745, "r7": 1.7312402320904943}, "datetime": {"datetime": "2020-01-18 05:04:13", "elapsed": 29839.890396, "delta": 38.58159}}
{"target": 8.15, "params": {"d0": 0.3597951346432071, "d1": -7.36686631276304, "d2": 1.2960566694005178, "g0": 4.9962413410852715, "g1": 0.8814467504837472, "g2": -7.062260536042668, "g3": 0.7691636644037082, "g4": 0.8691533740998159, "g5": 0.7867410015511038, "g6": 0.7262301101303317, "g7": 1.2535072393500366, "i0": 1.7252638416446486, "i1": 0.4862214805824515, "i2": -9.869624202634439, "i3": 1.2278071865926234, "i4": 1.1064503238287307, "i5": -0.7762131520920494, "i6": 0.2480844996728735, "i7": 1.1497412026546896, "r0": 1.6613164896910415, "r1": 0.9998342226079319, "r2": -0.804291803179515, "r3": 0.7283735870767813, "r4": 0.8475973066244729, "r5": 0.668653753202421, "r6": 0.672398485961164, "r7": 1.934232406781165}, "datetime": {"datetime": "2020-01-18 05:05:15", "elapsed": 29902.095886, "delta": 62.20549}}
{"target": 18.9, "params": {"d0": 2.5913358959092188, "d1": -0.6399943644204491, "d2": 1.040942980958189, "g0": 0.9481110612817112, "g1": 0.8483660896655331, "g2": -3.5277334688649065, "g3": 0.7298138421003298, "g4": 1.0186389650408942, "g5": 0.06326329315722323, "g6": 0.5171706031769987, "g7": 1.8180293258422786, "i0": 0.39244059091924133, "i1": 0.562993222445644, "i2": -9.94203760280288, "i3": 1.2980358761360233, "i4": 1.142976342347932, "i5": -0.24016788764915664, "i6": -0.3855945464728802, "i7": 1.0434156061229878, "r0": 4.748217537498196, "r1": 0.6092532317327943, "r2": -4.7107981683119196, "r3": 0.7848979771262394, "r4": 0.8710356438845249, "r5": 0.430499669202683, "r6": 0.25535885605895126, "r7": 0.9506878339719771}, "datetime": {"datetime": "2020-01-18 05:05:56", "elapsed": 29942.438678, "delta": 40.342792}}
{"target": 17.15, "params": {"d0": 3.504956965239683, "d1": -0.7029008239922909, "d2": 1.2980538457289146, "g0": 2.276829883427039, "g1": 0.06620958766808915, "g2": -6.950019042591528, "g3": 1.1176702348038248, "g4": 1.2264213696514348, "g5": 0.7023235708235569, "g6": 0.1294971249327832, "g7": 1.7378448567356375, "i0": 1.8711707170463692, "i1": 0.5079460693191887, "i2": -7.664034272892368, "i3": 1.0072007418440707, "i4": 1.236223970841042, "i5": 0.039911574884997636, "i6": 0.7657410686405801, "i7": 1.005075455248768, "r0": 4.871405469791547, "r1": 0.01382521088485289, "r2": -2.719412756093363, "r3": 0.8159493566280198, "r4": 0.8248677093552167, "r5": -0.7777489281220391, "r6": 0.6730806517799284, "r7": 1.3947687470931336}, "datetime": {"datetime": "2020-01-18 05:06:35", "elapsed": 29981.765037, "delta": 39.326359}}
{"target": 17.85, "params": {"d0": 0.7428567720215656, "d1": -8.271556593710196, "d2": 1.4004479622018589, "g0": 1.9662896611620777, "g1": 0.6367803935390003, "g2": -2.481113156306681, "g3": 1.1699046638309951, "g4": 1.2871084482529986, "g5": 0.2899322908160229, "g6": 0.4652493781800322, "g7": 1.764901306852456, "i0": 0.6606824993940646, "i1": 0.09623779740289129, "i2": -3.62922431055976, "i3": 1.364593729792198, "i4": 1.1082600037652286, "i5": 0.3045983755295112, "i6": 0.7103713224084527, "i7": 1.4955135329489666, "r0": 4.168127098518074, "r1": 0.9913705592003711, "r2": -8.708125188303942, "r3": 1.3110838357537737, "r4": 0.859029653607378, "r5": -0.7384403963135724, "r6": -0.42305496945622, "r7": 1.5541192441635376}, "datetime": {"datetime": "2020-01-18 05:07:16", "elapsed": 30022.338086, "delta": 40.573049}}
{"target": 20.55, "params": {"d0": 3.5960129135313967, "d1": -9.436670980918727, "d2": 0.8700252535755252, "g0": 0.615505858712716, "g1": 0.17385135283806508, "g2": -4.153337680710876, "g3": 0.8982630013718911, "g4": 1.2401288515018187, "g5": -0.5909337290518469, "g6": -0.04052281527307444, "g7": 1.9127451022666428, "i0": 3.415453585083444, "i1": 0.36203975529810783, "i2": -7.254185436237802, "i3": 1.1935049128715831, "i4": 1.0432501190799695, "i5": 0.09071672685627041, "i6": -0.49724443672602114, "i7": 1.457319093039735, "r0": 3.429134798420413, "r1": 0.16439958376875718, "r2": -4.1208593201118, "r3": 0.7490757690104144, "r4": 1.1129753418328123, "r5": 0.29086271975615463, "r6": 0.9846576859890235, "r7": 1.9394200442787604}, "datetime": {"datetime": "2020-01-18 05:07:50", "elapsed": 30056.993197, "delta": 34.655111}}
{"target": 6.95, "params": {"d0": 2.3652380017758388, "d1": -9.600710866152715, "d2": 1.2033957141588303, "g0": 4.8780669982462, "g1": 0.3963116926719127, "g2": -2.9987358407006663, "g3": 1.0565308272520508, "g4": 1.25917578754573, "g5": 0.006999411195202199, "g6": 0.556990314443014, "g7": 1.2827197296778647, "i0": 2.97230082056641, "i1": 0.9552862930532618, "i2": -4.511427071143199, "i3": 0.8154248883154358, "i4": 1.203800163432704, "i5": -0.11004653499616113, "i6": -0.07973540672893392, "i7": 1.9786155457798564, "r0": 3.5564255553131923, "r1": 0.9090426959554209, "r2": -2.096544409180745, "r3": 0.8223380806457631, "r4": 1.1014979216386522, "r5": 0.03517963441438865, "r6": 0.6120227602138695, "r7": 1.1827958762465949}, "datetime": {"datetime": "2020-01-18 05:08:20", "elapsed": 30087.277785, "delta": 30.284588}}
{"target": 10.9, "params": {"d0": 3.5333635961915038, "d1": -3.964091143372076, "d2": 1.352736579478733, "g0": 2.991915215038656, "g1": 0.26561702255824227, "g2": -9.988746475034612, "g3": 1.3571226770244245, "g4": 0.9857490480457435, "g5": -0.48266934162016284, "g6": 0.3631001151817752, "g7": 1.7027323506847756, "i0": 1.3748893920700826, "i1": 0.37618025972061686, "i2": -7.80420736316299, "i3": 0.9374607092674743, "i4": 1.016484343536332, "i5": 0.5037817631253938, "i6": -0.20113811168098655, "i7": 1.0628708313820907, "r0": 1.779044667107232, "r1": 0.8339220227445949, "r2": -3.6409062243012427, "r3": 0.9849023118143844, "r4": 0.948970599758298, "r5": -0.18997267282751695, "r6": 0.8521949502598078, "r7": 1.4730766183520552}, "datetime": {"datetime": "2020-01-18 05:08:51", "elapsed": 30117.876525, "delta": 30.59874}}
{"target": 18.15, "params": {"d0": 1.0149937405075105, "d1": -8.877555615871252, "d2": 1.4483048798485745, "g0": 1.6199158883800657, "g1": 0.8404606784999344, "g2": -2.668324692141021, "g3": 1.456023334069638, "g4": 1.0155983920965266, "g5": -0.7237275079779902, "g6": 0.09386368485603191, "g7": 1.252052581812794, "i0": 4.569200326489894, "i1": 0.03358942006395693, "i2": -4.469172873815235, "i3": 1.1477785692135722, "i4": 1.015107248557966, "i5": -0.2995446907709317, "i6": -0.004184461025066033, "i7": 1.1531132258296881, "r0": 1.8522049164972705, "r1": 0.4149896788651999, "r2": -8.423186507891701, "r3": 1.25957310620025, "r4": 1.1841833833533033, "r5": -0.06701165915575336, "r6": 0.6796597703734377, "r7": 1.9596421414509786}, "datetime": {"datetime": "2020-01-18 05:09:28", "elapsed": 30155.151461, "delta": 37.274936}}
{"target": 16.0, "params": {"d0": 0.8836108386893893, "d1": -6.1421342166729715, "d2": 1.0398448494060808, "g0": 2.653425863604772, "g1": 0.8465399615940828, "g2": -5.001697507124736, "g3": 1.05683565143925, "g4": 1.2011082182668358, "g5": 0.7858615046155495, "g6": -0.16053726231857113, "g7": 1.822157086049598, "i0": 2.193491782355106, "i1": 0.11031127309920519, "i2": -6.402570665905304, "i3": 0.8652694356967036, "i4": 0.9883389411807766, "i5": -0.529332294069369, "i6": 0.11107335193495271, "i7": 1.9637060216947702, "r0": 4.557389035948415, "r1": 0.33699140300723407, "r2": -3.243944496360137, "r3": 1.141938350376504, "r4": 1.2658621995711075, "r5": 0.11750275752649153, "r6": 0.008846941457702595, "r7": 1.7297114317392048}, "datetime": {"datetime": "2020-01-18 05:10:05", "elapsed": 30191.500344, "delta": 36.348883}}
