{"target": 17.9, "params": {"d0": 4.6286026766813, "d1": -2.188045993242339, "d2": 0.9459051843422754, "g0": 1.524828208210316, "g1": 0.8811683184289046, "g2": -8.739215196028015, "g3": 1.2067686673885805, "g4": 0.9388563662367122, "g5": 0.5235205202228899, "g6": 0.04678517133383242, "g7": 1.7067027039157177, "i0": 0.962089452068694, "i1": 0.4814458975407394, "i2": -1.9640537356897276, "i3": 1.0175905693378993, "i4": 0.880787019928045, "i5": 0.23837155623783568, "i6": 0.6299887088415885, "i7": 1.2082118989104031, "r0": 2.2568093061620083, "r1": 0.9004489123860653, "r2": -1.2801436880908152, "r3": 1.2657500878273458, "r4": 1.0954502997452034, "r5": 0.507811632635401, "r6": 0.8614669691497585, "r7": 0.9027583156347155}, "datetime": {"datetime": "2020-01-17 21:35:16", "elapsed": 2902.612122, "delta": 41.480641}}
{"target": 19.05, "params": {"d0": 1.9861388311688088, "d1": -4.385903162815184, "d2": 1.2871385090279013, "g0": 0.4373638109252176, "g1": 0.3997549876808645, "g2": -7.203788205501511, "g3": 1.0388080424841464, "g4": 1.0489893163366442, "g5": 0.25602435764168163, "g6": 0.24435420845541878, "g7": 1.5825150206657095, "i0": 2.912199309446113, "i1": 0.42833239803885637, "i2": -9.950236352887346, "i3": 0.8556131310876814, "i4": 0.9601033271431445, "i5": -0.56483499863211, "i6": 0.3979958224096536, "i7": 1.5726494243255627, "r0": 2.5004662979846475, "r1": 0.32084890160086454, "r2": -3.4674194797554563, "r3": 0.8522267861432349, "r4": 0.8029404907223141, "r5": 0.37590722989433845, "r6": 0.1652557628559026, "r7": 1.6676258216548332}, "datetime": {"datetime": "2020-01-17 21:36:02", "elapsed": 2948.735522, "delta": 46.1234}}
{"target": 10.25, "params": {"d0": 0.92521674818488, "d1": -9.373801980160845, "d2": 1.002486869426417, "g0": 3.47998255222747, "g1": 0.10281836745431583, "g2": -8.041657663250076, "g3": 1.063162120325216, "g4": 1.110574594846823, "g5": 0.4001987969103762, "g6": -0.3353974680715151, "g7": 1.5870859678712055, "i0": 1.936802610722404, "i1": 0.670090368747807, "i2": -7.964396223380984, "i3": 1.122335038024585, "i4": 0.8860812774779664, "i5": -0.7701103904057995, "i6": 0.23042536963593574, "i7": 1.1025955542169825, "r0": 3.1917166500169376, "r1": 0.5365748193404329, "r2": -2.2505462000225425, "r3": 1.0143679221073625, "r4": 1.2947260654181265, "r5": 0.02434351385931799, "r6": 0.2182351017782076, "r7": 1.7243867178273868}, "datetime": {"datetime": "2020-01-17 21:37:05", "elapsed": 3011.821101, "delta": 63.085579}}
{"target": 6.55, "params": {"d0": 2.8634414664620773, "d1": -6.3753468269997455, "d2": 1.0913958283681138, "g0": 0.9456918746942489, "g1": 0.39358341429686194, "g2": -9.700382474759515, "g3": 1.0700232482737624, "g4": 0.9372370564017855, "g5": 0.04274537657378519, "g6": -0.4560918178953312, "g7": 1.510595443174392, "i0": 1.4649894181417862, "i1": 0.5774906810135474, "i2": -2.6723014673863332, "i3": 1.0522702614371502, "i4": 1.1315784114409828, "i5": -0.41774407220766074, "i6": 0.9978986328797199, "i7": 1.1671663737817444, "r0": 4.704142071907624, "r1": 0.21721975039101793, "r2": -5.024356153949325, "r3": 1.3569415719141886, "r4": 1.158294023397367, "r5": 0.3289286593930705, "r6": 0.16066083996357694, "r7": 1.7295925280006754}, "datetime": {"datetime": "2020-01-17 21:37:31", "elapsed": 3037.512866, "delta": 25.691765}}
{"target": 18.65, "params": {"d0": 4.599767885074294, "d1": -5.586482546841621, "d2": 1.1223723873237605, "g0": 0.3301779200831867, "g1": 0.3907730736706927, "g2": -5.327614336667541, "g3": 1.4161101686428585, "g4": 0.8552787201277207, "g5": 0.3698201651183466, "g6": 0.3182067528230792, "g7": 1.5671889735681979, "i0": 0.14891472064780142, "i1": 0.14674737976077956, "i2": -7.160167745338148, "i3": 0.7038976383628848, "i4": 1.1345788988985683, "i5": 0.5924127182761572, "i6": 0.32045246390686133, "i7": 1.4974804522711243, "r0": 3.0786296430651867, "r1": 0.30218150041580416, "r2": -6.3326801833905835, "r3": 1.1599517818222131, "r4": 1.2046082918586722, "r5": -0.47744538494692623, "r6": -0.008713916227566287, "r7": 1.717213375428667}, "datetime": {"datetime": "2020-01-17 21:38:17", "elapsed": 3084.085807, "delta": 46.572941}}
{"target": 18.9, "params": {"d0": 1.7046012456617103, "d1": -9.523890712934449, "d2": 0.8250855429410012, "g0": 0.969324298297734, "g1": 0.4951123625611782, "g2": -3.6487503890866178, "g3": 1.4041759817748665, "g4": 1.2512682782111226, "g5": -0.30854277042384803, "g6": 0.6300701096883787, "g7": 1.21067083361487, "i0": 1.8428843488263795, "i1": 0.2927265620931302, "i2": -5.863092638008986, "i3": 0.8717725565347044, "i4": 0.9594930032350946, "i5": -0.6049282977758598, "i6": 0.9445273593933019, "i7": 1.4543813103386611, "r0": 4.615503412943319, "r1": 0.7461601407734211, "r2": -5.422947123195808, "r3": 1.3036977802465053, "r4": 1.1140115393034629, "r5": -0.31398650535701017, "r6": 0.2824889701199078, "r7": 1.6835434152121722}, "datetime": {"datetime": "2020-01-17 21:39:02", "elapsed": 3128.540412, "delta": 44.454605}}
{"target": 15.35, "params": {"d0": 1.5265676572415336, "d1": -9.874771631135268, "d2": 0.9146102633087491, "g0": 3.9837273779504208, "g1": 0.9299930889635013, "g2": -3.746688450967449, "g3": 0.8062459876643288, "g4": 1.1787851796237105, "g5": 0.043048553675750334, "g6": 0.6308036074318195, "g7": 1.844472873377014, "i0": 4.737707755509121, "i1": 0.6545375346228315, "i2": -1.4574179015735353, "i3": 1.2940704461572374, "i4": 1.1635505942018385, "i5": 0.5740652100271437, "i6": 0.884504561130498, "i7": 1.8922836016773292, "r0": 1.9787513078259034, "r1": 0.0840212797987252, "r2": -1.7042628154185095, "r3": 1.1311452426461075, "r4": 1.0710380773695616, "r5": 0.5202805289062713, "r6": -0.4520237234363392, "r7": 1.8657564605976726}, "datetime": {"datetime": "2020-01-17 21:39:44", "elapsed": 3171.102948, "delta": 42.562536}}
{"target": 15.6, "params": {"d0": 0.1731700066886016, "d1": -3.0680544162161194, "d2": 1.1699875834803273, "g0": 3.2087459041679836, "g1": 0.37408018773825613, "g2": -7.245379733498959, "g3": 1.10752686515101, "g4": 1.242911558574861, "g5": 0.10446347258490929, "g6": 0.4947233371964752, "g7": 1.3855171540488511, "i0": 4.86069543560726, "i1": 0.7425224523517098, "i2": -6.450974891492266, "i3": 1.2228248261309274, "i4": 1.0713082059358603, "i5": 0.6144899398058976, "i6": -0.08741892340188245, "i7": 1.018874233689571, "r0": 0.9563602587058506, "r1": 0.38704623260508586, "r2": -1.4594020506568555, "r3": 0.9166759310687332, "r4": 1.113179401604342, "r5": 0.19768288167289327, "r6": 0.11207070302189304, "r7": 0.955368642625397}, "datetime": {"datetime": "2020-01-17 21:40:39", "elapsed": 3225.991401, "delta": 54.888453}}
{"target": 16.1, "params": {"d0": 3.7241693651624637, "d1": -7.042744655761188, "d2": 1.0187665572392322, "g0": 1.8861978376525474, "g1": 0.6636026316710936, "g2": -9.136667131848359, "g3": 1.139911936377585, "g4": 0.807710911171628, "g5": 0.7728623736630669, "g6": 0.3976408335820223, "g7": 1.3225256507958494, "i0": 0.7337396536374136, "i1": 0.6968783264368051, "i2": -0.9419158329344768, "i3": 0.9544870018756935, "i4": 1.1832460723281149, "i5": -0.3400030367340998, "i6": 0.93583801356159, "i7": 1.6725473302742881, "r0": 3.1250779659666055, "r1": 0.9307347331501478, "r2": -7.309576127480815, "r3": 1.4388925970726085, "r4": 1.1390414670619913, "r5": 0.4341800115223391, "r6": 0.357453004652427, "r7": 1.8172951452491568}, "datetime": {"datetime": "2020-01-17 21:41:25", "elapsed": 3271.444983, "delta": 45.453582}}
{"target": 6.1, "params": {"d0": 3.491408996459313, "d1": -8.53391298223091, "d2": 1.1899689029024598, "g0": 1.3966016780816592, "g1": 0.9158787230673001, "g2": -8.017677097898462, "g3": 0.9285731962970423, "g4": 0.8238273524848395, "g5": -0.08387336951897895, "g6": 0.33638172275666767, "g7": 1.530917190834805, "i0": 4.526886899798365, "i1": 0.34741393280060506, "i2": -5.524716204087447, "i3": 1.380990130001198, "i4": 1.0884146516160125, "i5": 0.24638869580437395, "i6": -0.08246100440852594, "i7": 1.4362184317884341, "r0": 3.104761937902361, "r1": 0.13339403014523998, "r2": -9.670912834074656, "r3": 0.7907288009046609, "r4": 1.0387305381698266, "r5": -0.7615572245907064, "r6": 0.43931339370583256, "r7": 1.007340879773693}, "datetime": {"datetime": "2020-01-17 21:42:13", "elapsed": 3319.376037, "delta": 47.931054}}
{"target": 12.6, "params": {"d0": 1.2548076885812287, "d1": -5.735070541437816, "d2": 0.7926613973649992, "g0": 1.352759968987332, "g1": 0.021079672835511265, "g2": -0.14954446389530673, "g3": 1.1892588864971285, "g4": 0.9891769194176245, "g5": -0.7575546382232814, "g6": 0.08475812256247628, "g7": 1.3978144890250777, "i0": 4.655015968822514, "i1": 0.27850417183805665, "i2": -3.8521810891670096, "i3": 1.2321346836657545, "i4": 0.8929804848981695, "i5": 0.009221358378290967, "i6": 0.6797511442899022, "i7": 1.006236937871255, "r0": 3.030176490844811, "r1": 0.02605993268839324, "r2": -9.929532761899244, "r3": 0.747622885712057, "r4": 1.0407002295745182, "r5": 0.6811265739043695, "r6": 0.10833607620853636, "r7": 0.9825359032701949}, "datetime": {"datetime": "2020-01-17 21:42:58", "elapsed": 3364.842607, "delta": 45.46657}}
{"target": 8.45, "params": {"d0": 4.306762372415144, "d1": -4.807024145295598, "d2": 0.9551486951339392, "g0": 4.815161693923378, "g1": 0.9382617685023783, "g2": -7.399810280433076, "g3": 0.8611134829709761, "g4": 1.0944543516530387, "g5": 0.5480291357464944, "g6": 0.005081634617582376, "g7": 1.5450723636106878, "i0": 0.8112249973940389, "i1": 0.19459373523814183, "i2": -2.3866478400790436, "i3": 0.8200787690816399, "i4": 0.9329535205239138, "i5": 0.30319178108427103, "i6": -0.47736603855053134, "i7": 0.9354138442554276, "r0": 1.4376297001201432, "r1": 0.3366231805122991, "r2": -6.377838944699889, "r3": 1.3457524604108158, "r4": 0.817990483829321, "r5": -0.22656760859947978, "r6": 0.4574171999002363, "r7": 1.057304520470155}, "datetime": {"datetime": "2020-01-17 21:43:42", "elapsed": 3408.526998, "delta": 43.684391}}
{"target": 18.65, "params": {"d0": 4.288693072557203, "d1": -3.5443559172656727, "d2": 0.7922347403840216, "g0": 1.040487049994736, "g1": 0.7454983307481646, "g2": -5.965933716658272, "g3": 1.0875760487588053, "g4": 1.2437275390363638, "g5": -0.5800903206012307, "g6": 0.9465591960791764, "g7": 0.9468926499762379, "i0": 0.49720128627442406, "i1": 0.2232384309404435, "i2": -1.9341491773948594, "i3": 1.064698245895602, "i4": 1.1266255711306599, "i5": -0.5210861799682605, "i6": -0.2499171006102076, "i7": 1.4729331746091683, "r0": 3.701468176401108, "r1": 0.46247446521502844, "r2": -1.303859148788872, "r3": 1.2283295477365122, "r4": 0.9245450442259664, "r5": -0.4241564467166322, "r6": 0.061070075300604376, "r7": 1.7322776619258389}, "datetime": {"datetime": "2020-01-17 21:44:26", "elapsed": 3453.10248, "delta": 44.575482}}
{"target": 3.75, "params": {"d0": 4.689688321548911, "d1": -1.3809400068116702, "d2": 0.9092886341463373, "g0": 2.061394639892849, "g1": 0.6115440994503215, "g2": -4.531655441841917, "g3": 1.0114199563271726, "g4": 0.8507103884406384, "g5": 0.3395916870356088, "g6": -0.3677972541118492, "g7": 1.8526851723110918, "i0": 4.317242201663173, "i1": 0.7084507915153727, "i2": -5.135754261923139, "i3": 1.2593172523303333, "i4": 0.9974935300508826, "i5": 0.475993574869358, "i6": 0.6796256234197715, "i7": 1.0710814422609838, "r0": 1.5890877517529889, "r1": 0.34398317678599033, "r2": -6.3582970134647425, "r3": 1.153316445350319, "r4": 0.8208437212601439, "r5": 0.2559515503422385, "r6": -0.1975523614150485, "r7": 1.358108811790419}, "datetime": {"datetime": "2020-01-17 21:45:13", "elapsed": 3499.667429, "delta": 46.564949}}
{"target": 19.3, "params": {"d0": 2.2544632825035, "d1": -6.51273230452354, "d2": 1.0066242481024101, "g0": 0.9015303042387968, "g1": 0.0681300573940744, "g2": -4.487433510641484, "g3": 1.176693556493321, "g4": 0.8727498946108545, "g5": -0.4304932666846014, "g6": -0.07043430269392637, "g7": 1.8138265035948684, "i0": 0.7671047058120617, "i1": 0.5521388075534814, "i2": -4.318602823078076, "i3": 0.9747360744869378, "i4": 0.9753085946534769, "i5": 0.7345792280307237, "i6": 0.33001592418928105, "i7": 1.6180043209910502, "r0": 2.4537005822220666, "r1": 0.6466499816717906, "r2": -3.94749214492938, "r3": 0.8161386343360765, "r4": 0.9673402664422966, "r5": -0.06330561046570649, "r6": -0.3082675075904227, "r7": 1.2993806559649481}, "datetime": {"datetime": "2020-01-17 21:45:57", "elapsed": 3543.53813, "delta": 43.870701}}
{"target": 14.2, "params": {"d0": 1.140708171464611, "d1": -1.5249739772959803, "d2": 0.9731792640170389, "g0": 1.1339466033313244, "g1": 0.4081814028522822, "g2": -3.1693595237775307, "g3": 0.7524975991691398, "g4": 0.890364606801495, "g5": 0.3108911022779659, "g6": 0.6283849072061398, "g7": 1.5795297075710748, "i0": 4.3959928026829775, "i1": 0.16880019007759361, "i2": -2.9645226779857143, "i3": 1.4338081272640069, "i4": 0.8753698295515291, "i5": -0.40997763616611016, "i6": 0.32002685813620635, "i7": 1.2785312706735974, "r0": 3.4531954039119706, "r1": 0.05756761842510749, "r2": -8.392358576765401, "r3": 1.2729906451836972, "r4": 1.285309349216972, "r5": 0.6872806024197451, "r6": 0.8516004901342207, "r7": 1.0405176452939526}, "datetime": {"datetime": "2020-01-17 21:46:43", "elapsed": 3589.623569, "delta": 46.085439}}
{"target": 11.7, "params": {"d0": 0.7296445903580173, "d1": -9.277352431851273, "d2": 1.1340321865158327, "g0": 4.412430864511857, "g1": 0.5317919000668885, "g2": -2.1828471460406007, "g3": 0.8507630295290092, "g4": 1.2315556300831676, "g5": -0.5001203668394376, "g6": -0.4178538109002151, "g7": 1.363640111470908, "i0": 2.7755221500421925, "i1": 0.9707420095213946, "i2": -9.082461665588085, "i3": 0.919134474583644, "i4": 0.8525535345410248, "i5": -0.17529658121981373, "i6": -0.06648337521834546, "i7": 1.4646303844146973, "r0": 1.741283408753735, "r1": 0.928228018250101, "r2": -2.100522036169597, "r3": 1.3888090948911804, "r4": 0.8647504729714479, "r5": 0.12011226718194234, "r6": -0.1778261961727119, "r7": 1.855062428584978}, "datetime": {"datetime": "2020-01-17 21:47:38", "elapsed": 3645.027492, "delta": 55.403923}}
{"target": 8.35, "params": {"d0": 0.07509710876712039, "d1": -8.942557848699478, "d2": 1.0008456604378524, "g0": 2.0104695304659677, "g1": 0.2772200829786826, "g2": -9.039370012400608, "g3": 0.7949843240900748, "g4": 0.958972376923667, "g5": 0.7212685345243528, "g6": -0.18889015277101406, "g7": 1.722008353165145, "i0": 1.2909433200374199, "i1": 0.03724025561078481, "i2": -9.839477908329378, "i3": 0.8221647449449412, "i4": 1.0310420964988711, "i5": 0.40944175606048816, "i6": 0.5932223979177309, "i7": 1.2876283867313405, "r0": 2.395696393814568, "r1": 0.8140737533756652, "r2": -1.6159709362102088, "r3": 0.9559333603343884, "r4": 0.8021325092035536, "r5": -0.7249106508380279, "r6": 0.606711066405976, "r7": 1.199895509179759}, "datetime": {"datetime": "2020-01-17 21:48:36", "elapsed": 3702.938855, "delta": 57.911363}}
{"target": 15.5, "params": {"d0": 2.407429060933261, "d1": -8.079687339688558, "d2": 1.3776903328657555, "g0": 2.5168880481827656, "g1": 0.5271601757222614, "g2": -7.119204119142451, "g3": 1.1095993845311383, "g4": 0.8009818226912601, "g5": -0.35632793545086394, "g6": 0.023144475307653956, "g7": 1.2123459749179397, "i0": 0.42976113788708914, "i1": 0.5217812092340585, "i2": -2.1152086662648486, "i3": 1.4540787484865374, "i4": 1.0486448960583319, "i5": 0.15000617336870958, "i6": -0.06371009328429411, "i7": 1.0640754598122077, "r0": 0.6593584536422054, "r1": 0.7323607758695577, "r2": -2.655305646500656, "r3": 0.8434800133093081, "r4": 1.006780189887896, "r5": 0.15063092462646321, "r6": -0.3120770807207769, "r7": 1.7639058448557525}, "datetime": {"datetime": "2020-01-17 21:49:19", "elapsed": 3745.798088, "delta": 42.859233}}
{"target": 14.25, "params": {"d0": 3.0999610166011946, "d1": -3.847783084915455, "d2": 1.2609664735349058, "g0": 4.935915410331872, "g1": 0.5623944559571782, "g2": -1.355837383016521, "g3": 1.0349669400457326, "g4": 1.1272346756137173, "g5": 0.6804179005740261, "g6": 0.496226223466113, "g7": 1.233388743537373, "i0": 3.0997284693081495, "i1": 0.35131832035819255, "i2": -6.7763332486558046, "i3": 1.1881640469970962, "i4": 0.8801616159941936, "i5": -0.021217702787594717, "i6": 0.918451427479587, "i7": 1.322305666176392, "r0": 0.9448129662290572, "r1": 0.468838949642181, "r2": -1.590921685464675, "r3": 1.3741341780760261, "r4": 1.213901619729611, "r5": -0.7816391798306986, "r6": -0.09943953510755721, "r7": 1.999863366331689}, "datetime": {"datetime": "2020-01-17 21:50:08", "elapsed": 3794.835014, "delta": 49.036926}}
{"target": 19.25, "params": {"d0": 0.5984163859624325, "d1": -5.099105039123667, "d2": 1.3320209204821483, "g0": 0.6110695504692809, "g1": 0.6624091806912479, "g2": -5.119195544786759, "g3": 0.8554319856689494, "g4": 1.2393150132913602, "g5": -0.5096201639076314, "g6": 0.45857928894216293, "g7": 1.714909566017722, "i0": 2.813364432966141, "i1": 0.6288415685971911, "i2": -8.810346033779956, "i3": 0.946429589643625, "i4": 1.0934811036148395, "i5": -0.16725805390798176, "i6": 0.495919122149201, "i7": 1.8371501092847282, "r0": 0.9511104465609177, "r1": 0.903272700870335, "r2": -6.168241495689068, "r3": 1.4544994645826037, "r4": 1.1086911565124826, "r5": 0.46415283383343997, "r6": 0.272163142559839, "r7": 1.4842591638326397}, "datetime": {"datetime": "2020-01-17 21:50:54", "elapsed": 3840.780596, "delta": 45.945582}}
{"target": 10.7, "params": {"d0": 1.6379694938298595, "d1": -8.706352927726446, "d2": 1.007057529488339, "g0": 1.0748824039583882, "g1": 0.03286525588191658, "g2": -7.251131701747405, "g3": 0.8444608421334855, "g4": 1.2377651575190614, "g5": -0.670021500109752, "g6": -0.22415660137717514, "g7": 1.6744337650899679, "i0": 4.596129455101367, "i1": 0.2514584522319341, "i2": -9.786988685386184, "i3": 1.4684035782040799, "i4": 1.1411103202369755, "i5": -0.30293968629783063, "i6": 0.20856016332285976, "i7": 1.5591814612666397, "r0": 1.8693428603267108, "r1": 0.874487796621177, "r2": -2.7382741169237255, "r3": 1.4634725636993688, "r4": 0.9755327614241058, "r5": 0.6994785419548497, "r6": 0.218650861338616, "r7": 1.6065549025133186}, "datetime": {"datetime": "2020-01-17 21:51:24", "elapsed": 3871.221011, "delta": 30.440415}}
{"target": 15.85, "params": {"d0": 3.683236023774437, "d1": -1.9066203099431984, "d2": 1.017007493826155, "g0": 2.239729892573856, "g1": 0.8172770261127507, "g2": -2.8244279690904506, "g3": 1.4526793674997152, "g4": 1.2897989357089206, "g5": -0.5137386618146454, "g6": -0.15812088228086718, "g7": 1.6875850920069517, "i0": 3.736913673271217, "i1": 0.6031795542325254, "i2": -1.2270023577848868, "i3": 0.9015923696885908, "i4": 0.9697436971483963, "i5": -0.008565043028945674, "i6": -0.027459366547148645, "i7": 1.499982998275985, "r0": 3.4123903964897218, "r1": 0.22036690115369484, "r2": -5.146625460316194, "r3": 1.4943850861099828, "r4": 0.9620806515906175, "r5": -0.7434209288138978, "r6": 0.7260275939260199, "r7": 1.4536374619596286}, "datetime": {"datetime": "2020-01-17 21:52:16", "elapsed": 3923.127019, "delta": 51.906008}}
{"target": 4.95, "params": {"d0": 0.2639192805928525, "d1": -1.096949727757588, "d2": 1.0236115039842861, "g0": 4.646365910701984, "g1": 0.40207817380056154, "g2": -9.23167715225319, "g3": 0.8962409152959941, "g4": 0.9751302528536014, "g5": 0.40116526776836015, "g6": -0.22287777147607452, "g7": 1.3740710190984617, "i0": 4.366227099079843, "i1": 0.5337610913727832, "i2": -8.968452802509434, "i3": 0.7196179896437057, "i4": 1.1529049005805243, "i5": 0.7666039855331472, "i6": 0.6777478944284603, "i7": 1.7411988165299594, "r0": 3.3772375783900994, "r1": 0.7955027102986651, "r2": -9.599822143273563, "r3": 0.9117453053734832, "r4": 1.1476987679857762, "r5": 0.5871813273723903, "r6": 0.5119103077252363, "r7": 1.0939037407817749}, "datetime": {"datetime": "2020-01-17 21:53:09", "elapsed": 3975.306222, "delta": 52.179203}}
{"target": 20.1, "params": {"d0": 4.6815422997284655, "d1": -0.9662129988914714, "d2": 0.7693430129120851, "g0": 0.965000187871265, "g1": 0.2751930306105267, "g2": -2.615881293953932, "g3": 1.3874986626406856, "g4": 1.0891611937257757, "g5": -0.48056708695734046, "g6": 0.12263483143204368, "g7": 1.051645120290518, "i0": 4.5869809342921215, "i1": 0.7645309404104735, "i2": -4.897861661939224, "i3": 1.0628600345366703, "i4": 0.848921039172785, "i5": -0.29011942991947637, "i6": -0.3190508069639053, "i7": 1.7605718696984862, "r0": 2.7244185333809727, "r1": 0.22727738141515885, "r2": -7.757971607440637, "r3": 0.9083185580126284, "r4": 0.954436376158128, "r5": -0.17967178914974424, "r6": -0.053676601434144156, "r7": 1.6475114839864655}, "datetime": {"datetime": "2020-01-17 21:53:46", "elapsed": 4012.894338, "delta": 37.588116}}
{"target": 11.7, "params": {"d0": 0.17536809652539453, "d1": -6.718896850686319, "d2": 1.2962334982864123, "g0": 4.714039925376424, "g1": 0.8027325501575512, "g2": -7.59173790428446, "g3": 0.8863323747070653, "g4": 0.8951683973585947, "g5": 0.6119960557737749, "g6": -0.1432164691381702, "g7": 1.7339986857544403, "i0": 1.3052486570234327, "i1": 0.03308184340751563, "i2": -2.6655229993123406, "i3": 1.2809614478361606, "i4": 0.8444795554805268, "i5": -0.27727798731263753, "i6": 0.922547935283534, "i7": 1.079243898440403, "r0": 0.4333623632645506, "r1": 0.5946038881116259, "r2": -0.6901013465402812, "r3": 0.8070226461944731, "r4": 1.056506146830009, "r5": 0.29439874258713217, "r6": -0.24225536058975933, "r7": 0.9123858828414084}, "datetime": {"datetime": "2020-01-17 21:54:31", "elapsed": 4057.367435, "delta": 44.473097}}
