{"target": 18.4, "params": {"d0": 3.8333107966547453, "d1": -1.390459508279747, "d2": 1.2262828866856839, "g0": 0.9141147545392164, "g1": 0.6448638970801298, "g2": -4.5677492849931625, "g3": 1.177857209375253, "g4": 0.8271297721409627, "g5": -0.6155902723928176, "g6": 0.0704991155574256, "g7": 1.8564244170910544, "i0": 2.782285970058878, "i1": 0.014364865911264069, "i2": -6.744693142207595, "i3": 0.9890326400490279, "i4": 0.9730252652981528, "i5": -0.2080238179408369, "i6": -0.218545358102473, "i7": 1.9427444739879225, "r0": 2.4559343322682983, "r1": 0.4130104376932183, "r2": -8.680665862681842, "r3": 1.056038906954158, "r4": 1.0129605636361416, "r5": -0.186565419283375, "r6": 0.007784282348527238, "r7": 1.7319895682527688}, "datetime": {"datetime": "2020-01-19 12:18:50", "elapsed": 73569.073514, "delta": 90.284762}}
{"target": 20.2, "params": {"d0": 2.1737678006510053, "d1": -4.235156557806287, "d2": 0.9871348900547354, "g0": 1.2548920132678032, "g1": 0.7239064210358198, "g2": -4.035106770740856, "g3": 1.2826662088764524, "g4": 1.162528475334205, "g5": -0.14854730588373166, "g6": 0.3324368010920987, "g7": 1.1514617908495195, "i0": 4.442076794709652, "i1": 0.369383464858503, "i2": -6.99068358805784, "i3": 1.2393869666736208, "i4": 0.9913120323214555, "i5": 0.16140273357721965, "i6": 0.5375033314932485, "i7": 1.4718667957994342, "r0": 3.8000533842788555, "r1": 0.7173088853024135, "r2": -5.236885145395304, "r3": 0.939007369207417, "r4": 1.0241406767399739, "r5": 0.5179902676052504, "r6": 0.41808063897460335, "r7": 1.3730804325537513}, "datetime": {"datetime": "2020-01-19 12:20:13", "elapsed": 73652.235208, "delta": 83.161694}}
{"target": 19.85, "params": {"d0": 2.572238752006999, "d1": -2.520856303016586, "d2": 0.9780874525413942, "g0": 0.7605167372868218, "g1": 0.4399047457105286, "g2": -5.986079159376963, "g3": 1.108028170362219, "g4": 0.8613240344944462, "g5": -0.22609572934030028, "g6": 0.5503772446419297, "g7": 1.86167756697592, "i0": 3.7932859778098127, "i1": 0.30008272076060727, "i2": -1.7583261764519889, "i3": 1.4162988877068408, "i4": 0.9140549096485667, "i5": 0.5848491296520614, "i6": 0.6712458685970194, "i7": 1.2562579459154382, "r0": 3.434354363016939, "r1": 0.4892450483644987, "r2": -7.237695496865892, "r3": 1.2167730410300581, "r4": 1.2520825180204354, "r5": 0.1788198915919634, "r6": -0.22411751606163094, "r7": 1.8114473019205588}, "datetime": {"datetime": "2020-01-19 12:21:28", "elapsed": 73727.418772, "delta": 75.183564}}
{"target": 20.45, "params": {"d0": 3.786391219215088, "d1": -1.314785517592263, "d2": 0.99770192624252, "g0": 0.7347633442685192, "g1": 0.9116058081393055, "g2": -7.5736853243451465, "g3": 1.3997796619044247, "g4": 1.2187871301011117, "g5": 0.08748230758197106, "g6": 0.06095152719285024, "g7": 1.9340414136040462, "i0": 4.3949529313055855, "i1": 0.6585767481798313, "i2": -7.623734158867107, "i3": 0.8370392455448209, "i4": 0.8568661776088455, "i5": -0.7574058092332913, "i6": 0.22850458962013098, "i7": 1.7191420683392478, "r0": 1.811733535098163, "r1": 0.33862000234971, "r2": -9.048034446462891, "r3": 1.3857171833234974, "r4": 0.8765831642378349, "r5": 0.5523342904964561, "r6": 0.2779722599177261, "r7": 1.0315909892169026}, "datetime": {"datetime": "2020-01-19 12:22:42", "elapsed": 73801.628857, "delta": 74.210085}}
{"target": 20.9, "params": {"d0": 2.601636606551837, "d1": -2.8572040939521353, "d2": 0.8872633979628106, "g0": 0.5954144502679933, "g1": 0.49110059114705007, "g2": -5.890780154694079, "g3": 1.3195437633977356, "g4": 1.006703918600704, "g5": 0.09657572501659765, "g6": 0.7255478404118576, "g7": 1.387854922782523, "i0": 3.52054757804534, "i1": 0.5367848899994008, "i2": -6.8403585788368115, "i3": 1.102314990755309, "i4": 1.200005918932706, "i5": -0.11464495196656718, "i6": -0.2853873486512216, "i7": 1.6774750113240573, "r0": 2.606871202987098, "r1": 0.5548890100262869, "r2": -8.418272809652734, "r3": 1.3649684222258904, "r4": 1.0587756819819167, "r5": 0.5791915482034354, "r6": 0.3609674995921643, "r7": 1.4453538837789062}, "datetime": {"datetime": "2020-01-19 12:24:05", "elapsed": 73884.116691, "delta": 82.487834}}
{"target": 19.65, "params": {"d0": 2.6603937987819455, "d1": -1.1496428666374587, "d2": 0.9679994299547972, "g0": 0.01731625858396757, "g1": 0.3749145977424482, "g2": -5.585496563703902, "g3": 1.0533543248382558, "g4": 1.207321783721694, "g5": -0.33135848846228183, "g6": 0.8733014857464396, "g7": 1.7547042660814745, "i0": 3.695691282235009, "i1": 0.6098966867092239, "i2": -6.8942119733460006, "i3": 0.8224361746994784, "i4": 1.1372547048089199, "i5": 0.07224999678319255, "i6": 0.10898776825238832, "i7": 1.5916061789157356, "r0": 4.394473640817225, "r1": 0.5434074066143402, "r2": -9.099074449575719, "r3": 1.1216549002473797, "r4": 1.1305537215549666, "r5": -0.11383006804377227, "r6": -0.01584624855342881, "r7": 1.6109922832027124}, "datetime": {"datetime": "2020-01-19 12:25:16", "elapsed": 73955.89648, "delta": 71.779789}}
{"target": 20.65, "params": {"d0": 4.139385758897749, "d1": -7.779542902222794, "d2": 0.948341404158468, "g0": 0.4569563401331662, "g1": 0.5293339108034609, "g2": -3.25975252526885, "g3": 1.3707267462183164, "g4": 1.0703076072724853, "g5": -0.2862188381574427, "g6": 0.34562761928589436, "g7": 1.428341509266742, "i0": 1.020745555779988, "i1": 0.7086730260089004, "i2": -4.498217276725342, "i3": 1.1092124886275945, "i4": 0.9651853225210201, "i5": 0.21606220307856436, "i6": -0.2757699839462582, "i7": 1.5391596596135013, "r0": 3.2465430839956024, "r1": 0.7773842076395434, "r2": -4.647177814229661, "r3": 0.990226697437656, "r4": 1.1602998252915024, "r5": 0.28654624710865856, "r6": 0.36330986374862073, "r7": 1.803365143386666}, "datetime": {"datetime": "2020-01-19 12:26:24", "elapsed": 74023.877964, "delta": 67.981484}}
{"target": 16.3, "params": {"d0": 4.197364966896603, "d1": -3.075868815343844, "d2": 1.0782380938208118, "g0": 3.7357737960273445, "g1": 0.05821619580423787, "g2": -2.651711210933385, "g3": 0.7769427854429871, "g4": 0.8604768106167833, "g5": -0.48945061954128594, "g6": 0.8672198538338951, "g7": 1.0796499390589398, "i0": 0.027435188259455345, "i1": 0.9950066603520226, "i2": -7.196083294445403, "i3": 1.2705060452631778, "i4": 1.1832763925003038, "i5": 0.7152398283134653, "i6": 0.22247738749104973, "i7": 1.360664729407807, "r0": 2.3695902064896064, "r1": 0.9067865575847771, "r2": -7.389513531449215, "r3": 1.3429816992683916, "r4": 1.0531452222251598, "r5": 0.4592539615618263, "r6": 0.4207391748331424, "r7": 1.6712696003777343}, "datetime": {"datetime": "2020-01-19 12:27:44", "elapsed": 74103.841908, "delta": 79.963944}}
{"target": 20.15, "params": {"d0": 2.5390423075034434, "d1": -2.212877262911425, "d2": 0.8589206078978748, "g0": 0.6085406899088465, "g1": 0.46375168501455033, "g2": -5.768729925578219, "g3": 1.1162722363815911, "g4": 0.9071472220557527, "g5": -0.24781332368184786, "g6": 0.5345152087076201, "g7": 1.7294617962315575, "i0": 3.7985314832014803, "i1": 0.1915598543980014, "i2": -1.7655025531613555, "i3": 1.5, "i4": 0.9697707989651637, "i5": 0.6493878868504772, "i6": 0.7580091793348743, "i7": 1.3195110399335428, "r0": 3.3747885453540416, "r1": 0.42943953520510963, "r2": -7.176507303991571, "r3": 1.29518594218824, "r4": 1.2708139043196258, "r5": 0.20927314983523637, "r6": -0.25609874220192136, "r7": 1.7451547978443087}, "datetime": {"datetime": "2020-01-19 12:29:03", "elapsed": 74182.355622, "delta": 78.513714}}
{"target": 20.2, "params": {"d0": 3.9057416875702757, "d1": -1.3880950310313729, "d2": 0.913253971886903, "g0": 0.4921573539579082, "g1": 0.26290833741600883, "g2": -4.911180717798982, "g3": 1.351535743201629, "g4": 1.1336062624735757, "g5": -0.05202197338201217, "g6": 0.13060794396882688, "g7": 1.5157996861218739, "i0": 3.889594585444663, "i1": 0.7026490823223843, "i2": -6.693774227836461, "i3": 0.9832443084464617, "i4": 1.0883339790474582, "i5": -0.26045926097838673, "i6": 0.1187420212180119, "i7": 1.5211751521608452, "r0": 2.1002161106073935, "r1": 0.3514064450464, "r2": -8.990098460409419, "r3": 1.0301692377057505, "r4": 1.0331721890155552, "r5": 0.4855829536233908, "r6": 0.14237714254388523, "r7": 1.4493706127553254}, "datetime": {"datetime": "2020-01-19 12:30:24", "elapsed": 74263.452669, "delta": 81.097047}}
{"target": 19.1, "params": {"d0": 2.342683168450475, "d1": -1.8474624210492234, "d2": 0.8057237037719617, "g0": 1.284386772499965, "g1": 0.11119995180695132, "g2": -4.344579850502205, "g3": 1.4286829929706366, "g4": 1.0412375214357574, "g5": 0.5280980838132692, "g6": 0.02643741294768364, "g7": 1.7616824449133113, "i0": 2.2339125014223438, "i1": 0.9962115643366928, "i2": -5.23033578735442, "i3": 1.5, "i4": 0.8345279548724486, "i5": 0.7394392326713342, "i6": 0.7684740162474606, "i7": 1.358859942392975, "r0": 2.3630851488523557, "r1": 0.34093801194201867, "r2": -1.2891944137387124, "r3": 0.9725371431432617, "r4": 1.1307409173024632, "r5": -0.7936996869491031, "r6": -0.2545414424832256, "r7": 1.8882285366980112}, "datetime": {"datetime": "2020-01-19 12:31:33", "elapsed": 74332.674104, "delta": 69.221435}}
{"target": 15.35, "params": {"d0": 3.656379723703904, "d1": -1.8831026795562416, "d2": 1.1650999018018808, "g0": 0.1951020233459505, "g1": 0.7731221757831073, "g2": -4.46645064961416, "g3": 1.0442130137326124, "g4": 1.2356325758547584, "g5": -0.7339678722180007, "g6": -0.10093459690600004, "g7": 1.7893940195425024, "i0": 4.198202436077416, "i1": 0.027782975421211664, "i2": -5.759758326051853, "i3": 1.353835069077017, "i4": 0.9551291110815378, "i5": -0.3736831946202177, "i6": 0.5339107014152273, "i7": 1.5739824383875716, "r0": 2.732059049806609, "r1": 0.5369318289223454, "r2": -8.219872097915669, "r3": 1.1066694908265635, "r4": 1.0364689158516556, "r5": -0.039271125449014344, "r6": 3.97421364688455e-05, "r7": 1.5988769588428815}, "datetime": {"datetime": "2020-01-19 12:32:47", "elapsed": 74406.838971, "delta": 74.164867}}
{"target": 16.25, "params": {"d0": 3.831070225104198, "d1": -0.9792179330324178, "d2": 1.0480036758799247, "g0": 0.5470927477540732, "g1": 0.8041231243899358, "g2": -4.910196240174684, "g3": 1.4737845098500832, "g4": 0.8220095428937408, "g5": 0.6918393357733332, "g6": 0.46830824620524303, "g7": 1.2004932422014716, "i0": 3.6078174357724118, "i1": 0.057043040488144015, "i2": -6.210398863030596, "i3": 1.0204049254328242, "i4": 1.0359732669474149, "i5": 0.031273330163560153, "i6": 0.5989227757393092, "i7": 1.847136003958365, "r0": 2.4537909997376413, "r1": 0.7083423581885788, "r2": -9.062881913752797, "r3": 0.9974398042325379, "r4": 1.1134690025622827, "r5": -0.11746771653432098, "r6": 0.6155880429842899, "r7": 1.3602452164669283}, "datetime": {"datetime": "2020-01-19 12:33:56", "elapsed": 74475.102995, "delta": 68.264024}}
{"target": 19.65, "params": {"d0": 4.060200444319469, "d1": -1.5261131396223, "d2": 1.2190176932315824, "g0": 0.653957779261082, "g1": 0.6886692383799278, "g2": -5.689623082338304, "g3": 1.1866229880801253, "g4": 1.0564433445314063, "g5": -0.004986540805175686, "g6": 0.1812050169558961, "g7": 1.481775401520692, "i0": 3.1399503527895973, "i1": 0.2592699071373656, "i2": -6.400252302481969, "i3": 1.227436436660171, "i4": 1.0080315218482492, "i5": -0.3272699514832446, "i6": 0.27598287050185144, "i7": 1.7397614214577488, "r0": 2.402369322276841, "r1": 0.32872503997429353, "r2": -8.693979066121603, "r3": 1.3468054331805415, "r4": 1.1482674269281743, "r5": 0.3993620819013314, "r6": -0.21544225983487028, "r7": 1.778903179405704}, "datetime": {"datetime": "2020-01-19 12:35:07", "elapsed": 74546.401025, "delta": 71.29803}}
{"target": 19.7, "params": {"d0": 3.309920755076792, "d1": -1.246604329187278, "d2": 1.08005565309369, "g0": 0.7456065223354036, "g1": 0.9143091813063097, "g2": -4.717775614590121, "g3": 1.1489223113752671, "g4": 1.1872903738628908, "g5": -0.30997601967145383, "g6": 0.5876280635770772, "g7": 1.9553671669445811, "i0": 4.488169727353154, "i1": 0.07334732633352392, "i2": -6.753546375189084, "i3": 1.252994658450624, "i4": 1.0484354766031974, "i5": -0.22056953988857408, "i6": 0.4178751071192285, "i7": 1.5028825850886895, "r0": 3.28469549711194, "r1": 0.37706741803147725, "r2": -8.742819098177279, "r3": 0.7060249806896369, "r4": 0.8930822209683031, "r5": -0.2088070148401373, "r6": 0.6745121892408101, "r7": 1.1505746034940318}, "datetime": {"datetime": "2020-01-19 12:36:13", "elapsed": 74612.046259, "delta": 65.645234}}
{"target": 18.85, "params": {"d0": 3.9491693208784584, "d1": -1.9849437741227725, "d2": 1.3346648136633252, "g0": 0.016378441189279225, "g1": 0.6006905828670525, "g2": -4.870603662285361, "g3": 1.4600790547569982, "g4": 1.042276347745578, "g5": 0.35623221371294256, "g6": 0.4698664939395113, "g7": 1.600634936937559, "i0": 2.557803805642042, "i1": 0.06707231013790427, "i2": -6.826496528070227, "i3": 1.3047162417470943, "i4": 1.0521418131145348, "i5": -0.16093488879140572, "i6": 0.21873151645866762, "i7": 1.4318789608007143, "r0": 3.9530767520391437, "r1": 0.997737180074094, "r2": -7.919131930137416, "r3": 0.86794730529659, "r4": 0.981079055469559, "r5": 0.28543670072037, "r6": -0.17075136431361754, "r7": 1.795138348528287}, "datetime": {"datetime": "2020-01-19 12:37:45", "elapsed": 74704.332561, "delta": 92.286302}}
{"target": 20.0, "params": {"d0": 2.596465148951176, "d1": -2.848878572350104, "d2": 0.9041081091015954, "g0": 0.6399577239619617, "g1": 0.48082843360787697, "g2": -5.774097301539399, "g3": 1.3583777770855299, "g4": 1.027585073717775, "g5": -0.011729914000370012, "g6": 0.7015479161324858, "g7": 1.34848480322196, "i0": 3.6114414680117704, "i1": 0.5558698235550424, "i2": -6.627170081116399, "i3": 1.126041401200567, "i4": 1.197349916993367, "i5": -0.1350367447875685, "i6": -0.30382949507051776, "i7": 1.7004961725396188, "r0": 2.5522905828016524, "r1": 0.5908207229119109, "r2": -8.322504762157175, "r3": 1.416922639636571, "r4": 1.0573613574591978, "r5": 0.4943032815996878, "r6": 0.39519772204107034, "r7": 1.4912521277606465}, "datetime": {"datetime": "2020-01-19 12:39:05", "elapsed": 74784.590297, "delta": 80.257736}}
{"target": 20.95, "params": {"d0": 4.656023421210949, "d1": -8.091668135310432, "d2": 1.195905926571385, "g0": 0.7510850044310851, "g1": 0.6086649523138603, "g2": -2.704106830936382, "g3": 1.4314079793578116, "g4": 1.018138384504629, "g5": 0.00045634380577474505, "g6": 0.35166362786375516, "g7": 1.1960282932710244, "i0": 0.7513124756324934, "i1": 0.8315560036857587, "i2": -4.7785508959790475, "i3": 0.8743860681479307, "i4": 0.995114434946717, "i5": 0.2850866292247408, "i6": -0.350072226443074, "i7": 1.518988560001361, "r0": 3.8219570354638646, "r1": 0.8858239078553473, "r2": -4.56168812345, "r3": 0.9869602421810322, "r4": 1.2403443107893393, "r5": 0.2628220122089069, "r6": 0.2574810003029713, "r7": 1.8467641942568858}, "datetime": {"datetime": "2020-01-19 12:40:31", "elapsed": 74869.982727, "delta": 85.39243}}
{"target": 20.35, "params": {"d0": 3.824696499687064, "d1": -1.3363912506854216, "d2": 0.936676069411502, "g0": 0.5948756298245402, "g1": 0.3146057457284075, "g2": -4.8472298030075684, "g3": 1.4089718318521036, "g4": 1.1960096249096877, "g5": 0.021783925867965133, "g6": 0.33225808232826337, "g7": 1.510254912899262, "i0": 3.8693292880871053, "i1": 0.6229305313216307, "i2": -6.755038914472361, "i3": 0.8796649877259033, "i4": 1.0361406259648545, "i5": -0.23977439675481968, "i6": 0.0380550084768723, "i7": 1.5696773710374259, "r0": 2.2015159512779086, "r1": 0.36126442281888727, "r2": -8.992093700400808, "r3": 1.0970823745798424, "r4": 1.0677834154461496, "r5": 0.3034010644606405, "r6": 0.1505068044640977, "r7": 1.6159888343541966}, "datetime": {"datetime": "2020-01-19 12:41:40", "elapsed": 74939.308742, "delta": 69.326015}}
{"target": 20.45, "params": {"d0": 3.3830090887017925, "d1": -6.233139461609554, "d2": 0.9315424589461764, "g0": 0.4289528477683816, "g1": 0.31563925160562817, "g2": -6.147692529032482, "g3": 1.5, "g4": 0.9500175586326652, "g5": -0.4765454336591433, "g6": 0.31381352881025654, "g7": 1.7435892791562495, "i0": 0.6661755740732778, "i1": 0.47639847929679646, "i2": -2.153828313746605, "i3": 1.1465882923305906, "i4": 0.9730948282064684, "i5": -0.2936240437151021, "i6": -0.18978917525721853, "i7": 1.2064750586476956, "r0": 3.3070429258401224, "r1": 0.3379676814290857, "r2": -2.7240198366160415, "r3": 1.0924207892817015, "r4": 0.9427287658532171, "r5": 0.5578869687889417, "r6": -0.23386758642713817, "r7": 1.5242304495548735}, "datetime": {"datetime": "2020-01-19 12:43:03", "elapsed": 75022.632602, "delta": 83.32386}}
{"target": 19.75, "params": {"d0": 2.9722331747158877, "d1": -1.5930821536833215, "d2": 1.0371174663090454, "g0": 0.4330650541223943, "g1": 0.3158491536078713, "g2": -5.022354534342685, "g3": 1.13323584277182, "g4": 1.1049857474557818, "g5": 0.11351652715853097, "g6": 0.29246844685893053, "g7": 1.2623521170203775, "i0": 3.3120076401993916, "i1": 0.7319981885200938, "i2": -7.179854023030202, "i3": 0.9034978920026024, "i4": 0.919515566304813, "i5": 0.18088934341852383, "i6": 0.3031646511408669, "i7": 1.447503113341039, "r0": 1.0121038702430023, "r1": 0.29116988598358307, "r2": -8.873899186467339, "r3": 1.2119752127870913, "r4": 1.1347667422433905, "r5": 0.6691305796139561, "r6": 0.3118926844088859, "r7": 1.2789335626260205}, "datetime": {"datetime": "2020-01-19 12:44:14", "elapsed": 75093.02012, "delta": 70.387518}}
{"target": 20.35, "params": {"d0": 2.6781960225360986, "d1": -0.9894193617174979, "d2": 0.7765827652552953, "g0": 0.695435997625743, "g1": 0.22205177372191431, "g2": -5.405619699952522, "g3": 1.1211228018800798, "g4": 1.1580059980141624, "g5": 0.04370821850844285, "g6": 0.5007536986877474, "g7": 1.6851643136634835, "i0": 3.6426074011973166, "i1": 0.4840708584342098, "i2": -6.754387890683343, "i3": 1.2709326335527724, "i4": 1.2041546460060801, "i5": 0.23731563596261995, "i6": -0.17600883062958328, "i7": 1.5462410480076927, "r0": 4.112577975015579, "r1": 0.5376553804566935, "r2": -9.40484330805151, "r3": 0.9725024923034673, "r4": 1.1220309394341652, "r5": -0.14263483542665217, "r6": 0.1698213446763653, "r7": 1.3044262774804698}, "datetime": {"datetime": "2020-01-19 12:45:17", "elapsed": 75156.367306, "delta": 63.347186}}
{"target": 20.95, "params": {"d0": 4.63802891670454, "d1": -0.9935367521807134, "d2": 0.8522383511880349, "g0": 0.9111664682578717, "g1": 0.34418800974432257, "g2": -2.8326205332071632, "g3": 1.3334294087099308, "g4": 1.0224135537720582, "g5": -0.2951618278195881, "g6": 0.09106876914313969, "g7": 1.0740920094007265, "i0": 4.545890096588786, "i1": 0.7103955317805424, "i2": -4.934374352361732, "i3": 1.0891166601049904, "i4": 0.8590927702175447, "i5": -0.154539819535494, "i6": -0.3364465269562877, "i7": 1.6373216299828457, "r0": 2.530400282373509, "r1": 0.20860212271876025, "r2": -7.875371055097251, "r3": 0.9699486099506176, "r4": 0.9915075788468473, "r5": -0.039046430892052765, "r6": -0.03171182532990284, "r7": 1.5555358957492895}, "datetime": {"datetime": "2020-01-19 12:46:33", "elapsed": 75232.478148, "delta": 76.110842}}
{"target": 19.5, "params": {"d0": 4.781348332009153, "d1": -1.5163551827611546, "d2": 1.132942200117372, "g0": 0.8332737549124158, "g1": 0.007511821787693607, "g2": -4.296636307504, "g3": 1.3397874169925141, "g4": 1.2734037355615788, "g5": -0.12677790687085244, "g6": 0.4749797927875121, "g7": 1.638782061582061, "i0": 4.414632968267551, "i1": 0.4173751396635085, "i2": -6.267745002346747, "i3": 1.2034321949454787, "i4": 1.1876264507539167, "i5": 0.5491394591519401, "i6": 0.43884301750621124, "i7": 1.2019030581838357, "r0": 2.858555493747569, "r1": 0.2784492975787427, "r2": -7.964358289273751, "r3": 1.1327328070697678, "r4": 1.114498741392488, "r5": 0.7439544488139818, "r6": -0.25451692715706026, "r7": 1.9605707271572408}, "datetime": {"datetime": "2020-01-19 12:47:43", "elapsed": 75301.990107, "delta": 69.511959}}
{"target": 19.85, "params": {"d0": 2.681254481756756, "d1": -2.3991299027327893, "d2": 1.244230028451443, "g0": 0.7305592623755902, "g1": 0.4405252477771264, "g2": -4.864255099077504, "g3": 0.8608589144955188, "g4": 1.0929332466290733, "g5": -0.12468037957236644, "g6": 0.16977430442599672, "g7": 1.1303082938296354, "i0": 4.006469675610534, "i1": 0.265500372374746, "i2": -5.935893990718732, "i3": 1.0641058969291433, "i4": 0.9858109271538729, "i5": -0.5659837801602182, "i6": 0.5525631001348292, "i7": 1.948391869604079, "r0": 2.6780342080669444, "r1": 0.44808983800915336, "r2": -7.355064655068981, "r3": 1.137798996622422, "r4": 1.1887802058456614, "r5": 0.7442065818803574, "r6": 0.584407609233355, "r7": 1.4764891285505877}, "datetime": {"datetime": "2020-01-19 12:48:50", "elapsed": 75369.479202, "delta": 67.489095}}
{"target": 20.25, "params": {"d0": 4.000692581782811, "d1": -1.2117885899390541, "d2": 1.1427797867367115, "g0": 0.753159496790029, "g1": 0.43633961782644376, "g2": -5.061485492755676, "g3": 1.1770650496058597, "g4": 1.2156879992760135, "g5": 0.10857203802448243, "g6": 0.1244652747431845, "g7": 1.7011792473441425, "i0": 4.007346857238903, "i1": 0.6337940242464091, "i2": -6.632748680846691, "i3": 1.0105200789384854, "i4": 0.9944079691675685, "i5": -0.22775720525447224, "i6": -0.10301526611450118, "i7": 1.6758204713768041, "r0": 2.463536049620704, "r1": 0.24382468076939007, "r2": -8.83413074372812, "r3": 0.9963122127810945, "r4": 1.0979683387169341, "r5": 0.45221328965264423, "r6": 0.29999644385984, "r7": 1.4598737062102995}, "datetime": {"datetime": "2020-01-19 12:50:04", "elapsed": 75443.767912, "delta": 74.28871}}
