{"target": 20.35, "params": {"d0": 3.736567073733155, "d1": -1.5315776762366273, "d2": 0.9401230111430124, "g0": 0.5749329271054296, "g1": 0.5646124498288954, "g2": -4.696044862480751, "g3": 1.1410291690525864, "g4": 1.181707266596517, "g5": -0.04056003671567457, "g6": 0.15002614266473963, "g7": 1.728518631545775, "i0": 3.8607121252747465, "i1": 0.7260268460467845, "i2": -6.473053643058268, "i3": 0.8629602621867071, "i4": 1.174506430827304, "i5": -0.006377851925051398, "i6": 0.05456196777757668, "i7": 1.6657532271444533, "r0": 2.3381914071476317, "r1": 0.3688527289671066, "r2": -8.632140379760347, "r3": 0.972371917670914, "r4": 1.0283235272083726, "r5": 0.5556449156961528, "r6": 0.22710073679542064, "r7": 1.4839739087702073}, "datetime": {"datetime": "2020-01-19 03:32:18", "elapsed": 41977.202928, "delta": 41.86314}}
{"target": 20.25, "params": {"d0": 3.7085152275411546, "d1": -3.302586868666971, "d2": 1.1793198983887276, "g0": 0.6374670833927648, "g1": 0.014484392480512294, "g2": -8.391679016139612, "g3": 1.2578834440560533, "g4": 0.9219307760678395, "g5": -0.09317738570696903, "g6": 0.06015157343234559, "g7": 1.308025631299711, "i0": 4.597084011980485, "i1": 0.76054213538948, "i2": -6.836014016522853, "i3": 0.9571254659911409, "i4": 1.0581761513797523, "i5": -0.5913956238332146, "i6": 0.6350189758906396, "i7": 1.4172470229334273, "r0": 0.3902133535517281, "r1": 0.4093299119638271, "r2": -5.734914379380356, "r3": 1.3540737186582656, "r4": 1.0963052346594024, "r5": 0.06568364207420142, "r6": 0.5413080914403786, "r7": 1.080097968730397}, "datetime": {"datetime": "2020-01-19 03:33:03", "elapsed": 42022.917392, "delta": 45.714464}}
{"target": 19.8, "params": {"d0": 3.2717240459980443, "d1": -8.056710696316495, "d2": 0.9491495212665441, "g0": 0.36365375640259395, "g1": 0.42218158893005125, "g2": -5.391841751248055, "g3": 1.3811649225789102, "g4": 1.1664417094734798, "g5": -0.46658871590351775, "g6": 0.54574275986632, "g7": 1.6106698126896226, "i0": 3.143527156595899, "i1": 0.6640890233094571, "i2": -5.37152963327664, "i3": 1.093546135187384, "i4": 0.9530615232025547, "i5": -0.1792401669186299, "i6": -0.1474941275123877, "i7": 1.670288722952092, "r0": 1.9524395827616507, "r1": 0.6188909610666786, "r2": -2.643285634462343, "r3": 1.1541800873324637, "r4": 1.0435280895756622, "r5": -0.1345789035051005, "r6": 0.334061005000139, "r7": 1.5496774355186669}, "datetime": {"datetime": "2020-01-19 03:33:44", "elapsed": 42063.786503, "delta": 40.869111}}
{"target": 19.45, "params": {"d0": 1.6030484402995406, "d1": -7.52714300879177, "d2": 0.7361096511208568, "g0": 1.4045756416941055, "g1": 0.14097838658103742, "g2": -7.911241419221865, "g3": 1.399962382761521, "g4": 1.134079349706131, "g5": -0.42482049776307024, "g6": 0.6546202263232108, "g7": 1.5143334002355122, "i0": 2.2135013677880426, "i1": 0.1975876871007095, "i2": -6.8468712684747395, "i3": 0.795736879673241, "i4": 0.9013455455060806, "i5": 0.33350232220961085, "i6": -0.025659701898023548, "i7": 1.8208183602664514, "r0": 3.487619024916938, "r1": 0.6532620415904826, "r2": -5.895151243715706, "r3": 1.2191508790605, "r4": 1.2421368596120648, "r5": -0.3278309629114775, "r6": -0.018517457036082676, "r7": 1.8402906809349304}, "datetime": {"datetime": "2020-01-19 03:34:28", "elapsed": 42107.231839, "delta": 43.445336}}
{"target": 21.0, "params": {"d0": 3.9065635387106687, "d1": -1.2442764083796487, "d2": 0.8792035873543705, "g0": 0.5541391687617405, "g1": 0.2689792105419809, "g2": -5.104618089986018, "g3": 1.3313068450778527, "g4": 1.192455648532554, "g5": -0.10105158523452046, "g6": 0.2392250907548835, "g7": 1.6072138548936339, "i0": 3.8012506176553575, "i1": 0.6398131378588102, "i2": -6.670002623027368, "i3": 1.0132483107397752, "i4": 1.0237006777019013, "i5": -0.2661977431383731, "i6": 0.07115985727555582, "i7": 1.5861260410521159, "r0": 2.2228683772204048, "r1": 0.29473307607437177, "r2": -8.95128155097721, "r3": 1.0909595598298822, "r4": 1.034577842310307, "r5": 0.31816248924278673, "r6": 0.10253052304234492, "r7": 1.5018939334205685}, "datetime": {"datetime": "2020-01-19 03:35:09", "elapsed": 42148.79781, "delta": 41.565971}}
{"target": 8.7, "params": {"d0": 1.3109586836867093, "d1": -8.110463610944938, "d2": 1.4749261597269183, "g0": 4.407509593584775, "g1": 0.3347945328579056, "g2": -3.3611258374408592, "g3": 0.7069056494085906, "g4": 1.2618369703983914, "g5": -0.10678043169764528, "g6": 0.19256117430637354, "g7": 1.9753755891936744, "i0": 1.8526697874247327, "i1": 0.18452217180020636, "i2": -7.615742398290736, "i3": 1.356275071372433, "i4": 1.0523453238430642, "i5": 0.3304438361125823, "i6": -0.255380493739823, "i7": 0.9009513128249629, "r0": 2.363510550175051, "r1": 0.4477131257838314, "r2": -4.2073998630569545, "r3": 1.217857948630563, "r4": 0.9076275020171505, "r5": -0.7485188441622834, "r6": -0.1543517916331516, "r7": 0.9717268015236054}, "datetime": {"datetime": "2020-01-19 03:35:59", "elapsed": 42198.152524, "delta": 49.354714}}
{"target": 19.5, "params": {"d0": 1.566386859460436, "d1": -2.92383615470386, "d2": 0.8996398094225527, "g0": 0.44986256224503346, "g1": 0.4252094536734521, "g2": -6.499058413281893, "g3": 1.178498153509335, "g4": 0.9002962542543121, "g5": 0.2531500671540538, "g6": 0.14375306103319174, "g7": 1.3069212027730353, "i0": 0.45213334127828136, "i1": 0.3385523511108745, "i2": -4.7837452380748795, "i3": 1.1317304450693328, "i4": 1.2405826069712447, "i5": 0.3676174018422725, "i6": 0.34099939764720755, "i7": 1.7577663619502113, "r0": 0.5952745424216251, "r1": 0.5551931156241016, "r2": -8.115605764339072, "r3": 1.3675901900082432, "r4": 1.2057764556420678, "r5": -0.5694266118324166, "r6": -0.04338283580145088, "r7": 1.0616521491973392}, "datetime": {"datetime": "2020-01-19 03:36:41", "elapsed": 42240.746124, "delta": 42.5936}}
{"target": 21.15, "params": {"d0": 2.128798484735657, "d1": -1.7085691958382658, "d2": 0.9832704382765878, "g0": 0.6726668772131514, "g1": 0.1748931626668019, "g2": -8.139815130727099, "g3": 1.2758778771352297, "g4": 1.2369200805031875, "g5": 0.018893424345709692, "g6": 0.034420224364937205, "g7": 1.923358020233105, "i0": 2.876579806923177, "i1": 0.4382178202442456, "i2": -9.23624813761967, "i3": 0.805906599101889, "i4": 0.9746121923744829, "i5": -0.42813207978263895, "i6": 0.22510146678242057, "i7": 1.4563868898834418, "r0": 4.44612550249561, "r1": 0.40682188972213706, "r2": -8.724861513894023, "r3": 1.2921121279192167, "r4": 1.175044538084984, "r5": -0.6204135734587931, "r6": 0.3202399345928689, "r7": 1.001055761166129}, "datetime": {"datetime": "2020-01-19 03:37:23", "elapsed": 42282.034805, "delta": 41.288681}}
{"target": 20.95, "params": {"d0": 4.041539289096751, "d1": -1.4229644730276414, "d2": 1.0294015939404166, "g0": 0.6335959867404177, "g1": 0.39079977585569425, "g2": -4.792400564543811, "g3": 1.0973543681517903, "g4": 1.1710857801862713, "g5": 0.03645849464300213, "g6": 0.2681836020061068, "g7": 1.6095727298518838, "i0": 3.7497318460246816, "i1": 0.48707405404048154, "i2": -6.544003430293506, "i3": 0.979446979404093, "i4": 1.2221886705101321, "i5": -0.3794528231419051, "i6": 0.12600469568036612, "i7": 1.7178382515332022, "r0": 2.188444517230931, "r1": 0.3920855058886732, "r2": -8.8217768541568, "r3": 1.1003758002529502, "r4": 0.8672107466204471, "r5": 0.5253103549985071, "r6": 0.19323168642398003, "r7": 1.5899172932550214}, "datetime": {"datetime": "2020-01-19 03:38:02", "elapsed": 42321.127809, "delta": 39.093004}}
{"target": 20.5, "params": {"d0": 3.9112877331293503, "d1": -1.3784847733961818, "d2": 0.8846512361440164, "g0": 0.6403915551929436, "g1": 0.2650345009143087, "g2": -5.471366932262504, "g3": 1.248664087667138, "g4": 1.184678480596196, "g5": -0.010709722349101811, "g6": 0.2314675791838916, "g7": 1.4830698649183607, "i0": 3.8179036377443234, "i1": 0.5913878414919644, "i2": -6.629921751702933, "i3": 1.0187045530766137, "i4": 1.076519467869516, "i5": -0.4291478992819969, "i6": 0.11505868355584599, "i7": 1.5721419101994436, "r0": 1.7204746072696635, "r1": 0.284841290983178, "r2": -8.927211063654076, "r3": 1.152612406308645, "r4": 1.1568547401155533, "r5": 0.3047995161050392, "r6": 0.2264006428042513, "r7": 1.5734468633207996}, "datetime": {"datetime": "2020-01-19 03:38:42", "elapsed": 42361.593355, "delta": 40.465546}}
{"target": 20.2, "params": {"d0": 3.7105269656566113, "d1": -1.3894142828560865, "d2": 1.060378662183672, "g0": 0.5930783251562498, "g1": 0.5439921432875067, "g2": -4.755375456559646, "g3": 1.0217930240587425, "g4": 1.1013949565293686, "g5": 0.09089530948807434, "g6": 0.20168281207208688, "g7": 1.5002225476553692, "i0": 3.948043612788432, "i1": 0.6458035261194004, "i2": -6.498696362373085, "i3": 0.8636344416642686, "i4": 1.1450006937167008, "i5": -0.18241851689603047, "i6": 0.03857555340126469, "i7": 1.7579025204896126, "r0": 2.4024184498132075, "r1": 0.5234793638683851, "r2": -8.805254877755981, "r3": 1.0368016552810393, "r4": 0.9416870764075246, "r5": 0.5045484974647504, "r6": 0.2810386779279342, "r7": 1.6126922080394146}, "datetime": {"datetime": "2020-01-19 03:39:30", "elapsed": 42409.681983, "delta": 48.088628}}
{"target": 20.75, "params": {"d0": 3.4348200699287394, "d1": -9.153732995434352, "d2": 0.873945582817628, "g0": 0.7773061922457519, "g1": 0.4369189073221897, "g2": -5.374982412949408, "g3": 1.5, "g4": 1.0366849744586233, "g5": -0.24267114899686143, "g6": 0.05234976530756869, "g7": 1.712133201855846, "i0": 4.487302050362933, "i1": 0.6668142684398131, "i2": -5.484525900658668, "i3": 1.0014443714385648, "i4": 1.2055217850973974, "i5": 0.1936714101149577, "i6": -0.17325920113997564, "i7": 1.6885167828385292, "r0": 1.8288327005006464, "r1": 0.7477474411467854, "r2": -1.8943174156461668, "r3": 1.4166223004727898, "r4": 0.9155766639666552, "r5": -0.5507613951633895, "r6": -0.02227195511042389, "r7": 1.451848389421756}, "datetime": {"datetime": "2020-01-19 03:40:15", "elapsed": 42454.267155, "delta": 44.585172}}
{"target": 20.9, "params": {"d0": 3.089506405703404, "d1": -1.7031157044955112, "d2": 0.9512240580134909, "g0": 0.5305190441511045, "g1": 0.5762392045603356, "g2": -4.99633084125835, "g3": 1.2583203790869864, "g4": 1.1326383887026232, "g5": 0.1304773117277622, "g6": 0.2603319237374787, "g7": 1.7844598258428368, "i0": 3.300096640329181, "i1": 0.5176185677491909, "i2": -6.412654865986796, "i3": 1.0282813597862182, "i4": 1.0128439508118823, "i5": -0.11648152928582539, "i6": 0.0798485388419255, "i7": 1.4891795248874187, "r0": 3.907945708513188, "r1": 0.5758686720190868, "r2": -8.44281349924008, "r3": 1.095341984793567, "r4": 1.1672849837601669, "r5": 0.5010457425396918, "r6": -0.12412615200586773, "r7": 1.6123831111106446}, "datetime": {"datetime": "2020-01-19 03:40:57", "elapsed": 42496.919518, "delta": 42.652363}}
{"target": 20.95, "params": {"d0": 3.9811133616458907, "d1": -1.3246663962542577, "d2": 0.9357876130026742, "g0": 0.6483791417816638, "g1": 0.3572314213865789, "g2": -5.231598088487966, "g3": 1.166387264021862, "g4": 1.279126555280824, "g5": 0.06752046186133341, "g6": 0.256502041675256, "g7": 1.6738864527805264, "i0": 3.725720075716538, "i1": 0.5333943143460878, "i2": -6.554152997711364, "i3": 1.0943917817845012, "i4": 0.9739311385932642, "i5": -0.4605153698385328, "i6": 0.08394561108525425, "i7": 1.7288184270065012, "r0": 2.011202323091191, "r1": 0.3319041776529719, "r2": -8.813623557691395, "r3": 1.2197557623303288, "r4": 1.040987450510539, "r5": 0.3912021138013197, "r6": 0.24268521538078958, "r7": 1.4829514326366022}, "datetime": {"datetime": "2020-01-19 03:41:37", "elapsed": 42536.035977, "delta": 39.116459}}
{"target": 20.85, "params": {"d0": 3.7760921817387296, "d1": -1.5516207553585606, "d2": 0.9453595900514565, "g0": 0.5394797585615854, "g1": 0.32537741123114655, "g2": -4.760795869700793, "g3": 1.2432419375764718, "g4": 1.121155255684211, "g5": -0.049439800590285694, "g6": 0.22541195716800444, "g7": 1.5167944707779935, "i0": 3.8231617054029927, "i1": 0.5589349000049996, "i2": -6.663558301506762, "i3": 0.8884458044036537, "i4": 1.0832904295048178, "i5": -0.19235991807167468, "i6": 0.09984302151216888, "i7": 1.489135610811362, "r0": 2.0907246122332945, "r1": 0.3841644764456147, "r2": -8.917480621593997, "r3": 1.0797256538916378, "r4": 1.0043673402676956, "r5": 0.4224744846580174, "r6": 0.2459659633382427, "r7": 1.5034909337039024}, "datetime": {"datetime": "2020-01-19 03:42:17", "elapsed": 42576.183097, "delta": 40.14712}}
{"target": 19.85, "params": {"d0": 4.745641549493326, "d1": -8.197541351310006, "d2": 1.29633742995419, "g0": 1.0406572380122505, "g1": 0.11967013368244445, "g2": -8.437968289526985, "g3": 1.3829032709009028, "g4": 1.2167081690155452, "g5": -0.3268651594568194, "g6": 0.9034882911704537, "g7": 1.787802944618733, "i0": 2.24798503622802, "i1": 0.5218390975760602, "i2": -3.7077012193168195, "i3": 0.8249957911375866, "i4": 0.8567384419122729, "i5": -0.3126529752137113, "i6": -0.41950316499917034, "i7": 1.6078227039657673, "r0": 2.833610449253736, "r1": 0.3793114828683409, "r2": -2.309004249519648, "r3": 0.9181314421813794, "r4": 0.9427703728260036, "r5": -0.3377615427666247, "r6": -0.1966895172874501, "r7": 1.1116642338398421}, "datetime": {"datetime": "2020-01-19 03:42:58", "elapsed": 42617.089383, "delta": 40.906286}}
{"target": 17.75, "params": {"d0": 3.4787107430388637, "d1": -1.4404958836895485, "d2": 0.8795005964577028, "g0": 0.5268870892963368, "g1": 0.38863628031918196, "g2": -5.194931203515937, "g3": 1.2120575117872066, "g4": 1.0150299692098135, "g5": 0.772148187584319, "g6": 0.21750384292824165, "g7": 1.8890203784325705, "i0": 3.5140354825059417, "i1": 0.7906851831863616, "i2": -5.716323481759119, "i3": 1.315206542832188, "i4": 1.0958980033881711, "i5": 0.0908070091812736, "i6": -0.1946110175032882, "i7": 1.6218043824376127, "r0": 2.334805973446325, "r1": 0.21332872148140558, "r2": -8.986033242736278, "r3": 0.8644590170211022, "r4": 0.9069478386345134, "r5": 0.4360184190646592, "r6": 0.8994145023424704, "r7": 1.6948502387512392}, "datetime": {"datetime": "2020-01-19 03:43:45", "elapsed": 42664.363129, "delta": 47.273746}}
{"target": 20.8, "params": {"d0": 4.112707446937739, "d1": -1.5405189616547825, "d2": 0.8410230995658062, "g0": 0.4617217716892682, "g1": 0.40844549878241776, "g2": -4.868837844609153, "g3": 1.27432748006054, "g4": 1.0728153022537745, "g5": -0.11281801880076482, "g6": 0.06001764392944929, "g7": 1.461797309831255, "i0": 3.7736286814474482, "i1": 0.5138635596531083, "i2": -6.383107894407498, "i3": 0.9811422714186494, "i4": 1.1072491252897985, "i5": -0.234592974496794, "i6": 0.19565044159557043, "i7": 1.4933484522803513, "r0": 1.9605207864364462, "r1": 0.34445034253913565, "r2": -8.571066913423097, "r3": 1.1245021437134373, "r4": 1.0168944726288274, "r5": 0.5376762361064548, "r6": 0.14874878394557922, "r7": 1.5149220459472312}, "datetime": {"datetime": "2020-01-19 03:44:29", "elapsed": 42708.178917, "delta": 43.815788}}
{"target": 19.65, "params": {"d0": 2.36662613134077, "d1": -5.303794008042002, "d2": 1.2604632128064621, "g0": 0.17252498437553876, "g1": 0.42224049839403516, "g2": -3.0662117544901215, "g3": 1.2194769788086497, "g4": 1.0086873404043593, "g5": -0.7126584709689952, "g6": 0.04505265101339593, "g7": 1.6718488814178925, "i0": 3.008894569360842, "i1": 0.5013715069841906, "i2": -4.287197445290009, "i3": 0.9946175027055413, "i4": 1.1966908253106867, "i5": 0.24738776957820213, "i6": -0.005400199083740213, "i7": 1.5988957689046777, "r0": 2.8498771028079526, "r1": 0.29125882506861034, "r2": -0.6382592438385276, "r3": 1.0208817704713582, "r4": 0.9067394588540372, "r5": 0.4303623118870759, "r6": 0.3919704879072046, "r7": 1.671008461012043}, "datetime": {"datetime": "2020-01-19 03:45:10", "elapsed": 42749.76265, "delta": 41.583733}}
{"target": 19.95, "params": {"d0": 2.6718489640690652, "d1": -2.0353082627969483, "d2": 1.1954728589824468, "g0": 0.7336630137542604, "g1": 0.522603889804152, "g2": -5.1451118087327306, "g3": 1.1545413832870202, "g4": 1.0879851628390955, "g5": 0.21691378366658493, "g6": 0.19536245599117316, "g7": 1.8439409695993025, "i0": 3.171387419891918, "i1": 0.5083271385221128, "i2": -5.981094184654995, "i3": 0.8921015436284726, "i4": 1.0545420536211816, "i5": -0.28950537406773447, "i6": -0.3525272471715514, "i7": 1.5417966107988361, "r0": 4.12138350350796, "r1": 0.585528160949071, "r2": -8.26480639245261, "r3": 0.9612101915003318, "r4": 1.1633051668304963, "r5": 0.5700886050107848, "r6": -0.20170958752819565, "r7": 1.873015708038749}, "datetime": {"datetime": "2020-01-19 03:45:57", "elapsed": 42796.514778, "delta": 46.752128}}
{"target": 20.95, "params": {"d0": 3.4142611847286197, "d1": -9.174772195539099, "d2": 0.8269198081047128, "g0": 0.8074023432289247, "g1": 0.5509917069040908, "g2": -5.3301856063162445, "g3": 1.5, "g4": 1.0687580479902967, "g5": -0.21252127173888005, "g6": 0.16246870857903956, "g7": 1.6001790787883474, "i0": 4.485786842494477, "i1": 0.7866193013560249, "i2": -5.333375958486273, "i3": 0.9592097378893774, "i4": 1.1275685432822278, "i5": 0.20427238748985546, "i6": -0.17396636815349686, "i7": 1.629340436499641, "r0": 1.8574648654848243, "r1": 0.9685702017679579, "r2": -1.9045039099779764, "r3": 1.4697591099767762, "r4": 0.9654658695440327, "r5": -0.659973855009913, "r6": -0.010446959446159747, "r7": 1.5171230416545534}, "datetime": {"datetime": "2020-01-19 03:46:41", "elapsed": 42840.733978, "delta": 44.2192}}
{"target": 20.35, "params": {"d0": 2.7066579027705675, "d1": -8.093827454537795, "d2": 1.2293412213033208, "g0": 0.14699539504095027, "g1": 0.042898831058556075, "g2": -4.918316476270657, "g3": 1.4690679985140347, "g4": 1.103660362159082, "g5": -0.2530708803558449, "g6": 0.7419521483251637, "g7": 1.2184747452699514, "i0": 3.4616375638913857, "i1": 0.8091515091403578, "i2": -4.902515099087151, "i3": 1.007952915091439, "i4": 1.178501714121312, "i5": 0.28109831587421796, "i6": 0.17698200508365702, "i7": 1.317818854503138, "r0": 2.104048150582218, "r1": 0.027219554644212773, "r2": -2.722987054998516, "r3": 1.1007725028453037, "r4": 0.8168279297733714, "r5": 0.11547358937462915, "r6": -0.39004331385558016, "r7": 1.4106513876679383}, "datetime": {"datetime": "2020-01-19 03:47:20", "elapsed": 42879.707551, "delta": 38.973573}}
{"target": 13.5, "params": {"d0": 3.0185150372961003, "d1": -1.7118969172113214, "d2": 0.7868583332008159, "g0": 0.2999410044841533, "g1": 0.0001506307335098489, "g2": -5.152355011775618, "g3": 0.8606870333605636, "g4": 1.28429726975744, "g5": -0.32495665656017164, "g6": -0.16017657548498027, "g7": 1.533245449626587, "i0": 3.513058857295836, "i1": 0.21415760524127025, "i2": -7.526404475273322, "i3": 0.7885424305589456, "i4": 0.9932195829752231, "i5": -0.3363983986687689, "i6": -0.19825792415063542, "i7": 1.0779432894799585, "r0": 1.7959183643409293, "r1": 0.4944851140765849, "r2": -8.909395726993587, "r3": 1.24423602797562, "r4": 0.8022072561773954, "r5": -0.23468649212496417, "r6": 0.06009609726404086, "r7": 1.3449399586055346}, "datetime": {"datetime": "2020-01-19 03:48:02", "elapsed": 42921.080096, "delta": 41.372545}}
{"target": 20.9, "params": {"d0": 4.743362517988035, "d1": -8.172548982784312, "d2": 1.2195415501088867, "g0": 0.8493290548650353, "g1": 0.6626892625569022, "g2": -2.6158657726325427, "g3": 1.2616698145814034, "g4": 0.9666993803728035, "g5": -0.06283567990120915, "g6": 0.327212177808215, "g7": 1.2046090472519704, "i0": 0.7742297286473773, "i1": 0.6931205121832863, "i2": -4.804552373504416, "i3": 0.8941501540820661, "i4": 0.9773006505885184, "i5": 0.25869002182852896, "i6": -0.37813402155774123, "i7": 1.4758025181703052, "r0": 3.647990003142016, "r1": 0.8582955592702401, "r2": -4.637083196031509, "r3": 0.9501246292664396, "r4": 1.2346164222850624, "r5": 0.24896908107209878, "r6": 0.3770636574398952, "r7": 1.8608713574013886}, "datetime": {"datetime": "2020-01-19 03:48:47", "elapsed": 42966.590022, "delta": 45.509926}}
{"target": 20.7, "params": {"d0": 3.738432789111921, "d1": -1.5779923880405053, "d2": 0.9745443292036794, "g0": 0.5912397365041636, "g1": 0.6319097321389462, "g2": -4.5728491474218975, "g3": 1.2068108448642265, "g4": 1.104465960347396, "g5": 0.03180704650758662, "g6": 0.20330963791403217, "g7": 1.4844306540283876, "i0": 3.714777937215425, "i1": 0.5582117959557823, "i2": -6.494452989063252, "i3": 1.0218040993618736, "i4": 1.085586928227247, "i5": -0.15288129284605392, "i6": 0.11517501124602254, "i7": 1.5360556478056218, "r0": 2.4770035355338913, "r1": 0.4384325089439452, "r2": -8.749112449473657, "r3": 1.0726690980523508, "r4": 1.0719742451437768, "r5": 0.4311457423604224, "r6": 0.10831730505928376, "r7": 1.5676309856878192}, "datetime": {"datetime": "2020-01-19 03:49:31", "elapsed": 43010.73536, "delta": 44.145338}}
{"target": 20.35, "params": {"d0": 3.4610948090062883, "d1": -6.249677642491644, "d2": 0.9309780063542918, "g0": 0.6291953718160734, "g1": 0.26088889296406753, "g2": -6.298863289951882, "g3": 1.4138835447340923, "g4": 0.9373683609017919, "g5": -0.5484591088256817, "g6": 0.26720716351829116, "g7": 1.6239535036278971, "i0": 0.5617421746482875, "i1": 0.34635883532669876, "i2": -2.0029032271390643, "i3": 1.1890133896728707, "i4": 0.9826727345808235, "i5": -0.4633159115475888, "i6": -0.07616019702765672, "i7": 1.2614533670967976, "r0": 3.480739367466236, "r1": 0.36824795034466346, "r2": -2.9331824813005505, "r3": 1.0481428590442736, "r4": 0.9698138321442625, "r5": 0.44440799123748365, "r6": -0.19688272370954601, "r7": 1.4655849414714837}, "datetime": {"datetime": "2020-01-19 03:50:10", "elapsed": 43049.744, "delta": 39.00864}}
