{"target": 20.95, "params": {"d0": 3.767944307799362, "d1": -1.6066280315966284, "d2": 0.8414369790100741, "g0": 0.5665815893733395, "g1": 0.4683516544231747, "g2": -3.3339615810171015, "g3": 1.121957877653965, "g4": 1.1151503170284904, "g5": 0.0045374862634751855, "g6": 0.36679421555648645, "g7": 1.767950767389302, "i0": 4.045827107501582, "i1": 0.361821424669577, "i2": -4.766336872160093, "i3": 1.5, "i4": 1.1524006606885757, "i5": 0.04192550548797114, "i6": 0.43158964049244, "i7": 1.4679906197496548, "r0": 4.623555046299175, "r1": 1.0, "r2": -4.923516488989834, "r3": 1.468311481163185, "r4": 1.1978098053151476, "r5": -0.5796410493702258, "r6": -0.2773211969267399, "r7": 1.198131559842236}, "datetime": {"datetime": "2020-01-19 09:25:30", "elapsed": 63169.517255, "delta": 56.795823}}
{"target": 19.7, "params": {"d0": 2.4126399368827594, "d1": -2.446766214539988, "d2": 0.7587314322756016, "g0": 0.11803396819940762, "g1": 0.33657444862126024, "g2": -7.141173096902981, "g3": 1.0840854404936708, "g4": 0.9782008114314885, "g5": 0.11608705274626431, "g6": 0.1351184104959502, "g7": 0.9532785081596963, "i0": 3.2222503999275447, "i1": 0.25069865084920756, "i2": -5.5597554164190015, "i3": 1.0960449144498021, "i4": 0.9641547329742578, "i5": 0.06089828586093999, "i6": 0.5001905550640332, "i7": 1.5896616705405262, "r0": 1.7960597946618955, "r1": 0.32150544021239363, "r2": -7.68750563893196, "r3": 1.296367723689073, "r4": 1.2343692761525953, "r5": 0.021492247742280285, "r6": 0.4013663167036026, "r7": 1.6089488171372968}, "datetime": {"datetime": "2020-01-19 09:26:36", "elapsed": 63235.379018, "delta": 65.861763}}
{"target": 17.5, "params": {"d0": 3.1954636577232916, "d1": -1.9310654310972613, "d2": 0.7558444343061499, "g0": 0.42169592853441296, "g1": 0.12938159974455976, "g2": -4.310630198653033, "g3": 1.3106713243396855, "g4": 1.0891363931668812, "g5": -0.5207648125732771, "g6": -0.10747925204573128, "g7": 1.8553282485278992, "i0": 3.4661660038858715, "i1": 0.7305710441103067, "i2": -6.422095942729772, "i3": 0.8350059044443378, "i4": 1.1295397415185982, "i5": -0.3963087552354672, "i6": 0.6307856089447408, "i7": 1.9810727373023589, "r0": 2.8869033192386713, "r1": 0.9389454532359227, "r2": -8.185414457686601, "r3": 0.7443264813095763, "r4": 1.1767076425834684, "r5": 0.43588080706498933, "r6": 0.23630333821288463, "r7": 1.0914524395730152}, "datetime": {"datetime": "2020-01-19 09:27:36", "elapsed": 63295.860358, "delta": 60.48134}}
{"target": 19.8, "params": {"d0": 4.238838318304647, "d1": -7.257823139118073, "d2": 0.9316055792486586, "g0": 0.4070409950813658, "g1": 0.509817735077975, "g2": -3.026717798775823, "g3": 0.9413207960040499, "g4": 0.9524409495700543, "g5": -0.005664110226101249, "g6": 0.7538214252060911, "g7": 1.7019932280058085, "i0": 0.42502900504596264, "i1": 0.27286914032128395, "i2": -5.131542511631047, "i3": 0.7571871995618082, "i4": 0.8456483183800874, "i5": 0.09661478213012331, "i6": 0.06517655880352735, "i7": 1.869319504397771, "r0": 3.450982188850043, "r1": 0.5346930529558346, "r2": -4.1057232112612585, "r3": 0.8271653176901234, "r4": 1.1075950306988471, "r5": 0.04345198046409848, "r6": 0.6458055007708052, "r7": 1.7095011586697137}, "datetime": {"datetime": "2020-01-19 09:28:34", "elapsed": 63353.645216, "delta": 57.784858}}
{"target": 20.55, "params": {"d0": 3.1664305549484437, "d1": -2.121204579058977, "d2": 0.9230128067995231, "g0": 0.7272582149298764, "g1": 0.7373303159478505, "g2": -6.033976052727567, "g3": 0.9324749006007735, "g4": 1.1053618794945732, "g5": 0.12343119807004334, "g6": 0.41834909437810175, "g7": 1.2674495477167755, "i0": 2.7356787067834913, "i1": 0.5023430086665492, "i2": -7.078940082779029, "i3": 1.2877221122238796, "i4": 1.0151414449391563, "i5": 0.18841962664894468, "i6": -0.13359813216906827, "i7": 1.2445864650488123, "r0": 2.370066339043574, "r1": 0.1427906439728375, "r2": -8.326109067455336, "r3": 0.8602937938022363, "r4": 1.2266516368963347, "r5": 0.27843834927952327, "r6": 0.3035683529206084, "r7": 1.4447220049874632}, "datetime": {"datetime": "2020-01-19 09:29:37", "elapsed": 63416.772738, "delta": 63.127522}}
{"target": 20.35, "params": {"d0": 4.170235874283412, "d1": -2.650397445432775, "d2": 0.9483005446101688, "g0": 0.5356688997971099, "g1": 0.05466997591680278, "g2": -4.207559903424145, "g3": 1.3146104514589638, "g4": 0.8765850928333092, "g5": -0.08493611840942727, "g6": 0.021202442442637137, "g7": 1.4358530973892998, "i0": 4.185521507144266, "i1": 0.3049083152319798, "i2": -6.142072651837919, "i3": 0.7925703183617049, "i4": 1.1043223731014888, "i5": 0.5338919454267759, "i6": 0.015582344690039829, "i7": 1.764838927322728, "r0": 2.0806874483184474, "r1": 0.4489835800953681, "r2": -8.219998330562067, "r3": 1.1743344388811352, "r4": 1.106312899735037, "r5": 0.14383439791780184, "r6": 0.0058618697435008915, "r7": 1.5458851290939304}, "datetime": {"datetime": "2020-01-19 09:30:32", "elapsed": 63471.383604, "delta": 54.610866}}
{"target": 14.6, "params": {"d0": 3.2392022480433376, "d1": -1.5933888830214578, "d2": 1.3395872074523767, "g0": 1.0084615764607574, "g1": 0.11047043328643058, "g2": -7.575295701442536, "g3": 0.9110483065182674, "g4": 0.9075114530902335, "g5": 0.3058508521482466, "g6": 0.2287340325574755, "g7": 1.4927627013811602, "i0": 3.9073668518911377, "i1": 0.30557674223916775, "i2": -6.980898592978831, "i3": 1.1922955105724307, "i4": 1.0024882240520914, "i5": -0.5127644725067331, "i6": 0.3658190100446853, "i7": 1.7247510742049357, "r0": 2.6824991891444943, "r1": 0.06039249699156812, "r2": -9.509853741096627, "r3": 0.7414513349301584, "r4": 1.0286881312542804, "r5": -0.015041652838446717, "r6": -0.2430071798300102, "r7": 1.7633319115476949}, "datetime": {"datetime": "2020-01-19 09:31:29", "elapsed": 63528.813641, "delta": 57.430037}}
{"target": 20.55, "params": {"d0": 4.134635270055601, "d1": -1.5845333904937795, "d2": 0.952413310837546, "g0": 0.5213058556100565, "g1": 0.336631539010622, "g2": -4.801505401722436, "g3": 1.201740492212298, "g4": 1.1486904347185094, "g5": -0.026921236517345966, "g6": 0.19479894976925896, "g7": 1.3645535741244823, "i0": 3.7992378665518016, "i1": 0.5515701618881117, "i2": -6.319912242477387, "i3": 1.090355565981147, "i4": 0.8964899886346098, "i5": -0.2224618990794216, "i6": 0.09091136985138311, "i7": 1.4783885498024203, "r0": 1.9700998994489873, "r1": 0.2994589495416192, "r2": -8.47108220627097, "r3": 1.1466011658418256, "r4": 1.020175484876551, "r5": 0.49791143326415993, "r6": 0.27718628819866675, "r7": 1.5215471471471929}, "datetime": {"datetime": "2020-01-19 09:32:26", "elapsed": 63585.118711, "delta": 56.30507}}
{"target": 20.65, "params": {"d0": 3.1950012757148554, "d1": -1.5246141252191594, "d2": 1.065673426416755, "g0": 0.48386673291593557, "g1": 0.5334151777715841, "g2": -5.327779601325575, "g3": 1.1490310872680507, "g4": 1.1408970557037768, "g5": 0.07899409403980844, "g6": 0.253034394303602, "g7": 1.612198235581022, "i0": 3.3446204136648956, "i1": 0.5234451374033333, "i2": -6.780406961696227, "i3": 1.0955523352046674, "i4": 1.1095539151407097, "i5": -0.04099637282845661, "i6": 0.19589226827461304, "i7": 1.4436278591758192, "r0": 3.3504570459724548, "r1": 0.46662162046231265, "r2": -8.649206232596294, "r3": 0.9922032484569474, "r4": 1.0064750183343958, "r5": 0.429806147720992, "r6": 0.0742252851022134, "r7": 1.3779861325899774}, "datetime": {"datetime": "2020-01-19 09:33:31", "elapsed": 63650.769001, "delta": 65.65029}}
{"target": 20.5, "params": {"d0": 4.111537904490726, "d1": -1.3683687349215985, "d2": 1.089971143503206, "g0": 0.6313386407567438, "g1": 0.3614929085790452, "g2": -5.006159333498739, "g3": 1.1396420888020697, "g4": 1.1317407208373558, "g5": -0.01590230962028161, "g6": 0.14018862528775758, "g7": 1.6815751510819406, "i0": 3.802347544064702, "i1": 0.5780401656143528, "i2": -6.534922733782037, "i3": 1.0851558162020447, "i4": 1.0050390253337937, "i5": -0.39065851722771644, "i6": 0.056268860740582426, "i7": 1.762738856822463, "r0": 2.207487304777599, "r1": 0.24422675644147, "r2": -8.692439919991196, "r3": 1.0883163932031013, "r4": 0.9723274198085893, "r5": 0.3243748989655192, "r6": 0.2314533528985866, "r7": 1.5574852336028513}, "datetime": {"datetime": "2020-01-19 09:34:30", "elapsed": 63709.86028, "delta": 59.091279}}
{"target": 20.5, "params": {"d0": 3.2392653776603897, "d1": -1.6389769477164124, "d2": 1.0792219837485815, "g0": 0.5468183439757751, "g1": 0.5620620498557648, "g2": -4.970275864426599, "g3": 1.2129982031356012, "g4": 1.068916455414182, "g5": 0.07213998535517088, "g6": 0.24635477854822416, "g7": 1.7225466426047134, "i0": 3.335295663053751, "i1": 0.5661564196953583, "i2": -6.492431637881118, "i3": 1.1216259442112224, "i4": 1.110222119790471, "i5": -0.09760278612310448, "i6": 0.09504555842026839, "i7": 1.5296953008048781, "r0": 3.9601157096755393, "r1": 0.4668639067874125, "r2": -8.383406629877395, "r3": 0.9348824247048481, "r4": 1.1702729374381737, "r5": 0.4779869722129795, "r6": -0.018759118046620647, "r7": 1.6345433386432258}, "datetime": {"datetime": "2020-01-19 09:35:36", "elapsed": 63775.451129, "delta": 65.590849}}
{"target": 21.05, "params": {"d0": 3.604048462984681, "d1": -1.4655274455764624, "d2": 0.9168231278252501, "g0": 0.4763885729139027, "g1": 0.620192976321961, "g2": -4.551064435020463, "g3": 1.2825034830274167, "g4": 0.9850723219625228, "g5": -0.15648503350694568, "g6": 0.2106097321002722, "g7": 1.550408002785349, "i0": 3.785864233082048, "i1": 0.5305478159265842, "i2": -6.497775730757237, "i3": 1.0073740838589518, "i4": 0.9717429174702058, "i5": -0.10876278033444112, "i6": 0.13686986499157713, "i7": 1.449773809103157, "r0": 3.2140042934933506, "r1": 0.5206134169059878, "r2": -8.591197436085803, "r3": 1.0941937899381664, "r4": 1.0953966374094468, "r5": 0.34573883015352264, "r6": 0.2811692483459005, "r7": 1.3697707307623808}, "datetime": {"datetime": "2020-01-19 09:36:45", "elapsed": 63844.755047, "delta": 69.303918}}
{"target": 16.85, "params": {"d0": 2.1035583025167033, "d1": -8.944837392731127, "d2": 0.9390837633631983, "g0": 3.1933558182211987, "g1": 0.600795220342423, "g2": -3.297285466362167, "g3": 1.2605503828758944, "g4": 1.2528654766883682, "g5": 0.2873861272980782, "g6": 0.8880745477484338, "g7": 1.1067276362569527, "i0": 1.9171153544344277, "i1": 0.352088783011845, "i2": -0.771164027403838, "i3": 0.9497711461560194, "i4": 1.2756217563895618, "i5": 0.6500510996863198, "i6": 0.10524432989898203, "i7": 1.0225122987513997, "r0": 2.3372673052888286, "r1": 0.8164745612600447, "r2": -8.701242735953723, "r3": 1.3082059921336568, "r4": 1.203146427238659, "r5": 0.732637971951968, "r6": 0.7797966189994989, "r7": 1.9854740497201795}, "datetime": {"datetime": "2020-01-19 09:37:39", "elapsed": 63898.137861, "delta": 53.382814}}
{"target": 20.6, "params": {"d0": 3.208763252185609, "d1": -2.142501756919675, "d2": 0.9146322895971295, "g0": 0.8976703329633298, "g1": 0.8225549723768555, "g2": -6.16363666034874, "g3": 0.9101241239423031, "g4": 1.0936326417667082, "g5": 0.035304001240711695, "g6": 0.44030925075210076, "g7": 1.288936234127527, "i0": 2.6998060875267798, "i1": 0.40253230561484105, "i2": -6.95302951857759, "i3": 1.3637974333613656, "i4": 1.018714758996927, "i5": 0.14427848772013002, "i6": -0.08406435137697361, "i7": 1.1424447740226213, "r0": 2.296557540776327, "r1": 0.1258865652836219, "r2": -8.326901783580574, "r3": 0.8631616651978119, "r4": 1.2403046295132127, "r5": 0.35827112054405813, "r6": 0.43542513337455707, "r7": 1.515994630084925}, "datetime": {"datetime": "2020-01-19 09:38:39", "elapsed": 63958.30234, "delta": 60.164479}}
{"target": 20.45, "params": {"d0": 4.111086795125199, "d1": -1.5871978382241094, "d2": 0.8217678315398598, "g0": 0.424320470493973, "g1": 0.326500521814381, "g2": -4.87034922194035, "g3": 1.0497454979728136, "g4": 1.0169833710343186, "g5": -0.10512826637372451, "g6": 0.09410874711167329, "g7": 1.2888090442643232, "i0": 3.749509571754556, "i1": 0.5363752887132083, "i2": -6.35416156877373, "i3": 1.0099118502331448, "i4": 1.0047564137289247, "i5": -0.1370961851236826, "i6": 0.32602657509148686, "i7": 1.4617345344604962, "r0": 1.9146042521707867, "r1": 0.3566800167838894, "r2": -8.622661042546397, "r3": 1.1009863063382082, "r4": 1.0524779736910022, "r5": 0.36399215684357844, "r6": 0.24438126233194518, "r7": 1.6144445887016783}, "datetime": {"datetime": "2020-01-19 09:39:47", "elapsed": 64026.763971, "delta": 68.461631}}
{"target": 20.4, "params": {"d0": 3.5549527459012507, "d1": -6.302391081896341, "d2": 0.9885731407330459, "g0": 0.5436271776672161, "g1": 0.38313270237814084, "g2": -6.115652388479117, "g3": 1.5, "g4": 0.9702156103349201, "g5": -0.5671234475688749, "g6": 0.39258155426962843, "g7": 1.6893224259831827, "i0": 0.5884949432938388, "i1": 0.501912465921009, "i2": -2.2232902998609196, "i3": 1.198692391930546, "i4": 1.0012563306644389, "i5": -0.45952191095277317, "i6": -0.08143968958303692, "i7": 1.3338744009169918, "r0": 3.2907554445924774, "r1": 0.3221900030982707, "r2": -2.850580959907306, "r3": 1.01418074859342, "r4": 0.9406897680169998, "r5": 0.46130230408208306, "r6": -0.33103463092547075, "r7": 1.5712655363569241}, "datetime": {"datetime": "2020-01-19 09:40:43", "elapsed": 64082.292613, "delta": 55.528642}}
{"target": 20.0, "params": {"d0": 4.002865081439429, "d1": -1.8072153064987861, "d2": 0.9078332626194842, "g0": 0.5379100576580831, "g1": 0.3853620986923119, "g2": -4.960838033554592, "g3": 1.2265089655174315, "g4": 1.0651317494025392, "g5": -0.11043605315259392, "g6": 0.035539278055838314, "g7": 1.4037563269793691, "i0": 3.9209071225493766, "i1": 0.4363816583847804, "i2": -6.348236347579208, "i3": 1.1104744472556014, "i4": 0.9009233072526805, "i5": -0.1956104369835234, "i6": 0.27534669571173365, "i7": 1.5240072344103994, "r0": 1.972492000797267, "r1": 0.3882437478488533, "r2": -8.503337573449718, "r3": 1.054862178680706, "r4": 1.038054608598094, "r5": 0.38355751370919194, "r6": 0.17445435856394725, "r7": 1.5575247196933464}, "datetime": {"datetime": "2020-01-19 09:41:45", "elapsed": 64143.968235, "delta": 61.675622}}
{"target": 16.65, "params": {"d0": 3.597880043181009, "d1": -1.7163498079837964, "d2": 1.1088302789427398, "g0": 0.19984007089071887, "g1": 0.14098830930149286, "g2": -3.9074471369186146, "g3": 0.7429759364158673, "g4": 1.2469687953235806, "g5": -0.5196474902033865, "g6": -0.25110123919183025, "g7": 1.674334467764579, "i0": 3.6509971449217264, "i1": 0.2132190755406176, "i2": -7.074174186886085, "i3": 0.709326689155543, "i4": 1.1108421170332048, "i5": -0.07357367511550572, "i6": 0.5208681221769458, "i7": 1.280558275257282, "r0": 2.411128784796705, "r1": 0.6091143845057154, "r2": -8.255126463061226, "r3": 1.0270146141404863, "r4": 1.2362960492545951, "r5": 0.7432351550287506, "r6": -0.07649352634885487, "r7": 1.5684362150110467}, "datetime": {"datetime": "2020-01-19 09:42:40", "elapsed": 64198.992181, "delta": 55.023946}}
{"target": 19.9, "params": {"d0": 4.351188431492093, "d1": -3.474063497333445, "d2": 1.2036507129722176, "g0": 0.6734432849560165, "g1": 0.15802828838583335, "g2": -8.948325187428306, "g3": 1.1228149160226126, "g4": 1.29479715902197, "g5": -0.06951217404898143, "g6": 0.8674872911120753, "g7": 1.0638303701802723, "i0": 4.334407833101642, "i1": 0.7498988358814088, "i2": -5.795159674431967, "i3": 0.9377498983733283, "i4": 1.1401495069703098, "i5": -0.5775962334382391, "i6": -0.0783917944944259, "i7": 1.9073991926112288, "r0": 0.6633992445847913, "r1": 0.6953549027027764, "r2": -4.46314055429645, "r3": 1.0667466382444117, "r4": 1.0761704946262083, "r5": -0.7359708973038204, "r6": 0.703613178962899, "r7": 1.9312607704823077}, "datetime": {"datetime": "2020-01-19 09:43:37", "elapsed": 64256.475416, "delta": 57.483235}}
{"target": 20.6, "params": {"d0": 3.425183077989006, "d1": -6.270139176452489, "d2": 0.8784252238259135, "g0": 0.49460547296971796, "g1": 0.35554376446368646, "g2": -6.0931484709797665, "g3": 1.5, "g4": 1.003235400732736, "g5": -0.48463123019542, "g6": 0.39512768183886854, "g7": 1.6502543131141891, "i0": 0.6648288760417617, "i1": 0.40443708565027464, "i2": -2.0395435240885655, "i3": 1.2848194341304733, "i4": 1.0099836598928544, "i5": -0.40915812325494816, "i6": -0.16557499294366465, "i7": 1.340088821405214, "r0": 3.429691235027688, "r1": 0.3784447502766518, "r2": -2.6490383090702667, "r3": 0.9939233617418608, "r4": 0.9950069582649009, "r5": 0.47006592849597395, "r6": -0.3216877534577425, "r7": 1.552187413414719}, "datetime": {"datetime": "2020-01-19 09:44:35", "elapsed": 64314.351026, "delta": 57.87561}}
{"target": 19.85, "params": {"d0": 2.867326543337734, "d1": -1.4990078871657992, "d2": 1.123606161609395, "g0": 0.14894525735303366, "g1": 0.45754322195973707, "g2": -4.505814158752202, "g3": 1.0441941896417188, "g4": 1.2976372510201692, "g5": -0.025061136454121558, "g6": 0.6864086142608139, "g7": 1.6655874243472688, "i0": 3.1613957443135887, "i1": 0.24551350130297334, "i2": -5.509451355388731, "i3": 1.2733068630726816, "i4": 1.19699162568326, "i5": -0.3539483460317854, "i6": 0.2721606256513136, "i7": 1.2595050756589345, "r0": 2.7408525273531326, "r1": 0.6173872624610635, "r2": -8.851709068980542, "r3": 1.1452755814108477, "r4": 0.8435198304472686, "r5": 0.04289986197716722, "r6": 0.5461432264067234, "r7": 1.200819792490893}, "datetime": {"datetime": "2020-01-19 09:45:34", "elapsed": 64373.578766, "delta": 59.22774}}
{"target": 20.95, "params": {"d0": 3.6769728054656943, "d1": -1.2564818465389496, "d2": 1.0906595247078748, "g0": 0.5622824946044942, "g1": 0.296137203992379, "g2": -5.834176719305384, "g3": 1.184622539942401, "g4": 1.108840912425992, "g5": 0.09379521113828003, "g6": 0.17356462871395495, "g7": 1.5427168542628205, "i0": 4.094045493981803, "i1": 0.6723230282022702, "i2": -6.581355227487174, "i3": 0.8969399390413749, "i4": 0.8996690206275212, "i5": -0.391202580087826, "i6": -0.01604725072139146, "i7": 1.6428680639165771, "r0": 1.7686290307165775, "r1": 0.10626596349998042, "r2": -9.064958037255952, "r3": 1.1925086057842853, "r4": 1.1197128784679677, "r5": 0.2777759921382531, "r6": 0.15836018109437744, "r7": 1.5103883162834835}, "datetime": {"datetime": "2020-01-19 09:46:30", "elapsed": 64428.950786, "delta": 55.37202}}
{"target": 19.95, "params": {"d0": 4.3944673176215545, "d1": -2.3483135300929163, "d2": 1.275818078364006, "g0": 0.2147684771314351, "g1": 0.2757985612995054, "g2": -8.483591363596009, "g3": 1.452871394455285, "g4": 1.1701140632199412, "g5": 0.29454378522302505, "g6": 0.08627366464039832, "g7": 1.5906011481383269, "i0": 4.868935043940191, "i1": 0.653273096392746, "i2": -4.771356912499398, "i3": 1.4695418549158128, "i4": 1.0395599757867406, "i5": -0.26786024698612143, "i6": 0.2386370039292922, "i7": 0.9310453460835053, "r0": 4.198505531281905, "r1": 0.6556042071031061, "r2": -4.849395073417067, "r3": 1.4547952721776711, "r4": 1.0474923897965955, "r5": -0.4873743308549644, "r6": 0.4604855655943043, "r7": 1.8668588688146701}, "datetime": {"datetime": "2020-01-19 09:47:33", "elapsed": 64492.542543, "delta": 63.591757}}
{"target": 18.9, "params": {"d0": 4.0739827139024225, "d1": -2.365798493030021, "d2": 1.0080495057751955, "g0": 0.6199845639350371, "g1": 0.5934015731338866, "g2": -5.820490983291605, "g3": 0.7861637863193925, "g4": 0.9111519212172593, "g5": 0.14513129142225156, "g6": 0.1573706354336144, "g7": 1.1446084843799988, "i0": 4.450811011840935, "i1": 0.36483017855631916, "i2": -6.349750264607245, "i3": 1.1407576881129857, "i4": 1.1068259217907679, "i5": 0.2375589869269128, "i6": 0.13815325152246027, "i7": 1.674208863561066, "r0": 1.5684787422019875, "r1": 0.4878533870292764, "r2": -8.32634059291028, "r3": 0.9296069260395375, "r4": 0.9459787697689716, "r5": -0.43045478419694255, "r6": 0.4985021163978087, "r7": 1.397124848425122}, "datetime": {"datetime": "2020-01-19 09:48:35", "elapsed": 64554.156731, "delta": 61.614188}}
{"target": 19.95, "params": {"d0": 2.3385362872321673, "d1": -2.4294592774773327, "d2": 0.7666342247784683, "g0": 0.28952657470477083, "g1": 0.40143174578163904, "g2": -6.849025598830176, "g3": 1.0998546627309034, "g4": 0.9385703695358033, "g5": -0.02816789925615187, "g6": 0.0941988507052187, "g7": 1.0701849735548108, "i0": 2.978078341395694, "i1": 0.23942890670580325, "i2": -5.669888090930646, "i3": 1.1869640332741, "i4": 0.9663903509609193, "i5": 0.11968182599893812, "i6": 0.5117094002143924, "i7": 1.5832738549135674, "r0": 2.0065248707258854, "r1": 0.3491068318876715, "r2": -7.723995942853717, "r3": 1.2722123027309467, "r4": 1.2337029035018665, "r5": 0.1733604155480353, "r6": 0.4097069529639529, "r7": 1.5910646909269157}, "datetime": {"datetime": "2020-01-19 09:49:33", "elapsed": 64612.373692, "delta": 58.216961}}
{"target": 20.65, "params": {"d0": 4.387019272961302, "d1": -2.2340386936628676, "d2": 1.4098797597310657, "g0": 0.533354832228434, "g1": 0.2857364986777921, "g2": -4.872785252643253, "g3": 0.9693121512749964, "g4": 1.1529852905960214, "g5": 0.029946573988365758, "g6": 0.5888039724075099, "g7": 1.560781085698834, "i0": 4.44324171273709, "i1": 0.17953160912443134, "i2": -5.707080180750336, "i3": 1.3293466292755498, "i4": 1.2135379875943846, "i5": -0.01875909800463792, "i6": 0.1100181194164392, "i7": 1.4628479742991805, "r0": 2.653730246062542, "r1": 0.28282191741381935, "r2": -8.078672012957995, "r3": 1.363158919789592, "r4": 1.030734260212512, "r5": 0.5675894564734881, "r6": 0.18915635104348227, "r7": 1.567525556879059}, "datetime": {"datetime": "2020-01-19 09:50:53", "elapsed": 64692.371536, "delta": 79.997844}}
