{"target": 20.75, "params": {"d0": 3.6847499145119884, "d1": -9.048762910545724, "d2": 0.8192956062583742, "g0": 0.611481155229934, "g1": 0.6495419359412145, "g2": -5.094683985714774, "g3": 1.4009885556597783, "g4": 0.999965012582693, "g5": -0.25506332096895235, "g6": 0.22571971164344118, "g7": 1.6257877339698263, "i0": 4.4375966675655345, "i1": 0.9536494683943707, "i2": -5.795499425934403, "i3": 0.8453946605548821, "i4": 1.2543808770005476, "i5": 0.3741442501479749, "i6": -0.0564047421780049, "i7": 1.712106312752917, "r0": 1.7446056850998681, "r1": 1.0, "r2": -1.9610777042407757, "r3": 1.4187754637208236, "r4": 0.8808958353380485, "r5": -0.5950591863381314, "r6": 0.18973919859671776, "r7": 1.5563884796159377}, "datetime": {"datetime": "2020-01-18 16:23:37", "elapsed": 1856.078076, "delta": 72.752986}}
{"target": 21.2, "params": {"d0": 3.5747028184798513, "d1": -1.330488533186961, "d2": 1.0078477242666422, "g0": 0.6436122511991829, "g1": 0.49564849700965535, "g2": -4.7380093682102356, "g3": 1.2180382287265874, "g4": 1.1035414902444312, "g5": 0.0844957331400229, "g6": 0.20373484840973857, "g7": 1.5539060429274387, "i0": 4.192034193039984, "i1": 0.6956669392048056, "i2": -6.773189122627207, "i3": 0.9773973828677159, "i4": 1.0330419097920527, "i5": -0.022149731376206253, "i6": 0.15128095384841228, "i7": 1.4479571787737897, "r0": 2.673540267924312, "r1": 0.422246110461356, "r2": -8.841630235017394, "r3": 1.009219904071461, "r4": 1.0049983434372005, "r5": 0.5712447751381465, "r6": 0.27862592899601585, "r7": 1.4220652920308847}, "datetime": {"datetime": "2020-01-18 16:24:44", "elapsed": 1923.358931, "delta": 67.280855}}
{"target": 19.45, "params": {"d0": 3.45342335799228, "d1": -1.9462587344320779, "d2": 0.9885660164406319, "g0": 0.2770087777364519, "g1": 0.4662140607643346, "g2": -4.543387470742529, "g3": 1.186992290887427, "g4": 1.0777433949716508, "g5": 0.15470405446987423, "g6": 0.15121933687407055, "g7": 1.2576766836717745, "i0": 4.166976221063748, "i1": 0.5898717661833087, "i2": -6.880116379016938, "i3": 0.9586117642813858, "i4": 0.9664352779112263, "i5": 0.01627125722161729, "i6": 0.23401368190718674, "i7": 1.2588895298466058, "r0": 2.6928640556311967, "r1": 0.5128781618178263, "r2": -8.138101770994533, "r3": 0.8778538380571611, "r4": 1.0205546597335706, "r5": 0.7041652054092555, "r6": 0.4579409862273174, "r7": 1.399596137460588}, "datetime": {"datetime": "2020-01-18 16:25:57", "elapsed": 1996.472931, "delta": 73.114}}
{"target": 20.7, "params": {"d0": 3.858768549953584, "d1": -1.1299329700974758, "d2": 0.9032096842210109, "g0": 0.7788919559628376, "g1": 0.54244144612617, "g2": -4.595518697918155, "g3": 1.2052328029789299, "g4": 1.1266374866439066, "g5": -0.22648131238221417, "g6": 0.3317559553662346, "g7": 1.6342496989104385, "i0": 3.606977825477813, "i1": 0.7091381172801978, "i2": -6.294787730814164, "i3": 1.057337396572741, "i4": 1.1099253567500953, "i5": 0.03655527210581614, "i6": 0.05111970936967009, "i7": 1.7697519673446496, "r0": 2.6175128576269655, "r1": 0.3079733844602389, "r2": -9.12153379874675, "r3": 1.1774355235309968, "r4": 1.041422590498637, "r5": 0.22623618778719362, "r6": -0.0032713793126100026, "r7": 1.5208922045605686}, "datetime": {"datetime": "2020-01-18 16:27:29", "elapsed": 2088.467666, "delta": 91.994735}}
{"target": 20.7, "params": {"d0": 3.6337291577855058, "d1": -1.0821747059831148, "d2": 1.1058734021037353, "g0": 0.5867512869171798, "g1": 0.4058633704925059, "g2": -5.627860421398257, "g3": 1.1824254918839696, "g4": 1.045797960892364, "g5": 0.007512770152627455, "g6": 0.08820089501397964, "g7": 1.4959206007448076, "i0": 4.329516315943881, "i1": 0.6379124856273807, "i2": -6.528044186228716, "i3": 0.8422431287927364, "i4": 0.9064310945643583, "i5": -0.3663889879488922, "i6": -0.20829548709831036, "i7": 1.6237420880056284, "r0": 1.9029582736170532, "r1": 0.2443531380427776, "r2": -9.138177929317406, "r3": 1.087847437192917, "r4": 1.0560680286961015, "r5": 0.3190590167701902, "r6": 0.23707854200914735, "r7": 1.543395540399784}, "datetime": {"datetime": "2020-01-18 16:29:17", "elapsed": 2196.090265, "delta": 107.622599}}
{"target": 20.0, "params": {"d0": 3.6693630201538134, "d1": -1.4417023673469498, "d2": 1.0588843536292076, "g0": 0.70419653294676, "g1": 0.4345339780930026, "g2": -4.430641263576095, "g3": 1.255219236289389, "g4": 1.1117469387366838, "g5": 0.1638747219131995, "g6": 0.09387225602734724, "g7": 1.7597696449002147, "i0": 3.918980891067317, "i1": 0.6585261962021755, "i2": -6.297984119934206, "i3": 0.9540772801964745, "i4": 0.9808532209229481, "i5": -0.5020474559853726, "i6": -0.27559130082001365, "i7": 1.5239953379355595, "r0": 3.507349241673185, "r1": 0.5030163721063331, "r2": -8.6676163208611, "r3": 1.0315638340454412, "r4": 1.0744027920508417, "r5": 0.41354309809763323, "r6": -0.09855843699882987, "r7": 1.6741695474308045}, "datetime": {"datetime": "2020-01-18 16:31:04", "elapsed": 2302.986606, "delta": 106.896341}}
{"target": 19.55, "params": {"d0": 3.690113623730795, "d1": -1.1459503996577574, "d2": 0.7935736845310706, "g0": 0.548880617657405, "g1": 0.5930867890283856, "g2": -4.7404276085888775, "g3": 1.2102058697361366, "g4": 1.0254810323861343, "g5": -0.30083281667582595, "g6": 0.19927616002858858, "g7": 1.1390652144188957, "i0": 4.133285050186628, "i1": 0.569718807763565, "i2": -6.472529121337315, "i3": 1.1052594571833518, "i4": 0.937618394353975, "i5": 0.36060441120719683, "i6": 0.4621647703058788, "i7": 1.433724742021772, "r0": 2.3312422851055166, "r1": 0.3828933912299179, "r2": -9.06014483252628, "r3": 1.071496246728834, "r4": 1.0348574141499243, "r5": 0.25127070677400587, "r6": 0.4009073224994136, "r7": 1.326781509285834}, "datetime": {"datetime": "2020-01-18 16:32:56", "elapsed": 2415.524186, "delta": 112.53758}}
{"target": 20.85, "params": {"d0": 3.8051725257484916, "d1": -1.454086687975544, "d2": 1.1377807742965624, "g0": 0.7142292928599134, "g1": 0.42405979641179237, "g2": -4.842145310635054, "g3": 1.0909766393924967, "g4": 1.2008884771283395, "g5": 0.11947256160125834, "g6": 0.3814829679164187, "g7": 1.878268831267003, "i0": 3.678804103442695, "i1": 0.8239804410339423, "i2": -6.649106131105978, "i3": 0.9274345177020371, "i4": 1.3, "i5": -0.05882774878516443, "i6": -0.031213732952284166, "i7": 1.833986179091493, "r0": 1.9879476649815264, "r1": 0.26054335299362996, "r2": -8.685189482958283, "r3": 1.0302586880620765, "r4": 0.9611711325492031, "r5": 0.8, "r6": 0.24305946365667508, "r7": 1.5285909686208823}, "datetime": {"datetime": "2020-01-18 16:34:43", "elapsed": 2521.977766, "delta": 106.45358}}
{"target": 19.9, "params": {"d0": 3.3615438497196997, "d1": -1.0979071731436414, "d2": 1.1238774238928912, "g0": 0.7349542585462304, "g1": 0.48813616598771375, "g2": -4.927266357028101, "g3": 1.1499743593433405, "g4": 1.1354724091648802, "g5": 0.2347610871858941, "g6": 0.45253116098554125, "g7": 1.891901639810614, "i0": 3.6777957214792445, "i1": 0.78448109234325, "i2": -7.488787254686069, "i3": 0.9778993791564384, "i4": 1.1880308422043286, "i5": -0.02788225913340759, "i6": 0.17253681056019013, "i7": 1.592229999190307, "r0": 2.8629332349529055, "r1": 0.33702494300804525, "r2": -9.278325915652275, "r3": 1.1769419728845814, "r4": 0.9826048617016959, "r5": 0.5172530212833047, "r6": 0.1052259992975742, "r7": 1.2590515064651284}, "datetime": {"datetime": "2020-01-18 16:36:15", "elapsed": 2614.35793, "delta": 92.380164}}
{"target": 20.3, "params": {"d0": 3.807680266421366, "d1": -1.2250128001089473, "d2": 0.9423433560785883, "g0": 0.7723620564831145, "g1": 0.36672864748106754, "g2": -4.932301236969014, "g3": 1.470860692380729, "g4": 1.1434311287140206, "g5": -0.22051235505504083, "g6": -0.1073910198298846, "g7": 1.7096982464503896, "i0": 3.7748205992784865, "i1": 0.8308764048175483, "i2": -6.328543688123285, "i3": 1.0034178058540064, "i4": 1.0652560502554043, "i5": -0.025677466068541932, "i6": -0.07291356987811803, "i7": 1.5525510009178767, "r0": 2.1930444845917285, "r1": 0.3971899469424731, "r2": -8.273724690271903, "r3": 1.0652838307427848, "r4": 1.067281023922781, "r5": 0.4540631538430572, "r6": 0.062132074460285444, "r7": 1.6436604360810172}, "datetime": {"datetime": "2020-01-18 16:37:49", "elapsed": 2708.355443, "delta": 93.997513}}
{"target": 20.3, "params": {"d0": 4.013640039742145, "d1": -1.694842390778845, "d2": 0.9791981957591814, "g0": 0.5075345843328718, "g1": 0.4111538340272967, "g2": -4.666242747649359, "g3": 1.0186045186109145, "g4": 1.181298202736645, "g5": -0.05299006370162766, "g6": 0.6834121907192812, "g7": 1.6313839012538025, "i0": 4.1631394068171, "i1": 0.5571285939157437, "i2": -6.26327919400474, "i3": 0.9583252786453614, "i4": 1.1180902217989035, "i5": -0.23841528408668222, "i6": 0.06581325847912464, "i7": 1.8709692603903514, "r0": 2.5491325914502214, "r1": 0.2703929832710361, "r2": -8.810439295705526, "r3": 0.9528588132583525, "r4": 0.8916557715019453, "r5": 0.4510313531650838, "r6": 0.3595064254223843, "r7": 1.5134053883053071}, "datetime": {"datetime": "2020-01-18 16:39:23", "elapsed": 2802.449358, "delta": 94.093915}}
{"target": 19.95, "params": {"d0": 3.7490165832139315, "d1": -1.4390423285498664, "d2": 1.1667755533129005, "g0": 0.6699157567925264, "g1": 0.6600073296185573, "g2": -4.599465452103294, "g3": 0.8611157648928609, "g4": 0.969338034488354, "g5": 0.339458923204103, "g6": 0.01871373809301018, "g7": 1.222413706225828, "i0": 3.5592519219435026, "i1": 0.6145657367330203, "i2": -6.332655437902838, "i3": 0.9528649258063231, "i4": 1.0999844000566716, "i5": -0.15779094496193707, "i6": -0.07345876917683944, "i7": 1.5623144199430001, "r0": 2.251224823994415, "r1": 0.33697730535679765, "r2": -8.85948197172904, "r3": 1.1077284726823506, "r4": 1.1734710059753028, "r5": 0.6940956622374126, "r6": 0.1825414507781706, "r7": 1.4355777759390784}, "datetime": {"datetime": "2020-01-18 16:40:54", "elapsed": 2892.994897, "delta": 90.545539}}
{"target": 19.8, "params": {"d0": 3.893971068093885, "d1": -1.5951263977848031, "d2": 0.7632772204879518, "g0": 0.384549235438962, "g1": 0.3648465297613007, "g2": -3.480274912771998, "g3": 1.3383925226853848, "g4": 1.1455970789040386, "g5": -0.5356266436785523, "g6": 0.3554418778108947, "g7": 1.3933926368764171, "i0": 3.573632199989671, "i1": 0.6666549996446811, "i2": -5.545030394356278, "i3": 1.0812401192066339, "i4": 1.0239063460779436, "i5": 0.09071169514572883, "i6": 0.004081994481206769, "i7": 1.7461011868370429, "r0": 2.7346853602602734, "r1": 0.44539269668132364, "r2": -8.080993224686924, "r3": 0.9590693240129384, "r4": 1.0078352347196795, "r5": 0.23403713033227877, "r6": 0.014854657411019195, "r7": 1.635349270655053}, "datetime": {"datetime": "2020-01-18 16:42:20", "elapsed": 2979.834717, "delta": 86.83982}}
{"target": 19.85, "params": {"d0": 3.521133701348429, "d1": -2.1224849266706283, "d2": 0.8983720572183576, "g0": 0.3836730660168112, "g1": 0.15353100991498553, "g2": -5.553822369956455, "g3": 1.184739840746785, "g4": 1.1506370459106667, "g5": -0.21823710091134366, "g6": 0.354361760055906, "g7": 1.3946266650835513, "i0": 3.48621886682381, "i1": 0.4720072668620408, "i2": -5.999286291251035, "i3": 0.9078949715609592, "i4": 0.9284620525593819, "i5": -0.30286630489472055, "i6": -0.04885741840616369, "i7": 1.787607994739986, "r0": 0.985644267950723, "r1": 0.17752492822964613, "r2": -8.588725756182509, "r3": 1.1333637478984535, "r4": 1.106159482609564, "r5": 0.20497011512245494, "r6": 0.2267215745317923, "r7": 1.7262207382963108}, "datetime": {"datetime": "2020-01-18 16:43:50", "elapsed": 3068.968697, "delta": 89.13398}}
{"target": 19.7, "params": {"d0": 4.20137459125071, "d1": -3.16031293281947, "d2": 1.2964537558087914, "g0": 0.7099376277701237, "g1": 0.1217385661574206, "g2": -9.069522307826148, "g3": 1.2009785398613335, "g4": 1.1429836349056357, "g5": -0.04787953174121277, "g6": 0.5288397146825479, "g7": 1.1968274356220472, "i0": 4.3707432118440614, "i1": 0.8598346343634156, "i2": -6.7114214828021, "i3": 0.8996214572734089, "i4": 1.0671117401916577, "i5": -0.6041963929846975, "i6": 0.06290172823868512, "i7": 1.7644241527153868, "r0": 0.21312605085498393, "r1": 0.6314308711580624, "r2": -4.807887518031379, "r3": 1.2029194291488206, "r4": 1.1417960079026763, "r5": -0.6172841274640116, "r6": 0.8175082297631823, "r7": 1.6386355368973726}, "datetime": {"datetime": "2020-01-18 16:45:20", "elapsed": 3159.309444, "delta": 90.340747}}
{"target": 20.5, "params": {"d0": 3.371111260388234, "d1": -9.147381053337853, "d2": 0.8922716498176123, "g0": 0.6173976263704225, "g1": 0.6381692056503586, "g2": -5.177474730458741, "g3": 1.4749201541044767, "g4": 1.060627793001407, "g5": -0.474321966436995, "g6": 0.12722717736551548, "g7": 1.6454257332126605, "i0": 4.748418496852134, "i1": 0.6806382578568665, "i2": -5.781832757331462, "i3": 1.0739827998715201, "i4": 1.071262575084408, "i5": -0.02081430113276059, "i6": -0.27904359249716915, "i7": 1.9120175302614635, "r0": 1.921131578591329, "r1": 1.0, "r2": -1.5561877576004355, "r3": 1.2968615462004849, "r4": 0.9301946814991779, "r5": -0.499262187455189, "r6": 0.03796145282806174, "r7": 1.5139126867300148}, "datetime": {"datetime": "2020-01-18 16:46:50", "elapsed": 3249.930405, "delta": 90.620961}}
{"target": 19.9, "params": {"d0": 3.2319126830563243, "d1": -9.185103080533237, "d2": 0.7951911122751205, "g0": 1.0505526905932552, "g1": 0.33272790733561713, "g2": -5.144188933989466, "g3": 1.402823959129783, "g4": 1.128296080446547, "g5": -0.20407316227362196, "g6": 0.09913821625644018, "g7": 1.709371350270622, "i0": 4.466041518890765, "i1": 0.8564775569196991, "i2": -5.7608222548967145, "i3": 0.9209636357135871, "i4": 1.2013010454128057, "i5": 0.4200823940887855, "i6": -0.16318360675575885, "i7": 1.4911195517441456, "r0": 1.6576451810398312, "r1": 0.7167791968241592, "r2": -1.744004955056911, "r3": 1.1692258262068729, "r4": 0.9698794055176997, "r5": -0.45619913141189494, "r6": 0.08632182470053873, "r7": 1.6076438340972667}, "datetime": {"datetime": "2020-01-18 16:48:24", "elapsed": 3342.999865, "delta": 93.06946}}
{"target": 17.0, "params": {"d0": 3.3328307585714056, "d1": -8.911885174703336, "d2": 0.9506000810150327, "g0": 0.9003014743628377, "g1": 0.9853201282534788, "g2": -5.208802199350921, "g3": 1.35060759515706, "g4": 0.8043647735272866, "g5": -0.35479756246345834, "g6": 0.1452377173906813, "g7": 1.4781348763357895, "i0": 3.965404913909173, "i1": 0.6993933779426804, "i2": -5.656733344632707, "i3": 0.8873277794350042, "i4": 1.178855028575234, "i5": 0.08254118144146189, "i6": -0.18603609454112796, "i7": 1.945472219860328, "r0": 2.1098960635886215, "r1": 0.660358208720165, "r2": -1.8161065287672538, "r3": 1.5, "r4": 0.8827708693429639, "r5": -0.6381155292260707, "r6": 0.2204288247151869, "r7": 1.4875882706512469}, "datetime": {"datetime": "2020-01-18 16:50:00", "elapsed": 3439.206622, "delta": 96.206757}}
{"target": 18.9, "params": {"d0": 3.5616555153954486, "d1": -8.755345273920478, "d2": 0.8628948221873161, "g0": 0.36101337385918325, "g1": 0.1532255423392072, "g2": -5.230939203715425, "g3": 1.4236785091904416, "g4": 1.3, "g5": -0.3928800790414253, "g6": 0.4200362434467719, "g7": 1.8089302349089462, "i0": 4.323840439486908, "i1": 0.7479875471983649, "i2": -5.597316108186366, "i3": 1.2237683940109445, "i4": 0.9372540451798079, "i5": -0.13521650541804953, "i6": -0.2008651951672457, "i7": 1.6820963965194768, "r0": 1.6637945809078136, "r1": 0.7393539969588766, "r2": -2.3750798569015403, "r3": 1.1837482252593017, "r4": 1.0319693244370203, "r5": -0.13900417206794374, "r6": 0.14358887703011303, "r7": 1.5469502460297637}, "datetime": {"datetime": "2020-01-18 16:51:43", "elapsed": 3542.833303, "delta": 103.626681}}
{"target": 19.8, "params": {"d0": 2.4868828380885195, "d1": -7.192937668320918, "d2": 0.9743402024319531, "g0": 0.1309606781100073, "g1": 0.29881528833799026, "g2": -5.035533075159748, "g3": 1.4267521167481643, "g4": 1.1899549494563189, "g5": -0.5310439024760609, "g6": 0.4460575048979396, "g7": 1.5543499032818862, "i0": 1.849996678148816, "i1": 0.4822716004077766, "i2": -4.96882859553618, "i3": 1.3270687376151404, "i4": 0.9121066166554809, "i5": -0.16379470318218697, "i6": -0.2539627447091246, "i7": 1.6468734567068175, "r0": 1.8659157526992778, "r1": 0.29894013766193966, "r2": -3.2455572257019165, "r3": 1.032323225459571, "r4": 1.0602281434007867, "r5": 0.0614102402018589, "r6": 0.5187110696922559, "r7": 1.3475378059569376}, "datetime": {"datetime": "2020-01-18 16:53:21", "elapsed": 3639.967113, "delta": 97.13381}}
{"target": 20.15, "params": {"d0": 3.604284126286947, "d1": -1.4757747786103685, "d2": 1.1178540133558914, "g0": 0.4589916580110825, "g1": 0.4325419113547145, "g2": -7.147456457884323, "g3": 1.16500692615607, "g4": 1.110358837106538, "g5": 0.13318471101232573, "g6": 0.18380160794891823, "g7": 1.706550274635232, "i0": 4.145821683981779, "i1": 0.5449934186015809, "i2": -6.846830344608166, "i3": 0.9704143708216115, "i4": 1.0732325208198494, "i5": -0.4203080198358816, "i6": 0.08282400626668635, "i7": 1.7334584126910628, "r0": 1.9563384293972959, "r1": 0.11767925198868599, "r2": -8.778049468784845, "r3": 1.2342217972770886, "r4": 1.0383998890958754, "r5": 0.28861087613916353, "r6": 0.2242105284468178, "r7": 1.5415072901689826}, "datetime": {"datetime": "2020-01-18 16:54:59", "elapsed": 3738.577415, "delta": 98.610302}}
{"target": 18.25, "params": {"d0": 3.340353357211553, "d1": -9.076132122281987, "d2": 0.8079579987543734, "g0": 0.5921660180910024, "g1": 0.604591748754498, "g2": -5.201364674777511, "g3": 1.5, "g4": 1.3, "g5": -0.39726348941926515, "g6": 0.20606172694142294, "g7": 1.6434615811830904, "i0": 4.292004225207012, "i1": 0.8127417192462345, "i2": -5.760416514074309, "i3": 0.9737448879782878, "i4": 1.140035670836864, "i5": 0.13433355447970782, "i6": -0.24297808669836574, "i7": 1.808189098371787, "r0": 1.7190824140196115, "r1": 0.7881468928214964, "r2": -1.7725289652332699, "r3": 0.9830477503471649, "r4": 0.9294620462160867, "r5": -0.4601333531308581, "r6": 0.0043747111795120796, "r7": 1.6020640726007105}, "datetime": {"datetime": "2020-01-18 16:56:33", "elapsed": 3832.751747, "delta": 94.174332}}
{"target": 18.25, "params": {"d0": 3.366796381097816, "d1": -8.973330774967803, "d2": 1.010098824306386, "g0": 1.048477967559088, "g1": 0.2649981615136624, "g2": -5.11800171909447, "g3": 1.234249685448634, "g4": 0.8, "g5": -0.3229812012910784, "g6": 0.18112209637761684, "g7": 1.7379706244920803, "i0": 4.779535485604087, "i1": 0.6259461893970912, "i2": -5.828919045356624, "i3": 1.1666498246941286, "i4": 0.9872789826978576, "i5": -0.020789225423262243, "i6": -0.12186768127247015, "i7": 1.6370199511767076, "r0": 1.847150809091506, "r1": 0.7966434146940227, "r2": -1.8538454592156681, "r3": 1.5, "r4": 1.013334090441535, "r5": -0.3109488835858559, "r6": 0.4205042290915346, "r7": 1.4272643744356874}, "datetime": {"datetime": "2020-01-18 16:58:34", "elapsed": 3953.335612, "delta": 120.583865}}
{"target": 20.15, "params": {"d0": 3.1798525161307367, "d1": -9.08425997881891, "d2": 0.775060464701103, "g0": 0.7309830428674581, "g1": 0.4088199124592342, "g2": -5.057860290444517, "g3": 1.5, "g4": 0.8097380997926362, "g5": -0.3869681025205268, "g6": 0.1565954621668844, "g7": 1.7136777982418927, "i0": 4.362006730237953, "i1": 0.7464909656685856, "i2": -5.751814174121029, "i3": 1.0644159858795044, "i4": 1.0789912671377797, "i5": 0.11808753504750413, "i6": -0.3530570850524987, "i7": 1.723211814895266, "r0": 1.781458439956887, "r1": 0.6954676122480326, "r2": -1.84162176264931, "r3": 1.5, "r4": 0.9837117102274254, "r5": -0.3269422658968553, "r6": -0.10338227582064659, "r7": 1.6504074121199093}, "datetime": {"datetime": "2020-01-18 17:00:34", "elapsed": 4073.222687, "delta": 119.887075}}
{"target": 19.9, "params": {"d0": 3.3435583073952295, "d1": -9.096884780644704, "d2": 0.9229833001592828, "g0": 0.8580119313888078, "g1": 0.538290467375589, "g2": -5.043370115911151, "g3": 1.3453877088485822, "g4": 1.3, "g5": -0.35374903889143444, "g6": 0.12777842467567715, "g7": 1.657711095210514, "i0": 4.433968891756982, "i1": 0.7265635489817603, "i2": -5.678353061464874, "i3": 1.0291526504747388, "i4": 1.1068380980653565, "i5": 0.10348881288273892, "i6": -0.21145282827238268, "i7": 1.7453926850193708, "r0": 1.8279920573135073, "r1": 0.7077068263601854, "r2": -1.7662116234011909, "r3": 1.5, "r4": 0.9449092155666406, "r5": -0.4434761952973458, "r6": 0.3064964522813079, "r7": 1.5062977367506187}, "datetime": {"datetime": "2020-01-18 17:02:26", "elapsed": 4185.320217, "delta": 112.09753}}
{"target": 15.15, "params": {"d0": 3.4071665047454234, "d1": -8.92355558762491, "d2": 0.885017148933528, "g0": 0.9613324718436588, "g1": 0.5503187578788241, "g2": -5.030901603382348, "g3": 1.3389180527069353, "g4": 0.8, "g5": -0.3001636639841463, "g6": 0.1998172348922438, "g7": 1.6423871758744608, "i0": 4.482795782861964, "i1": 0.7245528974816279, "i2": -5.813410001735222, "i3": 1.0268837355482234, "i4": 1.084634610922158, "i5": 0.10319047391605472, "i6": -0.197860132823699, "i7": 1.7743267979985478, "r0": 1.9248490941342808, "r1": 0.840492036448066, "r2": -1.948210947989529, "r3": 0.9731022108860568, "r4": 0.9538746484047801, "r5": -0.4527054894180681, "r6": 0.10018651077431959, "r7": 1.5257324643125705}, "datetime": {"datetime": "2020-01-18 17:03:50", "elapsed": 4269.757559, "delta": 84.437342}}
