{"target": 4.55, "params": {"d0": 1.466074026098455, "d1": -1.6952889735998156, "d2": 1.2475270936830192, "g0": 3.5470024523257253, "g1": 0.8829835382270689, "g2": -9.826311217810488, "g3": 1.0090182761133297, "g4": 1.1471601418529147, "g5": -0.41011445353820053, "g6": -0.18189345350440528, "g7": 1.2950727367862773, "i0": 3.484616023690419, "i1": 0.7721390533669146, "i2": -5.265747605626403, "i3": 0.8409251175772466, "i4": 1.1454068077890505, "i5": -0.6011813796316962, "i6": -0.09013952972295713, "i7": 1.3305193126439852, "r0": 4.077963168329306, "r1": 0.854860816004738, "r2": -3.558797738363147, "r3": 0.8786893875243491, "r4": 0.9698007351329494, "r5": -0.43022377434363435, "r6": 0.7705489424113838, "r7": 1.3228528364162482}, "datetime": {"datetime": "2020-01-18 04:35:07", "elapsed": 28093.300972, "delta": 51.252182}}
{"target": 13.4, "params": {"d0": 3.0096266977273034, "d1": -8.648511881207092, "d2": 1.0629094295208175, "g0": 2.3953725041796785, "g1": 0.470715176137405, "g2": -6.435839668444185, "g3": 0.7201640647902017, "g4": 0.8583055470263061, "g5": -0.05647998653468511, "g6": 0.8987827545117986, "g7": 1.7635706037602055, "i0": 1.8514381965122395, "i1": 0.14188300871990323, "i2": -8.547475920095573, "i3": 1.451131993706297, "i4": 1.1804854732995214, "i5": -0.7572359302129851, "i6": 0.44316312871030616, "i7": 1.5946952678983148, "r0": 4.663254575723597, "r1": 0.6692335937746691, "r2": -5.087401498465349, "r3": 1.2915168948814078, "r4": 1.0856683342722806, "r5": 0.4358493127402381, "r6": 0.37558676126042, "r7": 1.9267002809337788}, "datetime": {"datetime": "2020-01-18 04:35:48", "elapsed": 28135.000872, "delta": 41.6999}}
{"target": 13.9, "params": {"d0": 0.8808986403490016, "d1": -8.417676962999785, "d2": 1.4130959829270209, "g0": 0.8695893382334652, "g1": 0.13155839221197085, "g2": -6.547882797391051, "g3": 1.4090989891939043, "g4": 1.2701520832894626, "g5": -0.3881676478223476, "g6": -0.35617409833892305, "g7": 1.754068627001804, "i0": 4.624315435991313, "i1": 0.0021036373930813923, "i2": -6.941003066259913, "i3": 0.7548429528712217, "i4": 1.1768079815415404, "i5": 0.20656524179552815, "i6": 0.09148025931615655, "i7": 1.6205526471318883, "r0": 0.22055771213940034, "r1": 0.3302438909519413, "r2": -7.945512113004431, "r3": 0.8676145096398198, "r4": 1.1385366597690445, "r5": -0.46973955140311024, "r6": 0.6108608971842242, "r7": 1.1125351213870116}, "datetime": {"datetime": "2020-01-18 04:36:25", "elapsed": 28171.361741, "delta": 36.360869}}
{"target": 13.85, "params": {"d0": 1.2869090692009855, "d1": -9.324841564420066, "d2": 0.7318243812665945, "g0": 4.345780099018257, "g1": 0.8585651268037175, "g2": -4.364948120057356, "g3": 1.2901264833106856, "g4": 0.8717909967025377, "g5": 0.09573139780905537, "g6": 0.4190908197403955, "g7": 1.563250948421984, "i0": 2.6889942385340317, "i1": 0.07996221147040572, "i2": -3.41457198265966, "i3": 1.1014466952856796, "i4": 1.2713197335283632, "i5": -0.5401773341862746, "i6": 0.5158016494757938, "i7": 1.7779332534925292, "r0": 0.49495197698663007, "r1": 0.5506815166375202, "r2": -7.7562306932498135, "r3": 1.371530389604365, "r4": 0.8538398814152357, "r5": 0.09408560256249632, "r6": -0.10601301371541721, "r7": 1.0222781436802828}, "datetime": {"datetime": "2020-01-18 04:37:10", "elapsed": 28216.641004, "delta": 45.279263}}
{"target": 13.35, "params": {"d0": 0.38791315554713157, "d1": -8.022011851981159, "d2": 1.0031319312314255, "g0": 3.5310545934792072, "g1": 0.1337007336096997, "g2": -8.624418699883456, "g3": 1.1483330174451165, "g4": 0.8488522419838048, "g5": -0.3445895377021671, "g6": 0.9674720251729803, "g7": 1.3527211646294153, "i0": 1.8768214438619495, "i1": 0.447398136803716, "i2": -7.34578699092033, "i3": 1.1753757829720821, "i4": 0.9817690093609197, "i5": 0.09847528959924112, "i6": 0.06474696814787306, "i7": 1.9407408136630346, "r0": 0.0050568355695995715, "r1": 0.45219520208912944, "r2": -1.7098985651737877, "r3": 1.1688032161763262, "r4": 0.9803854587487455, "r5": -0.6219572057467208, "r6": 0.40984314274295364, "r7": 1.230217702392196}, "datetime": {"datetime": "2020-01-18 04:38:06", "elapsed": 28272.835137, "delta": 56.194133}}
{"target": 15.05, "params": {"d0": 1.1071426088539997, "d1": -1.258733911247763, "d2": 1.448961282551175, "g0": 1.160201806532473, "g1": 0.5479935685964936, "g2": -2.4383624029846294, "g3": 0.9138804558756577, "g4": 1.1765496327015754, "g5": -0.4396869482553726, "g6": 0.1544187878934089, "g7": 0.9085960332490414, "i0": 0.8918140392682061, "i1": 0.18185891974503243, "i2": -7.548765731722401, "i3": 0.9537987093756795, "i4": 0.8999361979313861, "i5": -0.3591315369767431, "i6": 0.4997334848406705, "i7": 0.9779632439680985, "r0": 4.090136252105134, "r1": 0.7441707973698233, "r2": -9.522254212474513, "r3": 1.3339176655336649, "r4": 1.2172515876440468, "r5": 0.6248275763590614, "r6": -0.41473533486777664, "r7": 1.8220404633088303}, "datetime": {"datetime": "2020-01-18 04:38:52", "elapsed": 28318.644357, "delta": 45.80922}}
{"target": 18.1, "params": {"d0": 2.9913428363775867, "d1": -5.427492389719774, "d2": 1.0460651044988456, "g0": 3.134236724665433, "g1": 0.18920515444322028, "g2": -6.81572961239532, "g3": 1.4493356237979431, "g4": 1.2475998850661754, "g5": 0.41858667375865255, "g6": 0.09590711342737657, "g7": 1.3509039046087736, "i0": 4.080609593552473, "i1": 0.9747060966668173, "i2": -5.329836234819272, "i3": 0.9358868014209423, "i4": 1.08178768398653, "i5": 0.12805208175813443, "i6": 0.2543156057387521, "i7": 1.350410883753371, "r0": 1.1822174411877817, "r1": 0.78665497573718, "r2": -1.3819853340122599, "r3": 1.0131620726190003, "r4": 0.8706694683044992, "r5": -0.006755620947308749, "r6": -0.0074552408652081015, "r7": 1.2819794835520424}, "datetime": {"datetime": "2020-01-18 04:39:27", "elapsed": 28354.080671, "delta": 35.436314}}
{"target": 12.75, "params": {"d0": 4.1489256795235265, "d1": -2.164725308194976, "d2": 0.7695783081563382, "g0": 2.8402385992798482, "g1": 0.1656493123203282, "g2": -8.12870847382395, "g3": 1.1863752983394997, "g4": 1.2846983405994519, "g5": -0.25444275136145655, "g6": 0.30910185126288536, "g7": 1.2062752264427208, "i0": 3.2031714118954966, "i1": 0.5951066093564747, "i2": -4.384102827433358, "i3": 1.1562982354250237, "i4": 0.9845719162660878, "i5": 0.38697679343594116, "i6": -0.24434077938558985, "i7": 1.0844044682353977, "r0": 2.6644964533471938, "r1": 0.03971636226190822, "r2": -3.4131578692969704, "r3": 0.9617387479938029, "r4": 0.938073107189973, "r5": -0.0028265128406447237, "r6": 0.6542856340927146, "r7": 1.6655212582557744}, "datetime": {"datetime": "2020-01-18 04:40:00", "elapsed": 28386.362689, "delta": 32.282018}}
{"target": 9.7, "params": {"d0": 3.9417974564531306, "d1": -1.9387688909851128, "d2": 0.9501265037630837, "g0": 4.691217815640683, "g1": 0.06158073196901359, "g2": -1.2222809039779534, "g3": 1.088773874756867, "g4": 0.94023796488891, "g5": 0.03916159655309015, "g6": 0.1441045044372291, "g7": 1.1664116484162879, "i0": 2.9370052366154136, "i1": 0.01505499542961275, "i2": -1.345338462769286, "i3": 1.096310297324157, "i4": 1.291801970961529, "i5": -0.48344271736384975, "i6": 0.04300770823703859, "i7": 1.6974939141314458, "r0": 2.940466308509206, "r1": 0.03041493173484877, "r2": -9.914354199085011, "r3": 1.136747481180568, "r4": 1.0187789175690352, "r5": 0.5533286174446765, "r6": -0.2686330031495334, "r7": 1.5451993933722734}, "datetime": {"datetime": "2020-01-18 04:40:42", "elapsed": 28428.38378, "delta": 42.021091}}
{"target": 15.9, "params": {"d0": 4.370911754694906, "d1": -5.855028040156488, "d2": 1.1700854318988043, "g0": 2.5685393782088517, "g1": 0.7940208072822172, "g2": -9.737588251299123, "g3": 1.364631679728495, "g4": 1.1992980324277167, "g5": 0.4384565986320128, "g6": 0.9376861265523371, "g7": 1.0371914858346958, "i0": 1.7112787158551257, "i1": 0.392033264107713, "i2": -8.961553592019913, "i3": 0.7645655040290444, "i4": 1.1179424040630441, "i5": -0.4099594082967693, "i6": -0.05020655072795582, "i7": 1.8194286684088588, "r0": 2.0044164937492464, "r1": 0.9842458425421594, "r2": -6.362423894189286, "r3": 1.1742801099029758, "r4": 1.1218797781661922, "r5": -0.3936460662602871, "r6": -0.09647033333529448, "r7": 1.1029596050858859}, "datetime": {"datetime": "2020-01-18 04:41:17", "elapsed": 28463.444477, "delta": 35.060697}}
{"target": 17.5, "params": {"d0": 4.8445923636973065, "d1": -1.885096952925963, "d2": 1.1640203459569909, "g0": 0.6983580720391075, "g1": 0.5085601484077499, "g2": -9.972648691333974, "g3": 1.2780124197196387, "g4": 1.1864477449533102, "g5": 0.6460077662652528, "g6": -0.15028332674851042, "g7": 1.785242941099559, "i0": 3.6742231606088103, "i1": 0.7554164407620666, "i2": -3.3722293810212642, "i3": 0.8860813103703882, "i4": 0.9315071204227472, "i5": -0.10487199185450391, "i6": -0.03434513669093786, "i7": 1.3891883090096302, "r0": 0.8166015681563854, "r1": 0.8210643118863469, "r2": -6.913335733350191, "r3": 1.4248563399463121, "r4": 1.2944867282842574, "r5": 0.21004595489840394, "r6": 0.27077018179278944, "r7": 1.468570342877428}, "datetime": {"datetime": "2020-01-18 04:41:57", "elapsed": 28504.095967, "delta": 40.65149}}
{"target": 16.0, "params": {"d0": 0.2864786372056527, "d1": -7.483270956099524, "d2": 0.9270908261031272, "g0": 1.0262656765064715, "g1": 0.2614605894224179, "g2": -1.8615617387458787, "g3": 0.8593998979095849, "g4": 1.2289923127433615, "g5": 0.6194486471601339, "g6": 0.9775688970432475, "g7": 0.9873984474967783, "i0": 4.449124641804839, "i1": 0.5598823534841023, "i2": -3.7421055400984384, "i3": 0.9285975396159437, "i4": 1.2594653092059078, "i5": 0.5111875411092361, "i6": -0.28387830295867256, "i7": 1.9204833452890129, "r0": 3.985245027096076, "r1": 0.8598816163802642, "r2": -4.136446626500401, "r3": 1.1746102655623425, "r4": 0.8894287325046282, "r5": 0.6552195220724453, "r6": 0.9412925636069127, "r7": 1.01191273073291}, "datetime": {"datetime": "2020-01-18 04:42:41", "elapsed": 28547.418736, "delta": 43.322769}}
{"target": 15.45, "params": {"d0": 4.615459788906222, "d1": -0.10880123732042435, "d2": 1.239490674872373, "g0": 4.797930462784301, "g1": 0.7860220422337549, "g2": -3.50182575915219, "g3": 1.4823683066117987, "g4": 0.9485095828049692, "g5": -0.15899245269616658, "g6": 0.6231540069967205, "g7": 1.5353268939039877, "i0": 3.283610898973559, "i1": 0.1450918012034671, "i2": -2.9215028749242116, "i3": 1.3642546057458416, "i4": 1.2250398581394144, "i5": -0.5434845119652199, "i6": 0.718063300440023, "i7": 1.638187025165572, "r0": 1.5939362100486383, "r1": 0.5087640447737329, "r2": -5.331549068250699, "r3": 0.9998238262682719, "r4": 1.1050768428877025, "r5": 0.3833160567139413, "r6": 0.7868167177318981, "r7": 1.3287237790740294}, "datetime": {"datetime": "2020-01-18 04:43:18", "elapsed": 28584.437421, "delta": 37.018685}}
{"target": 7.8, "params": {"d0": 4.429052565004104, "d1": -0.44394220524832306, "d2": 0.9417166869296612, "g0": 2.304749739813243, "g1": 0.403983880870334, "g2": -7.458758015071465, "g3": 0.9284107475592989, "g4": 1.150699702070009, "g5": -0.024789811693971764, "g6": 0.09780159132432775, "g7": 0.9128510108241513, "i0": 3.9146251177490177, "i1": 0.4377935821100838, "i2": -9.810408562713826, "i3": 0.8603597365571987, "i4": 0.8574999382329891, "i5": 0.11953516075229342, "i6": -0.3529101390019369, "i7": 1.235062339484373, "r0": 3.3815426646943236, "r1": 0.11732256758563187, "r2": -8.901349185378049, "r3": 0.7457899189090172, "r4": 1.2927267613652784, "r5": -0.12229407013535487, "r6": -0.07501122479750899, "r7": 1.4409491613275958}, "datetime": {"datetime": "2020-01-18 04:43:49", "elapsed": 28615.796902, "delta": 31.359481}}
{"target": 12.35, "params": {"d0": 1.987378655581114, "d1": -2.4688257706336056, "d2": 1.3962007245143906, "g0": 4.428632128590522, "g1": 0.7534132540371885, "g2": -7.472761998025704, "g3": 1.2565340830524527, "g4": 0.9058565623584521, "g5": 0.29324263508789494, "g6": -0.2712219856387714, "g7": 1.8891420010924342, "i0": 2.5923247559174807, "i1": 0.6258603052329035, "i2": -8.640556699584144, "i3": 1.4489788391039191, "i4": 1.1385323115937929, "i5": 0.14869890630126403, "i6": 0.9070480118281397, "i7": 1.7313753869015907, "r0": 4.435258806629986, "r1": 0.42493294531978487, "r2": -2.1013120673912766, "r3": 1.1384525602561495, "r4": 1.0859342766443305, "r5": 0.5098832201832035, "r6": 0.7519309097310019, "r7": 1.3046651413274746}, "datetime": {"datetime": "2020-01-18 04:44:30", "elapsed": 28656.734594, "delta": 40.937692}}
{"target": 16.25, "params": {"d0": 1.2061191457677993, "d1": -8.02317727811824, "d2": 0.7241540306579115, "g0": 2.8127235099671366, "g1": 0.6965346001349816, "g2": -4.376008996033983, "g3": 1.377742761859161, "g4": 1.047191632893627, "g5": 0.5211213212821886, "g6": 0.5814356595030397, "g7": 1.0005092128622435, "i0": 1.0791932575528445, "i1": 0.6178622831940069, "i2": -8.895895619448789, "i3": 1.4750656974398038, "i4": 1.2241911849899827, "i5": 0.0867377228444397, "i6": 0.13305264448904208, "i7": 1.6536112856727556, "r0": 2.4332700124081033, "r1": 0.8501096819024917, "r2": -7.769993096555848, "r3": 1.4664315549021674, "r4": 1.1372049468959542, "r5": -0.40161697792189543, "r6": 0.6527920861987879, "r7": 1.5195974706034678}, "datetime": {"datetime": "2020-01-18 04:45:09", "elapsed": 28695.72678, "delta": 38.992186}}
{"target": 13.1, "params": {"d0": 3.0615166476857123, "d1": -1.1104348921790574, "d2": 1.0623846501581922, "g0": 3.5854512963969225, "g1": 0.3618316468135623, "g2": -0.8203327782493002, "g3": 1.3837690667418903, "g4": 1.2696093007770277, "g5": -0.4318819020760136, "g6": -0.4732873095532315, "g7": 1.1353616413464258, "i0": 1.8766353357679078, "i1": 0.5947597820036108, "i2": -9.052522631816696, "i3": 1.0793836975257056, "i4": 0.9976949846075915, "i5": -0.36564788688190686, "i6": 0.11668273420270969, "i7": 0.9052199040507839, "r0": 1.2219526253628237, "r1": 0.3571787962568119, "r2": -8.69807021368297, "r3": 0.9784658417556642, "r4": 1.205932841717474, "r5": -0.683544770706294, "r6": 0.516442265516663, "r7": 1.9329470315831374}, "datetime": {"datetime": "2020-01-18 04:45:50", "elapsed": 28737.261863, "delta": 41.535083}}
{"target": 14.75, "params": {"d0": 2.7821107048782885, "d1": -8.434304009776511, "d2": 1.2765654466238758, "g0": 3.2257129048535544, "g1": 0.37143270555262664, "g2": -5.166172350594671, "g3": 1.4379465207973392, "g4": 1.2232049939968193, "g5": 0.7902188895812547, "g6": 0.4001104749675005, "g7": 0.9857702867008985, "i0": 0.31384174315011004, "i1": 0.8518598170405104, "i2": -8.228205229167367, "i3": 0.952730236917195, "i4": 1.166585855657202, "i5": -0.42649018572845354, "i6": 0.24561512674934072, "i7": 1.6797276134670784, "r0": 4.795521966020279, "r1": 0.37326079725828487, "r2": -0.8534777975344809, "r3": 1.1627533692244976, "r4": 1.129992944972566, "r5": 0.7315560677632049, "r6": 0.5385458034227391, "r7": 1.1033917309941002}, "datetime": {"datetime": "2020-01-18 04:46:32", "elapsed": 28778.676584, "delta": 41.414721}}
{"target": 13.1, "params": {"d0": 2.37583860768573, "d1": -7.269740280299106, "d2": 1.173885578928579, "g0": 1.9281920539877144, "g1": 0.7552598018744675, "g2": -9.312642915211795, "g3": 0.8670761117865664, "g4": 0.9158526593353542, "g5": 0.3497686768765047, "g6": 0.258433583778773, "g7": 1.4587733830156342, "i0": 1.6715439503970309, "i1": 0.6375412941819301, "i2": -1.239141520485548, "i3": 1.261395753525659, "i4": 1.0465470473363474, "i5": -0.48413561102323616, "i6": 0.4350019368345577, "i7": 1.0261549546373543, "r0": 2.40720211885779, "r1": 0.29304693976249596, "r2": -0.8810755457009751, "r3": 1.2193639589588712, "r4": 1.2278550891731677, "r5": -0.4596007612248375, "r6": -0.39928301911782005, "r7": 1.8206081282727218}, "datetime": {"datetime": "2020-01-18 04:47:15", "elapsed": 28821.826509, "delta": 43.149925}}
{"target": 12.85, "params": {"d0": 2.753353574578222, "d1": -2.793583528160017, "d2": 1.0556123658914451, "g0": 2.7710470176407993, "g1": 0.5030016418608368, "g2": -4.470009022116555, "g3": 1.0822333841082934, "g4": 0.8527146123901801, "g5": 0.21306566754197953, "g6": 0.45169291779386533, "g7": 1.3196694898805763, "i0": 3.340776053065262, "i1": 0.5075978829930309, "i2": -0.25469946318443704, "i3": 1.3614867092231013, "i4": 1.2895961393460293, "i5": 0.72956248741354, "i6": 0.062455061624205443, "i7": 1.002109480531263, "r0": 0.09144572823040376, "r1": 0.9089224031507235, "r2": -1.99855141570157, "r3": 1.3332461797929156, "r4": 0.8150892722738285, "r5": 0.6891938483318973, "r6": -0.26710393233911717, "r7": 1.0124574034316252}, "datetime": {"datetime": "2020-01-18 04:48:02", "elapsed": 28868.834523, "delta": 47.008014}}
{"target": 17.55, "params": {"d0": 1.3717792130632889, "d1": -8.682978476475428, "d2": 1.483202294156576, "g0": 1.380882437832185, "g1": 0.15264074143921957, "g2": -3.767694509480899, "g3": 1.053556155919895, "g4": 1.0820800768216088, "g5": -0.022687592471455353, "g6": 0.050747625803047036, "g7": 1.7711010304380155, "i0": 4.781419217596376, "i1": 0.2763235806491454, "i2": -6.048406327943866, "i3": 1.0570458699218164, "i4": 1.0645712874088256, "i5": -0.09545473289664785, "i6": 0.9623183926645844, "i7": 1.502000536693469, "r0": 0.10741576473199788, "r1": 0.9112971013795776, "r2": -1.3821764194701842, "r3": 0.8295207466227695, "r4": 1.093726338794579, "r5": 0.4672392613265355, "r6": -0.24073474441781173, "r7": 1.4641693592239609}, "datetime": {"datetime": "2020-01-18 04:48:45", "elapsed": 28911.458978, "delta": 42.624455}}
{"target": 17.75, "params": {"d0": 4.385535818316501, "d1": -3.318965400135868, "d2": 1.2661712037118096, "g0": 0.8069388069098349, "g1": 0.0028302642391001553, "g2": -9.943393644447916, "g3": 1.2521701213349044, "g4": 0.8601679288074411, "g5": -0.0682689885847445, "g6": 0.44595756577686607, "g7": 1.9498797876072187, "i0": 1.4888281908996903, "i1": 0.9663101171020035, "i2": -6.140523987830848, "i3": 1.2220204843261735, "i4": 1.1688876287668328, "i5": 0.6991391018911612, "i6": 0.8609846813167841, "i7": 1.120332754331626, "r0": 2.8209698909207725, "r1": 0.49582970172061647, "r2": -8.50702448840315, "r3": 1.2851483686545238, "r4": 0.9171546819747004, "r5": -0.49424998002392795, "r6": -0.29192599987215184, "r7": 1.2193011567552015}, "datetime": {"datetime": "2020-01-18 04:49:23", "elapsed": 28950.129002, "delta": 38.670024}}
{"target": 2.7, "params": {"d0": 1.5625302003186081, "d1": -9.997518903085588, "d2": 0.976715275138949, "g0": 4.801832361271881, "g1": 0.5892684951796643, "g2": -1.115133920993216, "g3": 0.905448045605626, "g4": 0.8000947514056203, "g5": -0.3845295461975923, "g6": -0.07284593778808557, "g7": 1.527051522493092, "i0": 3.058352803330874, "i1": 0.17288942737033342, "i2": -9.51277032753908, "i3": 0.8088002575277057, "i4": 0.9698609649419447, "i5": 0.2500587926572593, "i6": -0.07310790044110121, "i7": 1.6478606809183676, "r0": 2.503089133308119, "r1": 0.494170155597741, "r2": -5.419343020538423, "r3": 0.7422744886300273, "r4": 1.0385711608363704, "r5": 0.6730637524559566, "r6": 0.6800145754821103, "r7": 1.0210509869486837}, "datetime": {"datetime": "2020-01-18 04:50:14", "elapsed": 29000.503566, "delta": 50.374564}}
{"target": 15.7, "params": {"d0": 1.5689461716285347, "d1": -1.242268512339832, "d2": 0.8934741408923217, "g0": 1.4581325503940294, "g1": 0.41004883304755946, "g2": -3.3336245503278388, "g3": 0.818104727552197, "g4": 1.0546575812951677, "g5": -0.5973364903072294, "g6": 0.7296515674990203, "g7": 1.5370442794543675, "i0": 4.709635258979851, "i1": 0.30181444889941733, "i2": -6.835325701779347, "i3": 1.2739473736369205, "i4": 0.8999234853370253, "i5": 0.566554438905317, "i6": 0.09651394852954165, "i7": 1.1405289540363959, "r0": 1.5730361869174025, "r1": 0.9555400374940324, "r2": -3.422869463813595, "r3": 1.214137236866565, "r4": 1.2920956811009958, "r5": -0.45908537994620713, "r6": 0.2565847848207704, "r7": 1.2167544620196151}, "datetime": {"datetime": "2020-01-18 04:50:55", "elapsed": 29042.200471, "delta": 41.696905}}
{"target": 14.4, "params": {"d0": 2.165924414463483, "d1": -1.5090947888071966, "d2": 1.0789830702111045, "g0": 1.826992410302792, "g1": 0.35735868915799074, "g2": -8.058751217385629, "g3": 0.731724283312655, "g4": 0.8775763242877412, "g5": -0.2544009100535697, "g6": 0.1520086308383295, "g7": 1.4736427187626282, "i0": 2.003268620855719, "i1": 0.7892994089122168, "i2": -6.385182806779609, "i3": 1.1227477673033246, "i4": 1.0094568155367043, "i5": -0.7317373692076088, "i6": 0.7392226170444625, "i7": 0.9052986646445536, "r0": 1.2029876520153944, "r1": 0.4263553981103937, "r2": -0.5917334888576722, "r3": 0.85516144995535, "r4": 1.0024867946938067, "r5": -0.467078789511535, "r6": -0.4317013498803507, "r7": 1.464996066173849}, "datetime": {"datetime": "2020-01-18 04:51:34", "elapsed": 29080.28609, "delta": 38.085619}}
{"target": 2.45, "params": {"d0": 0.9932279276166583, "d1": -5.106093482879379, "d2": 1.1295026573854077, "g0": 2.3281566297116845, "g1": 0.6986773043422294, "g2": -5.976146118601883, "g3": 0.9740454117937785, "g4": 0.9229876628264913, "g5": -0.36193824430952937, "g6": 0.010899522797251482, "g7": 1.4592775972676988, "i0": 3.811990398113222, "i1": 0.969188474948011, "i2": -7.608541131753185, "i3": 1.1475570695582331, "i4": 1.0126463393330685, "i5": -0.4337397152620122, "i6": 0.005058951102243081, "i7": 1.3264749963598366, "r0": 4.401957587924045, "r1": 0.29545240553477625, "r2": -4.616766966967955, "r3": 1.403472977067414, "r4": 0.8564462724984259, "r5": 0.6068839078084831, "r6": 0.7777841167429353, "r7": 1.7448266705493332}, "datetime": {"datetime": "2020-01-18 04:52:28", "elapsed": 29135.272926, "delta": 54.986836}}
