{"target": 20.85, "params": {"d0": 3.9269617645648314, "d1": -1.5949009004755503, "d2": 0.8028311463636669, "g0": 0.6251588213209237, "g1": 0.5031614618250483, "g2": -3.2740347080859267, "g3": 1.1873264432087407, "g4": 1.123770703571392, "g5": 0.0607859061257262, "g6": 0.35729918859381427, "g7": 1.7278624808376872, "i0": 3.884564418478799, "i1": 0.32204713675180957, "i2": -4.66961704294088, "i3": 1.4773330441066663, "i4": 1.1698054782152845, "i5": -0.05309054376167527, "i6": 0.4871557591525433, "i7": 1.3149414218616349, "r0": 4.613270503712996, "r1": 0.9776857227091722, "r2": -4.952811255523487, "r3": 1.5, "r4": 1.2194275690748784, "r5": -0.5998976460123547, "r6": -0.29400282841587466, "r7": 1.1686985306186228}, "datetime": {"datetime": "2020-01-19 07:44:55", "elapsed": 57134.201399, "delta": 51.039755}}
{"target": 17.15, "params": {"d0": 4.197019433090979, "d1": -0.9213543303223268, "d2": 0.8603409338765056, "g0": 0.8885377813905826, "g1": 0.2120168455699949, "g2": -5.312895408584083, "g3": 1.0693853643565432, "g4": 1.2478801711923744, "g5": 0.6417465477367656, "g6": -0.3472979713392371, "g7": 1.7000198128378277, "i0": 3.778551751599157, "i1": 0.5716134898503136, "i2": -7.046046230513205, "i3": 0.7597248314856331, "i4": 1.2208196258628319, "i5": -0.4997818461891857, "i6": 0.09939646133356161, "i7": 1.00721982713904, "r0": 1.9262033782366235, "r1": 0.621505733266674, "r2": -8.201031677853809, "r3": 0.9557001459452605, "r4": 1.0180052826999408, "r5": 0.5399506719376437, "r6": -0.3778467186451243, "r7": 1.5249604938451888}, "datetime": {"datetime": "2020-01-19 07:45:48", "elapsed": 57187.799857, "delta": 53.598458}}
{"target": 21.25, "params": {"d0": 3.246788713184601, "d1": -1.5372694142653078, "d2": 1.0286796732227532, "g0": 0.4826457128322643, "g1": 0.5175350874709581, "g2": -5.27056094751869, "g3": 1.1645818553681806, "g4": 1.060569719086775, "g5": 0.03729971386678358, "g6": 0.17425346101335326, "g7": 1.5604955179217923, "i0": 3.2557554221593983, "i1": 0.5356104417078332, "i2": -6.666566159708771, "i3": 1.0896645236414468, "i4": 1.140617372527261, "i5": -0.10387915552723861, "i6": 0.12276774015145155, "i7": 1.45739215439538, "r0": 3.601961341807052, "r1": 0.515289618812965, "r2": -8.593432940256365, "r3": 1.1173617808824916, "r4": 1.003396223730879, "r5": 0.3426166240003286, "r6": 0.12365378241277024, "r7": 1.3849638876139763}, "datetime": {"datetime": "2020-01-19 07:46:47", "elapsed": 57246.464175, "delta": 58.664318}}
{"target": 20.4, "params": {"d0": 3.628734761863133, "d1": -6.256306609275241, "d2": 1.0306194559552289, "g0": 0.5225637159195081, "g1": 0.332975005988672, "g2": -5.975370516782741, "g3": 1.5, "g4": 0.9936487838712595, "g5": -0.5190681988919978, "g6": 0.48275498353018514, "g7": 1.7891991339130147, "i0": 0.750753738135918, "i1": 0.48448051330501285, "i2": -2.219752955620869, "i3": 1.2006648094434957, "i4": 0.9762236165948524, "i5": -0.34461018012769584, "i6": -0.18752752193302658, "i7": 1.2871323623807374, "r0": 3.351007238016494, "r1": 0.33760143813005744, "r2": -2.575722147477283, "r3": 1.020267503733846, "r4": 0.9361544226754739, "r5": 0.5137485449336548, "r6": -0.2626714443533424, "r7": 1.6003905261642737}, "datetime": {"datetime": "2020-01-19 07:47:46", "elapsed": 57305.825786, "delta": 59.361611}}
{"target": 21.15, "params": {"d0": 4.056847447109174, "d1": -1.6529639653034658, "d2": 0.9246006192777166, "g0": 0.4723795535325198, "g1": 0.37128071613097163, "g2": -4.86450124390531, "g3": 1.1596407216051758, "g4": 1.0940104163875894, "g5": -0.1209815519043201, "g6": 0.04659870397155709, "g7": 1.3648671935838594, "i0": 3.850435290018633, "i1": 0.5345277896592319, "i2": -6.374781256974715, "i3": 0.9977183131397672, "i4": 0.8381059554673145, "i5": -0.16295359221114544, "i6": 0.2771411465003073, "i7": 1.4380660260014073, "r0": 1.9518916613743327, "r1": 0.2936539742021059, "r2": -8.54267190340966, "r3": 1.0811137675512057, "r4": 0.9849717729045011, "r5": 0.428577882347337, "r6": 0.29033036164713943, "r7": 1.5670389182102948}, "datetime": {"datetime": "2020-01-19 07:48:39", "elapsed": 57358.837605, "delta": 53.011819}}
{"target": 20.55, "params": {"d0": 3.136675805544862, "d1": -1.6385973100209654, "d2": 0.9606702736756916, "g0": 0.5159388516453962, "g1": 0.5316061867540576, "g2": -5.050856697218592, "g3": 1.1640003413537012, "g4": 1.0517775047552063, "g5": 0.052134641548864935, "g6": 0.18755733331567231, "g7": 1.7204897871525913, "i0": 3.252197487308856, "i1": 0.43313772587416577, "i2": -6.509063536652616, "i3": 0.9855715999802106, "i4": 1.063980926518266, "i5": -0.15445122664034158, "i6": 0.02222663809243063, "i7": 1.5607759938111978, "r0": 3.873397472962162, "r1": 0.5466970818585359, "r2": -8.322024391267824, "r3": 1.125522969016391, "r4": 1.195939457578273, "r5": 0.43053402261279144, "r6": -0.0043059210222587746, "r7": 1.734416842265695}, "datetime": {"datetime": "2020-01-19 07:49:31", "elapsed": 57410.014133, "delta": 51.176528}}
{"target": 20.4, "params": {"d0": 2.8175746752138053, "d1": -1.9069915360420993, "d2": 1.1498846390576365, "g0": 0.6799867993550957, "g1": 0.7354284449763633, "g2": -5.104454916206805, "g3": 1.2769091379593172, "g4": 1.1661324300702345, "g5": -0.3032319043803764, "g6": 0.17717943945853354, "g7": 1.273851018728125, "i0": 3.9245746350300355, "i1": 0.49491663370739203, "i2": -6.402468738709173, "i3": 1.4425727516228355, "i4": 0.9836054641772594, "i5": 0.10960785672639539, "i6": 0.23048337001960228, "i7": 1.5938498459599053, "r0": 2.7134980743721133, "r1": 0.757412469898842, "r2": -8.207844804288156, "r3": 1.4681643173022878, "r4": 1.0791101241893788, "r5": -0.20484613676130792, "r6": 0.5154161338375411, "r7": 1.65053874266821}, "datetime": {"datetime": "2020-01-19 07:50:21", "elapsed": 57460.469691, "delta": 50.455558}}
{"target": 20.9, "params": {"d0": 2.9218557572167003, "d1": -1.676189178808174, "d2": 1.0160705489569932, "g0": 0.4081192739919979, "g1": 0.4448028610080997, "g2": -4.993837972383602, "g3": 1.1416192070235431, "g4": 1.0575557173177386, "g5": 0.06733820175640377, "g6": 0.28293652682686543, "g7": 1.1923615875293094, "i0": 3.237725408062101, "i1": 0.726485106384939, "i2": -7.154910951779536, "i3": 0.9549177258911432, "i4": 0.9126376103882424, "i5": 0.26846709793318113, "i6": 0.2768861001767293, "i7": 1.3657716550528154, "r0": 1.2192503699523616, "r1": 0.36949002230882216, "r2": -8.82632321379135, "r3": 1.1963670386219847, "r4": 1.1574173776957057, "r5": 0.6659212637036995, "r6": 0.3886072507079439, "r7": 1.3476039451469022}, "datetime": {"datetime": "2020-01-19 07:51:20", "elapsed": 57518.946113, "delta": 58.476422}}
{"target": 15.6, "params": {"d0": 2.66067495064789, "d1": -1.9206017276335672, "d2": 1.3938410136328532, "g0": 0.0019392124279005163, "g1": 0.46445024848484273, "g2": -4.639726033128531, "g3": 0.9661906611102347, "g4": 1.105371566341427, "g5": 0.7543247748514135, "g6": 0.835176543158612, "g7": 1.0810060720041235, "i0": 3.0681877957695587, "i1": 0.6759320566426931, "i2": -6.426808211699557, "i3": 1.1805071194814103, "i4": 1.2078542627903093, "i5": -0.052295305229811406, "i6": 0.25584603061061406, "i7": 1.7495833546511448, "r0": 3.9985374930157995, "r1": 0.3905906494491611, "r2": -8.61398610436844, "r3": 1.2683610967029741, "r4": 1.1097724851907644, "r5": 0.6702598921538376, "r6": -0.3370107034298111, "r7": 1.454572463931404}, "datetime": {"datetime": "2020-01-19 07:52:14", "elapsed": 57573.713387, "delta": 54.767274}}
{"target": 21.05, "params": {"d0": 4.110900761090709, "d1": -1.5385307788333042, "d2": 0.8477459990112163, "g0": 0.5445833492138116, "g1": 0.29201167551929524, "g2": -4.946478803035755, "g3": 1.1227604796954151, "g4": 1.0778569547857213, "g5": -0.0418306895330031, "g6": 0.07137051131478221, "g7": 1.4863165199083805, "i0": 3.7421769854051647, "i1": 0.5722136258385047, "i2": -6.3767024260319385, "i3": 1.090875991316631, "i4": 0.9077356855012543, "i5": -0.17000586444479376, "i6": 0.17688271956714657, "i7": 1.5137277231758943, "r0": 1.9208918720419832, "r1": 0.2301551638406698, "r2": -8.587702073646433, "r3": 1.1385516081884006, "r4": 1.070281868254067, "r5": 0.36058613048263416, "r6": 0.14900619745699456, "r7": 1.517140971904075}, "datetime": {"datetime": "2020-01-19 07:53:16", "elapsed": 57635.501638, "delta": 61.788251}}
{"target": 20.2, "params": {"d0": 4.027684537853708, "d1": -1.382103407826221, "d2": 1.019937720109423, "g0": 0.7045174760762921, "g1": 0.34130702482826525, "g2": -4.999731538319272, "g3": 1.0868950522617322, "g4": 1.1664875123155194, "g5": 0.032056222310690906, "g6": 0.27258948434044283, "g7": 1.6934303202070236, "i0": 3.7340658258823716, "i1": 0.6282223310305172, "i2": -6.453644965044936, "i3": 1.033798378155504, "i4": 1.1722393727040186, "i5": -0.19873198936916095, "i6": 0.18602993782484165, "i7": 1.7934360373123932, "r0": 2.2201605123786017, "r1": 0.15620981174315746, "r2": -8.812825199063102, "r3": 0.9843007846407227, "r4": 0.9437974438734824, "r5": 0.5872442860141397, "r6": 0.25941538280600474, "r7": 1.5480467347113849}, "datetime": {"datetime": "2020-01-19 07:54:10", "elapsed": 57689.778899, "delta": 54.277261}}
{"target": 20.65, "params": {"d0": 3.394192545157702, "d1": -7.917869603401066, "d2": 0.7951686563012905, "g0": 0.8198744258800172, "g1": 0.5520663653802099, "g2": -2.999187846548457, "g3": 0.8096359443225041, "g4": 1.2765152972463023, "g5": -0.28836695490425457, "g6": 0.22206680885858143, "g7": 1.7675201458441065, "i0": 1.042599545733292, "i1": 0.2052800223007305, "i2": -5.00915799190908, "i3": 0.9755479630246919, "i4": 1.036199077868568, "i5": -0.32454773145633686, "i6": 0.10066802919178064, "i7": 1.2262772197283516, "r0": 3.1397591177535467, "r1": 0.5089321926997149, "r2": -4.117090609474706, "r3": 0.7831445305746535, "r4": 0.8256785099238464, "r5": -0.12141669821385048, "r6": 0.7000715707756942, "r7": 1.8220348207446453}, "datetime": {"datetime": "2020-01-19 07:55:12", "elapsed": 57750.964032, "delta": 61.185133}}
{"target": 19.8, "params": {"d0": 3.6604645574712444, "d1": -1.6642915600289, "d2": 1.1718984356247513, "g0": 0.2633893334365556, "g1": 0.27634216012049895, "g2": -3.886841127469838, "g3": 0.8039938740019511, "g4": 1.097813033583056, "g5": -0.562912019060377, "g6": 0.41753642468486474, "g7": 1.4961103228661279, "i0": 3.8364410715685975, "i1": 0.7244357392685682, "i2": -5.034358328995189, "i3": 0.8058281639886133, "i4": 1.063900832405897, "i5": -0.194298669513002, "i6": -0.24928240092865772, "i7": 1.0271360940020942, "r0": 2.7430619873172315, "r1": 0.20506868370416953, "r2": -7.783001828978051, "r3": 1.1284294897559237, "r4": 1.185432002367596, "r5": -0.4909337472313981, "r6": -0.23212650491109743, "r7": 1.4758648020130192}, "datetime": {"datetime": "2020-01-19 07:56:15", "elapsed": 57814.491435, "delta": 63.527403}}
{"target": 20.3, "params": {"d0": 3.6834760616250537, "d1": -1.4295346731442888, "d2": 0.9764989419803147, "g0": 0.5808047777832975, "g1": 0.5338239945098878, "g2": -4.596621413856852, "g3": 1.2930238878429854, "g4": 0.9381294765748265, "g5": -0.04995700570240139, "g6": 0.1541213888699183, "g7": 1.508600504755876, "i0": 3.7545090599902626, "i1": 0.6003790796797783, "i2": -6.306255122997211, "i3": 1.020603366721343, "i4": 1.0582901284472235, "i5": 0.040074635255266625, "i6": 0.08956308614383386, "i7": 1.4992806603758149, "r0": 3.2502255165883347, "r1": 0.42220893347280675, "r2": -8.65610466756218, "r3": 1.192926928217977, "r4": 1.0813349584205822, "r5": 0.21273064219616578, "r6": 0.14441708733093223, "r7": 1.4446725697348053}, "datetime": {"datetime": "2020-01-19 07:57:15", "elapsed": 57874.345749, "delta": 59.854314}}
{"target": 18.85, "params": {"d0": 2.502877890792658, "d1": -2.490613710538596, "d2": 0.8113794602436085, "g0": 0.028862048988739907, "g1": 0.3635402694489209, "g2": -6.899767307327524, "g3": 1.1072447680805644, "g4": 0.9626503791960164, "g5": 0.017412269115633795, "g6": 0.235627998162234, "g7": 1.059649734137601, "i0": 3.018175077307287, "i1": 0.1947584254867851, "i2": -5.669128825651843, "i3": 1.219336689936866, "i4": 1.0611444373758343, "i5": 0.03590056452677316, "i6": 0.5841511788509872, "i7": 1.6719874838661721, "r0": 1.7112502002796501, "r1": 0.3661278117649624, "r2": -7.548024729109627, "r3": 1.346091446083056, "r4": 1.2427288041129545, "r5": 0.2256627664942761, "r6": 0.35958604132010497, "r7": 1.5653249282136452}, "datetime": {"datetime": "2020-01-19 07:58:09", "elapsed": 57928.372252, "delta": 54.026503}}
{"target": 19.35, "params": {"d0": 3.035017474484465, "d1": -8.273150998243107, "d2": 1.1481679906678683, "g0": 0.2290956099070367, "g1": 0.3385176064066358, "g2": -8.611045122841956, "g3": 1.4179645812139887, "g4": 1.0750252658403514, "g5": -0.4494909422778342, "g6": 0.715014890713871, "g7": 1.5733383540751622, "i0": 2.7087915591909617, "i1": 0.5926242888404775, "i2": -7.426241622424578, "i3": 0.9161720632897838, "i4": 0.8880580249936278, "i5": -0.3113266923862848, "i6": 0.4762804863789733, "i7": 1.488322094811027, "r0": 2.202515220047491, "r1": 0.7616274528561586, "r2": -1.7304268856906262, "r3": 1.2153699374126552, "r4": 1.042518559113031, "r5": -0.3099970331542029, "r6": 0.4942560820534721, "r7": 1.5521853850352472}, "datetime": {"datetime": "2020-01-19 07:59:03", "elapsed": 57982.470753, "delta": 54.098501}}
{"target": 20.45, "params": {"d0": 3.5410269731869723, "d1": -1.1454525681286007, "d2": 0.8960850365317484, "g0": 1.092003347912378, "g1": 0.859919306406825, "g2": -4.541738103497698, "g3": 1.4839839778263308, "g4": 1.102237247661665, "g5": 0.2866676283044911, "g6": 0.003574404068630521, "g7": 1.3831095369018531, "i0": 4.686544212153933, "i1": 0.6674077516650393, "i2": -6.632070980429602, "i3": 0.9742347263890867, "i4": 0.9098445233355308, "i5": -0.5010028639487198, "i6": -0.034223690468383194, "i7": 1.4976474109010107, "r0": 3.299326256145458, "r1": 0.920161856308673, "r2": -8.495745016961168, "r3": 1.268445225910618, "r4": 1.241683107238548, "r5": 0.7411460105376946, "r6": 0.19364499172079253, "r7": 1.6677498774804065}, "datetime": {"datetime": "2020-01-19 07:59:57", "elapsed": 58036.155992, "delta": 53.685239}}
{"target": 19.85, "params": {"d0": 3.5153798141295347, "d1": -9.511748403801773, "d2": 0.8886775816895018, "g0": 1.3007452717143109, "g1": 0.5049967762853833, "g2": -6.03893668055756, "g3": 1.3257912470292375, "g4": 1.2226157329167555, "g5": -0.2111915631245067, "g6": 0.24994133045912537, "g7": 1.3920585801607064, "i0": 4.2428472673778685, "i1": 0.4956538218986142, "i2": -5.824356569413381, "i3": 0.8588007518390812, "i4": 0.9559449887471383, "i5": 0.2933072715826257, "i6": -0.31506455157409774, "i7": 0.9535860948802901, "r0": 1.0156062075900418, "r1": 0.5344760238396709, "r2": -1.8795382417094757, "r3": 1.241263485934704, "r4": 0.8560225029073976, "r5": -0.3680416471691086, "r6": 0.13728748766929932, "r7": 1.9853682737694642}, "datetime": {"datetime": "2020-01-19 08:00:47", "elapsed": 58086.00806, "delta": 49.852068}}
{"target": 19.55, "params": {"d0": 2.8447498287359845, "d1": -1.6754446706425021, "d2": 1.0247294666447058, "g0": 0.336464482163813, "g1": 0.0034905252284099797, "g2": -4.762714685968018, "g3": 1.1351541276806743, "g4": 1.2744150244413375, "g5": -0.08017750808723412, "g6": 0.4457622731644951, "g7": 0.9389907954274391, "i0": 2.9697788068705115, "i1": 0.5384966621814332, "i2": -6.732118171302868, "i3": 0.892275308090036, "i4": 0.9346776324135921, "i5": 0.29673995474536907, "i6": 0.27885326738098914, "i7": 1.1317193445587985, "r0": 0.4948251623844835, "r1": 0.2239419390433277, "r2": -9.392589789467525, "r3": 0.9892664448080839, "r4": 0.9098388920334066, "r5": 0.3001793606933265, "r6": -0.3092772505363798, "r7": 1.126340223971916}, "datetime": {"datetime": "2020-01-19 08:01:42", "elapsed": 58141.231942, "delta": 55.223882}}
{"target": 20.45, "params": {"d0": 2.3312486185998456, "d1": -2.3126677822311517, "d2": 0.8202411212827854, "g0": 0.2148081427981767, "g1": 0.30291719950947754, "g2": -7.019058369924341, "g3": 1.1347874182339508, "g4": 0.9670530480599654, "g5": 0.06222168350057845, "g6": 0.06983994229921858, "g7": 1.102837929174727, "i0": 3.044911092809912, "i1": 0.2355484248651792, "i2": -5.531481966872609, "i3": 1.0602543151148638, "i4": 0.9601045973889836, "i5": 0.11445997248855996, "i6": 0.4972450018748431, "i7": 1.566745083078879, "r0": 1.8436446872435208, "r1": 0.3693515188754415, "r2": -7.777700446118329, "r3": 1.320655941373238, "r4": 1.149012531145576, "r5": 0.09789981491578596, "r6": 0.394146919803498, "r7": 1.565684644452799}, "datetime": {"datetime": "2020-01-19 08:02:40", "elapsed": 58199.586321, "delta": 58.354379}}
{"target": 18.25, "params": {"d0": 2.7514223167550353, "d1": -1.9688445183494103, "d2": 0.9558994887121643, "g0": 0.4105208817409217, "g1": 0.8770234453551731, "g2": -5.6982795222761995, "g3": 1.1489053762643664, "g4": 0.9227857644810913, "g5": 0.03306883088137125, "g6": -0.06531233882103982, "g7": 1.071706812708592, "i0": 4.0752651602864916, "i1": 0.3553580395633671, "i2": -6.737577913184024, "i3": 1.4527712418565504, "i4": 1.2910789019321423, "i5": -0.3084682953658483, "i6": 0.6087030564643034, "i7": 1.831501868451059, "r0": 2.617660016274413, "r1": 0.7427570166156352, "r2": -8.5089342231812, "r3": 1.4267021069867718, "r4": 0.9880329842345379, "r5": 0.3359224150056961, "r6": 0.41707686911084685, "r7": 1.655242403327049}, "datetime": {"datetime": "2020-01-19 08:03:35", "elapsed": 58254.181078, "delta": 54.594757}}
{"target": 19.55, "params": {"d0": 2.7543955981056945, "d1": -2.2466669086893414, "d2": 0.920636851307098, "g0": 0.5470995809225696, "g1": 0.5070389781143544, "g2": -5.786981145383473, "g3": 1.1057569437290964, "g4": 0.9310400979546689, "g5": -0.25169302836787927, "g6": 0.509682459884267, "g7": 1.7986414733032883, "i0": 3.9492295191295734, "i1": 0.2583541419522433, "i2": -1.7652032131096111, "i3": 1.4826048090134676, "i4": 0.8564906000835482, "i5": 0.7087940634841092, "i6": 0.6996809803172945, "i7": 1.0925147125442431, "r0": 3.482803456213418, "r1": 0.4794864887078137, "r2": -6.901075221466603, "r3": 1.308824101204273, "r4": 1.2533253660155461, "r5": 0.2804880462156127, "r6": -0.21042835734561255, "r7": 1.9472661110793812}, "datetime": {"datetime": "2020-01-19 08:04:32", "elapsed": 58311.198591, "delta": 57.017513}}
{"target": 20.85, "params": {"d0": 3.6088311801453785, "d1": -1.5468146198526753, "d2": 0.9180462800016059, "g0": 0.42447387398297853, "g1": 0.6208613670086571, "g2": -4.429287447330184, "g3": 1.1774179442657742, "g4": 1.0368443457906265, "g5": -0.08071727513361367, "g6": 0.16343316330565616, "g7": 1.5908664356794586, "i0": 3.8550520907305743, "i1": 0.6401239347031368, "i2": -6.4684695917789155, "i3": 0.9801435602642494, "i4": 0.9949372968565241, "i5": 0.013152899122953574, "i6": 0.12639359264584135, "i7": 1.5328498474233088, "r0": 3.1929552582976086, "r1": 0.5507071655238684, "r2": -8.629753624040644, "r3": 1.0580222032741744, "r4": 1.1218059926397828, "r5": 0.47978410898889645, "r6": 0.25326443972807056, "r7": 1.5287653899612266}, "datetime": {"datetime": "2020-01-19 08:05:23", "elapsed": 58362.208788, "delta": 51.010197}}
{"target": 20.25, "params": {"d0": 3.265259325797355, "d1": -2.1298742558918073, "d2": 0.840958839662565, "g0": 0.8074695858045483, "g1": 0.3759584328516684, "g2": -5.468286993433987, "g3": 1.3757285103547408, "g4": 1.080869099590335, "g5": -0.6944170858752726, "g6": 0.23053875580397554, "g7": 1.2198030565033726, "i0": 3.2694583113543536, "i1": 0.7416756769982652, "i2": -5.763120268355451, "i3": 1.050390259877779, "i4": 1.0462435845218272, "i5": -0.30340186511428535, "i6": -0.11454543393522004, "i7": 1.6611956167148045, "r0": 2.279899954857314, "r1": 0.5046649733304559, "r2": -8.191134733702409, "r3": 1.499661066288564, "r4": 1.2455305737047329, "r5": 0.17525940446463972, "r6": 0.1501624939230426, "r7": 1.787082994476139}, "datetime": {"datetime": "2020-01-19 08:06:13", "elapsed": 58411.947997, "delta": 49.739209}}
{"target": 9.0, "params": {"d0": 4.70024367840764, "d1": -1.008657168730366, "d2": 0.8159936462511399, "g0": 1.270043725405345, "g1": 0.6202434989510643, "g2": -4.029014320950867, "g3": 0.9130203785585371, "g4": 0.9098053345795805, "g5": 0.25199042742601696, "g6": 0.40582523361770584, "g7": 1.5828181992444152, "i0": 3.5542414306624015, "i1": 0.8353609964520384, "i2": -6.92598413461642, "i3": 0.7905718202268645, "i4": 1.096894839220529, "i5": -0.43783048752214243, "i6": 0.26979603865490787, "i7": 1.691640053815541, "r0": 2.938164776216813, "r1": 0.0736903497668604, "r2": -7.8008993746823485, "r3": 0.7201581104652026, "r4": 0.9797741229923087, "r5": 0.5906764504506936, "r6": -0.11858170828253384, "r7": 1.7530135246829825}, "datetime": {"datetime": "2020-01-19 08:06:58", "elapsed": 58457.522238, "delta": 45.574241}}
{"target": 21.1, "params": {"d0": 3.4004582082086605, "d1": -1.4293504878909338, "d2": 1.135121720576884, "g0": 0.5678492815018154, "g1": 0.5687917088885944, "g2": -4.812588780957773, "g3": 1.0959930551886636, "g4": 1.1245445724711458, "g5": 0.11416800263183383, "g6": 0.18512889183346617, "g7": 1.541447449795093, "i0": 4.101137384112775, "i1": 0.6843882882872313, "i2": -6.870510516914576, "i3": 1.0907390321729742, "i4": 0.9495736396199955, "i5": -0.1493573728380994, "i6": 0.20989450454949665, "i7": 1.4254093964598855, "r0": 2.8345660233341228, "r1": 0.41984005086229953, "r2": -8.732939402204, "r3": 1.086338852157367, "r4": 1.0761152065841122, "r5": 0.6128368395958549, "r6": 0.3394829909317659, "r7": 1.4238371213750132}, "datetime": {"datetime": "2020-01-19 08:07:53", "elapsed": 58512.145887, "delta": 54.623649}}
