{"target": 20.55, "params": {"d0": 3.5960129135313967, "d1": -9.436670980918727, "d2": 0.8700252535755252, "g0": 0.615505858712716, "g1": 0.17385135283806508, "g2": -4.153337680710876, "g3": 0.8982630013718911, "g4": 1.2401288515018187, "g5": -0.5909337290518469, "g6": -0.04052281527307444, "g7": 1.9127451022666428, "i0": 3.415453585083444, "i1": 0.36203975529810783, "i2": -7.254185436237802, "i3": 1.1935049128715831, "i4": 1.0432501190799695, "i5": 0.09071672685627041, "i6": -0.49724443672602114, "i7": 1.457319093039735, "r0": 3.429134798420413, "r1": 0.16439958376875718, "r2": -4.1208593201118, "r3": 0.7490757690104144, "r4": 1.1129753418328123, "r5": 0.29086271975615463, "r6": 0.9846576859890235, "r7": 1.9394200442787604}, "datetime": {"datetime": "2020-01-18 05:07:50", "elapsed": 30056.993197, "delta": 34.655111}}
{"target": 13.95, "params": {"d0": 0.36484621545474605, "d1": -3.596269978711418, "d2": 0.7706814951973135, "g0": 0.2925706102251602, "g1": 0.05716077109571127, "g2": -1.463104172550377, "g3": 1.4165936304758473, "g4": 1.2022824480275858, "g5": -0.08400286290768588, "g6": 0.1965745022868466, "g7": 0.9914138129687257, "i0": 3.5493632653216896, "i1": 0.9169258701178225, "i2": -8.597435960235392, "i3": 1.3988461400890801, "i4": 1.274560766948655, "i5": 0.5881830970537827, "i6": 0.25840753358624236, "i7": 1.060908482518474, "r0": 4.03176964740462, "r1": 0.6901348796618, "r2": -9.782927479632884, "r3": 1.0322455447887784, "r4": 1.1867681244786739, "r5": -0.21990938307745567, "r6": 0.1255743193907235, "r7": 1.0806816340512746}, "datetime": {"datetime": "2020-01-18 05:25:37", "elapsed": 31123.327293, "delta": 32.575725}}
{"target": 19.35, "params": {"d0": 3.041715886215698, "d1": -6.302511887660876, "d2": 0.8337732453279272, "g0": 1.6203150709761005, "g1": 0.3606889599573998, "g2": -5.78925038708665, "g3": 1.4081992846229299, "g4": 1.1958935710485488, "g5": -0.0924204651324878, "g6": 0.8096519600582908, "g7": 1.072633006400082, "i0": 0.12172077370728285, "i1": 0.6823424611506903, "i2": -7.410011498774423, "i3": 1.0924446919585067, "i4": 1.0867779559275381, "i5": 0.6495478920603277, "i6": 0.7077980523154483, "i7": 1.663741449130077, "r0": 3.652671603041337, "r1": 0.37988957368981435, "r2": -5.410838023208439, "r3": 1.073268453277017, "r4": 1.0684110931821134, "r5": -0.5014663257763208, "r6": 0.48855436142442676, "r7": 1.5142128034695443}, "datetime": {"datetime": "2020-01-18 05:26:07", "elapsed": 31153.465017, "delta": 30.137724}}
{"target": 15.0, "params": {"d0": 3.9897365411994783, "d1": -5.482798065787851, "d2": 1.1404867439402528, "g0": 4.023711359590431, "g1": 0.6340374764660452, "g2": -0.3829014037373195, "g3": 1.1810333868210923, "g4": 0.9022545148325806, "g5": -0.3388576900654096, "g6": 0.5623626121939214, "g7": 1.5633799478171277, "i0": 0.4729297839861374, "i1": 0.2826801755571964, "i2": -2.1573215394635508, "i3": 0.8890881018473452, "i4": 1.1158083653443887, "i5": 0.614999473648139, "i6": 0.9927199023874151, "i7": 1.6007287341719254, "r0": 0.16816064408744613, "r1": 0.3284318204673218, "r2": -1.4288821321813447, "r3": 1.3304167816456864, "r4": 0.9894561349321389, "r5": 0.7138057251864438, "r6": -0.36439672191271383, "r7": 1.0816617526442618}, "datetime": {"datetime": "2020-01-18 05:26:41", "elapsed": 31187.353911, "delta": 33.888894}}
{"target": 19.95, "params": {"d0": 4.114435535520699, "d1": -3.1339275258026476, "d2": 0.8901748619898714, "g0": 0.057802246864255835, "g1": 0.519062744690308, "g2": -3.3748679412554496, "g3": 0.7455254792871374, "g4": 0.9645325541640354, "g5": -0.1182578742458158, "g6": 0.23561987567879372, "g7": 1.0025406970618627, "i0": 2.1955775287293404, "i1": 0.37438923452697326, "i2": -9.0220367511124, "i3": 1.008548276813384, "i4": 0.8197172319895754, "i5": -0.6145921291857301, "i6": -0.02176296280818424, "i7": 1.6159131377363245, "r0": 3.2247131433282483, "r1": 0.28460019351127797, "r2": -6.5394565917889835, "r3": 1.23025367970869, "r4": 1.119305638625579, "r5": -0.38344324346739944, "r6": -0.2526230982523674, "r7": 1.1528906359745266}, "datetime": {"datetime": "2020-01-18 05:27:14", "elapsed": 31221.193855, "delta": 33.839944}}
{"target": 20.2, "params": {"d0": 4.21910380798745, "d1": -8.584463926723233, "d2": 1.2996358310847147, "g0": 0.06039471687554754, "g1": 0.6809393080709646, "g2": -2.9967886057599706, "g3": 0.8513391555626053, "g4": 1.1569660036219045, "g5": -0.08129846999080215, "g6": 0.028751690083705372, "g7": 1.0126742659463688, "i0": 1.3855540520355403, "i1": 0.2644105854739247, "i2": -5.767474239606299, "i3": 0.917158214679392, "i4": 1.224142292700488, "i5": 0.0730235939900361, "i6": -0.11705157261960258, "i7": 1.0375489968238203, "r0": 0.025214325111492242, "r1": 0.18973845526034816, "r2": -9.99650094087145, "r3": 1.0149637437778414, "r4": 1.0666594664243751, "r5": -0.3448436986110176, "r6": 0.7121863861139568, "r7": 1.4416164020730742}, "datetime": {"datetime": "2020-01-18 05:29:30", "elapsed": 31356.724972, "delta": 33.002304}}
{"target": 18.95, "params": {"d0": 0.7539597463839554, "d1": -3.9787896361138095, "d2": 1.360038235188914, "g0": 1.3874933694818887, "g1": 0.2611782946288733, "g2": -7.603333658749898, "g3": 1.4886210304640854, "g4": 1.2291163885557579, "g5": 0.17000117625204536, "g6": 0.5622792190257504, "g7": 1.7131366896750189, "i0": 2.452214282064953, "i1": 0.26113220542683924, "i2": -2.4935245901937737, "i3": 1.1085059888904247, "i4": 1.221264365012487, "i5": 0.688542908544453, "i6": 0.8687341917439855, "i7": 1.1548753290583882, "r0": 1.3277525186956178, "r1": 0.17129715253830013, "r2": -2.4150396902438693, "r3": 1.1648785443241387, "r4": 1.2586736456236913, "r5": -0.07226694572915804, "r6": 0.1644125720181675, "r7": 1.3058156113537573}, "datetime": {"datetime": "2020-01-18 05:30:04", "elapsed": 31390.522959, "delta": 33.797987}}
{"target": 17.15, "params": {"d0": 4.748474324085744, "d1": -9.276626228096866, "d2": 0.9988107875285646, "g0": 4.851338022572687, "g1": 0.9942692867832639, "g2": -4.118535690939165, "g3": 1.0413664746426385, "g4": 0.978212215199035, "g5": 0.3376386760931047, "g6": 0.477532383799685, "g7": 1.1180045919137322, "i0": 3.019460479817572, "i1": 0.6033537482454925, "i2": -7.419588277246273, "i3": 0.8544637850097064, "i4": 0.8537230142656242, "i5": 0.5286637111046388, "i6": -0.35423637657032203, "i7": 1.4674426109514738, "r0": 1.3096875108273454, "r1": 0.2440648587266122, "r2": -7.499009467198464, "r3": 1.298416054454259, "r4": 0.9819228948943248, "r5": -0.605495401024265, "r6": -0.01807635680481512, "r7": 1.6991947462603358}, "datetime": {"datetime": "2020-01-18 05:30:34", "elapsed": 31420.467863, "delta": 29.944904}}
{"target": 17.35, "params": {"d0": 2.806802714370998, "d1": -8.697606262626184, "d2": 1.1299248684267529, "g0": 3.7075173724215675, "g1": 0.9341219982945613, "g2": -7.344438206492773, "g3": 1.4270604102567073, "g4": 1.2327217364592593, "g5": 0.4947533441305143, "g6": 0.2320345350295716, "g7": 1.7663120015210223, "i0": 1.4727097445187836, "i1": 0.5702433354213345, "i2": -5.276347533334986, "i3": 1.2084166735253237, "i4": 0.9788712774341634, "i5": 0.03069684066275935, "i6": 0.7948181282770612, "i7": 0.9551389257806446, "r0": 0.23348103020450428, "r1": 0.2217176683135923, "r2": -8.227763578121415, "r3": 1.2732236088007527, "r4": 0.980110583033911, "r5": -0.2571441186429331, "r6": -0.2682555177613715, "r7": 1.6936497509094433}, "datetime": {"datetime": "2020-01-18 05:31:05", "elapsed": 31451.664017, "delta": 31.196154}}
{"target": 20.35, "params": {"d0": 3.783839247530408, "d1": -1.1595688223392244, "d2": 1.4663787862337692, "g0": 0.18725898746103697, "g1": 0.7850366280692189, "g2": -9.255377854642502, "g3": 1.2916672049149078, "g4": 0.9468430210506423, "g5": -0.051013904266587806, "g6": 0.18674635622693114, "g7": 1.4669095803090944, "i0": 4.124722693566071, "i1": 0.7269796003208903, "i2": -4.985520401128817, "i3": 0.7418768636410813, "i4": 0.8874723146208502, "i5": -0.07463648331941342, "i6": -0.4322165552699021, "i7": 1.666180921279402, "r0": 1.4982137092936498, "r1": 0.8058020363002086, "r2": -4.584125925253982, "r3": 1.4031094051245498, "r4": 1.2737674820405145, "r5": 0.5324644683978492, "r6": 0.9981904376344681, "r7": 1.442124427286915}, "datetime": {"datetime": "2020-01-18 05:31:39", "elapsed": 31485.443514, "delta": 33.779497}}
{"target": 15.65, "params": {"d0": 1.9998954084486953, "d1": -8.29956621358516, "d2": 0.9887857665841009, "g0": 4.483325142030789, "g1": 0.9272294404382663, "g2": -8.047000863835342, "g3": 1.1603796534389925, "g4": 0.9273054864563843, "g5": 0.4752454516924651, "g6": 0.33557365985515164, "g7": 1.8967061603389896, "i0": 2.889571888906678, "i1": 0.13244249829039234, "i2": -5.552045345228418, "i3": 0.727300368785599, "i4": 1.1506359449787582, "i5": -0.6259578963795853, "i6": 0.05331875496015259, "i7": 1.1226197509928328, "r0": 0.9145600555276218, "r1": 0.4203220540403404, "r2": -2.388694001999281, "r3": 1.3643111965222006, "r4": 1.0903756918180538, "r5": -0.2949128446551076, "r6": -0.023609592346371888, "r7": 1.650197235446286}, "datetime": {"datetime": "2020-01-18 05:32:15", "elapsed": 31521.826377, "delta": 36.382863}}
{"target": 12.75, "params": {"d0": 0.6526342293731957, "d1": -5.601871661442744, "d2": 0.7270318039351049, "g0": 4.250209421617153, "g1": 0.5195608405635346, "g2": -5.861975275146719, "g3": 1.1694834741580693, "g4": 0.8544170104024601, "g5": -0.3300479620964417, "g6": -0.0023971590493639394, "g7": 1.4801043916793817, "i0": 0.8278867423440678, "i1": 0.47481131243096164, "i2": -3.0872615047437897, "i3": 0.8626811646448405, "i4": 1.165273646537285, "i5": -0.7151869920360232, "i6": 0.9200959246917713, "i7": 1.7392124564830165, "r0": 0.8677478213125606, "r1": 0.4910767002070261, "r2": -7.775905948124363, "r3": 0.7054933744116021, "r4": 1.0068879666087391, "r5": -0.07326526587127202, "r6": 0.9767555269687349, "r7": 1.2001875984036272}, "datetime": {"datetime": "2020-01-18 05:33:02", "elapsed": 31569.07063, "delta": 47.244253}}
{"target": 19.3, "params": {"d0": 0.6534713857727903, "d1": -5.537155175907943, "d2": 1.0696027409400806, "g0": 0.6640441312035505, "g1": 0.3472322475234293, "g2": -5.756219747663332, "g3": 1.3593978580445671, "g4": 0.9206813816048878, "g5": 0.26829641077448785, "g6": 0.5775403792475218, "g7": 1.202561781057377, "i0": 2.6093548761018375, "i1": 0.7138767582054542, "i2": -9.814105374446237, "i3": 0.9648134361260945, "i4": 1.1587307626817964, "i5": 0.18380491857964265, "i6": 0.46135821160370827, "i7": 1.8955078698022974, "r0": 3.5048511177195953, "r1": 0.41152080714246375, "r2": -3.932224418530412, "r3": 1.3819430068076042, "r4": 1.1286398060256957, "r5": 0.6554897200622394, "r6": 0.35140310291036236, "r7": 1.6472988784697726}, "datetime": {"datetime": "2020-01-18 05:33:37", "elapsed": 31604.038919, "delta": 34.968289}}
{"target": 10.9, "params": {"d0": 0.33152122213207236, "d1": -3.1249197933108173, "d2": 0.8113903393147751, "g0": 0.9923109478313819, "g1": 0.3496425651188152, "g2": -0.23741426687514533, "g3": 0.9167644610373709, "g4": 1.274320664547722, "g5": -0.17154992400969016, "g6": -0.24886784269106182, "g7": 1.7919198619705379, "i0": 0.36504999245915604, "i1": 0.8262657868341712, "i2": -9.98390708473518, "i3": 0.711849209419455, "i4": 0.9377781347274825, "i5": -0.16512266675623144, "i6": 0.9171798133352462, "i7": 1.9803771859392376, "r0": 1.3057607029449398, "r1": 0.5912057424083025, "r2": -1.6572907058921569, "r3": 0.9979547019514128, "r4": 1.195657781725522, "r5": -0.09827013041264832, "r6": 0.25023741302111213, "r7": 1.5447475613517707}, "datetime": {"datetime": "2020-01-18 05:38:12", "elapsed": 31878.505641, "delta": 24.909065}}
{"target": 20.15, "params": {"d0": 4.383598313031284, "d1": -2.5411926450097067, "d2": 0.8424704304539843, "g0": 0.9147171026704431, "g1": 0.2754159857965045, "g2": -6.881902364657213, "g3": 0.892539982553243, "g4": 1.0698440060118244, "g5": 0.31048701569829884, "g6": 0.30681305386632785, "g7": 1.2129773017127565, "i0": 4.367873632923568, "i1": 0.0208804722589917, "i2": -6.5981822627313225, "i3": 1.3136899666868183, "i4": 0.9911268955583432, "i5": -0.48669885538398927, "i6": 0.6615647145097214, "i7": 1.3125495350912648, "r0": 0.5198911612382712, "r1": 0.010126212731130568, "r2": -7.4561775372798405, "r3": 1.3624750855970027, "r4": 1.1248916350057012, "r5": 0.5368184398042226, "r6": 0.4614152426803786, "r7": 1.5949804723046739}, "datetime": {"datetime": "2020-01-18 05:38:42", "elapsed": 31908.626881, "delta": 30.12124}}
{"target": 17.3, "params": {"d0": 4.9976968486846225, "d1": -5.5816242977112065, "d2": 0.7628139562325558, "g0": 0.4086648237246654, "g1": 0.7902022188661497, "g2": -1.358217185042749, "g3": 0.9611152301507672, "g4": 1.2355705114241795, "g5": 0.7340995773995347, "g6": -0.21251751355041243, "g7": 1.6096987504514497, "i0": 0.7272803132369987, "i1": 0.5516942544814887, "i2": -1.099929792094196, "i3": 0.7904357056379421, "i4": 1.181591835195857, "i5": 0.036735968487427106, "i6": 0.5869073573303993, "i7": 1.2648392649337932, "r0": 3.899361165249298, "r1": 0.9288412928661622, "r2": -5.147497758235331, "r3": 1.2715094723747815, "r4": 1.19627235586781, "r5": -0.18276479957768355, "r6": 0.0030583159150581185, "r7": 1.1520258412156403}, "datetime": {"datetime": "2020-01-18 05:43:43", "elapsed": 32210.008621, "delta": 33.35144}}
{"target": 20.2, "params": {"d0": 2.0851109291940317, "d1": -1.4351489800284192, "d2": 0.9675224434677312, "g0": 0.689851450760316, "g1": 0.12835944201702565, "g2": -8.004522224234274, "g3": 1.3242917081901506, "g4": 1.2564176950801635, "g5": 0.00923125738108721, "g6": 0.017552132357469885, "g7": 1.9255422411121454, "i0": 2.7701285692940174, "i1": 0.36778643010425394, "i2": -9.137512223839346, "i3": 0.7873580519515029, "i4": 0.981172763838087, "i5": -0.45877599434403343, "i6": 0.19859473135636263, "i7": 1.5208813396664929, "r0": 4.520533391381506, "r1": 0.39325557936050637, "r2": -8.700053467820755, "r3": 1.334020671141038, "r4": 1.153414821866255, "r5": -0.6716866081745998, "r6": 0.2561029848934946, "r7": 0.9680337120763636}, "datetime": {"datetime": "2020-01-18 05:44:15", "elapsed": 32241.406059, "delta": 31.397438}}
{"target": 20.55, "params": {"d0": 2.3476744556612337, "d1": -5.223392029347082, "d2": 1.2781932334789716, "g0": 0.18670152445842414, "g1": 0.4356000495183494, "g2": -2.8610787724482742, "g3": 1.1937451144543698, "g4": 0.9996952192245347, "g5": -0.7277664683882364, "g6": -0.014728006988264541, "g7": 1.6738811369308821, "i0": 3.118425405637754, "i1": 0.4809167943518282, "i2": -4.313490763679879, "i3": 0.9607226583751751, "i4": 1.2178047186843568, "i5": 0.27669763934558045, "i6": 0.00516501645410683, "i7": 1.6034547245859143, "r0": 2.8981191858288966, "r1": 0.27869240105741244, "r2": -0.439389598386434, "r3": 1.0081436631880958, "r4": 0.8978230278271326, "r5": 0.46543870999668946, "r6": 0.4170598870685831, "r7": 1.7055378623105177}, "datetime": {"datetime": "2020-01-18 06:17:30", "elapsed": 34236.664059, "delta": 31.664655}}
{"target": 19.2, "params": {"d0": 2.5616779465196986, "d1": -9.74737960482836, "d2": 0.8790650803855705, "g0": 1.3497097636134208, "g1": 0.32525392408074805, "g2": -9.501616071082207, "g3": 0.9695026884962965, "g4": 1.2127593757336363, "g5": -0.7242686043563513, "g6": 0.745881657762147, "g7": 1.7848553253644446, "i0": 0.08300476482541619, "i1": 0.9890209924685334, "i2": -3.001638310373399, "i3": 0.7790026112528586, "i4": 1.2660841565500647, "i5": -0.2312224095652713, "i6": 0.4547643934052671, "i7": 1.591632742033589, "r0": 0.422569203108083, "r1": 0.4606477552983068, "r2": -1.3852644111024404, "r3": 1.2572209583054774, "r4": 1.1133307385126736, "r5": -0.0345711894366596, "r6": 0.7001379053143153, "r7": 1.2040567352067477}, "datetime": {"datetime": "2020-01-18 06:24:54", "elapsed": 34680.931388, "delta": 28.847042}}
{"target": 19.75, "params": {"d0": 1.334046952249186, "d1": -8.82599452263344, "d2": 1.1229413143347884, "g0": 1.2671051338815813, "g1": 0.6847179641778091, "g2": -6.694313647414928, "g3": 1.212701866472476, "g4": 1.1334199901940418, "g5": 0.0037692080398714634, "g6": 0.5480796958942085, "g7": 1.1795082824800986, "i0": 1.391483479708782, "i1": 0.9894168696478116, "i2": -7.805898643079793, "i3": 0.8510849692712865, "i4": 1.2360780426828044, "i5": -0.6645518020893628, "i6": 0.48216633298768197, "i7": 1.9353451248684315, "r0": 0.14204228642653083, "r1": 0.7628898373289683, "r2": -7.404935771633534, "r3": 1.2760135606667462, "r4": 1.2726818123282275, "r5": -0.5590296772511648, "r6": 0.49030506182274547, "r7": 1.7867013798947}, "datetime": {"datetime": "2020-01-18 06:25:27", "elapsed": 34713.682953, "delta": 32.751565}}
{"target": 13.85, "params": {"d0": 3.3305238973309947, "d1": -5.694073662893788, "d2": 1.2209067449408328, "g0": 4.801751955039278, "g1": 0.7407485193188666, "g2": -9.389235006527336, "g3": 0.8453033235924216, "g4": 1.2495173929650245, "g5": 0.7734115454977866, "g6": 0.33457729728220875, "g7": 1.6876489745247274, "i0": 0.7672983883491336, "i1": 0.019453029292304524, "i2": -7.2582852781507565, "i3": 1.2353515177536507, "i4": 1.188665694561461, "i5": -0.7774915845079878, "i6": 0.2834517017658469, "i7": 1.600097978961648, "r0": 3.920500037339133, "r1": 0.6632338623070133, "r2": -0.16777109532602985, "r3": 1.490611223969252, "r4": 0.892687977057019, "r5": 0.6405197664451314, "r6": -0.40005768928972313, "r7": 1.1830891962397003}, "datetime": {"datetime": "2020-01-18 06:25:59", "elapsed": 34746.046405, "delta": 32.363452}}
{"target": 19.0, "params": {"d0": 1.1648189019410098, "d1": -4.4583336318827484, "d2": 0.993635120143348, "g0": 1.037829314106287, "g1": 0.357652167131149, "g2": -2.27686335662246, "g3": 0.9979758509562784, "g4": 1.1200524503764853, "g5": 0.0982981943147776, "g6": 0.3309814876990599, "g7": 1.386578259318574, "i0": 0.8012096559122533, "i1": 0.4652094127987322, "i2": -2.975460346402947, "i3": 1.178148062641967, "i4": 0.9450442738232406, "i5": 0.742539428914468, "i6": 0.16490244361562323, "i7": 1.9816502133079128, "r0": 2.1586609703955695, "r1": 0.42191764951310706, "r2": -6.921072287236898, "r3": 0.7972264800789786, "r4": 1.1874370954786302, "r5": 0.11645063225363539, "r6": 0.9884999643085421, "r7": 1.5889720565040466}, "datetime": {"datetime": "2020-01-18 06:26:31", "elapsed": 34778.228033, "delta": 32.181628}}
{"target": 5.45, "params": {"d0": 4.560518354886795, "d1": -4.45720229562972, "d2": 1.4769221429077404, "g0": 1.826902996133271, "g1": 0.5928662899664372, "g2": -5.024632564827645, "g3": 1.0923205406390908, "g4": 0.9369107681929649, "g5": 0.5980047098196122, "g6": -0.32246923232990654, "g7": 0.9277594604843834, "i0": 4.310959253616854, "i1": 0.37724844880315467, "i2": -3.044008464886164, "i3": 0.8932036394438458, "i4": 1.1237716389825638, "i5": 0.29677708286446136, "i6": -0.11615040346072131, "i7": 1.4547287156998499, "r0": 4.020467531699047, "r1": 0.338747633020935, "r2": -4.850734221336714, "r3": 0.7666304091241182, "r4": 1.0660435773390236, "r5": -0.2528662435675948, "r6": 0.5960449647134816, "r7": 1.2877411181718936}, "datetime": {"datetime": "2020-01-18 06:27:00", "elapsed": 34806.595574, "delta": 28.367541}}
{"target": 10.95, "params": {"d0": 2.600675116713345, "d1": -4.545745289365577, "d2": 1.4727821737651117, "g0": 1.929772226362188, "g1": 0.7596575691653605, "g2": -8.695325469813486, "g3": 1.3163938734044613, "g4": 0.9574786919400923, "g5": -0.30552887480658897, "g6": -0.23354070097470075, "g7": 1.037588382818794, "i0": 2.4148867445182, "i1": 0.8237252025234156, "i2": -4.51816732679236, "i3": 1.2507358446978944, "i4": 1.1678433517798157, "i5": 0.3207182193904745, "i6": 0.4785918015956918, "i7": 1.0876965824608653, "r0": 2.0922455747524853, "r1": 0.5880553714880196, "r2": -5.678006216897461, "r3": 1.2929242119823599, "r4": 0.9250525255192097, "r5": -0.2189898695209206, "r6": -0.21931479445955354, "r7": 1.410764043785053}, "datetime": {"datetime": "2020-01-18 06:27:35", "elapsed": 34841.554877, "delta": 34.959303}}
{"target": 20.8, "params": {"d0": 2.9798809693863975, "d1": -4.086411133519406, "d2": 1.1870317868508033, "g0": 0.1700480792041581, "g1": 0.19315655296796808, "g2": -9.862503957649203, "g3": 0.9626462129396467, "g4": 1.0301876971554182, "g5": 0.032757666708925326, "g6": 0.6769315761568291, "g7": 1.2568574244917547, "i0": 4.946085574739176, "i1": 0.884290803469472, "i2": -4.661002735214852, "i3": 1.0865810321930605, "i4": 1.2721166188910646, "i5": -0.17251968081391045, "i6": 0.6391755351211363, "i7": 0.9030364648964997, "r0": 4.140013937427279, "r1": 0.4550087962503181, "r2": -2.111098094271809, "r3": 0.8212994448175784, "r4": 1.0485200253447153, "r5": -0.13193701208685593, "r6": 0.11083170809783971, "r7": 1.154293254138697}, "datetime": {"datetime": "2020-01-18 06:28:06", "elapsed": 34872.517759, "delta": 30.962882}}
{"target": 18.65, "params": {"d0": 0.20649759977480586, "d1": -2.555473994955592, "d2": 1.073310353784182, "g0": 0.9798000807932478, "g1": 0.9053936724516216, "g2": -7.116638642605063, "g3": 1.0564718894120886, "g4": 1.2787812871523097, "g5": 0.3535731595971845, "g6": -0.05465877465883695, "g7": 1.269442655290401, "i0": 4.473781944291623, "i1": 0.9920364280981735, "i2": -6.304926518952815, "i3": 1.308419187263811, "i4": 0.8744500942498754, "i5": -0.2341779908980931, "i6": 0.1354581068223244, "i7": 1.6496483569867424, "r0": 4.036957139754636, "r1": 0.18559427329249623, "r2": -3.8554640143758654, "r3": 1.2106213307301383, "r4": 1.2082952320693918, "r5": 0.16526443347774467, "r6": 0.2631977483457305, "r7": 1.126969241854777}, "datetime": {"datetime": "2020-01-18 07:03:58", "elapsed": 37024.502226, "delta": 31.57875}}
