{"target": 3.9, "params": {"d0": 3.2426179239156294, "d1": -1.0418219429510955, "d2": 1.1513544001866798, "g0": 4.345732837354398, "g1": 0.22624449772983501, "g2": -1.3960374736437426, "g3": 0.9918701302150954, "g4": 1.1712040781016242, "g5": -0.05025003171670528, "g6": 0.9101237751634379, "g7": 1.4218429142951567, "i0": 4.280296049294561, "i1": 0.005021797239652126, "i2": -1.168078936277407, "i3": 0.9118695969558783, "i4": 1.1433612874559052, "i5": 0.5399314715330441, "i6": 0.7906507134861556, "i7": 1.2513965316753497, "r0": 2.176477326477755, "r1": 0.5090716440886448, "r2": -3.8632545300370635, "r3": 0.7073294874252605, "r4": 0.9872176551937579, "r5": -0.35176865491939324, "r6": -0.05006029874172335, "r7": 1.475156842040283}, "datetime": {"datetime": "2020-01-18 01:37:10", "elapsed": 17417.180547, "delta": 47.4965}}
{"target": 2.65, "params": {"d0": 1.593397978417825, "d1": -4.574380694523197, "d2": 0.8434740732559485, "g0": 1.792060549089386, "g1": 0.002492861587837125, "g2": -9.791350322914443, "g3": 1.0630281327762787, "g4": 0.8279490453411521, "g5": -0.10399689807607682, "g6": -0.06891045004695096, "g7": 1.1172849897290715, "i0": 2.101503864141594, "i1": 0.20710873712989586, "i2": -4.271536293313538, "i3": 0.8123529509658463, "i4": 0.8083162563010746, "i5": 0.48623779523210886, "i6": 0.0900872223949476, "i7": 1.1735561352381756, "r0": 4.038640033211983, "r1": 0.7107195691786354, "r2": -3.788470083900057, "r3": 0.975715964615874, "r4": 1.1263674163526465, "r5": 0.024427120032750493, "r6": 0.8044090655604554, "r7": 1.2886832492603495}, "datetime": {"datetime": "2020-01-18 01:38:02", "elapsed": 17468.587551, "delta": 51.407004}}
{"target": 6.35, "params": {"d0": 0.9936169685912155, "d1": -4.021707896450594, "d2": 1.4260811181117712, "g0": 3.1165864198715187, "g1": 0.8010526820539835, "g2": -1.8196878525178644, "g3": 1.2863652071710148, "g4": 0.8185937974421373, "g5": -0.4945648818600457, "g6": -0.24124579151624437, "g7": 1.8163949902847167, "i0": 2.473903809488944, "i1": 0.7895079826814835, "i2": -2.930515202877137, "i3": 1.3597470388542472, "i4": 0.9204233496889244, "i5": 0.12644260906708416, "i6": 0.36642745265099563, "i7": 1.6717220645744415, "r0": 3.0171619389840543, "r1": 0.2679701246608893, "r2": -0.6602707856871692, "r3": 0.8999479262776016, "r4": 0.9929491422635023, "r5": 0.05458283821402754, "r6": 0.7110263176717662, "r7": 1.5533584445647102}, "datetime": {"datetime": "2020-01-18 01:39:00", "elapsed": 17527.019382, "delta": 58.431831}}
{"target": 15.0, "params": {"d0": 3.920507969771668, "d1": -9.778927566024176, "d2": 0.9955059849599286, "g0": 2.4428093593296523, "g1": 0.2588567479438638, "g2": -4.852152795433225, "g3": 1.006585786062899, "g4": 1.2674162234706867, "g5": 0.04449871897698099, "g6": 0.17070593498028364, "g7": 1.5474254934151417, "i0": 3.0700851121229285, "i1": 0.8057771575765568, "i2": -4.686527362763073, "i3": 1.1446760100254216, "i4": 1.0371493204493378, "i5": 0.6795478362140901, "i6": 0.4675759651257778, "i7": 1.8628418717229265, "r0": 3.469920257754304, "r1": 0.4391727403958967, "r2": -3.6450413882306254, "r3": 0.8242856444937079, "r4": 0.8973349523694003, "r5": 0.3008801077950707, "r6": -0.45698381814197286, "r7": 1.6781078078598144}, "datetime": {"datetime": "2020-01-18 01:39:38", "elapsed": 17564.823778, "delta": 37.804396}}
{"target": 14.4, "params": {"d0": 3.4229875165203043, "d1": -7.230052096181798, "d2": 0.7904123865245855, "g0": 1.0820372464602657, "g1": 0.6705833787382838, "g2": -1.5466309510236673, "g3": 0.7860167879043118, "g4": 0.830543734971565, "g5": -0.18515297116731655, "g6": 0.35215743397250243, "g7": 1.6002727657155056, "i0": 0.9939914012015189, "i1": 0.8415638553478277, "i2": -8.697888399807702, "i3": 1.4463314273029926, "i4": 1.2355342385706112, "i5": 0.6876760453531501, "i6": -0.2644490749571943, "i7": 1.731592405166448, "r0": 2.8131724605858492, "r1": 0.4391331060036795, "r2": -6.961267692603029, "r3": 1.1202439974513265, "r4": 0.9831041744749067, "r5": 0.1638192863465806, "r6": 0.17973622505329123, "r7": 1.6947005142153722}, "datetime": {"datetime": "2020-01-18 01:40:29", "elapsed": 17616.267745, "delta": 51.443967}}
{"target": 17.25, "params": {"d0": 1.2488566198683215, "d1": -9.159615468687543, "d2": 0.8665789090415237, "g0": 4.49513689370503, "g1": 0.6266372981526204, "g2": -4.563686551311131, "g3": 1.4423274214231678, "g4": 1.2409717252240056, "g5": 0.3805322578112649, "g6": -0.10835720036611668, "g7": 1.5639349763810575, "i0": 2.488010700223363, "i1": 0.9711102734169486, "i2": -9.284280331338042, "i3": 1.2936372045181468, "i4": 1.2632350921266966, "i5": 0.242777050593749, "i6": 0.8956305032839837, "i7": 1.4009031885180288, "r0": 0.5543561605871933, "r1": 0.9579374210763208, "r2": -8.955054427951799, "r3": 0.7079570617278332, "r4": 1.0271757438763989, "r5": -0.5503003140605293, "r6": 0.9342403724731165, "r7": 0.9310076175416676}, "datetime": {"datetime": "2020-01-18 01:41:18", "elapsed": 17664.45304, "delta": 48.185295}}
{"target": 15.9, "params": {"d0": 4.684965974414897, "d1": -9.409534910643949, "d2": 0.9137649946406969, "g0": 3.393210404586657, "g1": 0.8723491048546776, "g2": -9.076124585406367, "g3": 1.2491492194990208, "g4": 1.2985947994371405, "g5": 0.5403239058208607, "g6": 0.04327877409672509, "g7": 1.2733592690641489, "i0": 2.2475184728509916, "i1": 0.03398671463746161, "i2": -8.443932346499297, "i3": 0.9285179311491318, "i4": 0.8797075786781765, "i5": 0.583563468580506, "i6": 0.3593019694233339, "i7": 1.2491959447026573, "r0": 2.9382106845238605, "r1": 0.5461935603282095, "r2": -7.459369395548249, "r3": 1.4850054545232505, "r4": 1.0256117399134879, "r5": -0.33605573669672695, "r6": 0.5381477033733555, "r7": 1.7419601066997683}, "datetime": {"datetime": "2020-01-18 01:41:58", "elapsed": 17705.030603, "delta": 40.577563}}
{"target": 10.9, "params": {"d0": 2.594742459271356, "d1": -7.821504470502763, "d2": 1.377396746560769, "g0": 4.344059600776372, "g1": 0.6649556123157194, "g2": -7.726368743160574, "g3": 0.7848453250391919, "g4": 0.8859787674567118, "g5": 0.3383546335232037, "g6": -0.4578518974274017, "g7": 0.9261262336445485, "i0": 3.6719851860091843, "i1": 0.6339338186104749, "i2": -9.229353414615144, "i3": 1.172805471020022, "i4": 1.1962319140619808, "i5": -0.4072901888319157, "i6": -0.07124846073421526, "i7": 1.0438424043704533, "r0": 1.718088704600223, "r1": 0.37143940516125074, "r2": -0.5617746647487891, "r3": 1.293492423421819, "r4": 0.9925452626754179, "r5": 0.6594899006523718, "r6": 0.8282507895365914, "r7": 1.9849172502305925}, "datetime": {"datetime": "2020-01-18 01:42:48", "elapsed": 17754.656926, "delta": 49.626323}}
{"target": 14.7, "params": {"d0": 2.641124411049028, "d1": -7.074751693148906, "d2": 0.7947167188773117, "g0": 0.5708745859297626, "g1": 0.7368699981303717, "g2": -7.153861029811871, "g3": 1.1912244603325484, "g4": 0.844482186657783, "g5": 0.705274244825413, "g6": 0.09299280938998356, "g7": 0.9268345785071425, "i0": 2.5182390470169222, "i1": 0.06973357419558146, "i2": -1.8692851047253196, "i3": 1.4238954353826587, "i4": 0.940752871126912, "i5": -0.33997450201700485, "i6": 0.9658512288465404, "i7": 1.5695250135418846, "r0": 2.7060631551485885, "r1": 0.49462952728919807, "r2": -8.843903069214194, "r3": 1.3269021781905548, "r4": 1.1724365792881768, "r5": -0.11440713923448931, "r6": 0.49522984540877446, "r7": 1.7754599211025517}, "datetime": {"datetime": "2020-01-18 01:43:46", "elapsed": 17812.80255, "delta": 58.145624}}
{"target": 7.2, "params": {"d0": 1.472894541714589, "d1": -2.522126376751679, "d2": 1.3822692981933875, "g0": 2.284943164823777, "g1": 0.44045338123585154, "g2": -7.489229616948537, "g3": 1.1082525307654625, "g4": 0.8226307820515639, "g5": -0.005967170971759694, "g6": 0.5972460819032475, "g7": 1.473962230880229, "i0": 3.5483451715019214, "i1": 0.51326218650183, "i2": -6.973279455129832, "i3": 0.9943836645670989, "i4": 0.901900665687116, "i5": -0.31294307138948874, "i6": 0.9200152206545851, "i7": 1.2319307098158003, "r0": 1.9457031655000319, "r1": 0.18870277589664142, "r2": -6.8026128373041335, "r3": 1.2373860620814598, "r4": 1.0012026244196957, "r5": -0.22458245481580552, "r6": -0.4704897486882498, "r7": 1.7290998035564185}, "datetime": {"datetime": "2020-01-18 01:44:37", "elapsed": 17863.44885, "delta": 50.6463}}
{"target": 16.5, "params": {"d0": 2.499758483481016, "d1": -6.280584200460161, "d2": 0.7166339762313082, "g0": 4.850285616996011, "g1": 0.3591289373854375, "g2": -5.03412615374128, "g3": 1.1940657391147602, "g4": 0.9705574667572439, "g5": 0.7122101181044842, "g6": -0.45810668692199774, "g7": 1.7558527391941854, "i0": 4.276696641492796, "i1": 0.8609353971373359, "i2": -6.371432625616911, "i3": 1.2082967341735342, "i4": 1.007225914770814, "i5": 0.172568191230968, "i6": 0.49329232318389304, "i7": 1.7600480850344193, "r0": 1.1111812392613662, "r1": 0.749688286320764, "r2": -8.18299526577546, "r3": 1.2182540279295906, "r4": 1.1204258160092175, "r5": -0.6817263063790137, "r6": 0.16604220640833334, "r7": 1.8423196472443593}, "datetime": {"datetime": "2020-01-18 01:45:23", "elapsed": 17909.397411, "delta": 45.948561}}
{"target": 15.95, "params": {"d0": 4.065506434809638, "d1": -7.522974332259195, "d2": 1.2432068077648, "g0": 1.5423489978657838, "g1": 0.0332841256016857, "g2": -5.691229273833613, "g3": 1.1471827510730628, "g4": 0.9501655683524141, "g5": 0.06967222169495513, "g6": 0.19726217832653636, "g7": 1.7574604200468076, "i0": 3.5331477377204634, "i1": 0.8579907174730009, "i2": -5.5908397083016625, "i3": 1.26180801343698, "i4": 1.1492898389416732, "i5": -0.08324212480844617, "i6": 0.9852034553769093, "i7": 1.4102853383642875, "r0": 0.05402462101954386, "r1": 0.5615992279270307, "r2": -4.12420373524083, "r3": 1.0463524071036048, "r4": 0.9572949148711043, "r5": -0.14312150353941022, "r6": -0.26997268628785, "r7": 1.390034062361298}, "datetime": {"datetime": "2020-01-18 01:46:09", "elapsed": 17955.547296, "delta": 46.149885}}
{"target": 17.2, "params": {"d0": 1.6160390940106917, "d1": -2.682751736341382, "d2": 1.0084551275114322, "g0": 4.37057202103057, "g1": 0.8637277425360964, "g2": -2.6154976272947064, "g3": 1.483909690911459, "g4": 1.0796287911164295, "g5": 0.12287662517086362, "g6": 0.2645321712803348, "g7": 1.4794564012634308, "i0": 1.2392995987059607, "i1": 0.5550322981771526, "i2": -4.439534360302605, "i3": 0.7572584097408284, "i4": 0.8930233562401297, "i5": -0.6603486733952041, "i6": 0.41139657725063206, "i7": 1.432669861670226, "r0": 0.7919867143679682, "r1": 0.27271212040561454, "r2": -9.264391999431092, "r3": 1.1664961822078328, "r4": 1.0633269842094424, "r5": 0.322461153486435, "r6": 0.3444255495495506, "r7": 1.6558110778747186}, "datetime": {"datetime": "2020-01-18 01:46:54", "elapsed": 18000.9699, "delta": 45.422604}}
{"target": 12.65, "params": {"d0": 0.1011513150653548, "d1": -4.9082170820158035, "d2": 1.3471888717738663, "g0": 2.6187705545145596, "g1": 0.5650912537708749, "g2": -0.3003287468493685, "g3": 1.1625908330756234, "g4": 1.1322321695909319, "g5": -0.13256896644394178, "g6": 0.9813132737952861, "g7": 1.1546190776122687, "i0": 3.742572631487344, "i1": 0.9913861280542242, "i2": -6.440346054016425, "i3": 1.0401750582907816, "i4": 1.2656891482362507, "i5": -0.06565504327834581, "i6": 0.7397081565000503, "i7": 1.7194712987787324, "r0": 0.6330804789246164, "r1": 0.494081281575814, "r2": -3.383817768007539, "r3": 1.267319104553394, "r4": 1.0513507067865215, "r5": 0.16055368481955523, "r6": 0.8439974029622179, "r7": 1.45939733158023}, "datetime": {"datetime": "2020-01-18 01:47:49", "elapsed": 18055.793916, "delta": 54.824016}}
{"target": 17.55, "params": {"d0": 4.031225801397263, "d1": -2.54766795911231, "d2": 0.7008920834831852, "g0": 3.4981447730323816, "g1": 0.387303547934123, "g2": -2.247412624156161, "g3": 0.8749452834282596, "g4": 0.9960167387711587, "g5": 0.4449604717567479, "g6": -0.0322825202284327, "g7": 1.4091247492966645, "i0": 4.123603933155524, "i1": 0.9561791545812303, "i2": -1.3373120758151273, "i3": 1.123910270979047, "i4": 1.198668990582304, "i5": -0.6136089015479866, "i6": 0.22722040192728177, "i7": 1.301527768418181, "r0": 1.024125709967011, "r1": 0.2194334712666054, "r2": -8.891897239325337, "r3": 1.153997085667857, "r4": 1.0609386409668566, "r5": -0.06698482383138504, "r6": 0.9196858262870051, "r7": 1.4781748195757438}, "datetime": {"datetime": "2020-01-18 01:48:36", "elapsed": 18102.568651, "delta": 46.774735}}
{"target": 20.65, "params": {"d0": 3.2624163562933055, "d1": -9.75980785651244, "d2": 0.7981142634891983, "g0": 1.3915978766913595, "g1": 0.6741905255036877, "g2": -4.911786336974417, "g3": 1.468964331046108, "g4": 0.961138974206033, "g5": -0.2610862161964932, "g6": -0.07389410928140189, "g7": 1.621329830976892, "i0": 4.949536241496843, "i1": 0.7275394572734277, "i2": -5.801092327660866, "i3": 0.8945845569153469, "i4": 1.2020202666619437, "i5": 0.33420190709363395, "i6": -0.3495607959879202, "i7": 1.8036359964592135, "r0": 1.9758893311747006, "r1": 0.9322962044273291, "r2": -1.2942257258121987, "r3": 1.412558066656171, "r4": 0.9200072552979986, "r5": -0.7811455480781156, "r6": -0.11648912434600756, "r7": 1.6063446252006701}, "datetime": {"datetime": "2020-01-18 01:49:18", "elapsed": 18144.845979, "delta": 42.277328}}
{"target": 17.65, "params": {"d0": 2.3575897880742924, "d1": -5.4468552685953, "d2": 1.1682876899173023, "g0": 2.1566081287331693, "g1": 0.7224511965425554, "g2": -6.185317489573261, "g3": 1.286137582942045, "g4": 1.1737952138752668, "g5": 0.7340041597481406, "g6": 0.08082679409341709, "g7": 1.4286369347391696, "i0": 4.657217968176274, "i1": 0.916632628113911, "i2": -0.21875705596790596, "i3": 1.1382298564982576, "i4": 0.963691276500847, "i5": -0.46604321064948806, "i6": -0.12921471039987492, "i7": 1.6000146274078113, "r0": 3.6073549060801335, "r1": 0.14565259835725908, "r2": -5.277136653876524, "r3": 1.1820771367153537, "r4": 0.8092627890087383, "r5": -0.3874554517527742, "r6": 0.8558719753081621, "r7": 1.2937241624128109}, "datetime": {"datetime": "2020-01-18 01:50:06", "elapsed": 18192.580234, "delta": 47.734255}}
{"target": 16.85, "params": {"d0": 3.8772348898993627, "d1": -3.6041817125169686, "d2": 0.857719514422126, "g0": 2.711887800898882, "g1": 0.6917016730622415, "g2": -2.8443217772476377, "g3": 1.386147585890394, "g4": 1.2319540749385123, "g5": 0.7973724183686361, "g6": 0.8218048803613911, "g7": 1.284313184917075, "i0": 1.2505743007745633, "i1": 0.0015811758522702446, "i2": -7.851715226128179, "i3": 0.9827258206817309, "i4": 0.8038512943150893, "i5": -0.5820087430074928, "i6": 0.05453866398929019, "i7": 1.2875612150701417, "r0": 0.6298638555611535, "r1": 0.870054603492602, "r2": -3.5956295718607194, "r3": 1.0662992282021029, "r4": 1.0387903332409476, "r5": 0.4462621245714853, "r6": 0.7342781067508748, "r7": 1.563603169363074}, "datetime": {"datetime": "2020-01-18 01:50:56", "elapsed": 18242.46779, "delta": 49.887556}}
{"target": 7.15, "params": {"d0": 1.0355805023405684, "d1": -3.718482008940933, "d2": 1.4494410325361782, "g0": 4.5524915628890215, "g1": 0.5037714723719138, "g2": -4.848407649295231, "g3": 0.9104841055730216, "g4": 1.1484352109517724, "g5": 0.5748373459165579, "g6": 0.9921000949415093, "g7": 1.0943916669831584, "i0": 4.369366673354936, "i1": 0.4963372396295669, "i2": -8.11495905806274, "i3": 0.8780062541455278, "i4": 1.0565443049472825, "i5": 0.44983847317151815, "i6": -0.34463201117863695, "i7": 1.739978214617453, "r0": 2.1795953121928155, "r1": 0.504731641829082, "r2": -7.811973755119196, "r3": 1.478507233805977, "r4": 0.9677769863039384, "r5": 0.1686539405640708, "r6": -0.4968369646034212, "r7": 1.5012054163181747}, "datetime": {"datetime": "2020-01-18 01:51:48", "elapsed": 18294.793858, "delta": 52.326068}}
{"target": 5.2, "params": {"d0": 4.659540534241357, "d1": -5.221767311343539, "d2": 0.7683475055989195, "g0": 3.0803433599005743, "g1": 0.6297187029456789, "g2": -2.450951167812522, "g3": 0.9824645158482539, "g4": 1.1876443583415157, "g5": -0.7835313918058179, "g6": 0.836072793547699, "g7": 0.9698373843747804, "i0": 2.3290843575177567, "i1": 0.05415382247356382, "i2": -8.514149787014972, "i3": 0.8142590363710531, "i4": 0.8259195960416553, "i5": -0.4089979747031947, "i6": 0.04688905476199423, "i7": 1.4046863119184319, "r0": 3.172653924309139, "r1": 4.71291844115207e-05, "r2": -3.300551110001596, "r3": 0.7688667612636895, "r4": 0.8132019327370874, "r5": 0.36316688879963643, "r6": -0.05212147186768973, "r7": 1.7000169135952996}, "datetime": {"datetime": "2020-01-18 01:52:36", "elapsed": 18342.522618, "delta": 47.72876}}
{"target": 19.75, "params": {"d0": 1.5796592313600388, "d1": -3.786931153423934, "d2": 0.9779220170773286, "g0": 1.2741409810731046, "g1": 0.8010964893843966, "g2": -4.447655523790031, "g3": 1.2058078776183363, "g4": 1.0909942905957548, "g5": 0.256614630645855, "g6": 0.43768783505090636, "g7": 1.1286795534967788, "i0": 4.849986387980622, "i1": 0.21750718917115686, "i2": -6.939159707616691, "i3": 1.2997131107296092, "i4": 0.8267257563899149, "i5": 0.33778307511290473, "i6": 0.5075060458053748, "i7": 0.9148214260529164, "r0": 3.7557377085654284, "r1": 0.8276986594913016, "r2": -5.21428887598259, "r3": 0.701151390733525, "r4": 0.852436662204883, "r5": 0.43878613826017476, "r6": 0.6091629820985818, "r7": 1.462115501193783}, "datetime": {"datetime": "2020-01-18 01:53:23", "elapsed": 18389.32033, "delta": 46.797712}}
{"target": 19.45, "params": {"d0": 4.303415531794777, "d1": -7.504111088702138, "d2": 0.8176272468803699, "g0": 0.2007423181775314, "g1": 0.7630739891007594, "g2": -1.9831645041539723, "g3": 0.9413436356686233, "g4": 0.8766197565520398, "g5": -0.08975197878604368, "g6": 0.6934081849301723, "g7": 0.9049037188630625, "i0": 3.8926189253516967, "i1": 0.5871563680582275, "i2": -5.404984645825396, "i3": 1.1383869852601634, "i4": 0.9324593119701989, "i5": -0.6278285211425042, "i6": -0.289986254560782, "i7": 1.2893008842422011, "r0": 1.785055108332958, "r1": 0.07777387155863502, "r2": -7.9685435124393935, "r3": 1.1169892105178327, "r4": 1.2419134346083833, "r5": -0.622111326872696, "r6": 0.9461481840685078, "r7": 1.9151987905323882}, "datetime": {"datetime": "2020-01-18 01:54:12", "elapsed": 18439.071026, "delta": 49.750696}}
{"target": 6.9, "params": {"d0": 1.9639125336317327, "d1": -0.056512774863458404, "d2": 0.7983857536363308, "g0": 1.3812674871936514, "g1": 0.8953535977989847, "g2": -8.03239381684775, "g3": 1.0818920285398976, "g4": 0.8742817675226988, "g5": 0.051722868347895856, "g6": -0.37736536764820117, "g7": 1.3443418686759672, "i0": 4.156436086482486, "i1": 0.7753095519942009, "i2": -7.670283867431223, "i3": 1.1871981321430354, "i4": 0.8677148283016224, "i5": 0.6690705176429581, "i6": 0.9603771968213064, "i7": 1.7904044686734057, "r0": 1.935209677378854, "r1": 0.41832132824389023, "r2": -5.361453656529865, "r3": 0.7296972177750711, "r4": 0.9714764250253538, "r5": 0.684335303002765, "r6": -0.4763181006812518, "r7": 1.8868120127848413}, "datetime": {"datetime": "2020-01-18 01:55:08", "elapsed": 18495.217191, "delta": 56.146165}}
{"target": 15.4, "params": {"d0": 1.9383079907275786, "d1": -6.897309878113286, "d2": 1.1910871114731785, "g0": 3.8617518573956855, "g1": 0.11182681720625698, "g2": -1.076972637835496, "g3": 1.351457525259931, "g4": 1.1825100347176232, "g5": -0.40873994872504604, "g6": -0.1097756117454981, "g7": 0.9788884415420944, "i0": 0.5300173213679027, "i1": 0.33423277164589626, "i2": -5.610443844587828, "i3": 1.4612213416789337, "i4": 0.9738595079596253, "i5": 0.12202847336222933, "i6": -0.3966713972570832, "i7": 1.2941987609103958, "r0": 0.5992987849511566, "r1": 0.8724066251124764, "r2": -5.249543869622845, "r3": 1.2919816889868931, "r4": 0.862717856594736, "r5": 0.32136982081318943, "r6": 0.9745783016062162, "r7": 1.1618885030006005}, "datetime": {"datetime": "2020-01-18 01:56:01", "elapsed": 18547.876418, "delta": 52.659227}}
{"target": 19.6, "params": {"d0": 2.7035264459270953, "d1": -9.20559009113893, "d2": 1.4021214902149954, "g0": 0.11046922125190484, "g1": 0.024963389184845197, "g2": -7.3711559983155, "g3": 0.7180933433150624, "g4": 0.8572951599133889, "g5": -0.11633022111750735, "g6": 0.9264347360440264, "g7": 1.7387321073128295, "i0": 2.4213817287722468, "i1": 0.37634912750858884, "i2": -7.125513067781171, "i3": 1.0303532960415513, "i4": 0.842292994421683, "i5": 0.09472995305261378, "i6": 0.9417145030163387, "i7": 1.7670255786784583, "r0": 1.6977463684236238, "r1": 0.43422731633777456, "r2": -4.898865119819158, "r3": 1.293904654448765, "r4": 0.848625715405398, "r5": -0.07516861391075591, "r6": -0.306009226904936, "r7": 1.5669608072346408}, "datetime": {"datetime": "2020-01-18 01:56:51", "elapsed": 18597.798439, "delta": 49.922021}}
{"target": 17.4, "params": {"d0": 2.0023852862641895, "d1": -6.143297417954611, "d2": 0.8066229019938606, "g0": 2.554195487994044, "g1": 0.3412913835649367, "g2": -6.779077629028672, "g3": 0.9297273893274469, "g4": 1.224109979680492, "g5": -0.7131947321756205, "g6": 0.8964014724725331, "g7": 1.9192210932358251, "i0": 2.9045837472178615, "i1": 0.8278904902045754, "i2": -3.2375110645275837, "i3": 0.7543568066757897, "i4": 1.0934638252279256, "i5": -0.5384004462295963, "i6": 0.07408883915655684, "i7": 1.0221166867122804, "r0": 0.25762602683759295, "r1": 0.2196736733982183, "r2": -9.164648780516215, "r3": 1.4339156738224936, "r4": 1.2370850712143981, "r5": 0.5390732769976612, "r6": 0.25291435520092187, "r7": 1.9174959114519785}, "datetime": {"datetime": "2020-01-18 01:57:39", "elapsed": 18646.211501, "delta": 48.413062}}
