{"target": 19.85, "params": {"d0": 3.455489620610547, "d1": -9.324473000823472, "d2": 0.8552923704904668, "g0": 0.8707497993217932, "g1": 0.5785644377408846, "g2": -5.259254873145012, "g3": 1.5, "g4": 1.1048744857145938, "g5": -0.21976834839375795, "g6": -0.024045489947101192, "g7": 1.651353004497758, "i0": 4.430155537430876, "i1": 0.6718261871465186, "i2": -5.431356781057732, "i3": 0.948335281753146, "i4": 1.17691689898732, "i5": 0.23435288748649577, "i6": -0.37246460431624107, "i7": 1.6163926197243648, "r0": 1.9615629520445548, "r1": 0.7691528892032934, "r2": -1.772510690689316, "r3": 1.3845961613347961, "r4": 0.9356427115396898, "r5": -0.5386761353823205, "r6": 0.03451171419613946, "r7": 1.5053385288359928}, "datetime": {"datetime": "2020-01-19 02:07:01", "elapsed": 36860.445235, "delta": 36.534076}}
{"target": 19.85, "params": {"d0": 3.534530834071111, "d1": -1.5119259436586623, "d2": 0.8880250881950875, "g0": 0.6240892400846303, "g1": 0.6519493784796881, "g2": -4.785199869490721, "g3": 1.1899651934623086, "g4": 1.0890412938673786, "g5": -0.024490220078226314, "g6": 0.2057916702280813, "g7": 1.5571900986239113, "i0": 3.634995371413111, "i1": 0.6354475921922388, "i2": -6.468479550174128, "i3": 1.0911444556984347, "i4": 1.2126843506905187, "i5": -0.09835635707848557, "i6": -0.03422077064521509, "i7": 1.5674167054668962, "r0": 3.3366322604701795, "r1": 0.506457164401363, "r2": -8.678222045034785, "r3": 1.0328953294293919, "r4": 1.050754324543454, "r5": 0.37652119315041493, "r6": -0.10247021026160433, "r7": 1.6231658858511477}, "datetime": {"datetime": "2020-01-19 02:07:41", "elapsed": 36900.745094, "delta": 40.299859}}
{"target": 16.85, "params": {"d0": 2.1836873455763888, "d1": -1.622134308097548, "d2": 1.2605235738935077, "g0": 1.0380626389703755, "g1": 0.5304478861373474, "g2": -4.005341213660996, "g3": 0.971182830233287, "g4": 0.9684211405960008, "g5": -0.16337266495526648, "g6": 0.5683718781472048, "g7": 1.283398679437714, "i0": 2.487915686424891, "i1": 0.5806318497157059, "i2": -4.681694218507366, "i3": 1.4192126121360469, "i4": 1.1369989231589441, "i5": -0.3464219459487699, "i6": -0.09234522492103625, "i7": 1.3167078989253052, "r0": 3.4580275386748482, "r1": 0.8730335019882607, "r2": -3.1913574898738677, "r3": 1.4678664467545108, "r4": 0.8659875064150416, "r5": -0.18084482424579884, "r6": 0.41022582493465937, "r7": 1.2129485808997258}, "datetime": {"datetime": "2020-01-19 02:08:26", "elapsed": 36945.797873, "delta": 45.052779}}
{"target": 20.45, "params": {"d0": 3.8043384710939683, "d1": -1.2275503055481856, "d2": 1.1395733014723217, "g0": 0.6511842075250333, "g1": 0.5174687822724036, "g2": -5.1291556967972625, "g3": 1.251796152654359, "g4": 1.1185474098267048, "g5": 0.02833384258258548, "g6": 0.11370027783129841, "g7": 1.764561643195118, "i0": 3.9368301265777763, "i1": 0.6529036451409662, "i2": -6.660530686105694, "i3": 1.0038773409401047, "i4": 1.0673115860309599, "i5": -0.21822789164541503, "i6": -0.05999812220259229, "i7": 1.6828972388169237, "r0": 2.443081727621244, "r1": 0.2890092062573947, "r2": -8.852495792974388, "r3": 0.9753229008398087, "r4": 1.105428984741312, "r5": 0.5330168288620124, "r6": 0.3604255734412, "r7": 1.4654569036079994}, "datetime": {"datetime": "2020-01-19 02:09:12", "elapsed": 36991.637317, "delta": 45.839444}}
{"target": 20.35, "params": {"d0": 3.4533387786118355, "d1": -1.3219988139379681, "d2": 0.9911042324996121, "g0": 0.4793682788524483, "g1": 0.5300580587771178, "g2": -4.752076132757244, "g3": 1.1716384694010926, "g4": 1.0720154545013063, "g5": 0.03862897672065293, "g6": 0.11796288972642657, "g7": 1.5498284575620938, "i0": 4.04067640331734, "i1": 0.6942497901678925, "i2": -6.704462200112717, "i3": 0.9742669963260062, "i4": 0.9504599585064631, "i5": -0.05388221828179526, "i6": 0.13822156374588201, "i7": 1.4307645663003892, "r0": 2.7912159293815155, "r1": 0.3791951445069687, "r2": -8.780489976704867, "r3": 1.0663965232495167, "r4": 0.986990069721134, "r5": 0.47539423787014745, "r6": 0.19647322091267713, "r7": 1.4571878420203006}, "datetime": {"datetime": "2020-01-19 02:09:49", "elapsed": 37028.785766, "delta": 37.148449}}
{"target": 20.25, "params": {"d0": 3.6358341381547934, "d1": -1.4418579038637507, "d2": 0.8642948484554565, "g0": 0.5121139950081135, "g1": 0.5564214164635779, "g2": -4.7083694458377225, "g3": 1.194004948011727, "g4": 0.9676672316105808, "g5": 0.15171122975739684, "g6": 0.2063992359208899, "g7": 1.6717513400611392, "i0": 3.5035852447355236, "i1": 0.5766128225848632, "i2": -6.514519156925149, "i3": 1.050410315304944, "i4": 1.0687660180958427, "i5": -0.02398478885338904, "i6": -0.061044306825609906, "i7": 1.5055816119603687, "r0": 3.3436116347306575, "r1": 0.3969404533689125, "r2": -8.660325433409179, "r3": 1.0280066840289617, "r4": 0.9879017543061636, "r5": 0.41041919205985017, "r6": -0.07156563553800878, "r7": 1.6381644891481508}, "datetime": {"datetime": "2020-01-19 02:10:28", "elapsed": 37067.07756, "delta": 38.291794}}
{"target": 20.7, "params": {"d0": 4.003913756659239, "d1": -1.134923425051613, "d2": 1.1354002969781383, "g0": 0.7160931623958321, "g1": 0.45352589396267307, "g2": -5.134089017991501, "g3": 1.1576118572319727, "g4": 1.1731206778764722, "g5": 0.11145828934694917, "g6": 0.15633813081828318, "g7": 1.7698446297221693, "i0": 3.897418714959332, "i1": 0.7262627283354279, "i2": -6.596530993452846, "i3": 0.8855358930457633, "i4": 0.983535693868126, "i5": -0.18476676880261292, "i6": -0.060941949148237105, "i7": 1.6508354982412572, "r0": 2.3073523192110383, "r1": 0.31442619982076775, "r2": -8.910230274022805, "r3": 0.9868709639984131, "r4": 1.0841456832456096, "r5": 0.5212512494904684, "r6": 0.2104841643518597, "r7": 1.5316233263565955}, "datetime": {"datetime": "2020-01-19 02:11:05", "elapsed": 37104.147475, "delta": 37.069915}}
{"target": 19.7, "params": {"d0": 3.413863150435738, "d1": -1.6492607515969098, "d2": 0.9930469831176876, "g0": 0.5306982675844886, "g1": 0.433601968795858, "g2": -6.463709107350942, "g3": 1.134835229139269, "g4": 1.0435996198426643, "g5": -0.04209444795316822, "g6": 0.008264328771727851, "g7": 1.305098583207869, "i0": 3.9184875866609543, "i1": 0.4522762678381953, "i2": -6.382063423733692, "i3": 0.9872188450956441, "i4": 0.9118013843280645, "i5": -0.22150939668009784, "i6": 0.08844458106618941, "i7": 1.5884889251938696, "r0": 1.3105607823519707, "r1": 0.268804662749081, "r2": -8.694146172406958, "r3": 1.2160646999160885, "r4": 1.1289212865208416, "r5": 0.28660343240709757, "r6": 0.37101730979347197, "r7": 1.5499516233283377}, "datetime": {"datetime": "2020-01-19 02:11:40", "elapsed": 37139.658145, "delta": 35.51067}}
{"target": 20.05, "params": {"d0": 3.715905311885591, "d1": -1.5662392080855152, "d2": 1.04483580694735, "g0": 0.550994826194079, "g1": 0.2705805881307467, "g2": -6.446890175788368, "g3": 1.1513663509751548, "g4": 1.0338535081673041, "g5": -0.00981085944075083, "g6": 0.17087765655848225, "g7": 1.498311947352419, "i0": 3.9001646732231707, "i1": 0.5402919931014184, "i2": -6.514809266103435, "i3": 1.0084808942141494, "i4": 0.9386762074295798, "i5": -0.3405291255858228, "i6": 0.12146299264119277, "i7": 1.629612666460675, "r0": 1.3809724796100944, "r1": 0.15703585786962537, "r2": -8.75851159292144, "r3": 1.3062883338454152, "r4": 1.0874610232163981, "r5": 0.18964460909290629, "r6": 0.1524001158557478, "r7": 1.6110958907348747}, "datetime": {"datetime": "2020-01-19 02:12:21", "elapsed": 37180.017476, "delta": 40.359331}}
{"target": 20.25, "params": {"d0": 3.738528648229741, "d1": -1.5184479712461847, "d2": 0.9728647212812394, "g0": 0.64999866570651, "g1": 0.3087671385366047, "g2": -5.900454224362796, "g3": 1.157643262479685, "g4": 1.072210320879582, "g5": 0.04248655336002267, "g6": 0.09431116568799473, "g7": 1.4337025462842878, "i0": 3.9506052535177547, "i1": 0.5768393913990592, "i2": -6.439239806446063, "i3": 1.0546638415148784, "i4": 0.8808797634441495, "i5": -0.29904356291552925, "i6": 0.03354981460351865, "i7": 1.6046032466159368, "r0": 1.510585678016205, "r1": 0.19566949862016728, "r2": -8.856550922342052, "r3": 1.23997401914929, "r4": 1.0408700126314465, "r5": 0.17906818621147796, "r6": 0.2426444377095658, "r7": 1.5560545846777483}, "datetime": {"datetime": "2020-01-19 02:12:54", "elapsed": 37213.508016, "delta": 33.49054}}
{"target": 20.45, "params": {"d0": 3.184936338760393, "d1": -1.6869086317858206, "d2": 1.0294801280306023, "g0": 0.46606729362475935, "g1": 0.5262988392423952, "g2": -5.070005119783287, "g3": 1.1014788654264263, "g4": 1.072230807175553, "g5": 0.08171079484760517, "g6": 0.26488961544801426, "g7": 1.599908875720517, "i0": 3.262871087217786, "i1": 0.42879574272563226, "i2": -6.49535530288289, "i3": 0.9872795840198837, "i4": 1.0562314853778823, "i5": -0.09433659176195734, "i6": 0.08284863537909641, "i7": 1.4751159164178294, "r0": 3.7728748771808913, "r1": 0.5964658331247753, "r2": -8.570550797634262, "r3": 1.0045225831496225, "r4": 1.2084869053974847, "r5": 0.3894913511962895, "r6": 0.03392958670641104, "r7": 1.5069429705721895}, "datetime": {"datetime": "2020-01-19 02:13:30", "elapsed": 37249.329381, "delta": 35.821365}}
{"target": 18.3, "params": {"d0": 3.9983866391984373, "d1": -1.4927346327288042, "d2": 1.2191947234447733, "g0": 1.6733734428711347, "g1": 0.4038582572101104, "g2": -3.7918037182577096, "g3": 1.2381295989429888, "g4": 0.9874531799612863, "g5": -0.5037850764310955, "g6": 0.0063278534575642075, "g7": 1.6194371021074219, "i0": 4.007386335156419, "i1": 0.6645429117644801, "i2": -5.139595742965529, "i3": 0.9122651343176171, "i4": 0.834722862432008, "i5": -0.3255967662385259, "i6": -0.11773210083192452, "i7": 1.854715463706763, "r0": 0.3295814339411282, "r1": 0.2589315812579659, "r2": -3.4182583331211847, "r3": 0.9400234644863736, "r4": 1.2944449773826776, "r5": -0.30454962196843605, "r6": -0.3264231305558206, "r7": 1.0063000618166007}, "datetime": {"datetime": "2020-01-19 02:14:08", "elapsed": 37287.005201, "delta": 37.67582}}
{"target": 20.3, "params": {"d0": 3.350128096402086, "d1": -9.243251239860554, "d2": 0.7875261555292247, "g0": 0.876828236739123, "g1": 0.49164380192699264, "g2": -5.321599566135579, "g3": 1.5, "g4": 1.085432234120603, "g5": -0.37980887785165024, "g6": 0.04633659786320096, "g7": 1.6547838839479059, "i0": 4.571735103913593, "i1": 0.8355930701247916, "i2": -5.504879904539527, "i3": 1.0245007146709637, "i4": 1.1683779853321619, "i5": 0.19705522061309488, "i6": -0.20962361433393156, "i7": 1.7665023304930296, "r0": 1.9000115130593613, "r1": 0.7244633315539288, "r2": -1.888323000397274, "r3": 1.4090126302244717, "r4": 0.9497181885809985, "r5": -0.6421668165571084, "r6": 0.08623834654982589, "r7": 1.597070137294418}, "datetime": {"datetime": "2020-01-19 02:14:45", "elapsed": 37324.220727, "delta": 37.215526}}
{"target": 19.85, "params": {"d0": 4.201110415605389, "d1": -0.7779726856372255, "d2": 1.4020311429758074, "g0": 1.0503294957013296, "g1": 0.665936434472906, "g2": -6.10264496176647, "g3": 1.2684965054610275, "g4": 0.9525672037323037, "g5": -0.21434237866444847, "g6": 0.5833479334654091, "g7": 1.7599858505884698, "i0": 0.6381774840891133, "i1": 0.8799773234942042, "i2": -4.9375801427306865, "i3": 0.9678606499858218, "i4": 0.8787409089911153, "i5": 0.7895515388569081, "i6": 0.8809656011563564, "i7": 1.6218572554395212, "r0": 1.2042659481752223, "r1": 0.2011702991528507, "r2": -5.0639883326933415, "r3": 1.4999882614464652, "r4": 1.194245426409469, "r5": -0.7321262789190129, "r6": 0.27128209064837444, "r7": 1.2438666238390423}, "datetime": {"datetime": "2020-01-19 02:15:21", "elapsed": 37360.874649, "delta": 36.653922}}
{"target": 20.9, "params": {"d0": 3.3262223588466666, "d1": -1.3989251864623558, "d2": 1.1096283912505303, "g0": 0.44589614286152285, "g1": 0.5601742927475769, "g2": -5.253009405554393, "g3": 1.1029264543821877, "g4": 1.046439806260977, "g5": -0.03206373769767249, "g6": 0.19996784568287032, "g7": 1.6675806101935604, "i0": 3.369668693346798, "i1": 0.5222006655124342, "i2": -6.721615899297624, "i3": 1.0461599459900872, "i4": 1.0339310893666007, "i5": -0.0582665587558144, "i6": 0.057362466170616, "i7": 1.4724896960991918, "r0": 3.4524413513658927, "r1": 0.4567115860740546, "r2": -8.77133855106672, "r3": 1.1098314919351249, "r4": 1.0449097386173365, "r5": 0.42918715656169426, "r6": 0.0826774535776774, "r7": 1.4341994032444751}, "datetime": {"datetime": "2020-01-19 02:15:59", "elapsed": 37398.65958, "delta": 37.784931}}
{"target": 20.9, "params": {"d0": 3.7468685278143408, "d1": -1.5277218360109923, "d2": 0.9089217468565292, "g0": 0.5641684082296284, "g1": 0.5361863134174885, "g2": -4.6168863215343015, "g3": 1.1321816471670927, "g4": 1.0606295393325031, "g5": -0.04837453266605821, "g6": 0.35282450324827686, "g7": 1.5016831704256406, "i0": 3.9470325715722927, "i1": 0.6973572043180654, "i2": -6.45243487463656, "i3": 1.001521180586085, "i4": 1.0686920859135913, "i5": 0.006851790226650782, "i6": 0.15988659624339216, "i7": 1.6376534321088974, "r0": 2.5363209000062357, "r1": 0.4464783284101609, "r2": -8.718600411882676, "r3": 1.0622519039216736, "r4": 1.0431715376789785, "r5": 0.42407358946060436, "r6": 0.1887800337781345, "r7": 1.5105622558356533}, "datetime": {"datetime": "2020-01-19 02:16:36", "elapsed": 37435.806929, "delta": 37.147349}}
{"target": 19.9, "params": {"d0": 3.429162557493645, "d1": -1.5214233183254215, "d2": 1.0074625655826888, "g0": 0.3190747781892302, "g1": 0.505372544640138, "g2": -5.156226999170262, "g3": 1.1444742875531644, "g4": 1.087501440177941, "g5": 0.08586956610088228, "g6": 0.26505468085901834, "g7": 1.5902269384832939, "i0": 3.4635551215445304, "i1": 0.5301580998075752, "i2": -6.721009883283691, "i3": 1.028379539744352, "i4": 1.0691387306444788, "i5": 0.044548985216243474, "i6": 0.11964747143997888, "i7": 1.4994249672990738, "r0": 3.3774670697345157, "r1": 0.512273632591723, "r2": -8.73199711599193, "r3": 1.0789643343466817, "r4": 1.132458214065846, "r5": 0.35552092991853756, "r6": 0.17158703080287058, "r7": 1.3985886766229088}, "datetime": {"datetime": "2020-01-19 02:17:15", "elapsed": 37474.185305, "delta": 38.378376}}
{"target": 20.8, "params": {"d0": 3.5861716700672366, "d1": -1.303079620116181, "d2": 0.9260718902789709, "g0": 0.5266383212154201, "g1": 0.5787511247482557, "g2": -4.638963013970243, "g3": 1.2108972072160142, "g4": 1.0666409084059325, "g5": 0.05160980983530798, "g6": 0.2092273859284309, "g7": 1.6104183914748507, "i0": 3.5468950510621675, "i1": 0.6571015903398106, "i2": -6.430067996620036, "i3": 1.1262702946907392, "i4": 1.1251404393884017, "i5": -0.11010645440462867, "i6": -0.004573689769555127, "i7": 1.5359610587018808, "r0": 3.3721318475070166, "r1": 0.5269400468521809, "r2": -8.733513975827275, "r3": 1.0250548451483068, "r4": 1.0293694158889568, "r5": 0.3985316104170353, "r6": -0.09907152995401497, "r7": 1.6249041084680622}, "datetime": {"datetime": "2020-01-19 02:17:50", "elapsed": 37509.741027, "delta": 35.555722}}
{"target": 20.7, "params": {"d0": 3.5131079417937023, "d1": -9.163556545561688, "d2": 0.8343036280942336, "g0": 0.7805628556124102, "g1": 0.5731357999729043, "g2": -5.415222185485794, "g3": 1.5, "g4": 1.0270553380652294, "g5": -0.23788418077428997, "g6": 0.10090502761586986, "g7": 1.6452832334122818, "i0": 4.5324926186568435, "i1": 0.8313320511799256, "i2": -5.691664875390665, "i3": 0.887701031482862, "i4": 1.2211076459612253, "i5": 0.29222047015219105, "i6": -0.17180446868208973, "i7": 1.5942175345727438, "r0": 1.717369828483107, "r1": 0.8480263972526884, "r2": -1.8090587481112672, "r3": 1.4064249459179095, "r4": 0.9187831329469616, "r5": -0.5303775824102813, "r6": 0.11390685823368855, "r7": 1.5309721481107617}, "datetime": {"datetime": "2020-01-19 02:18:26", "elapsed": 37545.252563, "delta": 35.511536}}
{"target": 20.6, "params": {"d0": 4.0307631605376155, "d1": -1.4793639741120979, "d2": 0.9299822337004533, "g0": 0.518102095589406, "g1": 0.4365344944197924, "g2": -5.064714912450996, "g3": 1.1074459772339162, "g4": 1.1531633733309141, "g5": -0.0008723255392720056, "g6": 0.21551875087647707, "g7": 1.4778571426524492, "i0": 3.7208414704447046, "i1": 0.6133917268853908, "i2": -6.54410662043622, "i3": 0.9240960545400706, "i4": 0.9587664340625874, "i5": -0.2862337713770073, "i6": 0.15581273526723485, "i7": 1.5945574908793692, "r0": 1.873336992165292, "r1": 0.41329953518828216, "r2": -8.7897496370987, "r3": 1.1120641197596937, "r4": 0.990513654046636, "r5": 0.4768822730621642, "r6": 0.19357253071995667, "r7": 1.475344823913002}, "datetime": {"datetime": "2020-01-19 02:19:06", "elapsed": 37585.814809, "delta": 40.562246}}
{"target": 20.4, "params": {"d0": 3.6996910102805236, "d1": -1.5700591386337974, "d2": 1.0944127876519787, "g0": 0.4915104676175406, "g1": 0.33345891655948345, "g2": -5.931771977912353, "g3": 1.2214574290598383, "g4": 1.159639778593027, "g5": -0.06768894205371193, "g6": 0.15961147361890188, "g7": 1.3868438893358748, "i0": 3.8680407686559053, "i1": 0.485948564901913, "i2": -6.4955525730997925, "i3": 0.951147599013876, "i4": 0.9965817713846359, "i5": -0.40423163493146036, "i6": 0.191312390531093, "i7": 1.5361840434472116, "r0": 1.5165451254414866, "r1": 0.1606780655064906, "r2": -8.831906779334599, "r3": 1.2653469080350648, "r4": 1.135927049537112, "r5": 0.23373573317603857, "r6": 0.1497707432462568, "r7": 1.5906209552573256}, "datetime": {"datetime": "2020-01-19 02:19:46", "elapsed": 37625.58225, "delta": 39.767441}}
{"target": 21.0, "params": {"d0": 3.2848775297100525, "d1": -1.705288391661148, "d2": 0.9897064463158626, "g0": 0.4697586958377067, "g1": 0.4856386803389414, "g2": -4.983924446872123, "g3": 1.2283872154360016, "g4": 1.161987772384948, "g5": 0.030107096592827984, "g6": 0.19812237230052307, "g7": 1.8018596506279025, "i0": 3.2654118735061144, "i1": 0.5618258740821512, "i2": -6.336389835753034, "i3": 1.0059498457457543, "i4": 1.0280092500672002, "i5": -0.1831553800698247, "i6": -0.01746731015286137, "i7": 1.4923027924644792, "r0": 3.8995966665474557, "r1": 0.5345196353815433, "r2": -8.341659503768716, "r3": 1.0458753658362914, "r4": 1.1650707577807082, "r5": 0.3883092063557305, "r6": -0.04281499557349953, "r7": 1.663239046625229}, "datetime": {"datetime": "2020-01-19 02:20:27", "elapsed": 37666.224945, "delta": 40.642695}}
{"target": 20.3, "params": {"d0": 3.6790461752263375, "d1": -1.6037472748528787, "d2": 0.9348621168355182, "g0": 0.571344541521476, "g1": 0.2934834430621382, "g2": -6.55950549690672, "g3": 1.0954922625690846, "g4": 0.978270590881955, "g5": -0.07279769789049832, "g6": 0.0902684972243824, "g7": 1.297278601829782, "i0": 3.914490166927845, "i1": 0.4852754127177616, "i2": -6.365922676097174, "i3": 0.9742671472613816, "i4": 0.8997317741751996, "i5": -0.23754426817076038, "i6": 0.220111835474391, "i7": 1.556324813314325, "r0": 1.0947300299418856, "r1": 0.20080252561061407, "r2": -8.590165270244377, "r3": 1.2516377330415058, "r4": 1.1144738846391609, "r5": 0.2653022486375023, "r6": 0.26610373831375705, "r7": 1.5518737933633195}, "datetime": {"datetime": "2020-01-19 02:21:06", "elapsed": 37705.705235, "delta": 39.48029}}
{"target": 20.7, "params": {"d0": 4.22893388162348, "d1": -7.951008918604599, "d2": 1.119125814642191, "g0": 0.43288718958234684, "g1": 0.5385116070370526, "g2": -3.198167344228087, "g3": 1.369037145717296, "g4": 1.0462323186783595, "g5": -0.2145115895206926, "g6": 0.40033632156378346, "g7": 1.3601064453840344, "i0": 0.9453208247963133, "i1": 0.7073061829833718, "i2": -4.474689406915086, "i3": 1.0039841728296623, "i4": 0.9640891935854073, "i5": 0.1505954871355808, "i6": -0.3212978597924793, "i7": 1.5122981585671158, "r0": 3.252649309435827, "r1": 0.732648777723507, "r2": -4.492464438640152, "r3": 0.9482658358761422, "r4": 1.20705827579878, "r5": 0.1853849537906568, "r6": 0.48853973931258043, "r7": 1.7753275813700895}, "datetime": {"datetime": "2020-01-19 02:21:44", "elapsed": 37743.120752, "delta": 37.415517}}
{"target": 20.45, "params": {"d0": 3.652887493070164, "d1": -3.4034173457190233, "d2": 1.2058939618894826, "g0": 0.5906531027871998, "g1": 0.06565922780725522, "g2": -8.43466111675684, "g3": 1.2671666891682254, "g4": 0.8858851508776604, "g5": -0.03688989810069182, "g6": 0.08238143278981842, "g7": 1.3653177480549021, "i0": 4.68206450870026, "i1": 0.739769898001125, "i2": -6.759751660272412, "i3": 0.9716996190608392, "i4": 1.0598961194146603, "i5": -0.6159158996142424, "i6": 0.6281579477166127, "i7": 1.4401123102834144, "r0": 0.20644946507373105, "r1": 0.3859841244516891, "r2": -5.566625566127668, "r3": 1.4104456551760365, "r4": 1.1231412662182394, "r5": -0.0201323220197491, "r6": 0.6193418053448986, "r7": 1.105124457235888}, "datetime": {"datetime": "2020-01-19 02:22:18", "elapsed": 37777.071282, "delta": 33.95053}}
{"target": 20.75, "params": {"d0": 3.6482400954258125, "d1": -1.5597523507872861, "d2": 1.185307676003967, "g0": 0.6070449867287987, "g1": 0.2566965004165162, "g2": -5.967973907005353, "g3": 1.2381112069579474, "g4": 1.1497393089717982, "g5": 0.11554957325012749, "g6": 0.18910617979546676, "g7": 1.4523101184351972, "i0": 3.822912517027318, "i1": 0.5652527484671418, "i2": -6.497457276372394, "i3": 0.9233539524277666, "i4": 0.9178689591037138, "i5": -0.29143210475186093, "i6": -0.07658751161175989, "i7": 1.536859299328083, "r0": 1.5830938398744159, "r1": 0.08771350333492255, "r2": -8.901324385638883, "r3": 1.2504966312772217, "r4": 1.0959813542497157, "r5": 0.182645760445586, "r6": 0.07945223751530366, "r7": 1.6519919071550306}, "datetime": {"datetime": "2020-01-19 02:22:54", "elapsed": 37813.105274, "delta": 36.033992}}
