{"target": 19.55, "params": {"d0": 2.84627127641443, "d1": -7.658506409594521, "d2": 0.8588799783778286, "g0": 0.2901996487257729, "g1": 0.27587106154823726, "g2": -6.502557873186469, "g3": 1.3872562983653414, "g4": 1.2536069346577265, "g5": -0.301517717521708, "g6": 0.8396069521693017, "g7": 1.461661712587307, "i0": 1.4137614444968467, "i1": 0.4675935164564659, "i2": -7.053237397326018, "i3": 0.9712978298559163, "i4": 0.9863249186744818, "i5": -0.0061988548095049684, "i6": 0.3790387499176572, "i7": 1.7452104458294506, "r0": 2.5575574253934144, "r1": 0.49769182222288505, "r2": -5.381278780183036, "r3": 1.2093899420821372, "r4": 1.166294287053146, "r5": -0.24828467547867938, "r6": 0.46484385805476547, "r7": 1.7295436949620298}, "datetime": {"datetime": "2020-01-18 15:52:41", "elapsed": 0.0, "delta": 0.0}}
{"target": 19.4, "params": {"d0": 3.879390398480574, "d1": -2.864048163251655, "d2": 1.0410065683600678, "g0": 0.3670679185472443, "g1": 0.4854451330956726, "g2": -8.120090419440405, "g3": 1.3485937345948045, "g4": 1.1735839316670185, "g5": -0.12614337611694534, "g6": 0.34006486611974773, "g7": 1.6228047407326918, "i0": 1.4679453445353345, "i1": 0.42674725153050735, "i2": -7.57604183694748, "i3": 1.1086413094849892, "i4": 1.120951316185791, "i5": -0.17595731728296718, "i6": 0.1456188225708242, "i7": 1.6150752459028241, "r0": 3.026815831650575, "r1": 0.31261305643069187, "r2": -7.041806190639785, "r3": 1.3578854987692253, "r4": 1.1545905467009105, "r5": -0.2729192355283212, "r6": 0.23714774733283273, "r7": 1.5829732642232457}, "datetime": {"datetime": "2020-01-18 15:54:04", "elapsed": 83.41516, "delta": 83.41516}}
{"target": 20.95, "params": {"d0": 3.4521430042936148, "d1": -1.7392349435828116, "d2": 0.9279258935860227, "g0": 0.28266165743145216, "g1": 0.5301730812981625, "g2": -4.33110482067687, "g3": 1.1941474247028765, "g4": 1.0819412474710604, "g5": -0.05309675369361705, "g6": 0.21838327356453327, "g7": 1.5021321364417923, "i0": 3.4945874728947466, "i1": 0.5071489368794116, "i2": -6.441873730648077, "i3": 1.1002856772303111, "i4": 1.012094941419851, "i5": -0.06190000240238887, "i6": 0.08208869369105097, "i7": 1.4795729445476025, "r0": 3.677861635003542, "r1": 0.5776000088037143, "r2": -8.15031289130599, "r3": 0.9765003655605734, "r4": 1.0738750648598827, "r5": 0.38732998413359365, "r6": 0.05392144578071852, "r7": 1.5864661762919121}, "datetime": {"datetime": "2020-01-18 15:55:13", "elapsed": 152.354018, "delta": 68.938858}}
{"target": 20.4, "params": {"d0": 3.4176748504372143, "d1": -9.523867513236647, "d2": 0.871030977872354, "g0": 0.3463396249667401, "g1": 0.289135348333379, "g2": -4.669787102131363, "g3": 1.0959527709513457, "g4": 1.2299387250019997, "g5": -0.4760226970539102, "g6": 0.1688916828967619, "g7": 1.79192396073146, "i0": 3.204864439971261, "i1": 0.5294572230314066, "i2": -6.467130634433635, "i3": 1.133570447377707, "i4": 1.0209028797088087, "i5": 0.00322300338502364, "i6": -0.3347387053028602, "i7": 1.6017789541981904, "r0": 2.652248739077013, "r1": 0.35517278823620313, "r2": -3.6327842864949744, "r3": 0.9543225505491582, "r4": 1.1034748943903978, "r5": 0.06231223008557599, "r6": 0.6941704329971325, "r7": 1.8480579837838103}, "datetime": {"datetime": "2020-01-18 15:56:21", "elapsed": 220.200274, "delta": 67.846256}}
{"target": 20.8, "params": {"d0": 3.362689991360183, "d1": -1.6493007564758193, "d2": 1.0101546911805743, "g0": 0.5297068632904192, "g1": 0.3983596391695069, "g2": -6.720845565006973, "g3": 1.139503028831009, "g4": 1.0081192384472502, "g5": -0.01358728655103571, "g6": -0.009185263878929139, "g7": 1.305322093700875, "i0": 3.9082534075989557, "i1": 0.4918825447310301, "i2": -6.446974467446018, "i3": 0.9793584585944448, "i4": 0.9454318959207137, "i5": -0.17707814166489044, "i6": 0.18238047799395407, "i7": 1.5958785861155433, "r0": 1.0264694005299975, "r1": 0.23064320685530387, "r2": -8.555909004862398, "r3": 1.2373940807735093, "r4": 1.1634812075565453, "r5": 0.3812479116131391, "r6": 0.3828071386307903, "r7": 1.5807347971744838}, "datetime": {"datetime": "2020-01-18 15:57:34", "elapsed": 293.021908, "delta": 72.821634}}
{"target": 19.3, "params": {"d0": 2.4631649183221724, "d1": -1.7581652841247852, "d2": 1.1640796574550776, "g0": 0.32409445832972794, "g1": 0.28986363310723984, "g2": -4.344982431892816, "g3": 1.3194885830731555, "g4": 1.0373277286879816, "g5": 0.023435303384662116, "g6": 0.5301432508857706, "g7": 1.4818521825636777, "i0": 2.269918819567449, "i1": 0.7033355283782219, "i2": -5.113228808629466, "i3": 1.4780765382473962, "i4": 1.0832957717003302, "i5": 0.11646599676363446, "i6": 0.3663949295376504, "i7": 1.0728790794192256, "r0": 3.3436585372536327, "r1": 0.6889625029317735, "r2": -2.649585996307057, "r3": 1.2111699513122995, "r4": 1.0800211552804204, "r5": -0.4451434579033281, "r6": 0.23086528753727947, "r7": 1.343496591782537}, "datetime": {"datetime": "2020-01-18 15:58:45", "elapsed": 364.107055, "delta": 71.085147}}
{"target": 20.0, "params": {"d0": 3.6506717611049493, "d1": -5.9734444004902665, "d2": 1.0397810982442204, "g0": 0.43533197361010156, "g1": 0.29078002953374427, "g2": -5.77489423755734, "g3": 1.4368044283314059, "g4": 1.0334023625919933, "g5": -0.5707539056047729, "g6": 0.5335079766940558, "g7": 1.6983227509330203, "i0": 0.9170120855367486, "i1": 0.47356211542509363, "i2": -2.4338869842854196, "i3": 1.1370187393342706, "i4": 0.991245165633278, "i5": -0.2698100698921833, "i6": -0.15634476085485596, "i7": 1.3774795913966946, "r0": 3.3902780027382176, "r1": 0.4531082018833572, "r2": -2.5625751740058282, "r3": 1.0708732928642828, "r4": 0.9633363541705016, "r5": 0.4282130118736192, "r6": -0.16542170205493262, "r7": 1.544834853199633}, "datetime": {"datetime": "2020-01-18 15:59:55", "elapsed": 434.491872, "delta": 70.384817}}
{"target": 19.2, "params": {"d0": 3.987054971879497, "d1": -2.951819543328872, "d2": 0.826417346292366, "g0": 0.0786176231575696, "g1": 0.5252675315100936, "g2": -7.031401743509252, "g3": 1.181224110267517, "g4": 1.2447429462369672, "g5": 0.03931824002546026, "g6": 0.8137461212308547, "g7": 1.4090241550290084, "i0": 3.6870490367165183, "i1": 0.29934892284410225, "i2": -2.47792040141563, "i3": 1.1011120110587687, "i4": 0.9601046601827903, "i5": -0.001270426183839719, "i6": 0.5419180134672513, "i7": 1.696977760812861, "r0": 1.1873894736850024, "r1": 0.3805672495747395, "r2": -6.2744200564987995, "r3": 1.3047339703321033, "r4": 1.0813201619499853, "r5": 0.5365947003079822, "r6": 0.28269292448794475, "r7": 1.555515641317482}, "datetime": {"datetime": "2020-01-18 16:01:02", "elapsed": 501.211129, "delta": 66.719257}}
{"target": 19.95, "params": {"d0": 3.0908782290650674, "d1": -1.5287130962895625, "d2": 1.0052357459906385, "g0": 0.2891608214559985, "g1": 0.5168949399522157, "g2": -5.301749185809663, "g3": 1.223420306463974, "g4": 1.1183554241641351, "g5": 0.08866669460949667, "g6": 0.26967174929802706, "g7": 1.8947791139528087, "i0": 2.957424521297804, "i1": 0.4687120157668338, "i2": -7.082599464132781, "i3": 1.1322684127806626, "i4": 1.0940684686419078, "i5": -0.07534492844466535, "i6": 0.19052832983846424, "i7": 1.4826649273794525, "r0": 4.450192638725, "r1": 0.5760525833185184, "r2": -8.577869085413342, "r3": 1.1031711212981885, "r4": 1.1153288526793113, "r5": 0.23796391735876282, "r6": -0.07758063047077364, "r7": 1.4643580913130412}, "datetime": {"datetime": "2020-01-18 16:02:13", "elapsed": 572.683294, "delta": 71.472165}}
{"target": 21.05, "params": {"d0": 3.7366326742084226, "d1": -1.7035473294040686, "d2": 0.9071670769238898, "g0": 0.4222068947418652, "g1": 0.44405982670641125, "g2": -4.54610576679354, "g3": 1.1740058218599594, "g4": 1.0567734790583347, "g5": -0.18329361931927607, "g6": 0.16226339325349334, "g7": 1.2465444782291688, "i0": 3.903252255440917, "i1": 0.5550056478298282, "i2": -5.945190543345399, "i3": 1.000441660659915, "i4": 0.9621773426113439, "i5": -0.027751859353208085, "i6": 0.058309432451244335, "i7": 1.5639648469677496, "r0": 2.1937814195919323, "r1": 0.3998776230001431, "r2": -8.409761894371888, "r3": 0.9783315157799627, "r4": 1.0635712880186095, "r5": 0.47964100489734257, "r6": 0.28733008057405324, "r7": 1.602699817899223}, "datetime": {"datetime": "2020-01-18 16:03:27", "elapsed": 646.599041, "delta": 73.915747}}
{"target": 20.2, "params": {"d0": 2.7100586358921723, "d1": -1.7848919932145058, "d2": 1.0263511910899996, "g0": 0.3778883775361789, "g1": 0.4195901870978005, "g2": -5.132111230165876, "g3": 1.1082834144991758, "g4": 1.052753480801149, "g5": 0.11787259485337304, "g6": 0.2448355612887587, "g7": 1.116414810168303, "i0": 3.1724698581882715, "i1": 0.7197317021143407, "i2": -7.276098892506312, "i3": 0.8976703684044125, "i4": 0.9077472817656352, "i5": 0.22903235862450413, "i6": 0.2794083899831001, "i7": 1.3057900265395876, "r0": 0.9469750457913404, "r1": 0.363716980397497, "r2": -8.811005237410438, "r3": 1.2463434717820245, "r4": 1.1586987474785893, "r5": 0.5607256900639528, "r6": 0.41676368665648833, "r7": 1.3076986388831444}, "datetime": {"datetime": "2020-01-18 16:04:36", "elapsed": 715.098244, "delta": 68.499203}}
{"target": 19.35, "params": {"d0": 3.0035926742131505, "d1": -1.947248126244713, "d2": 0.9678454942911549, "g0": 0.14891404419199628, "g1": 0.5496063673180781, "g2": -5.161694825829014, "g3": 1.1801858631117281, "g4": 1.0396938432116998, "g5": -0.13198053332112064, "g6": 0.2144512490468618, "g7": 1.5390867518034068, "i0": 3.4491149346822336, "i1": 0.3898256309580593, "i2": -5.532820885784202, "i3": 1.0770821174446437, "i4": 0.982055199418846, "i5": 0.0629434559490609, "i6": -0.002719500990600374, "i7": 1.5418916677034122, "r0": 3.1364559633600244, "r1": 0.6288981251429197, "r2": -8.38591044876512, "r3": 0.9447846721622452, "r4": 1.1284898085967967, "r5": 0.7189055622623991, "r6": 0.15463127862966217, "r7": 1.930947621615965}, "datetime": {"datetime": "2020-01-18 16:05:48", "elapsed": 786.982743, "delta": 71.884499}}
{"target": 20.3, "params": {"d0": 4.298179977478139, "d1": -1.510529205523582, "d2": 0.8948579180935969, "g0": 0.4498395056745927, "g1": 0.40375994907451235, "g2": -3.893546276985252, "g3": 1.1920307379947934, "g4": 1.0830971063094612, "g5": -0.13745349718835725, "g6": 0.13946318920208872, "g7": 1.2122150773756293, "i0": 3.8444851779595357, "i1": 0.6689569676677035, "i2": -6.635021781998745, "i3": 1.0042569580766127, "i4": 0.9653026880227269, "i5": -0.25278051513653427, "i6": -0.017937514117913028, "i7": 1.5715195046822106, "r0": 2.684742400792089, "r1": 0.3023099868244043, "r2": -8.076492327741184, "r3": 1.0381434907993476, "r4": 1.0382030726104525, "r5": 0.029752797507069405, "r6": 0.09211532576251169, "r7": 1.3197576500586088}, "datetime": {"datetime": "2020-01-18 16:06:53", "elapsed": 852.537854, "delta": 65.555111}}
{"target": 20.5, "params": {"d0": 4.085498134436542, "d1": -7.871039531301576, "d2": 1.074558545210256, "g0": 0.3248767293921545, "g1": 0.5151696318877815, "g2": -3.3918649688765954, "g3": 1.3755303527445728, "g4": 1.0713693575041014, "g5": -0.24257994889217335, "g6": 0.41243676992665446, "g7": 1.4004209175812017, "i0": 1.0172846379089473, "i1": 0.702146278309147, "i2": -4.443710538589336, "i3": 1.0488092661009287, "i4": 0.9574681276876957, "i5": 0.12214023010540503, "i6": -0.3062720733370235, "i7": 1.5133859920152708, "r0": 3.095801528990235, "r1": 0.6959177482611196, "r2": -4.469218171807167, "r3": 0.9600923353025261, "r4": 1.1916172954596251, "r5": 0.16674904970011212, "r6": 0.5211702110292217, "r7": 1.7387068668860342}, "datetime": {"datetime": "2020-01-18 16:07:59", "elapsed": 918.129613, "delta": 65.591759}}
{"target": 19.55, "params": {"d0": 4.187782565706721, "d1": -7.907341150448289, "d2": 1.1375904444732685, "g0": 0.43816465122461373, "g1": 0.337917062665424, "g2": -7.890001556516647, "g3": 1.3500972417172816, "g4": 1.1821172746985542, "g5": -0.24902627785478013, "g6": 0.810578570781201, "g7": 1.6987810479869097, "i0": 2.295426271558423, "i1": 0.5585560301665372, "i2": -4.5066903095233695, "i3": 0.9435595159340867, "i4": 0.9481638837616574, "i5": -0.3210451416956534, "i6": -0.05649009654987177, "i7": 1.5484125942878761, "r0": 2.2049410158948133, "r1": 0.37031011101196415, "r2": -2.093125174198409, "r3": 1.09489210440983, "r4": 1.004241570680542, "r5": -0.22188863694864522, "r6": -0.04805203080291943, "r7": 1.3347449197766696}, "datetime": {"datetime": "2020-01-18 16:09:08", "elapsed": 987.574838, "delta": 69.445225}}
{"target": 17.3, "params": {"d0": 3.520502410605638, "d1": -3.511229176541546, "d2": 1.2058044779874737, "g0": 0.0, "g1": 0.17677192794928584, "g2": -9.147550396001305, "g3": 1.1979454950160742, "g4": 1.1742307269523597, "g5": -0.058973405547855684, "g6": 0.8995360507782766, "g7": 1.3140537504780319, "i0": 4.601265515909117, "i1": 0.846514773384919, "i2": -4.9107946005625145, "i3": 1.0191366590402116, "i4": 1.195290439621984, "i5": -0.062246283414183694, "i6": 0.4163740610046485, "i7": 1.1006541114048263, "r0": 3.8166538286601823, "r1": 0.5743953890218215, "r2": -2.7810800659735904, "r3": 0.9675828078977433, "r4": 1.1030125406779752, "r5": -0.06811990199730161, "r6": 0.3523153971297306, "r7": 1.3251046173461465}, "datetime": {"datetime": "2020-01-18 16:10:21", "elapsed": 1060.913611, "delta": 73.338773}}
{"target": 20.55, "params": {"d0": 4.153319997157916, "d1": -1.8472613878669304, "d2": 0.8513995916163857, "g0": 0.660654420412795, "g1": 0.36807139032661934, "g2": -5.608028885284847, "g3": 1.1098086873351303, "g4": 1.066638480228293, "g5": -0.10908886193505972, "g6": 0.10370429833713565, "g7": 1.1509630130414195, "i0": 3.8656793809723973, "i1": 0.41639121753408576, "i2": -6.256978844165628, "i3": 1.1230072487197011, "i4": 1.0486821614157886, "i5": -0.06913066236230407, "i6": 0.46350106448014655, "i7": 1.5593213455852142, "r0": 1.5378136974101781, "r1": 0.22290011002569987, "r2": -8.273535321623937, "r3": 1.1187118882045326, "r4": 1.0529937097348698, "r5": 0.28233853679696314, "r6": 0.4407297277957179, "r7": 1.402981176835216}, "datetime": {"datetime": "2020-01-18 16:11:34", "elapsed": 1133.742665, "delta": 72.829054}}
{"target": 20.85, "params": {"d0": 3.679218356079746, "d1": -1.6155689329079979, "d2": 0.7641178258841865, "g0": 0.4681625200787564, "g1": 0.47962733542576697, "g2": -3.3991075798447214, "g3": 1.2490790925700725, "g4": 1.0671705027781488, "g5": -0.09190325665911281, "g6": 0.30434966178111694, "g7": 1.7541779139015166, "i0": 3.9599813334079395, "i1": 0.32268743774101444, "i2": -4.843985343742578, "i3": 1.469846555082491, "i4": 1.1705781545382627, "i5": -0.03955650121033639, "i6": 0.41199220805913817, "i7": 1.2580821590254712, "r0": 4.586695933577457, "r1": 1.0, "r2": -5.0044345215180055, "r3": 1.4823194957489072, "r4": 1.2271544150427502, "r5": -0.41179643268642097, "r6": -0.30953235646942173, "r7": 1.2109890161456338}, "datetime": {"datetime": "2020-01-18 16:12:46", "elapsed": 1205.330621, "delta": 71.587956}}
{"target": 21.5, "params": {"d0": 3.297488289829734, "d1": -9.017996083739309, "d2": 0.8753358163312073, "g0": 0.7849234538922087, "g1": 0.55312042349096, "g2": -5.08604538463998, "g3": 1.4015306373498047, "g4": 1.06983247636528, "g5": -0.3801276285553094, "g6": 0.178544902630745, "g7": 1.6515164731325342, "i0": 4.326885460515849, "i1": 0.7378654734293268, "i2": -5.7583597400446696, "i3": 1.0295961308431174, "i4": 1.0944473921057676, "i5": 0.07692014660323139, "i6": -0.24227649709704058, "i7": 1.7843642659437235, "r0": 1.7977549106064667, "r1": 0.7064327960727941, "r2": -1.8120794125140605, "r3": 1.245182486586069, "r4": 0.9501287378695752, "r5": -0.40807860018837216, "r6": 0.15231279065620404, "r7": 1.5549580267181584}, "datetime": {"datetime": "2020-01-18 16:14:02", "elapsed": 1281.580648, "delta": 76.250027}}
{"target": 19.35, "params": {"d0": 3.1274968430981174, "d1": -8.06003749481452, "d2": 0.9101176963787155, "g0": 0.6019983607529451, "g1": 0.5524149363479384, "g2": -4.601594324445378, "g3": 1.3815750902643342, "g4": 1.0771343231730794, "g5": -0.5310420798145072, "g6": 0.3339897165072456, "g7": 1.5839480984637935, "i0": 3.896803996319685, "i1": 0.8331710240194936, "i2": -6.016496548932777, "i3": 1.0952298586889044, "i4": 1.043094270667052, "i5": -0.00783954524389908, "i6": -0.21832986788437425, "i7": 1.896416471969506, "r0": 1.237482123929819, "r1": 0.5885950516270654, "r2": -1.4795058281538984, "r3": 1.1597353905930172, "r4": 0.9093339078604498, "r5": -0.11434710350588004, "r6": 0.3860153807436674, "r7": 1.5471434405955482}, "datetime": {"datetime": "2020-01-18 16:15:16", "elapsed": 1355.760302, "delta": 74.179654}}
{"target": 20.65, "params": {"d0": 3.4526495856549717, "d1": -9.502415377421055, "d2": 0.8752218513834819, "g0": 0.8594960873109497, "g1": 0.5189007472549828, "g2": -5.664263748575905, "g3": 1.4200879498649372, "g4": 1.0941248859973505, "g5": -0.2528752627081806, "g6": 0.1914388785085847, "g7": 1.6905255964129624, "i0": 4.358271582423258, "i1": 0.6470345059149321, "i2": -5.490706122604005, "i3": 1.0063577146957314, "i4": 1.081850891457217, "i5": 0.024968367975162185, "i6": -0.2024371975615226, "i7": 1.6947042279445872, "r0": 2.171446591770822, "r1": 0.7098595662923931, "r2": -2.2647463691068586, "r3": 1.2734130079125572, "r4": 1.0049192901210502, "r5": -0.5692908644272822, "r6": -0.01980204734388949, "r7": 1.5375030404485244}, "datetime": {"datetime": "2020-01-18 16:16:24", "elapsed": 1423.482486, "delta": 67.722184}}
{"target": 20.35, "params": {"d0": 3.2441616666655193, "d1": -9.390216401951871, "d2": 0.8439869096507661, "g0": 0.6603040261971216, "g1": 0.5125386880104768, "g2": -4.618468315641575, "g3": 1.3442338393345965, "g4": 1.068403964234069, "g5": -0.425029638914077, "g6": -0.0563309925722736, "g7": 1.7181624758057943, "i0": 4.400901529604177, "i1": 0.6899247174671084, "i2": -5.825215774396618, "i3": 1.0330069699597813, "i4": 1.158705024459224, "i5": 0.2685912155741432, "i6": -0.37907875407979236, "i7": 1.7084957514800485, "r0": 2.278236056771586, "r1": 0.7527953099308627, "r2": -2.004211467457317, "r3": 1.2227762278536052, "r4": 0.9575344525505763, "r5": -0.36704722432958203, "r6": 0.2516903463025814, "r7": 1.6490309402893517}, "datetime": {"datetime": "2020-01-18 16:17:37", "elapsed": 1496.345106, "delta": 72.86262}}
{"target": 21.0, "params": {"d0": 3.2932888589785856, "d1": -9.07947572398767, "d2": 0.896333255628302, "g0": 0.9172567619664185, "g1": 0.6053380638903155, "g2": -5.68610468411374, "g3": 1.4388392750387091, "g4": 1.0366213213383673, "g5": -0.33229472649216685, "g6": 0.24165519143428302, "g7": 1.597950180464219, "i0": 4.516815218090522, "i1": 0.7797456352592457, "i2": -6.068804195417338, "i3": 0.9024156411144634, "i4": 1.154384884316492, "i5": 0.15979797156658376, "i6": -0.00920921733761737, "i7": 1.7356188601251588, "r0": 1.6764883993491626, "r1": 0.9324898917932646, "r2": -1.492988061243917, "r3": 1.352675941207087, "r4": 0.9424590224188129, "r5": -0.5822889391009309, "r6": 0.061608414843792265, "r7": 1.5173353509138932}, "datetime": {"datetime": "2020-01-18 16:18:50", "elapsed": 1569.406623, "delta": 73.061517}}
{"target": 20.4, "params": {"d0": 3.4467261046646365, "d1": -8.88785681243216, "d2": 0.8450888252072978, "g0": 1.0431131363161, "g1": 0.6043817983627454, "g2": -5.223671444393726, "g3": 1.4979309464895842, "g4": 1.0262654281825787, "g5": -0.21415640682430875, "g6": 0.18037013485864975, "g7": 1.6079320248979347, "i0": 4.57260952406079, "i1": 0.779560044826988, "i2": -5.140788863275877, "i3": 1.0171653754512482, "i4": 1.095764708481912, "i5": 0.06230831487671026, "i6": -0.28940045119958707, "i7": 1.7999164556601772, "r0": 1.6228024580165443, "r1": 0.7263597975288458, "r2": -1.6250327053565237, "r3": 1.3338870301775572, "r4": 0.9200686595764321, "r5": -0.608011052037182, "r6": -0.11253606235402554, "r7": 1.4552859609324187}, "datetime": {"datetime": "2020-01-18 16:20:03", "elapsed": 1642.567359, "delta": 73.160736}}
{"target": 19.5, "params": {"d0": 3.330843358206991, "d1": -9.496263026028368, "d2": 0.8765145206306825, "g0": 1.0593195998047154, "g1": 0.6264413430503956, "g2": -5.205528932254868, "g3": 1.3806650420582653, "g4": 1.0855536501676475, "g5": -0.40973163516038136, "g6": 0.364012670653748, "g7": 1.6422469206714414, "i0": 4.242596423475862, "i1": 0.6805954237237652, "i2": -6.167048560780268, "i3": 1.0413388854256826, "i4": 0.9928281868657729, "i5": -0.1852420842899709, "i6": -0.23747683981930154, "i7": 1.9709846114660108, "r0": 1.5695577056234191, "r1": 0.5516327312555447, "r2": -1.9482896379967969, "r3": 1.2306651729352784, "r4": 0.979116675963317, "r5": -0.4403242046342703, "r6": 0.1461959082031093, "r7": 1.6086665481498303}, "datetime": {"datetime": "2020-01-18 16:21:12", "elapsed": 1711.314938, "delta": 68.747579}}
{"target": 20.0, "params": {"d0": 3.030937137155295, "d1": -8.674314347470602, "d2": 0.9362420287363135, "g0": 0.5650721067685665, "g1": 0.39876499638588125, "g2": -5.5488146572409045, "g3": 1.399463609252484, "g4": 1.100407510039481, "g5": -0.3948258946180728, "g6": 0.019752947107915125, "g7": 1.6723803545128235, "i0": 4.2581355401558705, "i1": 0.6706381352786149, "i2": -5.67010229732216, "i3": 1.013764717081843, "i4": 1.1609276115379452, "i5": 0.2720902084588611, "i6": -0.12425528590656393, "i7": 1.5066668308840943, "r0": 2.221565760721048, "r1": 0.8178856631713506, "r2": -1.6924070720395317, "r3": 1.2013959952121012, "r4": 0.9917399184241078, "r5": -0.335338984573936, "r6": 0.16304062667442193, "r7": 1.5112857971840223}, "datetime": {"datetime": "2020-01-18 16:22:24", "elapsed": 1783.32509, "delta": 72.010152}}
