{"target": 12.45, "params": {"d0": 2.08511002351287, "d1": -2.7967550655784192, "d2": 0.7000914998538759, "g0": 1.5116628631591988, "g1": 0.14675589081711304, "g2": -9.076614052312022, "g3": 0.8490081691021367, "g4": 0.972780363521524, "g5": -0.1651720412309281, "g6": 0.3082251010050354, "g7": 1.3611139658436242, "i0": 3.4260975019837976, "i1": 0.20445224973151743, "i2": -1.2188256360905463, "i3": 0.7219100745583409, "i4": 1.135233755089201, "i5": -0.13231231621259687, "i6": 0.33803474266862743, "i7": 1.0544256324547572, "r0": 0.990507445424394, "r1": 0.8007445686755367, "r2": -0.31738424280602473, "r3": 0.9507393425273942, "r4": 1.146161307834657, "r5": 0.6022226436736613, "r6": 0.8419099952557709, "r7": 0.9935486325067557}, "datetime": {"datetime": "2020-01-17 20:46:53", "elapsed": 0.001998, "delta": 0.000999}}
{"target": 14.4, "params": {"d0": 3.1183610352780446, "d1": -2.4905756597266286, "d2": 0.979118673582274, "g0": 1.3496394588251304, "g1": 0.8958862181960668, "g2": -5.719088101287051, "g3": 1.4718720377187084, "g4": 1.131720748909224, "g5": 0.19471315233459485, "g6": -0.3278810405699372, "g7": 1.9444381845777783, "i0": 2.2495606673997024, "i1": 0.5783896143871318, "i2": -5.918631972387188, "i3": 0.8896215841944222, "i4": 1.251689760281127, "i5": 0.11788717867565734, "i6": -0.49569450945326154, "i7": 1.5788594049827962, "r0": 1.6332245088604807, "r1": 0.5270581022576093, "r2": -1.1405790068922546, "r3": 0.9858158080019999, "r4": 1.2542675754598998, "r5": 0.19737618526688439, "r6": -0.4762681357301656, "r7": 1.9223809571181376}, "datetime": {"datetime": "2020-01-17 20:47:23", "elapsed": 29.465411, "delta": 29.463413}}
{"target": 17.0, "params": {"d0": 3.45448458758462, "d1": -0.026771495485194308, "d2": 0.8378724066762628, "g0": 0.6856787481443888, "g1": 0.9325954630371636, "g2": -3.0318183851009985, "g3": 0.7528001381776499, "g4": 1.1777315263012333, "g5": 0.4062019015379943, "g6": 0.884536803319725, "g7": 1.682677234491319, "i0": 0.6213548098608235, "i1": 0.01988013383979559, "i2": -9.737890131222807, "i3": 0.7226451904166357, "i4": 0.923105533801523, "i5": 0.5760447178926209, "i6": 0.3082465965124792, "i7": 1.5081041765543426, "r0": 4.210154461798028, "r1": 0.12417331511991114, "r2": -7.208163209888605, "r3": 1.1686074171666303, "r4": 1.2847978741598374, "r5": 0.09764835080913592, "r6": -0.47202906594058547, "r7": 1.7806959399486781}, "datetime": {"datetime": "2020-01-17 20:48:04", "elapsed": 70.822678, "delta": 41.357267}}
{"target": 15.65, "params": {"d0": 1.1648713692051023, "d1": -1.928948043812209, "d2": 1.0102885152513374, "g0": 4.317709272797144, "g1": 0.7471216427371846, "g2": -4.437597660095811, "g3": 0.809164180528548, "g4": 0.8299588447561059, "g5": -0.6058504708148202, "g6": -0.4331721821828574, "g7": 1.0182435420167022, "i0": 1.1285466930392736, "i1": 0.7129889803826767, "i2": -4.402830179458576, "i3": 0.7100447841272927, "i4": 0.8359871398447434, "i5": 0.7476421280004353, "i6": 0.3521506928799132, "i7": 1.1236225581270896, "r0": 1.2616287228516172, "r1": 0.7438258540750929, "r2": -8.045705188906812, "r3": 1.1650871418186062, "r4": 1.2850099945441562, "r5": 0.5549260823840565, "r6": -0.14022836127862076, "r7": 1.443146685695603}, "datetime": {"datetime": "2020-01-17 20:48:44", "elapsed": 110.358815, "delta": 39.536137}}
{"target": 19.15, "params": {"d0": 3.0997785919068988, "d1": -1.7101910044982134, "d2": 0.8254331157168674, "g0": 0.09288101088704759, "g1": 0.07002214371922233, "g2": -5.1365488906296815, "g3": 1.1850635693226643, "g4": 1.0844257185432407, "g5": -0.29222014508454286, "g6": 0.9829242316186733, "g7": 1.5377197411703767, "i0": 1.900705863117752, "i1": 0.5509482191178968, "i2": -2.546655690934979, "i3": 1.2353863147625477, "i4": 0.9324597788314047, "i5": -0.6938642649144935, "i6": 0.05512629687115944, "i7": 1.592689257723721, "r0": 1.0508700495741978, "r1": 0.7527555537388139, "r2": -9.33463518645885, "r3": 0.9082520788628328, "r4": 1.2023772818716727, "r5": -0.4905051478026756, "r6": 0.45919132131991014, "r7": 1.4771373400361072}, "datetime": {"datetime": "2020-01-17 20:49:21", "elapsed": 148.187678, "delta": 37.828863}}
{"target": 2.65, "params": {"d0": 4.624039851996754, "d1": -7.36703229512889, "d2": 0.752768872547219, "g0": 3.675329816443347, "g1": 0.7721780295432468, "g2": -0.9218414749647597, "g3": 1.4455776553574697, "g4": 0.8069757864877986, "g5": -0.4250206622057272, "g6": 0.4251675355024864, "g7": 1.9439179527563781, "i0": 4.750880596235398, "i1": 0.5566531881951564, "i2": -0.8439365023372538, "i3": 1.21325296715707, "i4": 0.9950038570706232, "i5": -0.02241493264494443, "i6": 0.40646572437995987, "i7": 1.504502713659419, "r0": 4.6309071335322685, "r1": 0.9187334356336061, "r2": -6.051243870764451, "r3": 1.4706100227525694, "r4": 0.8869778333402323, "r5": -0.5978727688965804, "r6": -0.297381262929903, "r7": 1.4562283822445865}, "datetime": {"datetime": "2020-01-17 20:50:05", "elapsed": 192.001434, "delta": 43.813756}}
{"target": 17.85, "params": {"d0": 0.10762402637098989, "d1": -0.5202978878231903, "d2": 1.361692376936586, "g0": 0.0750949037106119, "g1": 0.17619625557505525, "g2": -6.67936425633163, "g3": 0.8047974758487335, "g4": 1.204745346063291, "g5": -0.24842135570673052, "g6": 0.9101612235000507, "g7": 1.540215597941788, "i0": 4.39415992205922, "i1": 0.8447344453922219, "i2": -0.9460768129135069, "i3": 1.0679042126534455, "i4": 1.0731734080101867, "i5": 0.47776574584326315, "i6": -0.07142172239877864, "i7": 1.4392788748819205, "r0": 2.9955515382293916, "r1": 0.015533275550835723, "r2": -4.065185918033628, "r3": 1.0469410791915665, "r4": 1.2036802644424207, "r5": -0.29560831504740326, "r6": 0.8393330627877269, "r7": 1.5356429368129891}, "datetime": {"datetime": "2020-01-17 20:50:43", "elapsed": 230.072557, "delta": 38.071123}}
{"target": 16.5, "params": {"d0": 0.9200510081373253, "d1": -2.120707661744957, "d2": 1.1896249416359472, "g0": 0.2695463603687648, "g1": 0.4201936800011322, "g2": -3.2093116343457044, "g3": 1.4348814223820208, "g4": 0.8002010124456788, "g5": 0.7628146384496954, "g6": 0.0648704721186617, "g7": 1.971161892194155, "i0": 3.023580504870265, "i1": 0.828845807980693, "i2": -4.252884952918977, "i3": 1.2024609586458803, "i4": 0.942788140847847, "i5": 0.13893334504973276, "i6": 0.6250326455539899, "i7": 1.8441452200719466, "r0": 3.775410942338401, "r1": 0.698057248447303, "r2": -1.355205699454002, "r3": 0.9581447974693971, "r4": 1.1353943953937937, "r5": -0.07860170173864134, "r6": 0.07315412804727583, "r7": 1.3518924849144043}, "datetime": {"datetime": "2020-01-17 20:51:24", "elapsed": 270.753016, "delta": 40.680459}}
{"target": 11.8, "params": {"d0": 0.9269026232390115, "d1": -0.6684423717677443, "d2": 1.4486025661537065, "g0": 1.4177225680182726, "g1": 0.27463424842386297, "g2": -4.4856842632662755, "g3": 0.8482313914948418, "g4": 1.021050555313383, "g5": -0.503491766499705, "g6": 0.9210638769309389, "g7": 1.4432071232401942, "i0": 4.819588837119989, "i1": 0.6449416725122118, "i2": -5.156842269676144, "i3": 1.474156196768958, "i4": 0.8715948908543815, "i5": 0.21172779946639464, "i6": 0.49283255175519636, "i7": 1.3772238098679985, "r0": 0.29678612669478743, "r1": 0.4927226011660333, "r2": -5.348660564819225, "r3": 1.3453974486198907, "r4": 0.9283304949764881, "r5": -0.1737114192251703, "r6": -0.13974168916793417, "r7": 1.6550877566896005}, "datetime": {"datetime": "2020-01-17 21:19:11", "elapsed": 1938.262383, "delta": 43.484094}}
{"target": 20.4, "params": {"d0": 4.949417266685577, "d1": -8.225704631317381, "d2": 1.3571573921810378, "g0": 1.1549427964081667, "g1": 0.05797581337276703, "g2": -8.611834819543263, "g3": 1.448122492433911, "g4": 1.2442710516781141, "g5": -0.337183207227344, "g6": 0.9216460991524102, "g7": 1.834923588754561, "i0": 2.1732739703583674, "i1": 0.4680495548664728, "i2": -3.7014697841657727, "i3": 0.8264254679710501, "i4": 0.8073910433710465, "i5": -0.37518077204418265, "i6": -0.4768345520858587, "i7": 1.6419487285784833, "r0": 2.7573441790638826, "r1": 0.32164814560277766, "r2": -2.1979766288024134, "r3": 0.8166283449718216, "r4": 0.9224403193809418, "r5": -0.33229798073714606, "r6": -0.20610208025151178, "r7": 0.9967325521476637}, "datetime": {"datetime": "2020-01-17 21:19:56", "elapsed": 1983.02717, "delta": 44.764787}}
{"target": 4.95, "params": {"d0": 0.2639192805928525, "d1": -1.096949727757588, "d2": 1.0236115039842861, "g0": 4.646365910701984, "g1": 0.40207817380056154, "g2": -9.23167715225319, "g3": 0.8962409152959941, "g4": 0.9751302528536014, "g5": 0.40116526776836015, "g6": -0.22287777147607452, "g7": 1.3740710190984617, "i0": 4.366227099079843, "i1": 0.5337610913727832, "i2": -8.968452802509434, "i3": 0.7196179896437057, "i4": 1.1529049005805243, "i5": 0.7666039855331472, "i6": 0.6777478944284603, "i7": 1.7411988165299594, "r0": 3.3772375783900994, "r1": 0.7955027102986651, "r2": -9.599822143273563, "r3": 0.9117453053734832, "r4": 1.1476987679857762, "r5": 0.5871813273723903, "r6": 0.5119103077252363, "r7": 1.0939037407817749}, "datetime": {"datetime": "2020-01-17 21:53:09", "elapsed": 3975.306222, "delta": 52.179203}}
{"target": 20.1, "params": {"d0": 4.6815422997284655, "d1": -0.9662129988914714, "d2": 0.7693430129120851, "g0": 0.965000187871265, "g1": 0.2751930306105267, "g2": -2.615881293953932, "g3": 1.3874986626406856, "g4": 1.0891611937257757, "g5": -0.48056708695734046, "g6": 0.12263483143204368, "g7": 1.051645120290518, "i0": 4.5869809342921215, "i1": 0.7645309404104735, "i2": -4.897861661939224, "i3": 1.0628600345366703, "i4": 0.848921039172785, "i5": -0.29011942991947637, "i6": -0.3190508069639053, "i7": 1.7605718696984862, "r0": 2.7244185333809727, "r1": 0.22727738141515885, "r2": -7.757971607440637, "r3": 0.9083185580126284, "r4": 0.954436376158128, "r5": -0.17967178914974424, "r6": -0.053676601434144156, "r7": 1.6475114839864655}, "datetime": {"datetime": "2020-01-17 21:53:46", "elapsed": 4012.894338, "delta": 37.588116}}
{"target": 20.15, "params": {"d0": 3.8130511598059247, "d1": -2.910379667884884, "d2": 1.4610374830553994, "g0": 1.207772450735931, "g1": 0.5613397077830184, "g2": -9.562267324321903, "g3": 1.4385423672140287, "g4": 1.2726282893793026, "g5": 0.001450151823253143, "g6": 0.37917617227879563, "g7": 1.7491360295625675, "i0": 1.2466559213872808, "i1": 0.3789904760461922, "i2": -7.113944038010047, "i3": 1.1310431721719314, "i4": 1.274478411907007, "i5": -0.18335888072023176, "i6": -0.4324853512793914, "i7": 1.650770495980435, "r0": 2.4751533008993905, "r1": 0.2965120008987219, "r2": -5.841113932907889, "r3": 1.3900082375054168, "r4": 1.2105088567749276, "r5": -0.5266458558392049, "r6": 0.5276999173690937, "r7": 1.997429697399844}, "datetime": {"datetime": "2020-01-17 23:03:18", "elapsed": 8184.541907, "delta": 36.371362}}
{"target": 19.35, "params": {"d0": 3.9217964902041977, "d1": -2.7495364456463083, "d2": 0.9480159833682671, "g0": 0.7973539529220575, "g1": 0.8643221540234217, "g2": -3.8965378158337325, "g3": 1.012072318827021, "g4": 1.1777953674104398, "g5": 0.34980461715408806, "g6": 0.47099968821610694, "g7": 1.1279896977196737, "i0": 4.427639088973497, "i1": 0.7190059624284972, "i2": -6.973694365853785, "i3": 0.7508787991013621, "i4": 1.2563982077479352, "i5": 0.47016009352260557, "i6": 0.24787546445739306, "i7": 1.3553177136289836, "r0": 3.0778123699454536, "r1": 0.3985151761030816, "r2": -9.610819599745081, "r3": 0.9415746656842865, "r4": 0.9231392790617683, "r5": 0.7556841402754022, "r6": 0.6512470736490321, "r7": 1.3440662752191574}, "datetime": {"datetime": "2020-01-17 23:03:54", "elapsed": 8220.659512, "delta": 36.117605}}
{"target": 19.45, "params": {"d0": 1.8698891621488682, "d1": -7.559834646745061, "d2": 0.7163892579514716, "g0": 1.1634430459092142, "g1": 0.16160164914472763, "g2": -7.618396039383794, "g3": 1.404770533108188, "g4": 1.1657997161915805, "g5": -0.41057746956300395, "g6": 0.6895814080105218, "g7": 1.498532938503041, "i0": 2.0324312223748593, "i1": 0.20580226293412685, "i2": -6.892681197241631, "i3": 0.7633972144237346, "i4": 0.9168117546429844, "i5": 0.26520223406679566, "i6": 0.026530231008656813, "i7": 1.8016922149961307, "r0": 3.3057745040386592, "r1": 0.6243511027441567, "r2": -5.797221602134989, "r3": 1.216001826291616, "r4": 1.2374153273698547, "r5": -0.3019637543386594, "r6": 0.014128040846560386, "r7": 1.8335470721701665}, "datetime": {"datetime": "2020-01-17 23:15:45", "elapsed": 8931.772348, "delta": 35.627609}}
{"target": 20.3, "params": {"d0": 2.6494705642274807, "d1": -0.7631191279272933, "d2": 0.8500423581875121, "g0": 1.0743663066189786, "g1": 0.8624587457320549, "g2": -9.005096190458307, "g3": 1.0773299002324155, "g4": 1.2197017796375604, "g5": 0.3099785657236147, "g6": 0.1933622267529025, "g7": 1.0817183435653421, "i0": 2.754079459186547, "i1": 0.9879786688777412, "i2": -1.9484245533436688, "i3": 0.7439430672458067, "i4": 1.1554641880973426, "i5": 0.7625860393088215, "i6": -0.2099391146688655, "i7": 1.9520484769536828, "r0": 1.1667277363657758, "r1": 0.8193978224592456, "r2": -8.505813158086703, "r3": 1.1112837905097301, "r4": 0.9820073415671348, "r5": 0.27310004311943237, "r6": -0.23132436454743754, "r7": 1.5377231749375375}, "datetime": {"datetime": "2020-01-17 23:16:19", "elapsed": 8965.836562, "delta": 34.064214}}
{"target": 20.05, "params": {"d0": 4.368738241729649, "d1": -5.22560970062293, "d2": 1.2853785664141362, "g0": 1.0915837649175042, "g1": 0.6698300014255412, "g2": -5.559728364598917, "g3": 1.490912155117745, "g4": 0.9431241296038262, "g5": -0.6264105273195254, "g6": 0.3203516703722422, "g7": 1.649288649777953, "i0": 0.6736013374161637, "i1": 0.5392440436430704, "i2": -2.5560892663444443, "i3": 0.7894747477829149, "i4": 1.1928356315654733, "i5": 0.07065377667336747, "i6": -0.48421319661164886, "i7": 1.5480076839915577, "r0": 4.0233511467139, "r1": 0.9909430662723419, "r2": -0.08690380954530852, "r3": 1.031160321291865, "r4": 0.8186675023961296, "r5": 0.7526594106821314, "r6": -0.16919047442254498, "r7": 1.950512730401881}, "datetime": {"datetime": "2020-01-17 23:26:59", "elapsed": 9605.590768, "delta": 33.173611}}
{"target": 18.15, "params": {"d0": 3.553236327660525, "d1": -7.983580820217556, "d2": 1.230894442408784, "g0": 1.2475786284350776, "g1": 0.20624742931788842, "g2": -6.2982845657577835, "g3": 1.1070853461962844, "g4": 1.1404628262812924, "g5": -0.30464758074481857, "g6": 0.07350505581910483, "g7": 1.7370212784785584, "i0": 1.6501537821178562, "i1": 0.0637994047144127, "i2": -9.538955425355159, "i3": 0.8079402933342851, "i4": 1.0347578748656296, "i5": -0.18543343861318795, "i6": 0.5127976708964679, "i7": 1.0049340477987592, "r0": 0.8090243752414183, "r1": 0.9691439205911079, "r2": -5.755149674791289, "r3": 1.4328424360214937, "r4": 0.9171728585692274, "r5": 0.7720759108027349, "r6": -0.31026761307576795, "r7": 1.7579151664770234}, "datetime": {"datetime": "2020-01-17 23:28:51", "elapsed": 9717.72576, "delta": 34.206062}}
{"target": 20.35, "params": {"d0": 4.90315836014327, "d1": -5.129737325232853, "d2": 1.0919084863412345, "g0": 0.8757297516630208, "g1": 0.6089411381905278, "g2": -7.571179593401879, "g3": 1.273437726473117, "g4": 1.0370331786190312, "g5": -0.4281789488345673, "g6": 0.191019853538974, "g7": 0.9270680525872044, "i0": 0.48565643170110806, "i1": 0.101454845358938, "i2": -6.107787712356343, "i3": 1.2727726991048327, "i4": 0.8264410363960033, "i5": -0.780019285798561, "i6": -0.2787950550813245, "i7": 1.9303428120059531, "r0": 4.328675236040124, "r1": 0.4025197248486858, "r2": -8.38705970121131, "r3": 0.9838594363867531, "r4": 1.2674162963797033, "r5": 0.22967749867100884, "r6": 0.2066026217171738, "r7": 1.3426045413174128}, "datetime": {"datetime": "2020-01-17 23:29:24", "elapsed": 9751.221564, "delta": 33.495804}}
{"target": 20.2, "params": {"d0": 3.3105281318722763, "d1": -6.469275784355659, "d2": 0.844482193176236, "g0": 0.7833033826754582, "g1": 0.23698957339268245, "g2": -6.715406264446134, "g3": 1.3956765396459803, "g4": 0.8609569731291209, "g5": -0.5309713878615385, "g6": 0.05568265848023901, "g7": 1.5647806200727845, "i0": 0.2790749943514609, "i1": 0.24522609656075878, "i2": -1.6602856917369717, "i3": 1.2303068468268497, "i4": 0.9757153349392129, "i5": -0.6172602968159977, "i6": -0.012644521739747616, "i7": 1.168967646604332, "r0": 3.552825638542048, "r1": 0.30054654909915157, "r2": -3.2276414320738036, "r3": 1.0301248266161942, "r4": 0.9749691908772158, "r5": 0.45731608933456913, "r6": -0.22189461978246966, "r7": 1.4025051874626318}, "datetime": {"datetime": "2020-01-17 23:39:41", "elapsed": 10368.107121, "delta": 34.729544}}
{"target": 19.35, "params": {"d0": 3.3288250430201565, "d1": -7.256390016125839, "d2": 1.2802034979459616, "g0": 0.2861713711005248, "g1": 0.6621188950507615, "g2": -9.439032492936125, "g3": 1.2260169863600878, "g4": 0.9748554697219964, "g5": 0.377303406128743, "g6": 0.12686276447195155, "g7": 1.5109801876396245, "i0": 0.9482917730209872, "i1": 0.27767456638742927, "i2": -5.139086805093997, "i3": 0.7372243520979855, "i4": 1.2244666375792188, "i5": -0.09821677043059718, "i6": -0.21455116592944845, "i7": 1.0645556805026566, "r0": 0.6311877080982276, "r1": 0.48221085343411485, "r2": -0.05580613081471775, "r3": 1.3685189994662394, "r4": 1.2399664276419888, "r5": 0.021220053207906098, "r6": -0.4803423386054114, "r7": 1.7681670952750412}, "datetime": {"datetime": "2020-01-18 00:37:52", "elapsed": 13859.097925, "delta": 50.644282}}
{"target": 19.95, "params": {"d0": 2.587643984283071, "d1": -8.53807808092522, "d2": 0.9874759841416922, "g0": 1.8065460528510364, "g1": 0.21579511770170312, "g2": -9.631507184502436, "g3": 1.439342274808127, "g4": 0.9771588800201656, "g5": -0.48672217297877013, "g6": 0.7961375215849167, "g7": 1.4478588009486737, "i0": 4.099625526997955, "i1": 0.7633197486269943, "i2": -8.832752557697287, "i3": 1.1128629276248878, "i4": 0.9671203506334172, "i5": 0.29750964332508234, "i6": 0.6808264298713205, "i7": 1.2131806485190837, "r0": 2.1000311514262044, "r1": 0.8823536895538509, "r2": -2.3599590051960924, "r3": 0.9279218277807308, "r4": 1.1619411711806802, "r5": -0.7565755898502146, "r6": 0.3449427021576691, "r7": 0.9451850315841206}, "datetime": {"datetime": "2020-01-18 00:48:37", "elapsed": 14503.717662, "delta": 38.690991}}
{"target": 11.85, "params": {"d0": 2.9007825366986046, "d1": -0.28828757200037813, "d2": 1.493679590680712, "g0": 1.0143668774300318, "g1": 0.44452018614946953, "g2": -5.252511726055291, "g3": 0.9381108549202839, "g4": 0.9417522903761185, "g5": 0.5433939165174817, "g6": 0.9431410824078685, "g7": 1.1317584173310393, "i0": 4.4586688546659845, "i1": 0.3919761997496889, "i2": -3.4857424406713307, "i3": 0.9270881939530144, "i4": 1.2705408324988285, "i5": 0.45890754375895315, "i6": -0.210840170846595, "i7": 1.576542923494536, "r0": 4.8439808770182555, "r1": 0.28458535831069753, "r2": -6.3846726117728725, "r3": 0.8628897761690056, "r4": 1.119384010545093, "r5": 0.6285115899705349, "r6": 0.012544884347541752, "r7": 1.0368386596541936}, "datetime": {"datetime": "2020-01-18 00:51:53", "elapsed": 14699.300938, "delta": 47.791657}}
{"target": 7.0, "params": {"d0": 1.7383847157681698, "d1": -3.732776071215361, "d2": 1.2878706991768045, "g0": 3.032651177071917, "g1": 0.07620657755850446, "g2": -0.6017889366697666, "g3": 0.8515131820751226, "g4": 1.08704282071985, "g5": 0.6509348612279349, "g6": 0.9600787640462292, "g7": 1.8435482650511363, "i0": 0.6454555655824823, "i1": 0.907018079749575, "i2": -6.724868292681524, "i3": 1.1659086732700539, "i4": 0.8702295583100058, "i5": 0.02035914708226394, "i6": 0.20099448308741286, "i7": 0.9058442938353539, "r0": 1.4310421732214413, "r1": 0.14344875597470286, "r2": -6.4647576726491565, "r3": 0.9173368055826577, "r4": 1.0355630780477036, "r5": 0.434483466654054, "r6": -0.46904525427796706, "r7": 1.1503382464070868}, "datetime": {"datetime": "2020-01-18 00:52:34", "elapsed": 14741.189165, "delta": 41.888227}}
{"target": 17.15, "params": {"d0": 4.917653465876733, "d1": -9.403909542971673, "d2": 1.1764048355955128, "g0": 4.991408556762261, "g1": 0.6007871963460314, "g2": -9.473664828409454, "g3": 0.7997391887062552, "g4": 1.2475732142676614, "g5": 0.5894674678002876, "g6": 0.32316819970894595, "g7": 1.1888382494762986, "i0": 2.551738604398089, "i1": 0.25377380184147014, "i2": -3.098655652622697, "i3": 1.1832992337661326, "i4": 1.1939907530117992, "i5": -0.019778498362199137, "i6": -0.44245914376987094, "i7": 1.7690235083174533, "r0": 1.0468754161980613, "r1": 0.2266383120797837, "r2": -4.583620595299801, "r3": 1.3580759497773947, "r4": 1.2745468618197382, "r5": -0.414763046704155, "r6": 0.8442957607578938, "r7": 1.9021345439657629}, "datetime": {"datetime": "2020-01-18 00:53:14", "elapsed": 14780.425098, "delta": 39.235933}}
{"target": 11.35, "params": {"d0": 3.722102791828095, "d1": -6.25738368387953, "d2": 1.1382832307486839, "g0": 0.688166310902128, "g1": 0.5752733696195127, "g2": -4.243864003273167, "g3": 1.1667784761630131, "g4": 1.2601152181760438, "g5": 0.052961364268324984, "g6": -0.13865880697539829, "g7": 1.4997582433404244, "i0": 0.6368715469818548, "i1": 0.07478072698450766, "i2": -1.6938955461942413, "i3": 1.2785242705352613, "i4": 0.841955849453101, "i5": 0.09213144251678906, "i6": 0.28765832207588593, "i7": 1.4580429022040233, "r0": 0.162023631328283, "r1": 0.9603705788570991, "r2": -0.7235010845412866, "r3": 1.4715316598119426, "r4": 1.0666910350902925, "r5": -0.5973761684599831, "r6": 0.5984336509747501, "r7": 1.9447061018886345}, "datetime": {"datetime": "2020-01-18 00:53:34", "elapsed": 14801.085999, "delta": 20.660901}}
