{"target": 14.6, "params": {"d0": 0.7391119980436045, "d1": -1.0337196009373315, "d2": 1.3591191735180705, "g0": 1.5757580964472147, "g1": 0.9698190799996314, "g2": -2.115453536638663, "g3": 1.1291767852474328, "g4": 1.0105483057098947, "g5": -0.5072686354617597, "g6": 0.219848888870271, "g7": 1.7164396386671736, "i0": 2.974912833291066, "i1": 0.3660672900003564, "i2": -6.808953042891702, "i3": 1.291099319852032, "i4": 1.1741272370657734, "i5": -0.5555047027050171, "i6": 0.179756685069975, "i7": 1.9895867179194857, "r0": 2.583810893710109, "r1": 0.44715372525106656, "r2": -3.578244543581084, "r3": 0.9695617326990351, "r4": 0.8362207590912836, "r5": 0.35607253725735233, "r6": 0.016301961688170552, "r7": 1.43520336241953}, "datetime": {"datetime": "2020-01-18 06:08:40", "elapsed": 33706.965982, "delta": 34.216061}}
{"target": 13.25, "params": {"d0": 0.8865118028088331, "d1": -7.310768327305074, "d2": 1.3507393284777263, "g0": 2.0997210046151764, "g1": 0.6812772785512455, "g2": -6.996802382647521, "g3": 0.9667823623706546, "g4": 1.096794720634435, "g5": -0.04667722389259532, "g6": 0.3855205756888175, "g7": 1.4661252800884659, "i0": 3.3004273432078124, "i1": 0.5596757789315207, "i2": -6.471661121635613, "i3": 0.9932041339121951, "i4": 1.0959569891119731, "i5": 0.7588201068542757, "i6": -0.06404417960137149, "i7": 1.1688946953981376, "r0": 0.38492718793041114, "r1": 0.40928442192212056, "r2": -9.562056428990038, "r3": 1.0925936676660604, "r4": 1.2366054797711097, "r5": 0.44598146678603157, "r6": 0.4245766460960091, "r7": 1.0507524360305018}, "datetime": {"datetime": "2020-01-18 06:09:22", "elapsed": 33749.179872, "delta": 42.21389}}
{"target": 13.0, "params": {"d0": 1.751842856127872, "d1": -5.20470856282701, "d2": 0.9902033889048987, "g0": 2.0628381056796052, "g1": 0.5835539396228576, "g2": -0.515210584031605, "g3": 1.1338470785905461, "g4": 1.0943179332620445, "g5": -0.3334263112116757, "g6": -0.2211373464598126, "g7": 1.3735130206660602, "i0": 0.039917673927244435, "i1": 0.44039093179522293, "i2": -5.43498667158544, "i3": 0.8778927631446387, "i4": 0.8161765420992961, "i5": 0.5149759327933146, "i6": 0.6025990309181273, "i7": 1.4835314838961562, "r0": 2.0791316584375137, "r1": 0.30040371430713597, "r2": -0.8424277220993375, "r3": 1.3644549871232112, "r4": 1.1465973882052376, "r5": 0.7214765713147464, "r6": -0.369565292886964, "r7": 1.230422134519598}, "datetime": {"datetime": "2020-01-18 06:09:54", "elapsed": 33781.116266, "delta": 31.936394}}
{"target": 16.0, "params": {"d0": 4.190217359650325, "d1": -6.544543311368169, "d2": 0.7446870384207949, "g0": 0.6318871780630442, "g1": 0.727474265377039, "g2": -0.6128474586558781, "g3": 0.9316591841356705, "g4": 1.1003482541196827, "g5": 0.5875764561078229, "g6": 0.6539595522758224, "g7": 1.9162746190833997, "i0": 3.348863768122536, "i1": 0.8457609494918197, "i2": -6.680907442717553, "i3": 0.7720657330602876, "i4": 1.2936785655740959, "i5": 0.10319082283857917, "i6": -0.02796477085659138, "i7": 1.5604234228679674, "r0": 1.3726095749586182, "r1": 0.5514951019743847, "r2": -8.975217672134653, "r3": 1.1171688202929442, "r4": 1.2750805243261474, "r5": 0.5883662452778473, "r6": 0.1387989121083868, "r7": 1.0028011914518338}, "datetime": {"datetime": "2020-01-18 06:10:24", "elapsed": 33810.999246, "delta": 29.88298}}
{"target": 16.3, "params": {"d0": 1.4345589917388624, "d1": -1.0177319329969876, "d2": 1.0166437083294042, "g0": 1.5071758749703164, "g1": 0.7042007587171842, "g2": -8.520457220034782, "g3": 0.933696806809699, "g4": 0.9165626642525242, "g5": 0.5257339384643165, "g6": 0.599227032610085, "g7": 1.9861177894697293, "i0": 4.811579850052, "i1": 0.9970298267116398, "i2": -2.6703947958530803, "i3": 0.724902876955861, "i4": 1.2415428338085313, "i5": -0.636995450246258, "i6": 0.2143269955153022, "i7": 1.3993906569928232, "r0": 2.932616586361533, "r1": 0.8313081252296294, "r2": -1.8776376219120579, "r3": 1.4536469406295947, "r4": 1.1756679479043086, "r5": 0.4308766345643653, "r6": -0.4011534355001754, "r7": 1.938525757734705}, "datetime": {"datetime": "2020-01-18 06:10:59", "elapsed": 33845.309707, "delta": 34.310461}}
{"target": 11.95, "params": {"d0": 3.7891037697145387, "d1": -7.071561514552335, "d2": 1.0282769574544646, "g0": 2.429171346215522, "g1": 0.19530156646390417, "g2": -7.550647747823707, "g3": 1.2145889533225391, "g4": 0.8908232748913114, "g5": -0.12565158888206052, "g6": 0.2934742053767847, "g7": 0.9688164877773575, "i0": 4.130075501731184, "i1": 0.4416442362939983, "i2": -7.548569147429206, "i3": 1.1838341504916237, "i4": 0.9385512726238506, "i5": 0.6201794213225622, "i6": 0.7489859876278888, "i7": 1.8844632163472115, "r0": 2.1387782447849264, "r1": 0.69545596023326, "r2": -9.509224469723772, "r3": 1.2579118439973984, "r4": 1.099073952667067, "r5": 0.09154182132878541, "r6": -0.07342839434081827, "r7": 1.1000076901616709}, "datetime": {"datetime": "2020-01-18 06:11:25", "elapsed": 33872.082367, "delta": 26.77266}}
{"target": 9.8, "params": {"d0": 3.9338830153057405, "d1": -9.856092641662475, "d2": 1.4130610817363591, "g0": 2.54414954661877, "g1": 0.3329871200683563, "g2": -0.25946082136495896, "g3": 1.4121828139970285, "g4": 0.8608584323941421, "g5": -0.2336591402091811, "g6": 0.7739968233390944, "g7": 1.219425226624955, "i0": 3.148462757214143, "i1": 0.07476143182808703, "i2": -3.0735845249773766, "i3": 1.4377441384220278, "i4": 0.8857669541816378, "i5": -0.42948096121490026, "i6": 0.4069969113873908, "i7": 0.9610314160094222, "r0": 4.2574091431923184, "r1": 0.05217714751276137, "r2": -6.270298275188226, "r3": 1.2920241133150072, "r4": 1.1680163535513748, "r5": -0.6226842117312255, "r6": 0.6951615242042144, "r7": 1.8411975067114377}, "datetime": {"datetime": "2020-01-18 06:11:57", "elapsed": 33904.014259, "delta": 31.931892}}
{"target": 11.65, "params": {"d0": 1.35038110697823, "d1": -3.0413159424585237, "d2": 1.260873928173099, "g0": 4.653001549125698, "g1": 0.48251652021257285, "g2": -9.825220493148988, "g3": 1.3524798016366095, "g4": 1.1515367020452811, "g5": 0.752278241905006, "g6": 0.7519520711358254, "g7": 1.0185576666231644, "i0": 1.8709374855370386, "i1": 0.6035946964138157, "i2": -0.534260095658647, "i3": 1.1146081549010172, "i4": 0.9087866827340346, "i5": -0.5643273199151917, "i6": 0.15931209940271152, "i7": 1.9208987063497922, "r0": 1.8809782518878642, "r1": 0.8436493856088304, "r2": -0.6077960651309553, "r3": 1.0136445651729242, "r4": 1.0977740862738306, "r5": 0.11794665690876394, "r6": 0.33321867009460915, "r7": 1.2649904846457531}, "datetime": {"datetime": "2020-01-18 06:12:36", "elapsed": 33943.123326, "delta": 39.109067}}
{"target": 9.75, "params": {"d0": 1.2176922466355529, "d1": -0.5119726075742097, "d2": 1.18165181540271, "g0": 4.965986322976747, "g1": 0.9803807378731547, "g2": -9.988074742104477, "g3": 1.4109291233273697, "g4": 1.2632840334176427, "g5": 0.7122612756050699, "g6": -0.32983680844320384, "g7": 1.1105584097006413, "i0": 4.884430603331636, "i1": 0.5418570855742572, "i2": -4.385219357397273, "i3": 1.0218436631972125, "i4": 0.9152966644900496, "i5": 0.12569941779826943, "i6": -0.3798272520046064, "i7": 1.6087147122719956, "r0": 4.591937012496116, "r1": 0.213207436938879, "r2": -5.9882251476010655, "r3": 0.9120535705262458, "r4": 0.9223201389345699, "r5": 0.2969462811642707, "r6": 0.8277457964601829, "r7": 1.505892957153402}, "datetime": {"datetime": "2020-01-18 06:13:10", "elapsed": 33977.003716, "delta": 33.88039}}
{"target": 14.65, "params": {"d0": 2.465699944755237, "d1": -9.850470684676257, "d2": 1.0536389486142401, "g0": 4.882495770793767, "g1": 0.027394352063413896, "g2": -8.927020789860505, "g3": 1.2135915724458508, "g4": 1.2789772323995057, "g5": -0.3700530622083257, "g6": 0.9584820528183975, "g7": 1.5233250926214257, "i0": 3.7034638598278553, "i1": 0.9272730704473906, "i2": -2.28547878447647, "i3": 1.2873276824587705, "i4": 1.189968907617741, "i5": 0.3458701387396814, "i6": 0.3704628350448317, "i7": 1.8907166436747842, "r0": 4.459390727147363, "r1": 0.04752844514206567, "r2": -7.579885593355296, "r3": 1.4513529448620397, "r4": 1.2665626042884885, "r5": -0.5125474752480346, "r6": 0.4703046874493242, "r7": 1.77582131889132}, "datetime": {"datetime": "2020-01-18 06:13:38", "elapsed": 34004.566579, "delta": 27.562863}}
{"target": 16.45, "params": {"d0": 1.360523450024294, "d1": -0.34535015386002144, "d2": 1.0632982879917656, "g0": 0.4680611193605322, "g1": 0.04802851459048618, "g2": -7.903675515825098, "g3": 0.9165171285774982, "g4": 1.0551214650265908, "g5": 0.717999258778534, "g6": 0.42193205634497866, "g7": 1.7145229906185413, "i0": 2.8235593394043623, "i1": 0.2624391373759427, "i2": -1.3413859565679527, "i3": 1.2280890685111785, "i4": 0.9645010081530722, "i5": -0.6448718434819147, "i6": -0.24842713516748072, "i7": 1.7293465955948775, "r0": 2.796828817668884, "r1": 0.12512744375299445, "r2": -3.902027004274304, "r3": 1.1444072617082335, "r4": 1.1479443934934837, "r5": 0.27809310964351774, "r6": -0.4547747625100288, "r7": 1.497972514014183}, "datetime": {"datetime": "2020-01-18 06:14:12", "elapsed": 34039.266647, "delta": 34.700068}}
{"target": 14.7, "params": {"d0": 2.420421540533204, "d1": -3.89041537866658, "d2": 1.245517626213478, "g0": 3.098691610433279, "g1": 0.2027713982203989, "g2": -1.8640763100930364, "g3": 1.443081144654438, "g4": 1.2673914114696334, "g5": -0.7164876093287786, "g6": 0.7008055614628836, "g7": 1.7404830742580835, "i0": 4.5382133267579325, "i1": 0.0918635490897386, "i2": -9.48559546732718, "i3": 1.1583155543817085, "i4": 1.07214001827135, "i5": 0.24088575685157076, "i6": 0.25559404873707425, "i7": 1.3866105965280533, "r0": 3.702201825535086, "r1": 0.7579384884576768, "r2": -9.18322085424795, "r3": 1.4545152303230138, "r4": 1.2419499834301426, "r5": 0.005896797466932724, "r6": 0.45399600507145976, "r7": 1.9525275789121186}, "datetime": {"datetime": "2020-01-18 06:14:46", "elapsed": 34072.778923, "delta": 33.512276}}
{"target": 17.6, "params": {"d0": 3.7569882951923694, "d1": -5.515933776514884, "d2": 0.7675930850729495, "g0": 0.6687668057408541, "g1": 0.494427532329739, "g2": -2.9267033690940023, "g3": 1.4076978692277646, "g4": 0.8346561622634778, "g5": 0.6146066209383145, "g6": -0.11517832333429417, "g7": 1.781076285027428, "i0": 3.588257471050879, "i1": 0.9454100817148586, "i2": -6.991250097795336, "i3": 1.1365661174960981, "i4": 1.0634090005334347, "i5": -0.7350370588811252, "i6": 0.7530859570734816, "i7": 1.6655451285908172, "r0": 0.1969788345386686, "r1": 0.022275400980508175, "r2": -9.15867778018276, "r3": 0.8897924383093718, "r4": 1.0581408024979306, "r5": -0.6940470728940027, "r6": -0.0724135334430655, "r7": 0.9067217518811159}, "datetime": {"datetime": "2020-01-18 06:15:20", "elapsed": 34107.008971, "delta": 34.230048}}
{"target": 10.55, "params": {"d0": 0.7606610357628846, "d1": -0.5122267239156706, "d2": 1.438648073676748, "g0": 4.69112613483229, "g1": 0.9524925999366028, "g2": -4.050641620930876, "g3": 0.9516706128368194, "g4": 0.900351084480733, "g5": -0.4345140867461595, "g6": 0.6194425161903774, "g7": 1.2117235541163751, "i0": 4.8136016385924405, "i1": 0.8357979408734231, "i2": -0.2038893457877986, "i3": 0.893901193672399, "i4": 1.0680619276408942, "i5": 0.30820962522394746, "i6": 0.08682329850827242, "i7": 1.3461744439368832, "r0": 2.1114925127927977, "r1": 0.6159392822487915, "r2": -5.434256359706878, "r3": 1.239424681587566, "r4": 1.2392611404092606, "r5": -0.6043713902064232, "r6": 0.5466852019841417, "r7": 1.9188639219585406}, "datetime": {"datetime": "2020-01-18 06:15:59", "elapsed": 34145.613047, "delta": 38.604076}}
{"target": 17.0, "params": {"d0": 0.014698821447454158, "d1": -0.18230591337950486, "d2": 1.0998568563227504, "g0": 0.8191781453314512, "g1": 0.7766349633122163, "g2": -2.5768930078948085, "g3": 1.0481674209361198, "g4": 1.283016521451628, "g5": -0.31492744148429214, "g6": 0.2716441095300701, "g7": 1.1696340101996758, "i0": 2.5253926605569337, "i1": 0.536113949073053, "i2": -1.6441989776681982, "i3": 1.1529335602765456, "i4": 1.2546908456920305, "i5": 0.6659185439694741, "i6": -0.14191059416155982, "i7": 1.7687540780444726, "r0": 1.2272362628310685, "r1": 0.45194542386640546, "r2": -4.946909335206869, "r3": 1.4588449790299896, "r4": 1.1840264898784887, "r5": -0.41815729230686305, "r6": -0.055675070062371546, "r7": 0.9763050150102066}, "datetime": {"datetime": "2020-01-18 06:16:30", "elapsed": 34176.453558, "delta": 30.840511}}
{"target": 17.1, "params": {"d0": 4.274452553053834, "d1": -9.518701360193296, "d2": 0.9480445813673165, "g0": 1.6729882897677162, "g1": 0.25774974225272296, "g2": -2.6458445314563637, "g3": 1.0903582063733912, "g4": 1.0296860081061094, "g5": 0.28970201389724304, "g6": -0.23984386473543629, "g7": 1.924567405043828, "i0": 1.2928423760232488, "i1": 0.684730220085304, "i2": -6.257804852221092, "i3": 0.9878451088755127, "i4": 1.2154790931810662, "i5": -0.6061441630688553, "i6": -0.3650711409726677, "i7": 1.4285616072447054, "r0": 4.025313399127254, "r1": 0.8569781192733817, "r2": -2.320264493365352, "r3": 0.8720363749257909, "r4": 1.0085356829584606, "r5": -0.7048563561735819, "r6": 0.3438160845488869, "r7": 0.9434096248141729}, "datetime": {"datetime": "2020-01-18 06:16:58", "elapsed": 34204.999404, "delta": 28.545846}}
{"target": 20.55, "params": {"d0": 2.3476744556612337, "d1": -5.223392029347082, "d2": 1.2781932334789716, "g0": 0.18670152445842414, "g1": 0.4356000495183494, "g2": -2.8610787724482742, "g3": 1.1937451144543698, "g4": 0.9996952192245347, "g5": -0.7277664683882364, "g6": -0.014728006988264541, "g7": 1.6738811369308821, "i0": 3.118425405637754, "i1": 0.4809167943518282, "i2": -4.313490763679879, "i3": 0.9607226583751751, "i4": 1.2178047186843568, "i5": 0.27669763934558045, "i6": 0.00516501645410683, "i7": 1.6034547245859143, "r0": 2.8981191858288966, "r1": 0.27869240105741244, "r2": -0.439389598386434, "r3": 1.0081436631880958, "r4": 0.8978230278271326, "r5": 0.46543870999668946, "r6": 0.4170598870685831, "r7": 1.7055378623105177}, "datetime": {"datetime": "2020-01-18 06:17:30", "elapsed": 34236.664059, "delta": 31.664655}}
{"target": 17.85, "params": {"d0": 2.394726359645864, "d1": -5.090160109991092, "d2": 0.897916190086456, "g0": 1.753332008455002, "g1": 0.480082345731466, "g2": -1.8616953196604555, "g3": 1.3454908857822359, "g4": 1.1163586569113633, "g5": -0.0385463706659811, "g6": 0.7710287367584496, "g7": 1.0400763055394324, "i0": 1.6898416681107227, "i1": 0.20569302587576577, "i2": -6.550273810899, "i3": 1.4430135509674573, "i4": 1.1341304888914279, "i5": -0.21599207097030515, "i6": -0.004963217136348619, "i7": 0.970440841694745, "r0": 2.7286528867258717, "r1": 0.7230534383965541, "r2": -6.8275327360999825, "r3": 0.8359860866009492, "r4": 1.2324372312222605, "r5": 0.7221289350157802, "r6": -0.11471326790877462, "r7": 1.322735605248398}, "datetime": {"datetime": "2020-01-18 06:18:02", "elapsed": 34268.43063, "delta": 31.766571}}
{"target": 13.2, "params": {"d0": 3.2313273327083776, "d1": -4.180486080670335, "d2": 1.1261245405586768, "g0": 3.8195314924957584, "g1": 0.6432833199689489, "g2": -6.962518935115654, "g3": 1.217140869091204, "g4": 1.2146525122272878, "g5": 0.09237322728523589, "g6": 0.47747659180739355, "g7": 0.9803595454562027, "i0": 4.480681229335366, "i1": 0.5843392320119836, "i2": -6.045887927677837, "i3": 1.052574484807746, "i4": 0.9799874176831904, "i5": 0.6731851944280869, "i6": 0.2599665897428983, "i7": 1.0074974861370471, "r0": 3.5926301154283697, "r1": 0.9138020429225094, "r2": -1.1036721438969632, "r3": 1.4841684763292646, "r4": 1.0852385813151884, "r5": 0.1454163596561001, "r6": 0.7968593696464845, "r7": 1.5964520648834615}, "datetime": {"datetime": "2020-01-18 06:18:34", "elapsed": 34301.180687, "delta": 32.750057}}
{"target": 7.75, "params": {"d0": 0.5395844204276196, "d1": -2.9892319423602363, "d2": 1.3043174738602064, "g0": 3.368184543083708, "g1": 0.8064079238090087, "g2": -4.173917818575944, "g3": 1.2650774542206311, "g4": 0.815970024759294, "g5": 0.3848860044234037, "g6": 0.6134053496824519, "g7": 1.5564366257679523, "i0": 1.8347092788341706, "i1": 0.9383442863564361, "i2": -5.850261529488056, "i3": 1.4041935426731618, "i4": 0.86386398845772, "i5": -0.4500604675946397, "i6": 0.08371558787194422, "i7": 1.0015607122971817, "r0": 0.029790687677920813, "r1": 0.22227970883218418, "r2": -0.4574027753417731, "r3": 0.7148424986872649, "r4": 1.1943961811629038, "r5": -0.39946527579659075, "r6": -0.4259474881536629, "r7": 1.4124717505856037}, "datetime": {"datetime": "2020-01-18 06:18:58", "elapsed": 34325.173686, "delta": 23.992999}}
{"target": 12.95, "params": {"d0": 1.1726405056993676, "d1": -8.014575073474326, "d2": 1.1936662524087278, "g0": 3.8870894528817623, "g1": 0.1859071081089052, "g2": -6.575294503956778, "g3": 1.3088649183128895, "g4": 1.0190157571788994, "g5": -0.5020264195389135, "g6": 0.4208693132749365, "g7": 1.4674677378566165, "i0": 3.4444778205040705, "i1": 0.7089973288200396, "i2": -6.57865748375587, "i3": 0.7274033888171676, "i4": 1.2123374268108111, "i5": -0.06562706050572475, "i6": 0.635038769240571, "i7": 1.0854022960438445, "r0": 1.087531753993472, "r1": 0.3401809175236513, "r2": -2.5803165764936944, "r3": 1.2588974698022044, "r4": 1.0334960148177665, "r5": 0.6447723124659768, "r6": 0.32471952784894664, "r7": 1.6607325776122472}, "datetime": {"datetime": "2020-01-18 06:19:39", "elapsed": 34365.325687, "delta": 40.152001}}
{"target": 3.4, "params": {"d0": 2.065446331784231, "d1": -7.079868989896905, "d2": 1.4303915472126125, "g0": 3.483856120468233, "g1": 0.6723225143483328, "g2": -6.190060161005867, "g3": 0.7368997750365771, "g4": 0.9186073341896335, "g5": -0.3058695627650854, "g6": -0.4195447445358878, "g7": 0.9013297609569731, "i0": 3.10506746651573, "i1": 0.5339376220207509, "i2": -6.4521327907431445, "i3": 0.9422797290859707, "i4": 0.9019909103918948, "i5": -0.5205476889520315, "i6": -0.23626565855376602, "i7": 1.1445301927107931, "r0": 4.134298204465406, "r1": 0.874265288159273, "r2": -6.334518002070273, "r3": 0.9730494206387079, "r4": 1.0995927759751285, "r5": -0.7039613689111193, "r6": -0.3430964613540197, "r7": 1.9465290053571627}, "datetime": {"datetime": "2020-01-18 06:20:16", "elapsed": 34402.605615, "delta": 37.279928}}
{"target": 2.9, "params": {"d0": 4.117842926093259, "d1": -4.592139211004211, "d2": 1.037023680778576, "g0": 3.953764719957652, "g1": 0.6087896112804272, "g2": -7.679042940137619, "g3": 0.8149240395805589, "g4": 0.9335992057394582, "g5": 0.2426755076951952, "g6": 0.3488539664782546, "g7": 1.268099788902973, "i0": 3.262352578827448, "i1": 0.4510639349242087, "i2": -8.889540381599204, "i3": 0.9504521657504447, "i4": 1.0847756279360814, "i5": -0.180299107727236, "i6": -0.09589833225273325, "i7": 1.3148009556612572, "r0": 3.8108175582100716, "r1": 0.24039427894035692, "r2": -1.6477507193887533, "r3": 0.8216387385989449, "r4": 0.8429697531170162, "r5": -0.7691515606217552, "r6": 0.0441447324015285, "r7": 1.7745884088802109}, "datetime": {"datetime": "2020-01-18 06:20:54", "elapsed": 34440.970439, "delta": 38.364824}}
{"target": 9.3, "params": {"d0": 0.4192371604366363, "d1": -3.6453598954914543, "d2": 0.7779484702410477, "g0": 0.07561797201420417, "g1": 0.6321491277328084, "g2": -5.98729333074928, "g3": 1.1184673851181919, "g4": 1.029228705611485, "g5": -0.6777584968024981, "g6": -0.48424375850155765, "g7": 1.906177706834475, "i0": 1.903426447175827, "i1": 0.9790796131695365, "i2": -4.029189948056523, "i3": 0.8401496851624337, "i4": 1.2806365628227314, "i5": -0.37801641232589117, "i6": 0.9800128030000552, "i7": 1.7341969492550855, "r0": 3.658250410454635, "r1": 0.37108414715047133, "r2": -2.8951361892998264, "r3": 1.383460468099598, "r4": 1.0888649653730749, "r5": 0.6625288329976087, "r6": -0.3296841402532627, "r7": 1.0597684626076955}, "datetime": {"datetime": "2020-01-18 06:21:17", "elapsed": 34463.705222, "delta": 22.734783}}
{"target": 10.95, "params": {"d0": 3.16551977136482, "d1": -1.3907189182367414, "d2": 0.7913491158043018, "g0": 3.3460112227837957, "g1": 0.3197741804300377, "g2": -6.910961885367368, "g3": 0.7695268445254291, "g4": 0.8552223455577439, "g5": 0.1440256549110288, "g6": -0.069494009188586, "g7": 1.9904995520298465, "i0": 0.4493190744596254, "i1": 0.6842184163568451, "i2": -3.4242170636102713, "i3": 1.400627479011822, "i4": 0.9274238459520254, "i5": -0.1323645309065199, "i6": 0.5098144654323189, "i7": 1.351607580352126, "r0": 3.4853955997956376, "r1": 0.8297652657406712, "r2": -8.954576559476665, "r3": 1.2071489021601496, "r4": 0.9098336283171826, "r5": -0.48037724451757263, "r6": -0.41138247906484987, "r7": 1.4277334975664686}, "datetime": {"datetime": "2020-01-18 06:21:54", "elapsed": 34500.912228, "delta": 37.207006}}
{"target": 21.2, "params": {"d0": 4.58128814082727, "d1": -1.190003481379673, "d2": 0.9809819879559858, "g0": 0.5114453252078249, "g1": 0.6212400870761405, "g2": -5.117173959635286, "g3": 1.3442861015718064, "g4": 0.9577911032638273, "g5": 0.02046427352324165, "g6": 0.19942092016529078, "g7": 1.0271727851545849, "i0": 3.928844813386788, "i1": 0.9225669962976936, "i2": -3.98960357908825, "i3": 0.8532017301991072, "i4": 0.8577887041300855, "i5": -0.6724379584440977, "i6": 0.7572333825376063, "i7": 1.38982226732836, "r0": 3.3869838602304423, "r1": 0.8688429691562073, "r2": -6.616083592375225, "r3": 1.0707136909457058, "r4": 0.857144967056515, "r5": 0.021350690887639745, "r6": -0.2142676842078371, "r7": 1.8951425465579086}, "datetime": {"datetime": "2020-01-18 06:22:23", "elapsed": 34530.102419, "delta": 29.190191}}
