{"target": 4.9, "params": {"d0": 3.0579763827262845, "d1": -1.5851880109993886, "d2": 1.388812555294283, "g0": 4.988012479499575, "g1": 0.7094706056012507, "g2": -7.647758132344857, "g3": 0.8923777520023695, "g4": 1.2138547348619069, "g5": 0.5005518125855448, "g6": 0.215999986738296, "g7": 1.902888410230649, "i0": 4.268725019198588, "i1": 0.5538325003522145, "i2": -3.3773727159187183, "i3": 0.7090933474956734, "i4": 1.0904361879887576, "i5": -0.31329639352088706, "i6": -0.29264327682268265, "i7": 1.7414911843660845, "r0": 4.8244972269103155, "r1": 0.4413772791412224, "r2": -1.7814001708529439, "r3": 1.4384671378077587, "r4": 0.9397815241728047, "r5": -0.7432741015439444, "r6": 0.18887999531354538, "r7": 1.797980037933237}, "datetime": {"datetime": "2020-01-18 02:19:35", "elapsed": 19961.499374, "delta": 47.79869}}
{"target": 17.1, "params": {"d0": 2.6972048339691757, "d1": -8.062345630838239, "d2": 1.359240972561937, "g0": 1.4185131213101976, "g1": 0.9612625355861598, "g2": -4.527198268040745, "g3": 0.7228088657911657, "g4": 1.1104368418066475, "g5": 0.581657319849525, "g6": 0.5660134019690395, "g7": 1.9470345061282073, "i0": 4.820672273155509, "i1": 0.638906071999605, "i2": -3.3940987332588346, "i3": 0.8967595949024258, "i4": 0.8643881088267418, "i5": 0.37065557215952416, "i6": 0.19102083114202761, "i7": 0.972292144630855, "r0": 3.0636173576302244, "r1": 0.8714838364387685, "r2": -2.9727964870817205, "r3": 1.404334439556903, "r4": 1.1782097420617372, "r5": 0.006968870779838765, "r6": 0.715647504265237, "r7": 0.9352451373262587}, "datetime": {"datetime": "2020-01-18 02:20:24", "elapsed": 20011.10322, "delta": 49.603846}}
{"target": 18.7, "params": {"d0": 3.97905570191053, "d1": -1.8033543891444754, "d2": 1.0968374176947413, "g0": 1.4798154079615728, "g1": 0.299945330880764, "g2": -5.703444278930855, "g3": 1.088056150299238, "g4": 1.1456141416158174, "g5": -0.7929578600296712, "g6": -0.014029375589355575, "g7": 1.2592573737569788, "i0": 3.431332640404446, "i1": 0.04298321323387, "i2": -4.195941701008399, "i3": 0.8041834696267385, "i4": 0.9317944529859368, "i5": 0.3382907459615292, "i6": -0.39005323014270327, "i7": 1.2871204973367896, "r0": 0.8644820930096553, "r1": 0.7636540600352715, "r2": -7.474690301948897, "r3": 0.7587509450731812, "r4": 1.233916873607866, "r5": 0.13716583142514138, "r6": 0.090604558181, "r7": 1.6919826183561397}, "datetime": {"datetime": "2020-01-18 02:21:08", "elapsed": 20054.43647, "delta": 43.33325}}
{"target": 14.2, "params": {"d0": 1.108800949593391, "d1": -2.2796805274841674, "d2": 1.0259045813287238, "g0": 0.37251502888603905, "g1": 0.9356195800803578, "g2": -5.630798744119726, "g3": 0.7083830234557903, "g4": 1.2678119678495985, "g5": -0.2888616171112075, "g6": -0.21045830531316928, "g7": 1.627407187233501, "i0": 1.2558294264493142, "i1": 0.12661190091211727, "i2": -2.092619555774318, "i3": 0.823389316254692, "i4": 1.0532501930355094, "i5": 0.4585431166590377, "i6": -0.1514414954044936, "i7": 1.732167551892649, "r0": 4.303905752987755, "r1": 0.45241672816754364, "r2": -3.863903615969627, "r3": 1.3031885703364456, "r4": 0.9925481581376586, "r5": 0.4193759517668274, "r6": -0.12325710957929098, "r7": 1.9848856679257034}, "datetime": {"datetime": "2020-01-18 02:21:50", "elapsed": 20097.22078, "delta": 42.78431}}
{"target": 19.05, "params": {"d0": 4.635420869456981, "d1": -2.239469215724064, "d2": 1.1717993718298443, "g0": 1.5613201893343769, "g1": 0.690226571366234, "g2": -7.151986651426365, "g3": 1.0491675881701894, "g4": 1.2095986969676302, "g5": -0.7457115872590931, "g6": 0.00610499316459967, "g7": 1.379600001793736, "i0": 1.404089424939754, "i1": 0.9473721561908964, "i2": -6.144288365471611, "i3": 1.3506844313374746, "i4": 1.2711843126092108, "i5": -0.6961561525600592, "i6": -0.3219520404664751, "i7": 1.9372112880107202, "r0": 0.9886383159701662, "r1": 0.4245230455361605, "r2": -6.792521350719537, "r3": 1.4220615209226706, "r4": 1.1964145509890334, "r5": -0.15873640484353135, "r6": 0.5769459153905752, "r7": 1.781262582373115}, "datetime": {"datetime": "2020-01-18 02:22:34", "elapsed": 20140.86771, "delta": 43.64693}}
{"target": 14.9, "params": {"d0": 3.5557468655032864, "d1": -3.3857516808244794, "d2": 1.062145391209917, "g0": 2.932879989941506, "g1": 0.63928678407193, "g2": -6.575130578904984, "g3": 1.352810421170944, "g4": 1.2143201059256095, "g5": -0.763004009627307, "g6": 0.6300771231895859, "g7": 1.527086169824828, "i0": 2.060663166216715, "i1": 0.7197837778511986, "i2": -8.397479500452159, "i3": 0.8459121065704871, "i4": 1.2651887272474485, "i5": 0.2628721088107653, "i6": -0.362664952199529, "i7": 1.2827689490960155, "r0": 0.29511768745997147, "r1": 0.9445653495643337, "r2": -7.580074674136744, "r3": 1.4692966399393237, "r4": 1.2055455694985842, "r5": 0.014549124109063838, "r6": -0.4407849894758752, "r7": 0.9636428635542386}, "datetime": {"datetime": "2020-01-18 02:23:09", "elapsed": 20176.049283, "delta": 35.181573}}
{"target": 11.55, "params": {"d0": 0.5097203887399021, "d1": -4.714603989700377, "d2": 1.2704661021012642, "g0": 4.9556376908440285, "g1": 0.23497676160212322, "g2": -2.2885215618306667, "g3": 1.0788413138616173, "g4": 1.0078612734592862, "g5": -0.39888959919110256, "g6": 0.7587758201486363, "g7": 1.4711577305501353, "i0": 0.569697687000742, "i1": 0.49613363188486426, "i2": -5.113733240442726, "i3": 1.3952382852421241, "i4": 0.8067409551549429, "i5": 0.05262365337139219, "i6": 0.8344148656395214, "i7": 1.4790132792258743, "r0": 0.5800021325916943, "r1": 0.36188804681505005, "r2": -6.79785440475232, "r3": 1.0160433460853646, "r4": 0.8363334086087804, "r5": 0.6996925342196108, "r6": 0.6772810002724412, "r7": 1.9053263598975865}, "datetime": {"datetime": "2020-01-18 02:24:12", "elapsed": 20238.501009, "delta": 62.451726}}
{"target": 14.4, "params": {"d0": 4.062686028040863, "d1": -2.626720848843455, "d2": 0.787900539802528, "g0": 2.8629324617662033, "g1": 0.004456009588019505, "g2": -1.2702232305397025, "g3": 1.0233420455372237, "g4": 1.1753899722642638, "g5": -0.7825449251230767, "g6": 0.8839164466823055, "g7": 1.4358216910644328, "i0": 1.2494659340464231, "i1": 0.4401920966259921, "i2": -6.5936990943278655, "i3": 1.4513528123840178, "i4": 0.9507438429473115, "i5": -0.7272904249748061, "i6": 0.2374334404602212, "i7": 1.9904620066570726, "r0": 2.3762764656970354, "r1": 0.6377611238716538, "r2": -3.255847387710827, "r3": 1.3221451160636732, "r4": 0.9635803720310967, "r5": 0.6270443129613177, "r6": -0.4420016552297913, "r7": 0.9949782509682191}, "datetime": {"datetime": "2020-01-18 02:24:56", "elapsed": 20282.550527, "delta": 44.049518}}
{"target": 14.2, "params": {"d0": 2.9897820444703047, "d1": -9.7253263475087, "d2": 1.171271419729409, "g0": 3.642320598086366, "g1": 0.8144182807255066, "g2": -1.1632412171000848, "g3": 1.3931936163078091, "g4": 1.2740315613440405, "g5": -0.5996163398132828, "g6": 0.5763288976706342, "g7": 1.7861766247491326, "i0": 2.4370921302352873, "i1": 0.25502582509376115, "i2": -6.476439202098213, "i3": 1.0044310975966524, "i4": 0.8405135777671777, "i5": 0.08092833625715878, "i6": 0.8019013343317054, "i7": 1.5592847530648828, "r0": 1.0216488832468906, "r1": 0.05815613887707305, "r2": -3.5203257796518024, "r3": 1.1796281407133273, "r4": 0.8461312629279788, "r5": 0.6194987108631411, "r6": 0.31392193295805504, "r7": 1.1362470248469072}, "datetime": {"datetime": "2020-01-18 02:25:43", "elapsed": 20329.381705, "delta": 46.831178}}
{"target": 15.1, "params": {"d0": 1.8039906971399977, "d1": -9.843034978199926, "d2": 0.9671677523802924, "g0": 3.0931326359383093, "g1": 0.14833794942275902, "g2": -3.490845380188528, "g3": 0.715066819697916, "g4": 0.8791322486175241, "g5": -0.42908925858264696, "g6": 0.9408614715959183, "g7": 0.9868630369210459, "i0": 0.7278372869427685, "i1": 0.7629869933376447, "i2": -9.506073468860444, "i3": 0.7302797768451379, "i4": 1.1946240411756603, "i5": 0.06909787111200993, "i6": -0.24019402351704994, "i7": 1.1676509572264098, "r0": 1.723781327500244, "r1": 0.7595212873652463, "r2": -8.460357467215223, "r3": 1.3621298664558183, "r4": 0.9928964117964234, "r5": 0.39785594820033343, "r6": 0.4437919115266825, "r7": 1.1380809616573067}, "datetime": {"datetime": "2020-01-18 02:26:32", "elapsed": 20378.719323, "delta": 49.337618}}
{"target": 3.2, "params": {"d0": 4.9363294718891835, "d1": -7.805688858606431, "d2": 1.423902865623203, "g0": 3.1489900459902405, "g1": 0.7514494000289257, "g2": -4.347806519918045, "g3": 1.2005647838857558, "g4": 0.8379178140093373, "g5": 0.13306608223429373, "g6": -0.22742885094176968, "g7": 1.5986510244116647, "i0": 4.719707643095931, "i1": 0.3968923339363699, "i2": -8.117046712894258, "i3": 1.0856539458242964, "i4": 1.1310728829146828, "i5": 0.24722546402391576, "i6": -0.04805634422847871, "i7": 1.4690802704667665, "r0": 4.739055536887921, "r1": 0.5922129160522626, "r2": -5.908981616950632, "r3": 0.8768293336867649, "r4": 0.9078181100017948, "r5": -0.5677372653987904, "r6": 0.46331750408580885, "r7": 1.3446868013762072}, "datetime": {"datetime": "2020-01-18 02:27:26", "elapsed": 20432.800098, "delta": 54.080775}}
{"target": 6.8, "params": {"d0": 2.8113058104897166, "d1": -4.222376161772593, "d2": 1.0830968260759266, "g0": 2.9204651385552056, "g1": 0.30941136229422195, "g2": -9.426340297649263, "g3": 1.3709610797037155, "g4": 0.8068804731913531, "g5": 0.5835369848444873, "g6": -0.4391244121195256, "g7": 1.619630527745802, "i0": 4.701247451286537, "i1": 0.26645519867729317, "i2": -4.194241824980349, "i3": 1.3314575952677183, "i4": 1.116428589163354, "i5": -0.7966537612956709, "i6": 0.10549108142121177, "i7": 0.9684035801722816, "r0": 1.6791831663320744, "r1": 0.7143967300641457, "r2": -3.635929997771804, "r3": 1.290615204678279, "r4": 0.9473146757134041, "r5": 0.5981636807270565, "r6": 0.1392319911818365, "r7": 1.6887569755370118}, "datetime": {"datetime": "2020-01-18 02:28:18", "elapsed": 20484.773025, "delta": 51.972927}}
{"target": 12.2, "params": {"d0": 0.5764955455293269, "d1": -3.2397189078940434, "d2": 1.4079476426379767, "g0": 4.9384941509574105, "g1": 0.8845747634212723, "g2": -0.053555220712874885, "g3": 1.056419425960525, "g4": 1.0363091436824918, "g5": 0.37299044080769983, "g6": 0.9669617411260016, "g7": 1.1094233691251314, "i0": 3.3340150140548195, "i1": 0.8877774317444437, "i2": -7.975061646124385, "i3": 1.3809564161721521, "i4": 1.020000726967058, "i5": 0.7302002100064073, "i6": -0.4861131385597137, "i7": 1.3726215592076227, "r0": 0.7434817395896126, "r1": 0.7681907663613728, "r2": -1.08146853193022, "r3": 0.7171987816173497, "r4": 0.8871007046687227, "r5": -0.364412390485364, "r6": 0.20855718423984193, "r7": 1.7023154776789178}, "datetime": {"datetime": "2020-01-18 02:29:20", "elapsed": 20547.172305, "delta": 62.39928}}
{"target": 10.8, "params": {"d0": 1.6878145952657342, "d1": -8.87707846708608, "d2": 1.1296377765570345, "g0": 3.5396714318940936, "g1": 0.3377260073355498, "g2": -2.9204583798625627, "g3": 0.8505470107521799, "g4": 0.8217401408385645, "g5": 0.23396115913172522, "g6": 0.7872720335620405, "g7": 1.019091758296457, "i0": 3.772623302230354, "i1": 0.6131045284078197, "i2": -0.10392650882159593, "i3": 1.418519896392492, "i4": 1.2435034943083667, "i5": 0.4740479334287677, "i6": 0.2963727847910528, "i7": 1.7883874412384906, "r0": 3.33048818955559, "r1": 0.7258553263959616, "r2": -0.4744965884515011, "r3": 1.258840589367261, "r4": 0.8171182393288781, "r5": 0.5752095117559284, "r6": 0.5209441127766112, "r7": 1.5252528597968547}, "datetime": {"datetime": "2020-01-18 02:30:15", "elapsed": 20601.858461, "delta": 54.686156}}
{"target": 19.75, "params": {"d0": 3.556013439710334, "d1": -5.021157438421163, "d2": 0.9225923050614506, "g0": 0.13597437777538857, "g1": 0.008419015953588405, "g2": -6.57406216852703, "g3": 0.9334734061985084, "g4": 1.0757894656181244, "g5": -0.2516413805004767, "g6": 0.7022259247786402, "g7": 1.279553593315814, "i0": 0.005960661312513493, "i1": 0.5037705176411561, "i2": -9.098005166570273, "i3": 1.224731319527683, "i4": 1.2745307884014734, "i5": 0.5585719477536517, "i6": -0.3998273485942756, "i7": 1.1474888690278546, "r0": 3.4112282318171374, "r1": 0.18432351280009307, "r2": -8.194786236776254, "r3": 1.2645157424910078, "r4": 0.8524997988740981, "r5": -0.7426126430755595, "r6": 0.6644931591330443, "r7": 1.446459670763383}, "datetime": {"datetime": "2020-01-18 02:31:02", "elapsed": 20648.288049, "delta": 46.429588}}
{"target": 10.05, "params": {"d0": 0.4358546958405052, "d1": -1.2298340726945192, "d2": 1.495532003486616, "g0": 2.8460845132550885, "g1": 0.060941659102712875, "g2": -5.243807983043346, "g3": 0.7292369658027487, "g4": 1.0165499895120769, "g5": -0.357608578696436, "g6": 0.6812294832143793, "g7": 1.3304882887431475, "i0": 1.8204161574064086, "i1": 0.20541805040087313, "i2": -7.703406411126558, "i3": 1.1695272015259275, "i4": 1.047180660790077, "i5": -0.5325205266594001, "i6": 0.7472194936178489, "i7": 1.1193822794416035, "r0": 3.885490344681457, "r1": 0.5166655715963552, "r2": -7.9776190802443825, "r3": 1.4237116529008882, "r4": 1.0286534321248815, "r5": 0.1780405143344801, "r6": -0.3633960277458889, "r7": 0.9917944737705296}, "datetime": {"datetime": "2020-01-18 02:32:03", "elapsed": 20709.570968, "delta": 61.282919}}
{"target": 17.7, "params": {"d0": 2.7752444107470184, "d1": -9.925839369948985, "d2": 0.894897151705666, "g0": 0.871130505969096, "g1": 0.9426954726639499, "g2": -2.714685608583628, "g3": 1.0456804201899514, "g4": 1.005044977026405, "g5": 0.6985249939159359, "g6": 0.2067007842176678, "g7": 1.408127763752903, "i0": 2.90361265730746, "i1": 0.15506300250820393, "i2": -3.504240323663063, "i3": 1.0288203577964747, "i4": 1.2558185670950974, "i5": 0.6602521380689079, "i6": -0.024012045022540007, "i7": 1.4247746792170952, "r0": 0.5024926119657352, "r1": 0.6027724283980938, "r2": -7.998565870999333, "r3": 0.887873844615007, "r4": 1.0281203245308457, "r5": -0.05408506512993205, "r6": -0.15778378596196235, "r7": 1.0354190295629153}, "datetime": {"datetime": "2020-01-18 02:32:53", "elapsed": 20759.603876, "delta": 50.032908}}
{"target": 16.5, "params": {"d0": 2.934713832952687, "d1": -6.874995987230342, "d2": 0.7173394370404688, "g0": 0.5160756882352768, "g1": 0.8173122190720525, "g2": -9.709187408230246, "g3": 1.3005313828218534, "g4": 0.9521828622339582, "g5": -0.15189149701252358, "g6": 0.28134893516614357, "g7": 1.6559218900463057, "i0": 1.5477260032241396, "i1": 0.6275122947526989, "i2": -1.900945140610144, "i3": 1.0272797213277844, "i4": 1.28616615788589, "i5": 0.23563341456360432, "i6": 0.6827039984550618, "i7": 0.9067243752359889, "r0": 1.0845406229526895, "r1": 0.5757734507462215, "r2": -0.4659964733497919, "r3": 0.7483559374457311, "r4": 1.283548699985941, "r5": -0.02848709412565431, "r6": -0.0659483138308582, "r7": 1.3987178385941377}, "datetime": {"datetime": "2020-01-18 02:33:35", "elapsed": 20801.438156, "delta": 41.83428}}
{"target": 18.35, "params": {"d0": 3.513846053052344, "d1": -7.896420741737334, "d2": 0.8093240689862418, "g0": 1.3409646397719381, "g1": 0.8166985801302061, "g2": -1.1262374192111686, "g3": 0.7850600223907214, "g4": 1.0076891827476597, "g5": 0.3138396571326718, "g6": 0.15992987184989826, "g7": 1.9219689166236078, "i0": 4.474099157028888, "i1": 0.6534779621526804, "i2": -0.4404611717824878, "i3": 0.8857814666523298, "i4": 1.188264814213312, "i5": 0.3277692557473473, "i6": 0.22962875362410284, "i7": 1.2869564526624533, "r0": 0.7797287376084489, "r1": 0.6323122633036808, "r2": -3.092137156976463, "r3": 0.8234951808015956, "r4": 0.870981010864271, "r5": 0.32737573821387134, "r6": 0.6402233352120694, "r7": 1.6125984934768347}, "datetime": {"datetime": "2020-01-18 02:34:19", "elapsed": 20846.125524, "delta": 44.687368}}
{"target": 4.0, "params": {"d0": 0.9081255851568776, "d1": -8.83885569957208, "d2": 1.107484019255554, "g0": 2.286550531074562, "g1": 0.950949364885846, "g2": -5.7715545323180795, "g3": 1.0882867779169767, "g4": 0.8561777735792375, "g5": 0.7357823862049411, "g6": -0.06366808599232154, "g7": 1.5490331696411945, "i0": 4.3444552848538915, "i1": 0.10899275894851912, "i2": -1.7263407836720361, "i3": 0.9710609022132155, "i4": 1.1118974711936578, "i5": 0.7727821142913667, "i6": 0.4446923138143817, "i7": 1.9088807549019693, "r0": 1.2941196412734852, "r1": 0.1333716364989973, "r2": -5.4856190369714195, "r3": 1.1503587161727573, "r4": 0.8099252852437077, "r5": 0.7862727690519378, "r6": 0.03462359679740157, "r7": 0.9526537518388771}, "datetime": {"datetime": "2020-01-18 02:35:29", "elapsed": 20915.864809, "delta": 69.739285}}
{"target": 8.8, "params": {"d0": 0.8696156050676374, "d1": -1.0631416252311698, "d2": 1.01432782250193, "g0": 3.654336804070138, "g1": 0.1608438148232071, "g2": -3.8655461071220056, "g3": 1.310711597909819, "g4": 1.1533623356386178, "g5": 0.5068837334934055, "g6": -0.16475538886776347, "g7": 1.0834875150875838, "i0": 4.40009898076065, "i1": 0.36035174233219913, "i2": -4.571161622437836, "i3": 1.3540911181131228, "i4": 0.8820893344110232, "i5": -0.08847648617882276, "i6": 0.06899505077932866, "i7": 1.0745915781583273, "r0": 3.709552537734369, "r1": 0.9951526090534938, "r2": -9.680643319199449, "r3": 0.7261101329599231, "r4": 0.8989935728462997, "r5": 0.42205357477900773, "r6": 0.9965782777326802, "r7": 1.5364000586390458}, "datetime": {"datetime": "2020-01-18 02:36:24", "elapsed": 20970.854154, "delta": 54.989345}}
{"target": 16.35, "params": {"d0": 1.0939736251286742, "d1": -1.504484013315265, "d2": 1.056697410020286, "g0": 0.4283602559666261, "g1": 0.738699766417086, "g2": -9.174007294181209, "g3": 0.7762741283632922, "g4": 1.2647627747589523, "g5": 0.5038822902881768, "g6": 0.9754666218840005, "g7": 1.1230722785166583, "i0": 3.575269248794764, "i1": 0.44093984365861716, "i2": -2.363563644054257, "i3": 0.9316150823670942, "i4": 0.9879607937889059, "i5": 0.40245235695320924, "i6": 0.5193273709967017, "i7": 1.061623165305828, "r0": 0.10664109146694467, "r1": 0.20667144840115237, "r2": -5.245821974056625, "r3": 1.4211718497676686, "r4": 0.8091393007493988, "r5": -0.6865842596695066, "r6": 0.29170919087202263, "r7": 0.913993257403835}, "datetime": {"datetime": "2020-01-18 02:37:17", "elapsed": 21023.364533, "delta": 52.510379}}
{"target": 11.25, "params": {"d0": 4.992818144219669, "d1": -5.103798734129908, "d2": 1.3589678937189165, "g0": 4.8348228124531705, "g1": 0.24140328769019248, "g2": -7.798895782871927, "g3": 1.4759755079781363, "g4": 0.9702528798676253, "g5": -0.46884019180621517, "g6": -0.24138401218038247, "g7": 1.2379370017890783, "i0": 2.1315709254103683, "i1": 0.11519472560463151, "i2": -6.247428325472338, "i3": 1.3260151483762894, "i4": 0.9929786694971225, "i5": -0.3183984106865705, "i6": 0.572908791534922, "i7": 1.8926783369371254, "r0": 3.9748702521598176, "r1": 0.6286509134833976, "r2": -8.361391856180182, "r3": 1.2991589593918103, "r4": 1.09619282609596, "r5": -0.3462555269415628, "r6": 0.22162385446980748, "r7": 1.7544915640548482}, "datetime": {"datetime": "2020-01-18 02:37:59", "elapsed": 21065.862635, "delta": 42.498102}}
{"target": 12.2, "params": {"d0": 1.134027819577329, "d1": -9.246358300639054, "d2": 1.2385160054337274, "g0": 2.05658843651906, "g1": 0.432749025867497, "g2": -1.1250412195840482, "g3": 0.7430755085459915, "g4": 0.9353221516121224, "g5": -0.5275540577477346, "g6": -0.34590668482392023, "g7": 1.560208245630431, "i0": 1.4935615876309334, "i1": 0.6193070858779649, "i2": -0.6134847595825974, "i3": 1.2941748253168104, "i4": 1.2518613894533117, "i5": -0.7246633314827892, "i6": 0.77848613792185, "i7": 1.0109292679685749, "r0": 0.7777119974519919, "r1": 0.7371336933567358, "r2": -9.166932196764765, "r3": 1.1120895900518715, "r4": 0.853740198847411, "r5": -0.022198511158035172, "r6": -0.032502324406732785, "r7": 1.1834542280760934}, "datetime": {"datetime": "2020-01-18 02:39:06", "elapsed": 21132.371719, "delta": 66.509084}}
{"target": 15.85, "params": {"d0": 3.727641223933291, "d1": -2.8237825275509785, "d2": 1.3273189019681144, "g0": 2.4983131645966594, "g1": 0.9246437548582941, "g2": -1.3247689693655733, "g3": 1.2668701100776634, "g4": 1.1360523551019104, "g5": -0.10024765802676117, "g6": -0.09226432388109818, "g7": 1.40310039325195, "i0": 4.365865387229324, "i1": 0.654643337850093, "i2": -6.574019219701087, "i3": 1.172258461676222, "i4": 1.095921144997435, "i5": -0.7919911332172772, "i6": -0.1030735014784544, "i7": 1.8049873900928737, "r0": 2.195888514170208, "r1": 0.05662131362006806, "r2": -5.029981614639949, "r3": 1.2004744361524686, "r4": 1.0303216634866013, "r5": -0.12576911907851718, "r6": 0.3586423033499271, "r7": 1.5292995286619515}, "datetime": {"datetime": "2020-01-18 02:39:53", "elapsed": 21179.507085, "delta": 47.135366}}
{"target": 7.8, "params": {"d0": 3.0838690164596674, "d1": -3.3431775076718537, "d2": 1.2875762582677823, "g0": 1.7163373243380171, "g1": 0.4401299289791045, "g2": -4.747399628986267, "g3": 0.8995014592163676, "g4": 0.9530917576530484, "g5": -0.754556710653242, "g6": 0.30192941381821936, "g7": 1.9750240356068236, "i0": 0.7189799292844418, "i1": 0.7235879234667466, "i2": -7.693481783802585, "i3": 1.4570265763892731, "i4": 0.8924047492119527, "i5": -0.05229173760613237, "i6": 0.04327004872286366, "i7": 1.8846779240577298, "r0": 0.1168806222399077, "r1": 0.34673577457688987, "r2": -0.20674367063954335, "r3": 0.7211170193059093, "r4": 1.232033855323641, "r5": 0.44003441186803616, "r6": 0.9792161827342978, "r7": 1.5208068740215834}, "datetime": {"datetime": "2020-01-18 02:40:23", "elapsed": 21209.842609, "delta": 30.335524}}
