{"target": 21.2, "params": {"d0": 4.832677006911313, "d1": -2.2206709245479415, "d2": 1.4904992775169514, "g0": 0.32275266140669223, "g1": 0.8308379237053072, "g2": -5.1700649327792645, "g3": 1.2131938385485346, "g4": 1.2276446323431367, "g5": -0.3344259081423744, "g6": 0.16319226785139251, "g7": 1.0235184839986502, "i0": 4.846395225843887, "i1": 0.18800258436995154, "i2": -5.396848914782951, "i3": 0.9789626497456866, "i4": 0.9902141630783988, "i5": 0.2504288320405914, "i6": 0.425225878035728, "i7": 1.3887423955162923, "r0": 3.0995484183707833, "r1": 0.3328341847315862, "r2": -8.556155375981778, "r3": 1.1092411452504094, "r4": 0.9063607527653978, "r5": -0.2747163223689064, "r6": -0.19594549933505861, "r7": 1.7729455936285134}, "datetime": {"datetime": "2020-01-19 13:57:50", "elapsed": 79509.7043, "delta": 70.601807}}
{"target": 21.05, "params": {"d0": 3.2973723800258363, "d1": -1.99332155998648, "d2": 0.9406078869757496, "g0": 0.668680857311718, "g1": 0.6409033121331965, "g2": -5.882626916070113, "g3": 0.8930209624860722, "g4": 1.0142840322722027, "g5": -0.07140401589063318, "g6": 0.1202453811082591, "g7": 1.4608028607303238, "i0": 2.7100805261054726, "i1": 0.33071079269303716, "i2": -6.799066618869492, "i3": 1.0817839698014786, "i4": 0.8922837311448568, "i5": -0.08395066510327688, "i6": 0.6622950848603031, "i7": 0.9668863387385238, "r0": 3.1390525049531623, "r1": 0.3285640814426962, "r2": -8.878358415354825, "r3": 1.1835606180363882, "r4": 1.2737219066010024, "r5": 0.7101306060057794, "r6": 0.3196795874289733, "r7": 1.321240534333129}, "datetime": {"datetime": "2020-01-19 13:59:25", "elapsed": 79604.405083, "delta": 94.700783}}
{"target": 19.7, "params": {"d0": 3.8744720100630294, "d1": -2.2857903665560486, "d2": 1.238830343593581, "g0": 0.43969465042968436, "g1": 0.3489722927209915, "g2": -6.147078977755089, "g3": 1.29370421303306, "g4": 1.0971485923339235, "g5": -0.21384244514414782, "g6": 0.33914799639814475, "g7": 1.1276167668020398, "i0": 3.9111885378150557, "i1": 0.6783627300540873, "i2": -6.014477179177668, "i3": 1.2147031198094909, "i4": 1.0150267445447942, "i5": -0.2997125954220385, "i6": -0.28914439933375513, "i7": 1.5766977049394004, "r0": 1.874538959875306, "r1": 0.3785879601892551, "r2": -8.340288497685654, "r3": 1.1052135261326792, "r4": 1.1273765343583186, "r5": 0.4083256955895034, "r6": -0.04668133479082903, "r7": 1.8762938947527739}, "datetime": {"datetime": "2020-01-19 14:00:39", "elapsed": 79678.00303, "delta": 73.597947}}
{"target": 20.45, "params": {"d0": 4.210526005025155, "d1": -1.7835195178509942, "d2": 0.7275982168257692, "g0": 0.2621691432147638, "g1": 0.2402918990148839, "g2": -4.893070618271491, "g3": 1.1146942345760165, "g4": 0.8770765331561639, "g5": -0.40517017807349326, "g6": 0.46344045690388924, "g7": 1.1240632828111958, "i0": 3.1839588319799, "i1": 0.2930209208530081, "i2": -7.059373481452481, "i3": 0.9494966857818694, "i4": 1.1795632259430626, "i5": -0.635222575351683, "i6": -0.0026364841120711247, "i7": 1.1589377727939103, "r0": 2.411514819436262, "r1": 0.6980279984523869, "r2": -8.885954027788161, "r3": 0.8107905111042242, "r4": 1.2659307874933947, "r5": -0.10281868692217144, "r6": 0.4596936233315786, "r7": 1.9361008739577845}, "datetime": {"datetime": "2020-01-19 14:01:45", "elapsed": 79744.00393, "delta": 66.0009}}
{"target": 19.5, "params": {"d0": 2.9110689011401507, "d1": -3.0745550110627082, "d2": 0.8001591435832894, "g0": 0.15204426966952012, "g1": 0.9164307321519932, "g2": -6.183877378911369, "g3": 1.404422462928695, "g4": 1.2917575551499296, "g5": 0.24897999039390228, "g6": -0.03232184453162612, "g7": 1.5152240202845382, "i0": 3.1197034947839923, "i1": 0.60163140361988, "i2": -6.359075375033301, "i3": 0.747832303465303, "i4": 0.9987392104611205, "i5": -0.08122208607353743, "i6": -0.014094386031164252, "i7": 1.3238503087443199, "r0": 3.0115024610151164, "r1": 0.26407894721534153, "r2": -8.438144467851403, "r3": 0.7572722980048833, "r4": 1.1964113636037048, "r5": 0.715000783006899, "r6": -0.25424423315443334, "r7": 1.341973017715147}, "datetime": {"datetime": "2020-01-19 14:03:08", "elapsed": 79826.953876, "delta": 82.949946}}
{"target": 19.75, "params": {"d0": 3.2037831029357076, "d1": -2.1272183996407934, "d2": 0.8666306785769534, "g0": 0.7421866619899742, "g1": 0.3766498400933136, "g2": -5.987721918276481, "g3": 1.1278930613738993, "g4": 0.9574313976832655, "g5": -0.5461280989128419, "g6": 0.02630057010829412, "g7": 1.6741397742861566, "i0": 3.3548083599372447, "i1": 0.11001259813919462, "i2": -5.796318936012791, "i3": 1.0293411413245102, "i4": 0.9948128218005153, "i5": -0.34211188494718814, "i6": 0.07978794158075919, "i7": 1.5145617333047536, "r0": 3.127735456875795, "r1": 0.6411104073930368, "r2": -9.110589906093038, "r3": 1.2437399562979374, "r4": 0.8926071361462503, "r5": 0.010877047762399394, "r6": 0.3745006131322719, "r7": 1.8676788317812116}, "datetime": {"datetime": "2020-01-19 14:04:29", "elapsed": 79908.386303, "delta": 81.432427}}
{"target": 20.8, "params": {"d0": 3.2485037908434418, "d1": -1.5207421049179763, "d2": 1.0326881165056365, "g0": 0.5738042967722623, "g1": 0.5466449245974395, "g2": -5.328100197738535, "g3": 1.1298935472981866, "g4": 1.0604476579231188, "g5": 0.079823660155374, "g6": 0.17604702024874352, "g7": 1.6515076639752337, "i0": 3.2160051634551974, "i1": 0.5286384306036591, "i2": -6.484649280182914, "i3": 1.1219115742954648, "i4": 1.0967548010116719, "i5": -0.09148753870573878, "i6": -0.025262062336715067, "i7": 1.4230523753240412, "r0": 3.6998461484523553, "r1": 0.5866275133991378, "r2": -8.582349182987123, "r3": 1.0962913557584784, "r4": 1.0584670507490725, "r5": 0.30964146797337827, "r6": 0.008699953208468492, "r7": 1.5452775238666074}, "datetime": {"datetime": "2020-01-19 14:05:42", "elapsed": 79981.345123, "delta": 72.95882}}
{"target": 20.6, "params": {"d0": 3.287723529649374, "d1": -1.4994054647834945, "d2": 0.9946031426588241, "g0": 0.5963773582663807, "g1": 0.6019243416067656, "g2": -4.908655385523943, "g3": 1.1555586663829585, "g4": 1.101673371872639, "g5": 0.11758148302449707, "g6": 0.21205913964924725, "g7": 1.7610697214973001, "i0": 3.306917409349806, "i1": 0.5971312988612821, "i2": -6.401758948573098, "i3": 1.006822792344721, "i4": 1.0443053510131832, "i5": -0.18185355461681268, "i6": -0.1001603042637011, "i7": 1.4990833899551732, "r0": 3.8095314398313307, "r1": 0.5222195979583609, "r2": -8.466515000641575, "r3": 0.9935426045161483, "r4": 1.2725752255414733, "r5": 0.27817607259956273, "r6": -0.08709538264125093, "r7": 1.6376287164135113}, "datetime": {"datetime": "2020-01-19 14:07:01", "elapsed": 80060.678244, "delta": 79.333121}}
{"target": 20.6, "params": {"d0": 3.7837997958873406, "d1": -1.3114040087227616, "d2": 1.072657789668423, "g0": 0.7017727268062722, "g1": 0.7474310043642343, "g2": -7.314317543502739, "g3": 1.3006390627439042, "g4": 1.2112211612623083, "g5": 0.14748980259220923, "g6": 0.2013586112647897, "g7": 1.8766645097678816, "i0": 4.39471700261156, "i1": 0.6523782324604391, "i2": -7.528472367833011, "i3": 0.8726084572037042, "i4": 0.9020567108954302, "i5": -0.6948196995611274, "i6": 0.14557966114851997, "i7": 1.7357024844623625, "r0": 1.8787496414366534, "r1": 0.307440753664601, "r2": -8.962099172360173, "r3": 1.3515035580215937, "r4": 0.9247489055508227, "r5": 0.6194947595000801, "r6": 0.23932600536857668, "r7": 1.0822730990134852}, "datetime": {"datetime": "2020-01-19 14:08:36", "elapsed": 80155.739415, "delta": 95.061171}}
{"target": 16.9, "params": {"d0": 4.36493449661268, "d1": -1.0374518476617975, "d2": 1.181519952216158, "g0": 0.8526990956118857, "g1": 0.48981987871668375, "g2": -3.785736461472969, "g3": 0.9467534449995912, "g4": 0.9042882590151111, "g5": -0.3493490341528007, "g6": 0.017099780916263407, "g7": 1.4385329422137796, "i0": 4.502254057644513, "i1": 0.45961655876829943, "i2": -6.613942040502735, "i3": 1.0436038560674237, "i4": 1.2397118483378797, "i5": -0.01803464080062811, "i6": -0.4266048191444171, "i7": 1.6615245296704422, "r0": 1.9301823608472601, "r1": 0.34635617261920115, "r2": -8.908268126082914, "r3": 1.2054354308419297, "r4": 1.0026430067684131, "r5": 0.09054569420524339, "r6": 0.0873477771321618, "r7": 1.4299576020632552}, "datetime": {"datetime": "2020-01-19 14:09:53", "elapsed": 80232.899497, "delta": 77.160082}}
{"target": 18.55, "params": {"d0": 4.129791935777153, "d1": -1.8201236321402519, "d2": 1.2560093801358592, "g0": 0.21280629953380759, "g1": 0.158190438377105, "g2": -4.623256037832965, "g3": 0.9417817651653176, "g4": 1.2421456817193341, "g5": 0.46922780463421687, "g6": 0.3442462350874531, "g7": 1.3236655408131508, "i0": 3.096278681520446, "i1": 0.9525264881938329, "i2": -6.388133838889822, "i3": 1.005039461361922, "i4": 0.9949466258567217, "i5": -0.7744674531227913, "i6": 0.32627584849555613, "i7": 1.4532586915867944, "r0": 2.2169369851451637, "r1": 0.8310204961505865, "r2": -8.498191052589139, "r3": 0.8388825608547912, "r4": 1.159702813007578, "r5": 0.13866047735560838, "r6": 0.14543535502648897, "r7": 1.9271478934002402}, "datetime": {"datetime": "2020-01-19 14:11:24", "elapsed": 80323.014485, "delta": 90.114988}}
{"target": 21.15, "params": {"d0": 3.141944234687453, "d1": -2.2818483999414205, "d2": 0.8837201220623333, "g0": 0.7680523178456541, "g1": 0.6604558043291661, "g2": -6.059374385586079, "g3": 0.9606669779419357, "g4": 1.099480929919902, "g5": 0.02304879074457785, "g6": 0.4098576197025339, "g7": 1.2556639730771038, "i0": 2.5091580878943565, "i1": 0.43924869210172424, "i2": -7.087763080699466, "i3": 1.2958672130199334, "i4": 0.9779727333361232, "i5": 0.08665476307623111, "i6": -0.08785900270109964, "i7": 1.0906013338420246, "r0": 2.3339693890169757, "r1": 0.06524218111604402, "r2": -8.313402397429979, "r3": 0.9443731116654027, "r4": 1.3, "r5": 0.33513180269273896, "r6": 0.41666868023690357, "r7": 1.4776203698777706}, "datetime": {"datetime": "2020-01-19 14:13:00", "elapsed": 80419.304278, "delta": 96.289793}}
{"target": 19.9, "params": {"d0": 3.440687848687343, "d1": -1.2872032370441406, "d2": 0.8040053876757511, "g0": 0.8335355250976989, "g1": 0.13368159979467775, "g2": -5.986446872732111, "g3": 1.3358425316492821, "g4": 1.2505526044055428, "g5": -0.3825394572530469, "g6": 0.7678201436710135, "g7": 1.3284998927342693, "i0": 4.8590458289338425, "i1": 0.635950236286963, "i2": -6.607573185056462, "i3": 0.7936401331791151, "i4": 1.0358071166324154, "i5": -0.386408193444386, "i6": -0.4314173461958063, "i7": 1.6064621544150919, "r0": 1.661506615884274, "r1": 0.055928739553285256, "r2": -8.738409335000183, "r3": 0.8486848727623376, "r4": 0.9618557982371367, "r5": 0.3443101307454768, "r6": 0.44908852937515964, "r7": 0.9796728836161286}, "datetime": {"datetime": "2020-01-19 14:14:10", "elapsed": 80489.238498, "delta": 69.93422}}
{"target": 19.8, "params": {"d0": 2.6832477757584234, "d1": -1.8223944625666828, "d2": 0.9853087933568151, "g0": 0.1729930312998179, "g1": 0.13797000712519292, "g2": -4.5369643280250145, "g3": 1.0651287845998074, "g4": 0.848521952102079, "g5": -0.48585491702007766, "g6": 0.14372850602875142, "g7": 0.9360864455889657, "i0": 3.788085485454192, "i1": 0.7838866099936407, "i2": -5.646927361364455, "i3": 0.851162670125241, "i4": 1.0663425066722019, "i5": -0.5388330014393065, "i6": -0.003057769662028198, "i7": 1.4512965247738325, "r0": 2.439539548811961, "r1": 0.5916454716688153, "r2": -7.931805007313958, "r3": 1.1779421532766556, "r4": 1.1053957138600374, "r5": 0.3422169047292396, "r6": 0.431105080477417, "r7": 1.3658766698219875}, "datetime": {"datetime": "2020-01-19 14:15:22", "elapsed": 80561.383727, "delta": 72.145229}}
{"target": 21.0, "params": {"d0": 3.5749422559702015, "d1": -1.4855920520490518, "d2": 0.9740998685760888, "g0": 0.5703574973777542, "g1": 0.6200986344864472, "g2": -4.751146051985221, "g3": 1.2622547252211775, "g4": 1.0640843278354921, "g5": -0.03231930638278765, "g6": 0.3738698167603475, "g7": 1.5828994765327544, "i0": 3.958260935787538, "i1": 0.6924961512221098, "i2": -6.61453725776626, "i3": 1.0642336395429768, "i4": 0.9828698602685487, "i5": 0.0912528152385897, "i6": 0.1736870931492968, "i7": 1.444400331759217, "r0": 2.8691925919004606, "r1": 0.4283917900330742, "r2": -8.885402772885255, "r3": 1.1147353157942355, "r4": 1.0745256833365313, "r5": 0.37487621421648065, "r6": 0.2666813106202636, "r7": 1.4078332739245836}, "datetime": {"datetime": "2020-01-19 14:16:43", "elapsed": 80642.54156, "delta": 81.157833}}
{"target": 19.95, "params": {"d0": 3.0092856040863922, "d1": -0.592191217539891, "d2": 0.7781456320433723, "g0": 1.0970418082014557, "g1": 0.5758374885843471, "g2": -5.287217489777327, "g3": 1.2295591406778439, "g4": 1.210538698893948, "g5": 0.28352123781049016, "g6": 0.4504813119168967, "g7": 1.9035883800915392, "i0": 2.9106563514820385, "i1": 0.41378483095499, "i2": -7.709057191067211, "i3": 1.4013830512446408, "i4": 1.1531816190816513, "i5": 0.17424279870554013, "i6": 0.5941809230266775, "i7": 1.3557040313871878, "r0": 4.597662614511627, "r1": 0.5031041744800484, "r2": -9.813449228534889, "r3": 1.367671961331614, "r4": 1.2092628467141078, "r5": -0.2593616866433198, "r6": -0.23303125590569834, "r7": 1.112390711489354}, "datetime": {"datetime": "2020-01-19 14:18:03", "elapsed": 80722.025513, "delta": 79.483953}}
{"target": 20.15, "params": {"d0": 3.420994568117328, "d1": -1.9923898255143493, "d2": 0.8584901015866094, "g0": 0.6843990819675058, "g1": 0.3879189524097453, "g2": -5.306508217858887, "g3": 1.3149449111104243, "g4": 1.099144638206304, "g5": -0.4995304166307413, "g6": 0.24232368142519944, "g7": 1.2732643339225291, "i0": 3.42087104830479, "i1": 0.6779646953472701, "i2": -5.923480135705289, "i3": 1.0432852517877909, "i4": 1.025581805634216, "i5": -0.26133766750270954, "i6": -0.0306672533062703, "i7": 1.6349054278592297, "r0": 2.2497182151310824, "r1": 0.4654876541520632, "r2": -8.301419073923483, "r3": 1.3645512605791805, "r4": 1.171535199053688, "r5": 0.22170512401492787, "r6": 0.20109573159638072, "r7": 1.7380300480831392}, "datetime": {"datetime": "2020-01-19 14:19:25", "elapsed": 80804.390066, "delta": 82.364553}}
{"target": 20.55, "params": {"d0": 4.07373521881281, "d1": -7.827195306704937, "d2": 1.07780051478347, "g0": 0.5056654445283725, "g1": 0.49264272622606925, "g2": -3.217689160890878, "g3": 1.29885714954415, "g4": 1.0079469214946137, "g5": -0.2611482351400172, "g6": 0.4042540127159835, "g7": 1.2758366184921885, "i0": 0.907619069105009, "i1": 0.6802267172962221, "i2": -4.456094168865545, "i3": 1.1208356583882315, "i4": 0.9502883221902514, "i5": 0.30503056555385777, "i6": -0.3051876918221316, "i7": 1.6060427266572697, "r0": 3.085632964211753, "r1": 0.7537482813838234, "r2": -4.63706615626973, "r3": 1.0263179066043022, "r4": 1.1962636661870432, "r5": 0.1685704721205027, "r6": 0.4564368253764282, "r7": 1.7826064451671166}, "datetime": {"datetime": "2020-01-19 14:20:47", "elapsed": 80886.362515, "delta": 81.972449}}
{"target": 21.1, "params": {"d0": 3.8020367325022706, "d1": -1.6375738959919128, "d2": 0.7835975723334448, "g0": 0.5886757247564953, "g1": 0.45195824611471985, "g2": -3.3071734559324666, "g3": 1.141016059384414, "g4": 1.0995784172851586, "g5": 0.059718581310591726, "g6": 0.3904570115225295, "g7": 1.7502118000630718, "i0": 3.992039110719966, "i1": 0.3184118668111891, "i2": -4.757360630902771, "i3": 1.259823204354498, "i4": 1.1781092445893873, "i5": 0.025127135641349743, "i6": 0.5146963026902924, "i7": 1.3262169570554063, "r0": 4.607163120704576, "r1": 1.0, "r2": -4.936219304482315, "r3": 1.4105253946897152, "r4": 1.2165057644426562, "r5": -0.57408467018157, "r6": -0.3329538466520542, "r7": 1.1470566441575145}, "datetime": {"datetime": "2020-01-19 14:22:01", "elapsed": 80960.82463, "delta": 74.462115}}
{"target": 18.5, "params": {"d0": 2.650634561357983, "d1": -9.133266892914687, "d2": 1.0830495465590144, "g0": 1.5496727746067671, "g1": 0.8605972176437049, "g2": -9.157716984107736, "g3": 1.187454472738647, "g4": 1.2463776327030913, "g5": 0.059290862688946754, "g6": 0.7137130646545826, "g7": 1.5393072055976444, "i0": 4.628742415912859, "i1": 0.7332097232346363, "i2": -1.13216573239905, "i3": 1.3019620148367943, "i4": 0.9114305190762372, "i5": -0.735841971133565, "i6": 0.11873458935656982, "i7": 1.5503142376230887, "r0": 2.7696505983184356, "r1": 0.19659006643696347, "r2": -1.9365421135730896, "r3": 1.0236595523095147, "r4": 1.2373172949207767, "r5": -0.28159563924119757, "r6": -0.25310443978614605, "r7": 1.5962977738654762}, "datetime": {"datetime": "2020-01-19 14:23:18", "elapsed": 81037.007353, "delta": 76.182723}}
{"target": 19.95, "params": {"d0": 4.3623968873257, "d1": -1.335127979988167, "d2": 0.7197524599504201, "g0": 0.14752722205966962, "g1": 0.300639534704532, "g2": -5.4150840008078465, "g3": 1.3732376995291862, "g4": 1.2126526200058745, "g5": -0.4959649263735935, "g6": 0.8224968343186734, "g7": 1.6619016368202781, "i0": 4.281436538145003, "i1": 0.34240129508024764, "i2": -5.8018085107921475, "i3": 0.8949607929102114, "i4": 1.1628299243073177, "i5": 0.30885584404577093, "i6": 0.6861790914434542, "i7": 1.592536043645115, "r0": 2.3295145012352307, "r1": 0.8926606010367475, "r2": -8.728063356420071, "r3": 1.144318985300152, "r4": 1.2134491434297061, "r5": 0.32042522163066045, "r6": 0.1429434404198221, "r7": 1.0524178518927358}, "datetime": {"datetime": "2020-01-19 14:24:28", "elapsed": 81107.422072, "delta": 70.414719}}
{"target": 20.8, "params": {"d0": 3.287732373410736, "d1": -2.1183157158029653, "d2": 0.8991469476606083, "g0": 0.6520693886051191, "g1": 0.7009019232878442, "g2": -5.877507178978969, "g3": 0.956951110327452, "g4": 1.0113282041037273, "g5": -0.15009586214218784, "g6": 0.16378600443662605, "g7": 1.4463690129686708, "i0": 2.7422377188217952, "i1": 0.343443953140941, "i2": -6.6027100242712935, "i3": 1.0829300216336404, "i4": 0.9348867182095224, "i5": -0.10719742820090132, "i6": 0.5933632902690613, "i7": 1.0201371743120788, "r0": 3.088010291816387, "r1": 0.3767577508964031, "r2": -8.876339837556976, "r3": 1.2518788577757491, "r4": 1.2546565941892578, "r5": 0.7109439317669713, "r6": 0.36116961991472385, "r7": 1.4357534799167615}, "datetime": {"datetime": "2020-01-19 14:25:44", "elapsed": 81183.261018, "delta": 75.838946}}
{"target": 20.5, "params": {"d0": 3.453017334843828, "d1": -1.4699478043950167, "d2": 0.9042661212360716, "g0": 0.5137941983925286, "g1": 0.5736439251670106, "g2": -4.9747964433461975, "g3": 1.2140686488668022, "g4": 1.1418108791212056, "g5": 0.04402915928821778, "g6": 0.3400972430156254, "g7": 1.5613824861304346, "i0": 3.786779381291385, "i1": 0.7030464186584796, "i2": -6.835267017873995, "i3": 1.069638643076537, "i4": 1.0543603887735125, "i5": 0.09631408975348035, "i6": 0.18517304754034675, "i7": 1.540595217473842, "r0": 2.867558289261391, "r1": 0.4157029900498376, "r2": -8.9486827185463, "r3": 1.015172870001007, "r4": 1.0497422299978532, "r5": 0.4352228649720298, "r6": 0.17079006929355567, "r7": 1.4896748822310688}, "datetime": {"datetime": "2020-01-19 14:27:27", "elapsed": 81286.388337, "delta": 103.127319}}
{"target": 20.45, "params": {"d0": 3.5610606349089666, "d1": -1.462107425862774, "d2": 1.2543054375700948, "g0": 0.11340195862752533, "g1": 0.6809140775891278, "g2": -6.853642098383519, "g3": 0.8791563129521858, "g4": 0.9368973459964175, "g5": -0.1456444360099779, "g6": 0.30417553745546955, "g7": 1.3015426557893632, "i0": 3.8282134200868123, "i1": 0.49905509183064145, "i2": -6.03585190515984, "i3": 1.2428453703093068, "i4": 0.8471617056574727, "i5": -0.7522596778417704, "i6": 0.4644539778007717, "i7": 1.3229984099624892, "r0": 1.4997877953158194, "r1": 0.47673923532790774, "r2": -9.491049668254302, "r3": 1.2916446478335435, "r4": 0.966582885714178, "r5": 0.037106368830018055, "r6": 0.18917654672980744, "r7": 1.3338999640597233}, "datetime": {"datetime": "2020-01-19 14:28:39", "elapsed": 81358.02245, "delta": 71.634113}}
{"target": 20.4, "params": {"d0": 3.6531886051124767, "d1": -1.2345461462461484, "d2": 1.0847057876733244, "g0": 0.7185095285200944, "g1": 0.7760586971872641, "g2": -7.518835500922196, "g3": 1.3212376281802476, "g4": 1.1883813061089692, "g5": 0.11102626161110316, "g6": 0.1372328215485735, "g7": 1.8459356562481815, "i0": 4.486850973171422, "i1": 0.6401918993916906, "i2": -7.44064963651696, "i3": 0.8170865690104242, "i4": 0.868252840892286, "i5": -0.741539857972705, "i6": 0.05297523234147852, "i7": 1.7612501756596393, "r0": 1.8558298430496698, "r1": 0.2901955578651091, "r2": -9.158353065934742, "r3": 1.3330087152787757, "r4": 0.9337334294206264, "r5": 0.5444984380706676, "r6": 0.22663189256974126, "r7": 1.1565074047339399}, "datetime": {"datetime": "2020-01-19 14:29:51", "elapsed": 81429.994071, "delta": 71.971621}}
{"target": 20.35, "params": {"d0": 4.090323887371238, "d1": -1.6564218989248407, "d2": 0.916594896043616, "g0": 0.5094457018518805, "g1": 0.3692565796730211, "g2": -4.876508816240581, "g3": 1.2469438649967421, "g4": 1.0422056892694433, "g5": -0.08767448051817985, "g6": 0.05769553381797184, "g7": 1.270523981841204, "i0": 3.7755479743394464, "i1": 0.6655864653098501, "i2": -6.2887234163962695, "i3": 1.0075438706837307, "i4": 0.9281336285459003, "i5": -0.2096325875320993, "i6": 0.279613706070813, "i7": 1.5156575700331452, "r0": 1.9823989493296854, "r1": 0.3042899267906746, "r2": -8.496234477803204, "r3": 1.151596101779214, "r4": 1.1491774481460098, "r5": 0.3423754295645716, "r6": 0.2725022409629762, "r7": 1.4931162055220024}, "datetime": {"datetime": "2020-01-19 14:31:11", "elapsed": 81510.336817, "delta": 80.342746}}
