{"target": 20.2, "params": {"d0": 3.2491854885191334, "d1": -9.165557035178901, "d2": 0.921523801906262, "g0": 0.5281881557863248, "g1": 0.4675280993828176, "g2": -5.343864069946533, "g3": 1.438827684982782, "g4": 0.8663150935328939, "g5": -0.45710968787105444, "g6": 0.16744481750063173, "g7": 1.689067373899336, "i0": 4.257352451089146, "i1": 0.7589638031403595, "i2": -5.7427020137724645, "i3": 1.0305468920432503, "i4": 1.1141690649397098, "i5": 0.06295739050774242, "i6": -0.16652970823340338, "i7": 1.7005777128528057, "r0": 1.6171049215535842, "r1": 0.6063978501422103, "r2": -1.6618090132288452, "r3": 1.4008617435087143, "r4": 0.9559917494172308, "r5": -0.35423791097124124, "r6": 0.39490567669853155, "r7": 1.533655956554663}, "datetime": {"datetime": "2020-01-18 17:05:17", "elapsed": 4356.315734, "delta": 86.558175}}
{"target": 20.5, "params": {"d0": 3.530911423914509, "d1": -1.489954770087446, "d2": 1.0190049766316878, "g0": 0.4590818672896271, "g1": 0.3871985386812458, "g2": -4.970629670301929, "g3": 1.1443962192457249, "g4": 1.078734320962067, "g5": -0.07786713206566558, "g6": 0.3386938625443717, "g7": 1.6032998635101252, "i0": 3.5165898112080405, "i1": 0.5888016781582721, "i2": -6.587470126498847, "i3": 1.0207205847424279, "i4": 1.0648767411330706, "i5": -0.029776572027378406, "i6": 0.11629857981687236, "i7": 1.6594977894565952, "r0": 2.6394113973999076, "r1": 0.3714981785010908, "r2": -8.527729059742654, "r3": 1.0652315163091308, "r4": 1.0103658710217938, "r5": 0.30997733659252685, "r6": 0.24150339947749203, "r7": 1.4417673263975446}, "datetime": {"datetime": "2020-01-18 17:06:45", "elapsed": 4444.849921, "delta": 88.534187}}
{"target": 20.3, "params": {"d0": 3.4316106452423645, "d1": -1.6563893281735393, "d2": 1.0058961821992498, "g0": 0.5816568452670867, "g1": 0.4590604563043731, "g2": -5.814494480541527, "g3": 1.1591755568009923, "g4": 1.105422298232289, "g5": 0.061832133453280556, "g6": 0.20277955826162922, "g7": 1.452237940308375, "i0": 3.809044128867911, "i1": 0.6065814050486391, "i2": -6.610442311162575, "i3": 0.9691928916218214, "i4": 1.0278459714715933, "i5": -0.09625103104551014, "i6": 0.13952107110476816, "i7": 1.5624360445099812, "r0": 1.6686092848174308, "r1": 0.2867368569925902, "r2": -8.707812394585737, "r3": 1.1626620703548818, "r4": 1.0928838707690784, "r5": 0.5114536765952522, "r6": 0.2748534795535118, "r7": 1.539452089355344}, "datetime": {"datetime": "2020-01-18 17:08:15", "elapsed": 4534.831274, "delta": 89.981353}}
{"target": 20.05, "params": {"d0": 3.4092810915922898, "d1": -9.527272264506319, "d2": 0.8164991330262655, "g0": 0.9230038922713735, "g1": 0.5611115326495427, "g2": -5.608441641204321, "g3": 1.5, "g4": 0.9987809151755497, "g5": -0.25472096187301163, "g6": 0.1089183551736023, "g7": 1.6569068270090983, "i0": 4.768084854683213, "i1": 0.798081077203158, "i2": -5.6446680466555295, "i3": 0.8905644974015996, "i4": 1.195933550854103, "i5": 0.26176838432856764, "i6": -0.1540537617056687, "i7": 1.679983248925097, "r0": 1.8204043442832296, "r1": 0.9473130663015654, "r2": -1.5389312726991715, "r3": 1.5, "r4": 0.9417592650486193, "r5": -0.710662814842242, "r6": -0.10998770527125817, "r7": 1.5528010060295985}, "datetime": {"datetime": "2020-01-18 17:09:46", "elapsed": 4625.753008, "delta": 90.921734}}
{"target": 20.55, "params": {"d0": 3.1487210536557377, "d1": -8.850199096073196, "d2": 0.8868417208852959, "g0": 0.778461769674566, "g1": 0.5057030956802319, "g2": -5.245959372631576, "g3": 1.4358157288525426, "g4": 1.1246149547568487, "g5": -0.4297264567014825, "g6": 0.2294182138081294, "g7": 1.6468183455940058, "i0": 4.258502505702481, "i1": 0.709449717070935, "i2": -5.912462878663133, "i3": 1.0603982327502008, "i4": 1.0548707355349418, "i5": 0.007288893846072679, "i6": -0.2129621313052344, "i7": 1.7852191451583947, "r0": 1.6967337904984097, "r1": 0.6903934894814158, "r2": -1.696157436355508, "r3": 1.4594122899393558, "r4": 0.9711868416413195, "r5": -0.3300728432388491, "r6": 0.10583901269310632, "r7": 1.5573667195458367}, "datetime": {"datetime": "2020-01-18 17:11:22", "elapsed": 4721.383981, "delta": 95.630973}}
{"target": 20.45, "params": {"d0": 3.8519639052948733, "d1": -1.6286639115051271, "d2": 0.9042684757991778, "g0": 0.5870270228786019, "g1": 0.534308649106321, "g2": -4.237866389510382, "g3": 1.2759013776924193, "g4": 1.1726533450774221, "g5": -0.10384014319629736, "g6": 0.2155225493888335, "g7": 1.5184192842964914, "i0": 3.816599235893972, "i1": 0.7306240907712099, "i2": -6.428678679094815, "i3": 0.9957783259809474, "i4": 1.1188361388853842, "i5": 0.07873133016122519, "i6": 0.039959051610541155, "i7": 1.5677488430846707, "r0": 2.775113042010271, "r1": 0.40475925827001463, "r2": -8.616420208912324, "r3": 1.0058023308044868, "r4": 1.0285088342632562, "r5": 0.5182443903224886, "r6": 0.10751464565249465, "r7": 1.5766217101861066}, "datetime": {"datetime": "2020-01-18 17:12:55", "elapsed": 4813.957018, "delta": 92.573037}}
{"target": 21.65, "params": {"d0": 3.8798648484205325, "d1": -1.342969230348935, "d2": 0.9987150396245695, "g0": 0.5847445814525303, "g1": 0.32728232279686076, "g2": -4.8044758458680255, "g3": 1.1989835539834444, "g4": 1.1051749511527993, "g5": -0.030986431483624847, "g6": 0.20894092439423206, "g7": 1.527845868795276, "i0": 4.0247319895426985, "i1": 0.6636974202793141, "i2": -6.575211659802863, "i3": 0.9494133903867144, "i4": 0.9891553982568436, "i5": -0.2885673593617429, "i6": 0.012793735336359505, "i7": 1.6214067765217555, "r0": 2.0547806504569026, "r1": 0.28402223616053734, "r2": -8.822519578827725, "r3": 1.0773608769058611, "r4": 1.021116777431536, "r5": 0.3628243028174973, "r6": 0.1975833290370445, "r7": 1.4678656346771983}, "datetime": {"datetime": "2020-01-18 17:14:25", "elapsed": 4904.327227, "delta": 90.370209}}
{"target": 21.45, "params": {"d0": 3.976064154141296, "d1": -1.1617088913307259, "d2": 1.0466344234929408, "g0": 0.5130370547874344, "g1": 0.4423987547285142, "g2": -5.117118997254629, "g3": 1.1807812161715754, "g4": 1.1025880131180434, "g5": 0.0024902660635511675, "g6": 0.14710880671301085, "g7": 1.6670018504493944, "i0": 3.952987660621304, "i1": 0.6781347183879334, "i2": -6.625156943806757, "i3": 0.9763536429086647, "i4": 1.09101000419649, "i5": -0.1729945671580574, "i6": 0.038004268465182, "i7": 1.6638183088602163, "r0": 2.3873195609759237, "r1": 0.31117777239177485, "r2": -8.953529418789243, "r3": 1.026463912921307, "r4": 1.0201738437553292, "r5": 0.5718759349397707, "r6": 0.2535898031516191, "r7": 1.504174422622569}, "datetime": {"datetime": "2020-01-18 17:16:01", "elapsed": 5000.206561, "delta": 95.879334}}
{"target": 20.7, "params": {"d0": 3.7273684015528414, "d1": -1.5210438552408667, "d2": 1.033968111618226, "g0": 0.8118875465122173, "g1": 0.46723951139568237, "g2": -5.013384039047588, "g3": 1.1974466327308682, "g4": 1.1415747915927321, "g5": -0.01790425466730341, "g6": 0.1544392001872219, "g7": 1.5760158363755388, "i0": 4.054982474843217, "i1": 0.7286073254647366, "i2": -6.576692010787242, "i3": 0.854970501238927, "i4": 1.0916328371552804, "i5": -0.13770118511403565, "i6": -0.12031054689291122, "i7": 1.6725838480296762, "r0": 2.3189910195657264, "r1": 0.28592807830851424, "r2": -9.027769486767301, "r3": 1.049651833535708, "r4": 1.0207820388705138, "r5": 0.36278057708420636, "r6": 0.18046711737712645, "r7": 1.517756930730743}, "datetime": {"datetime": "2020-01-18 17:17:38", "elapsed": 5097.697683, "delta": 97.491122}}
{"target": 20.45, "params": {"d0": 3.7882666657188904, "d1": -0.977073316078524, "d2": 1.0497545985353702, "g0": 0.4721499114574073, "g1": 0.4009523169540356, "g2": -4.699685395280178, "g3": 1.116521508864427, "g4": 1.0639528999386187, "g5": -0.00014571139771459222, "g6": 0.35167323484463997, "g7": 1.602976322544303, "i0": 4.013847906734344, "i1": 0.6597350656615177, "i2": -6.379334513647734, "i3": 1.0384528421847774, "i4": 1.0094329946134797, "i5": -0.19798489632310598, "i6": 0.05908211978121893, "i7": 1.6584808298061975, "r0": 2.2205900681149893, "r1": 0.34003792937546906, "r2": -8.594778046219236, "r3": 1.0440478140035265, "r4": 0.9929365125173469, "r5": 0.5429942653277737, "r6": 0.25107897817483366, "r7": 1.4583236486424345}, "datetime": {"datetime": "2020-01-18 17:19:12", "elapsed": 5191.241928, "delta": 93.544245}}
{"target": 21.3, "params": {"d0": 4.09329958479328, "d1": -1.595367430468372, "d2": 0.9090581435526152, "g0": 0.43240593018567125, "g1": 0.2593892699806653, "g2": -4.904691687854162, "g3": 1.2540735096854612, "g4": 1.1068231265093587, "g5": -0.07092212689081667, "g6": 0.11108291413908127, "g7": 1.5348122850357222, "i0": 3.7378778899428045, "i1": 0.5709274728571964, "i2": -6.542141528480821, "i3": 1.0455709680890288, "i4": 0.9961412016849784, "i5": -0.22812934062466, "i6": 0.24330082603903228, "i7": 1.5300550521434195, "r0": 2.002476145589864, "r1": 0.34037680203475285, "r2": -8.78196873279092, "r3": 1.0769126658790267, "r4": 1.0629301297476315, "r5": 0.5230426196823146, "r6": 0.3049715097409249, "r7": 1.5371311446062421}, "datetime": {"datetime": "2020-01-18 17:20:46", "elapsed": 5285.083484, "delta": 93.841556}}
{"target": 20.65, "params": {"d0": 3.9211502902432964, "d1": -1.3201913604562716, "d2": 0.9319687972814633, "g0": 0.5188011948036064, "g1": 0.4406536834030543, "g2": -4.916136034219435, "g3": 1.2365745462257474, "g4": 1.1685596773219793, "g5": 0.09623233704973892, "g6": 0.23533143287064376, "g7": 1.5314691785211376, "i0": 3.897495538507597, "i1": 0.677779430138554, "i2": -6.9827068224734825, "i3": 1.0608271931699909, "i4": 1.0200813175798242, "i5": -0.3056363970983704, "i6": 0.1997080117309175, "i7": 1.5267085381193373, "r0": 2.321941790209326, "r1": 0.2804990799195445, "r2": -8.8665931790257, "r3": 1.1732567119493027, "r4": 1.0549562405821737, "r5": 0.44617943013497874, "r6": 0.028484443954534776, "r7": 1.4600487588452216}, "datetime": {"datetime": "2020-01-18 17:22:22", "elapsed": 5381.433309, "delta": 96.349825}}
{"target": 20.0, "params": {"d0": 4.041805547919984, "d1": -1.452263882283998, "d2": 1.0732806150795684, "g0": 0.4021668719793057, "g1": 0.2850825993496838, "g2": -5.068870769489626, "g3": 1.1385759095576036, "g4": 1.0406022621561377, "g5": -0.16409211575825522, "g6": 0.05650377185079622, "g7": 1.4303961387953033, "i0": 3.8979988026494223, "i1": 0.6135533540743369, "i2": -6.418101069344356, "i3": 0.8693756196225537, "i4": 1.0613704867374105, "i5": -0.1485518827792794, "i6": -0.06556439410400253, "i7": 1.7400095117803103, "r0": 1.8290292153348482, "r1": 0.23370379129504332, "r2": -8.65650216141132, "r3": 0.9572733682226506, "r4": 1.0129358799198709, "r5": 0.3319008669425648, "r6": 0.3764754788329259, "r7": 1.427871209365316}, "datetime": {"datetime": "2020-01-18 17:23:55", "elapsed": 5474.868799, "delta": 93.43549}}
{"target": 20.5, "params": {"d0": 3.740455950631945, "d1": -1.3547444597559335, "d2": 0.9645940262263735, "g0": 0.6847633766085945, "g1": 0.21453430454961614, "g2": -4.830144069466923, "g3": 1.27695020351562, "g4": 1.0786913162222738, "g5": 0.01056961495167728, "g6": 0.19856872093764472, "g7": 1.7749518479291198, "i0": 3.8949827945460154, "i1": 0.6148165514390781, "i2": -6.47462920124871, "i3": 1.02128150238842, "i4": 0.9222321535195964, "i5": -0.30304139941702235, "i6": 0.16196622588023885, "i7": 1.4753493515726075, "r0": 2.2214949373806947, "r1": 0.4436968280993453, "r2": -9.04754569217284, "r3": 1.0961819307168281, "r4": 1.0386539445883174, "r5": 0.5816343685349639, "r6": 0.35592963563120456, "r7": 1.5613272257237845}, "datetime": {"datetime": "2020-01-18 17:25:31", "elapsed": 5570.145179, "delta": 95.27638}}
{"target": 20.75, "params": {"d0": 4.049225390402573, "d1": -1.6027892673274475, "d2": 0.8314467354384868, "g0": 0.675986806968169, "g1": 0.4435146712712696, "g2": -4.764047615047614, "g3": 1.2007625472573351, "g4": 1.1656070336809943, "g5": -0.034581569643369385, "g6": 0.2273401286389378, "g7": 1.3746727107245662, "i0": 3.984898455896648, "i1": 0.5781427270922174, "i2": -6.260485447785402, "i3": 1.103591303361349, "i4": 0.9788824932755994, "i5": -0.29333687662852104, "i6": 0.1971497432442597, "i7": 1.562212353589821, "r0": 2.1128600483965987, "r1": 0.29799563585061994, "r2": -8.562291939092036, "r3": 1.1614880823920415, "r4": 1.0850271868223629, "r5": 0.33913839022776265, "r6": 0.05708504986414952, "r7": 1.586570414595387}, "datetime": {"datetime": "2020-01-18 17:27:09", "elapsed": 5668.007447, "delta": 97.862268}}
{"target": 21.25, "params": {"d0": 3.0882672359364562, "d1": -1.766356092285967, "d2": 1.071828312213365, "g0": 0.49470118452880535, "g1": 0.52934494177156, "g2": -5.0138106252575385, "g3": 1.1706131374555362, "g4": 1.0791121785700537, "g5": 0.1116015443702778, "g6": 0.20150370054191655, "g7": 1.7128124066840786, "i0": 3.2955203196044884, "i1": 0.519108342437671, "i2": -6.4084747652336365, "i3": 1.0151117747921492, "i4": 1.0404865817145086, "i5": -0.14475226001311348, "i6": -0.10977523718901726, "i7": 1.5166054624131775, "r0": 3.8342230636602403, "r1": 0.564852439521481, "r2": -8.41406837758011, "r3": 1.0126650478848882, "r4": 1.1188827062266768, "r5": 0.4434303496270957, "r6": -0.051411101042116, "r7": 1.649531969368601}, "datetime": {"datetime": "2020-01-18 17:28:47", "elapsed": 5766.546238, "delta": 98.538791}}
{"target": 20.25, "params": {"d0": 3.8218827748548496, "d1": -1.437628057828294, "d2": 0.9704678397465578, "g0": 0.3467350901747929, "g1": 0.4457574000564446, "g2": -4.730466704634797, "g3": 1.2981937434391415, "g4": 1.1400130318599644, "g5": -0.12000905787910304, "g6": 0.25549518261000354, "g7": 1.4647910331390472, "i0": 3.96884064755907, "i1": 0.77365921978254, "i2": -6.6255354331665375, "i3": 0.9212330347569714, "i4": 1.0233338287652374, "i5": -0.11379742675279957, "i6": 0.0072021443297147335, "i7": 1.6242448179278564, "r0": 2.114024793958043, "r1": 0.31567717904871495, "r2": -8.92374362591725, "r3": 1.0524709137226498, "r4": 0.995787547082789, "r5": 0.6467987369442545, "r6": 0.1785307591416827, "r7": 1.5884480277900797}, "datetime": {"datetime": "2020-01-18 17:30:25", "elapsed": 5864.52805, "delta": 97.981812}}
{"target": 20.65, "params": {"d0": 4.065374900141525, "d1": -1.3149847580057519, "d2": 1.0355421836698366, "g0": 0.7672125687746287, "g1": 0.311121188584004, "g2": -4.707814183231452, "g3": 1.0902427715610106, "g4": 1.0946046323149063, "g5": 0.06807025027918066, "g6": 0.0978583471692315, "g7": 1.6923280762813775, "i0": 3.945432088092656, "i1": 0.5892706233738014, "i2": -6.7107418505960625, "i3": 0.9987884020075838, "i4": 1.1441946970814987, "i5": -0.09913049914441263, "i6": 0.15547555811371291, "i7": 1.595407827721464, "r0": 2.3343079290440505, "r1": 0.3049871214223918, "r2": -8.7436712554935, "r3": 0.978266024805759, "r4": 1.0253295375196487, "r5": 0.34127984985974813, "r6": 0.35348991793240303, "r7": 1.2984797927766498}, "datetime": {"datetime": "2020-01-18 17:32:04", "elapsed": 5963.45822, "delta": 98.93017}}
{"target": 21.0, "params": {"d0": 3.471335084811146, "d1": -1.370182018121472, "d2": 1.0050195702202935, "g0": 0.48864200555265974, "g1": 0.601397998876729, "g2": -4.965023859039443, "g3": 1.1623888191121534, "g4": 1.0731078944177574, "g5": 0.07119890822585433, "g6": 0.16876678259022845, "g7": 1.6022709462724392, "i0": 3.674385319829547, "i1": 0.5620533924394892, "i2": -6.68368218712101, "i3": 1.0596798201826434, "i4": 1.0608452139209203, "i5": -0.00791680893370094, "i6": 0.13620204385401108, "i7": 1.4821145342597535, "r0": 3.4882643290293807, "r1": 0.5012966078729932, "r2": -8.75616909186616, "r3": 1.0231543889720651, "r4": 1.0848041495420087, "r5": 0.46660551145365753, "r6": 0.12671082374434034, "r7": 1.4731067584998068}, "datetime": {"datetime": "2020-01-18 17:34:17", "elapsed": 6096.074797, "delta": 132.616577}}
{"target": 21.7, "params": {"d0": 3.944135443411875, "d1": -1.2047927919603432, "d2": 1.0059547368785962, "g0": 0.6950942977193795, "g1": 0.3044584341140205, "g2": -5.2289315834171965, "g3": 1.1630966158064444, "g4": 1.160049496550931, "g5": 0.061432121138113784, "g6": 0.2975539063159489, "g7": 1.6474608670274233, "i0": 3.816546808621616, "i1": 0.6129012821183867, "i2": -6.570486933279698, "i3": 1.0381592896203578, "i4": 1.0378832721464615, "i5": -0.3978819953215869, "i6": 0.08961081456604572, "i7": 1.6950541878917673, "r0": 1.9584772108782391, "r1": 0.20718085761439045, "r2": -8.876524943763878, "r3": 1.1638352225428776, "r4": 1.0237322445499537, "r5": 0.3492679229969285, "r6": 0.17945763793659555, "r7": 1.5326874177134355}, "datetime": {"datetime": "2020-01-18 17:36:40", "elapsed": 6239.495839, "delta": 143.421042}}
{"target": 19.9, "params": {"d0": 3.7694251007754325, "d1": -1.2824287890842208, "d2": 1.0264164875077857, "g0": 0.5363822044533387, "g1": 0.21337703748662296, "g2": -5.185660415280564, "g3": 1.2222971881931837, "g4": 1.1401290485227342, "g5": 0.15793363311240205, "g6": 0.10712281973168526, "g7": 1.5625574653415877, "i0": 4.032444020255812, "i1": 0.5442703929599173, "i2": -6.509778788465002, "i3": 1.017956939754492, "i4": 1.0795174070578886, "i5": -0.4318522541397462, "i6": 0.15229090099208784, "i7": 1.6574725568921007, "r0": 2.1836543843827974, "r1": 0.1632269697147802, "r2": -8.821539950668281, "r3": 1.0275709997644937, "r4": 1.0696312418408371, "r5": 0.3743134782665254, "r6": 0.12410734688293253, "r7": 1.4686476905297878}, "datetime": {"datetime": "2020-01-18 17:39:12", "elapsed": 6391.529088, "delta": 152.033249}}
{"target": 20.2, "params": {"d0": 4.049602481953189, "d1": -1.2417176222436255, "d2": 0.9881284191190076, "g0": 0.7553358187107196, "g1": 0.5239282652195415, "g2": -5.097299799452892, "g3": 1.070831008689518, "g4": 1.064776124135928, "g5": -0.10220724429855578, "g6": 0.379295443316968, "g7": 1.6431599874257157, "i0": 3.799720183781984, "i1": 0.6934972866383444, "i2": -6.682346034151763, "i3": 0.9938459439959002, "i4": 0.8661666491929787, "i5": -0.25633564345406096, "i6": -0.05490831531918092, "i7": 1.5630788206971564, "r0": 2.0030221686277243, "r1": 0.44701248746340766, "r2": -8.829649890704681, "r3": 1.2567300882210872, "r4": 1.0019758620806698, "r5": 0.3634084948401292, "r6": 0.32299844987832504, "r7": 1.5312464514431983}, "datetime": {"datetime": "2020-01-18 17:41:46", "elapsed": 6545.601755, "delta": 154.072667}}
{"target": 20.75, "params": {"d0": 3.9779426365308312, "d1": -1.228620445299009, "d2": 0.948583810818913, "g0": 0.7475276844976387, "g1": 0.2799665015174358, "g2": -4.905788424463552, "g3": 1.2485021020344227, "g4": 1.2097561866160016, "g5": -0.046322975546715286, "g6": 0.2849072635404098, "g7": 1.6234867199340959, "i0": 3.67537495382074, "i1": 0.6902270118812495, "i2": -6.539727283353398, "i3": 1.0447341589452495, "i4": 1.1561235609662739, "i5": -0.19761882963586364, "i6": 0.15995515101293334, "i7": 1.7668892412893247, "r0": 1.8423177452462518, "r1": 0.13915120547887216, "r2": -8.96703696769618, "r3": 1.1354752797646472, "r4": 1.0008172595307547, "r5": 0.3752451510638341, "r6": 0.14627967292339158, "r7": 1.5225550448669525}, "datetime": {"datetime": "2020-01-18 17:44:20", "elapsed": 6699.15595, "delta": 153.554195}}
{"target": 20.35, "params": {"d0": 3.887856890067354, "d1": -1.1008628632999697, "d2": 1.1292492135634222, "g0": 0.6220772588408158, "g1": 0.3870530655906323, "g2": -5.535509367955442, "g3": 1.1340130566546958, "g4": 1.1734110182977688, "g5": 0.07812878906935854, "g6": 0.3503429881487144, "g7": 1.8784151167147156, "i0": 3.792603265186656, "i1": 0.6874723562448346, "i2": -6.703149684092733, "i3": 0.9751726532136764, "i4": 1.1332041057621791, "i5": -0.27857029086210744, "i6": -0.04129922260771416, "i7": 1.7854422866780317, "r0": 2.058716965914437, "r1": 0.2163286291831303, "r2": -9.01363447798964, "r3": 1.1607189734179142, "r4": 1.005862494673885, "r5": 0.48078394124632623, "r6": 0.15977429461012302, "r7": 1.5928683804035049}, "datetime": {"datetime": "2020-01-18 17:46:53", "elapsed": 6852.515845, "delta": 153.359895}}
{"target": 21.2, "params": {"d0": 4.033595783002724, "d1": -1.3517355068258414, "d2": 0.9716987590997153, "g0": 0.7143017920505889, "g1": 0.33235092693344337, "g2": -4.935927429972722, "g3": 1.1913559917703485, "g4": 1.2004492042850665, "g5": 0.045762513646238845, "g6": 0.28036805450569185, "g7": 1.5455516867067527, "i0": 3.760455675404464, "i1": 0.6915450612453378, "i2": -6.553642863365891, "i3": 0.9800284431119837, "i4": 1.0241995765317409, "i5": -0.4935971612677849, "i6": -0.021779950068658134, "i7": 1.7098457442936188, "r0": 2.139616289226537, "r1": 0.2441409348454394, "r2": -8.743897546445742, "r3": 1.0423863951844514, "r4": 0.9677489866531934, "r5": 0.5041765197171764, "r6": 0.30141305892450115, "r7": 1.5756559680567748}, "datetime": {"datetime": "2020-01-18 17:49:14", "elapsed": 6993.851517, "delta": 141.335672}}
{"target": 20.25, "params": {"d0": 3.750149207483793, "d1": -1.5540350406678323, "d2": 0.9253241891885525, "g0": 0.45514632876687816, "g1": 0.4658904842607679, "g2": -4.442782649562935, "g3": 1.1428520672072615, "g4": 0.9859627468604039, "g5": -0.2005043158388105, "g6": 0.1447213055608328, "g7": 1.352514909243089, "i0": 3.705498182203498, "i1": 0.5193087389448341, "i2": -6.090006232467371, "i3": 1.038054079907083, "i4": 0.8815406624850137, "i5": -0.14880790425350401, "i6": -0.00487650138778301, "i7": 1.5266567336999128, "r0": 2.9633095971266945, "r1": 0.5186574391509742, "r2": -8.341022878906074, "r3": 1.032578748870059, "r4": 1.0865426047913909, "r5": 0.23329371649469008, "r6": 0.16838250619474152, "r7": 1.5058159969729215}, "datetime": {"datetime": "2020-01-18 17:51:36", "elapsed": 7134.993888, "delta": 141.142371}}
