{"target": 14.2, "params": {"d0": 2.5131471531113747, "d1": -7.449334032587689, "d2": 1.1172804435573438, "g0": 3.4459960429127223, "g1": 0.49060345568340413, "g2": -6.153796941571711, "g3": 0.9297472589268407, "g4": 1.0497973370176084, "g5": -0.3355067899380153, "g6": -0.4776080496408652, "g7": 1.0118999950232752, "i0": 2.922790331172127, "i1": 0.9713892180623309, "i2": -9.066941846740258, "i3": 1.051198610355449, "i4": 1.0328747141106551, "i5": 0.159522188163146, "i6": 0.14771755743701975, "i7": 1.2267450608164645, "r0": 1.5456092149852885, "r1": 0.27065257948376276, "r2": -8.97761034653379, "r3": 1.0441255892816634, "r4": 1.2839969761027747, "r5": 0.38668521165857195, "r6": 0.35184780890197775, "r7": 1.8234593404095154}, "datetime": {"datetime": "2020-01-18 11:21:15", "elapsed": 52461.741362, "delta": 37.778933}}
{"target": 11.8, "params": {"d0": 1.731685459408017, "d1": -6.552998133793251, "d2": 0.876520907316698, "g0": 4.945309200095317, "g1": 0.8074103671349715, "g2": -4.997667921617031, "g3": 1.2353045719332978, "g4": 0.8404854816443437, "g5": -0.16308824691913626, "g6": 0.7552053414946345, "g7": 1.2575274267455896, "i0": 2.824341505980353, "i1": 0.27925589924286187, "i2": -1.8957792131998215, "i3": 1.435593530512116, "i4": 0.8702655520660048, "i5": -0.3399098238907492, "i6": 0.05543292425468671, "i7": 0.9018920146852831, "r0": 1.1136101390764845, "r1": 0.7088687773363482, "r2": -1.572219239269776, "r3": 0.7471910653577812, "r4": 0.9226300585497048, "r5": 0.3841782438973056, "r6": 0.8363664329188305, "r7": 1.7651604541873085}, "datetime": {"datetime": "2020-01-18 11:21:55", "elapsed": 52502.116121, "delta": 40.374759}}
{"target": 5.85, "params": {"d0": 1.197407693782357, "d1": -8.963713296229594, "d2": 1.488528004571023, "g0": 4.313055664913662, "g1": 0.7643985520529867, "g2": -5.555216317883039, "g3": 0.7992569146966607, "g4": 0.8788058797079676, "g5": 0.7864082330563935, "g6": 0.24999207409411683, "g7": 0.9204899625211824, "i0": 4.333098291537672, "i1": 0.8904472623991647, "i2": -1.803421956904078, "i3": 1.0736960028123814, "i4": 1.1723763340946638, "i5": 0.1782188490044725, "i6": 0.7562176341598092, "i7": 1.86004361083622, "r0": 1.858358670819602, "r1": 0.8554760132102183, "r2": -5.078446403898881, "r3": 1.1168435596456088, "r4": 0.8469595832915787, "r5": 0.1049190217025634, "r6": -0.287456528493152, "r7": 1.1247269001005264}, "datetime": {"datetime": "2020-01-18 11:22:49", "elapsed": 52555.625977, "delta": 53.509856}}
{"target": 10.85, "params": {"d0": 0.3937693296993122, "d1": -1.0881719247605126, "d2": 1.2893897135267407, "g0": 2.235905029352182, "g1": 0.974830374153073, "g2": -1.188284017216457, "g3": 1.0088283327675793, "g4": 1.050422124673753, "g5": -0.6500026109855979, "g6": 0.4487466834452134, "g7": 1.6951612584195606, "i0": 2.0852566260412466, "i1": 0.5871095891349213, "i2": -8.910377630909883, "i3": 1.3150728861784582, "i4": 0.988264060633516, "i5": 0.2584806332550662, "i6": 0.8842791488532278, "i7": 1.9428766689236001, "r0": 2.2977919674501623, "r1": 0.3511944296655042, "r2": -3.5634759449645745, "r3": 0.8803234013125311, "r4": 1.2436576000500363, "r5": 0.5582666602043991, "r6": 0.9728127493381411, "r7": 1.5025665131921069}, "datetime": {"datetime": "2020-01-18 11:23:36", "elapsed": 52602.889714, "delta": 47.263737}}
{"target": 6.95, "params": {"d0": 3.4171227315703527, "d1": -5.285094358273667, "d2": 1.2120862777194632, "g0": 3.975472681091653, "g1": 0.5570787455783389, "g2": -9.198540403285586, "g3": 1.3990749647806002, "g4": 0.8379996183669708, "g5": -0.6311849773624753, "g6": 0.649581289399886, "g7": 1.9155575194746444, "i0": 3.4995139816191037, "i1": 0.8158744193838925, "i2": -3.539366041139357, "i3": 1.1362315217988466, "i4": 1.1394278247801213, "i5": -0.05477262072722178, "i6": 0.8579780428916972, "i7": 1.8008920867924956, "r0": 4.470179975492737, "r1": 0.44680685028577416, "r2": -2.227398770015748, "r3": 1.2463198849557164, "r4": 0.9248347615174215, "r5": -0.26310283457239214, "r6": -0.1042877121032933, "r7": 1.9032815954807503}, "datetime": {"datetime": "2020-01-18 11:24:11", "elapsed": 52638.058301, "delta": 35.168587}}
{"target": 12.05, "params": {"d0": 2.0189180779008744, "d1": -0.2581721843787861, "d2": 1.4725219638260645, "g0": 3.161410150249872, "g1": 0.8038378886004361, "g2": -0.2669833828872168, "g3": 1.354992041903659, "g4": 1.2145830854165969, "g5": -0.6153380969001282, "g6": 0.14241413050995866, "g7": 1.63842771372819, "i0": 1.6565805197401362, "i1": 0.25341167884804305, "i2": -6.547852721621731, "i3": 1.0805424372662766, "i4": 0.8803378902626726, "i5": 0.6795292482419903, "i6": 0.8697032533571563, "i7": 1.2636439785765463, "r0": 3.6122059960569812, "r1": 0.8884949910528848, "r2": -7.349944169512837, "r3": 1.0753507058733307, "r4": 1.1640372043806793, "r5": 0.15846099272828051, "r6": -0.4832511827563247, "r7": 0.9336801653347055}, "datetime": {"datetime": "2020-01-18 11:24:51", "elapsed": 52677.314215, "delta": 39.255914}}
{"target": 19.4, "params": {"d0": 2.4054956499945264, "d1": -6.77967554488643, "d2": 1.0936255164108672, "g0": 0.3259117297457126, "g1": 0.1965550847992571, "g2": -9.51572471492657, "g3": 0.8489079548725702, "g4": 1.1138307497224806, "g5": -0.687967786333524, "g6": 0.7146920668720647, "g7": 1.4719317769010345, "i0": 1.1693032256175917, "i1": 0.006264041658858299, "i2": -1.0994549074714346, "i3": 1.0841416096220575, "i4": 1.2653101942364078, "i5": -0.18672529221278877, "i6": 0.08772394587035004, "i7": 1.0756846139423288, "r0": 0.8587284384008548, "r1": 0.18730997258997106, "r2": -2.618327546992214, "r3": 1.1030183117501298, "r4": 1.0037932125388063, "r5": 0.6011842690227869, "r6": 0.9049352930451553, "r7": 1.6863761594099385}, "datetime": {"datetime": "2020-01-18 11:25:29", "elapsed": 52715.981729, "delta": 38.667514}}
{"target": 12.15, "params": {"d0": 1.330884003639769, "d1": -2.1501633307445465, "d2": 0.9818452037861819, "g0": 3.816741515968911, "g1": 0.666857534181398, "g2": -8.304719932949405, "g3": 0.7211047314907951, "g4": 0.9482354882106558, "g5": -0.37592147754504046, "g6": -0.2279736928594332, "g7": 1.6766000470593003, "i0": 0.8871448192764891, "i1": 0.5868206718264518, "i2": -1.0238057414391974, "i3": 0.7255341205708549, "i4": 1.2777428080157414, "i5": -0.5744102795448627, "i6": 0.827891052116474, "i7": 1.9575593033900769, "r0": 4.752132244743886, "r1": 0.7563445207484163, "r2": -5.7802775615477175, "r3": 1.0729373542115304, "r4": 0.8915537840519381, "r5": 0.6746061514910158, "r6": -0.41696834770130925, "r7": 1.0750367005225496}, "datetime": {"datetime": "2020-01-18 11:26:15", "elapsed": 52761.331927, "delta": 45.350198}}
{"target": 6.15, "params": {"d0": 3.9213271682075916, "d1": -4.925074739787902, "d2": 0.8952898096331688, "g0": 2.682516329751005, "g1": 0.7383224765048608, "g2": -9.13228554757222, "g3": 0.7897889728341971, "g4": 1.1253009485237926, "g5": 0.28331111899476236, "g6": 0.5924084103795886, "g7": 1.5079288728823048, "i0": 2.875019179438294, "i1": 0.1247222370499067, "i2": -9.516631594928892, "i3": 1.1949315982571147, "i4": 0.8793925640937538, "i5": -0.7974632485526872, "i6": -0.08646570705847961, "i7": 1.9343321164022584, "r0": 4.741118989448093, "r1": 0.11302238044026258, "r2": -0.6019474102141622, "r3": 1.1266968712065886, "r4": 1.1562436859314265, "r5": -0.22968337682780182, "r6": 0.9094567956947157, "r7": 0.9177093759776512}, "datetime": {"datetime": "2020-01-18 11:26:51", "elapsed": 52797.879596, "delta": 36.547669}}
{"target": 20.05, "params": {"d0": 2.920118624702963, "d1": -7.969870242892147, "d2": 0.7743489521904077, "g0": 0.17083063472424553, "g1": 0.6421928895739569, "g2": -3.611467361830866, "g3": 0.9087852933177459, "g4": 0.9836175549041286, "g5": -0.3108622006812368, "g6": 0.1958633391655471, "g7": 1.359677102167049, "i0": 3.3161276987246096, "i1": 0.5354551956376262, "i2": -4.654130888322211, "i3": 0.981128326344386, "i4": 0.9390440609818409, "i5": 0.17444177661454818, "i6": 0.05881456330518309, "i7": 1.847294014587501, "r0": 0.8482595122283881, "r1": 0.8533971254514127, "r2": -1.4709233018806493, "r3": 1.1419582780034712, "r4": 0.9086504776150874, "r5": 0.2031463435150227, "r6": 0.6695412713387581, "r7": 1.8801170854980493}, "datetime": {"datetime": "2020-01-18 11:27:31", "elapsed": 52837.847792, "delta": 39.968196}}
{"target": 17.95, "params": {"d0": 4.91004481497055, "d1": -8.879414322757395, "d2": 0.7927071234181464, "g0": 1.2919911969993536, "g1": 0.44312111441108815, "g2": -2.692251285749288, "g3": 0.9750974277563833, "g4": 1.0742555140176018, "g5": -0.5622687372379354, "g6": 0.945310168456966, "g7": 1.518904581777538, "i0": 0.4349855798609248, "i1": 0.6369743014585535, "i2": -5.164912445111769, "i3": 0.7720109855285174, "i4": 1.2572837988112449, "i5": -0.5747438813471529, "i6": 0.844926787341842, "i7": 1.3503222631631489, "r0": 3.0643853040503695, "r1": 0.22891382420863382, "r2": -4.991536306856782, "r3": 0.8825379034176227, "r4": 1.1273865325991224, "r5": 0.7772202609380174, "r6": 0.10103351048876075, "r7": 1.0650830151780284}, "datetime": {"datetime": "2020-01-18 11:28:07", "elapsed": 52873.733638, "delta": 35.885846}}
{"target": 15.75, "params": {"d0": 2.764885184334536, "d1": -8.739719840331725, "d2": 1.4833377173037992, "g0": 3.5339208046767094, "g1": 0.6208042144024151, "g2": -4.400843494602217, "g3": 0.8118987394108095, "g4": 0.8926871086102774, "g5": 0.7997014880864863, "g6": -0.09575279210029536, "g7": 1.3807273035140368, "i0": 3.2354748528064468, "i1": 0.877219217816627, "i2": -7.289413075043893, "i3": 1.4796028340016298, "i4": 1.0132310508693476, "i5": 0.09580556251329175, "i6": 0.387193546908877, "i7": 1.0413443078836184, "r0": 1.6987747834153843, "r1": 0.46662851134617966, "r2": -6.913240092938788, "r3": 1.3263642759895915, "r4": 1.0956106862326926, "r5": -0.5217473034375035, "r6": 0.9323621171965484, "r7": 1.6130710159921593}, "datetime": {"datetime": "2020-01-18 11:28:50", "elapsed": 52916.836123, "delta": 43.102485}}
{"target": 5.55, "params": {"d0": 2.887509369945374, "d1": -5.874492981837421, "d2": 0.8271060010750165, "g0": 1.3680802226930022, "g1": 0.4021828315821504, "g2": -6.55660333905492, "g3": 0.7391778877240132, "g4": 0.997756317952199, "g5": -0.15934268687891362, "g6": 0.3143199139837243, "g7": 1.3707413627278593, "i0": 3.5643591437397553, "i1": 0.587775445362899, "i2": -8.511012530123844, "i3": 0.8967675130021298, "i4": 1.1904292811998232, "i5": 0.5542044647861346, "i6": 0.9640762634035633, "i7": 1.5750318463344475, "r0": 4.648373316564104, "r1": 0.18619931957972335, "r2": -7.581426705125214, "r3": 1.4963859226487723, "r4": 0.8691506687033014, "r5": 0.11852148616872094, "r6": -0.43659242663851006, "r7": 1.2929034882237032}, "datetime": {"datetime": "2020-01-18 11:29:30", "elapsed": 52957.082525, "delta": 40.246402}}
{"target": 8.4, "params": {"d0": 0.21860938853576206, "d1": -9.751973217922508, "d2": 1.0063699959095345, "g0": 2.4441619336375426, "g1": 0.18200324497783982, "g2": -5.285993156036955, "g3": 0.9228819594489228, "g4": 0.8252906510631242, "g5": 0.5229261329514345, "g6": -0.33269884755114076, "g7": 1.26885898056656, "i0": 0.45122629714066165, "i1": 0.6768745500676995, "i2": -7.201932869829626, "i3": 1.4076238114491522, "i4": 1.0830843581899656, "i5": 0.2416842731208333, "i6": -0.15805710903823095, "i7": 1.2264182769123173, "r0": 4.367835181347932, "r1": 0.0062743827629933024, "r2": -4.97990366044109, "r3": 1.0485587551491657, "r4": 1.041841490075772, "r5": -0.6083511958638645, "r6": 0.7277246428734225, "r7": 1.7652162244363758}, "datetime": {"datetime": "2020-01-18 11:30:31", "elapsed": 53017.470359, "delta": 60.387834}}
{"target": 17.4, "params": {"d0": 3.1752603326471327, "d1": -7.0373439892776455, "d2": 1.4842981306008678, "g0": 2.795536417210248, "g1": 0.8245074213116772, "g2": -8.086209736486346, "g3": 1.4831606047996928, "g4": 1.2500445759715104, "g5": -0.2247152240471929, "g6": 0.8000552825675518, "g7": 1.9764825939882824, "i0": 1.2975461358404177, "i1": 0.2685171228895872, "i2": -1.0810910240374536, "i3": 0.7282942803014825, "i4": 1.1778270538968068, "i5": -0.18885143052420528, "i6": 0.21929396722477235, "i7": 1.6793692152667408, "r0": 4.659238132740493, "r1": 0.783743851709918, "r2": -1.6546156092115538, "r3": 1.0793930265255005, "r4": 0.920964233012342, "r5": 0.5041340643958356, "r6": -0.4611858251515531, "r7": 1.6987524220687122}, "datetime": {"datetime": "2020-01-18 11:31:15", "elapsed": 53062.095789, "delta": 44.62543}}
{"target": 16.2, "params": {"d0": 3.6164889675933427, "d1": -3.841815330495473, "d2": 1.1998903492061543, "g0": 2.3789134916816295, "g1": 0.5612083276506756, "g2": -7.933655894798491, "g3": 0.9739947482416926, "g4": 1.1321159983183302, "g5": 0.49863675134689567, "g6": 0.16360403834260384, "g7": 1.9808808210585473, "i0": 1.108268643259183, "i1": 0.2524789528550606, "i2": -0.2527293832473152, "i3": 1.4565209703416786, "i4": 0.9563744434952093, "i5": 0.5276296165452947, "i6": -0.3601659511308148, "i7": 1.8285761209239104, "r0": 3.968000354496839, "r1": 0.08216523988531277, "r2": -4.9615558822505355, "r3": 0.9226863476817779, "r4": 1.2496485495199738, "r5": 0.1677022619436661, "r6": 0.04676732563513886, "r7": 1.9344280321812248}, "datetime": {"datetime": "2020-01-18 11:31:52", "elapsed": 53099.156943, "delta": 37.061154}}
{"target": 15.8, "params": {"d0": 1.1957469893774637, "d1": -8.091616219318999, "d2": 1.2160482476994496, "g0": 3.6650168664638203, "g1": 0.2785891872705454, "g2": -9.50552574310964, "g3": 1.3772048904736014, "g4": 1.2178828464042137, "g5": -0.4563005635388649, "g6": 0.5594445393004506, "g7": 1.354349019244907, "i0": 0.134340633675466, "i1": 0.2415605347416958, "i2": -6.427154960230008, "i3": 0.7464974708579822, "i4": 1.2262685593716225, "i5": -0.30885835423498187, "i6": 0.9201707221625519, "i7": 1.3326851253523415, "r0": 0.6168487697090763, "r1": 0.06399534529121698, "r2": -1.5070324769703731, "r3": 1.1078105239936127, "r4": 0.9041197095288164, "r5": -0.7154520774074804, "r6": -0.4203808633834532, "r7": 1.1771480708249167}, "datetime": {"datetime": "2020-01-18 11:32:42", "elapsed": 53148.662406, "delta": 49.505463}}
{"target": 16.7, "params": {"d0": 4.098758813200988, "d1": -5.316104428974509, "d2": 1.3979935945919821, "g0": 3.147562676367163, "g1": 0.056969722765716546, "g2": -5.074012065974545, "g3": 1.103547407053181, "g4": 1.060840800632358, "g5": -0.6064588461522424, "g6": 0.6729540054446486, "g7": 1.0667042047972062, "i0": 1.6439888954080857, "i1": 0.7826758255285111, "i2": -6.29955310642897, "i3": 0.7003846068852949, "i4": 1.117313247143387, "i5": -0.09891662393918765, "i6": -0.19708046959262004, "i7": 1.5173806595239945, "r0": 0.3736376676395464, "r1": 0.15259021692080899, "r2": -1.2339575070515139, "r3": 0.7030934504740993, "r4": 0.859395590257356, "r5": -0.297651645045254, "r6": 0.9107146857695467, "r7": 1.0581695939348235}, "datetime": {"datetime": "2020-01-18 11:33:21", "elapsed": 53188.115602, "delta": 39.453196}}
{"target": 16.8, "params": {"d0": 4.166179680043715, "d1": -7.361859601737253, "d2": 1.385683135968392, "g0": 2.914148585332602, "g1": 0.3327297152620763, "g2": -8.328605719792348, "g3": 1.085858080633536, "g4": 0.9024274956106124, "g5": 0.7421454609022309, "g6": -0.15458693953138097, "g7": 1.9878933843263913, "i0": 1.5220728429360153, "i1": 0.04029324560050729, "i2": -9.743576406482804, "i3": 0.8254461460696304, "i4": 0.8486483736917403, "i5": 0.42401286204924316, "i6": 0.8297004911044201, "i7": 1.1810752262158517, "r0": 1.3458408554863883, "r1": 0.21845021631800343, "r2": -9.836586043521487, "r3": 1.2807668952194238, "r4": 1.2888733892416606, "r5": 0.38123768088487076, "r6": 0.16846470442644645, "r7": 1.4174667803402579}, "datetime": {"datetime": "2020-01-18 11:34:00", "elapsed": 53227.04335, "delta": 38.927748}}
{"target": 16.95, "params": {"d0": 4.00175327384064, "d1": -3.7450180572175107, "d2": 1.173936466109391, "g0": 3.431440668053317, "g1": 0.3078668822450905, "g2": -9.70077422436551, "g3": 1.3862352747887348, "g4": 1.217079555774386, "g5": 0.7758443363068677, "g6": 0.39678367036412265, "g7": 1.1192023183174264, "i0": 1.6203662395659673, "i1": 0.29128230903368524, "i2": -4.395203161244452, "i3": 0.9802020557376134, "i4": 1.09857683417958, "i5": -0.6463626659524793, "i6": -0.1606327877258621, "i7": 1.0419761011181077, "r0": 1.7188910232014254, "r1": 0.8782833546110215, "r2": -1.7206265224102673, "r3": 0.9888303420965587, "r4": 0.9955331315925998, "r5": -0.32336706323428643, "r6": -0.43053648467909106, "r7": 1.7989434692249424}, "datetime": {"datetime": "2020-01-18 11:34:37", "elapsed": 53263.96165, "delta": 36.9183}}
{"target": 14.75, "params": {"d0": 3.0029153511631526, "d1": -3.9822792585746125, "d2": 1.4992557499117736, "g0": 1.3165699903293515, "g1": 0.5507566909170544, "g2": -9.088675327258446, "g3": 1.4270062754418975, "g4": 1.0181990426572307, "g5": 0.7536864523114057, "g6": -0.20637569815678208, "g7": 1.1279030181598073, "i0": 4.760830368497827, "i1": 0.9795728069725453, "i2": -5.556346690256718, "i3": 1.21771264583074, "i4": 0.9435048967135314, "i5": -0.13337065254216074, "i6": 0.4683925189534547, "i7": 1.029962858413977, "r0": 3.4024654070028575, "r1": 0.06683378415256558, "r2": -6.008696980340065, "r3": 1.1597493560243077, "r4": 0.8858266605709891, "r5": 0.05520625535138035, "r6": 0.5096753064080586, "r7": 1.8836943502860701}, "datetime": {"datetime": "2020-01-18 11:35:20", "elapsed": 53306.758447, "delta": 42.796797}}
{"target": 9.8, "params": {"d0": 1.1553915157399248, "d1": -8.778750539787463, "d2": 1.28369183360117, "g0": 4.817482331817459, "g1": 0.5266493728783426, "g2": -7.032473719397068, "g3": 0.8463970933420324, "g4": 0.8459226246695764, "g5": 0.5841799998020016, "g6": 0.5607998192191992, "g7": 1.018491414585372, "i0": 0.33909538989366217, "i1": 0.08258301480432373, "i2": -4.756111765071813, "i3": 0.7654701209868712, "i4": 1.2917873079297912, "i5": 0.6465741443840078, "i6": -0.4152003496136817, "i7": 1.8154391762304467, "r0": 2.932351959188402, "r1": 0.35954279490722973, "r2": -6.086933428107578, "r3": 0.783708507262705, "r4": 1.1699189438201185, "r5": -0.23533109533370244, "r6": 0.7741912099295463, "r7": 1.5435861679730918}, "datetime": {"datetime": "2020-01-18 11:36:20", "elapsed": 53366.401554, "delta": 59.643107}}
{"target": 10.0, "params": {"d0": 4.966387044556278, "d1": -2.372167364109502, "d2": 1.1129271283067022, "g0": 2.016051045677099, "g1": 0.6139215373525477, "g2": -7.816267470741366, "g3": 1.2858777721965509, "g4": 1.2001672836840274, "g5": -0.7316861843874712, "g6": -0.33840465019864646, "g7": 1.5376112943444467, "i0": 3.9390794379409906, "i1": 0.6988117131693304, "i2": -7.307560930048154, "i3": 1.3991477795302343, "i4": 1.1692411676498007, "i5": -0.4539518478136382, "i6": -0.1619202514951949, "i7": 0.9139419110440022, "r0": 3.4217140644524315, "r1": 0.061243877570416494, "r2": -3.761004291014708, "r3": 0.8327076654683531, "r4": 0.9832518635419161, "r5": -0.37369290241048625, "r6": 0.05738962901424749, "r7": 1.1245457600924624}, "datetime": {"datetime": "2020-01-18 11:36:44", "elapsed": 53390.916508, "delta": 24.514954}}
{"target": 17.35, "params": {"d0": 2.049495145791418, "d1": -2.560690559622291, "d2": 0.9712382180885912, "g0": 2.629038687453576, "g1": 0.2872615656029541, "g2": -5.533072267280605, "g3": 1.0947620291772333, "g4": 1.2385795092313963, "g5": 0.7219904026332824, "g6": 0.40646116443926383, "g7": 1.4794698604051684, "i0": 4.617737866968488, "i1": 0.652324202241285, "i2": -4.872637312876348, "i3": 0.9467388619129588, "i4": 1.2868596506703884, "i5": -0.5231464595035599, "i6": 0.23272862463330624, "i7": 1.762326183961446, "r0": 1.1083122766584041, "r1": 0.2200612156994446, "r2": -1.0080320504316305, "r3": 0.9238661113062373, "r4": 0.9766795622258664, "r5": -0.16612809766167147, "r6": -0.17682300995363076, "r7": 1.6068958877340491}, "datetime": {"datetime": "2020-01-18 11:37:22", "elapsed": 53428.761873, "delta": 37.845365}}
{"target": 19.05, "params": {"d0": 1.6829212188257077, "d1": -0.3633852616216693, "d2": 0.967705337783147, "g0": 0.9353574922797087, "g1": 0.26307258831140956, "g2": -3.0366578917772644, "g3": 1.2956402347484368, "g4": 1.134568941130626, "g5": 0.38305332794374514, "g6": -0.34332318793429095, "g7": 0.9524156898399764, "i0": 3.0066676116153075, "i1": 0.719750839979548, "i2": -4.144300896891112, "i3": 0.7442803720107529, "i4": 0.9065729529129012, "i5": 0.6455464158576107, "i6": 0.0731497194934555, "i7": 1.320965711638551, "r0": 1.3596710117834276, "r1": 0.8685566575494891, "r2": -5.195066830862496, "r3": 1.109633641854304, "r4": 0.9562117509945044, "r5": -0.31503174647818466, "r6": -0.2961002974339561, "r7": 1.1211812028612962}, "datetime": {"datetime": "2020-01-18 11:38:01", "elapsed": 53468.14964, "delta": 39.387767}}
{"target": 17.45, "params": {"d0": 0.2612877952991288, "d1": -9.853069412206573, "d2": 0.8126572064086839, "g0": 0.790854868054664, "g1": 0.3993787728413243, "g2": -0.8289992237638568, "g3": 0.877806010036042, "g4": 0.9083711127743844, "g5": -0.7100253854386391, "g6": 0.03280994623517408, "g7": 1.7625266720610362, "i0": 2.8866892065013716, "i1": 0.4827204921443311, "i2": -2.7448536165967274, "i3": 1.3489792368116595, "i4": 1.10312114005205, "i5": -0.22317621310829439, "i6": -0.08067165561812811, "i7": 1.549076577705179, "r0": 0.40375121811565606, "r1": 0.1651837727722587, "r2": -2.9089409273146973, "r3": 0.8583223732772631, "r4": 0.9959991274218604, "r5": 0.7825721255464919, "r6": 0.457720195875017, "r7": 1.7095830213606196}, "datetime": {"datetime": "2020-01-18 11:38:49", "elapsed": 53515.957329, "delta": 47.807689}}
