{"target": 20.4, "params": {"d0": 3.614078291947921, "d1": -1.3353371955032998, "d2": 1.0459524654882564, "g0": 0.4088511937783937, "g1": 0.5657838101839164, "g2": -4.804023191799309, "g3": 1.149666673852107, "g4": 1.0531389707102765, "g5": 0.0016666178825101192, "g6": 0.18084402232974686, "g7": 1.509741613516185, "i0": 3.6647998873579506, "i1": 0.4675281153722066, "i2": -6.756087895090223, "i3": 1.0354605600926439, "i4": 0.9886852357024521, "i5": -0.04710645482336817, "i6": 0.2554529473984259, "i7": 1.5213496327257388, "r0": 3.017284109189911, "r1": 0.44225046746658064, "r2": -8.82825873253206, "r3": 1.1225164991142178, "r4": 1.0719781235422419, "r5": 0.4261718393658847, "r6": 0.0812670639879177, "r7": 1.4969682104917854}, "datetime": {"datetime": "2020-01-18 22:20:58", "elapsed": 23297.354185, "delta": 132.64292}}
{"target": 20.8, "params": {"d0": 3.445960739106861, "d1": -1.4760036776089662, "d2": 0.9554102183504816, "g0": 0.5883651606086746, "g1": 0.5428182102403781, "g2": -4.937051076592934, "g3": 1.1212860063191838, "g4": 1.0338534547762488, "g5": -0.057883635688561835, "g6": 0.29238160101651867, "g7": 1.6134537317292272, "i0": 4.071616827933046, "i1": 0.7039864325876788, "i2": -6.556512262438398, "i3": 1.0316290275610456, "i4": 0.9728423886784229, "i5": 0.0882374292327919, "i6": 0.17685968337543273, "i7": 1.5312257646021272, "r0": 2.6457563448018466, "r1": 0.5143960136715114, "r2": -8.852792536401276, "r3": 1.0321279148004978, "r4": 1.066937460659888, "r5": 0.539600969675518, "r6": 0.2250657663345146, "r7": 1.388694581949088}, "datetime": {"datetime": "2020-01-18 22:23:03", "elapsed": 23422.617372, "delta": 125.263187}}
{"target": 19.85, "params": {"d0": 3.327195074786815, "d1": -9.120189660373729, "d2": 0.8692705876991378, "g0": 0.7383401830067556, "g1": 0.5733304776043591, "g2": -5.217620225917095, "g3": 1.3162366894786928, "g4": 1.0558666760986002, "g5": -0.37667005734200076, "g6": 0.26402894765322454, "g7": 1.6746920330290653, "i0": 4.414218781248972, "i1": 0.7756521414240227, "i2": -5.776709091697151, "i3": 1.0242597682204477, "i4": 1.0783290273025687, "i5": 0.02153880503835597, "i6": -0.21234212264243013, "i7": 1.8187012523793749, "r0": 1.6919531061160313, "r1": 0.706236210063331, "r2": -1.8144544003694654, "r3": 1.391479126940818, "r4": 0.9469195782761598, "r5": -0.3999753703212433, "r6": 0.09348234332419433, "r7": 1.5521245313898446}, "datetime": {"datetime": "2020-01-18 22:25:07", "elapsed": 23546.354278, "delta": 123.736906}}
{"target": 20.8, "params": {"d0": 3.2722172270878405, "d1": -9.000720173988253, "d2": 0.8742430950826823, "g0": 0.7651854572105502, "g1": 0.43009121187326727, "g2": -5.1890931208169135, "g3": 1.5, "g4": 1.0715265935762353, "g5": -0.4238536765367582, "g6": 0.033372799582231195, "g7": 1.628874387481466, "i0": 4.286965388182979, "i1": 0.6515086781869793, "i2": -5.777916696193577, "i3": 1.0511946084645976, "i4": 1.1105551851268323, "i5": 0.12893703563574146, "i6": -0.26142965322666584, "i7": 1.6930033641488247, "r0": 1.8831501509299353, "r1": 0.794189734732335, "r2": -1.6830595563924653, "r3": 1.3228603307258497, "r4": 0.9768638070854015, "r5": -0.46711637812831736, "r6": 0.20219999936083696, "r7": 1.5629161629446735}, "datetime": {"datetime": "2020-01-18 22:27:19", "elapsed": 23678.458528, "delta": 132.10425}}
{"target": 20.5, "params": {"d0": 3.1320202206034464, "d1": -9.060427855714643, "d2": 0.9097446892291458, "g0": 0.8023535542545387, "g1": 0.5671745163821731, "g2": -5.0880335970675965, "g3": 1.5, "g4": 1.1133327570299352, "g5": -0.3830380161329134, "g6": 0.1737771308249952, "g7": 1.6855653535315949, "i0": 4.331103857949204, "i1": 0.7454589716038944, "i2": -5.821008430502789, "i3": 1.0082136058304978, "i4": 1.1074524416087042, "i5": 0.12545187699772503, "i6": -0.2090877051633899, "i7": 1.7428757746144017, "r0": 1.930175626262447, "r1": 0.6164939514731054, "r2": -1.7749311583044283, "r3": 1.28149172243527, "r4": 0.9573404038226437, "r5": -0.32558635282505977, "r6": 0.19378663488757555, "r7": 1.5630960108461749}, "datetime": {"datetime": "2020-01-18 22:29:18", "elapsed": 23797.125315, "delta": 118.666787}}
{"target": 20.35, "params": {"d0": 4.018232840089976, "d1": -1.542697225517728, "d2": 1.0357287807934876, "g0": 0.6097081997599132, "g1": 0.3996904991112767, "g2": -4.876752242500794, "g3": 1.0877866258457967, "g4": 1.221556273853777, "g5": -0.0583781073655258, "g6": 0.17853418532166832, "g7": 1.6979650408521643, "i0": 3.58383812954078, "i1": 0.7446167520563276, "i2": -6.507659556386298, "i3": 1.0276163191137335, "i4": 1.1229230997783046, "i5": -0.22912517961278836, "i6": 0.045645503224602035, "i7": 1.6830464232679823, "r0": 2.0620855536186884, "r1": 0.3933874542173516, "r2": -8.628696402792977, "r3": 1.0919713525410157, "r4": 1.0139502008852883, "r5": 0.5451999638184245, "r6": 0.10553017028990522, "r7": 1.548091397220008}, "datetime": {"datetime": "2020-01-18 22:31:24", "elapsed": 23923.306463, "delta": 126.181148}}
{"target": 20.6, "params": {"d0": 4.018028753103309, "d1": -1.1680701721326667, "d2": 0.9908297091090381, "g0": 0.614551026237, "g1": 0.3429126756429914, "g2": -5.034982879302234, "g3": 1.2005724181638633, "g4": 1.148408755337662, "g5": -0.023762645462436196, "g6": 0.2760655842348557, "g7": 1.7953790534148417, "i0": 3.875831688161381, "i1": 0.6280334671322446, "i2": -6.609011964689109, "i3": 1.005771413427368, "i4": 1.1214827063671047, "i5": -0.13006445839236422, "i6": 0.11071781090677461, "i7": 1.7829137185949568, "r0": 2.321051168811896, "r1": 0.20795399068501566, "r2": -9.01812419558986, "r3": 1.1642078907217974, "r4": 1.0587748469482163, "r5": 0.37059229167990176, "r6": 0.20797624200177495, "r7": 1.5205164408950254}, "datetime": {"datetime": "2020-01-18 22:33:22", "elapsed": 24041.577097, "delta": 118.270634}}
{"target": 21.2, "params": {"d0": 3.799712146131859, "d1": -1.2628026501133942, "d2": 1.1134643845752565, "g0": 0.5187089777156793, "g1": 0.5054651538908048, "g2": -4.947168226179528, "g3": 1.1179336528630825, "g4": 1.1112083653238776, "g5": 0.004909226577048013, "g6": 0.07427325532436209, "g7": 1.681838633208288, "i0": 3.9946454996801686, "i1": 0.6603452394113757, "i2": -6.486818628967014, "i3": 0.8682881019982934, "i4": 1.0142048748321328, "i5": -0.2493601701321944, "i6": -0.1123163359293011, "i7": 1.6489720574077669, "r0": 2.236185031095218, "r1": 0.4198930424830004, "r2": -8.793884683759638, "r3": 1.0286315921821627, "r4": 0.998866957629943, "r5": 0.49563135055307705, "r6": 0.23540434171053873, "r7": 1.4890656800598463}, "datetime": {"datetime": "2020-01-18 22:35:22", "elapsed": 24161.613813, "delta": 120.036716}}
{"target": 20.35, "params": {"d0": 4.015288351046461, "d1": -1.4157297405106994, "d2": 1.0018497657755314, "g0": 0.4247828757447447, "g1": 0.3287257398599908, "g2": -4.772965608031749, "g3": 1.1522815466138998, "g4": 1.062751505076371, "g5": 0.013073425789833008, "g6": 0.1970815743974638, "g7": 1.554451291100472, "i0": 3.955728620864074, "i1": 0.5336063123654321, "i2": -6.637890842143419, "i3": 0.9715767715140474, "i4": 0.942561935136763, "i5": -0.40291175447874655, "i6": 0.08255270662272049, "i7": 1.5529904066180111, "r0": 2.1697607492956204, "r1": 0.38681942826334037, "r2": -8.770845572882532, "r3": 1.1174030848823606, "r4": 1.0159619834913631, "r5": 0.42420840923205233, "r6": 0.27700135418058736, "r7": 1.4605700987872663}, "datetime": {"datetime": "2020-01-18 22:37:19", "elapsed": 24278.789385, "delta": 117.175572}}
{"target": 21.05, "params": {"d0": 3.7683632047534217, "d1": -1.2764001492249013, "d2": 1.0481277346660616, "g0": 0.6254673692621674, "g1": 0.3758417674712243, "g2": -4.809551017021864, "g3": 1.2215677359523005, "g4": 1.1818608555188892, "g5": -0.1497295971823195, "g6": 0.09958162802357785, "g7": 1.5649430442008851, "i0": 4.000210765525473, "i1": 0.6623324933412407, "i2": -6.4347525132339, "i3": 0.9039771954570214, "i4": 0.9541065023169101, "i5": -0.2605255107058764, "i6": -0.04526920327067518, "i7": 1.687831711513611, "r0": 2.045704305273959, "r1": 0.33101971174335343, "r2": -8.812810791647845, "r3": 1.1187886936865712, "r4": 1.0320267735110853, "r5": 0.3002504398108917, "r6": 0.06575122984836597, "r7": 1.5836623784861852}, "datetime": {"datetime": "2020-01-18 22:39:19", "elapsed": 24398.14985, "delta": 119.360465}}
{"target": 20.0, "params": {"d0": 3.9479712311325135, "d1": -1.7237891429950547, "d2": 0.8701329316663684, "g0": 0.38665926527776134, "g1": 0.33285969804454074, "g2": -5.239112576965739, "g3": 1.2536633558313721, "g4": 1.0768724279503694, "g5": -0.07419868532976429, "g6": 0.11899332671768105, "g7": 1.3798760873514893, "i0": 3.7785927871531366, "i1": 0.5314484459482227, "i2": -6.49579953078739, "i3": 1.1118946207411906, "i4": 1.0383937030970014, "i5": -0.06987283964432225, "i6": 0.4560972031599715, "i7": 1.5062220504403758, "r0": 1.8642225597751827, "r1": 0.3426089650480272, "r2": -8.610377475547171, "r3": 1.1278986672943294, "r4": 1.0354827009850507, "r5": 0.3913327800619176, "r6": 0.32991174439073473, "r7": 1.4962807967508533}, "datetime": {"datetime": "2020-01-18 22:41:32", "elapsed": 24531.216212, "delta": 133.066362}}
{"target": 20.75, "params": {"d0": 3.9115432295990162, "d1": -1.7070218957453192, "d2": 0.9243426215579535, "g0": 0.35853092870238834, "g1": 0.3621845400156977, "g2": -4.797973625511355, "g3": 1.2477952022484209, "g4": 1.0641085803113484, "g5": -0.09193010993994416, "g6": 0.05587181011802841, "g7": 1.4358650176825842, "i0": 3.721272174881538, "i1": 0.5251804584185881, "i2": -6.1210863439386305, "i3": 1.0665561220085915, "i4": 0.9082224406306268, "i5": -0.21349562636133582, "i6": 0.14145765293116971, "i7": 1.4694038995411811, "r0": 2.014227538966093, "r1": 0.4336384396920311, "r2": -8.615860520550983, "r3": 1.1138943448146978, "r4": 1.081160409352866, "r5": 0.43894238304336175, "r6": 0.20655804203182856, "r7": 1.6847173274229486}, "datetime": {"datetime": "2020-01-18 22:43:27", "elapsed": 24645.992006, "delta": 114.775794}}
{"target": 21.3, "params": {"d0": 3.9529183251794486, "d1": -1.2614883783999769, "d2": 0.9463207826419475, "g0": 0.7316214528442505, "g1": 0.37142211639082684, "g2": -5.224385868612733, "g3": 1.2649913901339696, "g4": 1.2880274813729018, "g5": 0.003020726526875816, "g6": 0.20479218830163848, "g7": 1.5928374064306574, "i0": 3.7479324170616923, "i1": 0.6074816659407353, "i2": -6.614647619726244, "i3": 0.9654120557931416, "i4": 1.0177045471342816, "i5": -0.4446232927661066, "i6": 0.13029016292654103, "i7": 1.6882619163421626, "r0": 1.9815649126369004, "r1": 0.21950947078417457, "r2": -8.929311510814811, "r3": 1.0772421226273587, "r4": 0.9551299620864948, "r5": 0.4340741122771758, "r6": 0.23238978660495646, "r7": 1.5430147732701824}, "datetime": {"datetime": "2020-01-18 22:45:22", "elapsed": 24761.675486, "delta": 115.68348}}
{"target": 21.15, "params": {"d0": 3.6425656673342166, "d1": -1.3824874689227908, "d2": 0.9295048236740608, "g0": 0.5551996867745826, "g1": 0.524075495978483, "g2": -4.6620221569118865, "g3": 1.2031038148257718, "g4": 1.0403445388827164, "g5": -0.009805197304853068, "g6": 0.22966621014837862, "g7": 1.6468267015223763, "i0": 3.6986195146799967, "i1": 0.6774031195586809, "i2": -6.429951181517716, "i3": 1.0894280776472431, "i4": 1.0347437807511626, "i5": -0.05870262930491099, "i6": -0.11647199948321628, "i7": 1.537675001612535, "r0": 3.208209291509546, "r1": 0.3700291251464855, "r2": -8.749085948323243, "r3": 1.0371454072735848, "r4": 1.074386441211129, "r5": 0.3092945895518681, "r6": 0.015749306788683727, "r7": 1.440239297501218}, "datetime": {"datetime": "2020-01-18 22:47:24", "elapsed": 24883.333741, "delta": 121.658255}}
{"target": 19.8, "params": {"d0": 3.5450856840412475, "d1": -1.4543851319256398, "d2": 0.9281542621344645, "g0": 0.5888465246211444, "g1": 0.6426822247212867, "g2": -4.694839939671232, "g3": 1.1345356675872889, "g4": 0.9612857141400749, "g5": -0.0015881942974244568, "g6": 0.10294269751075935, "g7": 1.4963451766744098, "i0": 3.792900217381904, "i1": 0.6536011171774913, "i2": -6.557785644084488, "i3": 1.023150108610953, "i4": 1.1265316989836793, "i5": 0.11781784238224163, "i6": -0.007765909642815003, "i7": 1.5277258836923955, "r0": 2.935926604093565, "r1": 0.4377854498819426, "r2": -8.653012461870999, "r3": 0.9499513676678117, "r4": 1.0048219754269345, "r5": 0.3800768570263852, "r6": 0.1503571487495133, "r7": 1.3449376364497703}, "datetime": {"datetime": "2020-01-18 22:49:07", "elapsed": 24986.328778, "delta": 102.995037}}
{"target": 19.35, "params": {"d0": 3.7910298071487674, "d1": -1.4913894945817205, "d2": 0.8960713383849782, "g0": 0.6379773602754382, "g1": 0.4251253143582577, "g2": -4.602740645032868, "g3": 1.1989470283608596, "g4": 1.1361323101738483, "g5": -0.05774221708224426, "g6": 0.3882587281897676, "g7": 1.7017513341671207, "i0": 3.740741311419986, "i1": 0.6227924815862482, "i2": -6.408606580979568, "i3": 1.1070677464924006, "i4": 0.9749354666348655, "i5": -0.196400711871163, "i6": 0.12775473605817708, "i7": 1.5948847608367467, "r0": 3.0766465360959088, "r1": 0.4213717420002466, "r2": -8.769549505195723, "r3": 1.1323269024461042, "r4": 1.1288017452112094, "r5": 0.3480327815318032, "r6": 0.08159406834568499, "r7": 1.5429288335486195}, "datetime": {"datetime": "2020-01-18 22:50:53", "elapsed": 25092.879491, "delta": 106.550713}}
{"target": 20.65, "params": {"d0": 3.575684758803425, "d1": -1.4104913307689684, "d2": 1.0627366771943965, "g0": 0.41273252698635854, "g1": 0.5939518301205537, "g2": -4.483231863780327, "g3": 1.2483789896673323, "g4": 1.0443870449517652, "g5": -0.040325340230636025, "g6": 0.15545769270503992, "g7": 1.5641420442709635, "i0": 3.662703696188417, "i1": 0.6423465346352837, "i2": -6.433060554505643, "i3": 1.0292678064757221, "i4": 1.016259157158587, "i5": 0.0019009227050811304, "i6": -0.024217914749039043, "i7": 1.4969827909075375, "r0": 3.4817391377339515, "r1": 0.5039019187552368, "r2": -8.574943208968245, "r3": 1.107549877946082, "r4": 1.0434070746743533, "r5": 0.275186718553649, "r6": 0.026469719932794074, "r7": 1.552577134989005}, "datetime": {"datetime": "2020-01-18 22:52:31", "elapsed": 25190.324697, "delta": 97.445206}}
{"target": 21.05, "params": {"d0": 3.412769049057653, "d1": -1.474617459575574, "d2": 1.1147696327459182, "g0": 0.5543822832322262, "g1": 0.5711833754456765, "g2": -4.884591335120416, "g3": 1.1635399946042058, "g4": 1.2181941086266193, "g5": 0.14236172956232665, "g6": 0.2716217192375446, "g7": 1.538817455165468, "i0": 4.016790999783452, "i1": 0.6520937841270236, "i2": -6.729042903966315, "i3": 0.9029955318868833, "i4": 1.003737017228091, "i5": -0.12634744081867186, "i6": 0.15119418267925466, "i7": 1.5460212017613626, "r0": 2.564715442025317, "r1": 0.3748430276286442, "r2": -8.77684443521319, "r3": 1.0414281075784841, "r4": 1.023406284312896, "r5": 0.5891188758116837, "r6": 0.27176400121790567, "r7": 1.50630534805225}, "datetime": {"datetime": "2020-01-18 22:54:03", "elapsed": 25282.70702, "delta": 92.382323}}
{"target": 20.35, "params": {"d0": 3.4202172050467965, "d1": -1.3232972116137653, "d2": 1.0690869558160867, "g0": 0.5233412417780964, "g1": 0.5944720742867965, "g2": -4.917798103554582, "g3": 1.2131603252751484, "g4": 1.0778748238903777, "g5": 0.06515098174918312, "g6": 0.2845809006156308, "g7": 1.6941561630197355, "i0": 3.6750419098267497, "i1": 0.704975429779462, "i2": -6.613023414703377, "i3": 1.0251926278207983, "i4": 1.0572376525169493, "i5": -0.06833024482693434, "i6": -0.026566172297229334, "i7": 1.5394516623752146, "r0": 3.2216881274453213, "r1": 0.44500020591000966, "r2": -8.891473374960443, "r3": 1.136301249580964, "r4": 1.0544322914518167, "r5": 0.21629586631949477, "r6": 0.06658579677162664, "r7": 1.4720420486059793}, "datetime": {"datetime": "2020-01-18 22:55:44", "elapsed": 25383.541591, "delta": 100.834571}}
{"target": 21.55, "params": {"d0": 3.4073499871778097, "d1": -9.23231780775668, "d2": 0.831093098010329, "g0": 0.803472194082371, "g1": 0.49502399321232293, "g2": -5.327197963778007, "g3": 1.5, "g4": 1.0858793898359078, "g5": -0.2771539170035908, "g6": 0.05597860175225687, "g7": 1.6571283552080625, "i0": 4.478694600922404, "i1": 0.7266169744088341, "i2": -5.425716321431628, "i3": 0.9864370189347722, "i4": 1.1572919749859076, "i5": 0.21010812357245168, "i6": -0.25301383734191496, "i7": 1.656320055195176, "r0": 1.9651719922802666, "r1": 0.8454698803742777, "r2": -1.8579811371969701, "r3": 1.42491787015962, "r4": 0.9568724852841299, "r5": -0.5931347586643109, "r6": 0.0024613092364878654, "r7": 1.5373604154103435}, "datetime": {"datetime": "2020-01-18 22:57:33", "elapsed": 25492.857241, "delta": 109.31565}}
{"target": 20.15, "params": {"d0": 3.3183194274247407, "d1": -9.16861758949879, "d2": 0.8898535680467037, "g0": 0.805765731818368, "g1": 0.4933264532345462, "g2": -5.6423517420213365, "g3": 1.5, "g4": 1.1103268925608534, "g5": -0.2878979301472041, "g6": 0.08964791421021132, "g7": 1.6413858452021384, "i0": 4.473634895101933, "i1": 0.7018781011485041, "i2": -5.619394128035061, "i3": 0.9597913915189289, "i4": 1.1638618021167948, "i5": 0.20980185652343922, "i6": -0.11135339513680718, "i7": 1.6078273647295223, "r0": 1.986870249135669, "r1": 0.9195674658151811, "r2": -1.7758002775968802, "r3": 1.4048921429928818, "r4": 0.9678152694034549, "r5": -0.5945093991144931, "r6": 0.06585872632274765, "r7": 1.4943603261482123}, "datetime": {"datetime": "2020-01-18 22:59:34", "elapsed": 25613.108137, "delta": 120.250896}}
{"target": 21.05, "params": {"d0": 3.414487106729233, "d1": -9.471788449502789, "d2": 0.7946095519253471, "g0": 0.9091309135415989, "g1": 0.5123964867893723, "g2": -5.109137304686136, "g3": 1.5, "g4": 1.0885820383045786, "g5": -0.31936691597255507, "g6": 0.005650517282842994, "g7": 1.66209234482763, "i0": 4.543192186432144, "i1": 0.6899586102258175, "i2": -5.541368291476497, "i3": 1.009747292262338, "i4": 1.134379960369905, "i5": 0.16844416284222255, "i6": -0.37393111604438134, "i7": 1.739129711900978, "r0": 1.9828127330878484, "r1": 0.8037294304020497, "r2": -1.8229983268693466, "r3": 1.4167681253181204, "r4": 0.9618535552697948, "r5": -0.6080081435315347, "r6": -0.03407961849304863, "r7": 1.6013214451562832}, "datetime": {"datetime": "2020-01-18 23:01:33", "elapsed": 25732.068293, "delta": 118.960156}}
{"target": 20.55, "params": {"d0": 3.5717752601790003, "d1": -9.17152965056336, "d2": 0.791091888419479, "g0": 0.6856811225703174, "g1": 0.4841408744208576, "g2": -5.095428472011131, "g3": 1.5, "g4": 1.0280617681373372, "g5": -0.2836227464928921, "g6": 0.07767425099109272, "g7": 1.6642872157075805, "i0": 4.431912890446939, "i1": 0.8323321046826433, "i2": -5.482491169478789, "i3": 0.9474706324582479, "i4": 1.198163740018896, "i5": 0.3024820674711594, "i6": -0.25050223842274827, "i7": 1.65609488890023, "r0": 1.850841884725301, "r1": 0.8266133207841501, "r2": -1.8833354364873567, "r3": 1.4737267474014815, "r4": 0.9340313039683384, "r5": -0.570407142620177, "r6": 0.09018900334975513, "r7": 1.5901792701611777}, "datetime": {"datetime": "2020-01-18 23:03:30", "elapsed": 25849.098358, "delta": 117.030065}}
{"target": 20.6, "params": {"d0": 3.383120701375692, "d1": -9.297165693374994, "d2": 0.8187208127712995, "g0": 0.9540621267454611, "g1": 0.43599375948108365, "g2": -5.37823304408432, "g3": 1.5, "g4": 1.1015964058271301, "g5": -0.2583419351257483, "g6": 0.09832213696322958, "g7": 1.6627027979338558, "i0": 4.376740937776768, "i1": 0.6662561267529756, "i2": -5.325840065992304, "i3": 1.0435869741852257, "i4": 1.0873745145519462, "i5": 0.07874019351356443, "i6": -0.32054517198963545, "i7": 1.6828383241567506, "r0": 1.8785956690331782, "r1": 0.7112774403515296, "r2": -1.9524427410494174, "r3": 1.412413657119274, "r4": 0.9890896937514239, "r5": -0.5847022324730917, "r6": -0.07231996984484415, "r7": 1.5435196287961401}, "datetime": {"datetime": "2020-01-18 23:05:23", "elapsed": 25962.343231, "delta": 113.244873}}
{"target": 20.4, "params": {"d0": 3.2855783381269736, "d1": -9.12678995929208, "d2": 0.8339196989778025, "g0": 0.8182529108445366, "g1": 0.5653972965132521, "g2": -5.250575210030444, "g3": 1.5, "g4": 1.0828113784156579, "g5": -0.32220540854666607, "g6": 0.019745234649080148, "g7": 1.6511697841526722, "i0": 4.65985861981542, "i1": 0.7082074535127515, "i2": -5.415175731511868, "i3": 1.0283628290805222, "i4": 1.1344073569945277, "i5": 0.1492938886848859, "i6": -0.3323291348604949, "i7": 1.730504840821488, "r0": 1.9392377678581199, "r1": 0.8682792733422833, "r2": -1.6568338274970187, "r3": 1.441502147319464, "r4": 0.9382369897436432, "r5": -0.5439455890934584, "r6": -0.09545940779266866, "r7": 1.5152281965364751}, "datetime": {"datetime": "2020-01-18 23:07:19", "elapsed": 26078.799937, "delta": 116.456706}}
{"target": 20.15, "params": {"d0": 3.397020181756413, "d1": -9.47338697962744, "d2": 0.8762888878821845, "g0": 0.6931605547023736, "g1": 0.4928675257240227, "g2": -5.291200143782139, "g3": 1.5, "g4": 1.081830608382, "g5": -0.3165643831981464, "g6": 0.06872391846287813, "g7": 1.699904551480741, "i0": 4.504336294256374, "i1": 0.6827544671561614, "i2": -5.441870375720204, "i3": 1.0180810989731834, "i4": 1.1318934225280584, "i5": 0.1508325899869195, "i6": -0.23584976393496682, "i7": 1.680801662931392, "r0": 2.126319310637237, "r1": 0.844795304021469, "r2": -1.986058633458319, "r3": 1.3492343227592938, "r4": 0.9696621112514942, "r5": -0.56650699335628, "r6": 0.11193065036503314, "r7": 1.5285954571483733}, "datetime": {"datetime": "2020-01-18 23:09:10", "elapsed": 26189.009119, "delta": 110.209182}}
