{"target": 17.0, "params": {"d0": 3.3393067898394593, "d1": -7.392390839688726, "d2": 0.7398741392694629, "g0": 2.753929097494666, "g1": 0.4845048278272841, "g2": -6.994976050575227, "g3": 1.2791402347745504, "g4": 1.173909841444967, "g5": -0.03497233813384604, "g6": 0.10506859104187982, "g7": 1.508185278175115, "i0": 2.2754699244221603, "i1": 0.8924306126385186, "i2": -3.8293004453649226, "i3": 0.9192928587811523, "i4": 0.840671516292568, "i5": -0.24413426880216904, "i6": 0.9627275565170086, "i7": 1.8321919222514431, "r0": 0.327906305613172, "r1": 0.2771032244095648, "r2": -5.157458477631366, "r3": 0.9792623432268368, "r4": 0.8260944800710779, "r5": 0.39490269146849255, "r6": -0.013411667611934075, "r7": 1.3007283672498198}, "datetime": {"datetime": "2020-01-18 04:03:49", "elapsed": 26215.300217, "delta": 32.939376}}
{"target": 17.4, "params": {"d0": 0.9224343439829069, "d1": -9.80618566090572, "d2": 1.3355316278936584, "g0": 1.7812502513685835, "g1": 0.7627421907263224, "g2": -5.693515166052214, "g3": 0.903048107604337, "g4": 1.168888175309437, "g5": 0.2616575739341025, "g6": 0.5697651913616506, "g7": 1.8397627914208092, "i0": 0.9172390823823146, "i1": 0.3848559560862125, "i2": -9.881731858137108, "i3": 1.2977360471452992, "i4": 0.9578153593967399, "i5": -0.3785800502131606, "i6": 0.19358010688569993, "i7": 1.6444714119191106, "r0": 0.5800615492579114, "r1": 0.9927725646904195, "r2": -5.777793509077803, "r3": 1.378215298316396, "r4": 0.8953381272681137, "r5": 0.0856284368397352, "r6": 0.9034300241487985, "r7": 1.357076562218316}, "datetime": {"datetime": "2020-01-18 04:04:26", "elapsed": 26252.64658, "delta": 37.346363}}
{"target": 10.1, "params": {"d0": 3.010736627525854, "d1": -1.2460321055033656, "d2": 1.3335873802486127, "g0": 2.309766142937427, "g1": 0.6484237828808579, "g2": -8.69729808683499, "g3": 0.7878186090380458, "g4": 1.0654465109161884, "g5": -0.16727082265482063, "g6": 0.476081547532371, "g7": 1.322689628347452, "i0": 0.27971107959424424, "i1": 0.9992437996320446, "i2": -8.933087359340702, "i3": 1.413743686993702, "i4": 0.9861717616468372, "i5": 0.6539275504977708, "i6": 0.02187754349824589, "i7": 0.9569502842169855, "r0": 3.519636616156551, "r1": 0.40722232429795446, "r2": -9.22542714336124, "r3": 1.4361762251326289, "r4": 0.8654491967985467, "r5": 0.42277996332916246, "r6": -0.3319986739234561, "r7": 1.6860896595612853}, "datetime": {"datetime": "2020-01-18 04:05:07", "elapsed": 26294.174178, "delta": 41.527598}}
{"target": 12.75, "params": {"d0": 1.4680328215248462, "d1": -5.4401638258076455, "d2": 0.7313989963946227, "g0": 4.854220891349014, "g1": 0.9327550122341379, "g2": -5.625918026145902, "g3": 1.3796753510165132, "g4": 0.9635846639830339, "g5": -0.6619799835890341, "g6": 0.17935143365158157, "g7": 1.1864483215271664, "i0": 0.7150874600318569, "i1": 0.6267318770878008, "i2": -5.550617603369265, "i3": 1.0153949103167323, "i4": 1.017501019637506, "i5": 0.7308494156367247, "i6": 0.5056688419841056, "i7": 1.5646111510172271, "r0": 4.75482664396901, "r1": 0.6589833559679092, "r2": -8.266337196474824, "r3": 0.7708148647178652, "r4": 1.2207074944055771, "r5": 0.7333399094828317, "r6": 0.2385496120875008, "r7": 1.0671802489209892}, "datetime": {"datetime": "2020-01-18 04:05:47", "elapsed": 26333.964544, "delta": 39.790366}}
{"target": 16.55, "params": {"d0": 3.6573831352812847, "d1": -2.8053594668790547, "d2": 1.4696498966827642, "g0": 3.4547899581709802, "g1": 0.29755341579739525, "g2": -9.154335827155546, "g3": 0.8894858186814352, "g4": 0.9835562135365654, "g5": 0.23964003145919377, "g6": 0.03864601601193651, "g7": 1.7822900347444504, "i0": 3.0270761252142817, "i1": 0.8181489132355809, "i2": -7.668643967730957, "i3": 0.9480605630061922, "i4": 0.8125463553921384, "i5": -0.1714037553497061, "i6": 0.9108436797668698, "i7": 1.6682703423796803, "r0": 0.07378887009559854, "r1": 0.9827304950200303, "r2": -3.0227163957134087, "r3": 1.4232461882593428, "r4": 1.0348412736316235, "r5": -0.6550374409492875, "r6": 0.750845662826509, "r7": 1.357256592309996}, "datetime": {"datetime": "2020-01-18 04:06:23", "elapsed": 26369.750984, "delta": 35.78644}}
{"target": 3.2, "params": {"d0": 0.8610860867196873, "d1": -6.484515880828196, "d2": 1.0104023492776768, "g0": 1.7089116471858279, "g1": 0.22940546224623803, "g2": -6.727433008730608, "g3": 0.9895227202798023, "g4": 0.8345824550660417, "g5": 0.08898607233796074, "g6": 0.005209317230291277, "g7": 1.985573564240429, "i0": 4.569155496579139, "i1": 0.008759128171220043, "i2": -8.37096038837336, "i3": 0.9280560757737725, "i4": 0.8063877272219424, "i5": -0.6411930077021962, "i6": -0.04603636176559506, "i7": 1.19032090806165, "r0": 1.8812205341745858, "r1": 0.5014886760473103, "r2": -5.662167390484393, "r3": 1.0402256709132331, "r4": 0.8622082392769248, "r5": -0.7825487046337598, "r6": 0.015551635575479672, "r7": 1.514624073998177}, "datetime": {"datetime": "2020-01-18 04:07:10", "elapsed": 26416.88187, "delta": 47.130886}}
{"target": 14.55, "params": {"d0": 4.273966116495342, "d1": -2.7141213571244727, "d2": 0.8798265933336149, "g0": 4.438861662910155, "g1": 0.763283321483552, "g2": -2.078132737635433, "g3": 0.9702572545885615, "g4": 1.2406468959178443, "g5": 0.6235130481453985, "g6": -0.1389154128715167, "g7": 1.837042433897781, "i0": 0.2420487604193594, "i1": 0.38501879399509364, "i2": -4.732386211524635, "i3": 0.7918854621277833, "i4": 0.9611457849017893, "i5": -0.30406259076510467, "i6": 0.19873998794067993, "i7": 1.7211965691333089, "r0": 2.9008532306485235, "r1": 0.13403494780795477, "r2": -2.552236372546939, "r3": 1.0770025592018913, "r4": 0.8665619872884434, "r5": 0.577159671579367, "r6": 0.5730811290739464, "r7": 1.3184280449839167}, "datetime": {"datetime": "2020-01-18 04:07:41", "elapsed": 26448.098988, "delta": 31.217118}}
{"target": 16.95, "params": {"d0": 4.437955254821318, "d1": -8.633087352473876, "d2": 1.2811541384671576, "g0": 0.21174115415534267, "g1": 0.6399173631614892, "g2": -1.37097048083759, "g3": 1.4795586912882566, "g4": 0.9421832814439053, "g5": 0.19158871259486765, "g6": 0.9516780782062297, "g7": 1.6236914937564308, "i0": 0.048580072828864895, "i1": 0.16882047672692757, "i2": -6.097179916067104, "i3": 1.0673386757949075, "i4": 1.061222321903099, "i5": 0.21496019918989617, "i6": -0.028568806147757198, "i7": 1.0549867869646203, "r0": 1.0067564151353987, "r1": 0.1830716749117689, "r2": -0.6824712769524517, "r3": 1.2238507721573295, "r4": 1.0311683357862622, "r5": 0.23151110776324724, "r6": -0.31531496001302606, "r7": 0.9345337158530181}, "datetime": {"datetime": "2020-01-18 04:08:13", "elapsed": 26480.274139, "delta": 32.175151}}
{"target": 18.3, "params": {"d0": 4.094287338520408, "d1": -2.2380005564257113, "d2": 0.9946922468988157, "g0": 1.201762627070924, "g1": 0.16596022764050744, "g2": -7.275691477203381, "g3": 1.336668997587374, "g4": 1.2684217069419534, "g5": 0.7190539567014671, "g6": 0.1851727183655656, "g7": 1.988939078340929, "i0": 0.9105935443431318, "i1": 0.43522737858437444, "i2": -5.887080261656309, "i3": 1.481540571173169, "i4": 1.0182784440167747, "i5": 0.15528570511823436, "i6": 0.06865472414931006, "i7": 1.284638632849474, "r0": 3.2895823729455156, "r1": 0.021623731058604045, "r2": -0.6201948596646716, "r3": 0.742612667212379, "r4": 0.8886128991787561, "r5": -0.18337317707024903, "r6": 0.8771267834822236, "r7": 1.9875088494521873}, "datetime": {"datetime": "2020-01-18 04:08:48", "elapsed": 26514.432757, "delta": 34.158618}}
{"target": 11.5, "params": {"d0": 2.3880660804490326, "d1": -8.119250756153724, "d2": 0.8970511813393247, "g0": 4.930702172126805, "g1": 0.33709816103306145, "g2": -2.806262102804915, "g3": 1.279017568252269, "g4": 0.8581596721916845, "g5": 0.7363428616297536, "g6": -0.4965757687342363, "g7": 1.6213066232226776, "i0": 0.9151975894595132, "i1": 0.8080806674750229, "i2": -1.342293451744828, "i3": 1.407676554024997, "i4": 1.2854481553146806, "i5": -0.2327229078280304, "i6": 0.3322948263645602, "i7": 0.9975387288006866, "r0": 1.1128317302891282, "r1": 0.46032249076394294, "r2": -1.7274367733833067, "r3": 0.7078908487907043, "r4": 0.9256233859658869, "r5": 0.5827883735842627, "r6": 0.5512813591791585, "r7": 1.2705204064293922}, "datetime": {"datetime": "2020-01-18 04:09:29", "elapsed": 26556.17363, "delta": 41.740873}}
{"target": 12.4, "params": {"d0": 3.2570655494784924, "d1": -7.036329092920878, "d2": 0.7519825242172165, "g0": 2.617522577787814, "g1": 0.13779134611436794, "g2": -9.52244080385812, "g3": 1.0118534329365374, "g4": 1.0051722659552962, "g5": -0.19591390251419427, "g6": 0.8771869718874923, "g7": 1.4136716309118669, "i0": 2.484752316532411, "i1": 0.5309086949370089, "i2": -3.98232217914477, "i3": 1.4089103993815852, "i4": 1.0878545851657742, "i5": -0.12139786509409822, "i6": 0.1482886770380336, "i7": 1.8404214265982397, "r0": 2.104632723445825, "r1": 0.9762436776587722, "r2": -6.045147254885497, "r3": 1.3946984035437433, "r4": 0.9450078050722157, "r5": -0.5105221528617575, "r6": 0.3804379062832943, "r7": 1.211378871894187}, "datetime": {"datetime": "2020-01-18 04:10:01", "elapsed": 26587.618515, "delta": 31.444885}}
{"target": 4.6, "params": {"d0": 4.3877760746469265, "d1": -5.208833057782821, "d2": 1.133343940002476, "g0": 1.3547978358921524, "g1": 0.20989699707608345, "g2": -8.471719320181052, "g3": 0.8397980433411183, "g4": 0.8241734694039873, "g5": 0.7885485733320403, "g6": 0.3370279459027812, "g7": 1.46234512649777, "i0": 3.298359035322828, "i1": 0.3709608282259318, "i2": -1.410003048828937, "i3": 1.084556841679181, "i4": 0.9695312791405554, "i5": 0.2663382682853901, "i6": 0.7298908117237541, "i7": 1.5025870881097934, "r0": 2.4192721996186735, "r1": 0.33176296305489217, "r2": -9.393767889082715, "r3": 1.0206626572790733, "r4": 0.876847567620758, "r5": 0.16100398885558587, "r6": 0.8254887364089625, "r7": 1.3439539171412744}, "datetime": {"datetime": "2020-01-18 04:10:42", "elapsed": 26628.984764, "delta": 41.366249}}
{"target": 7.45, "params": {"d0": 2.3417545184428183, "d1": -9.423485560540431, "d2": 1.1987317275408487, "g0": 1.005139709068232, "g1": 0.7903929869386962, "g2": -6.610011613767549, "g3": 0.7633336416336465, "g4": 0.9043980801035536, "g5": -0.29749906815182026, "g6": -0.179985855561078, "g7": 1.686998493485828, "i0": 4.811955139004586, "i1": 0.3239367196428463, "i2": -0.9688751178592359, "i3": 1.2825210401603124, "i4": 0.8901736577249426, "i5": -0.0742891446816143, "i6": 0.7058715336456491, "i7": 1.6929141851585485, "r0": 0.733277562933885, "r1": 0.09544159859221468, "r2": -0.6230976063397282, "r3": 0.7292054886640783, "r4": 1.1082110557051172, "r5": -0.06024036177098269, "r6": -0.2535909435067986, "r7": 1.3210874147434049}, "datetime": {"datetime": "2020-01-18 04:11:07", "elapsed": 26653.625119, "delta": 24.640355}}
{"target": 15.9, "params": {"d0": 1.3439515254930239, "d1": -5.085154883373609, "d2": 0.7295350613055737, "g0": 2.5036143744018475, "g1": 0.24539233921642445, "g2": -6.271869050952344, "g3": 1.0452882379989399, "g4": 1.0864044348763966, "g5": -0.720872193620545, "g6": 0.39874210121295905, "g7": 1.9899843080773105, "i0": 4.487755118940164, "i1": 0.28180842611952117, "i2": -3.803482996519981, "i3": 1.2740901006229142, "i4": 0.9517957272812725, "i5": -0.14611475763831283, "i6": 0.29468162306444956, "i7": 0.9846166580004326, "r0": 1.284288320134142, "r1": 0.02575843523659538, "r2": -2.181077663457632, "r3": 0.7191827840847989, "r4": 1.1893286683145883, "r5": -0.5787899103716747, "r6": 0.9831596143825105, "r7": 1.2758302966854296}, "datetime": {"datetime": "2020-01-18 04:11:40", "elapsed": 26686.383664, "delta": 32.758545}}
{"target": 14.25, "params": {"d0": 1.0630575923702557, "d1": -8.968786704262836, "d2": 1.034107117045537, "g0": 1.2134669887423055, "g1": 0.9167523305008963, "g2": -9.727850786595365, "g3": 1.011748979353037, "g4": 0.9562980238335445, "g5": 0.2868617385705454, "g6": 0.28355374249485243, "g7": 1.1086201683908194, "i0": 3.231623025780066, "i1": 0.2190402400693381, "i2": -4.613528207206745, "i3": 1.3920629541260512, "i4": 0.9208395587485155, "i5": -0.20045797458282244, "i6": 0.9451791293863199, "i7": 1.0000618654160052, "r0": 2.010277868613914, "r1": 0.3773911088007469, "r2": -5.496381365805738, "r3": 0.9398323514766375, "r4": 1.1632938269926945, "r5": 0.23125225780977443, "r6": 0.47854262533065417, "r7": 1.6165543537719664}, "datetime": {"datetime": "2020-01-18 04:12:17", "elapsed": 26724.213021, "delta": 37.829357}}
{"target": 16.35, "params": {"d0": 4.874264980843438, "d1": -5.912194916332113, "d2": 1.2822984262385728, "g0": 4.197552573124417, "g1": 0.8943218818062375, "g2": -4.707396738108724, "g3": 0.7831259098670384, "g4": 1.2903354277907384, "g5": 0.33972231312574097, "g6": -0.39470677344621635, "g7": 1.6461543638304792, "i0": 3.6405512253874357, "i1": 0.4901117289206849, "i2": -6.1518420516723396, "i3": 1.0596222653877772, "i4": 1.09210766126672, "i5": -0.3481774127640307, "i6": 0.9706132128793636, "i7": 1.8193040015253605, "r0": 1.935690736663177, "r1": 0.3828759764905205, "r2": -5.053546413627217, "r3": 1.3692323377452735, "r4": 1.256947009209708, "r5": -0.2630837580305586, "r6": -0.18259854750812338, "r7": 1.7076580357312983}, "datetime": {"datetime": "2020-01-18 04:12:52", "elapsed": 26759.080415, "delta": 34.867394}}
{"target": 6.15, "params": {"d0": 1.6390714339298866, "d1": -2.1503464539172406, "d2": 1.0915377161613495, "g0": 3.2925285323123905, "g1": 0.44005033292612017, "g2": -5.688155062923494, "g3": 1.258190344431803, "g4": 1.1021487816086348, "g5": -0.16497944635027595, "g6": -0.038754097754222616, "g7": 1.070887170658931, "i0": 3.367799994839389, "i1": 0.5557861345270457, "i2": -9.164753938580484, "i3": 0.7358592150045067, "i4": 0.8032040261306266, "i5": -0.5015890644268886, "i6": -0.3403636915161506, "i7": 1.2749660698400977, "r0": 4.761724999686562, "r1": 0.22345428632818254, "r2": -5.100796722019016, "r3": 1.2236306952825298, "r4": 1.160552789334082, "r5": -0.6367339173595884, "r6": -0.3858686971119624, "r7": 1.4298512364587905}, "datetime": {"datetime": "2020-01-18 04:13:28", "elapsed": 26794.671571, "delta": 35.591156}}
{"target": 14.7, "params": {"d0": 0.04422269906892207, "d1": -3.3785800960310635, "d2": 1.4052473546753346, "g0": 2.9599583600904387, "g1": 0.15863931765309813, "g2": -0.3128189026301822, "g3": 1.300995213163431, "g4": 0.9192239612723889, "g5": 0.7177828072381895, "g6": 0.4692236512442851, "g7": 1.3923317315089567, "i0": 0.049414121863533, "i1": 0.5697875941928271, "i2": -5.4198382155732165, "i3": 0.9170874887066437, "i4": 1.1476460397070334, "i5": 0.6875862384175484, "i6": -0.21963119254891955, "i7": 1.2911220155893992, "r0": 0.9982073002449338, "r1": 0.21386528431290452, "r2": -6.745106778979552, "r3": 1.163729945109616, "r4": 1.2105589223884698, "r5": -0.7727992980040521, "r6": -0.17115744016783174, "r7": 1.4413253057337863}, "datetime": {"datetime": "2020-01-18 04:14:17", "elapsed": 26843.45925, "delta": 48.787679}}
{"target": 16.8, "params": {"d0": 1.6851496476040966, "d1": -3.5800126277042565, "d2": 0.8309820309673003, "g0": 4.070603126590247, "g1": 0.5112192364824608, "g2": -2.3422158890678855, "g3": 0.807811829503648, "g4": 0.9126329634749736, "g5": 0.7122315664342678, "g6": 0.7917092650797573, "g7": 1.0490592113392072, "i0": 2.5592331340217136, "i1": 0.026649681139062742, "i2": -0.07034677106225828, "i3": 1.4988977682177707, "i4": 1.009588423243588, "i5": -0.03917268019284825, "i6": 0.6396557076920333, "i7": 1.072675132837736, "r0": 0.6571132188579715, "r1": 0.3743631141715881, "r2": -7.024278768862576, "r3": 1.326140898263863, "r4": 0.8114698584535671, "r5": 0.3355026157826535, "r6": 0.933374423759348, "r7": 1.7692774488286704}, "datetime": {"datetime": "2020-01-18 04:14:59", "elapsed": 26885.997312, "delta": 42.538062}}
{"target": 12.6, "params": {"d0": 0.2089783727771427, "d1": -4.668735955054912, "d2": 0.9563526433397744, "g0": 2.4087841790856106, "g1": 0.3365033401289179, "g2": -5.484503361132608, "g3": 0.9320203364076686, "g4": 0.9083060120362341, "g5": -0.6379081587269617, "g6": 0.9591218749740422, "g7": 1.7310640957960086, "i0": 3.4441054106355735, "i1": 0.13229690429985475, "i2": -8.045814188609876, "i3": 1.4136453770078232, "i4": 1.0996450613836428, "i5": 0.43685813481911184, "i6": -0.33506228680079464, "i7": 1.972132575197525, "r0": 0.06205877005737326, "r1": 0.8238352532409768, "r2": -4.380258559271459, "r3": 1.1588184480693156, "r4": 0.939978402434819, "r5": 0.10338150565663062, "r6": 0.522459077099791, "r7": 1.3675451654727366}, "datetime": {"datetime": "2020-01-18 04:15:49", "elapsed": 26935.472289, "delta": 49.474977}}
{"target": 19.15, "params": {"d0": 4.631451632527242, "d1": -2.207439472245759, "d2": 1.4487280673440144, "g0": 2.2550075615577554, "g1": 0.939165631028912, "g2": -7.676739417022964, "g3": 1.4283511514571834, "g4": 1.1926063716244808, "g5": 0.1388533882862324, "g6": 0.031195318164858987, "g7": 1.8922549432114073, "i0": 0.7115885348698409, "i1": 0.569839208871581, "i2": -9.475403524554636, "i3": 0.7443637213987656, "i4": 1.1799304839933722, "i5": 0.40927938465007396, "i6": 0.8242983516172109, "i7": 1.0800964286455337, "r0": 2.1833358396557525, "r1": 0.4614421212603893, "r2": -4.845467917123162, "r3": 1.4691778808429596, "r4": 0.8532534512633158, "r5": -0.4601334739914693, "r6": 0.09434751094152438, "r7": 0.9454443254964247}, "datetime": {"datetime": "2020-01-18 04:16:19", "elapsed": 26965.861256, "delta": 30.388967}}
{"target": 12.65, "params": {"d0": 1.3539209762624127, "d1": -2.664922678336837, "d2": 0.7664551302557577, "g0": 4.805732458970693, "g1": 0.7904722264432916, "g2": -9.57260310383542, "g3": 1.1953950490453784, "g4": 0.9956356826162207, "g5": 0.30055559839064827, "g6": -0.4734793957433371, "g7": 1.691212574793702, "i0": 4.25950052875241, "i1": 0.8331296589288342, "i2": -8.631327066634341, "i3": 1.4670871565906114, "i4": 0.856795048513642, "i5": -0.07315765620669856, "i6": 0.9512581599856176, "i7": 1.1257273502211878, "r0": 3.3577819075935853, "r1": 0.00197863116191499, "r2": -7.342736321243551, "r3": 1.3628066407969253, "r4": 1.2262066473579538, "r5": -0.4976340522956097, "r6": -0.24758633620454523, "r7": 1.8266701821560567}, "datetime": {"datetime": "2020-01-18 04:16:57", "elapsed": 27003.488849, "delta": 37.627593}}
{"target": 16.35, "params": {"d0": 2.2914747287531823, "d1": -1.2386690546907513, "d2": 1.1571458360921791, "g0": 2.285129718360761, "g1": 0.7809561979460902, "g2": -7.951412789066645, "g3": 1.1501331627382931, "g4": 1.0546455081363264, "g5": 0.6517119055440279, "g6": 0.9499241929405038, "g7": 1.6816381687223543, "i0": 1.0724668372429313, "i1": 0.42740005371495526, "i2": -2.241516242056605, "i3": 1.0459326440556227, "i4": 1.0185512441873767, "i5": 0.4297413318323089, "i6": 0.40687212639671744, "i7": 1.5541664876929626, "r0": 2.008981549339252, "r1": 0.8519458014294373, "r2": -6.032895747190114, "r3": 1.3551427306576296, "r4": 0.9968068212073811, "r5": -0.13030792260122648, "r6": 0.028744827459900257, "r7": 1.0990949232720904}, "datetime": {"datetime": "2020-01-18 04:17:30", "elapsed": 27036.850781, "delta": 33.361932}}
{"target": 15.9, "params": {"d0": 2.2988042453736512, "d1": -1.181766719719997, "d2": 1.218656108265288, "g0": 2.350053073108684, "g1": 0.7457789257592571, "g2": -8.39538753142689, "g3": 1.3419355119003056, "g4": 1.0681064700555114, "g5": -0.6947455683554846, "g6": 0.9980241932342757, "g7": 1.8053888926771071, "i0": 3.7002433188507355, "i1": 0.20063713626546165, "i2": -7.767971542199998, "i3": 0.9148264246111775, "i4": 0.8958282965374476, "i5": 0.7774432095185733, "i6": 0.018509554690647856, "i7": 1.196980172729164, "r0": 1.9052211272383341, "r1": 0.3315330177573832, "r2": -9.505678440941528, "r3": 1.116713835417956, "r4": 1.230216774627553, "r5": -0.7544894667113327, "r6": -0.16011588364094098, "r7": 1.4063396410611648}, "datetime": {"datetime": "2020-01-18 04:18:05", "elapsed": 27071.998889, "delta": 35.148108}}
{"target": 14.15, "params": {"d0": 3.435505102775932, "d1": -0.5412377860895301, "d2": 1.4358409375503525, "g0": 2.606798943497926, "g1": 0.7744481716233956, "g2": -7.418582658936444, "g3": 1.3881167372550287, "g4": 1.091224010042907, "g5": 0.010358301716474116, "g6": -0.2618309539481904, "g7": 1.0081334433606464, "i0": 3.5316374634058247, "i1": 0.7231440765210122, "i2": -7.821196844454129, "i3": 0.9982270720833396, "i4": 1.0232564399492539, "i5": -0.1291382771959183, "i6": 0.7544474995386479, "i7": 1.926255622836854, "r0": 0.10553553735684895, "r1": 0.8342566513120926, "r2": -2.0867584697543116, "r3": 0.8567605564213202, "r4": 1.0987662563745786, "r5": -0.40085211140581195, "r6": 0.3487563403647007, "r7": 1.5121388694082345}, "datetime": {"datetime": "2020-01-18 04:18:38", "elapsed": 27104.289912, "delta": 32.291023}}
{"target": 17.85, "params": {"d0": 2.4273495402769116, "d1": -1.9906180851930415, "d2": 0.801239418288703, "g0": 4.228763195550717, "g1": 0.6920698870514352, "g2": -8.183931275952167, "g3": 1.4202058492190577, "g4": 1.205377540655439, "g5": 0.25540435282570084, "g6": 0.8997476699986353, "g7": 1.7255685787600799, "i0": 1.2517031905098785, "i1": 0.46742383685905853, "i2": -0.9562268275858283, "i3": 1.3786868132764205, "i4": 1.0773352726228946, "i5": -0.7584195652114215, "i6": -0.44211493976916433, "i7": 0.9795570900215786, "r0": 1.151106078602489, "r1": 0.11713176411165904, "r2": -8.108859407351618, "r3": 1.4080401936892173, "r4": 0.9766299875773681, "r5": -0.4123194932183076, "r6": 0.24259418696768098, "r7": 1.9178293941138116}, "datetime": {"datetime": "2020-01-18 04:19:09", "elapsed": 27135.833703, "delta": 31.543791}}
