{"target": 20.1, "params": {"d0": 2.116251779921622, "d1": -1.5891372558385517, "d2": 1.0391297127221257, "g0": 0.7295575213321163, "g1": 0.2401268605083592, "g2": -8.14271787283011, "g3": 1.2393816281786147, "g4": 1.2088809755378849, "g5": 0.13374011414344056, "g6": 0.10918381005516166, "g7": 1.859107277868023, "i0": 2.91723610416691, "i1": 0.527999715932702, "i2": -9.256827902119133, "i3": 0.7865862132997179, "i4": 0.9557552195078629, "i5": -0.42898548840262124, "i6": 0.17402276201593822, "i7": 1.3965279707789522, "r0": 4.475969164540764, "r1": 0.37688369922022874, "r2": -8.824347071869125, "r3": 1.2441412490273773, "r4": 1.1745447124362334, "r5": -0.6543439036486672, "r6": 0.31050733479663206, "r7": 1.0580502109540884}, "datetime": {"datetime": "2020-01-19 05:51:16", "elapsed": 50315.767427, "delta": 51.489415}}
{"target": 21.25, "params": {"d0": 3.1781530606526505, "d1": -1.6408887251430095, "d2": 1.0236796105399322, "g0": 0.48330486818729984, "g1": 0.6143890053378993, "g2": -4.884881642931371, "g3": 1.2465698985308644, "g4": 1.0315699783754533, "g5": 0.04842487706301684, "g6": 0.19598600293814825, "g7": 1.7895423532984844, "i0": 3.2816090295775124, "i1": 0.5202401154712322, "i2": -6.514870066743149, "i3": 0.9557346965852792, "i4": 1.0160547581205286, "i5": -0.15178582036185662, "i6": -0.004084432502553229, "i7": 1.540799041823855, "r0": 3.894279010995975, "r1": 0.5132496510841144, "r2": -8.444690339995029, "r3": 1.0156150008141895, "r4": 1.2767434294530953, "r5": 0.405693549750586, "r6": -0.04425897833005269, "r7": 1.6694376690272863}, "datetime": {"datetime": "2020-01-19 05:52:06", "elapsed": 50365.428508, "delta": 49.661081}}
{"target": 19.8, "params": {"d0": 4.611073210303322, "d1": -1.9150439697150894, "d2": 1.2925173795575216, "g0": 0.22043309255413646, "g1": 0.4786878454650948, "g2": -8.465830377070118, "g3": 1.3229661441257612, "g4": 1.08366828876884, "g5": -0.43765707919075486, "g6": 0.6704888117457521, "g7": 1.5541189270687203, "i0": 4.669248277676188, "i1": 0.4764243256957481, "i2": -5.21989403012935, "i3": 0.9920277252687706, "i4": 0.878062992308376, "i5": -0.19639143856497798, "i6": -0.19013479578452036, "i7": 1.183075313558601, "r0": 4.118629689210479, "r1": 0.4147924741994341, "r2": -4.822783662009426, "r3": 1.1834233178988478, "r4": 0.8535476836964553, "r5": 0.5301644059324981, "r6": -0.21968977966412961, "r7": 1.2359384689264723}, "datetime": {"datetime": "2020-01-19 05:52:56", "elapsed": 50415.456999, "delta": 50.028491}}
{"target": 20.6, "params": {"d0": 3.897715349161897, "d1": -1.3615014954486793, "d2": 1.0610944240294424, "g0": 0.6583921041793505, "g1": 0.38996477261581547, "g2": -5.300402212187323, "g3": 1.1424079070374265, "g4": 1.2246520583114684, "g5": 0.07330414942190298, "g6": 0.25585497004252356, "g7": 1.6388994044785905, "i0": 3.7667545237841087, "i1": 0.5885034653734416, "i2": -6.593423353692919, "i3": 0.980766946420291, "i4": 0.9572189361038324, "i5": -0.36887690180807475, "i6": 0.03973784110148463, "i7": 1.6516179207386006, "r0": 1.6894729297469007, "r1": 0.18911222793774954, "r2": -8.825519650201533, "r3": 1.2650309423809045, "r4": 1.0938135220062115, "r5": 0.3252342226571582, "r6": 0.2944216751020676, "r7": 1.5140185972717266}, "datetime": {"datetime": "2020-01-19 05:53:47", "elapsed": 50466.856831, "delta": 51.399832}}
{"target": 19.95, "params": {"d0": 3.073664796646625, "d1": -8.068333522383353, "d2": 0.9680983593599362, "g0": 0.34461038957171325, "g1": 0.38395462120929474, "g2": -5.228646181879285, "g3": 1.366269105948505, "g4": 1.0623616197497994, "g5": -0.410582847104258, "g6": 0.42501333567809757, "g7": 1.58092598939066, "i0": 3.1256931962206655, "i1": 0.6315574612154655, "i2": -5.46086537422913, "i3": 1.1732749247545813, "i4": 1.0187845671132472, "i5": -0.14121470185720478, "i6": -0.09031329432495958, "i7": 1.736146743432645, "r0": 2.1548356568209726, "r1": 0.40872446180148103, "r2": -2.5673059708732504, "r3": 1.2400511426186624, "r4": 0.9633636568968335, "r5": -0.12918073422213786, "r6": 0.17475720383489407, "r7": 1.5098617754328267}, "datetime": {"datetime": "2020-01-19 05:54:34", "elapsed": 50513.459878, "delta": 46.603047}}
{"target": 20.25, "params": {"d0": 3.689275169297555, "d1": -1.603219223965256, "d2": 0.8941074032502159, "g0": 0.39656492292182616, "g1": 0.47601513841096843, "g2": -4.273114437308516, "g3": 1.214490961932573, "g4": 1.0914071333280082, "g5": -0.15438185379733332, "g6": 0.2673050472110633, "g7": 1.4620068954927539, "i0": 3.6581016042970704, "i1": 0.5708471288977753, "i2": -6.201508041125859, "i3": 1.02095255278641, "i4": 1.0098061826787477, "i5": -0.015535093564020669, "i6": 0.04992609040042416, "i7": 1.5287018851326633, "r0": 3.2308405940214175, "r1": 0.4888263258901089, "r2": -8.2641178919876, "r3": 0.9708536120646046, "r4": 1.065456187633048, "r5": 0.3542914271948458, "r6": 0.06039840111991591, "r7": 1.5686957167960505}, "datetime": {"datetime": "2020-01-19 05:55:23", "elapsed": 50562.856764, "delta": 49.396886}}
{"target": 20.25, "params": {"d0": 3.3399596157399545, "d1": -1.9441765896056653, "d2": 0.9478196732361426, "g0": 0.8015392691978562, "g1": 0.7767912764877465, "g2": -5.767590651536247, "g3": 0.8667019477734453, "g4": 1.0222796045604656, "g5": -0.16907021131628874, "g6": 0.20733296395781495, "g7": 1.454003119683111, "i0": 2.8107312213049873, "i1": 0.3806418755574118, "i2": -6.687598794185225, "i3": 1.2053265470503722, "i4": 0.9777789145928611, "i5": 0.10104787261258678, "i6": 0.5803697239967262, "i7": 1.0257339132639567, "r0": 3.261512584988981, "r1": 0.39173043710304384, "r2": -8.73915184167293, "r3": 1.1563748263747158, "r4": 1.235998825984928, "r5": 0.7383704504529274, "r6": 0.4231450617067995, "r7": 1.3724299327181115}, "datetime": {"datetime": "2020-01-19 05:56:11", "elapsed": 50610.601985, "delta": 47.745221}}
{"target": 20.8, "params": {"d0": 3.168573021920706, "d1": -1.6054899948383976, "d2": 1.0280810168555443, "g0": 0.6376169292780188, "g1": 0.5596091584785535, "g2": -5.067454476326935, "g3": 1.1935179382702834, "g4": 1.1183771656736519, "g5": 0.03157292519903065, "g6": 0.24438058194022222, "g7": 1.8344130881573002, "i0": 3.278895533171538, "i1": 0.5240158369063446, "i2": -6.4650529469271, "i3": 1.059478519946346, "i4": 1.0220253352801119, "i5": -0.1759740903170997, "i6": -0.07410551749098719, "i7": 1.5811371811404045, "r0": 3.941791776874439, "r1": 0.5522508402208498, "r2": -8.583653623750585, "r3": 1.0648151338608067, "r4": 1.240189572356877, "r5": 0.3939374306653252, "r6": -0.032473269970152964, "r7": 1.703765490974852}, "datetime": {"datetime": "2020-01-19 05:56:54", "elapsed": 50653.087962, "delta": 42.485977}}
{"target": 16.5, "params": {"d0": 3.2211892859395705, "d1": -1.5657169503723818, "d2": 1.1005602072126335, "g0": 0.3885215999957625, "g1": 0.7440902680295504, "g2": -5.032358478847616, "g3": 1.4934886315471343, "g4": 0.9650845297067074, "g5": 0.3965071432093388, "g6": -0.16871946474192195, "g7": 1.04692367269661, "i0": 3.8065103460914758, "i1": 0.7439661980048936, "i2": -6.456360571239397, "i3": 0.798653922321957, "i4": 1.1875582889474836, "i5": -0.7875115581026162, "i6": 0.6132644719334939, "i7": 1.4149095777660383, "r0": 1.3241227112360803, "r1": 0.33173520801370104, "r2": -8.459625183221464, "r3": 1.3276881227212658, "r4": 1.1524179589630164, "r5": 0.6477970780644096, "r6": 0.6208293288708375, "r7": 1.7771317196910543}, "datetime": {"datetime": "2020-01-19 05:57:49", "elapsed": 50708.642343, "delta": 55.554381}}
{"target": 20.75, "params": {"d0": 3.7975319951557007, "d1": -0.7763702602141969, "d2": 1.2177448247488711, "g0": 0.49186976749122036, "g1": 0.49661530238836993, "g2": -6.128441871929748, "g3": 0.8050321373107497, "g4": 1.1112391437278286, "g5": -0.20070929770540846, "g6": 0.6079452989235319, "g7": 1.5898129880944096, "i0": 3.0979424883358746, "i1": 0.1893361090282616, "i2": -6.3173213466223865, "i3": 1.2527423353055744, "i4": 0.8454085225549148, "i5": -0.45222024066922056, "i6": -0.23145526978245434, "i7": 1.2353625745517296, "r0": 3.108964233662052, "r1": 0.9165455842694448, "r2": -8.166309455147822, "r3": 1.0108845378257891, "r4": 1.196180964375377, "r5": 0.2594667318292032, "r6": 0.16766405896441472, "r7": 1.1051993648194702}, "datetime": {"datetime": "2020-01-19 05:58:38", "elapsed": 50757.878789, "delta": 49.236446}}
{"target": 21.35, "params": {"d0": 3.778432561751184, "d1": -1.7119631857403026, "d2": 0.8056963898953932, "g0": 0.6217880750559607, "g1": 0.4720134363797738, "g2": -3.2408039878507084, "g3": 1.1265324418235654, "g4": 1.1297162920330048, "g5": 0.1152824430563343, "g6": 0.3614432507841972, "g7": 1.7159771005549087, "i0": 3.9538889135508093, "i1": 0.31708316011996723, "i2": -4.754890140705478, "i3": 1.470818020981171, "i4": 1.1795813763554013, "i5": 0.03947271082691515, "i6": 0.46832381745631424, "i7": 1.356548481076959, "r0": 4.653350449488886, "r1": 0.976697416380818, "r2": -4.891105436047491, "r3": 1.5, "r4": 1.2073771977210699, "r5": -0.5000113431914398, "r6": -0.3180204505899303, "r7": 1.158541215649442}, "datetime": {"datetime": "2020-01-19 05:59:22", "elapsed": 50801.263476, "delta": 43.384687}}
{"target": 19.95, "params": {"d0": 3.1307832460923697, "d1": -8.063012262973377, "d2": 1.0252487407061954, "g0": 0.41640559853106396, "g1": 0.4322738678921719, "g2": -5.236577512911342, "g3": 1.3741063661386361, "g4": 1.2269839093564807, "g5": -0.37453299090174474, "g6": 0.43717451948324776, "g7": 1.508330875466745, "i0": 3.130051124882891, "i1": 0.6951057697757154, "i2": -5.4606131630368715, "i3": 1.0189112619207523, "i4": 1.1129414446840433, "i5": 0.11820696431384224, "i6": -0.04704689048480149, "i7": 1.605375554943977, "r0": 1.9817135505468497, "r1": 0.5022864111768665, "r2": -2.682537844432806, "r3": 1.1577919432090775, "r4": 0.9621262858634014, "r5": -0.20779549541345368, "r6": 0.3312629185997212, "r7": 1.4711418659468602}, "datetime": {"datetime": "2020-01-19 06:00:13", "elapsed": 50852.267119, "delta": 51.003643}}
{"target": 20.75, "params": {"d0": 3.6994615116144707, "d1": -1.5630472374082942, "d2": 1.1333955755304923, "g0": 0.5985056806732292, "g1": 0.23134148316117897, "g2": -5.913037415602112, "g3": 1.2608264730684156, "g4": 1.077746602475394, "g5": 0.09394396585247815, "g6": 0.2679068466907358, "g7": 1.4439348119898232, "i0": 3.9008316524101287, "i1": 0.6642877019938725, "i2": -6.4386890935679855, "i3": 0.9860805741879758, "i4": 0.9128122174663506, "i5": -0.29402894684880915, "i6": 0.14757496023113773, "i7": 1.6704369605344989, "r0": 1.5147514967477769, "r1": 0.12400973667098715, "r2": -8.898568233869202, "r3": 1.2472978106624601, "r4": 1.1886925949368146, "r5": 0.2022335817643426, "r6": 0.11922152499706089, "r7": 1.6258243894473965}, "datetime": {"datetime": "2020-01-19 06:01:04", "elapsed": 50903.891859, "delta": 51.62474}}
{"target": 14.05, "params": {"d0": 3.181397153715704, "d1": -2.0168643266271493, "d2": 1.1072019578094348, "g0": 0.6806582812227324, "g1": 0.08011560006865115, "g2": -5.26828822598545, "g3": 1.0056970998527495, "g4": 1.2630216389677176, "g5": -0.32371845031564084, "g6": -0.28389311047257026, "g7": 1.6900703113424653, "i0": 3.7365921153179467, "i1": 0.9987498503325692, "i2": -6.647060223101252, "i3": 0.9028234993617561, "i4": 1.1392600182664712, "i5": 0.5887971770207874, "i6": 0.5647962407882441, "i7": 1.6012115664627233, "r0": 3.8932324880131275, "r1": 0.9541846131166788, "r2": -8.12926406039805, "r3": 1.0000757129959377, "r4": 0.9436612987657004, "r5": -0.16806034768944456, "r6": -0.06341540842706239, "r7": 1.6775319136555}, "datetime": {"datetime": "2020-01-19 06:01:46", "elapsed": 50945.477586, "delta": 41.585727}}
{"target": 20.75, "params": {"d0": 3.537779154242042, "d1": -6.303381738702721, "d2": 0.9886547418613418, "g0": 0.5526468148758982, "g1": 0.1906187417940795, "g2": -6.16168369830122, "g3": 1.4976194338871713, "g4": 0.9473367015332581, "g5": -0.5627187160433026, "g6": 0.4198470281310352, "g7": 1.754570172369912, "i0": 0.6088925163796083, "i1": 0.44259932882225594, "i2": -2.1522047733341574, "i3": 1.1950377844317444, "i4": 0.94700277693452, "i5": -0.4268636373740722, "i6": -0.15515996344343028, "i7": 1.2292463497312294, "r0": 3.4415681805342446, "r1": 0.3179184443382536, "r2": -2.6740151091144355, "r3": 1.0112034284282896, "r4": 0.948856424998088, "r5": 0.4837787810503027, "r6": -0.2734331445002779, "r7": 1.5565816425493222}, "datetime": {"datetime": "2020-01-19 06:02:36", "elapsed": 50995.920595, "delta": 50.443009}}
{"target": 13.85, "params": {"d0": 3.8140522813666773, "d1": -1.4657130690791433, "d2": 1.267586915013512, "g0": 1.1105397473592178, "g1": 0.07442253200872939, "g2": -5.607050064686648, "g3": 0.9518860651969656, "g4": 0.9949232550967022, "g5": -0.7296522583092209, "g6": 0.3452383946435311, "g7": 1.580495770412379, "i0": 2.7532267386735985, "i1": 0.13315590428111068, "i2": -6.6171772306930325, "i3": 1.3703603715023716, "i4": 1.0316688074951563, "i5": 0.025615191462171616, "i6": 0.18527374182542544, "i7": 1.2642387671899717, "r0": 3.3870557013094054, "r1": 0.3631683996053111, "r2": -8.053417174379284, "r3": 1.0718299772351991, "r4": 1.1922153817938819, "r5": 0.1106407420190132, "r6": 0.4632074995871087, "r7": 1.422445774321071}, "datetime": {"datetime": "2020-01-19 06:03:27", "elapsed": 51046.369262, "delta": 50.448667}}
{"target": 21.2, "params": {"d0": 3.8945499995780697, "d1": -1.392345376584352, "d2": 0.9250772476623773, "g0": 0.7239770401351547, "g1": 0.28295229316032855, "g2": -5.287244747395996, "g3": 1.1573516856566033, "g4": 1.203686888403897, "g5": 0.09240334002884613, "g6": 0.15132496997955935, "g7": 1.5528185694052885, "i0": 3.7399459081558843, "i1": 0.5750620637547813, "i2": -6.5608813489545375, "i3": 0.9813254526476096, "i4": 0.971775628424667, "i5": -0.5506905902976937, "i6": 0.0841479970963396, "i7": 1.6688356151724577, "r0": 1.8321947074594007, "r1": 0.26062127769231763, "r2": -8.929598109314453, "r3": 1.3078316523467275, "r4": 1.037536472821183, "r5": 0.37588592242488017, "r6": 0.044304221965970204, "r7": 1.4744308313628705}, "datetime": {"datetime": "2020-01-19 06:04:17", "elapsed": 51095.960117, "delta": 49.590855}}
{"target": 20.45, "params": {"d0": 3.1040307328764722, "d1": -8.054321121124877, "d2": 0.9532370012733536, "g0": 0.37931792163911576, "g1": 0.28800547878271743, "g2": -5.284009197439349, "g3": 1.3343961451475925, "g4": 0.9466393526671749, "g5": -0.4013831050096883, "g6": 0.4680217193858754, "g7": 1.6267675118806444, "i0": 3.154652959286561, "i1": 0.7454540059450716, "i2": -5.497882732250242, "i3": 1.0903680901964268, "i4": 1.0220796333432673, "i5": 0.022531175139579186, "i6": -0.09897831628797225, "i7": 1.5473922838219825, "r0": 2.0133123630473295, "r1": 0.4804963418968264, "r2": -2.636255066094954, "r3": 1.0089067560800986, "r4": 1.0220146217731119, "r5": -0.007092412552823055, "r6": 0.29820986405972166, "r7": 1.5604691421944805}, "datetime": {"datetime": "2020-01-19 06:05:12", "elapsed": 51151.33312, "delta": 55.373003}}
{"target": 19.95, "params": {"d0": 4.871929526114342, "d1": -2.477092136895604, "d2": 1.2115609193576538, "g0": 0.830040689685251, "g1": 0.273064247688205, "g2": -8.294681194370765, "g3": 1.4169093610068788, "g4": 1.1151360367347134, "g5": -0.18420172581249286, "g6": 0.5100196582180189, "g7": 1.4018992493532674, "i0": 4.6182887166518745, "i1": 0.5970167015012205, "i2": -5.081789822019536, "i3": 1.1159218360529113, "i4": 1.0771471928252465, "i5": -0.22635095050374338, "i6": -0.040045569861004736, "i7": 1.1192054125638615, "r0": 4.041354284947672, "r1": 0.711266407237659, "r2": -4.781583211035519, "r3": 1.1864631788767417, "r4": 1.0113153852391854, "r5": 0.21419392654881134, "r6": 0.4015707310639244, "r7": 1.6214451517388182}, "datetime": {"datetime": "2020-01-19 06:06:06", "elapsed": 51205.518164, "delta": 54.185044}}
{"target": 19.1, "params": {"d0": 2.9197495052105755, "d1": -5.934564055963403, "d2": 1.0643052173600513, "g0": 0.034070174254369756, "g1": 0.6619875850063318, "g2": -4.603370943633278, "g3": 1.4707933299101152, "g4": 0.8725170546120682, "g5": -0.27137390413404316, "g6": 0.5291023431413211, "g7": 1.985854598409055, "i0": 2.405397193081859, "i1": 0.6286869421438734, "i2": -4.114935312569682, "i3": 1.178994226774925, "i4": 1.1140316638372378, "i5": 0.012373473729793694, "i6": -0.27273565896171664, "i7": 1.0462663678589808, "r0": 2.830157060936779, "r1": 0.5403607733128704, "r2": -1.9294197516114409, "r3": 1.374886923196653, "r4": 0.8662500062679637, "r5": 0.6700358589451647, "r6": 0.7544745318528838, "r7": 1.3270799344700448}, "datetime": {"datetime": "2020-01-19 06:07:06", "elapsed": 51265.788385, "delta": 60.270221}}
{"target": 21.2, "params": {"d0": 4.1262618864544125, "d1": -1.4370327258916986, "d2": 1.0592734101348438, "g0": 0.6863492800572394, "g1": 0.32150783827048607, "g2": -4.9453925247073975, "g3": 1.1242656398745718, "g4": 1.2557197558826032, "g5": 0.06197417139193292, "g6": 0.2407528749737496, "g7": 1.6415254759473408, "i0": 3.7699973269283937, "i1": 0.6275150153070298, "i2": -6.541063522151537, "i3": 1.048235724144879, "i4": 1.1458145966703401, "i5": -0.39116303847093725, "i6": 0.21439082071100488, "i7": 1.8096486238999425, "r0": 2.1312593659183454, "r1": 0.27709677859741316, "r2": -8.814358605320189, "r3": 0.9985962593516996, "r4": 0.8844751523774979, "r5": 0.44002387516741936, "r6": 0.3718978098344704, "r7": 1.5300349031643852}, "datetime": {"datetime": "2020-01-19 06:07:53", "elapsed": 51312.015106, "delta": 46.226721}}
{"target": 17.65, "params": {"d0": 3.116599593077918, "d1": -1.5739595576065941, "d2": 1.0678179407857356, "g0": 0.3236388099463017, "g1": 0.20090325247870788, "g2": -5.977614939424413, "g3": 1.2923381341066529, "g4": 1.1350136829637902, "g5": 0.38159663013030154, "g6": -0.16055414337267487, "g7": 1.1615588760883893, "i0": 3.613050489656801, "i1": 0.9920449778250023, "i2": -7.274620006577088, "i3": 1.2721788144508168, "i4": 1.0385054050055984, "i5": 0.05131355702463103, "i6": -0.0013121702647024835, "i7": 1.2309955308400902, "r0": 2.6752747194443134, "r1": 0.6470019682543969, "r2": -9.15462958076336, "r3": 0.7481409918298012, "r4": 0.8535685910610233, "r5": -0.1560070214777578, "r6": 0.7214682651193234, "r7": 0.9718062500792349}, "datetime": {"datetime": "2020-01-19 06:08:38", "elapsed": 51357.698024, "delta": 45.682918}}
{"target": 20.6, "params": {"d0": 3.896181983585873, "d1": -1.2697983543765643, "d2": 1.0123751097971547, "g0": 0.6317483377729972, "g1": 0.35000328352145954, "g2": -5.173706835330102, "g3": 1.1857757646476748, "g4": 1.2977298896764693, "g5": 0.0563358789510418, "g6": 0.29644504294059204, "g7": 1.6065470160366655, "i0": 3.8431027919352103, "i1": 0.5787521127518113, "i2": -6.519989767798886, "i3": 0.9857026639551681, "i4": 0.9682425318505207, "i5": -0.39390285275032294, "i6": 0.09992015339034362, "i7": 1.6674902415028654, "r0": 1.9879717089990858, "r1": 0.20898190023345184, "r2": -9.043009481579473, "r3": 1.1567550959373534, "r4": 1.0235485453131918, "r5": 0.31835106934526936, "r6": 0.10791707202621391, "r7": 1.5155884551214436}, "datetime": {"datetime": "2020-01-19 06:09:27", "elapsed": 51406.825222, "delta": 49.127198}}
{"target": 19.95, "params": {"d0": 3.7987171389262118, "d1": -1.9546046365317107, "d2": 0.8889574955352644, "g0": 0.72333496730696, "g1": 0.4283650234247538, "g2": -6.505380600807031, "g3": 1.0682751013082548, "g4": 0.9310057926054142, "g5": 0.2415032537190327, "g6": 0.809301501790987, "g7": 1.6545421960282498, "i0": 4.491719998779704, "i1": 0.6639619605921786, "i2": -5.878517984841363, "i3": 0.9357672820351951, "i4": 0.8632550041874956, "i5": -0.4778280288322785, "i6": 0.5735966612553054, "i7": 1.1035482214980084, "r0": 1.2416453240573055, "r1": 0.02924264983376279, "r2": -8.501721080372391, "r3": 1.1791375610248152, "r4": 1.1153578217760394, "r5": 0.43490137890024294, "r6": 0.13845480784271758, "r7": 1.9546715550089209}, "datetime": {"datetime": "2020-01-19 06:10:16", "elapsed": 51455.251165, "delta": 48.425943}}
{"target": 19.9, "params": {"d0": 3.196152947168261, "d1": -2.1540351553007007, "d2": 1.011059849510336, "g0": 0.1040372569407011, "g1": 0.1701786177850776, "g2": -5.160751820991731, "g3": 0.986592249179437, "g4": 0.9173684047261457, "g5": -0.19846658736599565, "g6": 0.27243814367149666, "g7": 1.2098568305332775, "i0": 4.15352247869692, "i1": 0.5736286636819597, "i2": -5.685427821127885, "i3": 0.8228434838810821, "i4": 1.264577519666256, "i5": -0.5480047100952283, "i6": -0.2672792583261878, "i7": 1.042334269850318, "r0": 2.1337199101185393, "r1": 0.2980219829563302, "r2": -7.687815406949739, "r3": 1.006898161435812, "r4": 0.945248292908317, "r5": 0.42185063648618093, "r6": -0.2590722818487268, "r7": 1.1655976220157815}, "datetime": {"datetime": "2020-01-19 06:11:04", "elapsed": 51503.305901, "delta": 48.054736}}
{"target": 20.75, "params": {"d0": 4.071517382478991, "d1": -1.3037897141046395, "d2": 0.8935377189828086, "g0": 0.7120404795113698, "g1": 0.3504088656291075, "g2": -5.116497264033909, "g3": 1.1252343513374472, "g4": 1.164143529676634, "g5": -0.04442753101113765, "g6": 0.17596099603988033, "g7": 1.595809296298063, "i0": 3.7162615826741083, "i1": 0.6668016406319288, "i2": -6.568804874306519, "i3": 1.0467694970152885, "i4": 1.119259709686996, "i5": -0.4627493006198854, "i6": 0.1460977226967909, "i7": 1.8311861544729024, "r0": 2.0216620050263825, "r1": 0.3620883655061944, "r2": -8.875537603776845, "r3": 1.0506518104510514, "r4": 0.9352847691222794, "r5": 0.4760654427829245, "r6": 0.27873583077480235, "r7": 1.5490099205609005}, "datetime": {"datetime": "2020-01-19 06:11:56", "elapsed": 51555.884289, "delta": 52.578388}}
