{"target": 10.4, "params": {"d0": 3.026064475616064, "d1": -0.095938031100534, "d2": 1.3191329999651749, "g0": 1.6713820249691314, "g1": 0.08899822082237796, "g2": -8.150944097215916, "g3": 1.1214815007134675, "g4": 1.008551209053429, "g5": 0.48105545300678343, "g6": 0.8998035072800226, "g7": 1.0956512227464834, "i0": 4.300333854381081, "i1": 0.9573949263266688, "i2": -0.40529393150217885, "i3": 0.7302900701763444, "i4": 0.8287917528040869, "i5": -0.7907241713316977, "i6": -0.030978265766785362, "i7": 0.9612682539833152, "r0": 1.4693124273527207, "r1": 0.3560164860311865, "r2": -0.46322981526078166, "r3": 1.0815607379894223, "r4": 0.9391192212106652, "r5": 0.004808312081527655, "r6": 0.4650368869737034, "r7": 1.0223702398241785}, "datetime": {"datetime": "2020-01-17 21:16:55", "elapsed": 1801.541498, "delta": 46.976528}}
{"target": 5.25, "params": {"d0": 3.7903082906655428, "d1": -1.4805422871270437, "d2": 1.3753998876555427, "g0": 4.452534162060448, "g1": 0.38184239675576115, "g2": -5.5619480163348145, "g3": 0.7812651807569329, "g4": 0.9129034612156176, "g5": 0.7541127508371377, "g6": -0.07306404654689685, "g7": 1.8981357564650971, "i0": 4.452761431891555, "i1": 0.9225044972603934, "i2": -8.438504355592052, "i3": 1.4037777148011048, "i4": 1.1159974752315687, "i5": -0.46299491452991615, "i6": 0.01767387217012173, "i7": 1.0759106674482115, "r0": 2.221740787230636, "r1": 0.08377495384546052, "r2": -8.346815095197602, "r3": 0.8577570771733354, "r4": 1.1455136707783522, "r5": 0.11808459066456467, "r6": 0.8099847010550982, "r7": 1.169097472291129}, "datetime": {"datetime": "2020-01-17 21:17:34", "elapsed": 1840.986718, "delta": 39.44522}}
{"target": 6.5, "params": {"d0": 3.1480397835945655, "d1": -9.655687346929044, "d2": 1.1129587688616551, "g0": 4.316132408569247, "g1": 0.9841265438849168, "g2": -9.901270246410816, "g3": 0.9022731856614521, "g4": 0.9119248351637628, "g5": -0.7239398492355833, "g6": -0.4847413156073365, "g7": 1.4392148434686551, "i0": 0.22741072835147036, "i1": 0.278328130846902, "i2": -3.600254308910877, "i3": 0.9357536332487233, "i4": 0.9348273505795257, "i5": 0.14487443558970736, "i6": 0.07080111581446014, "i7": 1.6727753373575411, "r0": 2.4806197562493053, "r1": 0.6332092658064775, "r2": -6.466056529983706, "r3": 0.9296351569244069, "r4": 0.866603556875551, "r5": 0.6993286156783429, "r6": 0.707253769023692, "r7": 1.9318313974719876}, "datetime": {"datetime": "2020-01-17 21:18:28", "elapsed": 1894.778289, "delta": 53.791571}}
{"target": 11.8, "params": {"d0": 0.9269026232390115, "d1": -0.6684423717677443, "d2": 1.4486025661537065, "g0": 1.4177225680182726, "g1": 0.27463424842386297, "g2": -4.4856842632662755, "g3": 0.8482313914948418, "g4": 1.021050555313383, "g5": -0.503491766499705, "g6": 0.9210638769309389, "g7": 1.4432071232401942, "i0": 4.819588837119989, "i1": 0.6449416725122118, "i2": -5.156842269676144, "i3": 1.474156196768958, "i4": 0.8715948908543815, "i5": 0.21172779946639464, "i6": 0.49283255175519636, "i7": 1.3772238098679985, "r0": 0.29678612669478743, "r1": 0.4927226011660333, "r2": -5.348660564819225, "r3": 1.3453974486198907, "r4": 0.9283304949764881, "r5": -0.1737114192251703, "r6": -0.13974168916793417, "r7": 1.6550877566896005}, "datetime": {"datetime": "2020-01-17 21:19:11", "elapsed": 1938.262383, "delta": 43.484094}}
{"target": 20.4, "params": {"d0": 4.949417266685577, "d1": -8.225704631317381, "d2": 1.3571573921810378, "g0": 1.1549427964081667, "g1": 0.05797581337276703, "g2": -8.611834819543263, "g3": 1.448122492433911, "g4": 1.2442710516781141, "g5": -0.337183207227344, "g6": 0.9216460991524102, "g7": 1.834923588754561, "i0": 2.1732739703583674, "i1": 0.4680495548664728, "i2": -3.7014697841657727, "i3": 0.8264254679710501, "i4": 0.8073910433710465, "i5": -0.37518077204418265, "i6": -0.4768345520858587, "i7": 1.6419487285784833, "r0": 2.7573441790638826, "r1": 0.32164814560277766, "r2": -2.1979766288024134, "r3": 0.8166283449718216, "r4": 0.9224403193809418, "r5": -0.33229798073714606, "r6": -0.20610208025151178, "r7": 0.9967325521476637}, "datetime": {"datetime": "2020-01-17 21:19:56", "elapsed": 1983.02717, "delta": 44.764787}}
{"target": 13.0, "params": {"d0": 4.349880901358038, "d1": -9.118113544284899, "d2": 1.2469682686573103, "g0": 0.6020043842886169, "g1": 0.010699003144174157, "g2": -4.427317699250862, "g3": 1.4256872441762964, "g4": 1.2302283336684425, "g5": -0.2584777854107999, "g6": -0.45926175601120667, "g7": 1.7809452906430365, "i0": 4.02992466144833, "i1": 0.8684881163027721, "i2": -3.3035340012446692, "i3": 1.346223089852061, "i4": 1.2487491411514102, "i5": -0.07387207921598038, "i6": 0.33673795557236574, "i7": 1.4567442417110583, "r0": 3.4599195226210937, "r1": 0.6829068676298748, "r2": -4.796863641366835, "r3": 1.362774518468377, "r4": 1.0528896933949332, "r5": 0.5197736998163711, "r6": -0.07723236778513559, "r7": 1.096344316275237}, "datetime": {"datetime": "2020-01-17 21:20:29", "elapsed": 2015.518492, "delta": 32.491322}}
{"target": 11.6, "params": {"d0": 4.8493528517235704, "d1": -2.5806047454392322, "d2": 0.9078333546435315, "g0": 2.9061767114558585, "g1": 0.9552622535381868, "g2": -9.192460921879212, "g3": 0.7668273656493928, "g4": 1.1095674157099538, "g5": -0.44081043386246765, "g6": 0.6477759351002623, "g7": 1.5249677972440157, "i0": 3.3309404511174763, "i1": 0.10781390079459241, "i2": -9.157169485634432, "i3": 1.2000968546443915, "i4": 1.0048656305670103, "i5": -0.6603959618048292, "i6": 0.05659591752428361, "i7": 1.6393588506225336, "r0": 0.9479370009579285, "r1": 0.8957291085287041, "r2": -0.5015361111991261, "r3": 1.469258033947627, "r4": 1.16504127887013, "r5": -0.14993851569869587, "r6": 0.6156237945268295, "r7": 1.2167855672022267}, "datetime": {"datetime": "2020-01-17 21:21:07", "elapsed": 2053.422786, "delta": 37.904294}}
{"target": 11.25, "params": {"d0": 1.572086111953731, "d1": -3.9410363878214207, "d2": 1.1758777067263342, "g0": 4.393304881579056, "g1": 0.25460075566057694, "g2": -2.3381163479717824, "g3": 1.452810613455121, "g4": 0.8005164663288673, "g5": -0.038257411196632285, "g6": 0.48556049353709396, "g7": 1.8276555353114747, "i0": 0.9186970593800087, "i1": 0.8561592379873718, "i2": -6.35634520142972, "i3": 1.413819143420938, "i4": 0.8138558700611825, "i5": -0.6633757774029271, "i6": 0.9721156986311688, "i7": 1.5704521183508464, "r0": 2.0881617340709164, "r1": 0.16921418469369054, "r2": -3.5009884691031, "r3": 0.7295800546874862, "r4": 0.9558069567303524, "r5": -0.2824332848174794, "r6": 0.41116284027183037, "r7": 1.615914382343267}, "datetime": {"datetime": "2020-01-17 21:21:51", "elapsed": 2097.383894, "delta": 43.961108}}
{"target": 11.9, "params": {"d0": 4.230272996182347, "d1": -0.7241905740245649, "d2": 1.2283661820888798, "g0": 2.890869592042691, "g1": 0.3987155436290084, "g2": -0.3338750735785805, "g3": 0.8232633374658859, "g4": 1.2475434043243243, "g5": -0.3023790913842536, "g6": 0.32273363449915604, "g7": 1.6502728842760965, "i0": 1.1823482566307768, "i1": 0.16773668505027162, "i2": -4.91517986570384, "i3": 1.3334911004677372, "i4": 1.1462072310835378, "i5": -0.6096426605231763, "i6": 0.8511133226075995, "i7": 1.4277113237540706, "r0": 4.733383396198238, "r1": 0.5534337062482657, "r2": -9.15198178339647, "r3": 0.8619704285396285, "r4": 1.2271189864581915, "r5": 0.3294837868235505, "r6": 0.8424092802293863, "r7": 1.2620606019737297}, "datetime": {"datetime": "2020-01-17 21:22:36", "elapsed": 2142.489333, "delta": 45.105439}}
{"target": 18.9, "params": {"d0": 2.6400069831881305, "d1": -3.496018675158802, "d2": 1.1754326828693316, "g0": 1.157314677671239, "g1": 0.4268213494482356, "g2": -7.518885359398252, "g3": 1.3764919697849163, "g4": 1.2933387224840414, "g5": -0.6934867149881931, "g6": 0.570892048400442, "g7": 1.2631271074189818, "i0": 3.1271768915571645, "i1": 0.258129649281871, "i2": -3.489923906915049, "i3": 0.9969177475701836, "i4": 0.9474104397684819, "i5": 0.658821077916478, "i6": 0.9137483113393112, "i7": 1.574905029216149, "r0": 1.072338904153463, "r1": 0.9394188709061594, "r2": -2.495464532766759, "r3": 1.300871845858245, "r4": 0.9058606674242431, "r5": 0.528250441859679, "r6": -0.13985726875818488, "r7": 1.5947828197751763}, "datetime": {"datetime": "2020-01-17 21:23:21", "elapsed": 2187.851511, "delta": 45.362178}}
{"target": 12.15, "params": {"d0": 3.5536978494979317, "d1": -2.576165702928983, "d2": 1.0122117636796648, "g0": 3.799126983580487, "g1": 0.9029359021217099, "g2": -4.125799807624231, "g3": 0.7723277725558388, "g4": 0.8644879920711381, "g5": -0.631579957339541, "g6": -0.24090880501567996, "g7": 1.0390739793186536, "i0": 3.8915044503381377, "i1": 0.039411512184444275, "i2": -7.58441582659136, "i3": 1.4032531210867725, "i4": 1.2867594304181469, "i5": 0.16867521236327698, "i6": 0.9643573968405827, "i7": 0.9477966958864745, "r0": 4.7428638418800375, "r1": 0.31129608245616713, "r2": -2.0102715963840705, "r3": 1.3485032827575212, "r4": 1.2299992957901724, "r5": -0.06631870255599837, "r6": 0.8959665882481724, "r7": 1.183682282869744}, "datetime": {"datetime": "2020-01-17 21:24:01", "elapsed": 2227.602919, "delta": 39.751408}}
{"target": 14.3, "params": {"d0": 4.672227462647923, "d1": -3.808803667483395, "d2": 1.4883559319558644, "g0": 0.16321932981296194, "g1": 0.7251666588327084, "g2": -4.344457646196189, "g3": 1.0939392379186557, "g4": 0.9296090628253686, "g5": -0.2770709042137999, "g6": -0.12580668994791838, "g7": 1.141194701357567, "i0": 3.9983041876241945, "i1": 0.5023950058982584, "i2": -9.168101113030023, "i3": 1.3215873536219043, "i4": 1.0668245380418655, "i5": 0.3830204597542113, "i6": 0.273090539714682, "i7": 1.339940516383645, "r0": 4.931233912181475, "r1": 0.02824262016291268, "r2": -0.6723609203514176, "r3": 1.4446839742079745, "r4": 0.9954593557507291, "r5": -0.4568562061866883, "r6": 0.4288199468998585, "r7": 1.0957695690171865}, "datetime": {"datetime": "2020-01-17 21:24:39", "elapsed": 2265.576143, "delta": 37.973224}}
{"target": 14.4, "params": {"d0": 4.016040971640042, "d1": -7.460661441222648, "d2": 0.9326449240261423, "g0": 4.579578950049785, "g1": 0.902916833474409, "g2": -4.6461910826947825, "g3": 1.3902711844628926, "g4": 0.9762662844025309, "g5": 0.7966148451598438, "g6": 0.15053460910746552, "g7": 1.224293212978345, "i0": 0.2078711697458363, "i1": 0.9897069537867418, "i2": -5.351123690881776, "i3": 1.2876680112402965, "i4": 1.1204038120229374, "i5": 0.35694943946561564, "i6": -0.4233336442608256, "i7": 1.912049945950685, "r0": 4.634206089511207, "r1": 0.5519950271541971, "r2": -0.3608411131544891, "r3": 0.9247644295922939, "r4": 1.1010733135682726, "r5": -0.16565969591580176, "r6": 0.4420348476328424, "r7": 1.230695517376123}, "datetime": {"datetime": "2020-01-17 21:25:27", "elapsed": 2313.890804, "delta": 48.314661}}
{"target": 19.65, "params": {"d0": 4.096791923280101, "d1": -9.302140214957914, "d2": 0.733502056239997, "g0": 0.24698192316657153, "g1": 0.15045502836766345, "g2": -6.046495262053097, "g3": 1.4643119914057396, "g4": 0.8553977198479781, "g5": 0.23608477730628352, "g6": 0.2914322626845238, "g7": 1.288566646581365, "i0": 0.9909961466009592, "i1": 0.22059408184733575, "i2": -9.561784902728531, "i3": 1.2705311785278517, "i4": 1.1269200995981274, "i5": -0.08996833164044415, "i6": 0.5784092321347654, "i7": 1.0209735696898525, "r0": 4.693595866844655, "r1": 0.8476267092393875, "r2": -3.4096434033411676, "r3": 1.0030649349293854, "r4": 1.0082833645073737, "r5": -0.02855372454805205, "r6": 0.902925655010201, "r7": 1.8499522504099128}, "datetime": {"datetime": "2020-01-17 21:26:12", "elapsed": 2358.655092, "delta": 44.764288}}
{"target": 9.9, "params": {"d0": 2.389619246082797, "d1": -4.45481501721833, "d2": 1.4003230898234573, "g0": 4.74632216886145, "g1": 0.639184755868246, "g2": -2.514796799102463, "g3": 0.9812999250883541, "g4": 1.25901415954309, "g5": 0.53880327976613, "g6": 0.32808382183714424, "g7": 1.854389930576691, "i0": 4.249359407201662, "i1": 0.8084113566061418, "i2": -8.69307175602612, "i3": 1.1288020598574497, "i4": 1.250391557353458, "i5": 0.43333092888612845, "i6": 0.13106979853778766, "i7": 1.9756684326959624, "r0": 1.2538657833650113, "r1": 0.3336102288478977, "r2": -0.45799492570411005, "r3": 1.3469722785482316, "r4": 1.250170002255331, "r5": -0.7814566569441678, "r6": 0.0696466495509922, "r7": 1.1590741522708563}, "datetime": {"datetime": "2020-01-17 21:26:47", "elapsed": 2393.595912, "delta": 34.94082}}
{"target": 16.6, "params": {"d0": 1.4796752594370566, "d1": -2.620045035961591, "d2": 1.2792678758912592, "g0": 2.3089970509953073, "g1": 0.3652744612070937, "g2": -4.1530838699547425, "g3": 1.126966203707421, "g4": 1.0752897795039311, "g5": 0.18476331378345245, "g6": 0.0934724084013232, "g7": 1.7488903306570043, "i0": 1.2560159167469331, "i1": 0.655760767903366, "i2": -0.3960285177998184, "i3": 0.7028438083715408, "i4": 1.1616805221971531, "i5": -0.6256079457125701, "i6": 0.31568123749573784, "i7": 1.589607618348368, "r0": 1.2147356288540057, "r1": 0.9138438752466082, "r2": -3.7768747130838225, "r3": 0.8853557531158879, "r4": 1.1850660937999038, "r5": -0.6311886720042644, "r6": 0.33283797779701674, "r7": 1.0044516767827407}, "datetime": {"datetime": "2020-01-17 21:27:38", "elapsed": 2444.475956, "delta": 50.880044}}
{"target": 13.3, "params": {"d0": 2.9049203633750977, "d1": -7.470198872798116, "d2": 1.219573446363797, "g0": 3.5791347642908997, "g1": 0.5241856145686612, "g2": -3.4247859229688995, "g3": 1.3506350762600445, "g4": 1.203756135821516, "g5": 0.19149118728618042, "g6": 0.1766536931811623, "g7": 1.3487449879521043, "i0": 4.373738099521817, "i1": 0.7029317321143713, "i2": -8.150649776265983, "i3": 1.1525857173034106, "i4": 1.2544040161500285, "i5": -0.5588960124027662, "i6": 0.7682765132960596, "i7": 1.802222712946885, "r0": 2.4967055064891723, "r1": 0.0375838514857032, "r2": -8.524974946030646, "r3": 1.438110955750937, "r4": 0.8220773980159313, "r5": -0.20400197375142481, "r6": 0.42855945208820634, "r7": 1.1166428428054185}, "datetime": {"datetime": "2020-01-17 21:28:15", "elapsed": 2482.204927, "delta": 37.728971}}
{"target": 11.0, "params": {"d0": 4.905398786201486, "d1": -8.440247669565776, "d2": 1.1317433561290196, "g0": 3.0900566217332233, "g1": 0.2309899486697039, "g2": -5.336910107906586, "g3": 1.0928068233063435, "g4": 1.183431188163271, "g5": 0.21484920443819755, "g6": 0.20132507959800938, "g7": 1.6336367975133728, "i0": 2.266887132610992, "i1": 0.5257115913414097, "i2": -3.414319584416381, "i3": 0.8449563055630893, "i4": 1.1940247755861537, "i5": 0.16458454006143575, "i6": 0.9704993277059917, "i7": 1.1446215128842934, "r0": 2.3313323708328677, "r1": 0.8956418025994466, "r2": -3.9856659030121193, "r3": 1.280767076679052, "r4": 1.0068350821006802, "r5": 0.29489539493011163, "r6": 0.9190825447713449, "r7": 1.1202046723132544}, "datetime": {"datetime": "2020-01-17 21:28:51", "elapsed": 2517.469917, "delta": 35.26499}}
{"target": 18.25, "params": {"d0": 4.036826319386602, "d1": -0.30461987900103615, "d2": 0.7116549854106653, "g0": 1.0760479329721377, "g1": 0.11737692031312974, "g2": -2.3257648225854677, "g3": 0.7649732687541866, "g4": 1.2992067792954538, "g5": -0.17662077459311176, "g6": 0.8578041488995605, "g7": 1.1074353638494148, "i0": 2.2043609991114543, "i1": 0.8448118190062035, "i2": -4.047302193267438, "i3": 1.0697264773530857, "i4": 1.0563248733785588, "i5": 0.11821684302775581, "i6": 0.1604788113783897, "i7": 1.1129148534961915, "r0": 0.5698288072959318, "r1": 0.151227927370148, "r2": -9.475090361468661, "r3": 1.1469411288509053, "r4": 1.2238605070180053, "r5": -0.22540905772142283, "r6": -0.3870336910462733, "r7": 1.368296853183628}, "datetime": {"datetime": "2020-01-17 21:29:32", "elapsed": 2558.890618, "delta": 41.420701}}
{"target": 5.25, "params": {"d0": 3.010039192360007, "d1": -5.745965344243624, "d2": 1.3485769868858961, "g0": 4.709431230933526, "g1": 0.8699107732683544, "g2": -2.960005017201115, "g3": 1.0762391398257403, "g4": 1.1413490214516258, "g5": -0.7785307031095527, "g6": 0.9737171777530658, "g7": 1.0892850650117856, "i0": 4.5313019798084095, "i1": 0.8071099016661061, "i2": -1.9986031561301232, "i3": 0.9151488462280519, "i4": 0.9095769028786291, "i5": -0.11391889133745803, "i6": 0.7740566510959823, "i7": 1.3954176067188924, "r0": 4.677100570035309, "r1": 0.352679327251738, "r2": -3.8060783430324028, "r3": 1.4845592290846241, "r4": 1.1217312611204024, "r5": -0.727202854335034, "r6": 0.1953356364275678, "r7": 1.26822647808503}, "datetime": {"datetime": "2020-01-17 21:30:11", "elapsed": 2597.900293, "delta": 39.009675}}
{"target": 12.9, "params": {"d0": 2.6609077426083734, "d1": -7.152537913868686, "d2": 0.7978089841840021, "g0": 3.341444943754009, "g1": 0.6813597548913063, "g2": -1.3286070000091161, "g3": 0.8059051948501899, "g4": 1.1993101541390154, "g5": 0.5228299814482065, "g6": 0.4698249036267279, "g7": 1.1254143603586972, "i0": 1.3071035720291895, "i1": 0.41849681753917567, "i2": -4.582009272172687, "i3": 1.0819503644737736, "i4": 1.0337299460226848, "i5": 0.5437451363162678, "i6": 0.8051535479613516, "i7": 1.7984293608144435, "r0": 4.389007093173499, "r1": 0.5710087619370731, "r2": -0.3596386666091824, "r3": 1.185235478600374, "r4": 1.1019738705398407, "r5": -0.2891236206806099, "r6": 0.5218062761755284, "r7": 0.9571622573558971}, "datetime": {"datetime": "2020-01-17 21:30:51", "elapsed": 2637.62272, "delta": 39.722427}}
{"target": 10.55, "params": {"d0": 0.6727321050597113, "d1": -8.69757832427235, "d2": 1.2241610297797885, "g0": 0.8766629588566915, "g1": 0.3411468232515472, "g2": -9.556883441668955, "g3": 0.8869874880932085, "g4": 1.2821121624246472, "g5": 0.014623044026188303, "g6": -0.2733882222928521, "g7": 1.4753093849079106, "i0": 4.717546919555404, "i1": 0.865686014006334, "i2": -6.079341310696131, "i3": 0.927094012778722, "i4": 1.1808649313463708, "i5": -0.41522508031505956, "i6": -0.11865146801397142, "i7": 0.9924949895979225, "r0": 4.320720473820135, "r1": 0.44789891562027984, "r2": -4.382137393900264, "r3": 1.2893687661548159, "r4": 1.198244433565598, "r5": -0.0839869776154979, "r6": -0.22380866573630248, "r7": 1.811606136681132}, "datetime": {"datetime": "2020-01-17 21:31:22", "elapsed": 2669.0791, "delta": 31.45638}}
{"target": 10.1, "params": {"d0": 0.15498979914127908, "d1": -0.5327173039204762, "d2": 1.1615822771820012, "g0": 4.376943692253435, "g1": 0.6085654369735587, "g2": -7.4834041584767625, "g3": 0.9369039387967235, "g4": 1.0664612795158266, "g5": 0.7393251405553496, "g6": -0.22325659326473352, "g7": 1.4608882159574201, "i0": 1.718940517184222, "i1": 0.7697253449571857, "i2": -1.9713351356757602, "i3": 1.0396479282417732, "i4": 0.902061249997168, "i5": -0.6926568634738315, "i6": -0.20202760336915776, "i7": 1.1996409351423205, "r0": 2.993944589546052, "r1": 0.8730834972744356, "r2": -8.717690611545137, "r3": 1.4665509933719167, "r4": 1.1415854219270734, "r5": 0.38714277708540834, "r6": 0.9743211788814858, "r7": 1.3577108498799564}, "datetime": {"datetime": "2020-01-17 21:32:13", "elapsed": 2720.194401, "delta": 51.115301}}
{"target": 19.35, "params": {"d0": 2.657917329479509, "d1": -3.207870498042814, "d2": 1.110300114071993, "g0": 1.4955617233041778, "g1": 0.10538467273003926, "g2": -7.150678542778552, "g3": 1.3150822786302063, "g4": 1.1203913522259232, "g5": 0.4821291251251081, "g6": 0.27568079795563993, "g7": 1.1553100240309686, "i0": 3.1398096349095135, "i1": 0.30400549002230315, "i2": -9.70471255057979, "i3": 1.4226649414535004, "i4": 1.0101847844013925, "i5": -0.11819075132046053, "i6": 0.6118776029977886, "i7": 1.9433042447363733, "r0": 0.36257764022731676, "r1": 0.17270108813227492, "r2": -6.7764251086728935, "r3": 0.8987393970641592, "r4": 1.0477474906805966, "r5": 0.5191353772762937, "r6": 0.7809586224132639, "r7": 1.5554129362645717}, "datetime": {"datetime": "2020-01-17 21:32:53", "elapsed": 2760.133133, "delta": 39.938732}}
{"target": 13.5, "params": {"d0": 1.2008686691553332, "d1": -8.135073117273148, "d2": 1.2947124099216312, "g0": 1.186070288217738, "g1": 0.5394908909265497, "g2": -2.5071921287280823, "g3": 0.8825992836923087, "g4": 0.887250593786372, "g5": -0.7364229014786381, "g6": -0.27864674345007867, "g7": 1.83658279764169, "i0": 0.5231795587247928, "i1": 0.2236450455273178, "i2": -9.67242800254023, "i3": 1.241085308361023, "i4": 0.9158515707323598, "i5": -0.13825325151717716, "i6": -0.29104824301440985, "i7": 1.3149390163726573, "r0": 2.1221873311980763, "r1": 0.4729649518600131, "r2": -5.771581869613868, "r3": 0.7822052510993314, "r4": 1.186290133315772, "r5": -0.5804703944161418, "r6": 0.13643856148871802, "r7": 1.1991517236980576}, "datetime": {"datetime": "2020-01-17 21:33:48", "elapsed": 2814.548549, "delta": 54.415416}}
{"target": 18.75, "params": {"d0": 1.5050397153995316, "d1": -3.275792274135675, "d2": 1.1142293790507316, "g0": 0.9504352523997028, "g1": 0.4691344398333771, "g2": -6.604591312036964, "g3": 1.2635977585985008, "g4": 0.9130476012162745, "g5": 0.5519810197733523, "g6": 0.2893444973374455, "g7": 1.4506815302153981, "i0": 1.2684290344384008, "i1": 0.18615566973666398, "i2": -5.281809372624032, "i3": 1.485459534260206, "i4": 0.8664531188309136, "i5": -0.34646010811510863, "i6": 0.7009617614251842, "i7": 1.6312545883618306, "r0": 1.3937920434671853, "r1": 0.31464760677511183, "r2": -5.800517455980709, "r3": 1.1822294097938368, "r4": 1.1596693836105378, "r5": 0.5716805335219692, "r6": 0.5216672056876146, "r7": 1.1606802709188682}, "datetime": {"datetime": "2020-01-17 21:34:34", "elapsed": 2861.131481, "delta": 46.582932}}
