{"target": 6.55, "params": {"d0": 3.9315201775822195, "d1": -3.8323494952693613, "d2": 1.3401992916709065, "g0": 3.0708140444146377, "g1": 0.2678175074227107, "g2": -9.82715763988781, "g3": 1.1204124823766564, "g4": 0.9687864500636356, "g5": 0.2526738653546656, "g6": -0.3927868527691831, "g7": 1.9624659048985338, "i0": 3.9048869445848093, "i1": 0.2603264823910866, "i2": -8.202107185659557, "i3": 1.027697834594717, "i4": 0.8240233228474096, "i5": -0.32406169444004473, "i6": 0.4110336232831586, "i7": 1.3328379164233972, "r0": 0.382021945773397, "r1": 0.08398206104936445, "r2": -1.2222345208841308, "r3": 1.2494489827824977, "r4": 0.9018034652903246, "r5": -0.5659396820931376, "r6": 0.0027390369932873693, "r7": 1.1959615480266161}, "datetime": {"datetime": "2020-01-18 08:16:36", "elapsed": 41382.854611, "delta": 23.951528}}
{"target": 8.65, "params": {"d0": 0.1701694620633326, "d1": -8.779781481388856, "d2": 1.3931218696003929, "g0": 4.684571147115925, "g1": 0.19469369965872974, "g2": -5.605283358330116, "g3": 1.4761441585654203, "g4": 0.9662580695467773, "g5": -0.18109000332028058, "g6": 0.4273480386434727, "g7": 1.5457844167370993, "i0": 4.100235424880311, "i1": 0.7577832967662587, "i2": -7.075267116315924, "i3": 1.2608577915941597, "i4": 1.2763693641358125, "i5": -0.02801113850020409, "i6": 0.5289726379936464, "i7": 0.9285126174776362, "r0": 2.8410906799282554, "r1": 0.9132384668502131, "r2": -5.9602879953020516, "r3": 1.131741079600356, "r4": 1.2668711132691761, "r5": -0.09160826376181386, "r6": -0.37727505480866846, "r7": 1.06259618445341}, "datetime": {"datetime": "2020-01-18 08:17:24", "elapsed": 41431.021437, "delta": 48.166826}}
{"target": 5.9, "params": {"d0": 0.3398602453617017, "d1": -5.383886051889476, "d2": 1.030375382440759, "g0": 4.565095819169713, "g1": 0.040500095176650874, "g2": -5.3319303004473, "g3": 0.7274316344245121, "g4": 0.8233086447347999, "g5": 0.42571207927886046, "g6": 0.7463801380374364, "g7": 1.9093282294332434, "i0": 4.04025239842359, "i1": 0.697966620886179, "i2": -8.788416279875893, "i3": 0.8385758106747665, "i4": 0.8492291590754835, "i5": -0.4235340882426483, "i6": -0.10337737850727219, "i7": 1.6485146101189943, "r0": 1.6369069076641667, "r1": 0.2821388786086423, "r2": -6.879074923826071, "r3": 1.0402891858600165, "r4": 0.9814224325038012, "r5": -0.5475834344487811, "r6": 0.7499018076420487, "r7": 1.464343676759503}, "datetime": {"datetime": "2020-01-18 08:18:06", "elapsed": 41473.014555, "delta": 41.993118}}
{"target": 14.3, "params": {"d0": 1.050669806793871, "d1": -2.8569274723936413, "d2": 0.7123922094771867, "g0": 4.315546453657296, "g1": 0.29699532819442687, "g2": -0.1954286694487415, "g3": 1.0352565922090362, "g4": 1.1506789216942415, "g5": -0.7471929269015812, "g6": 0.49492653569995215, "g7": 1.5381434428532583, "i0": 4.668494449501315, "i1": 0.310790050949625, "i2": -7.884178345943738, "i3": 1.3491876634813174, "i4": 1.0122619744315062, "i5": -0.26001359856566464, "i6": -0.3775113583664622, "i7": 1.7802433707924616, "r0": 3.176718711767465, "r1": 0.30770717976436457, "r2": -8.064126995833309, "r3": 1.4433027585572797, "r4": 1.2177769105378706, "r5": 0.20395501693497486, "r6": 0.16485515905327341, "r7": 1.3234654917368898}, "datetime": {"datetime": "2020-01-18 08:18:39", "elapsed": 41505.787587, "delta": 32.773032}}
{"target": 17.75, "params": {"d0": 3.1158425813829664, "d1": -4.719085240304899, "d2": 0.8213927557701011, "g0": 3.9227589101052946, "g1": 0.9877840687881116, "g2": -3.7782225779300527, "g3": 0.9997904712666468, "g4": 1.0887926382494282, "g5": 0.23813148036963327, "g6": 0.33861443594051743, "g7": 1.5344910847946798, "i0": 2.430276293416452, "i1": 0.70828616157723, "i2": -9.152361972451551, "i3": 1.0357356113785534, "i4": 1.1453953638524386, "i5": 0.5618011551903748, "i6": 0.7541179419940214, "i7": 1.3071909755351654, "r0": 1.2301015350789495, "r1": 0.6778361528674945, "r2": -4.443811139130677, "r3": 1.1978072794448305, "r4": 1.2440566146457588, "r5": 0.06160891506711186, "r6": 0.41176220089916926, "r7": 1.4452814379911096}, "datetime": {"datetime": "2020-01-18 08:19:10", "elapsed": 41536.561161, "delta": 30.773574}}
{"target": 18.3, "params": {"d0": 0.1913709179021461, "d1": -2.7673469838854503, "d2": 1.0259808190525008, "g0": 0.46732205212292044, "g1": 0.7596002939359868, "g2": -4.722019001372615, "g3": 1.2659796594792576, "g4": 0.9989871114543117, "g5": 0.35850345557794294, "g6": 0.06844590558044861, "g7": 1.983112252106375, "i0": 2.2865234115244966, "i1": 0.04618792924961668, "i2": -5.396769126723848, "i3": 0.8548103882620817, "i4": 1.080155909991473, "i5": -0.18443336971602808, "i6": 0.09162699615808645, "i7": 1.5848388151733244, "r0": 0.41447546067578944, "r1": 0.7054886026518555, "r2": -6.544959439303007, "r3": 1.4588004279596474, "r4": 1.199243429967665, "r5": -0.6880673073842408, "r6": -0.21162788216517847, "r7": 1.247332350416646}, "datetime": {"datetime": "2020-01-18 08:19:43", "elapsed": 41570.126885, "delta": 33.565724}}
{"target": 10.2, "params": {"d0": 1.443774246823738, "d1": -0.2775527154422335, "d2": 0.9441105275960031, "g0": 4.9191227065386, "g1": 0.858595510150071, "g2": -6.781248564752685, "g3": 1.4464657352040455, "g4": 0.9936547135445053, "g5": 0.6975891901705598, "g6": 0.5844377572814159, "g7": 1.5379192213180284, "i0": 0.7555862797031471, "i1": 0.908263768863004, "i2": -6.36460170945906, "i3": 1.423631510004651, "i4": 0.9965117419916657, "i5": -0.14388884498448817, "i6": 0.8852296843398051, "i7": 1.2951396555184813, "r0": 1.2380697116562966, "r1": 0.25649965993095025, "r2": -1.2033980997632412, "r3": 0.9143656768395687, "r4": 1.0770115358565457, "r5": 0.41247250203078156, "r6": 0.06363149094656428, "r7": 1.2481202884005396}, "datetime": {"datetime": "2020-01-18 08:20:18", "elapsed": 41605.270498, "delta": 35.143613}}
{"target": 7.2, "params": {"d0": 3.6004661015445065, "d1": -9.245769308634147, "d2": 1.2173780402587102, "g0": 2.314778476260166, "g1": 0.10014562774243696, "g2": -3.684242566886793, "g3": 1.3149405989651857, "g4": 0.8984806137571693, "g5": -0.19719403259646007, "g6": 0.4050121073001107, "g7": 1.8536115967223132, "i0": 3.7587695285752725, "i1": 0.4211543354700459, "i2": -9.359800644316316, "i3": 1.339533459271379, "i4": 0.8975787172922618, "i5": -0.07732032132246736, "i6": -0.14885057103040333, "i7": 1.9858404740730489, "r0": 2.9468566306585258, "r1": 0.21498053258325667, "r2": -7.964941606863612, "r3": 0.9021272276211221, "r4": 0.8303065041359031, "r5": 0.17754823172269307, "r6": 0.14280847050318268, "r7": 1.8499121964412861}, "datetime": {"datetime": "2020-01-18 08:20:49", "elapsed": 41635.962147, "delta": 30.691649}}
{"target": 17.25, "params": {"d0": 4.8796640319768345, "d1": -8.300181167933637, "d2": 0.9092884103737255, "g0": 2.29418303916023, "g1": 0.5506011853847294, "g2": -2.5515396466705784, "g3": 1.3548055642837513, "g4": 1.2006783818607416, "g5": 0.6765806493154327, "g6": -0.3697274332738746, "g7": 1.766490512480321, "i0": 2.8411376227705913, "i1": 0.5021432563420051, "i2": -6.303147181205971, "i3": 1.1341624026652921, "i4": 1.2605900467342595, "i5": -0.06321499357780858, "i6": 0.7195077950070914, "i7": 1.430284930626546, "r0": 3.629359724715426, "r1": 0.29699592700903243, "r2": -4.714516466602871, "r3": 1.350981028377313, "r4": 1.1586019858490468, "r5": 0.6661697480522688, "r6": 0.6259815586658313, "r7": 1.461912938628928}, "datetime": {"datetime": "2020-01-18 08:21:22", "elapsed": 41668.84208, "delta": 32.879933}}
{"target": 16.45, "params": {"d0": 3.681462655728001, "d1": -0.8830426762501595, "d2": 1.0927466983637413, "g0": 2.797880820254177, "g1": 0.9225951391780906, "g2": -6.682025779696007, "g3": 0.9508576390983341, "g4": 1.2190371695411448, "g5": 0.43082822999659753, "g6": 0.5183855267241624, "g7": 1.2675395270475578, "i0": 2.3345805466485507, "i1": 0.4640426228359634, "i2": -4.796710786337105, "i3": 0.9876632163404433, "i4": 1.1830698367825545, "i5": 0.6406356326889115, "i6": -0.456273649302034, "i7": 1.2719243526596617, "r0": 0.08245263807239056, "r1": 0.7852860293362232, "r2": -1.9034204082829262, "r3": 1.239836885807864, "r4": 1.1549512101490886, "r5": 0.46852220093749786, "r6": 0.1468570126082761, "r7": 1.0800718044169215}, "datetime": {"datetime": "2020-01-18 08:21:54", "elapsed": 41701.087156, "delta": 32.245076}}
{"target": 11.65, "params": {"d0": 2.547683394335233, "d1": -8.171256932625742, "d2": 1.0101415932567315, "g0": 3.8811187655129946, "g1": 0.07992833046969217, "g2": -7.500246173752007, "g3": 1.1975312277076635, "g4": 0.9421634498732518, "g5": 0.7654352077970341, "g6": -0.47404313203214127, "g7": 1.8554426267293032, "i0": 4.118725344150561, "i1": 0.6093549100210981, "i2": -0.5936022910847765, "i3": 1.2660211863950983, "i4": 1.2614386694802504, "i5": 0.7736751646590381, "i6": 0.8412340368872882, "i7": 1.1162711638670584, "r0": 4.036450637877181, "r1": 0.6786469639892841, "r2": -6.891496587448103, "r3": 1.165082225049425, "r4": 1.2477966232509465, "r5": -0.3326090110622799, "r6": 0.6104442336337668, "r7": 1.8431197679974272}, "datetime": {"datetime": "2020-01-18 08:22:29", "elapsed": 41735.459553, "delta": 34.372397}}
{"target": 14.15, "params": {"d0": 1.2068627487067096, "d1": -2.949534834799562, "d2": 1.3793509914402513, "g0": 4.243944839632568, "g1": 0.11001455447964803, "g2": -8.039899984944567, "g3": 0.814958296630406, "g4": 1.1727076365932243, "g5": -0.35448892484234096, "g6": 0.39845240962370165, "g7": 1.3732737051064603, "i0": 2.416068053600225, "i1": 0.26343231886755714, "i2": -9.354804275411045, "i3": 1.4239201875575394, "i4": 1.0380591510714035, "i5": 0.13608358095149753, "i6": -0.16573915169148518, "i7": 1.4329025135173614, "r0": 0.8627424251592425, "r1": 0.4771866771692801, "r2": -8.763846710146149, "r3": 0.7253892571797489, "r4": 0.9833137277615442, "r5": 0.09958993440976671, "r6": 0.20985072524900328, "r7": 1.3050359050009372}, "datetime": {"datetime": "2020-01-18 08:23:10", "elapsed": 41776.935202, "delta": 41.475649}}
{"target": 15.35, "params": {"d0": 2.496440544935094, "d1": -9.417931129784842, "d2": 1.0610156393801538, "g0": 0.9773721579103511, "g1": 0.18382270610324603, "g2": -7.7577378141871804, "g3": 0.8367090906207775, "g4": 1.059233241052306, "g5": 0.7534569443266592, "g6": 0.0026711110342887423, "g7": 1.2026299266238676, "i0": 1.9136306250404045, "i1": 0.23550966021074504, "i2": -3.629287158787603, "i3": 0.8021930310727874, "i4": 1.1833259131721503, "i5": 0.6459408499527741, "i6": 0.5107354162533784, "i7": 1.7838647028933194, "r0": 1.1984757756293423, "r1": 0.9262564747152194, "r2": -7.924527526165985, "r3": 1.3755600359935518, "r4": 0.9848946446541958, "r5": -0.7641627696360912, "r6": -0.1692019421100116, "r7": 1.8267321466458921}, "datetime": {"datetime": "2020-01-18 08:23:47", "elapsed": 41813.887964, "delta": 36.952762}}
{"target": 12.75, "params": {"d0": 1.1342983696976, "d1": -6.7738803465795545, "d2": 1.235066214401701, "g0": 2.9399126799795487, "g1": 0.713508806122039, "g2": -6.916393310510447, "g3": 1.3142754923659223, "g4": 1.0560798139769192, "g5": -0.6739304048055479, "g6": 0.13973263077496112, "g7": 1.2224616176472305, "i0": 0.6619920787038897, "i1": 0.7368808229369823, "i2": -4.4248462251287695, "i3": 0.8435600239307738, "i4": 1.068615798766288, "i5": -0.2770515663018801, "i6": 0.9886187198417289, "i7": 1.320185282528303, "r0": 2.2823574859717137, "r1": 0.5024074333662674, "r2": -2.8960434808348223, "r3": 1.3448180209274558, "r4": 1.1035243429245716, "r5": -0.4175985691618387, "r6": -0.4791111550433197, "r7": 1.8265074551532723}, "datetime": {"datetime": "2020-01-18 08:24:30", "elapsed": 41856.764684, "delta": 42.87672}}
{"target": 12.85, "params": {"d0": 0.3958996131104753, "d1": -7.999185469714151, "d2": 1.287379817589954, "g0": 4.871823891879382, "g1": 0.8305441494630776, "g2": -2.8597917533724466, "g3": 1.4991451450177644, "g4": 1.0824305958761116, "g5": -0.6269564116379295, "g6": 0.9803779915355091, "g7": 1.8630717979810398, "i0": 4.801425515947383, "i1": 0.0679734054398079, "i2": -5.248802006929071, "i3": 1.1128981392413926, "i4": 1.1240330401260972, "i5": -0.35065179432499144, "i6": 0.6037447581736859, "i7": 1.834243556888448, "r0": 4.313902721461708, "r1": 0.8837414675238574, "r2": -3.5577375625877554, "r3": 0.9649333469489632, "r4": 0.8389958846985441, "r5": 0.23390591659913573, "r6": 0.07104994958374311, "r7": 1.8600300266811196}, "datetime": {"datetime": "2020-01-18 08:25:08", "elapsed": 41894.845296, "delta": 38.080612}}
{"target": 14.85, "params": {"d0": 2.1972126430788035, "d1": -8.292620895101356, "d2": 1.3285563848756685, "g0": 3.001992547922188, "g1": 0.16355189068928644, "g2": -1.3396345367497062, "g3": 1.2503713623476247, "g4": 0.8674969330667314, "g5": 0.20149894443437222, "g6": 0.18392859335921996, "g7": 1.0175863896297517, "i0": 1.6150982102284406, "i1": 0.2725783576131282, "i2": -2.2411078425362803, "i3": 0.8107170322500185, "i4": 1.1956897595153935, "i5": -0.5671588275550076, "i6": -0.0899631730766775, "i7": 1.9798273074740838, "r0": 1.181206052371666, "r1": 0.6306984840767403, "r2": -2.8424998340565866, "r3": 1.086444852128188, "r4": 0.8296118204090841, "r5": 0.2320022618340838, "r6": 0.11879603781970283, "r7": 1.9956315481486273}, "datetime": {"datetime": "2020-01-18 08:25:39", "elapsed": 41925.594901, "delta": 30.749605}}
{"target": 17.05, "params": {"d0": 3.290989939981107, "d1": -5.047923196435905, "d2": 1.415172886050501, "g0": 2.379325717424046, "g1": 0.9135620143008295, "g2": -4.115509470865613, "g3": 1.0133054776292574, "g4": 1.0697076359734283, "g5": -0.2700095946714509, "g6": 0.06400822311421239, "g7": 1.0951749383913278, "i0": 0.9287704167065808, "i1": 0.04063775976681483, "i2": -9.192494697593194, "i3": 1.169936113720559, "i4": 0.8857278648692923, "i5": 0.3516153129918129, "i6": -0.02627466837037662, "i7": 1.3580257688686341, "r0": 0.0500822093891895, "r1": 0.2662946895914109, "r2": -7.995429555701014, "r3": 0.9090801904703915, "r4": 1.2215539474240424, "r5": -0.36080632836025206, "r6": 0.5091535381466092, "r7": 1.202072569384878}, "datetime": {"datetime": "2020-01-18 08:26:12", "elapsed": 41958.879395, "delta": 33.284494}}
{"target": 17.6, "params": {"d0": 0.8704105450437671, "d1": -0.20137744519530187, "d2": 1.1025545944411719, "g0": 0.507780991681242, "g1": 0.2547486307037704, "g2": -4.4817633004551, "g3": 1.2027644295906081, "g4": 1.1314123253285535, "g5": -0.5663045054144688, "g6": 0.0162577516192286, "g7": 1.3684772607172575, "i0": 4.320334449957132, "i1": 0.9947218267450155, "i2": -0.3401093511312627, "i3": 0.9387702870985505, "i4": 0.99624869371696, "i5": -0.6050375660722174, "i6": 0.8179333561346696, "i7": 1.9461776002065352, "r0": 1.0354919443299733, "r1": 0.39922117869150364, "r2": -2.981556147057143, "r3": 1.2968250048476295, "r4": 1.2409724863304015, "r5": -0.24109261785732206, "r6": -0.40758486027823077, "r7": 1.2114819079395245}, "datetime": {"datetime": "2020-01-18 08:26:41", "elapsed": 41987.829344, "delta": 28.949949}}
{"target": 14.65, "params": {"d0": 4.134775403201387, "d1": -9.152539980697146, "d2": 1.3557201332886208, "g0": 2.467169120603381, "g1": 0.74702921383069, "g2": -2.2402367391606894, "g3": 0.7012991643378998, "g4": 0.895197680553603, "g5": -0.0578437601254167, "g6": 0.6607264935157167, "g7": 1.896911624749631, "i0": 0.7075900236845228, "i1": 0.24497284402551267, "i2": -3.3219929491253497, "i3": 0.7097362626526733, "i4": 1.292851145916237, "i5": -0.5817454399252244, "i6": 0.38292032948859756, "i7": 1.2311703005176782, "r0": 1.4792555619664527, "r1": 0.7846622002023579, "r2": -1.133203541924205, "r3": 0.9318572873803457, "r4": 1.1816509777939466, "r5": 0.10787198390150365, "r6": 0.19706498787545845, "r7": 1.943280071530098}, "datetime": {"datetime": "2020-01-18 08:27:14", "elapsed": 42020.652324, "delta": 32.82298}}
{"target": 18.4, "params": {"d0": 1.3066564407703658, "d1": -6.888642978628543, "d2": 1.1890106826763325, "g0": 0.08118172486118735, "g1": 0.26989328911255217, "g2": -5.09673585487919, "g3": 1.3458932426846582, "g4": 0.9187042969254181, "g5": 0.5348366061612537, "g6": 0.7718289496189283, "g7": 0.912871066066011, "i0": 2.0000835364630576, "i1": 0.6035022655259459, "i2": -7.280203122857056, "i3": 0.804715891215217, "i4": 1.0610960969236856, "i5": 0.25930086294305665, "i6": 0.0690311013645647, "i7": 1.0814123029632385, "r0": 3.287051763973281, "r1": 0.8713234146495399, "r2": -0.06414381064258379, "r3": 1.0534142585688464, "r4": 0.847750102133691, "r5": 0.38192816657954687, "r6": 0.13363249795281473, "r7": 1.1465700147014224}, "datetime": {"datetime": "2020-01-18 08:27:47", "elapsed": 42054.063205, "delta": 33.410881}}
{"target": 9.0, "params": {"d0": 0.33642572115447134, "d1": -1.1967021999199599, "d2": 0.8789530372838548, "g0": 2.0721435530394556, "g1": 0.31112124685300424, "g2": -2.1271139433026516, "g3": 0.7025042521147365, "g4": 1.028235179963893, "g5": 0.68569600588378, "g6": 0.6650889384523739, "g7": 1.7378690453810952, "i0": 3.2706058264279485, "i1": 0.17831548058387547, "i2": -2.191179169554185, "i3": 1.1540846193886525, "i4": 1.2630455474420246, "i5": 0.41665644886190867, "i6": 0.36626466709171557, "i7": 1.8681596972034338, "r0": 0.5179977737120672, "r1": 0.2392793355366052, "r2": -0.11832092619965451, "r3": 0.8596743498411302, "r4": 1.2488085647609246, "r5": -0.7283932945680676, "r6": -0.06641513617397782, "r7": 1.8880891432493812}, "datetime": {"datetime": "2020-01-18 08:28:14", "elapsed": 42080.876816, "delta": 26.813611}}
{"target": 8.55, "params": {"d0": 0.798335303085374, "d1": -6.456073647723213, "d2": 1.0874634912483816, "g0": 0.025745893658224994, "g1": 0.8968316526701591, "g2": -7.842409944796829, "g3": 1.186381186875761, "g4": 0.9196119535370838, "g5": -0.5514505607254426, "g6": -0.4592776817083239, "g7": 0.9517790104634131, "i0": 1.6212320944915621, "i1": 0.6599234613607892, "i2": -9.703551662911863, "i3": 0.7043628488973698, "i4": 0.8222288547196055, "i5": -0.7079224878522048, "i6": 0.36110648973557247, "i7": 1.9415966896711696, "r0": 4.2205288538032475, "r1": 0.5413055927184854, "r2": -8.00383695487059, "r3": 1.1063525803561935, "r4": 1.215951253245912, "r5": -0.3302117128272345, "r6": 0.8447211532335102, "r7": 1.0909079987307948}, "datetime": {"datetime": "2020-01-18 08:28:39", "elapsed": 42105.304879, "delta": 24.428063}}
{"target": 9.9, "params": {"d0": 4.557330967369284, "d1": -6.792079252851804, "d2": 1.0786897769055384, "g0": 4.566035577800192, "g1": 0.6602604745401615, "g2": -7.9873419991665875, "g3": 1.035297871061346, "g4": 1.203325001339293, "g5": 0.008981529867804428, "g6": 0.25510493488862873, "g7": 1.568551940826898, "i0": 2.5230936902602568, "i1": 0.9841910759529914, "i2": -0.5315257400854598, "i3": 1.2935024249388012, "i4": 1.0894136128519354, "i5": 0.003281505601162138, "i6": -0.2007756965448621, "i7": 1.5753805242486951, "r0": 4.990136707361039, "r1": 0.46890983928928465, "r2": -5.419426818383991, "r3": 1.2350810969421029, "r4": 0.9087426498385955, "r5": 0.257784637144989, "r6": 0.7324451570179709, "r7": 1.8671746817870898}, "datetime": {"datetime": "2020-01-18 08:29:11", "elapsed": 42137.533968, "delta": 32.229089}}
{"target": 11.1, "params": {"d0": 2.092951425889125, "d1": -2.632697807389915, "d2": 0.86475215625, "g0": 4.55987558413585, "g1": 0.603200931795356, "g2": -1.4619573898921256, "g3": 1.2684604147719605, "g4": 1.1459324206781905, "g5": 0.5677825448244, "g6": 0.9083477395675192, "g7": 1.3893710646985562, "i0": 2.6537087524260428, "i1": 0.843985519372875, "i2": -8.832642434091989, "i3": 0.721214792587841, "i4": 1.1571684263544204, "i5": 0.20155804709657144, "i6": 0.8830533850977078, "i7": 1.7800879610184028, "r0": 3.05443327734379, "r1": 0.8796010477971887, "r2": -0.825287647539394, "r3": 1.4581956417150375, "r4": 1.1296770859574812, "r5": -0.5658571526163613, "r6": -0.29655599950071565, "r7": 1.0507758462825496}, "datetime": {"datetime": "2020-01-18 08:29:42", "elapsed": 42169.019819, "delta": 31.485851}}
{"target": 12.3, "params": {"d0": 1.4546508481127784, "d1": -0.6213246383882147, "d2": 0.7709789610672841, "g0": 4.256732534551194, "g1": 0.9819921790173516, "g2": -7.536213246647938, "g3": 1.2578818165416186, "g4": 1.0858958747523235, "g5": 0.1433268078967348, "g6": 0.5548151638453667, "g7": 1.026265713252025, "i0": 0.511573380902392, "i1": 0.08374180188215619, "i2": -8.207328210977558, "i3": 1.4396937807502341, "i4": 1.0494747205797572, "i5": 0.04842597410528704, "i6": 0.4869258912124037, "i7": 1.8433729137344583, "r0": 4.344363187645969, "r1": 0.6679148012385092, "r2": -5.470908423058578, "r3": 0.7406242304663023, "r4": 0.8257634320314114, "r5": 0.32054796831545884, "r6": -0.4391600703931326, "r7": 1.4940148776637718}, "datetime": {"datetime": "2020-01-18 08:30:18", "elapsed": 42204.449639, "delta": 35.42982}}
{"target": 17.9, "params": {"d0": 4.615311654142093, "d1": -9.92107496870423, "d2": 0.8630761632255548, "g0": 2.9997705165248583, "g1": 0.16757951656695036, "g2": -8.016879100237128, "g3": 1.4351133415392157, "g4": 1.1624597587368721, "g5": 0.11353629112447394, "g6": 0.4065578127632784, "g7": 1.8211804980846211, "i0": 3.5950712795418953, "i1": 0.0771335947671219, "i2": -6.4585579814493705, "i3": 1.0658372692570148, "i4": 0.8620837069689592, "i5": -0.08634260342432665, "i6": 0.9023660488533569, "i7": 1.0590615212524874, "r0": 4.110080246579352, "r1": 0.457007303314526, "r2": -4.229676779058284, "r3": 0.9827804498727204, "r4": 0.9393347713774312, "r5": 0.10123436751819237, "r6": 0.781227299305473, "r7": 1.90736038927863}, "datetime": {"datetime": "2020-01-18 08:30:44", "elapsed": 42230.745784, "delta": 26.296145}}
