{"target": 21.35, "params": {"d0": 3.4751023433498673, "d1": -9.228035467561087, "d2": 0.7988709915098241, "g0": 0.8128726905100866, "g1": 0.4823470353315068, "g2": -5.391296785953756, "g3": 1.5, "g4": 1.048651841894405, "g5": -0.33064508954585276, "g6": -0.0199275962105176, "g7": 1.654335801769716, "i0": 4.538390815802824, "i1": 0.7178101448690747, "i2": -5.586032234079575, "i3": 0.9833995239495094, "i4": 1.1588223482691022, "i5": 0.16683521379978375, "i6": -0.34164035102716184, "i7": 1.6234968536205452, "r0": 1.9053566726051168, "r1": 0.6686534095511596, "r2": -1.8339449054020636, "r3": 1.397122754208983, "r4": 0.9712077223621106, "r5": -0.507212108215711, "r6": 0.03190147465475462, "r7": 1.6128102653629963}, "datetime": {"datetime": "2020-01-19 00:19:29", "elapsed": 30408.630449, "delta": 71.815165}}
{"target": 20.7, "params": {"d0": 3.803857942189967, "d1": -1.6770127476218015, "d2": 1.070266538121106, "g0": 0.5773857075326886, "g1": 0.22108396152796767, "g2": -5.779666992186734, "g3": 1.2315379611155812, "g4": 1.111349130078386, "g5": -0.036289165266374046, "g6": 0.17178345081452043, "g7": 1.363308708905303, "i0": 3.812737672354666, "i1": 0.5421094000650012, "i2": -6.442464602133259, "i3": 0.9351507452579645, "i4": 0.9565108620014424, "i5": -0.22186755783576834, "i6": 0.06958414512119, "i7": 1.5854895137895781, "r0": 1.4549293103060716, "r1": 0.1153525038471338, "r2": -8.708305729120848, "r3": 1.2194876755764166, "r4": 1.0436171336600766, "r5": 0.19644907859852087, "r6": 0.19826095978351246, "r7": 1.6441566580739349}, "datetime": {"datetime": "2020-01-19 00:20:46", "elapsed": 30485.652298, "delta": 77.021849}}
{"target": 21.35, "params": {"d0": 3.666615993552913, "d1": -1.4824591964049347, "d2": 1.036558141594256, "g0": 0.536002696701217, "g1": 0.2955217915416536, "g2": -5.894121097160743, "g3": 1.2047733371243203, "g4": 1.1221234719095101, "g5": 0.10727351260907757, "g6": 0.17053923793604248, "g7": 1.4899493253537708, "i0": 3.958098815422426, "i1": 0.6343494213383379, "i2": -6.521191231401132, "i3": 0.9549321423146169, "i4": 0.9349768560430118, "i5": -0.347135128337378, "i6": 0.011436904734051814, "i7": 1.5806672927644476, "r0": 1.5885157033561104, "r1": 0.08251435939199381, "r2": -9.006705555624013, "r3": 1.2090808171503553, "r4": 1.1044497218008136, "r5": 0.2466168658913972, "r6": 0.13269741759791823, "r7": 1.584297867827863}, "datetime": {"datetime": "2020-01-19 00:22:04", "elapsed": 30563.537763, "delta": 77.885465}}
{"target": 20.2, "params": {"d0": 3.226884644293493, "d1": -1.5895236359643612, "d2": 1.0452736081274858, "g0": 0.41280238637510586, "g1": 0.6150913148927007, "g2": -5.123010789453828, "g3": 1.1961119123689403, "g4": 1.0127292039189661, "g5": 0.06196803083223433, "g6": 0.35425662114526196, "g7": 1.760443119778766, "i0": 3.255348227495718, "i1": 0.591127644261432, "i2": -6.5007438402960025, "i3": 1.0473192671921554, "i4": 0.9919564767587523, "i5": -0.1529013835428129, "i6": -0.029588779267255158, "i7": 1.5395455539081542, "r0": 3.7441097041457123, "r1": 0.5227523864957615, "r2": -8.571323716872753, "r3": 1.0697701697721451, "r4": 1.035471971972414, "r5": 0.28920227811130217, "r6": 0.09786616455620734, "r7": 1.606739732334177}, "datetime": {"datetime": "2020-01-19 00:23:17", "elapsed": 30636.30995, "delta": 72.772187}}
{"target": 20.8, "params": {"d0": 3.9697783192952425, "d1": -1.1874617503666465, "d2": 1.0492619899642681, "g0": 0.6321059466225672, "g1": 0.31399606296209653, "g2": -5.093818567343684, "g3": 1.1673871058178729, "g4": 1.2122448284946659, "g5": 0.06401822527174078, "g6": 0.2964097631688631, "g7": 1.6512809831643915, "i0": 3.7352808939718822, "i1": 0.5590749036001761, "i2": -6.605804391654624, "i3": 0.9501100945725969, "i4": 1.1024712865356177, "i5": -0.4569753649164755, "i6": -0.042351520117000226, "i7": 1.7360749729352976, "r0": 2.0751255014662986, "r1": 0.26878770997526924, "r2": -8.897927240633239, "r3": 1.0923293560067955, "r4": 1.0270142055230045, "r5": 0.3432357616147556, "r6": 0.2136172659849667, "r7": 1.6336519598015522}, "datetime": {"datetime": "2020-01-19 00:24:27", "elapsed": 30706.335943, "delta": 70.025993}}
{"target": 21.25, "params": {"d0": 4.048971199323066, "d1": -1.4942102437675624, "d2": 0.9208024884513077, "g0": 0.6635328408690995, "g1": 0.39926431311162497, "g2": -4.820276287917446, "g3": 1.1011957410678004, "g4": 1.2334878893606263, "g5": 0.026279487262937194, "g6": 0.36367347955048607, "g7": 1.6947871559662628, "i0": 3.872194750627233, "i1": 0.6396339785218952, "i2": -6.537316551683882, "i3": 1.0009758605861867, "i4": 1.1541974134048385, "i5": -0.26893660239898465, "i6": 0.2621950848870583, "i7": 1.8004680191129119, "r0": 2.198875631245165, "r1": 0.32249215268474835, "r2": -8.753569853637948, "r3": 1.0526304590663433, "r4": 0.9544776873572167, "r5": 0.5146572242530884, "r6": 0.2772574448325267, "r7": 1.504418883965763}, "datetime": {"datetime": "2020-01-19 00:25:48", "elapsed": 30787.913637, "delta": 81.577694}}
{"target": 20.5, "params": {"d0": 3.2734928436296693, "d1": -1.6340277779907582, "d2": 1.0751111537450642, "g0": 0.4598210627652482, "g1": 0.48362868007751003, "g2": -5.242554583074579, "g3": 1.1705591543470169, "g4": 1.0802783718943818, "g5": 0.022643979389451733, "g6": 0.10132474548134947, "g7": 1.753970214026242, "i0": 3.1413907006135506, "i1": 0.4717873680839477, "i2": -6.643674060679514, "i3": 1.0504388102552997, "i4": 1.0659269152274045, "i5": -0.0819433474156569, "i6": 0.06713734330950102, "i7": 1.532866100180776, "r0": 3.8125724951935176, "r1": 0.6201596024883335, "r2": -8.677523226251395, "r3": 1.1626643155687664, "r4": 1.1810741847930568, "r5": 0.31242059549725204, "r6": -0.09802059495834606, "r7": 1.5715360540026628}, "datetime": {"datetime": "2020-01-19 00:26:57", "elapsed": 30856.101008, "delta": 68.187371}}
{"target": 21.25, "params": {"d0": 4.038065820644422, "d1": -1.5324756638361903, "d2": 0.9419367584412957, "g0": 0.4884692027176643, "g1": 0.4282751811160503, "g2": -4.844097692807146, "g3": 1.1027233669097922, "g4": 1.0424889728001037, "g5": 0.001999052243731097, "g6": 0.12293276172098729, "g7": 1.3975752939999873, "i0": 3.7037220183041084, "i1": 0.5557145589655003, "i2": -6.323008748477, "i3": 1.1058717638211544, "i4": 1.0523391618494953, "i5": -0.17571480938178408, "i6": 0.24176433862303542, "i7": 1.5621122749106366, "r0": 1.9673934620090519, "r1": 0.30049819244330606, "r2": -8.624732956531354, "r3": 1.1835451609171772, "r4": 1.0273402651426515, "r5": 0.47831023917527277, "r6": 0.2666446350980603, "r7": 1.4796181811841251}, "datetime": {"datetime": "2020-01-19 00:28:25", "elapsed": 30944.802428, "delta": 88.70142}}
{"target": 21.15, "params": {"d0": 4.155139408257083, "d1": -1.3760721874478208, "d2": 0.9673216930276528, "g0": 0.5856616715770038, "g1": 0.45547034186803204, "g2": -5.053860347667117, "g3": 1.1109192385766782, "g4": 1.192497329714724, "g5": 0.01643208566748895, "g6": 0.12010326881315415, "g7": 1.6303661226583654, "i0": 3.788901925582307, "i1": 0.5864931249615132, "i2": -6.409578771126694, "i3": 1.015784492050744, "i4": 1.070376298746195, "i5": -0.3219756312242257, "i6": 0.16304406311972205, "i7": 1.6795305584305964, "r0": 2.1497034129699086, "r1": 0.33206358545069903, "r2": -8.791978123850605, "r3": 1.0845539299845046, "r4": 0.964174217814128, "r5": 0.5273498134928862, "r6": 0.3141965278051209, "r7": 1.5201426158278306}, "datetime": {"datetime": "2020-01-19 00:29:35", "elapsed": 31014.338401, "delta": 69.535973}}
{"target": 20.7, "params": {"d0": 3.9265142370344823, "d1": -1.275945329756889, "d2": 0.9607791733877883, "g0": 0.6982320705721825, "g1": 0.36219673256781987, "g2": -5.143470754238729, "g3": 1.1854400290614786, "g4": 1.139303418780774, "g5": 0.001806278459633403, "g6": 0.2035150746609058, "g7": 1.4465049166908182, "i0": 3.806598800635884, "i1": 0.5773051818795917, "i2": -6.495835734002012, "i3": 1.100263319781611, "i4": 0.9491345052687858, "i5": -0.4245333042953038, "i6": 0.18171581147689242, "i7": 1.5776535754493903, "r0": 1.8155714706449433, "r1": 0.22024948436158232, "r2": -8.840439260646125, "r3": 1.1833951195560124, "r4": 1.0324518514883523, "r5": 0.3878043531861229, "r6": 0.24106712692883106, "r7": 1.4334935432419695}, "datetime": {"datetime": "2020-01-19 00:30:44", "elapsed": 31083.097199, "delta": 68.758798}}
{"target": 20.35, "params": {"d0": 3.9524348358335133, "d1": -1.4947178062167714, "d2": 0.8665187687302323, "g0": 0.635330386504749, "g1": 0.4561633661305633, "g2": -4.932737003914138, "g3": 1.1588757769276778, "g4": 1.1549091603354986, "g5": 0.013258566269028651, "g6": 0.1896827517357873, "g7": 1.5282040571432316, "i0": 3.652494459330751, "i1": 0.6077260256930331, "i2": -6.687624444183451, "i3": 1.0020053162691163, "i4": 1.1419568626741605, "i5": -0.23326871248034678, "i6": 0.21805606985044299, "i7": 1.7165973491361926, "r0": 2.2376994893115505, "r1": 0.2835584586221947, "r2": -8.862564867041705, "r3": 1.0882419068577163, "r4": 0.9659388133629654, "r5": 0.43028605966319505, "r6": 0.3321565063084758, "r7": 1.4680337199514564}, "datetime": {"datetime": "2020-01-19 00:31:57", "elapsed": 31156.225371, "delta": 73.128172}}
{"target": 21.05, "params": {"d0": 4.146213559420063, "d1": -1.713634004719853, "d2": 1.0017234114949447, "g0": 0.4963731131046989, "g1": 0.31564915617493633, "g2": -4.875268740505944, "g3": 1.1531846809812971, "g4": 1.090566433654335, "g5": -0.0976311841757492, "g6": 0.09209706026713513, "g7": 1.446595470764168, "i0": 3.849032048144197, "i1": 0.5757134310231165, "i2": -6.351120530068715, "i3": 1.0523379815615308, "i4": 1.0677237630029337, "i5": -0.10335006767705854, "i6": 0.2368136656127648, "i7": 1.533535596117724, "r0": 2.0133992666891083, "r1": 0.3939071753863533, "r2": -8.5768243449797, "r3": 1.1746953868173098, "r4": 1.0967817252733496, "r5": 0.4885337005001461, "r6": 0.1998345492735473, "r7": 1.6070254975558753}, "datetime": {"datetime": "2020-01-19 00:33:11", "elapsed": 31229.934092, "delta": 73.708721}}
{"target": 20.4, "params": {"d0": 4.0047428897761215, "d1": -1.3011327536347583, "d2": 0.9249487776726387, "g0": 0.6578969995778896, "g1": 0.32903235963450833, "g2": -4.95371963440465, "g3": 1.0578432198373895, "g4": 1.223995414206678, "g5": 0.13024531432915304, "g6": 0.27892864296379505, "g7": 1.7994249353084166, "i0": 3.8228320500469932, "i1": 0.6657149739428573, "i2": -6.453204944423511, "i3": 0.9580247399176279, "i4": 0.9984154061819139, "i5": -0.3734808892693949, "i6": 0.10535407732121876, "i7": 1.768756517656373, "r0": 2.0936818867914497, "r1": 0.29685033250758996, "r2": -8.734582014526714, "r3": 1.085678815461305, "r4": 0.9393532352982833, "r5": 0.47977698071242647, "r6": 0.15959624075779272, "r7": 1.5405704102728364}, "datetime": {"datetime": "2020-01-19 00:34:25", "elapsed": 31304.609335, "delta": 74.675243}}
{"target": 19.8, "params": {"d0": 4.007955031287, "d1": -1.442352630307251, "d2": 1.113498807597302, "g0": 0.6124519361175387, "g1": 0.512516433591295, "g2": -4.805577563746563, "g3": 1.1332975319254712, "g4": 1.2244180646679153, "g5": -0.07109288285509295, "g6": 0.3658926252396927, "g7": 1.728746719497281, "i0": 3.977198034502198, "i1": 0.7079238795200149, "i2": -6.487800949326424, "i3": 1.0613155754842973, "i4": 1.2474046821789797, "i5": -0.2327410285045837, "i6": 0.07112818251660487, "i7": 1.7359644646584604, "r0": 2.2636321267790556, "r1": 0.41096609531182116, "r2": -8.757837900443592, "r3": 0.9751773066643912, "r4": 1.044696366910582, "r5": 0.6302354246588091, "r6": 0.3247261908351159, "r7": 1.5090512630354058}, "datetime": {"datetime": "2020-01-19 00:35:40", "elapsed": 31379.766088, "delta": 75.156753}}
{"target": 20.45, "params": {"d0": 4.079772874039339, "d1": -1.6330256818885747, "d2": 0.969473009254888, "g0": 0.3931110651051326, "g1": 0.34362493364583946, "g2": -4.8573359827435025, "g3": 1.169762204477032, "g4": 1.1500538696212914, "g5": -0.057038836676574514, "g6": 0.27057969343913885, "g7": 1.5174598231232965, "i0": 3.7263248369720756, "i1": 0.5024485357541638, "i2": -6.350798752417186, "i3": 0.9702251220742698, "i4": 1.0611531345672536, "i5": -0.24192803434399412, "i6": 0.2037546638266518, "i7": 1.6980174560469878, "r0": 2.067781429445759, "r1": 0.2541220108605011, "r2": -8.656987530389765, "r3": 1.1126763251088192, "r4": 0.9513779087105124, "r5": 0.4211908090918418, "r6": 0.1659411869335776, "r7": 1.573103248529743}, "datetime": {"datetime": "2020-01-19 00:36:52", "elapsed": 31450.948399, "delta": 71.182311}}
{"target": 20.6, "params": {"d0": 3.3477122569009112, "d1": -9.038734622860002, "d2": 0.8404364014543056, "g0": 0.7964683055527366, "g1": 0.5520799938945268, "g2": -5.160361256913517, "g3": 1.5, "g4": 1.0981583812855187, "g5": -0.41508710646376523, "g6": 0.03747563747209373, "g7": 1.6175199045120752, "i0": 4.346079671702106, "i1": 0.669818860251392, "i2": -5.769025160987367, "i3": 1.0467454116701422, "i4": 1.1025703242255012, "i5": 0.02781029250642409, "i6": -0.3580501554859461, "i7": 1.7428717877605808, "r0": 1.776955086169729, "r1": 0.6271421862249553, "r2": -1.8665811823811316, "r3": 1.3216980507624794, "r4": 0.9596440888261822, "r5": -0.4064429189087784, "r6": 0.15733901888545304, "r7": 1.588030754662551}, "datetime": {"datetime": "2020-01-19 00:38:08", "elapsed": 31527.698025, "delta": 76.749626}}
{"target": 19.85, "params": {"d0": 3.4994730556191675, "d1": -9.321652540153666, "d2": 0.7854062036496539, "g0": 0.855238319663081, "g1": 0.41404925301459045, "g2": -5.3842056247387395, "g3": 1.352811129911147, "g4": 1.0673974703064795, "g5": -0.2704827806173432, "g6": 0.07946156502524258, "g7": 1.7002258017652987, "i0": 4.528401333124319, "i1": 0.7714433703970167, "i2": -5.513271052699353, "i3": 0.9673428309607878, "i4": 1.1530794977598995, "i5": 0.254706398563675, "i6": -0.28223693013540563, "i7": 1.6412049588966244, "r0": 2.006394962294273, "r1": 0.7720425399112797, "r2": -1.8028824112708823, "r3": 1.4595771011862466, "r4": 0.9804042122722011, "r5": -0.5742356841539529, "r6": -0.09297620175323786, "r7": 1.6182891110977915}, "datetime": {"datetime": "2020-01-19 00:39:17", "elapsed": 31596.90985, "delta": 69.211825}}
{"target": 20.9, "params": {"d0": 3.3873915135702455, "d1": -9.289070606821017, "d2": 0.8367206209990135, "g0": 0.8180075249051695, "g1": 0.5727010423130908, "g2": -5.347362555795998, "g3": 1.5, "g4": 1.01494460933863, "g5": -0.2969306116989428, "g6": -0.035981788495540304, "g7": 1.5996974366392658, "i0": 4.5590169717126425, "i1": 0.6919509723171852, "i2": -5.467737083107206, "i3": 0.9666855749547923, "i4": 1.1863095574477005, "i5": 0.15800337690186317, "i6": -0.2666252709053265, "i7": 1.6215942376810855, "r0": 1.7516789444318024, "r1": 0.8134229277136166, "r2": -1.8398595119735355, "r3": 1.3804401214910922, "r4": 0.9382685992330443, "r5": -0.6171541386915433, "r6": 0.12194948622031311, "r7": 1.5173998861163733}, "datetime": {"datetime": "2020-01-19 00:40:29", "elapsed": 31668.516726, "delta": 71.606876}}
{"target": 20.3, "params": {"d0": 3.686510106556712, "d1": -1.5071099742509813, "d2": 1.0214597817536426, "g0": 0.5783052455175616, "g1": 0.2834576920878597, "g2": -5.883427888594778, "g3": 1.1219775668867675, "g4": 1.1652383202807775, "g5": 0.02811087184840896, "g6": 0.05152973717909406, "g7": 1.4972519517771226, "i0": 3.7448737275473536, "i1": 0.6710395787279698, "i2": -6.511960674985173, "i3": 0.9409974774651961, "i4": 0.9442502712947959, "i5": -0.3179779554930902, "i6": 0.07892013494693254, "i7": 1.637610933545134, "r0": 1.56558615217136, "r1": 0.21744286252507697, "r2": -8.907539109495909, "r3": 1.2614194931892133, "r4": 1.1260378822507593, "r5": 0.2711372884981429, "r6": 0.07976345775080836, "r7": 1.608439892542503}, "datetime": {"datetime": "2020-01-19 00:41:43", "elapsed": 31742.411267, "delta": 73.894541}}
{"target": 20.5, "params": {"d0": 3.6969835529246304, "d1": -1.5034702042452757, "d2": 1.0523165290268577, "g0": 0.6339742414268298, "g1": 0.28799835581495303, "g2": -5.961316855966197, "g3": 1.2678785368082122, "g4": 1.0453387061610169, "g5": 0.03014101037079843, "g6": 0.28162107122187136, "g7": 1.367233167702684, "i0": 3.940144255006417, "i1": 0.47862712132106583, "i2": -6.53865065882496, "i3": 1.0090866880365417, "i4": 0.8534700652133347, "i5": -0.39925441673936257, "i6": 0.049157135651039525, "i7": 1.5136536325723537, "r0": 1.494348965016732, "r1": 0.07282309107851986, "r2": -8.882332136514588, "r3": 1.1801192654710024, "r4": 1.0724143423872146, "r5": 0.18271840558722183, "r6": 0.13343881165533908, "r7": 1.541900550560046}, "datetime": {"datetime": "2020-01-19 00:42:52", "elapsed": 31811.802907, "delta": 69.39164}}
{"target": 20.45, "params": {"d0": 3.467376264519405, "d1": -9.176749015098064, "d2": 0.8185599302508662, "g0": 0.8014675665608607, "g1": 0.613662727243375, "g2": -5.368221353719717, "g3": 1.5, "g4": 1.1452349887164441, "g5": -0.3025276667830188, "g6": -0.01273486917223406, "g7": 1.6269867216615654, "i0": 4.493186109438692, "i1": 0.7112592323069126, "i2": -5.5214810859900165, "i3": 1.0030899199669105, "i4": 1.168141133806959, "i5": 0.158299798445842, "i6": -0.3413818484453638, "i7": 1.7107668787712622, "r0": 1.964800723035164, "r1": 0.818454747471687, "r2": -1.9965187732539682, "r3": 1.4571596260544801, "r4": 0.9279106293859364, "r5": -0.5587547981284299, "r6": 0.017412677523862222, "r7": 1.519199058380115}, "datetime": {"datetime": "2020-01-19 00:44:05", "elapsed": 31884.828335, "delta": 73.025428}}
{"target": 20.4, "params": {"d0": 3.469321041654479, "d1": -9.164559968934167, "d2": 0.872523980506654, "g0": 0.8026013281589999, "g1": 0.5118059420496736, "g2": -5.327238308096999, "g3": 1.5, "g4": 1.0686159350630713, "g5": -0.3206473329477136, "g6": 0.09549558608459505, "g7": 1.612719500381733, "i0": 4.5029193016009526, "i1": 0.6901293785876109, "i2": -5.446065172360049, "i3": 0.941611401213382, "i4": 1.132153820007648, "i5": 0.09825336941792563, "i6": -0.19433570388212856, "i7": 1.6373496238182172, "r0": 1.9168683659655765, "r1": 0.6774684452797034, "r2": -1.6985240424612784, "r3": 1.3402141822097935, "r4": 0.9882822059939228, "r5": -0.5862220725719669, "r6": 0.10182647898401981, "r7": 1.5947265043633412}, "datetime": {"datetime": "2020-01-19 00:45:18", "elapsed": 31957.916701, "delta": 73.088366}}
{"target": 20.4, "params": {"d0": 3.7903479364061674, "d1": -1.4754120326018543, "d2": 1.1043726396540696, "g0": 0.4842089244201185, "g1": 0.3630969933071163, "g2": -5.891968345196968, "g3": 1.304612328946404, "g4": 1.053820416648477, "g5": -0.0148038164915352, "g6": 0.11838422589700398, "g7": 1.482351121793975, "i0": 3.9290182474845166, "i1": 0.6032105380527965, "i2": -6.4934895385265365, "i3": 1.0073035245534387, "i4": 0.9967534259763641, "i5": -0.29273802717647157, "i6": -0.027887788906944058, "i7": 1.6207671913589325, "r0": 1.5845846792197753, "r1": 0.0322088589381411, "r2": -8.88252617080566, "r3": 1.2306002254752038, "r4": 1.1396070595219412, "r5": 0.1961638515332969, "r6": 0.20880693960593244, "r7": 1.6676743177320135}, "datetime": {"datetime": "2020-01-19 00:46:25", "elapsed": 32024.699518, "delta": 66.782817}}
{"target": 20.8, "params": {"d0": 3.3162062443399933, "d1": -9.299803476977452, "d2": 0.8177226890531493, "g0": 0.8593916250960538, "g1": 0.4461651736478738, "g2": -5.33510986370755, "g3": 1.5, "g4": 1.0144038487264866, "g5": -0.31607787745915494, "g6": -0.028399613046882946, "g7": 1.7208879328821243, "i0": 4.464896450017591, "i1": 0.7778960021908206, "i2": -5.587476693465078, "i3": 1.0493722451176635, "i4": 1.1712832745581154, "i5": 0.2791014512858479, "i6": -0.3573435735399189, "i7": 1.6762826948987004, "r0": 1.8698473549310635, "r1": 0.7703483918678947, "r2": -1.7839517392523918, "r3": 1.3665653808941611, "r4": 0.9293553899212533, "r5": -0.4761870625446444, "r6": 0.10280961651910771, "r7": 1.5099494353382976}, "datetime": {"datetime": "2020-01-19 00:47:42", "elapsed": 32101.101485, "delta": 76.401967}}
{"target": 21.8, "params": {"d0": 3.5876363836092753, "d1": -1.4121023973960163, "d2": 0.8923613762666254, "g0": 0.5616608522999109, "g1": 0.5793542232798107, "g2": -4.718444233149763, "g3": 1.2228202796585876, "g4": 1.0316175754006887, "g5": 0.029017465140904683, "g6": 0.2209146961365324, "g7": 1.59725604979357, "i0": 3.565300730250066, "i1": 0.6043781096571128, "i2": -6.536578438799567, "i3": 1.042756846650514, "i4": 1.140756644929814, "i5": -0.09372475436523411, "i6": 0.012688152064551097, "i7": 1.5570065473317614, "r0": 3.3680955717447087, "r1": 0.5125619607435032, "r2": -8.636333453244728, "r3": 0.9691859765453419, "r4": 1.0311532809352146, "r5": 0.3758437294997162, "r6": -0.04866901367161308, "r7": 1.631933134588486}, "datetime": {"datetime": "2020-01-19 00:48:54", "elapsed": 32173.336722, "delta": 72.235237}}
{"target": 20.5, "params": {"d0": 3.5574195615194486, "d1": -1.3884574679422352, "d2": 0.8945035180558415, "g0": 0.4977522847727684, "g1": 0.60104168296107, "g2": -4.7636182055753915, "g3": 1.281779500336819, "g4": 1.0123276051819847, "g5": -0.02640923507941708, "g6": 0.30856568475277313, "g7": 1.5546332941431789, "i0": 3.5997030905334446, "i1": 0.6954055116090203, "i2": -6.562725720518238, "i3": 1.0584787421882182, "i4": 1.0710996916761237, "i5": 0.0027175212691825323, "i6": 0.112090527156797, "i7": 1.470673697449678, "r0": 3.281097959624848, "r1": 0.46401401204341963, "r2": -8.57145510628893, "r3": 0.997438652545326, "r4": 1.123956941255571, "r5": 0.40789934445441794, "r6": -0.011355716035552422, "r7": 1.5821588625078071}, "datetime": {"datetime": "2020-01-19 00:50:03", "elapsed": 32242.469126, "delta": 69.132404}}
