{"target": 20.3, "params": {"d0": 1.8986784965102397, "d1": -4.053650025939971, "d2": 0.9886601537682882, "g0": 1.1825922876824506, "g1": 0.7206623482408153, "g2": -3.9476827665806478, "g3": 1.2479095814663415, "g4": 1.1467037709378354, "g5": -0.17103935942706378, "g6": 0.3189279847461403, "g7": 1.062666944602935, "i0": 4.509794963784735, "i1": 0.3238492949509346, "i2": -6.969543701123199, "i3": 1.2886243179682781, "i4": 0.9853911717055843, "i5": 0.20607998119892587, "i6": 0.5264219066153335, "i7": 1.3518614973798748, "r0": 3.7443910764549524, "r1": 0.8016632705574389, "r2": -5.263213262138742, "r3": 0.9288332179127189, "r4": 0.9636415400069653, "r5": 0.5634619123225652, "r6": 0.41721525319053065, "r7": 1.3665352091809049}, "datetime": {"datetime": "2020-01-19 08:08:52", "elapsed": 58571.769914, "delta": 59.624027}}
{"target": 19.2, "params": {"d0": 2.2136543748789204, "d1": -1.8208669425204769, "d2": 1.1204545226714204, "g0": 1.167819508731453, "g1": 0.6282626637584803, "g2": -4.840069364549715, "g3": 1.1849532135552578, "g4": 1.0558285754537617, "g5": -0.2758802158794346, "g6": 0.5341025459101761, "g7": 1.3876459553168174, "i0": 1.6713212994248938, "i1": 0.8725229227313858, "i2": -3.551859406372567, "i3": 1.2994454992952997, "i4": 1.0629574500771781, "i5": 0.42781581820777126, "i6": 0.029633856083462484, "i7": 1.1997470263578482, "r0": 3.8548983578471625, "r1": 0.8724672026642866, "r2": -5.7270739034098, "r3": 0.9927649090113955, "r4": 1.0129182384634232, "r5": 0.310319109361979, "r6": 0.5304688778434204, "r7": 1.5439808851180392}, "datetime": {"datetime": "2020-01-19 08:09:50", "elapsed": 58629.115395, "delta": 57.345481}}
{"target": 20.9, "params": {"d0": 3.776789995339707, "d1": -2.34347626533654, "d2": 1.294423095350942, "g0": 0.7636043458136521, "g1": 0.7476825312484229, "g2": -5.0794593208909316, "g3": 0.9493523801160973, "g4": 1.0966804308097244, "g5": -0.11826868463697926, "g6": 0.2666203292405127, "g7": 1.2546369729411428, "i0": 4.496323917254487, "i1": 0.22436879005929888, "i2": -6.212280682685867, "i3": 1.1073268840345019, "i4": 1.1648994430134922, "i5": -0.398581968790198, "i6": 0.2003968662367852, "i7": 1.0014105135604916, "r0": 2.684335680400945, "r1": 0.3676642846590301, "r2": -8.133585547818829, "r3": 1.4758403535477367, "r4": 0.8930645427007897, "r5": 0.7571702049497981, "r6": 0.5398361298936676, "r7": 1.8999390115135535}, "datetime": {"datetime": "2020-01-19 08:10:40", "elapsed": 58679.113181, "delta": 49.997786}}
{"target": 21.55, "params": {"d0": 4.112960562211651, "d1": -1.4570147774163291, "d2": 0.9685686405555114, "g0": 0.6690826799431421, "g1": 0.32013334397191173, "g2": -4.957720403726516, "g3": 1.1200749876899048, "g4": 1.1926751227155448, "g5": 0.04310247015535739, "g6": 0.2132200002342652, "g7": 1.749097631395059, "i0": 3.8270348177105236, "i1": 0.5276399969946375, "i2": -6.631265073220795, "i3": 1.0979934471596884, "i4": 1.1114667730236658, "i5": -0.3361295185095676, "i6": 0.12396565862731718, "i7": 1.768360194074032, "r0": 2.2358718028692572, "r1": 0.385769568763025, "r2": -8.735814732066807, "r3": 1.058334500532593, "r4": 0.9934189526533175, "r5": 0.3653647456392772, "r6": 0.30310306650957336, "r7": 1.5611640666877415}, "datetime": {"datetime": "2020-01-19 08:11:30", "elapsed": 58729.392868, "delta": 50.279687}}
{"target": 20.35, "params": {"d0": 2.167274203894521, "d1": -1.6972105370307444, "d2": 0.938299527114956, "g0": 0.6674745393975638, "g1": 0.22616211508118816, "g2": -8.060472089286856, "g3": 1.2936406470321486, "g4": 1.2114233924829312, "g5": 0.05557196629066854, "g6": 0.12694177778213359, "g7": 1.9998942423937176, "i0": 2.848369153891581, "i1": 0.4484112774758714, "i2": -9.199358047186658, "i3": 0.8308711937073172, "i4": 0.995810907238665, "i5": -0.4744786107706763, "i6": 0.14997350825450306, "i7": 1.4415732926020806, "r0": 4.509057902310763, "r1": 0.3590772457595235, "r2": -8.854882513456383, "r3": 1.2961006259476981, "r4": 1.1912385172837345, "r5": -0.5760040715477679, "r6": 0.40614753580572854, "r7": 1.0340159783017253}, "datetime": {"datetime": "2020-01-19 08:12:31", "elapsed": 58790.339323, "delta": 60.946455}}
{"target": 21.0, "params": {"d0": 3.5918946106904786, "d1": -1.554276724335321, "d2": 1.008424030760186, "g0": 0.480618445604254, "g1": 0.5906761951148513, "g2": -4.66734783410283, "g3": 1.2080907053295777, "g4": 0.9464257303307525, "g5": -0.06548288733146862, "g6": 0.27063021224286044, "g7": 1.4708737913562808, "i0": 3.8681990329020195, "i1": 0.6330083358854854, "i2": -6.619747422883867, "i3": 1.0869060603456382, "i4": 0.9819286945967722, "i5": 0.04999744164774911, "i6": 0.24994086759204823, "i7": 1.4747960897672692, "r0": 3.0967737691974855, "r1": 0.4961363641395673, "r2": -8.678712103723543, "r3": 1.1401063514833918, "r4": 1.1386580058262148, "r5": 0.36854102711260744, "r6": 0.30241940415482643, "r7": 1.491194044989722}, "datetime": {"datetime": "2020-01-19 08:13:31", "elapsed": 58849.937106, "delta": 59.597783}}
{"target": 17.3, "params": {"d0": 3.5577496941299227, "d1": -1.2453713087740468, "d2": 1.3402397603951122, "g0": 1.0082620607646642, "g1": 0.6396141410803304, "g2": -4.719896034725903, "g3": 0.7532697239792278, "g4": 1.0927148301213316, "g5": -0.17233421030818774, "g6": 0.5115822411661286, "g7": 1.0997557460149667, "i0": 4.8065338544092455, "i1": 0.6867780362032403, "i2": -6.889346538440781, "i3": 1.199481842604342, "i4": 1.0517543151525022, "i5": -0.42864834114421735, "i6": 0.49755274571767527, "i7": 1.1730418132842413, "r0": 2.7681422207372175, "r1": 0.2580137218323132, "r2": -9.115460901901894, "r3": 1.1451735615529797, "r4": 1.2620504237725991, "r5": 0.7262132831481327, "r6": 0.6561925355568592, "r7": 1.5072782711532153}, "datetime": {"datetime": "2020-01-19 08:14:33", "elapsed": 58911.998715, "delta": 62.061609}}
{"target": 21.3, "params": {"d0": 3.1244171426496057, "d1": -1.6082696361074036, "d2": 1.0474887663502277, "g0": 0.6307379020220012, "g1": 0.560553163869694, "g2": -4.868357733039445, "g3": 1.2009277581362727, "g4": 1.0623230051817487, "g5": 0.06093320939839941, "g6": 0.22816271129849783, "g7": 1.7674053524211772, "i0": 3.2811699407899892, "i1": 0.5601704959912984, "i2": -6.420859217252111, "i3": 1.0105742487064886, "i4": 1.0588762439780188, "i5": -0.18549496988775366, "i6": -0.008950472058507086, "i7": 1.553618665250766, "r0": 3.9244880605737786, "r1": 0.5434500959830137, "r2": -8.333346455170757, "r3": 0.9402704923772631, "r4": 1.1466155032791656, "r5": 0.46018669574549426, "r6": -0.02254873452192253, "r7": 1.5479476915754442}, "datetime": {"datetime": "2020-01-19 08:15:35", "elapsed": 58974.723597, "delta": 62.724882}}
{"target": 20.5, "params": {"d0": 4.139017947163634, "d1": -1.6423376257270235, "d2": 0.9615065631742494, "g0": 0.6475628218807961, "g1": 0.052144711441206804, "g2": -4.721394862177238, "g3": 1.0611855989976937, "g4": 0.9657164276681903, "g5": -0.014466391252819455, "g6": 0.513559583030808, "g7": 1.3163620151379063, "i0": 4.0511323283699054, "i1": 0.30636772900863896, "i2": -6.751410566771757, "i3": 0.8712294459750001, "i4": 0.8427978796592794, "i5": -0.4497024409197863, "i6": 0.05610804319077456, "i7": 1.0261214207408629, "r0": 2.922776504446726, "r1": 0.9276079890675409, "r2": -7.928781103195357, "r3": 0.7997523060224654, "r4": 0.8744009502293024, "r5": 0.05776472790854437, "r6": -0.20825914327199868, "r7": 1.4401918968576286}, "datetime": {"datetime": "2020-01-19 08:16:32", "elapsed": 59031.930898, "delta": 57.207301}}
{"target": 21.05, "params": {"d0": 4.4230860752859815, "d1": -2.0793912732804403, "d2": 1.360108483962384, "g0": 0.5028988240650233, "g1": 0.23025773075835548, "g2": -4.8435711483643455, "g3": 0.9804691224884545, "g4": 1.167121869378568, "g5": 0.04031292806484847, "g6": 0.5717583703794628, "g7": 1.6434700814842738, "i0": 4.330772986957777, "i1": 0.22573192768946143, "i2": -5.711968575375993, "i3": 1.3186400596205217, "i4": 1.202548455967963, "i5": 0.026889256006988795, "i6": 0.13050885194238238, "i7": 1.5792460877818855, "r0": 2.6169476362757194, "r1": 0.27812960616550275, "r2": -8.187754500744182, "r3": 1.3099745613113456, "r4": 1.0441576187164527, "r5": 0.5102291824867886, "r6": 0.13775408739363296, "r7": 1.4973851317538056}, "datetime": {"datetime": "2020-01-19 08:17:34", "elapsed": 59093.844418, "delta": 61.91352}}
{"target": 20.25, "params": {"d0": 4.275876068563306, "d1": -2.005588817810536, "d2": 0.9783788010550152, "g0": 0.5321414414257364, "g1": 0.08280740696599886, "g2": -4.9206434522150975, "g3": 1.2451410315548486, "g4": 1.2375166864509621, "g5": 0.011788751432453282, "g6": 0.7604358346088886, "g7": 1.0368269905098588, "i0": 3.238851571214201, "i1": 0.5189361118982332, "i2": -6.1252155956260745, "i3": 1.1240741830315006, "i4": 1.0219754024906047, "i5": -0.28831670652493746, "i6": 0.22326703340188392, "i7": 1.3017618832854974, "r0": 2.55035910263615, "r1": 0.11158117156335923, "r2": -7.728426047917159, "r3": 0.7861406947753168, "r4": 1.1720220746021093, "r5": 0.5633694118053958, "r6": 0.18479176319917145, "r7": 1.3861643438344178}, "datetime": {"datetime": "2020-01-19 08:18:22", "elapsed": 59141.925827, "delta": 48.081409}}
{"target": 20.3, "params": {"d0": 2.4319703647970496, "d1": -5.155345179853632, "d2": 1.3089161995084349, "g0": 0.1660160203125101, "g1": 0.47394397116860676, "g2": -2.9842152449667476, "g3": 1.1147886318275608, "g4": 1.0221852972410486, "g5": -0.675075402620955, "g6": -0.005226871433669789, "g7": 1.6547793772132893, "i0": 3.1271947709352315, "i1": 0.4724022891615973, "i2": -4.322161750203644, "i3": 0.9187202525270824, "i4": 1.2338037895174, "i5": 0.24024427409603266, "i6": 0.13105711940498962, "i7": 1.5481334662248591, "r0": 3.05104960074329, "r1": 0.32798864012176165, "r2": -0.26193403622003547, "r3": 1.0027742342951873, "r4": 0.9169522287415864, "r5": 0.48399929810180586, "r6": 0.4226382760807597, "r7": 1.698965189775801}, "datetime": {"datetime": "2020-01-19 08:19:19", "elapsed": 59198.636005, "delta": 56.710178}}
{"target": 19.7, "params": {"d0": 4.399378053974119, "d1": -2.1687933068647283, "d2": 1.3902090076440683, "g0": 0.12845129447891457, "g1": 0.2305031137099537, "g2": -5.538411440459567, "g3": 1.1298445935071595, "g4": 1.1113115117531966, "g5": 0.2845261623103039, "g6": 0.7927447121739715, "g7": 1.8543350340137181, "i0": 3.193385272920505, "i1": 0.5638455486624987, "i2": -6.063032969353406, "i3": 1.0589396111891065, "i4": 1.1128305144593562, "i5": -0.27070707684888284, "i6": 0.47540935817360697, "i7": 1.8874982037692527, "r0": 2.237614669370695, "r1": 0.3103087784563273, "r2": -8.749280741453047, "r3": 1.2558075155591943, "r4": 0.8407375397764739, "r5": 0.1767616252263602, "r6": 0.754299323011395, "r7": 1.9262175837373388}, "datetime": {"datetime": "2020-01-19 08:20:11", "elapsed": 59250.70192, "delta": 52.065915}}
{"target": 10.4, "params": {"d0": 0.18447840691213968, "d1": -0.9146751630816912, "d2": 1.3860750096613752, "g0": 0.48681315050613183, "g1": 0.47245183949729563, "g2": -4.440578776827186, "g3": 0.7370366950364255, "g4": 1.1004489478321735, "g5": -0.18606892982318135, "g6": -0.4385114995389079, "g7": 1.8919809213828112, "i0": 2.2231406312966495, "i1": 0.036803623928381546, "i2": -3.164890603303978, "i3": 1.29017922059116, "i4": 0.8912020554572847, "i5": 0.28444585757874163, "i6": 0.8351192245664674, "i7": 1.4569380417642726, "r0": 2.0164190116666707, "r1": 0.9640417419648611, "r2": -2.623320491878184, "r3": 0.8549419611068831, "r4": 0.8564666225635542, "r5": 0.32121989955445285, "r6": 0.03078087865968704, "r7": 1.3214353071191454}, "datetime": {"datetime": "2020-01-19 08:20:58", "elapsed": 59297.835613, "delta": 47.133693}}
{"target": 20.15, "params": {"d0": 3.0422747437796627, "d1": -8.4284021925059, "d2": 1.0646482500733492, "g0": 0.5014927702468048, "g1": 0.322647779981117, "g2": -8.673752716556962, "g3": 1.3594326276321962, "g4": 0.98321082641471, "g5": -0.4970749675730973, "g6": 0.6772333328542394, "g7": 1.4639644833050975, "i0": 2.9505780325920057, "i1": 0.7165618010994893, "i2": -7.71692833953072, "i3": 1.016365400872127, "i4": 0.9319435870095213, "i5": -0.3440479563247551, "i6": 0.6357638602793446, "i7": 1.5195600283433803, "r0": 2.0410112563681366, "r1": 0.6143859447299922, "r2": -1.8233585405515782, "r3": 1.1216524541480395, "r4": 1.1322772876047675, "r5": -0.04346922602818615, "r6": 0.5192947902654121, "r7": 1.4643113774496959}, "datetime": {"datetime": "2020-01-19 08:21:54", "elapsed": 59353.420362, "delta": 55.584749}}
{"target": 20.0, "params": {"d0": 3.3454360498494315, "d1": -1.834961280521254, "d2": 0.9062724655998404, "g0": 0.9424968223224472, "g1": 0.8568014785554827, "g2": -6.416699327399236, "g3": 1.2894888783365142, "g4": 1.1062893123751565, "g5": -0.16534797940251966, "g6": 0.5265502817784187, "g7": 1.8223269120323458, "i0": 3.248235102947572, "i1": 0.16674347313073923, "i2": -6.319783779326195, "i3": 1.402425546720022, "i4": 1.048454609583962, "i5": -0.42850431360099733, "i6": -0.43783074249258763, "i7": 1.3546230532451156, "r0": 1.929693750277084, "r1": 0.39441715380429, "r2": -8.469921303347611, "r3": 1.053973918223413, "r4": 1.1308124976896161, "r5": 0.2698836658824928, "r6": 0.5293907404477451, "r7": 1.9732448856904394}, "datetime": {"datetime": "2020-01-19 08:22:50", "elapsed": 59409.621503, "delta": 56.201141}}
{"target": 19.35, "params": {"d0": 1.5740139064168168, "d1": -6.413840492831186, "d2": 1.4166642151759834, "g0": 0.272169618654579, "g1": 0.2114195405780152, "g2": -3.6173002029279298, "g3": 0.7, "g4": 1.197150905271806, "g5": -0.8, "g6": 0.44828753021233353, "g7": 1.9294827444738516, "i0": 0.11929428652982708, "i1": 0.8636223560753694, "i2": -2.0689522680678007, "i3": 1.302465588887811, "i4": 0.9194205731503156, "i5": 0.14160260275044884, "i6": -0.5, "i7": 1.7028641474716841, "r0": 2.930341041075611, "r1": 0.22003818014474366, "r2": -2.078523513813191, "r3": 1.07961936496641, "r4": 1.1708672242758584, "r5": -0.2717469699228773, "r6": -0.5, "r7": 1.569489806418573}, "datetime": {"datetime": "2020-01-19 08:23:44", "elapsed": 59463.38508, "delta": 53.763577}}
{"target": 20.4, "params": {"d0": 2.355624446578086, "d1": -5.19086445020711, "d2": 1.3056027553256215, "g0": 0.2446743230448884, "g1": 0.4707908683421952, "g2": -2.8763302666233916, "g3": 1.0900641480032933, "g4": 1.0034582653417887, "g5": -0.42779086203730116, "g6": -0.00614992194215482, "g7": 1.7067789853469955, "i0": 3.1227445271688006, "i1": 0.478562060506533, "i2": -4.330186639936815, "i3": 0.9087228713399503, "i4": 1.227083782378919, "i5": 0.22495260242387513, "i6": 0.04793944125390815, "i7": 1.5216875634164364, "r0": 2.9484496766040094, "r1": 0.2622476268474521, "r2": -0.4353400749662008, "r3": 1.005328461380057, "r4": 0.8987083901554452, "r5": 0.49185705795105206, "r6": 0.40787095800099366, "r7": 1.7329635399264955}, "datetime": {"datetime": "2020-01-19 08:24:44", "elapsed": 59523.378138, "delta": 59.993058}}
{"target": 20.15, "params": {"d0": 3.340611021092436, "d1": -1.4174553035659145, "d2": 0.9747715610758818, "g0": 0.5572201669475995, "g1": 0.5929898244309609, "g2": -4.622951382844811, "g3": 1.1787457405173989, "g4": 1.08196799173636, "g5": 0.11562930367155812, "g6": 0.26100416236302443, "g7": 1.5857498695989112, "i0": 3.9921359237969036, "i1": 0.6959957376183382, "i2": -6.7844506071101485, "i3": 1.0801537884849681, "i4": 0.9315113071288464, "i5": -0.1380501762280698, "i6": 0.15927360557274658, "i7": 1.4668110842227033, "r0": 2.9670009970158717, "r1": 0.3676297131207829, "r2": -8.761794691422692, "r3": 0.9943115849117575, "r4": 1.136448958525839, "r5": 0.5984548967712335, "r6": 0.2863330524472261, "r7": 1.4483659598821264}, "datetime": {"datetime": "2020-01-19 08:25:39", "elapsed": 59578.68041, "delta": 55.302272}}
{"target": 20.25, "params": {"d0": 4.819672218556583, "d1": -2.5424545347481113, "d2": 1.1044634543989507, "g0": 0.9205344745585261, "g1": 0.21399836256220414, "g2": -8.305944245936804, "g3": 1.4090629006881616, "g4": 1.1313489592901662, "g5": -0.0020717001236582443, "g6": 0.5032591773196472, "g7": 1.3386851504203636, "i0": 4.544126180675903, "i1": 0.6726627125463429, "i2": -4.948475378985251, "i3": 1.1512882160855207, "i4": 1.1461363106474312, "i5": -0.22548479005322247, "i6": 0.016586252740673598, "i7": 1.129182648814171, "r0": 3.799588893983462, "r1": 0.8070045439176576, "r2": -4.818976976054446, "r3": 1.1955095073690398, "r4": 1.0619465767528056, "r5": 0.10102030116753755, "r6": 0.5652725579815704, "r7": 1.726600336483145}, "datetime": {"datetime": "2020-01-19 08:26:37", "elapsed": 59636.270694, "delta": 57.590284}}
{"target": 6.25, "params": {"d0": 3.6771681187743512, "d1": -6.268352449631426, "d2": 1.361286832267318, "g0": 1.3185797277129707, "g1": 0.30824178243064493, "g2": -6.348465617028802, "g3": 0.8375439592098527, "g4": 0.8492298325251036, "g5": -0.3051413027067515, "g6": 0.11355752042143563, "g7": 1.9343265252044937, "i0": 0.9732662068198328, "i1": 0.091334320603905, "i2": -1.5981639924285638, "i3": 0.9190588256420201, "i4": 0.8817246241802261, "i5": -0.042850048603999547, "i6": -0.03780217709576794, "i7": 1.0568615541167112, "r0": 3.6192988251315588, "r1": 0.40615783805142014, "r2": -2.9639078625915003, "r3": 1.2610665803073675, "r4": 0.9031074571777211, "r5": 0.6633179136870269, "r6": 0.5800009146121605, "r7": 1.4445758647281242}, "datetime": {"datetime": "2020-01-19 08:27:32", "elapsed": 59691.59647, "delta": 55.325776}}
{"target": 20.45, "params": {"d0": 2.5230287607945914, "d1": -5.801385944769651, "d2": 1.110145574974486, "g0": 0.03719072241179174, "g1": 0.40226959610815066, "g2": -4.619242074176939, "g3": 1.4774740421276533, "g4": 0.9813846862617673, "g5": -0.4746925897738626, "g6": 0.6107790432203413, "g7": 1.7783146272136596, "i0": 2.2957818355450565, "i1": 0.6627738146175028, "i2": -3.960836811590465, "i3": 1.259468682537298, "i4": 1.0851479338130823, "i5": 0.09490410586015335, "i6": -0.13485646686726843, "i7": 1.386239311409853, "r0": 2.7003409073910065, "r1": 0.4794647799452683, "r2": -2.0508435925455286, "r3": 1.239677479043248, "r4": 0.9206223322156091, "r5": 0.37034079708359446, "r6": 0.34378841355300166, "r7": 1.3863893303436254}, "datetime": {"datetime": "2020-01-19 08:28:27", "elapsed": 59746.128929, "delta": 54.532459}}
{"target": 19.85, "params": {"d0": 3.4006691798461093, "d1": -9.358120239343016, "d2": 0.9005976500560801, "g0": 0.3498646584691592, "g1": 0.23939634928987275, "g2": -4.597490361756513, "g3": 1.1013263534796889, "g4": 1.1797253421754221, "g5": -0.4120947543091868, "g6": 0.1275575312500891, "g7": 1.7093688722673601, "i0": 3.1617929412873735, "i1": 0.4813317996661914, "i2": -6.634757717134727, "i3": 1.1866463958527285, "i4": 1.0253787168041972, "i5": -0.01046168904570459, "i6": -0.3237287537680369, "i7": 1.5314210593975837, "r0": 2.817920821858045, "r1": 0.34553801384792165, "r2": -3.803501510049931, "r3": 0.8967047161211055, "r4": 1.1107213506200366, "r5": 0.15950488156474013, "r6": 0.5386245214445601, "r7": 1.8722765759796174}, "datetime": {"datetime": "2020-01-19 08:29:27", "elapsed": 59806.663362, "delta": 60.534433}}
{"target": 21.0, "params": {"d0": 3.6364165919740525, "d1": -1.6421251428121413, "d2": 0.9148902250843712, "g0": 0.6350408996810398, "g1": 0.5370285364578773, "g2": -4.534777241513713, "g3": 1.1371730002628109, "g4": 1.225833296574276, "g5": 0.1031378586306575, "g6": 0.19012578157247328, "g7": 1.3989657517307121, "i0": 3.991919852654536, "i1": 0.7173814124157504, "i2": -6.672352969427129, "i3": 0.7920618831114326, "i4": 1.214059933758958, "i5": -0.03653298918258056, "i6": 0.06664354309996169, "i7": 1.4939775669000395, "r0": 2.5111708795813317, "r1": 0.37571541878706316, "r2": -8.848891542104246, "r3": 1.1118771238741538, "r4": 1.0100312314600273, "r5": 0.4627426789946559, "r6": 0.2604841269194434, "r7": 1.726692348147155}, "datetime": {"datetime": "2020-01-19 08:30:27", "elapsed": 59866.130194, "delta": 59.466832}}
{"target": 20.45, "params": {"d0": 4.522026828572749, "d1": -8.193245872741747, "d2": 1.1795316423020121, "g0": 0.8410243577120723, "g1": 0.6277459808240987, "g2": -2.5634650965402686, "g3": 1.2492643095867562, "g4": 1.015313051426509, "g5": -0.051880632601515174, "g6": 0.35013521304601913, "g7": 1.307323599642299, "i0": 0.7232551501258755, "i1": 0.6895798387789137, "i2": -4.772261925398566, "i3": 0.8611473412102201, "i4": 0.9757642879845556, "i5": 0.19490733571783486, "i6": -0.3131434328916587, "i7": 1.5278618671520745, "r0": 3.7735136783619248, "r1": 0.8340737058131982, "r2": -4.535634465190806, "r3": 0.9059879741879591, "r4": 1.186674686325475, "r5": 0.13406333555462133, "r6": 0.4227943720343605, "r7": 1.8431594026752247}, "datetime": {"datetime": "2020-01-19 08:31:28", "elapsed": 59927.317423, "delta": 61.187229}}
{"target": 19.9, "params": {"d0": 3.440717341945799, "d1": -7.255495226888937, "d2": 0.9052396637857134, "g0": 1.3042117287106996, "g1": 0.5687082661556546, "g2": -3.1571783950376546, "g3": 1.2029615247040748, "g4": 1.185829568355765, "g5": -0.6419750069967008, "g6": 0.6687816762479445, "g7": 1.4081183803047506, "i0": 2.9124759959003566, "i1": 0.7329463632544653, "i2": -7.49040472279164, "i3": 1.1461298911843456, "i4": 0.9116377910175887, "i5": -0.33828943171336306, "i6": -0.16202462927612882, "i7": 1.9092202964791702, "r0": 0.27906922085248737, "r1": 0.41487685912465977, "r2": -1.3381339132364447, "r3": 0.9710990655661577, "r4": 1.001452786951351, "r5": 0.47893717293537647, "r6": 0.7259241875243304, "r7": 1.7832094890842032}, "datetime": {"datetime": "2020-01-19 08:32:25", "elapsed": 59984.468798, "delta": 57.151375}}
