{"target": 7.95, "params": {"d0": 0.6866754429117417, "d1": -3.2148624453790218, "d2": 0.8544404689303631, "g0": 1.6064605730696113, "g1": 0.7811828586218597, "g2": -4.976711390426125, "g3": 0.7842810156577953, "g4": 0.9950402704892518, "g5": 0.24729657990985343, "g6": 0.7985497867625817, "g7": 1.5463656764790605, "i0": 3.9971483951155196, "i1": 0.0911124465306028, "i2": -8.552713363021459, "i3": 1.343002042920957, "i4": 0.8748465506291822, "i5": 0.13382670952522258, "i6": -0.09974912607953063, "i7": 1.7749425304614839, "r0": 3.743762952666377, "r1": 0.11241934629579209, "r2": -4.537693597582328, "r3": 1.355108979005324, "r4": 0.8522161410925337, "r5": -0.3129096375978039, "r6": 0.5075235031476621, "r7": 1.0790760528945507}, "datetime": {"datetime": "2020-01-18 09:46:38", "elapsed": 46785.198431, "delta": 36.651074}}
{"target": 19.65, "params": {"d0": 2.6422621343677335, "d1": -9.108517934655003, "d2": 0.9638574445620949, "g0": 1.5661825158207914, "g1": 0.8482232563291465, "g2": -8.94835846865093, "g3": 1.2235079938970732, "g4": 1.288061282971047, "g5": 0.33114094396380356, "g6": 0.5994337447491822, "g7": 1.7615576841699152, "i0": 4.652467326212447, "i1": 0.9073871132394686, "i2": -1.2307357418601743, "i3": 1.3330192991929901, "i4": 0.9311626127687873, "i5": -0.7892433705369415, "i6": 0.011791205699415497, "i7": 1.5096508464238658, "r0": 2.88621701328676, "r1": 0.14549933359767253, "r2": -1.7559313994635843, "r3": 0.9988170538133461, "r4": 1.240590158286118, "r5": -0.524798580750073, "r6": -0.2777169885697012, "r7": 1.5746534478345886}, "datetime": {"datetime": "2020-01-18 09:47:09", "elapsed": 46815.750239, "delta": 30.551808}}
{"target": 13.1, "params": {"d0": 4.529631555048958, "d1": -7.500842157188745, "d2": 1.4602168836347067, "g0": 4.283333306228904, "g1": 0.6259875585455411, "g2": -0.3048564471758315, "g3": 0.8625509825501467, "g4": 0.959549402698421, "g5": 0.2730015395416878, "g6": 0.04185002920919467, "g7": 1.3158279589629378, "i0": 2.071207748830186, "i1": 0.41620374770542745, "i2": -2.6775149938093623, "i3": 0.7058379139530163, "i4": 0.8185973702240688, "i5": 0.08805997643253805, "i6": 0.5098673534256275, "i7": 1.5449797876228093, "r0": 0.8929716365061907, "r1": 0.41986359872601875, "r2": -1.9332922340279435, "r3": 0.7732196052911016, "r4": 0.8391551709510587, "r5": 0.017272305462952886, "r6": -0.07721921995018183, "r7": 1.9748916040832327}, "datetime": {"datetime": "2020-01-18 10:01:37", "elapsed": 47684.254345, "delta": 26.074873}}
{"target": 19.75, "params": {"d0": 4.808501415831082, "d1": -2.74397410757037, "d2": 1.1343907414121526, "g0": 0.767910370713657, "g1": 0.1843734588871837, "g2": -8.515536666937901, "g3": 1.4559591102713707, "g4": 1.1469430712345907, "g5": -0.14043670673093023, "g6": 0.4739011640725772, "g7": 1.4136013372703404, "i0": 4.828734135615267, "i1": 0.610522173002822, "i2": -4.931178450282031, "i3": 1.166011227233136, "i4": 1.1004404355089978, "i5": -0.24177772369025874, "i6": -0.034236445424497, "i7": 0.9096147111066027, "r0": 4.044010922029622, "r1": 0.884186557729837, "r2": -4.787006951928266, "r3": 1.16624599179499, "r4": 1.025323349781636, "r5": 0.12888422916362552, "r6": 0.589777074378055, "r7": 1.6975970196132253}, "datetime": {"datetime": "2020-01-18 10:02:08", "elapsed": 47715.116829, "delta": 30.862484}}
{"target": 20.4, "params": {"d0": 1.4501713457738352, "d1": -1.795342161508378, "d2": 1.1937577085578936, "g0": 0.9731557562949911, "g1": 0.46807764677168606, "g2": -4.911308648141249, "g3": 1.0742499899094637, "g4": 1.0967352433316744, "g5": 0.31352626360313707, "g6": 0.46238000009121216, "g7": 1.042547413117864, "i0": 2.850906077381998, "i1": 0.9190957659079707, "i2": -8.332818133152568, "i3": 0.7495499849497491, "i4": 0.8290450353051668, "i5": 0.2934898579111995, "i6": 0.102353384642769, "i7": 1.099924117342482, "r0": 0.45749469389533837, "r1": 0.39644366440093504, "r2": -9.089710499055142, "r3": 1.3999844064962934, "r4": 1.1618523691180076, "r5": 0.5472276436623975, "r6": 0.24506039070637442, "r7": 1.1585773444772622}, "datetime": {"datetime": "2020-01-18 10:23:54", "elapsed": 49020.523904, "delta": 39.761397}}
{"target": 20.05, "params": {"d0": 2.3150074651292925, "d1": -2.629331613167115, "d2": 0.7153506047857465, "g0": 0.011450358493469426, "g1": 0.5100498674952267, "g2": -6.982159644899512, "g3": 1.082169131514225, "g4": 0.9384795139122035, "g5": -0.0634331371833945, "g6": 0.047608924675213826, "g7": 0.9837117671725585, "i0": 3.009390239982164, "i1": 0.24981340912721917, "i2": -5.639996852524078, "i3": 1.2339423119633515, "i4": 0.9601690702175791, "i5": 0.07324309667331863, "i6": 0.5516974183819323, "i7": 1.7719867020829656, "r0": 1.8356695731697803, "r1": 0.3177370872722355, "r2": -7.57873073544552, "r3": 1.2973072536298025, "r4": 1.2968897642345816, "r5": 0.00653043461322711, "r6": 0.3101756265191947, "r7": 1.6555552660338981}, "datetime": {"datetime": "2020-01-18 10:24:36", "elapsed": 49062.629908, "delta": 42.106004}}
{"target": 20.95, "params": {"d0": 4.195118222384536, "d1": -3.4561874794017697, "d2": 1.2059651954064572, "g0": 0.6461659142285131, "g1": 0.08732095975229026, "g2": -8.964602473770377, "g3": 1.1667328080912975, "g4": 1.2671071877996865, "g5": 0.08560172923421894, "g6": 0.8200024733717228, "g7": 1.1177406174047826, "i0": 4.35475250423098, "i1": 0.8218662566661374, "i2": -5.8950491814631185, "i3": 0.92869939749281, "i4": 1.1249669035631706, "i5": -0.5458666484365162, "i6": 0.021282330094717583, "i7": 1.7942918871430598, "r0": 0.6820882070995765, "r1": 0.6802766748605167, "r2": -4.516160660464657, "r3": 1.079903050601742, "r4": 1.0632146777284066, "r5": -0.662657859480015, "r6": 0.6878610794865985, "r7": 1.8621003881701768}, "datetime": {"datetime": "2020-01-18 10:28:48", "elapsed": 49314.529175, "delta": 39.774382}}
{"target": 11.8, "params": {"d0": 4.692915507567053, "d1": -9.58783245254278, "d2": 0.8567204769317366, "g0": 1.0183892038989928, "g1": 0.9191830103147, "g2": -0.13344899580449088, "g3": 1.4877839894788005, "g4": 0.9935261657271386, "g5": 0.1045582964414391, "g6": -0.06905558105187964, "g7": 1.9161359936080755, "i0": 2.591460017600913, "i1": 0.2845308900799757, "i2": -8.484777434953502, "i3": 1.34470578172997, "i4": 1.266914747217931, "i5": -0.4357570033024347, "i6": -0.48760948548358096, "i7": 1.5336931926127177, "r0": 1.884971949521212, "r1": 0.23960223782158852, "r2": -7.931338209045078, "r3": 1.0353778831568436, "r4": 1.0875496218282246, "r5": 0.17903333699890633, "r6": 0.8692110699246307, "r7": 0.9407343969652657}, "datetime": {"datetime": "2020-01-18 10:43:25", "elapsed": 50192.058583, "delta": 31.843992}}
{"target": 12.95, "params": {"d0": 1.5322193528764616, "d1": -5.103955098170982, "d2": 1.1326282567828514, "g0": 3.6876116366677145, "g1": 0.18061121044213246, "g2": -9.379602395426861, "g3": 1.1416278434163118, "g4": 0.840473222806744, "g5": -0.6871391754365341, "g6": 0.7510780269519384, "g7": 1.1986424725931295, "i0": 1.699099816121734, "i1": 0.3834059650564893, "i2": -7.030732115798509, "i3": 1.3911440150563539, "i4": 1.2085923325155126, "i5": -0.6771573207061521, "i6": -0.18598193483626868, "i7": 1.7602628437716938, "r0": 2.70490233027616, "r1": 0.15588110932361054, "r2": -2.028831439438621, "r3": 1.0975273587643457, "r4": 0.849959608207739, "r5": 0.4691208339524471, "r6": -0.024504636731444207, "r7": 1.2343582150193357}, "datetime": {"datetime": "2020-01-18 10:44:10", "elapsed": 50236.575614, "delta": 44.517031}}
{"target": 19.5, "params": {"d0": 0.8938474573440625, "d1": -6.129918097453589, "d2": 1.2335559100105475, "g0": 0.8869326456479204, "g1": 0.2509280870700037, "g2": -5.7678895846427105, "g3": 1.0755844304834823, "g4": 1.0882769680928888, "g5": -0.17358021532482637, "g6": 0.9983966742357904, "g7": 1.2475247869115753, "i0": 3.261377011206836, "i1": 0.6537565058540218, "i2": -9.700646389319626, "i3": 1.177720505539475, "i4": 0.9025464333420876, "i5": 0.6026886961683269, "i6": 0.8381720961246248, "i7": 1.982501360356257, "r0": 1.994747329859781, "r1": 0.8545958753281212, "r2": -8.6551907139642, "r3": 1.0800812780510671, "r4": 1.261252971475547, "r5": 0.5461686113248918, "r6": 0.6287786584738784, "r7": 1.952743899256311}, "datetime": {"datetime": "2020-01-18 10:44:52", "elapsed": 50278.91388, "delta": 42.338266}}
{"target": 10.7, "params": {"d0": 0.5996036541711142, "d1": -3.9782599743044154, "d2": 1.3266037526383245, "g0": 4.354497788772939, "g1": 0.6617650998209631, "g2": -3.674708657699096, "g3": 0.8329908424420954, "g4": 1.2112911596819511, "g5": -0.30995789926971934, "g6": 0.5626949533084036, "g7": 1.009891369948991, "i0": 0.1293970823977142, "i1": 0.7848931039551018, "i2": -5.284632326755597, "i3": 0.9919539283023904, "i4": 0.9908415612887078, "i5": -0.7142425807403434, "i6": 0.3839746662037494, "i7": 1.898905115801914, "r0": 3.4427752599214463, "r1": 0.15881616900966045, "r2": -0.4545740745204494, "r3": 1.0164453298183247, "r4": 0.8001006459679523, "r5": 0.6549448497475194, "r6": -0.4412658046173272, "r7": 1.006640656082946}, "datetime": {"datetime": "2020-01-18 10:45:47", "elapsed": 50333.826305, "delta": 54.912425}}
{"target": 10.05, "params": {"d0": 2.120048851421859, "d1": -7.046490275536206, "d2": 1.0208556541140503, "g0": 3.2139456401672883, "g1": 0.3628393524017731, "g2": -8.800832841632417, "g3": 1.3345181432094484, "g4": 0.8803832725907433, "g5": -0.0636073404059232, "g6": -0.3371268140390701, "g7": 1.7019225543636498, "i0": 1.4181237480436981, "i1": 0.3081708602801805, "i2": -1.7998436230401555, "i3": 1.2452743819934797, "i4": 1.2196920805689742, "i5": -0.14349862753085918, "i6": -0.29405181598609453, "i7": 1.6596478079255554, "r0": 2.6002694839140785, "r1": 0.7041624790287456, "r2": -1.8366128498375769, "r3": 0.9211750489236443, "r4": 1.2539295178794663, "r5": -0.33792147386904897, "r6": 0.21831645863130356, "r7": 0.9429042723045127}, "datetime": {"datetime": "2020-01-18 10:46:28", "elapsed": 50375.065704, "delta": 41.239399}}
{"target": 9.6, "params": {"d0": 1.9038206686752168, "d1": -8.805169122687753, "d2": 0.8693496288198929, "g0": 0.32151481412144356, "g1": 0.1682788926538693, "g2": -9.972875889124788, "g3": 0.713424562852066, "g4": 0.9605963349509279, "g5": -0.05792138516432155, "g6": -0.26745213910640164, "g7": 1.298418934483753, "i0": 2.3060575870668902, "i1": 0.6607597726427827, "i2": -9.914179113316523, "i3": 1.4462083955010767, "i4": 1.2225935413117508, "i5": 0.5447169240360932, "i6": -0.1062033796800324, "i7": 1.1502752852411038, "r0": 1.0837865021011712, "r1": 0.27291408085049873, "r2": -4.221856258780562, "r3": 1.2250845512582762, "r4": 1.2559372367229782, "r5": -0.5568070887280188, "r6": -0.19012754528870462, "r7": 1.7657654017051239}, "datetime": {"datetime": "2020-01-18 10:46:59", "elapsed": 50405.554059, "delta": 30.488355}}
{"target": 14.05, "params": {"d0": 3.725481559780859, "d1": -6.874202022313002, "d2": 0.7226981919639989, "g0": 2.8265736673783257, "g1": 0.07968550256637075, "g2": -6.774030525700513, "g3": 1.2699990441870508, "g4": 0.9378112295656456, "g5": 0.1307501667551021, "g6": -0.31660965505791305, "g7": 1.4002021581654085, "i0": 0.5879153160939543, "i1": 0.13662360120318406, "i2": -8.08950474329787, "i3": 1.4485700971907114, "i4": 1.1967875032567732, "i5": -0.4287145025006984, "i6": 0.885923025784761, "i7": 1.4326078068943664, "r0": 0.9064759400091432, "r1": 0.11318941360808799, "r2": -3.7139349178323755, "r3": 1.158377980684098, "r4": 1.187830294371345, "r5": 0.6916681872787955, "r6": -0.13763534781894782, "r7": 1.5550920330788616}, "datetime": {"datetime": "2020-01-18 10:47:44", "elapsed": 50451.151009, "delta": 45.59695}}
{"target": 12.3, "params": {"d0": 3.0737803861482256, "d1": -1.263244107486294, "d2": 1.449252764837376, "g0": 3.0645393577660487, "g1": 0.3883255622759727, "g2": -3.8575481318780183, "g3": 0.9716890127729843, "g4": 0.8780341731318921, "g5": -0.6303243900342874, "g6": 0.5466980783366164, "g7": 1.4450739618504111, "i0": 3.899073548887716, "i1": 0.9108676410127937, "i2": -3.6554339439173056, "i3": 0.9620088917467895, "i4": 0.8212245256486534, "i5": 0.005064269264257293, "i6": 0.9293610694261327, "i7": 1.8348963027515084, "r0": 2.146301606932778, "r1": 0.917482710013071, "r2": -0.42101128723607495, "r3": 1.1134632597948035, "r4": 1.257718673418573, "r5": -0.7026548973689144, "r6": 0.9498348269975918, "r7": 1.7852927188439818}, "datetime": {"datetime": "2020-01-18 10:48:28", "elapsed": 50494.567673, "delta": 43.416664}}
{"target": 19.0, "params": {"d0": 4.507875117849471, "d1": -3.189578942077123, "d2": 1.0563953635845857, "g0": 1.1462030461545565, "g1": 0.27734588347599765, "g2": -5.530863876956947, "g3": 1.4012370642823746, "g4": 0.8168882114683786, "g5": -0.5795440929398465, "g6": 0.4890763149243047, "g7": 1.9059854200006412, "i0": 4.770785434816275, "i1": 0.2897160158159363, "i2": -6.2302788913083145, "i3": 0.9672718704794225, "i4": 1.170221803586945, "i5": 0.6602216638256797, "i6": 0.28864193476318367, "i7": 1.9488157522505936, "r0": 0.03316583561268516, "r1": 0.2882051919361346, "r2": -1.2337881509017699, "r3": 1.3339985857221357, "r4": 0.8911838140978239, "r5": 0.2378319840641243, "r6": -0.39394139761513025, "r7": 0.9699512424384404}, "datetime": {"datetime": "2020-01-18 10:49:08", "elapsed": 50535.185184, "delta": 40.617511}}
{"target": 20.05, "params": {"d0": 4.978079678432135, "d1": -9.843083611973853, "d2": 0.9393947751728621, "g0": 0.6932628735143742, "g1": 0.3376097462096883, "g2": -8.09465136334158, "g3": 0.7446555742659818, "g4": 1.2893473599171967, "g5": -0.4190956323960171, "g6": 0.9147012573099094, "g7": 1.786998220592127, "i0": 1.5129159948194641, "i1": 0.44833714243045886, "i2": -7.8231748716414105, "i3": 1.3309492170419357, "i4": 1.0496182691455545, "i5": -0.3912822816050195, "i6": 0.8788175772249807, "i7": 1.6792488376720138, "r0": 2.117494729473891, "r1": 0.12749348441994335, "r2": -4.421132443235257, "r3": 1.2924061746182995, "r4": 0.8238228975440152, "r5": -0.3418427246918663, "r6": 0.561571407002798, "r7": 1.3205671102673353}, "datetime": {"datetime": "2020-01-18 11:00:43", "elapsed": 51229.909256, "delta": 37.538667}}
{"target": 16.35, "params": {"d0": 3.5907414524772596, "d1": -2.1077327513218105, "d2": 0.8505320984518139, "g0": 0.0, "g1": 0.4404074265858768, "g2": -4.84573991054368, "g3": 1.4546731699019502, "g4": 1.144510268221086, "g5": -0.2459532861565713, "g6": 0.6047728859205099, "g7": 1.6145978009201531, "i0": 2.512435026626982, "i1": 0.49465184283631336, "i2": -4.570995775973097, "i3": 1.3246568412876316, "i4": 0.9498702317384156, "i5": -0.15066410318979362, "i6": 0.36973061768473686, "i7": 1.374051817176969, "r0": 2.6220295318242526, "r1": 0.6455988934533706, "r2": -5.501509521087939, "r3": 1.3313012023125201, "r4": 1.2014741407938, "r5": 0.03873998849527596, "r6": 0.1054382874728901, "r7": 1.488594079923021}, "datetime": {"datetime": "2020-01-18 12:59:53", "elapsed": 0.0, "delta": 0.0}}
{"target": 17.35, "params": {"d0": 4.357085188566158, "d1": -2.5646620804727287, "d2": 1.0969585621725326, "g0": 0.0, "g1": 0.422837022571988, "g2": -8.213069779824757, "g3": 1.2506205035586475, "g4": 1.2034397713893865, "g5": -0.04511241485713101, "g6": 0.6543603511829224, "g7": 1.3929693379519272, "i0": 3.887878735776088, "i1": 0.5982558441659841, "i2": -5.275204892962616, "i3": 0.9102178655823258, "i4": 1.0292459645947218, "i5": -0.1902254926798968, "i6": 0.1533207684045565, "i7": 1.6911383083267653, "r0": 1.2325993453559365, "r1": 0.43955709016604894, "r2": -5.6468807515748125, "r3": 1.2743066934197107, "r4": 1.1461805570930637, "r5": 0.061355590860647284, "r6": 0.5396546335334897, "r7": 1.513203165754006}, "datetime": {"datetime": "2020-01-18 13:01:15", "elapsed": 81.925053, "delta": 81.925053}}
{"target": 20.1, "params": {"d0": 3.2574093834721642, "d1": -1.8211939660444136, "d2": 0.9799922468032294, "g0": 0.22305118985442846, "g1": 0.4738309959610019, "g2": -5.872837997975098, "g3": 1.2138360143662947, "g4": 1.1183803140008604, "g5": 0.08781634222062756, "g6": 0.20629048119181198, "g7": 1.482685071869658, "i0": 3.1024186256662687, "i1": 0.5145756210061013, "i2": -7.051310925796164, "i3": 0.9931501534210174, "i4": 0.9744134621368176, "i5": -0.12735185255964204, "i6": 0.12966544837034025, "i7": 1.4638588269781354, "r0": 2.6849322164292566, "r1": 0.3612142541563677, "r2": -8.819583409244455, "r3": 1.2185377767162884, "r4": 1.173637381053542, "r5": 0.2342502721047627, "r6": 0.05209343381544078, "r7": 1.510642067845459}, "datetime": {"datetime": "2020-01-18 13:02:41", "elapsed": 168.118458, "delta": 86.193405}}
{"target": 20.1, "params": {"d0": 3.1849506622755763, "d1": -7.902265316920587, "d2": 0.9592582227996761, "g0": 0.2958588489637831, "g1": 0.39576107347151834, "g2": -5.300474627801578, "g3": 1.3673895992645495, "g4": 1.147391362652334, "g5": -0.4568115575713465, "g6": 0.48315597096030294, "g7": 1.6138084494127631, "i0": 2.865855793400932, "i1": 0.6505411962546989, "i2": -5.531124716361854, "i3": 1.1338681651581952, "i4": 0.9896623701339139, "i5": -0.09983928446521823, "i6": -0.1027936739854699, "i7": 1.7017399747050301, "r0": 1.9679439697957284, "r1": 0.4710626841534176, "r2": -2.7152471615648466, "r3": 1.1307821255235282, "r4": 1.0201194042185422, "r5": -0.09516432164103127, "r6": 0.3861465621472346, "r7": 1.5087319023764603}, "datetime": {"datetime": "2020-01-18 13:04:14", "elapsed": 261.250408, "delta": 93.13195}}
{"target": 19.6, "params": {"d0": 2.4796699681467818, "d1": -5.816120583819694, "d2": 1.148760273782817, "g0": 0.08748379754130269, "g1": 0.3395924710731462, "g2": -4.357497646487451, "g3": 1.3744817825842788, "g4": 1.067875968474567, "g5": -0.6040959731082124, "g6": 0.4199239093649146, "g7": 1.6546236417956963, "i0": 2.3189926534451053, "i1": 0.6309078251347875, "i2": -4.124330120375596, "i3": 1.2047196233965638, "i4": 1.0597578002004309, "i5": 0.05931130659210989, "i6": -0.07338420675733498, "i7": 1.5679045211786171, "r0": 2.542389708137737, "r1": 0.3756763521654359, "r2": -1.8919097030760486, "r3": 1.1028921561179894, "r4": 0.9617724599844047, "r5": 0.2133315655236725, "r6": 0.23292187613328863, "r7": 1.4515844531057633}, "datetime": {"datetime": "2020-01-18 13:05:45", "elapsed": 352.152706, "delta": 90.902298}}
{"target": 19.6, "params": {"d0": 2.9575192144836375, "d1": -1.9557089605117761, "d2": 0.8808945226222736, "g0": 0.21768212859255232, "g1": 0.5451331471020567, "g2": -6.575258799542393, "g3": 1.173257526082174, "g4": 1.04698086684957, "g5": 0.04924403061691218, "g6": 0.37659242440936525, "g7": 1.354877866876604, "i0": 2.233041198627154, "i1": 0.4987827707621158, "i2": -4.242573391990132, "i3": 1.0796390307781147, "i4": 1.0394026586408496, "i5": 0.27871363083495115, "i6": 0.2283647912875916, "i7": 1.7347603235208686, "r0": 1.137225912041895, "r1": 0.47181902805477516, "r2": -8.198977150945398, "r3": 1.2255290299263655, "r4": 1.1697322535746715, "r5": 0.14897578645918316, "r6": 0.18855420245048596, "r7": 1.5661555482975238}, "datetime": {"datetime": "2020-01-18 13:07:15", "elapsed": 441.844967, "delta": 89.692261}}
{"target": 19.9, "params": {"d0": 3.1740129230910963, "d1": -8.302089959168649, "d2": 1.090035547143479, "g0": 0.4566549009333975, "g1": 0.3296163871289732, "g2": -8.62998222648485, "g3": 1.4040612848402378, "g4": 1.0595361161075796, "g5": -0.46611059222823453, "g6": 0.766458979275908, "g7": 1.5343158316345618, "i0": 2.9779605523294825, "i1": 0.638162172383174, "i2": -7.396935963129195, "i3": 0.9683553576094248, "i4": 0.9312516140004741, "i5": -0.24854525854364792, "i6": 0.624704026992472, "i7": 1.486756134761203, "r0": 2.0872084421068986, "r1": 0.7558004466545976, "r2": -1.8989439091594251, "r3": 1.1332719783053296, "r4": 1.1064753205927564, "r5": -0.2725258650959255, "r6": 0.45838986146446353, "r7": 1.408368859158001}, "datetime": {"datetime": "2020-01-18 13:08:40", "elapsed": 527.206857, "delta": 85.36189}}
