{"target": 20.3, "params": {"d0": 2.1970827427601187, "d1": -1.571532874951486, "d2": 1.26799597008494, "g0": 0.7911825013029057, "g1": 0.4807091037827363, "g2": -3.9891470096808166, "g3": 1.0602010317271326, "g4": 0.9962422875832202, "g5": -0.17957835483983353, "g6": 0.6014051229665588, "g7": 1.2909012677102982, "i0": 2.380805089751386, "i1": 0.6066106733641548, "i2": -4.755861622927329, "i3": 1.447927628970512, "i4": 1.1490630515832014, "i5": -0.3043991779799647, "i6": -0.025246282592270994, "i7": 1.1827093505728505, "r0": 3.3112731978549927, "r1": 0.8159258509006209, "r2": -3.1067125564442053, "r3": 1.4180519869077486, "r4": 0.8983701870718374, "r5": -0.17451326800867786, "r6": 0.43710137511009084, "r7": 1.2754650283583664}, "datetime": {"datetime": "2020-01-19 01:49:44", "elapsed": 35823.4008, "delta": 38.761798}}
{"target": 20.5, "params": {"d0": 3.964965777304976, "d1": -1.740165474032832, "d2": 0.8711317758383702, "g0": 0.4542613667249453, "g1": 0.42181115362594734, "g2": -4.690823739637399, "g3": 1.170887427427233, "g4": 1.1218939882297405, "g5": -0.1759712267197536, "g6": 0.20186225713966371, "g7": 1.4274096812233954, "i0": 3.8637629013579997, "i1": 0.6625481603005351, "i2": -6.047421502500284, "i3": 1.1041845991070531, "i4": 0.9860614966148479, "i5": -0.10766396678869398, "i6": 0.013920956299543654, "i7": 1.6090724024639897, "r0": 2.1863324000275712, "r1": 0.35867434274692234, "r2": -8.496770797250315, "r3": 1.0224663224395398, "r4": 1.0975915468266184, "r5": 0.3992219637206507, "r6": 0.14184241156655653, "r7": 1.5925784156459584}, "datetime": {"datetime": "2020-01-19 01:50:23", "elapsed": 35862.207166, "delta": 38.806366}}
{"target": 19.5, "params": {"d0": 2.163600069476166, "d1": -1.4152738226731687, "d2": 1.3007559201584873, "g0": 0.846100392458776, "g1": 0.5771791304950725, "g2": -3.9347829453397463, "g3": 0.9412266310691668, "g4": 0.9640635723798735, "g5": -0.30209934163737684, "g6": 0.5958043179019836, "g7": 1.257767160149617, "i0": 2.243495344824476, "i1": 0.6263703756934765, "i2": -4.780773002148454, "i3": 1.427805115623094, "i4": 1.179446575900769, "i5": -0.44461627127887876, "i6": -0.052736034736098995, "i7": 1.0729689690837725, "r0": 3.236771065067588, "r1": 0.760264378663435, "r2": -3.1868020547901788, "r3": 1.4280174779424952, "r4": 0.8532469810758229, "r5": -0.05973500614261506, "r6": 0.4945567672631341, "r7": 1.2546894054423534}, "datetime": {"datetime": "2020-01-19 01:51:04", "elapsed": 35903.537732, "delta": 41.330566}}
{"target": 20.75, "params": {"d0": 3.389135571668042, "d1": -1.4414386509180572, "d2": 1.0174120732843825, "g0": 0.598518635847367, "g1": 0.41236873544732106, "g2": -4.740418466174697, "g3": 1.1140347844731955, "g4": 1.2505489355801607, "g5": 0.030223410828918506, "g6": 0.1380887135555034, "g7": 1.6020321221746996, "i0": 4.190795733251509, "i1": 0.6463242869474822, "i2": -6.735568501287883, "i3": 1.0418920011879425, "i4": 0.9261963162900801, "i5": -0.05948922371980368, "i6": 0.2428171531854572, "i7": 1.6297363000612894, "r0": 2.8181748943764666, "r1": 0.3723967997322486, "r2": -8.824251469567455, "r3": 1.0322082813345053, "r4": 1.0160867565216716, "r5": 0.6211944209274621, "r6": 0.2821878608946, "r7": 1.3375593052748642}, "datetime": {"datetime": "2020-01-19 01:51:44", "elapsed": 35943.791017, "delta": 40.253285}}
{"target": 21.3, "params": {"d0": 3.5263038933718907, "d1": -1.437106933532938, "d2": 1.0585903622253685, "g0": 0.6053822847505387, "g1": 0.4356411736762801, "g2": -4.682764273197255, "g3": 1.102876013601158, "g4": 1.2668404967495137, "g5": 0.0741686261243473, "g6": -0.0358531735312891, "g7": 1.575820795767725, "i0": 4.073348080602462, "i1": 0.6476576205450837, "i2": -6.763129637402273, "i3": 0.9736251035549855, "i4": 0.931671091760183, "i5": -0.11192458539813965, "i6": 0.14474947675780828, "i7": 1.5394024201078744, "r0": 2.856481387433393, "r1": 0.4157999089854729, "r2": -8.769277575562917, "r3": 1.134291720077098, "r4": 1.0393673606230434, "r5": 0.4490737087374485, "r6": 0.2503717443306868, "r7": 1.3867610186812167}, "datetime": {"datetime": "2020-01-19 01:52:23", "elapsed": 35982.886045, "delta": 39.095028}}
{"target": 21.35, "params": {"d0": 3.49962143064577, "d1": -1.3970952153003837, "d2": 0.9003396924682596, "g0": 0.6188053909864116, "g1": 0.47257582953705696, "g2": -4.7207997463347535, "g3": 1.1681337119001496, "g4": 1.0172416490251002, "g5": 0.09397351770887671, "g6": 0.2082102910883863, "g7": 1.573834569848398, "i0": 3.600688750048934, "i1": 0.6442954380525454, "i2": -6.513005508586225, "i3": 1.1047400751526604, "i4": 1.1445374461399898, "i5": -0.06270516222629048, "i6": 0.008520328958284225, "i7": 1.5949406715539336, "r0": 3.3374613542277185, "r1": 0.44487550144099625, "r2": -8.642945084977864, "r3": 1.0595636572158267, "r4": 1.003402669978084, "r5": 0.3344424542389502, "r6": -0.0991558663948359, "r7": 1.6179008858190855}, "datetime": {"datetime": "2020-01-19 01:53:04", "elapsed": 36023.243664, "delta": 40.357619}}
{"target": 21.55, "params": {"d0": 3.1509087697939413, "d1": -8.916499608466209, "d2": 0.9044903850359034, "g0": 0.7187759597712366, "g1": 0.5411234025211683, "g2": -5.23855917711112, "g3": 1.3926648971491595, "g4": 1.0628028825629892, "g5": -0.4059301848493092, "g6": 0.1172173416785935, "g7": 1.633834384546448, "i0": 4.365997190282951, "i1": 0.6924634968451994, "i2": -5.654573798692529, "i3": 1.0486363388618543, "i4": 1.1000012733595732, "i5": 0.05060666411433908, "i6": -0.2176038791532138, "i7": 1.7161002681425295, "r0": 1.773487699710178, "r1": 0.7288327888922843, "r2": -1.7375105206918413, "r3": 1.2742136525395318, "r4": 0.9552304530968453, "r5": -0.3948438234518586, "r6": 0.18257196307540546, "r7": 1.5095368885790084}, "datetime": {"datetime": "2020-01-19 01:53:42", "elapsed": 36061.398785, "delta": 38.155121}}
{"target": 20.55, "params": {"d0": 3.827263690500546, "d1": -1.6576996377041575, "d2": 0.757265950853492, "g0": 0.5473723749665427, "g1": 0.43851499402010935, "g2": -3.4141987624658956, "g3": 1.2647375364504614, "g4": 1.0330778623734247, "g5": 0.013291081064504705, "g6": 0.2955846517480641, "g7": 1.7845781810316859, "i0": 4.007106574644409, "i1": 0.3154889037843357, "i2": -4.538088622692116, "i3": 1.4285746722971597, "i4": 1.1956137935572269, "i5": 0.0448871809975575, "i6": 0.4185173404448191, "i7": 1.2921844332954047, "r0": 4.554309290689513, "r1": 0.9945765825789972, "r2": -4.952444298126216, "r3": 1.4999853469832554, "r4": 1.2381278499432014, "r5": -0.39825178658770366, "r6": -0.3372958240660256, "r7": 1.221963786799084}, "datetime": {"datetime": "2020-01-19 01:54:21", "elapsed": 36100.901673, "delta": 39.502888}}
{"target": 21.0, "params": {"d0": 4.048850134761415, "d1": -1.4684282399372166, "d2": 0.8995993998837782, "g0": 0.4994635433429532, "g1": 0.3542645516184017, "g2": -4.891291400988418, "g3": 1.1980135413674209, "g4": 1.2107227317794378, "g5": 0.04953241107370755, "g6": 0.20172437839802945, "g7": 1.6691786511643472, "i0": 3.7204073080965405, "i1": 0.551566050499038, "i2": -6.4918426847443635, "i3": 1.0369627483867576, "i4": 1.1633708112512982, "i5": -0.3435444641003194, "i6": 0.1730507967391442, "i7": 1.663839635732475, "r0": 1.9272495459844299, "r1": 0.3468559819804241, "r2": -8.85228824499046, "r3": 1.0063718856296444, "r4": 1.0141987126445942, "r5": 0.5645223833733546, "r6": 0.29583791618272154, "r7": 1.4501959406596834}, "datetime": {"datetime": "2020-01-19 01:55:04", "elapsed": 36143.287024, "delta": 42.385351}}
{"target": 20.45, "params": {"d0": 3.862946617151725, "d1": -1.2167262958228626, "d2": 1.0334365278961837, "g0": 0.7078311503664708, "g1": 0.3130935468440729, "g2": -4.86472640091946, "g3": 1.16887809573774, "g4": 1.0631049896904932, "g5": -0.023074946482322643, "g6": 0.2552359975568738, "g7": 1.5636690024948283, "i0": 3.891743641233428, "i1": 0.6339895570974374, "i2": -6.5677920842855935, "i3": 1.012305343089073, "i4": 0.9669524505347082, "i5": -0.3262124841247253, "i6": -0.029076101762680457, "i7": 1.7135106749373532, "r0": 2.097335736799349, "r1": 0.22330726844418378, "r2": -8.90695358386513, "r3": 1.2307945818603716, "r4": 0.9738064471915621, "r5": 0.2783486022077776, "r6": 0.18219452847713688, "r7": 1.4893326721392621}, "datetime": {"datetime": "2020-01-19 01:55:51", "elapsed": 36189.999804, "delta": 46.71278}}
{"target": 20.4, "params": {"d0": 3.982735488708545, "d1": -1.2584443544253572, "d2": 1.0369163687323697, "g0": 0.614568391885258, "g1": 0.49294270308340077, "g2": -5.05351559628015, "g3": 1.1451606871455193, "g4": 1.1481531082886998, "g5": 0.15311275392920898, "g6": 0.060430265184879955, "g7": 1.6587225450971421, "i0": 3.971426038990521, "i1": 0.7221558416886911, "i2": -6.672298831810085, "i3": 0.927968342924195, "i4": 1.063656466605912, "i5": -0.1762159785459788, "i6": -0.07042119348918274, "i7": 1.8169056725993378, "r0": 2.3481776746431056, "r1": 0.28558545353278847, "r2": -8.895606752025037, "r3": 1.0707933514003916, "r4": 1.1205871345739051, "r5": 0.5457774533788852, "r6": 0.2992146735799794, "r7": 1.430310188985628}, "datetime": {"datetime": "2020-01-19 01:56:29", "elapsed": 36227.97313, "delta": 37.973326}}
{"target": 20.4, "params": {"d0": 3.473683160967618, "d1": -1.374722301786382, "d2": 0.9527009727649705, "g0": 0.5602278938938108, "g1": 0.5630971107452147, "g2": -4.683388095086833, "g3": 1.192402173359365, "g4": 1.0292925358154879, "g5": 0.033999975182826825, "g6": 0.2935964601403092, "g7": 1.6157358104018382, "i0": 3.5887515933020966, "i1": 0.5546406293982666, "i2": -6.52589178131476, "i3": 1.02008352264222, "i4": 1.14546294572947, "i5": -0.1568338554909455, "i6": -0.029473643954007513, "i7": 1.5785236805073715, "r0": 3.403268678474083, "r1": 0.3774494889793002, "r2": -8.65427275441423, "r3": 0.9219162285402978, "r4": 1.0434713603982562, "r5": 0.3868317671879111, "r6": -0.07267123272681084, "r7": 1.5920046108035042}, "datetime": {"datetime": "2020-01-19 01:57:09", "elapsed": 36268.494469, "delta": 40.521339}}
{"target": 20.05, "params": {"d0": 3.423564252249362, "d1": -1.5927458725063197, "d2": 1.0128237569233935, "g0": 0.5464698720014015, "g1": 0.5554106219798095, "g2": -4.7118461284172675, "g3": 1.0391466689970863, "g4": 1.2507574933597596, "g5": 0.1160845873232462, "g6": 0.08499449603193611, "g7": 1.5642942348051583, "i0": 3.9754466343701758, "i1": 0.6300323312727968, "i2": -6.6983610735765975, "i3": 1.02240598102459, "i4": 0.9773545823799055, "i5": -0.10056696917830457, "i6": 0.24979839103895418, "i7": 1.6050602247938421, "r0": 2.8268329995105956, "r1": 0.3965879903857571, "r2": -8.76898632134987, "r3": 1.102579323137427, "r4": 1.0612926907009912, "r5": 0.4341361279032732, "r6": 0.2785380435489232, "r7": 1.3575381491909633}, "datetime": {"datetime": "2020-01-19 01:57:51", "elapsed": 36310.854055, "delta": 42.359586}}
{"target": 20.75, "params": {"d0": 3.5546751001716808, "d1": -1.4405636552869234, "d2": 0.8434902554019151, "g0": 0.560744266559992, "g1": 0.5145911792966228, "g2": -4.7534242452044255, "g3": 1.2179188785292554, "g4": 1.091003401371335, "g5": 0.007069002876876431, "g6": 0.1708189328297446, "g7": 1.6545541476624201, "i0": 3.589966904000209, "i1": 0.6214903944046085, "i2": -6.500549559084346, "i3": 1.0921849187704564, "i4": 1.0506687252340836, "i5": 0.0037958941131453717, "i6": -0.04402519906130497, "i7": 1.4890540602252473, "r0": 3.3138675727490883, "r1": 0.614101433999876, "r2": -8.690039017859508, "r3": 1.0703225048686114, "r4": 0.9689294832274404, "r5": 0.35943134073386945, "r6": -0.06317414318252279, "r7": 1.6176472785162497}, "datetime": {"datetime": "2020-01-19 01:58:31", "elapsed": 36350.809792, "delta": 39.955737}}
{"target": 21.55, "params": {"d0": 3.9020749624730193, "d1": -1.1409674212615317, "d2": 1.205692510880003, "g0": 0.712465781042266, "g1": 0.5041402620020458, "g2": -5.148049286381157, "g3": 1.1736893136778432, "g4": 1.1341994847171113, "g5": 0.058434442553891845, "g6": 0.13100653004236903, "g7": 1.7932244649423053, "i0": 4.012103250042187, "i1": 0.6999649268083632, "i2": -6.592679789463196, "i3": 0.9783101042950292, "i4": 1.000107749510792, "i5": -0.20236428591863487, "i6": -0.03376524931644458, "i7": 1.6111275894794828, "r0": 2.453946948877824, "r1": 0.28212621838656365, "r2": -8.956625444324793, "r3": 0.9484804997764459, "r4": 1.0792191479592748, "r5": 0.51051854653481, "r6": 0.2789139027701266, "r7": 1.4915198908551954}, "datetime": {"datetime": "2020-01-19 01:59:11", "elapsed": 36390.647828, "delta": 39.838036}}
{"target": 19.85, "params": {"d0": 4.791211439797354, "d1": -3.602901606950814, "d2": 0.9652599813274236, "g0": 0.3691285689665603, "g1": 0.8542715740802292, "g2": -8.392788671255108, "g3": 0.992292863427044, "g4": 1.2820549260979202, "g5": 0.07275320022230392, "g6": 0.16344208411139588, "g7": 1.7005806714006266, "i0": 3.555251973729776, "i1": 0.42658032757028036, "i2": -2.7942643147308406, "i3": 0.9375256347581774, "i4": 1.1099358072255225, "i5": -0.005443614809897563, "i6": -0.04668719151135878, "i7": 1.7583164006859437, "r0": 0.19554586169031435, "r1": 0.3348349744593907, "r2": -5.722414940335757, "r3": 1.2179942769065204, "r4": 1.0399725239226003, "r5": -0.27306723744241757, "r6": 0.27367782815776026, "r7": 1.209542907422529}, "datetime": {"datetime": "2020-01-19 01:59:51", "elapsed": 36430.568819, "delta": 39.920991}}
{"target": 20.2, "params": {"d0": 3.2452207062744582, "d1": -1.5396517628966717, "d2": 0.9971770157406362, "g0": 0.46863302223439485, "g1": 0.6243600453942373, "g2": -5.2094580229235055, "g3": 1.2517093581999306, "g4": 1.0663557331383564, "g5": 0.0791645235464172, "g6": 0.13341868396781228, "g7": 1.659300524499067, "i0": 3.299546203701763, "i1": 0.5612379647919113, "i2": -6.739721792409739, "i3": 1.1512403638588702, "i4": 1.0265968089807056, "i5": -0.04470801816473868, "i6": 0.10335167149096788, "i7": 1.6458947253571063, "r0": 3.552514517215167, "r1": 0.5775475980609949, "r2": -8.621839670593738, "r3": 1.0914410462309292, "r4": 1.12879117183699, "r5": 0.3398790684319007, "r6": 0.058133720221247825, "r7": 1.5946581045764656}, "datetime": {"datetime": "2020-01-19 02:00:30", "elapsed": 36469.926359, "delta": 39.35754}}
{"target": 20.8, "params": {"d0": 3.8434032271338157, "d1": -1.4693802195326453, "d2": 1.0545848163802436, "g0": 0.6202902734581953, "g1": 0.33042743536234953, "g2": -5.584958703680727, "g3": 1.1918055829878227, "g4": 1.1538731553276997, "g5": 0.09790417375746648, "g6": 0.22439025169662116, "g7": 1.5951365365560375, "i0": 3.9440218192781096, "i1": 0.5791724443098042, "i2": -6.585885934581566, "i3": 0.9508810108672291, "i4": 0.9501587112895464, "i5": -0.5300577119694453, "i6": 0.03303442559706702, "i7": 1.5912320207204311, "r0": 1.5792451850801708, "r1": 0.1776154117139583, "r2": -8.953026031075238, "r3": 1.2848711280231808, "r4": 1.1209788305671793, "r5": 0.32194206622896093, "r6": 0.18818943727439336, "r7": 1.528023991522767}, "datetime": {"datetime": "2020-01-19 02:01:08", "elapsed": 36507.365619, "delta": 37.43926}}
{"target": 21.05, "params": {"d0": 3.3049038590171165, "d1": -1.5643230919068734, "d2": 0.9931787806090114, "g0": 0.3692303228928758, "g1": 0.5051667998965905, "g2": -5.284009839414295, "g3": 1.0455563293409575, "g4": 1.0592971505350608, "g5": 0.033020718904795014, "g6": 0.26063938450752466, "g7": 1.6477110849358279, "i0": 3.218651127663028, "i1": 0.5237620453790915, "i2": -6.666314290390066, "i3": 0.9500090898450129, "i4": 1.0526239070363888, "i5": -0.005658559686668077, "i6": 0.0892469046017382, "i7": 1.4106077708854108, "r0": 3.5826014034279687, "r1": 0.49390333724597285, "r2": -8.66574596529934, "r3": 1.0877451575106607, "r4": 1.0875573789843043, "r5": 0.39206057296416896, "r6": 0.03905607716866015, "r7": 1.3969482254476888}, "datetime": {"datetime": "2020-01-19 02:01:51", "elapsed": 36550.154593, "delta": 42.788974}}
{"target": 21.4, "params": {"d0": 3.6323266024757164, "d1": -1.462779873246575, "d2": 0.9543025526040813, "g0": 0.58695283172839, "g1": 0.6798413729543988, "g2": -4.717955943105029, "g3": 1.1643181300651766, "g4": 0.9667779660496371, "g5": 0.06906491990112935, "g6": 0.19532699703878678, "g7": 1.6038157113668157, "i0": 3.5498377584419005, "i1": 0.65474677532081, "i2": -6.4151479691194915, "i3": 1.112543679570027, "i4": 1.100773118693022, "i5": -0.06186710295345584, "i6": -0.009320463509352799, "i7": 1.6050589978200713, "r0": 3.3300163558346014, "r1": 0.47652331796738745, "r2": -8.663185988581898, "r3": 1.0894919425822482, "r4": 1.0381676547657788, "r5": 0.38228049809003684, "r6": -0.07101377329667019, "r7": 1.6400664061941503}, "datetime": {"datetime": "2020-01-19 02:02:30", "elapsed": 36589.90111, "delta": 39.746517}}
{"target": 20.45, "params": {"d0": 3.4848897211383925, "d1": -1.512005395749557, "d2": 1.0910432125751441, "g0": 0.652675618366341, "g1": 0.4373704645605302, "g2": -4.677265684309885, "g3": 1.1619673093686966, "g4": 1.1923616095549285, "g5": 0.04846513250423666, "g6": 0.04948234815265605, "g7": 1.5522425968826854, "i0": 4.197266588449303, "i1": 0.6355898158352891, "i2": -6.767122569789593, "i3": 0.9782322284233613, "i4": 0.9750220245349162, "i5": -0.006628326648738844, "i6": 0.059923515464743476, "i7": 1.5039616447848816, "r0": 2.9027793387655785, "r1": 0.45746523219596663, "r2": -8.750812406983547, "r3": 1.04313119069351, "r4": 1.0435011352425618, "r5": 0.5272944175444142, "r6": 0.2586337224156746, "r7": 1.2837591191096747}, "datetime": {"datetime": "2020-01-19 02:03:09", "elapsed": 36628.196671, "delta": 38.295561}}
{"target": 20.95, "params": {"d0": 3.565142369850394, "d1": -1.3895073968492566, "d2": 1.0425404699609044, "g0": 0.5360616075003384, "g1": 0.43963950215299463, "g2": -4.743782884691871, "g3": 1.1882969528075522, "g4": 1.2525747420738278, "g5": 0.0814918529692306, "g6": 0.0838251538359322, "g7": 1.5512345731562114, "i0": 4.01133805974697, "i1": 0.6185400742086122, "i2": -6.829377212833927, "i3": 0.9974828438154391, "i4": 1.0233301347416452, "i5": -0.13441904125757645, "i6": 0.174334668866279, "i7": 1.5286617454103912, "r0": 2.7825719335667416, "r1": 0.38534047811167504, "r2": -8.823890617121151, "r3": 1.01206451447891, "r4": 1.0553424328561654, "r5": 0.5953318043070223, "r6": 0.29820292256720665, "r7": 1.4721537665107127}, "datetime": {"datetime": "2020-01-19 02:03:50", "elapsed": 36669.903135, "delta": 41.706464}}
{"target": 20.4, "params": {"d0": 3.2335205085783505, "d1": -8.993820082234253, "d2": 0.8595396678447511, "g0": 0.6533195233132482, "g1": 0.4723696423136579, "g2": -5.452320404357846, "g3": 1.4902217228811467, "g4": 0.9685105782582036, "g5": -0.40100803331676305, "g6": 0.05626458312148153, "g7": 1.6831515502080845, "i0": 4.409856387728901, "i1": 0.7325293063451483, "i2": -5.56345286149014, "i3": 1.0463907601210711, "i4": 1.1262869362362702, "i5": 0.11524643245186204, "i6": -0.27948035726180914, "i7": 1.6486010455489042, "r0": 1.876654823845269, "r1": 0.6693062915696003, "r2": -1.791296946820767, "r3": 1.370202893994089, "r4": 0.9659137979264051, "r5": -0.3729203680345172, "r6": 0.1183746771614359, "r7": 1.5459642361154706}, "datetime": {"datetime": "2020-01-19 02:04:28", "elapsed": 36707.609309, "delta": 37.706174}}
{"target": 20.7, "params": {"d0": 3.993075082297714, "d1": -1.2186532115767954, "d2": 1.1082910185973145, "g0": 0.7015427388981825, "g1": 0.49104921420509734, "g2": -5.024128758684606, "g3": 1.1666116064756749, "g4": 1.1204475171621215, "g5": 0.089791890435464, "g6": 0.035152806459730374, "g7": 1.691792982221331, "i0": 4.074113760415401, "i1": 0.6829886631517406, "i2": -6.594057054878826, "i3": 1.0213096063415177, "i4": 0.93791093236802, "i5": -0.17807984000640648, "i6": 0.051006919252076295, "i7": 1.5893000865325622, "r0": 2.449714057567422, "r1": 0.3255075284811798, "r2": -8.940801067598406, "r3": 1.0223297358208998, "r4": 1.0850227324033301, "r5": 0.44611286312790066, "r6": 0.284882262361411, "r7": 1.5568972415841154}, "datetime": {"datetime": "2020-01-19 02:05:09", "elapsed": 36748.651363, "delta": 41.042054}}
{"target": 20.6, "params": {"d0": 3.5606283030025003, "d1": -1.3607559235760565, "d2": 0.9755094580867102, "g0": 0.6261406844246334, "g1": 0.5693854562789668, "g2": -4.692647984229931, "g3": 1.179732671231158, "g4": 0.9806001159456964, "g5": 0.06730090790936151, "g6": 0.20700255373132587, "g7": 1.6547168526664078, "i0": 3.547912400191203, "i1": 0.6280805230355101, "i2": -6.480308927862689, "i3": 1.0899328112793838, "i4": 1.033032549999121, "i5": -0.052708521422987466, "i6": 0.04274089662169955, "i7": 1.6476886070265189, "r0": 3.3159687645262976, "r1": 0.5733722536731679, "r2": -8.611624625285645, "r3": 0.9953552525294391, "r4": 1.0212861970097533, "r5": 0.361838219975635, "r6": 0.008674137765339505, "r7": 1.5702022538418154}, "datetime": {"datetime": "2020-01-19 02:05:48", "elapsed": 36786.973706, "delta": 38.322343}}
{"target": 21.05, "params": {"d0": 3.6257134276749454, "d1": -1.3971252283141742, "d2": 0.9270453661047707, "g0": 0.6263775742256469, "g1": 0.631907185959961, "g2": -4.55859360161195, "g3": 1.196574470443429, "g4": 1.064934144690334, "g5": 0.10992096772340351, "g6": 0.2539834200818238, "g7": 1.5180401426992574, "i0": 4.0437717460501785, "i1": 0.6052020679341428, "i2": -6.653382797953198, "i3": 0.9239100294454504, "i4": 1.0600865988311772, "i5": -0.1364835662203115, "i6": 0.12585188854650123, "i7": 1.50594790476159, "r0": 2.5508705742556943, "r1": 0.39907706189657083, "r2": -8.714548779896974, "r3": 0.987341137180263, "r4": 1.049606704305677, "r5": 0.5187704961951914, "r6": 0.24478106463184204, "r7": 1.471727625803881}, "datetime": {"datetime": "2020-01-19 02:06:24", "elapsed": 36823.911159, "delta": 36.937453}}
