{"target": 19.95, "params": {"d0": 3.9154871917748304, "d1": -1.1696919228269422, "d2": 1.100696023136525, "g0": 0.5505551871772041, "g1": 0.7186924791069558, "g2": -4.277238175477775, "g3": 1.0767557046004677, "g4": 1.0306188207899198, "g5": -0.1272832293994639, "g6": 0.09162641794469639, "g7": 1.782756612863583, "i0": 3.7058825404000535, "i1": 0.5339121563963684, "i2": -5.728380987414777, "i3": 1.289195899831479, "i4": 1.0121628379003051, "i5": 0.3244963074317502, "i6": 0.5372268996598084, "i7": 1.3690510250769998, "r0": 3.217490756700751, "r1": 0.8851683122297686, "r2": -8.802229604541035, "r3": 1.0151744510040506, "r4": 1.1753231694504735, "r5": 0.11881314798771392, "r6": -0.36854688482000403, "r7": 1.4654221522830735}, "datetime": {"datetime": "2020-01-19 04:48:39", "elapsed": 46558.814331, "delta": 48.307579}}
{"target": 19.8, "params": {"d0": 2.2299448789200453, "d1": -8.593525631315593, "d2": 1.014130998481503, "g0": 0.4905252776727814, "g1": 0.29039288547938746, "g2": -5.258203706939816, "g3": 1.011023751401523, "g4": 1.0801869395337975, "g5": -0.1933781889966808, "g6": -0.035645594406403414, "g7": 1.8488506721926274, "i0": 4.439668406045152, "i1": 0.713981201004776, "i2": -5.574529562189215, "i3": 1.34339861483884, "i4": 0.8440165528605253, "i5": 0.3741356888561309, "i6": 0.1784938337031643, "i7": 1.8408055092724371, "r0": 1.618394305977779, "r1": 0.6289757342214173, "r2": -1.1200870665304237, "r3": 1.3945184179862438, "r4": 1.0116397418918281, "r5": -0.42882216562993103, "r6": -0.44004645222908456, "r7": 1.7545566951912308}, "datetime": {"datetime": "2020-01-19 04:49:20", "elapsed": 46599.101974, "delta": 40.287643}}
{"target": 19.85, "params": {"d0": 0.8650457938045055, "d1": -6.13672067777551, "d2": 1.2055035232556854, "g0": 0.7542837407366496, "g1": 0.41243127890823894, "g2": -5.968417974401431, "g3": 1.1200349309811775, "g4": 1.072652163943989, "g5": -0.23676062887000138, "g6": 0.8637367224154289, "g7": 1.3043154011519693, "i0": 3.302407426155235, "i1": 0.5135002079105869, "i2": -9.68600451350524, "i3": 1.1958592774662253, "i4": 0.9499554553475076, "i5": 0.2996415084819128, "i6": 0.811344765209133, "i7": 1.7736393855049746, "r0": 1.8312900726670795, "r1": 0.8467934765418238, "r2": -8.6578713917478, "r3": 1.1779837075695587, "r4": 1.1704985494401383, "r5": 0.5222391973464529, "r6": 0.5877366696088968, "r7": 1.866383321582974}, "datetime": {"datetime": "2020-01-19 04:50:04", "elapsed": 46643.824563, "delta": 44.722589}}
{"target": 20.55, "params": {"d0": 3.079024698821054, "d1": -7.96066015775852, "d2": 1.0164136735939502, "g0": 0.3895046155378168, "g1": 0.3509914569005502, "g2": -5.231216683109788, "g3": 1.2714078340592843, "g4": 1.0848935169196412, "g5": -0.2941614655902188, "g6": 0.4281259793027591, "g7": 1.6060739091955947, "i0": 3.222638071936478, "i1": 0.6613072538620537, "i2": -5.496245739760783, "i3": 1.1409001122930464, "i4": 1.0222174945259097, "i5": -0.04539165467911503, "i6": -0.024762775681770613, "i7": 1.6408975423443517, "r0": 2.0379604080340057, "r1": 0.49085850884026055, "r2": -2.7236470383754763, "r3": 1.188868760193472, "r4": 1.023477279377966, "r5": -0.11971461714858847, "r6": 0.30231816832976993, "r7": 1.48401918866771}, "datetime": {"datetime": "2020-01-19 04:50:51", "elapsed": 46690.319131, "delta": 46.494568}}
{"target": 20.35, "params": {"d0": 3.2718912040703163, "d1": -1.4222112381849341, "d2": 0.9597646849830057, "g0": 0.529091841173907, "g1": 0.5966915048068312, "g2": -5.119150322291056, "g3": 1.1228656557613264, "g4": 0.9894115182572891, "g5": 0.018359023322811877, "g6": 0.22927509695025336, "g7": 1.5320275259675915, "i0": 3.3638058986473607, "i1": 0.5504663175247522, "i2": -6.8239882265219824, "i3": 0.9713779969642898, "i4": 1.0852467991644543, "i5": -0.026348622006916542, "i6": 0.2015301093935713, "i7": 1.4903995123319784, "r0": 3.4042041875066107, "r1": 0.49442914239413793, "r2": -8.789296386901347, "r3": 1.1045963456814183, "r4": 1.053023866927067, "r5": 0.4007683863645054, "r6": 0.04209749657684864, "r7": 1.4873652707640594}, "datetime": {"datetime": "2020-01-19 04:51:43", "elapsed": 46742.775872, "delta": 52.456741}}
{"target": 20.6, "params": {"d0": 3.660956765743617, "d1": -1.6425503588406165, "d2": 1.0033658146122262, "g0": 0.6434313963288641, "g1": 0.5791840719074443, "g2": -4.573464480536882, "g3": 1.170509272351287, "g4": 1.1079544080256631, "g5": 0.025350836438502306, "g6": 0.09681796044133635, "g7": 1.3968482035491188, "i0": 4.007649002308619, "i1": 0.7742871785714768, "i2": -6.550044483427041, "i3": 0.8990158459108167, "i4": 1.1475694344755902, "i5": -0.09181451381254943, "i6": 0.08277422173035157, "i7": 1.5876347895163423, "r0": 2.409422800840297, "r1": 0.3300112402661458, "r2": -8.886226418338213, "r3": 1.1325850389593672, "r4": 1.0667915462973137, "r5": 0.538894049526125, "r6": 0.1595475013561531, "r7": 1.5974181863842793}, "datetime": {"datetime": "2020-01-19 04:52:26", "elapsed": 46785.573759, "delta": 42.797887}}
{"target": 20.9, "params": {"d0": 2.1664159561991654, "d1": -1.6866652865514047, "d2": 0.9871536349165675, "g0": 0.7433350558793357, "g1": 0.1214390066978661, "g2": -8.089211675771624, "g3": 1.296720212663151, "g4": 1.2705564866226733, "g5": 0.038103010602222244, "g6": 0.013584740834389512, "g7": 1.922777543499673, "i0": 2.9179154244546903, "i1": 0.4547682182120813, "i2": -9.185990195645353, "i3": 0.7438652076933867, "i4": 0.9438384775757783, "i5": -0.3947045815688669, "i6": 0.22465425948893564, "i7": 1.4240343485614593, "r0": 4.409252906948766, "r1": 0.3464829166042644, "r2": -8.89858736461526, "r3": 1.275380302574099, "r4": 1.1724838863014095, "r5": -0.7130272398017429, "r6": 0.38294785665569964, "r7": 0.9346114029776877}, "datetime": {"datetime": "2020-01-19 04:53:13", "elapsed": 46832.398876, "delta": 46.825117}}
{"target": 20.25, "params": {"d0": 3.7028239725903074, "d1": -6.177937181320156, "d2": 0.9692030147192534, "g0": 0.5950883814199364, "g1": 0.3004027252393704, "g2": -6.057873528525022, "g3": 1.4554521258476993, "g4": 0.9867958605400221, "g5": -0.5286044232027006, "g6": 0.3494974420808154, "g7": 1.6441623415124, "i0": 0.7018199111530463, "i1": 0.38071529953393485, "i2": -1.9882506179708048, "i3": 1.2100447093302003, "i4": 0.9928725286831558, "i5": -0.38641368335653886, "i6": -0.2142134932274329, "i7": 1.2457658925342223, "r0": 3.3722848568174264, "r1": 0.32366909424648466, "r2": -2.839320918457362, "r3": 1.0831988256584126, "r4": 0.9309237674694665, "r5": 0.5296118647601677, "r6": -0.17980811578473888, "r7": 1.4791637428819175}, "datetime": {"datetime": "2020-01-19 04:53:54", "elapsed": 46873.4896, "delta": 41.090724}}
{"target": 21.45, "params": {"d0": 3.5625020611229785, "d1": -1.5816202526855352, "d2": 0.9313199944460192, "g0": 0.5703578792624533, "g1": 0.5845131624134043, "g2": -4.4590280868910535, "g3": 1.1372134586906653, "g4": 1.1614988895651162, "g5": 0.08043278244984127, "g6": 0.24317888248481953, "g7": 1.4950818057430855, "i0": 3.9732334041572654, "i1": 0.7121774126477471, "i2": -6.580735237179811, "i3": 0.7889698270833762, "i4": 1.0771220797288257, "i5": -0.015702879777899616, "i6": 0.09902314381372046, "i7": 1.5337819078236985, "r0": 2.5837963247148235, "r1": 0.3665468202305902, "r2": -8.857641125755327, "r3": 1.0862755759705314, "r4": 0.9892984125037696, "r5": 0.5414316480512875, "r6": 0.2962881352717057, "r7": 1.6047834225105355}, "datetime": {"datetime": "2020-01-19 04:54:43", "elapsed": 46922.757425, "delta": 49.267825}}
{"target": 18.2, "params": {"d0": 3.8669697088716553, "d1": -0.8474586237926278, "d2": 0.8166419135392435, "g0": 0.8698484770868853, "g1": 0.9980306275549238, "g2": -4.919717708588561, "g3": 1.3652755309432543, "g4": 1.2876838396936652, "g5": 0.5144880988091161, "g6": 0.02148906647432869, "g7": 1.8009135452444895, "i0": 4.4051037662500985, "i1": 0.9012831607002116, "i2": -6.3940793312767585, "i3": 1.2641353177375447, "i4": 0.9854337809426497, "i5": -0.6190778138702993, "i6": 0.5427469006495569, "i7": 1.3849426940028915, "r0": 1.1129716906973437, "r1": 0.6065150211627289, "r2": -8.448476619005266, "r3": 1.1338114647062096, "r4": 0.8873042073689908, "r5": 0.05849534900516995, "r6": -0.1775776374410381, "r7": 1.348386190581914}, "datetime": {"datetime": "2020-01-19 04:55:28", "elapsed": 46967.712813, "delta": 44.955388}}
{"target": 9.2, "params": {"d0": 3.288402655433977, "d1": -2.119715418434213, "d2": 0.9587875170647172, "g0": 0.3437483349368964, "g1": 0.3141426076836096, "g2": -6.590356638620629, "g3": 1.3213689322640019, "g4": 1.1818327751626645, "g5": -0.5181027756764058, "g6": -0.4939393070166219, "g7": 1.578536726616739, "i0": 4.194581396941904, "i1": 0.047740730364044026, "i2": -6.829023015657326, "i3": 1.0816319770822915, "i4": 0.9087903575619317, "i5": -0.19837460892820236, "i6": 0.2032251729767791, "i7": 1.3784545531529553, "r0": 1.7540159043801413, "r1": 0.6583008179921319, "r2": -9.187266166058365, "r3": 1.4204557928510375, "r4": 0.9731723044857462, "r5": 0.7905072570735547, "r6": -0.14763304141086736, "r7": 1.8450918936585752}, "datetime": {"datetime": "2020-01-19 04:56:08", "elapsed": 47007.622009, "delta": 39.909196}}
{"target": 20.25, "params": {"d0": 4.374676075845663, "d1": -7.932675336028855, "d2": 1.0814461258228198, "g0": 0.4295715136265154, "g1": 0.5956316555565205, "g2": -3.120375430766641, "g3": 1.2991429562573786, "g4": 1.015058842315161, "g5": -0.213562978354429, "g6": 0.35389521876625313, "g7": 1.3817210098967347, "i0": 1.0124602508190805, "i1": 0.7001678797842602, "i2": -4.452326663711623, "i3": 1.0408620432085058, "i4": 0.9396758194271503, "i5": 0.18415390518156838, "i6": -0.39240337122522817, "i7": 1.494157615541528, "r0": 3.097951027936583, "r1": 0.7881552955633896, "r2": -4.695092083263861, "r3": 0.9097078385584517, "r4": 1.2119168475716944, "r5": 0.25005895163441894, "r6": 0.531435672448757, "r7": 1.820891674990243}, "datetime": {"datetime": "2020-01-19 04:56:54", "elapsed": 47053.122036, "delta": 45.500027}}
{"target": 20.2, "params": {"d0": 2.942193073214981, "d1": -8.158930789184932, "d2": 1.0575932519515552, "g0": 0.35704342646854326, "g1": 0.3024637421552839, "g2": -5.153646619803497, "g3": 1.3739761256372283, "g4": 1.077846388734831, "g5": -0.3404996204092343, "g6": 0.48788485959905503, "g7": 1.4598074164377663, "i0": 3.364241848067895, "i1": 0.7189379952948958, "i2": -5.316696375339706, "i3": 1.0559569050074102, "i4": 1.0862817344917866, "i5": 0.09938387370583111, "i6": -0.02394316236200117, "i7": 1.5175018391257848, "r0": 2.109331459890802, "r1": 0.3847105353787136, "r2": -2.58966675828198, "r3": 1.1340585173631204, "r4": 0.94929121385707, "r5": -0.08037757671722671, "r6": 0.06391440263624223, "r7": 1.4891297216459132}, "datetime": {"datetime": "2020-01-19 04:57:45", "elapsed": 47104.212578, "delta": 51.090542}}
{"target": 19.35, "params": {"d0": 4.22477132426453, "d1": -7.739043254674719, "d2": 1.4685933571964884, "g0": 0.6971119058530267, "g1": 0.4133055877892179, "g2": -3.6404605702261748, "g3": 1.420523763182133, "g4": 1.0326786422899124, "g5": -0.7046145293722127, "g6": 0.33235713151127044, "g7": 0.9485004842171126, "i0": 1.124811869754213, "i1": 0.19223756939326597, "i2": -4.00408975157287, "i3": 1.037742498442155, "i4": 1.1975170749908635, "i5": 0.03750719119935708, "i6": -0.06306564879274945, "i7": 1.007666806301583, "r0": 3.0087486794170064, "r1": 0.31049843328270266, "r2": -3.782538266530187, "r3": 1.1217880382415657, "r4": 1.2319598647659655, "r5": 0.7006365156772218, "r6": 0.335347514075119, "r7": 1.9232817172330856}, "datetime": {"datetime": "2020-01-19 04:58:30", "elapsed": 47149.833415, "delta": 45.620837}}
{"target": 17.8, "params": {"d0": 3.8292574991415402, "d1": -1.3247838280815962, "d2": 0.9770436852644948, "g0": 1.0663360739467698, "g1": 0.6414923046126317, "g2": -5.239484437497901, "g3": 0.9700743677012506, "g4": 0.9539100387362356, "g5": 0.40183977540658833, "g6": 0.28858629280874704, "g7": 1.979889479013345, "i0": 3.700511751864242, "i1": 0.7482086270815511, "i2": -7.691898484612612, "i3": 1.3136055678229546, "i4": 0.9190942674833591, "i5": 0.30043948254350816, "i6": 0.839080276119839, "i7": 1.4819680497140844, "r0": 2.6961117697950945, "r1": 0.2519979036450072, "r2": -8.749596922768266, "r3": 0.7687658624218464, "r4": 1.0091226464067928, "r5": 0.48875770152056086, "r6": 0.19859281070513735, "r7": 0.9574788868356706}, "datetime": {"datetime": "2020-01-19 04:59:16", "elapsed": 47195.463895, "delta": 45.63048}}
{"target": 19.15, "params": {"d0": 1.6869838612113999, "d1": -1.7934278066620286, "d2": 1.1625907945459215, "g0": 0.8611994357927784, "g1": 0.45945677553101827, "g2": -4.953043998855238, "g3": 1.0809042265773636, "g4": 1.0882317756265913, "g5": 0.27731297284917955, "g6": 0.42201728984311165, "g7": 1.0559780939137653, "i0": 2.9109141006719463, "i1": 0.88227865819869, "i2": -8.133514483274277, "i3": 0.7775411217786763, "i4": 0.8437278365042802, "i5": 0.28199724434914225, "i6": 0.13626173986720252, "i7": 1.1388762112372122, "r0": 0.5486254782891796, "r1": 0.39012553863581045, "r2": -9.037196339862076, "r3": 1.3711274897290067, "r4": 1.1616571846955064, "r5": 0.5507236568614216, "r6": 0.27783240209710225, "r7": 1.1866128177241433}, "datetime": {"datetime": "2020-01-19 05:00:05", "elapsed": 47244.006514, "delta": 48.542619}}
{"target": 20.35, "params": {"d0": 2.5853201525240848, "d1": -2.305579212698018, "d2": 0.9362277214965679, "g0": 0.609026434575726, "g1": 0.5237961695861489, "g2": -5.909846752090263, "g3": 1.1183494632652062, "g4": 0.890152719789423, "g5": -0.23287152916152576, "g6": 0.5575483685982668, "g7": 1.8735234721712535, "i0": 3.8150194067835566, "i1": 0.2296053975200167, "i2": -1.7412432203708479, "i3": 1.477608738603713, "i4": 0.8674337363039942, "i5": 0.660341618580683, "i6": 0.6479022141586697, "i7": 1.1187760777176472, "r0": 3.3080118549254176, "r1": 0.5229005096562027, "r2": -7.1027816960437775, "r3": 1.3028389499854782, "r4": 1.2978283880725683, "r5": 0.20469374718900474, "r6": -0.21499102187478986, "r7": 1.934513590325424}, "datetime": {"datetime": "2020-01-19 05:00:53", "elapsed": 47292.580411, "delta": 48.573897}}
{"target": 20.6, "params": {"d0": 4.553365138845345, "d1": -2.178104829836089, "d2": 1.4729896995660474, "g0": 0.49345238177148865, "g1": 0.16200737083969297, "g2": -4.867141597343128, "g3": 0.9433942048649517, "g4": 1.1777580024980985, "g5": 0.0783888525713069, "g6": 0.654423604783863, "g7": 1.7023723498210086, "i0": 4.440177917502728, "i1": 0.14159136966209396, "i2": -5.564676392678035, "i3": 1.4021322436484638, "i4": 1.2526452307340972, "i5": 0.09459787277982756, "i6": 0.11866159497572015, "i7": 1.5830609807407514, "r0": 2.702835085287427, "r1": 0.25506145586236706, "r2": -8.103659762838458, "r3": 1.3655834006700316, "r4": 1.064516905630684, "r5": 0.5252225544846023, "r6": 0.08754000184835065, "r7": 1.4639414384300387}, "datetime": {"datetime": "2020-01-19 05:01:42", "elapsed": 47341.470216, "delta": 48.889805}}
{"target": 14.3, "params": {"d0": 3.744859399264393, "d1": -1.4050184171146292, "d2": 0.7214652864633466, "g0": 0.6736034387631717, "g1": 0.2940803785915478, "g2": -5.643520189235441, "g3": 1.139347353401098, "g4": 0.8731243893962307, "g5": 0.01646866570658878, "g6": -0.13149070074137098, "g7": 1.4818320374376635, "i0": 3.9000444598391386, "i1": 0.7019935791661204, "i2": -6.828819952762558, "i3": 0.8548140473496222, "i4": 0.8065575012114887, "i5": -0.4056540260092639, "i6": -0.036974710243318054, "i7": 1.3469435036333213, "r0": 1.2798882956876918, "r1": 0.32361392785309684, "r2": -9.83796305678725, "r3": 1.3790943763146992, "r4": 1.2147517421685339, "r5": 0.006140362641991581, "r6": -0.30831930616645864, "r7": 1.507517774748878}, "datetime": {"datetime": "2020-01-19 05:02:34", "elapsed": 47393.070111, "delta": 51.599895}}
{"target": 17.55, "params": {"d0": 2.6488302324073483, "d1": -1.2160564312014905, "d2": 1.4827665369630285, "g0": 1.1688217450207632, "g1": 0.9266871594075975, "g2": -4.763852624212129, "g3": 1.4625225337852754, "g4": 0.8881240442994052, "g5": -0.6144041255102336, "g6": -0.16696491357671878, "g7": 1.3683185817021801, "i0": 3.686221984383513, "i1": 0.11542566395212817, "i2": -6.67135986994955, "i3": 1.1934771087831215, "i4": 1.2408072578301281, "i5": -0.683825755384958, "i6": -0.11650701775742478, "i7": 1.354414332157004, "r0": 2.900521386530444, "r1": 0.6463436850665745, "r2": -9.079640884773163, "r3": 1.0587794877090133, "r4": 1.2719382844892064, "r5": 0.7691592530128806, "r6": 0.3859724273946863, "r7": 1.4720824152024417}, "datetime": {"datetime": "2020-01-19 05:03:20", "elapsed": 47438.973585, "delta": 45.903474}}
{"target": 21.35, "params": {"d0": 3.566179684201306, "d1": -1.5799121098826103, "d2": 0.9694339245299126, "g0": 0.5410491891664143, "g1": 0.509474126352579, "g2": -4.496190115674178, "g3": 1.0907144112737597, "g4": 1.187416807066513, "g5": 0.09501789028710117, "g6": 0.12709210574807947, "g7": 1.4649575583515508, "i0": 3.9532065713561226, "i1": 0.6406065083423099, "i2": -6.707819085519737, "i3": 0.8161252144077897, "i4": 1.1290720824170475, "i5": -0.09752834021043504, "i6": 0.09342056038860065, "i7": 1.5467044510227856, "r0": 2.3635453852635444, "r1": 0.35926758582883955, "r2": -8.82739841266459, "r3": 1.0842270690141427, "r4": 0.9983203284631798, "r5": 0.5705496339621902, "r6": 0.269468359042282, "r7": 1.6212902094790078}, "datetime": {"datetime": "2020-01-19 05:04:05", "elapsed": 47484.52301, "delta": 45.549425}}
{"target": 20.65, "params": {"d0": 3.3490527910256573, "d1": -9.072447357353647, "d2": 0.8935382835901479, "g0": 0.7463978255318553, "g1": 0.5863364268693284, "g2": -5.655848158540543, "g3": 1.4921447001084527, "g4": 1.0275322250182977, "g5": -0.37125676190812423, "g6": 0.1423017573661838, "g7": 1.637334802470372, "i0": 4.666638127384713, "i1": 0.8058822177066762, "i2": -5.939787480955894, "i3": 0.9738981404061957, "i4": 1.1622199942821472, "i5": 0.13179708405936214, "i6": -0.125272389039643, "i7": 1.7291464357636424, "r0": 1.775683027939111, "r1": 0.8975166044345145, "r2": -1.467990374591894, "r3": 1.3845757519677284, "r4": 0.9174602092947771, "r5": -0.47183108334498686, "r6": 0.08760682017582234, "r7": 1.5220315872860408}, "datetime": {"datetime": "2020-01-19 05:04:47", "elapsed": 47526.478997, "delta": 41.955987}}
{"target": 21.05, "params": {"d0": 3.5385478814764055, "d1": -1.431413010197626, "d2": 0.9672877579012406, "g0": 0.5744664480157479, "g1": 0.5463143721179077, "g2": -4.733446935203557, "g3": 1.2089496605822705, "g4": 0.9902479438154715, "g5": 0.0292065761616945, "g6": 0.2489537316257502, "g7": 1.6644646541515693, "i0": 3.503878001268859, "i1": 0.6319228891286582, "i2": -6.524958257046284, "i3": 1.0452089422868098, "i4": 1.192496996106177, "i5": -0.13241561584369155, "i6": -0.017985882962407777, "i7": 1.5386155455137296, "r0": 3.342712870081982, "r1": 0.5460822871103055, "r2": -8.642903266419724, "r3": 1.0745861352998782, "r4": 0.9965944878823406, "r5": 0.44994420994824746, "r6": 0.0035221325450802607, "r7": 1.6500041412475568}, "datetime": {"datetime": "2020-01-19 05:05:38", "elapsed": 47576.935683, "delta": 50.456686}}
{"target": 20.65, "params": {"d0": 3.1693273918823834, "d1": -8.06535238534767, "d2": 0.9404772553196341, "g0": 0.4777541505389099, "g1": 0.34391050477027085, "g2": -5.256769216976857, "g3": 1.3909298881732177, "g4": 1.0028535673757675, "g5": -0.38345257615963924, "g6": 0.41341759312207954, "g7": 1.6106885976356635, "i0": 3.103866584596947, "i1": 0.7255983511163586, "i2": -5.415162110838657, "i3": 1.1000547048200089, "i4": 1.1333042329739744, "i5": 0.014910034446125929, "i6": -0.06900911119232433, "i7": 1.68430418013632, "r0": 2.0251035550983576, "r1": 0.4252939448116044, "r2": -2.6301700961270322, "r3": 1.168295907882542, "r4": 0.8999540765789023, "r5": -0.14772551397441325, "r6": 0.2600761249770513, "r7": 1.51462905063594}, "datetime": {"datetime": "2020-01-19 05:06:26", "elapsed": 47625.340226, "delta": 48.404543}}
{"target": 20.95, "params": {"d0": 3.666327767495913, "d1": -1.6480947628517495, "d2": 0.885921460555058, "g0": 0.5031435905298567, "g1": 0.5144364314978144, "g2": -4.435118001775213, "g3": 1.1074916190264816, "g4": 1.121524690512076, "g5": 0.059289750184575954, "g6": 0.15002109513268416, "g7": 1.4303544421269556, "i0": 3.8957608917628437, "i1": 0.7139394949233979, "i2": -6.540803134646541, "i3": 0.9031374060500575, "i4": 1.179847974551781, "i5": -0.04015605218225754, "i6": 0.10491336540683463, "i7": 1.5441041613631468, "r0": 2.4741006182769114, "r1": 0.43110122022842245, "r2": -8.768186514990928, "r3": 1.1133645506342167, "r4": 0.9971117472778142, "r5": 0.5221181619931795, "r6": 0.28079177469346683, "r7": 1.6561263256311387}, "datetime": {"datetime": "2020-01-19 05:07:15", "elapsed": 47673.951987, "delta": 48.611761}}
{"target": 20.8, "params": {"d0": 3.6825876984592205, "d1": -1.4826698980297264, "d2": 0.9773877626579713, "g0": 0.5631087325300483, "g1": 0.5830384971887762, "g2": -4.516857893102407, "g3": 1.244791137202318, "g4": 1.111888388391427, "g5": 0.05669281609654869, "g6": 0.2670068484087076, "g7": 1.5632944111459015, "i0": 3.915472725545261, "i1": 0.6684911057369812, "i2": -6.506054320454487, "i3": 0.8414071172803493, "i4": 1.1143784842047033, "i5": 0.022331325494242275, "i6": 0.15339034240314228, "i7": 1.5278801940590145, "r0": 2.841253582538828, "r1": 0.4512040987201808, "r2": -8.798772896557484, "r3": 1.0288324839659706, "r4": 1.1167036964106416, "r5": 0.4047081009189939, "r6": 0.2194960323164714, "r7": 1.5248053302446618}, "datetime": {"datetime": "2020-01-19 05:07:57", "elapsed": 47716.266252, "delta": 42.314265}}
