{"target": 20.0, "params": {"d0": 1.2963302767012053, "d1": -7.162314022713048, "d2": 1.0576451795666812, "g0": 0.7930920829517074, "g1": 0.5685813927379626, "g2": -5.504672931607713, "g3": 1.409938558276694, "g4": 0.9074157440291739, "g5": -0.5312800493941212, "g6": 0.24345082127683138, "g7": 1.468288065140118, "i0": 2.030980518567236, "i1": 0.2367964169533654, "i2": -4.636363425157849, "i3": 1.4697126628896167, "i4": 0.9282178190687578, "i5": -0.34689631998977344, "i6": -0.4528026727895329, "i7": 1.8637158678435592, "r0": 1.3719231408155115, "r1": 0.05976241619416256, "r2": -2.4794755563371904, "r3": 1.4433512793557253, "r4": 1.0119654836655811, "r5": -0.27983020489731847, "r6": 0.5332365984402494, "r7": 1.1277654018578498}, "datetime": {"datetime": "2020-01-18 00:54:15", "elapsed": 14841.940293, "delta": 40.854294}}
{"target": 12.0, "params": {"d0": 2.7575905586180927, "d1": -5.054652531984054, "d2": 1.169887506332823, "g0": 4.176202322326069, "g1": 0.6841282961300403, "g2": -1.176127342424186, "g3": 0.923484037218841, "g4": 0.9249778508918205, "g5": -0.499020857402347, "g6": -0.48746748853575245, "g7": 1.6232017641348562, "i0": 1.8590851671103454, "i1": 0.1661259580306398, "i2": -7.408213761931424, "i3": 0.8460019971726052, "i4": 0.8890362130733012, "i5": -0.43557086450763394, "i6": -0.35538419003942306, "i7": 1.498515590248288, "r0": 4.1809794907904, "r1": 0.3466401247064954, "r2": -0.874000833727921, "r3": 1.2471354496174885, "r4": 1.2130185672819538, "r5": 0.6797668286456424, "r6": 0.5784183275185681, "r7": 1.7474709531910462}, "datetime": {"datetime": "2020-01-18 00:54:58", "elapsed": 14885.280532, "delta": 43.340239}}
{"target": 19.0, "params": {"d0": 1.7983712073908937, "d1": -2.1925721326597944, "d2": 1.4892131645641955, "g0": 1.2278148727008353, "g1": 0.46749961140689744, "g2": -5.996646539211308, "g3": 1.1466084969733688, "g4": 1.0646323100819877, "g5": 0.2528429653721038, "g6": 0.24509407959121332, "g7": 1.653922422518196, "i0": 1.5642869007070248, "i1": 0.21437646175366676, "i2": -0.9282300936929602, "i3": 1.1460822521321272, "i4": 0.8145086389582935, "i5": -0.6048543045410611, "i6": 0.5220974464896049, "i7": 1.7895813828456797, "r0": 4.117403147399116, "r1": 0.43309532520533645, "r2": -4.195698641425291, "r3": 1.3460515420488586, "r4": 1.2787917322888638, "r5": 0.6076012744921093, "r6": 0.08276620974949833, "r7": 1.9576322659092278}, "datetime": {"datetime": "2020-01-18 01:05:18", "elapsed": 15504.314399, "delta": 46.385631}}
{"target": 10.95, "params": {"d0": 3.0186240452733486, "d1": -7.490253948102974, "d2": 0.7529486181465934, "g0": 3.3863746195705007, "g1": 0.768339628425048, "g2": -8.807249851197067, "g3": 1.291649194563635, "g4": 1.1865941565886775, "g5": -0.6240439412976264, "g6": 0.2297041126777576, "g7": 0.9062974922191085, "i0": 3.129560244085497, "i1": 0.8589844546773492, "i2": -1.3982706308379491, "i3": 1.449821929014524, "i4": 1.191919140259267, "i5": -0.10873806873231806, "i6": 0.6610273150062493, "i7": 1.9819108165224812, "r0": 1.8362579109675252, "r1": 0.035894985689366776, "r2": -4.922589465526364, "r3": 0.9819994977730304, "r4": 0.8880309905834625, "r5": 0.6948833285849847, "r6": -0.3205728935590376, "r7": 1.6196868047884778}, "datetime": {"datetime": "2020-01-18 01:08:44", "elapsed": 15711.216119, "delta": 52.66372}}
{"target": 11.15, "params": {"d0": 0.843647361310465, "d1": -2.0356233173948626, "d2": 0.9064844396478353, "g0": 3.4900354128348905, "g1": 0.6278937000325981, "g2": -2.8420230293648583, "g3": 0.9006637179734759, "g4": 1.052012184997826, "g5": -0.2525853868699758, "g6": -0.22955079268991818, "g7": 1.4230575309679385, "i0": 4.560616164747356, "i1": 0.5679419535283431, "i2": -3.691101075528435, "i3": 1.1393997285094928, "i4": 0.8225149844808644, "i5": 0.5898675604742023, "i6": -0.3128099107104005, "i7": 1.7100485865402417, "r0": 2.258788217783661, "r1": 0.710274560860654, "r2": -1.3887154415096692, "r3": 1.2572573819215904, "r4": 1.2269514730674054, "r5": -0.02068800688296457, "r6": -0.3623036010314214, "r7": 1.3164492769245286}, "datetime": {"datetime": "2020-01-18 01:09:47", "elapsed": 15773.297224, "delta": 62.081105}}
{"target": 7.4, "params": {"d0": 0.957088650910527, "d1": -2.3648401455902492, "d2": 1.2562967424540936, "g0": 2.8976493296072476, "g1": 0.7688411541865142, "g2": -6.30635898271448, "g3": 0.9953415072564108, "g4": 1.1501047310764947, "g5": -0.07631507994858944, "g6": 0.7178736107791113, "g7": 1.0700723247173791, "i0": 2.9492821947972905, "i1": 0.3735683355415079, "i2": -7.529214056709483, "i3": 0.9034638865749609, "i4": 1.1718735869873445, "i5": -0.27381669484589044, "i6": -0.1581263298542669, "i7": 1.8958922883279563, "r0": 2.0814716805851923, "r1": 0.5343963731173853, "r2": -6.279394551356331, "r3": 0.8870853458077499, "r4": 0.8511717635929681, "r5": -0.7117086240493802, "r6": 0.8093078715602433, "r7": 1.0902668997664493}, "datetime": {"datetime": "2020-01-18 01:10:40", "elapsed": 15826.710181, "delta": 53.412957}}
{"target": 13.15, "params": {"d0": 2.6947583438845877, "d1": -0.21275836069854215, "d2": 0.8338638139017318, "g0": 2.9788177580974335, "g1": 0.7513657168706862, "g2": -9.201129473916634, "g3": 1.062181779417941, "g4": 1.1959136992440529, "g5": 0.35484614392355573, "g6": 0.5178469193962769, "g7": 1.7433582241480248, "i0": 2.910512614770707, "i1": 0.37489694355092473, "i2": -5.529065287014912, "i3": 0.9243410726991593, "i4": 0.9696278516676077, "i5": 0.608264766704262, "i6": 0.3045247571405373, "i7": 0.9811185058351246, "r0": 3.3613402890874284, "r1": 0.7297565509739476, "r2": -6.043904519859627, "r3": 0.9780272068046324, "r4": 0.8537662655199942, "r5": 0.07460721686325245, "r6": -0.10576637676069384, "r7": 1.9098183424502286}, "datetime": {"datetime": "2020-01-18 01:11:14", "elapsed": 15861.193967, "delta": 34.483786}}
{"target": 11.4, "params": {"d0": 4.25322654727618, "d1": -3.4639213679732297, "d2": 1.4006701507792778, "g0": 4.844552354989197, "g1": 0.590786894828576, "g2": -0.19868283093959782, "g3": 1.139409813345317, "g4": 0.9467977881911656, "g5": -0.01402121306495907, "g6": 0.10762946626946479, "g7": 1.5597533741652614, "i0": 2.403487449016233, "i1": 0.2867027835519399, "i2": -3.748118530980843, "i3": 1.3443205849429445, "i4": 0.8393738588972697, "i5": -0.12220258858543342, "i6": 0.46750305205433096, "i7": 0.9080122250346326, "r0": 4.378445443743171, "r1": 0.6940210321020192, "r2": -2.5023122560584454, "r3": 1.1186363030970323, "r4": 1.2877333915246303, "r5": -0.5550623570489072, "r6": 0.9337245852474503, "r7": 1.9951582658606766}, "datetime": {"datetime": "2020-01-18 01:11:51", "elapsed": 15898.153225, "delta": 36.959258}}
{"target": 12.9, "params": {"d0": 0.3927671396924759, "d1": -6.631155791437254, "d2": 1.4941948949467525, "g0": 2.1338036479024773, "g1": 0.8233484480591903, "g2": -7.118843717086133, "g3": 1.1096754521393024, "g4": 1.0330521297776991, "g5": -0.26729120257272043, "g6": 0.2906226705681061, "g7": 0.9885626311164593, "i0": 1.1059759097747852, "i1": 0.3359591044918179, "i2": -0.31125833622645516, "i3": 1.0526035088618024, "i4": 1.280656535997475, "i5": 0.11778893425184689, "i6": -0.4300765972725201, "i7": 1.624585371110184, "r0": 0.07386909467553715, "r1": 0.7424713487296055, "r2": -5.792954697466856, "r3": 1.1271077567669223, "r4": 1.1944157746099449, "r5": 0.6489521850196238, "r6": 0.9803174831662507, "r7": 1.7822841076860736}, "datetime": {"datetime": "2020-01-18 01:12:51", "elapsed": 15957.532588, "delta": 59.379363}}
{"target": 8.75, "params": {"d0": 0.012713072150457028, "d1": -3.9991461539222666, "d2": 0.931076821671003, "g0": 3.54857871429745, "g1": 0.30554379335285475, "g2": -4.4413273777136535, "g3": 1.4344553586563142, "g4": 0.9239351362856301, "g5": -0.6210537909421711, "g6": 0.2703111642503988, "g7": 1.9050874325617309, "i0": 0.8961915353123601, "i1": 0.2558784303517144, "i2": -9.660041693994511, "i3": 0.7122973961185204, "i4": 1.0711093727770866, "i5": 0.5685764614419786, "i6": 0.16978422075242527, "i7": 1.1592008634340174, "r0": 4.682670249135619, "r1": 0.6192088794612325, "r2": -1.354238388788847, "r3": 0.8024907087362363, "r4": 1.020619190442722, "r5": 0.5720863515390335, "r6": 0.8472904219988433, "r7": 1.864990280338786}, "datetime": {"datetime": "2020-01-18 01:13:59", "elapsed": 16025.870305, "delta": 68.337717}}
{"target": 17.9, "params": {"d0": 3.127359994240711, "d1": -2.4188817823529893, "d2": 1.2403986942696987, "g0": 4.2258174002239945, "g1": 0.6324473866739604, "g2": -8.28110248223361, "g3": 1.2204159931154501, "g4": 1.0276700100441214, "g5": -0.7058389734292558, "g6": 0.3037942206082619, "g7": 1.3832213658002317, "i0": 4.37363207203966, "i1": 0.6607233018499858, "i2": -7.392118810919641, "i3": 0.8734123643088201, "i4": 0.8486615817881293, "i5": -0.04936937818392639, "i6": 0.02469954411770625, "i7": 1.5350839307701363, "r0": 0.28470996322347786, "r1": 0.24991722709961772, "r2": -4.877054265225666, "r3": 1.0007665502204008, "r4": 1.1134509795266507, "r5": -0.20284810714924206, "r6": 0.19046970135592645, "r7": 1.157637086729117}, "datetime": {"datetime": "2020-01-18 01:14:41", "elapsed": 16068.036246, "delta": 42.165941}}
{"target": 10.25, "params": {"d0": 1.4979458592725998, "d1": -8.847156500045811, "d2": 1.3179515032007592, "g0": 3.969414695824662, "g1": 0.043935852911822226, "g2": -8.39038723947231, "g3": 1.3422861903014454, "g4": 1.255238373575954, "g5": -0.20929472906720192, "g6": 0.512965722985129, "g7": 1.1089930760021964, "i0": 4.356161599368205, "i1": 0.824706322718061, "i2": -7.49987108613939, "i3": 1.1742795645008983, "i4": 1.1678814845482173, "i5": 0.6141499569859799, "i6": 0.20159195797615082, "i7": 1.0480828765818946, "r0": 0.5469756046562901, "r1": 0.5296773352894121, "r2": -9.50711427700757, "r3": 1.1967167298277193, "r4": 0.8166641024774655, "r5": -0.7661060746027677, "r6": -0.3871860759307415, "r7": 1.3048314161349033}, "datetime": {"datetime": "2020-01-18 01:15:26", "elapsed": 16112.418924, "delta": 44.382678}}
{"target": 17.3, "params": {"d0": 1.9087616327419366, "d1": -2.3302986310754914, "d2": 1.3767573859141609, "g0": 3.6360039552121375, "g1": 0.8844331842097144, "g2": -4.250975098390387, "g3": 1.4519074600927537, "g4": 1.2533946804775569, "g5": -0.08250105005956931, "g6": 0.21958915227272913, "g7": 1.8423252060569584, "i0": 1.992030560685147, "i1": 0.9419997748964922, "i2": -7.0668804184246, "i3": 0.9072059445676647, "i4": 0.8544640170234656, "i5": -0.4047305378060118, "i6": 0.3066304621181517, "i7": 1.978261120296541, "r0": 1.0386485913127619, "r1": 0.5470199859158403, "r2": -1.2160946447180283, "r3": 1.1717295098116303, "r4": 1.2176380904958446, "r5": -0.4171431652991162, "r6": -0.39038041177828675, "r7": 1.9482630441367683}, "datetime": {"datetime": "2020-01-18 01:16:11", "elapsed": 16157.528361, "delta": 45.109437}}
{"target": 10.25, "params": {"d0": 0.5616348680431443, "d1": -1.9760350423229553, "d2": 1.22081204654337, "g0": 4.325570720975732, "g1": 0.6297495653759271, "g2": -7.018217104339549, "g3": 1.445185550932287, "g4": 1.146151023314224, "g5": 0.6026188349392261, "g6": 0.7232384378780996, "g7": 1.0496025533840667, "i0": 3.497062144596283, "i1": 0.6810059931456934, "i2": -2.4420404321560625, "i3": 1.3397204895966635, "i4": 1.2707230358084178, "i5": -0.6957643932680583, "i6": 0.2629225782033825, "i7": 1.4496226769203369, "r0": 3.503821082307704, "r1": 0.9956033740392188, "r2": -0.9201881874053832, "r3": 0.9375097023865728, "r4": 0.9678772531897895, "r5": 0.512273127158476, "r6": 0.04242052755588166, "r7": 1.25791247372286}, "datetime": {"datetime": "2020-01-18 01:17:14", "elapsed": 16220.445111, "delta": 62.91675}}
{"target": 9.4, "params": {"d0": 2.2235190148331245, "d1": -7.228794008232046, "d2": 1.2992042012087375, "g0": 2.26337917502681, "g1": 0.1639235204613816, "g2": -0.0953923766938054, "g3": 0.970397826663002, "g4": 0.9508795598292732, "g5": -0.43947817375052467, "g6": 0.13861573753433032, "g7": 1.664632574258945, "i0": 3.012032748759028, "i1": 0.18146092411775072, "i2": -7.354382527185457, "i3": 1.17860008684857, "i4": 1.2290233613652266, "i5": -0.13933420956613163, "i6": -0.1762277404547658, "i7": 1.2557272840361446, "r0": 3.4584521672309547, "r1": 0.7009487826238057, "r2": -7.766494224987314, "r3": 1.0171965116589547, "r4": 1.149664953868555, "r5": 0.35291990572389587, "r6": -0.30422637989906925, "r7": 1.5703114347060074}, "datetime": {"datetime": "2020-01-18 01:17:53", "elapsed": 16260.150566, "delta": 39.705455}}
{"target": 16.2, "params": {"d0": 4.430333335421918, "d1": -4.17638643607134, "d2": 0.9457671581988234, "g0": 3.725702115668959, "g1": 0.9776968318462774, "g2": -0.9537630591360546, "g3": 1.3972825398474553, "g4": 0.8001461242652996, "g5": 0.13218600919026535, "g6": -0.10592001200221163, "g7": 1.794306368753543, "i0": 2.617393158042124, "i1": 0.8939002750406869, "i2": -4.762550467401828, "i3": 1.412908115017764, "i4": 1.0248607114826689, "i5": 0.09839975001638579, "i6": 0.7187268167353098, "i7": 1.3434889344623735, "r0": 2.8433409921394577, "r1": 0.8984612779316369, "r2": -5.153773661556697, "r3": 1.1724713083076765, "r4": 1.268189691612077, "r5": 0.6132025553611009, "r6": 0.6365789075790618, "r7": 1.6823540944226079}, "datetime": {"datetime": "2020-01-18 01:18:36", "elapsed": 16302.336488, "delta": 42.185922}}
{"target": 15.6, "params": {"d0": 4.095975474651599, "d1": -8.939181951969381, "d2": 1.0048266555039411, "g0": 2.7289524483868504, "g1": 0.8585093964804711, "g2": -8.53597643055016, "g3": 1.2712316227967366, "g4": 1.0954835705422414, "g5": 0.17395195417921538, "g6": 0.05892825564161197, "g7": 1.9074044471388154, "i0": 3.569525583772417, "i1": 0.6682994134920214, "i2": -7.785346430832462, "i3": 1.3503001440963858, "i4": 1.0479271553240719, "i5": 0.013393464380747844, "i6": -0.3728999295141465, "i7": 1.3809949679027747, "r0": 4.316006228373178, "r1": 0.6802363959759464, "r2": -8.105752462116415, "r3": 1.167258641243719, "r4": 1.2720032502652234, "r5": 0.011936413253648581, "r6": 0.9511036509526443, "r7": 1.3028937305817596}, "datetime": {"datetime": "2020-01-18 01:19:11", "elapsed": 16337.40168, "delta": 35.065192}}
{"target": 18.75, "params": {"d0": 1.4537445086011376, "d1": -1.6014944058994498, "d2": 1.3957801067385298, "g0": 1.0083312257287607, "g1": 0.7194519874718599, "g2": -4.0789343701918845, "g3": 1.4156092702273306, "g4": 0.8747228995764207, "g5": 0.4208434920775792, "g6": 0.5349329026468332, "g7": 1.7745173628663116, "i0": 2.266437466540233, "i1": 0.22843091813142036, "i2": -7.13945003994046, "i3": 0.9434423349610762, "i4": 1.2201335688918107, "i5": 0.059452183169713235, "i6": 0.3453759404365263, "i7": 1.212584691774353, "r0": 4.170791566955884, "r1": 0.7049307567282705, "r2": -1.218604387009247, "r3": 0.8052213405139059, "r4": 1.2247989181520365, "r5": -0.7166202265286007, "r6": 0.8156933274965688, "r7": 1.1637156524279548}, "datetime": {"datetime": "2020-01-18 01:19:57", "elapsed": 16384.213377, "delta": 46.811697}}
{"target": 19.65, "params": {"d0": 4.97280394672872, "d1": -2.8166323945600835, "d2": 0.9050806040120212, "g0": 1.7440672326861528, "g1": 0.4209518983893945, "g2": -3.7710964143611836, "g3": 1.4402600804544186, "g4": 1.2020288403600796, "g5": -0.7705443467299592, "g6": 0.023915491449908788, "g7": 1.4130988024365023, "i0": 1.065018937760815, "i1": 0.02292032872864236, "i2": -2.489917152564722, "i3": 1.2525702762108288, "i4": 0.8563982965769195, "i5": -0.5927101408567085, "i6": -0.08080117879134757, "i7": 1.18095464878929, "r0": 2.3175986133994355, "r1": 0.4212268654152771, "r2": -4.156481049896073, "r3": 1.2228425373981389, "r4": 0.8993685484582977, "r5": 0.0162692137130509, "r6": 0.34901948839131247, "r7": 1.3289874376936195}, "datetime": {"datetime": "2020-01-18 01:31:52", "elapsed": 17098.484987, "delta": 34.04722}}
{"target": 15.4, "params": {"d0": 4.243019258906262, "d1": -3.9302908458116423, "d2": 1.1163010142133207, "g0": 3.6818743754255445, "g1": 0.4350003701132017, "g2": -3.7933735216293414, "g3": 0.9847108403738172, "g4": 1.2423749295470805, "g5": 0.7039699559100552, "g6": -0.2673659087327641, "g7": 1.5727457084521177, "i0": 2.7747654628090475, "i1": 0.08122209974519468, "i2": -0.4143045980423441, "i3": 1.10110671604825, "i4": 1.0499457396047693, "i5": 0.07106724911690543, "i6": 0.5318534560273402, "i7": 1.644846286759213, "r0": 1.7435021392291312, "r1": 0.21310997156493638, "r2": -3.9231521022657025, "r3": 1.3192917854378448, "r4": 1.1086604292703628, "r5": -0.053415535328214525, "r6": -0.08710470851760066, "r7": 1.0163119869985062}, "datetime": {"datetime": "2020-01-18 01:32:29", "elapsed": 17136.149026, "delta": 37.664039}}
{"target": 9.05, "params": {"d0": 1.9530664705550587, "d1": -3.0775664118810555, "d2": 0.7386787550386154, "g0": 2.8253985709212044, "g1": 0.055936631308029616, "g2": -8.58974466434692, "g3": 1.1045687578785501, "g4": 1.2750625603711618, "g5": -0.7870496925828587, "g6": 0.07495423767635878, "g7": 1.054167956194473, "i0": 4.572461123385894, "i1": 0.3774747695963965, "i2": -2.7995052947006913, "i3": 1.1303460965615773, "i4": 1.017578258717252, "i5": -0.6255462126151085, "i6": 0.8059622691852042, "i7": 1.0789253596308623, "r0": 3.7942102475971797, "r1": 0.6356855992737634, "r2": -5.4177863893519635, "r3": 0.741222351067466, "r4": 0.9536462773786933, "r5": 0.04677397788506177, "r6": 0.2031340773124607, "r7": 1.589897338932417}, "datetime": {"datetime": "2020-01-18 01:33:04", "elapsed": 17171.191242, "delta": 35.042216}}
{"target": 10.25, "params": {"d0": 1.544802510981521, "d1": -1.022404106207194, "d2": 1.4635414536076858, "g0": 2.101024265464932, "g1": 0.7073724858993311, "g2": -4.2676244230641105, "g3": 1.1576146581143079, "g4": 0.9238917529060606, "g5": 0.33717330855322714, "g6": -0.014970757289354819, "g7": 1.8934310484616579, "i0": 4.621182040240054, "i1": 0.02734563506022314, "i2": -4.00714061977217, "i3": 0.9106234875485772, "i4": 1.0306773555243152, "i5": -0.26951161797801293, "i6": 0.8396896254163906, "i7": 1.1298984477451213, "r0": 0.904447274079288, "r1": 0.07159580931071108, "r2": -0.011953798766226598, "r3": 0.8644313133051146, "r4": 1.0544993363466855, "r5": -0.425218212427682, "r6": 0.005296104128852397, "r7": 1.3660106252506785}, "datetime": {"datetime": "2020-01-18 01:33:37", "elapsed": 17204.221522, "delta": 33.03028}}
{"target": 7.75, "params": {"d0": 1.7653316380485102, "d1": -0.28461349980722694, "d2": 0.701096254098907, "g0": 4.8389142533936305, "g1": 0.3472809299836018, "g2": -8.13118732365242, "g3": 0.903424879555812, "g4": 0.9811068744463115, "g5": -0.5712857863838953, "g6": 0.5904436358887517, "g7": 1.3245943071115656, "i0": 1.8163314120273748, "i1": 0.22393525554715976, "i2": -7.399708436265807, "i3": 1.136857208109638, "i4": 0.9805169812860006, "i5": -0.7644911222580687, "i6": -0.04687529177733757, "i7": 1.7094979443162979, "r0": 3.355390994308263, "r1": 0.6167315661992062, "r2": -8.291878308708224, "r3": 1.2650614683011074, "r4": 0.8549598198881614, "r5": 0.5803830289903542, "r6": 0.7017776555402899, "r7": 1.3188398993410768}, "datetime": {"datetime": "2020-01-18 01:34:17", "elapsed": 17243.405009, "delta": 39.183487}}
{"target": 17.75, "params": {"d0": 2.2522136985378522, "d1": -0.9624089030939267, "d2": 1.0686070069964557, "g0": 4.593982281315234, "g1": 0.9804428546829809, "g2": -5.971904669447636, "g3": 1.2960651056979153, "g4": 1.2262547602172833, "g5": 0.2949795436746234, "g6": -0.2612305053040588, "g7": 1.7693897419911373, "i0": 4.852047881543332, "i1": 0.8433396239099296, "i2": -8.667375708530164, "i3": 1.280168498643231, "i4": 0.9578053416679626, "i5": 0.05519849186030845, "i6": 0.02694326968924554, "i7": 1.9555309784423116, "r0": 0.08514240388005079, "r1": 0.7306336617137393, "r2": -4.48420155318448, "r3": 1.0129243552282043, "r4": 1.2282520597619737, "r5": -0.7451948346965191, "r6": 0.5912886660213399, "r7": 1.300898139078046}, "datetime": {"datetime": "2020-01-18 01:34:55", "elapsed": 17281.653942, "delta": 38.248933}}
{"target": 9.65, "params": {"d0": 1.573816469330735, "d1": -1.472745495877124, "d2": 0.9195704251392463, "g0": 4.6125442371961265, "g1": 0.33953318331049964, "g2": -7.444113660302426, "g3": 1.2520232832784268, "g4": 1.2349076232801517, "g5": 0.25240411110401006, "g6": -0.4586648964783844, "g7": 1.1301961517361399, "i0": 1.4353724090964315, "i1": 0.2741010013483325, "i2": -0.7766520008058944, "i3": 1.3681331680646014, "i4": 1.145694401841331, "i5": -0.21079504733114118, "i6": -0.3941277461474033, "i7": 1.040543880528514, "r0": 3.6499656632707604, "r1": 0.7573237630805307, "r2": -8.741077497243223, "r3": 0.8151393912773687, "r4": 0.925219688424324, "r5": 0.47462356611616063, "r6": -0.1748581170275546, "r7": 0.9405402059578173}, "datetime": {"datetime": "2020-01-18 01:35:43", "elapsed": 17329.464618, "delta": 47.810676}}
{"target": 9.2, "params": {"d0": 4.106423609404757, "d1": -0.1115789743666955, "d2": 1.0714724746811441, "g0": 3.3072120873016937, "g1": 0.28239107673177155, "g2": -5.3946472535588015, "g3": 1.0749680147522491, "g4": 0.9623606558615548, "g5": 0.49700224162053863, "g6": 0.9060176252171783, "g7": 1.4596941195727595, "i0": 2.3581941658524066, "i1": 0.5158477219466986, "i2": -2.425363769555892, "i3": 1.1325651377900026, "i4": 1.0348220914831212, "i5": -0.5424055372819918, "i6": -0.06667260387073559, "i7": 1.8581294437239049, "r0": 3.934190927376711, "r1": 0.9295262854654354, "r2": -9.819128619336645, "r3": 1.092456858644393, "r4": 1.065432611835225, "r5": -0.7461484178940827, "r6": 0.5857077451001134, "r7": 1.6650782014706162}, "datetime": {"datetime": "2020-01-18 01:36:23", "elapsed": 17369.684047, "delta": 40.219429}}
