{"target": 9.4, "params": {"d0": 2.2235190148331245, "d1": -7.228794008232046, "d2": 1.2992042012087375, "g0": 2.26337917502681, "g1": 0.1639235204613816, "g2": -0.0953923766938054, "g3": 0.970397826663002, "g4": 0.9508795598292732, "g5": -0.43947817375052467, "g6": 0.13861573753433032, "g7": 1.664632574258945, "i0": 3.012032748759028, "i1": 0.18146092411775072, "i2": -7.354382527185457, "i3": 1.17860008684857, "i4": 1.2290233613652266, "i5": -0.13933420956613163, "i6": -0.1762277404547658, "i7": 1.2557272840361446, "r0": 3.4584521672309547, "r1": 0.7009487826238057, "r2": -7.766494224987314, "r3": 1.0171965116589547, "r4": 1.149664953868555, "r5": 0.35291990572389587, "r6": -0.30422637989906925, "r7": 1.5703114347060074}, "datetime": {"datetime": "2020-01-18 01:17:53", "elapsed": 16260.150566, "delta": 39.705455}}
{"target": 16.2, "params": {"d0": 4.430333335421918, "d1": -4.17638643607134, "d2": 0.9457671581988234, "g0": 3.725702115668959, "g1": 0.9776968318462774, "g2": -0.9537630591360546, "g3": 1.3972825398474553, "g4": 0.8001461242652996, "g5": 0.13218600919026535, "g6": -0.10592001200221163, "g7": 1.794306368753543, "i0": 2.617393158042124, "i1": 0.8939002750406869, "i2": -4.762550467401828, "i3": 1.412908115017764, "i4": 1.0248607114826689, "i5": 0.09839975001638579, "i6": 0.7187268167353098, "i7": 1.3434889344623735, "r0": 2.8433409921394577, "r1": 0.8984612779316369, "r2": -5.153773661556697, "r3": 1.1724713083076765, "r4": 1.268189691612077, "r5": 0.6132025553611009, "r6": 0.6365789075790618, "r7": 1.6823540944226079}, "datetime": {"datetime": "2020-01-18 01:18:36", "elapsed": 16302.336488, "delta": 42.185922}}
{"target": 15.6, "params": {"d0": 4.095975474651599, "d1": -8.939181951969381, "d2": 1.0048266555039411, "g0": 2.7289524483868504, "g1": 0.8585093964804711, "g2": -8.53597643055016, "g3": 1.2712316227967366, "g4": 1.0954835705422414, "g5": 0.17395195417921538, "g6": 0.05892825564161197, "g7": 1.9074044471388154, "i0": 3.569525583772417, "i1": 0.6682994134920214, "i2": -7.785346430832462, "i3": 1.3503001440963858, "i4": 1.0479271553240719, "i5": 0.013393464380747844, "i6": -0.3728999295141465, "i7": 1.3809949679027747, "r0": 4.316006228373178, "r1": 0.6802363959759464, "r2": -8.105752462116415, "r3": 1.167258641243719, "r4": 1.2720032502652234, "r5": 0.011936413253648581, "r6": 0.9511036509526443, "r7": 1.3028937305817596}, "datetime": {"datetime": "2020-01-18 01:19:11", "elapsed": 16337.40168, "delta": 35.065192}}
{"target": 18.75, "params": {"d0": 1.4537445086011376, "d1": -1.6014944058994498, "d2": 1.3957801067385298, "g0": 1.0083312257287607, "g1": 0.7194519874718599, "g2": -4.0789343701918845, "g3": 1.4156092702273306, "g4": 0.8747228995764207, "g5": 0.4208434920775792, "g6": 0.5349329026468332, "g7": 1.7745173628663116, "i0": 2.266437466540233, "i1": 0.22843091813142036, "i2": -7.13945003994046, "i3": 0.9434423349610762, "i4": 1.2201335688918107, "i5": 0.059452183169713235, "i6": 0.3453759404365263, "i7": 1.212584691774353, "r0": 4.170791566955884, "r1": 0.7049307567282705, "r2": -1.218604387009247, "r3": 0.8052213405139059, "r4": 1.2247989181520365, "r5": -0.7166202265286007, "r6": 0.8156933274965688, "r7": 1.1637156524279548}, "datetime": {"datetime": "2020-01-18 01:19:57", "elapsed": 16384.213377, "delta": 46.811697}}
{"target": 10.35, "params": {"d0": 4.4283217762249985, "d1": -6.206900660636304, "d2": 1.3743338777960785, "g0": 2.698065115087482, "g1": 0.5641754518407447, "g2": -0.15978702918507715, "g3": 1.47099802264385, "g4": 0.8571621613296543, "g5": -0.21736332093964827, "g6": -0.12418061231251815, "g7": 1.3931251497887094, "i0": 0.6317646108319086, "i1": 0.511568239105122, "i2": -1.3441781012585032, "i3": 0.98188278500953, "i4": 0.8778202157611851, "i5": -0.30838215665315405, "i6": 0.6143118309938846, "i7": 1.000403998588127, "r0": 3.677908553616201, "r1": 0.6139219618958283, "r2": -2.5974125156058667, "r3": 0.7072397806139069, "r4": 1.160236321477711, "r5": -0.287065197853523, "r6": 0.4494579946205133, "r7": 0.9592203490159628}, "datetime": {"datetime": "2020-01-18 01:20:46", "elapsed": 16432.919141, "delta": 48.705764}}
{"target": 15.1, "params": {"d0": 2.782171183227609, "d1": -0.5840186698325098, "d2": 0.9560685674261323, "g0": 2.6136833615747355, "g1": 0.40771136021804644, "g2": -4.303467550846376, "g3": 0.7546549126079499, "g4": 0.9809401461547547, "g5": 0.03305434314983202, "g6": -0.3727633017534657, "g7": 1.4144115124737724, "i0": 3.86114839205102, "i1": 0.4430034101972765, "i2": -6.090737078642715, "i3": 0.9183011705668248, "i4": 0.8259258369612931, "i5": 0.4189146682386813, "i6": 0.22866836089891573, "i7": 1.0774813713147293, "r0": 0.3303928026687747, "r1": 0.7579004614267006, "r2": -4.115877479374731, "r3": 1.147011825168065, "r4": 0.9031624423576576, "r5": 0.1509449456419404, "r6": 0.9013188605799127, "r7": 1.6980269589853856}, "datetime": {"datetime": "2020-01-18 01:21:29", "elapsed": 16475.969189, "delta": 43.050048}}
{"target": 13.4, "params": {"d0": 2.9329923655510317, "d1": -1.3470483100781045, "d2": 1.497255156936954, "g0": 4.325540448706242, "g1": 0.17918253681461627, "g2": -3.0533590749500004, "g3": 0.9369849826173174, "g4": 0.829766847438138, "g5": -0.6271301498879241, "g6": 0.6441906664648331, "g7": 1.7420466565163535, "i0": 1.5408638584100987, "i1": 0.7353778827811243, "i2": -1.8780159698892227, "i3": 0.8893554601874902, "i4": 0.8314118651255686, "i5": 0.19527051032498055, "i6": 0.915906645126692, "i7": 1.2824270601684251, "r0": 2.1681313238663087, "r1": 0.27722680386565857, "r2": -3.079263440020692, "r3": 0.8468759635942743, "r4": 1.1660562769739669, "r5": 0.4004725911444864, "r6": 0.1826074141578693, "r7": 1.7294309935778749}, "datetime": {"datetime": "2020-01-18 01:22:11", "elapsed": 16518.125131, "delta": 42.155942}}
{"target": 12.95, "params": {"d0": 0.7750539909718213, "d1": -3.3948110622539147, "d2": 0.9351290389045814, "g0": 2.223819541813917, "g1": 0.8318974486816986, "g2": -0.9948822680938427, "g3": 0.9546222057459728, "g4": 0.8895410084202455, "g5": -0.06601384443054603, "g6": 0.5184714003075823, "g7": 1.3558632792851304, "i0": 0.28259677545696693, "i1": 0.8540270110679247, "i2": -1.1437809148116482, "i3": 1.4105902081119224, "i4": 1.0385983232919918, "i5": 0.4479472218040814, "i6": 0.0988289819976671, "i7": 1.1928808569548819, "r0": 1.3554282593767863, "r1": 0.6471891787778047, "r2": -9.59744596086204, "r3": 1.0075311316279758, "r4": 1.1414638335074803, "r5": 0.3098180954763987, "r6": 0.8051297312623111, "r7": 1.7597010392314592}, "datetime": {"datetime": "2020-01-18 01:23:13", "elapsed": 16580.11383, "delta": 61.988699}}
{"target": 11.4, "params": {"d0": 0.8822565274510963, "d1": -7.59475988584163, "d2": 1.454578546662858, "g0": 3.326816163027263, "g1": 0.2645872766328218, "g2": -8.298755255333537, "g3": 0.8184275194304161, "g4": 1.2549845594768698, "g5": 0.44185581541493124, "g6": -0.06789828494316708, "g7": 1.7219774050235526, "i0": 4.312822824475859, "i1": 0.613675864340892, "i2": -0.605034183398649, "i3": 1.1844873049948297, "i4": 0.8511436852264875, "i5": 0.7830145576816876, "i6": 0.9802233982362503, "i7": 1.8908262371165268, "r0": 3.6589630815089453, "r1": 0.9636199666556592, "r2": -0.05690378181921041, "r3": 0.7166065232514224, "r4": 0.8821646034057329, "r5": 0.6155417969101484, "r6": -0.3250017748023397, "r7": 1.4001287919107068}, "datetime": {"datetime": "2020-01-18 01:24:13", "elapsed": 16639.726955, "delta": 59.613125}}
{"target": 16.8, "params": {"d0": 4.156734188617531, "d1": -3.0575933780900098, "d2": 1.2562050260137951, "g0": 2.893298632608351, "g1": 0.08383084695768273, "g2": -7.322622862400515, "g3": 1.3105996728349922, "g4": 1.2370018005166852, "g5": -0.001242917216737971, "g6": 0.3679608498084579, "g7": 1.589790935599794, "i0": 1.9255783424508706, "i1": 0.5195682853836227, "i2": -6.0818371575263, "i3": 0.9022547337129319, "i4": 1.0851523108385923, "i5": 0.6853233741366562, "i6": -0.24888856555560668, "i7": 1.736970941289226, "r0": 2.1126189874906904, "r1": 0.5906805831633479, "r2": -4.017905671014297, "r3": 0.7128647008922623, "r4": 1.1983356755536756, "r5": -0.7237574868906864, "r6": -0.395861016410466, "r7": 1.4038303716657248}, "datetime": {"datetime": "2020-01-18 01:24:55", "elapsed": 16681.297014, "delta": 41.570059}}
{"target": 8.0, "params": {"d0": 3.816801219346514, "d1": -1.3595978700604903, "d2": 1.2663419765252537, "g0": 4.740086088781335, "g1": 0.046993595827056645, "g2": -1.260111071011595, "g3": 1.3463878962674793, "g4": 0.8202442802583215, "g5": 0.5132165138595015, "g6": 0.2820289014172148, "g7": 1.6106578668036802, "i0": 2.62766390590017, "i1": 0.770141428009405, "i2": -5.575518123210675, "i3": 0.785281129944738, "i4": 1.1824484825708863, "i5": 0.29698660306776015, "i6": 0.6797748377466193, "i7": 1.8067767875948268, "r0": 3.3229372736296425, "r1": 0.45152579447541985, "r2": -5.8717811785061, "r3": 1.0345012785007814, "r4": 1.1060919321126046, "r5": -0.33026862809881785, "r6": 0.8404940664547613, "r7": 1.6675591820891809}, "datetime": {"datetime": "2020-01-18 01:25:34", "elapsed": 16720.855111, "delta": 39.558097}}
{"target": 17.05, "params": {"d0": 2.1352404708893573, "d1": -5.3483244251371325, "d2": 1.095702907506165, "g0": 0.26028524473669934, "g1": 0.2821767494862436, "g2": -9.123230805318086, "g3": 1.0406490253320662, "g4": 1.2112774652784062, "g5": 0.7333506399527796, "g6": 0.30473709177704267, "g7": 1.2978128558716517, "i0": 3.982496177042849, "i1": 0.9540379982085521, "i2": -5.060481674556625, "i3": 0.8722882819196431, "i4": 1.0898159932054017, "i5": -0.5770593293786048, "i6": 0.6945671824510182, "i7": 1.641833961769376, "r0": 3.915450743735037, "r1": 0.6630480359061843, "r2": -9.306965142823259, "r3": 1.0069451601027324, "r4": 0.8417917249124658, "r5": 0.655737491935213, "r6": 0.9413116601084066, "r7": 1.8570191735329615}, "datetime": {"datetime": "2020-01-18 01:26:23", "elapsed": 16769.756175, "delta": 48.901064}}
{"target": 15.0, "params": {"d0": 1.4559046558744067, "d1": -6.957297692164914, "d2": 1.2051961091422643, "g0": 4.31860050848316, "g1": 0.7060314117156242, "g2": -7.2867493858977594, "g3": 1.1005670466243107, "g4": 1.1976331794107113, "g5": 0.16669076842116737, "g6": 0.07882111094072397, "g7": 1.7200066520417212, "i0": 0.684687040110844, "i1": 0.9932459005191174, "i2": -9.160577362645423, "i3": 1.3341005408963458, "i4": 0.914932729235101, "i5": -0.19354435687092197, "i6": -0.2804569889955445, "i7": 1.3108738783949456, "r0": 0.12710606285721793, "r1": 0.7843969654825659, "r2": -6.596649853156275, "r3": 0.9771354445371163, "r4": 1.128628214225172, "r5": 0.7686166600051372, "r6": 0.24635546436156952, "r7": 1.3401446656590825}, "datetime": {"datetime": "2020-01-18 01:27:12", "elapsed": 16819.055333, "delta": 49.299158}}
{"target": 8.3, "params": {"d0": 0.5793099125689982, "d1": -7.854646783829854, "d2": 0.9531743136678121, "g0": 3.912202195966341, "g1": 0.7927166448987595, "g2": -2.2487716575299475, "g3": 1.2397310946170994, "g4": 0.8252298697900051, "g5": -0.7113983609478005, "g6": 0.12170373105891696, "g7": 0.9549390673942879, "i0": 0.9784784764354948, "i1": 0.014927467630769575, "i2": -1.875623588452033, "i3": 0.9678146314701919, "i4": 0.9322035172295724, "i5": -0.7681376750784035, "i6": -0.453084918646276, "i7": 0.9954258784858617, "r0": 2.3654647330290435, "r1": 0.07672607413255617, "r2": -4.218161522221475, "r3": 1.2528244475136154, "r4": 1.1373294781461367, "r5": -0.7637059697589845, "r6": 0.8917508127946498, "r7": 0.9407927864399906}, "datetime": {"datetime": "2020-01-18 01:28:19", "elapsed": 16885.800674, "delta": 66.745341}}
{"target": 12.6, "params": {"d0": 0.9124083721945242, "d1": -3.991785375152473, "d2": 1.3114807790847123, "g0": 1.159529877392298, "g1": 0.8023057629577969, "g2": -0.4579733464611948, "g3": 1.0942593224766597, "g4": 1.0813949309287985, "g5": -0.18153485912797895, "g6": -0.08100136523260615, "g7": 1.1147857586001988, "i0": 2.78016454418128, "i1": 0.7987680286728773, "i2": -1.243279756861881, "i3": 0.7314679489606912, "i4": 1.021348341075392, "i5": 0.0014204168102427417, "i6": 0.9620570536798279, "i7": 1.2210238891346008, "r0": 4.237134391556862, "r1": 0.8503251225338829, "r2": -6.054281270403411, "r3": 1.2030406379627037, "r4": 1.0075255403513137, "r5": 0.6606133147906748, "r6": 0.8384174970908029, "r7": 0.9668440915538508}, "datetime": {"datetime": "2020-01-18 01:29:02", "elapsed": 16929.16589, "delta": 43.365216}}
{"target": 12.15, "params": {"d0": 0.12476650316736115, "d1": -2.9075131314815525, "d2": 0.7249135208428741, "g0": 4.7001053944894595, "g1": 0.8669872924269909, "g2": -4.21336222816382, "g3": 1.3577919506072935, "g4": 1.1086138208761298, "g5": 0.021884291598280647, "g6": 0.5506867529314117, "g7": 1.2661744133391235, "i0": 3.747836618696728, "i1": 0.16100726502995366, "i2": -9.246838597773186, "i3": 0.7609287531358166, "i4": 0.8073425531075056, "i5": 0.7504392155070523, "i6": 0.6041039397206776, "i7": 1.0850089119243593, "r0": 1.674466379215711, "r1": 0.6223607534220332, "r2": -1.5086969907937906, "r3": 1.1883134822342534, "r4": 1.119182691360759, "r5": -0.4937959839660277, "r6": 0.8988349874567703, "r7": 1.624040831088684}, "datetime": {"datetime": "2020-01-18 01:29:54", "elapsed": 16980.526442, "delta": 51.360552}}
{"target": 9.5, "params": {"d0": 0.26493196966119903, "d1": -0.5592695842171622, "d2": 0.7815638508987903, "g0": 2.911549135840732, "g1": 0.19316431778706866, "g2": -9.843177409308112, "g3": 0.8191813674183139, "g4": 1.1316437610825616, "g5": 0.2532086998861913, "g6": 0.4043400381021649, "g7": 1.6218643744820862, "i0": 4.520161349665134, "i1": 0.25606694161593013, "i2": -0.8370690316424163, "i3": 0.9102185009341177, "i4": 1.0632544118332832, "i5": 0.08909306829616137, "i6": 0.5016341427246613, "i7": 1.1297139235262663, "r0": 3.497190176183625, "r1": 0.8908346140537864, "r2": -3.1468705178308323, "r3": 1.238800856683332, "r4": 1.0862679587759156, "r5": 0.6520860856008182, "r6": 0.40595812859345504, "r7": 1.3910395839452094}, "datetime": {"datetime": "2020-01-18 01:30:38", "elapsed": 17024.533004, "delta": 44.006562}}
{"target": 18.65, "params": {"d0": 1.9956726730274432, "d1": -9.292534484519964, "d2": 1.458525811715475, "g0": 0.48249627141302265, "g1": 0.6887367098139483, "g2": -6.71330443437135, "g3": 0.9085860783036438, "g4": 1.2170455428348577, "g5": -0.28776031897265286, "g6": 0.40329536268245203, "g7": 1.772744043587358, "i0": 4.556453045049299, "i1": 0.26991527672954163, "i2": -2.47431364428897, "i3": 1.3062934764128042, "i4": 1.0505952218168533, "i5": -0.5671954540238962, "i6": 0.09320608833242283, "i7": 1.0515147961833864, "r0": 2.9367433827928706, "r1": 0.22190823659918302, "r2": -3.208436477305236, "r3": 1.0772863512433113, "r4": 1.25683466294338, "r5": -0.5250701266435507, "r6": 0.3016276180898556, "r7": 1.8488408592695196}, "datetime": {"datetime": "2020-01-18 01:31:18", "elapsed": 17064.437767, "delta": 39.904763}}
{"target": 19.65, "params": {"d0": 4.97280394672872, "d1": -2.8166323945600835, "d2": 0.9050806040120212, "g0": 1.7440672326861528, "g1": 0.4209518983893945, "g2": -3.7710964143611836, "g3": 1.4402600804544186, "g4": 1.2020288403600796, "g5": -0.7705443467299592, "g6": 0.023915491449908788, "g7": 1.4130988024365023, "i0": 1.065018937760815, "i1": 0.02292032872864236, "i2": -2.489917152564722, "i3": 1.2525702762108288, "i4": 0.8563982965769195, "i5": -0.5927101408567085, "i6": -0.08080117879134757, "i7": 1.18095464878929, "r0": 2.3175986133994355, "r1": 0.4212268654152771, "r2": -4.156481049896073, "r3": 1.2228425373981389, "r4": 0.8993685484582977, "r5": 0.0162692137130509, "r6": 0.34901948839131247, "r7": 1.3289874376936195}, "datetime": {"datetime": "2020-01-18 01:31:52", "elapsed": 17098.484987, "delta": 34.04722}}
{"target": 15.4, "params": {"d0": 4.243019258906262, "d1": -3.9302908458116423, "d2": 1.1163010142133207, "g0": 3.6818743754255445, "g1": 0.4350003701132017, "g2": -3.7933735216293414, "g3": 0.9847108403738172, "g4": 1.2423749295470805, "g5": 0.7039699559100552, "g6": -0.2673659087327641, "g7": 1.5727457084521177, "i0": 2.7747654628090475, "i1": 0.08122209974519468, "i2": -0.4143045980423441, "i3": 1.10110671604825, "i4": 1.0499457396047693, "i5": 0.07106724911690543, "i6": 0.5318534560273402, "i7": 1.644846286759213, "r0": 1.7435021392291312, "r1": 0.21310997156493638, "r2": -3.9231521022657025, "r3": 1.3192917854378448, "r4": 1.1086604292703628, "r5": -0.053415535328214525, "r6": -0.08710470851760066, "r7": 1.0163119869985062}, "datetime": {"datetime": "2020-01-18 01:32:29", "elapsed": 17136.149026, "delta": 37.664039}}
{"target": 9.05, "params": {"d0": 1.9530664705550587, "d1": -3.0775664118810555, "d2": 0.7386787550386154, "g0": 2.8253985709212044, "g1": 0.055936631308029616, "g2": -8.58974466434692, "g3": 1.1045687578785501, "g4": 1.2750625603711618, "g5": -0.7870496925828587, "g6": 0.07495423767635878, "g7": 1.054167956194473, "i0": 4.572461123385894, "i1": 0.3774747695963965, "i2": -2.7995052947006913, "i3": 1.1303460965615773, "i4": 1.017578258717252, "i5": -0.6255462126151085, "i6": 0.8059622691852042, "i7": 1.0789253596308623, "r0": 3.7942102475971797, "r1": 0.6356855992737634, "r2": -5.4177863893519635, "r3": 0.741222351067466, "r4": 0.9536462773786933, "r5": 0.04677397788506177, "r6": 0.2031340773124607, "r7": 1.589897338932417}, "datetime": {"datetime": "2020-01-18 01:33:04", "elapsed": 17171.191242, "delta": 35.042216}}
{"target": 10.25, "params": {"d0": 1.544802510981521, "d1": -1.022404106207194, "d2": 1.4635414536076858, "g0": 2.101024265464932, "g1": 0.7073724858993311, "g2": -4.2676244230641105, "g3": 1.1576146581143079, "g4": 0.9238917529060606, "g5": 0.33717330855322714, "g6": -0.014970757289354819, "g7": 1.8934310484616579, "i0": 4.621182040240054, "i1": 0.02734563506022314, "i2": -4.00714061977217, "i3": 0.9106234875485772, "i4": 1.0306773555243152, "i5": -0.26951161797801293, "i6": 0.8396896254163906, "i7": 1.1298984477451213, "r0": 0.904447274079288, "r1": 0.07159580931071108, "r2": -0.011953798766226598, "r3": 0.8644313133051146, "r4": 1.0544993363466855, "r5": -0.425218212427682, "r6": 0.005296104128852397, "r7": 1.3660106252506785}, "datetime": {"datetime": "2020-01-18 01:33:37", "elapsed": 17204.221522, "delta": 33.03028}}
{"target": 7.75, "params": {"d0": 1.7653316380485102, "d1": -0.28461349980722694, "d2": 0.701096254098907, "g0": 4.8389142533936305, "g1": 0.3472809299836018, "g2": -8.13118732365242, "g3": 0.903424879555812, "g4": 0.9811068744463115, "g5": -0.5712857863838953, "g6": 0.5904436358887517, "g7": 1.3245943071115656, "i0": 1.8163314120273748, "i1": 0.22393525554715976, "i2": -7.399708436265807, "i3": 1.136857208109638, "i4": 0.9805169812860006, "i5": -0.7644911222580687, "i6": -0.04687529177733757, "i7": 1.7094979443162979, "r0": 3.355390994308263, "r1": 0.6167315661992062, "r2": -8.291878308708224, "r3": 1.2650614683011074, "r4": 0.8549598198881614, "r5": 0.5803830289903542, "r6": 0.7017776555402899, "r7": 1.3188398993410768}, "datetime": {"datetime": "2020-01-18 01:34:17", "elapsed": 17243.405009, "delta": 39.183487}}
{"target": 17.75, "params": {"d0": 2.2522136985378522, "d1": -0.9624089030939267, "d2": 1.0686070069964557, "g0": 4.593982281315234, "g1": 0.9804428546829809, "g2": -5.971904669447636, "g3": 1.2960651056979153, "g4": 1.2262547602172833, "g5": 0.2949795436746234, "g6": -0.2612305053040588, "g7": 1.7693897419911373, "i0": 4.852047881543332, "i1": 0.8433396239099296, "i2": -8.667375708530164, "i3": 1.280168498643231, "i4": 0.9578053416679626, "i5": 0.05519849186030845, "i6": 0.02694326968924554, "i7": 1.9555309784423116, "r0": 0.08514240388005079, "r1": 0.7306336617137393, "r2": -4.48420155318448, "r3": 1.0129243552282043, "r4": 1.2282520597619737, "r5": -0.7451948346965191, "r6": 0.5912886660213399, "r7": 1.300898139078046}, "datetime": {"datetime": "2020-01-18 01:34:55", "elapsed": 17281.653942, "delta": 38.248933}}
{"target": 9.65, "params": {"d0": 1.573816469330735, "d1": -1.472745495877124, "d2": 0.9195704251392463, "g0": 4.6125442371961265, "g1": 0.33953318331049964, "g2": -7.444113660302426, "g3": 1.2520232832784268, "g4": 1.2349076232801517, "g5": 0.25240411110401006, "g6": -0.4586648964783844, "g7": 1.1301961517361399, "i0": 1.4353724090964315, "i1": 0.2741010013483325, "i2": -0.7766520008058944, "i3": 1.3681331680646014, "i4": 1.145694401841331, "i5": -0.21079504733114118, "i6": -0.3941277461474033, "i7": 1.040543880528514, "r0": 3.6499656632707604, "r1": 0.7573237630805307, "r2": -8.741077497243223, "r3": 0.8151393912773687, "r4": 0.925219688424324, "r5": 0.47462356611616063, "r6": -0.1748581170275546, "r7": 0.9405402059578173}, "datetime": {"datetime": "2020-01-18 01:35:43", "elapsed": 17329.464618, "delta": 47.810676}}
{"target": 9.2, "params": {"d0": 4.106423609404757, "d1": -0.1115789743666955, "d2": 1.0714724746811441, "g0": 3.3072120873016937, "g1": 0.28239107673177155, "g2": -5.3946472535588015, "g3": 1.0749680147522491, "g4": 0.9623606558615548, "g5": 0.49700224162053863, "g6": 0.9060176252171783, "g7": 1.4596941195727595, "i0": 2.3581941658524066, "i1": 0.5158477219466986, "i2": -2.425363769555892, "i3": 1.1325651377900026, "i4": 1.0348220914831212, "i5": -0.5424055372819918, "i6": -0.06667260387073559, "i7": 1.8581294437239049, "r0": 3.934190927376711, "r1": 0.9295262854654354, "r2": -9.819128619336645, "r3": 1.092456858644393, "r4": 1.065432611835225, "r5": -0.7461484178940827, "r6": 0.5857077451001134, "r7": 1.6650782014706162}, "datetime": {"datetime": "2020-01-18 01:36:23", "elapsed": 17369.684047, "delta": 40.219429}}
