{"target": 16.45, "params": {"d0": 4.515869422334545, "d1": -9.314388735006858, "d2": 0.926478971680406, "g0": 2.639661564757525, "g1": 0.29023496468688126, "g2": -5.798687134430709, "g3": 1.4856423626063384, "g4": 0.828466680397488, "g5": 0.6862611395276785, "g6": 0.5019673209377544, "g7": 1.448438600893406, "i0": 2.323485433840997, "i1": 0.5589344708399187, "i2": -7.084128427656873, "i3": 0.8374403845791574, "i4": 1.1098703278743667, "i5": 0.7815636732880544, "i6": 0.27433099678716866, "i7": 1.6381091850268543, "r0": 2.5976628983828625, "r1": 0.20003086089120825, "r2": -4.213041324713035, "r3": 1.466303647980528, "r4": 1.146212076957609, "r5": -0.7562608974896006, "r6": 0.04467821099075131, "r7": 1.5972738878765171}, "datetime": {"datetime": "2020-01-17 23:14:01", "elapsed": 8827.549776, "delta": 35.355895}}
{"target": 14.85, "params": {"d0": 2.835365539642254, "d1": -8.786662889883571, "d2": 1.449178626575692, "g0": 1.9691956662133654, "g1": 0.7292627220134197, "g2": -2.1431274462563357, "g3": 0.8703941774888709, "g4": 1.1313121713112846, "g5": 0.037387359454326585, "g6": -0.23255415471168633, "g7": 1.6902849439805356, "i0": 2.7028825523367424, "i1": 0.2140937898944304, "i2": -5.819381885027701, "i3": 1.2446092149513106, "i4": 1.2968807618509066, "i5": 0.07750052932892826, "i6": 0.6908800554664918, "i7": 1.263635989589289, "r0": 2.557805193645071, "r1": 0.835025000366442, "r2": -0.2954200974022978, "r3": 0.8427776048443154, "r4": 1.2256537942016246, "r5": 0.7814351536042403, "r6": 0.17569302388210417, "r7": 1.2387561583343345}, "datetime": {"datetime": "2020-01-17 23:14:38", "elapsed": 8864.495559, "delta": 36.945783}}
{"target": 4.55, "params": {"d0": 4.5622980229913646, "d1": -7.801427698009955, "d2": 1.4906109661264744, "g0": 2.007708051535041, "g1": 0.09223362770207177, "g2": -8.63225123155734, "g3": 1.0816578623587731, "g4": 0.8304738869294478, "g5": -0.39698330414663197, "g6": 0.6925033896311485, "g7": 1.7638651184419945, "i0": 4.054099168499431, "i1": 0.04626281155818679, "i2": -2.3355100002530698, "i3": 1.345477237470643, "i4": 0.808024838652032, "i5": -0.17387530502762716, "i6": 0.7983656075941445, "i7": 1.9543220984447558, "r0": 4.597959706585888, "r1": 0.5469879342928875, "r2": -6.90078727116992, "r3": 1.1714119968863317, "r4": 1.097995243938256, "r5": 0.2632829622240449, "r6": 0.38622253698776055, "r7": 1.8548609935781837}, "datetime": {"datetime": "2020-01-17 23:15:09", "elapsed": 8896.144739, "delta": 31.64918}}
{"target": 19.45, "params": {"d0": 1.8698891621488682, "d1": -7.559834646745061, "d2": 0.7163892579514716, "g0": 1.1634430459092142, "g1": 0.16160164914472763, "g2": -7.618396039383794, "g3": 1.404770533108188, "g4": 1.1657997161915805, "g5": -0.41057746956300395, "g6": 0.6895814080105218, "g7": 1.498532938503041, "i0": 2.0324312223748593, "i1": 0.20580226293412685, "i2": -6.892681197241631, "i3": 0.7633972144237346, "i4": 0.9168117546429844, "i5": 0.26520223406679566, "i6": 0.026530231008656813, "i7": 1.8016922149961307, "r0": 3.3057745040386592, "r1": 0.6243511027441567, "r2": -5.797221602134989, "r3": 1.216001826291616, "r4": 1.2374153273698547, "r5": -0.3019637543386594, "r6": 0.014128040846560386, "r7": 1.8335470721701665}, "datetime": {"datetime": "2020-01-17 23:15:45", "elapsed": 8931.772348, "delta": 35.627609}}
{"target": 20.3, "params": {"d0": 2.6494705642274807, "d1": -0.7631191279272933, "d2": 0.8500423581875121, "g0": 1.0743663066189786, "g1": 0.8624587457320549, "g2": -9.005096190458307, "g3": 1.0773299002324155, "g4": 1.2197017796375604, "g5": 0.3099785657236147, "g6": 0.1933622267529025, "g7": 1.0817183435653421, "i0": 2.754079459186547, "i1": 0.9879786688777412, "i2": -1.9484245533436688, "i3": 0.7439430672458067, "i4": 1.1554641880973426, "i5": 0.7625860393088215, "i6": -0.2099391146688655, "i7": 1.9520484769536828, "r0": 1.1667277363657758, "r1": 0.8193978224592456, "r2": -8.505813158086703, "r3": 1.1112837905097301, "r4": 0.9820073415671348, "r5": 0.27310004311943237, "r6": -0.23132436454743754, "r7": 1.5377231749375375}, "datetime": {"datetime": "2020-01-17 23:16:19", "elapsed": 8965.836562, "delta": 34.064214}}
{"target": 10.35, "params": {"d0": 0.012118438269168585, "d1": -5.743457647676954, "d2": 1.11263456720124, "g0": 4.188982999086046, "g1": 0.7576376637788953, "g2": -9.081083608945791, "g3": 1.2000269338995253, "g4": 1.1300014431010699, "g5": 0.37444597765284104, "g6": 0.3322900520430212, "g7": 1.0180910608906875, "i0": 3.201738903236037, "i1": 0.6705308529900654, "i2": -7.49893008448014, "i3": 1.4586202080922563, "i4": 1.0263245575354614, "i5": 0.5867450222126573, "i6": 0.4796216389311718, "i7": 1.5781886202620639, "r0": 2.747004398985677, "r1": 0.6475674602171423, "r2": -1.556647499168843, "r3": 1.321503058749566, "r4": 1.1363137332221798, "r5": -0.7490474661248299, "r6": -0.4869578415042237, "r7": 1.2943914094931848}, "datetime": {"datetime": "2020-01-17 23:17:10", "elapsed": 9017.023292, "delta": 51.18673}}
{"target": 13.2, "params": {"d0": 0.15316910598903222, "d1": -4.8215254676117585, "d2": 0.7028431206428163, "g0": 2.4036519972128163, "g1": 0.3776086124426631, "g2": -0.42535962047813847, "g3": 0.7446828399940594, "g4": 0.8325954866268026, "g5": 0.5588264755910726, "g6": 0.6928868173508578, "g7": 1.9294307673888373, "i0": 0.3911832429810269, "i1": 0.6200997744812532, "i2": -4.855951262215329, "i3": 0.9572592358919433, "i4": 1.1054057252966443, "i5": 0.6689244615762531, "i6": -0.40615174027638334, "i7": 1.6256987542022159, "r0": 1.4258575321431293, "r1": 0.40544769147759063, "r2": -1.5030546554000104, "r3": 0.7973836043023786, "r4": 1.2214855368006903, "r5": -0.15321160901869246, "r6": 0.9758312180981505, "r7": 1.909817227655818}, "datetime": {"datetime": "2020-01-17 23:17:58", "elapsed": 9065.193613, "delta": 48.170321}}
{"target": 19.45, "params": {"d0": 2.038371913692038, "d1": -7.020796919084331, "d2": 0.8767571065314659, "g0": 1.0886796980974867, "g1": 0.7687380642466022, "g2": -2.4455751813702866, "g3": 1.4826025850968845, "g4": 0.8416548859436137, "g5": -0.4477065914319928, "g6": 0.9755664038984095, "g7": 1.5010118167363005, "i0": 2.7683520778327924, "i1": 0.34877099529777933, "i2": -2.9621356405462222, "i3": 1.0998110250706101, "i4": 1.0347466305647828, "i5": 0.07963655132848668, "i6": -0.4622296977911071, "i7": 1.4843867033089302, "r0": 0.6648228041686766, "r1": 0.4589290942217623, "r2": -9.17728797601306, "r3": 1.4111693192967072, "r4": 0.9892128023761249, "r5": -0.11143246332518186, "r6": 0.6130917724381666, "r7": 1.0713519713217483}, "datetime": {"datetime": "2020-01-17 23:18:36", "elapsed": 9102.870628, "delta": 37.677015}}
{"target": 11.7, "params": {"d0": 2.8751184596071333, "d1": -4.889522492674471, "d2": 0.9946428621398182, "g0": 3.416677582030024, "g1": 0.7944862027912328, "g2": -5.323155068061043, "g3": 1.2018808846378368, "g4": 1.2562695584095012, "g5": -0.06884502025696848, "g6": -0.29747007926828206, "g7": 1.497556403806466, "i0": 2.1501402779651784, "i1": 0.7683130799940705, "i2": -2.0232538916569576, "i3": 0.8374767774972232, "i4": 1.018969468160301, "i5": -0.37308640826567374, "i6": 0.932033836905888, "i7": 1.9305593472610942, "r0": 2.1717437599074825, "r1": 0.43101068781621743, "r2": -2.535228495033616, "r3": 1.1767807596604483, "r4": 0.9295354932971612, "r5": -0.026927895629595744, "r6": 0.8351625650201415, "r7": 1.6497095010014835}, "datetime": {"datetime": "2020-01-17 23:19:04", "elapsed": 9131.180718, "delta": 28.31009}}
{"target": 11.15, "params": {"d0": 2.8156326414444175, "d1": -1.2324607557402665, "d2": 0.9210211061316178, "g0": 4.984237376998773, "g1": 0.19983983332308586, "g2": -1.6020647208297873, "g3": 1.2938735686333347, "g4": 1.232026958702576, "g5": 0.13586811917067076, "g6": -0.1514281041845878, "g7": 1.4318719244461828, "i0": 4.311876067912788, "i1": 0.7978045046781688, "i2": -8.264894631477267, "i3": 1.493767943106924, "i4": 0.8152061205936834, "i5": -0.17176245875254692, "i6": 0.6316019729916909, "i7": 1.9711136511877174, "r0": 0.7106332106701974, "r1": 0.9240405486532299, "r2": -7.809760454468993, "r3": 1.1421108374513838, "r4": 1.0164037348771817, "r5": 0.49288816721827877, "r6": -0.29214562863190807, "r7": 1.1099569132824194}, "datetime": {"datetime": "2020-01-17 23:19:34", "elapsed": 9160.408372, "delta": 29.227654}}
{"target": 14.55, "params": {"d0": 2.8375625228119894, "d1": -7.900483166178532, "d2": 1.4039941188435765, "g0": 2.8917650225730664, "g1": 0.9117551049748555, "g2": -2.3565841763935165, "g3": 1.0799545112908715, "g4": 1.1462041492174957, "g5": -0.7043164779872262, "g6": 0.4468877968845326, "g7": 1.9824519908218945, "i0": 0.5969224011493207, "i1": 0.45156667395207506, "i2": -9.814660552996212, "i3": 1.2505022867388784, "i4": 0.8097113157223399, "i5": -0.07156444763434988, "i6": -0.17127438475147627, "i7": 1.7879370457066324, "r0": 3.228187033792534, "r1": 0.666268828894062, "r2": -4.501088937419513, "r3": 0.9003571224597644, "r4": 1.2078455121250866, "r5": 0.6081919287186037, "r6": 0.15747564849465367, "r7": 1.5449627965612247}, "datetime": {"datetime": "2020-01-17 23:20:11", "elapsed": 9197.866621, "delta": 37.458249}}
{"target": 10.05, "params": {"d0": 3.1215021215268317, "d1": -2.723944402622907, "d2": 1.1727229993508743, "g0": 4.032987882874259, "g1": 0.8240880789627544, "g2": -4.434496345478669, "g3": 1.4063630433520276, "g4": 0.9014693210237331, "g5": -0.13821530606852317, "g6": 0.4451647740222151, "g7": 1.0128299668893317, "i0": 3.593218103925873, "i1": 0.4796833377740578, "i2": -6.210061628921242, "i3": 1.0614773658671448, "i4": 0.9837930776547699, "i5": -0.4167391297742096, "i6": 0.8738086386080668, "i7": 1.7792985244017783, "r0": 1.6697001069373023, "r1": 0.16905167158942624, "r2": -8.833737738597865, "r3": 1.3362662784614567, "r4": 1.1510141142417625, "r5": -0.6796277517740981, "r6": -0.3251090155006188, "r7": 1.9051844370669602}, "datetime": {"datetime": "2020-01-17 23:20:40", "elapsed": 9226.589301, "delta": 28.72268}}
{"target": 14.15, "params": {"d0": 4.348856969569043, "d1": -7.080475555624966, "d2": 0.7815999755668355, "g0": 4.0444569076925765, "g1": 0.026173664200229152, "g2": -3.6365230407787417, "g3": 0.8280696118330878, "g4": 1.1458122143502636, "g5": -0.53116848615054, "g6": 0.02357309094609017, "g7": 1.0342956079504764, "i0": 1.435435155077045, "i1": 0.12909736264758354, "i2": -5.366138288088336, "i3": 1.2195261842660816, "i4": 0.9972552843311908, "i5": 0.7247336023347608, "i6": 0.6322980861126297, "i7": 1.4988128638127276, "r0": 2.817614459693071, "r1": 0.3206039533081433, "r2": -4.874802330502041, "r3": 1.3062493577531784, "r4": 0.8009048127378935, "r5": -0.031052964199012267, "r6": 0.8562348115515412, "r7": 1.8344502354082346}, "datetime": {"datetime": "2020-01-17 23:21:17", "elapsed": 9263.743849, "delta": 37.154548}}
{"target": 11.35, "params": {"d0": 1.1049771727582063, "d1": -2.637635579223555, "d2": 1.1678989093229832, "g0": 2.6276805716174674, "g1": 0.661444512850285, "g2": -3.6793238748198114, "g3": 0.7571339182499068, "g4": 1.0084211178498816, "g5": -0.4811244466962668, "g6": 0.5508751611950977, "g7": 1.2006413653864234, "i0": 2.182097172037638, "i1": 0.8216256472112755, "i2": -2.1693701259848464, "i3": 1.3833281198626033, "i4": 1.0395269225890793, "i5": 0.6823915839995678, "i6": -0.4526679679138017, "i7": 1.93211157097846, "r0": 1.7431439629093153, "r1": 0.812823076692537, "r2": -0.5167890307821867, "r3": 1.413451257345667, "r4": 1.1490095586867353, "r5": 0.27229302313646264, "r6": 0.960366959159519, "r7": 1.411619608553544}, "datetime": {"datetime": "2020-01-17 23:22:05", "elapsed": 9311.869706, "delta": 48.125857}}
{"target": 17.15, "params": {"d0": 0.5200853084380758, "d1": -9.75852583025627, "d2": 1.4050401634197232, "g0": 0.1309550978814661, "g1": 0.9508279892979901, "g2": -4.300823576068139, "g3": 1.2260543453650294, "g4": 1.2545852105217112, "g5": 0.6431236520096972, "g6": 0.08628254706677141, "g7": 1.5737934189154652, "i0": 2.609176758682402, "i1": 0.81704122134026, "i2": -9.438171870814806, "i3": 1.201580358104838, "i4": 1.0148691875093014, "i5": 0.5774892750106433, "i6": 0.5317997920410584, "i7": 1.1871270660315103, "r0": 0.6711937546519198, "r1": 0.541341679477201, "r2": -0.18100597984135192, "r3": 0.9799258042922256, "r4": 1.2977058744495669, "r5": 0.028920358312118033, "r6": -0.21449406678504396, "r7": 0.9336772174771855}, "datetime": {"datetime": "2020-01-17 23:22:43", "elapsed": 9350.177596, "delta": 38.30789}}
{"target": 14.75, "params": {"d0": 1.515115337354203, "d1": -9.649218353502434, "d2": 1.1720408999876613, "g0": 3.5081026799509, "g1": 0.6699878619430502, "g2": -6.437901578223482, "g3": 0.7893157827926226, "g4": 1.1206600954308228, "g5": -0.6988842939454939, "g6": 0.46654480170992363, "g7": 1.8188177703340433, "i0": 0.2857952069068709, "i1": 0.35586969385806044, "i2": -3.8128057570640026, "i3": 1.2108806303607302, "i4": 0.8989693714058199, "i5": 0.19738056335712173, "i6": 0.3363109564821224, "i7": 1.8742895401075854, "r0": 3.485127235090019, "r1": 0.3642631004363207, "r2": -7.746524369360244, "r3": 1.188727309379466, "r4": 0.9277826868531687, "r5": -0.6786987099778451, "r6": 0.7340531564179698, "r7": 1.1507475286057516}, "datetime": {"datetime": "2020-01-17 23:23:21", "elapsed": 9387.967514, "delta": 37.789918}}
{"target": 12.95, "params": {"d0": 1.8977641042328208, "d1": -1.5351261905715141, "d2": 0.7825205206987813, "g0": 4.846948915693987, "g1": 0.522823738989747, "g2": -3.2666349768572402, "g3": 1.2852243445354556, "g4": 1.2904894025049005, "g5": 0.08441116384809233, "g6": 0.5495865166229521, "g7": 1.6509549534328973, "i0": 3.1511657059168163, "i1": 0.7993449617230864, "i2": -6.543455005024155, "i3": 1.0855134657945238, "i4": 0.8390612695455157, "i5": 0.6561693413271417, "i6": 0.3388386112146675, "i7": 1.4774847837776108, "r0": 1.3347594491265657, "r1": 0.8999928855786703, "r2": -9.860864318221719, "r3": 0.7776009088802687, "r4": 0.8300374624868558, "r5": -0.41452425189761133, "r6": 0.24527381419284422, "r7": 1.409876452152362}, "datetime": {"datetime": "2020-01-17 23:23:56", "elapsed": 9422.58166, "delta": 34.614146}}
{"target": 9.9, "params": {"d0": 1.3527310455135544, "d1": -4.448908131665315, "d2": 0.8818681172410614, "g0": 1.8284814839093317, "g1": 0.16996311765691652, "g2": -3.3572742082970706, "g3": 0.7653337452000359, "g4": 0.9716443447439217, "g5": 0.049640508389803606, "g6": 0.32429512332606203, "g7": 1.3044197946127263, "i0": 3.218760198556696, "i1": 0.16444807997265332, "i2": -2.757028349765508, "i3": 1.440199724717877, "i4": 1.2949129688024057, "i5": 0.6055720921428394, "i6": -0.10862170752638273, "i7": 0.9419026659193123, "r0": 4.870128825220685, "r1": 0.5571198921236816, "r2": -4.602900208062401, "r3": 0.8171689064249206, "r4": 1.256246088769666, "r5": 0.7321753413397349, "r6": 0.7894448426088716, "r7": 1.6620365115672062}, "datetime": {"datetime": "2020-01-17 23:24:34", "elapsed": 9461.157757, "delta": 38.576097}}
{"target": 12.3, "params": {"d0": 1.9295067432183806, "d1": -0.7327211800832103, "d2": 1.3835731185922486, "g0": 4.189431201528841, "g1": 0.584056893061529, "g2": -9.300225323508528, "g3": 0.7205238205713856, "g4": 0.9128010598494904, "g5": -0.6523162754951761, "g6": 0.6176580891664956, "g7": 1.8361609899100495, "i0": 2.70234999832193, "i1": 0.6112711637131678, "i2": -5.2686241546761465, "i3": 1.4481509420302305, "i4": 1.1064063511894766, "i5": 0.1925777956722161, "i6": 0.7870099050017638, "i7": 1.32211130836868, "r0": 0.3205475652733175, "r1": 0.7401471971998388, "r2": -1.5581071951698053, "r3": 1.1161867819734432, "r4": 1.0338222666143888, "r5": -0.6422014142093568, "r6": -0.030112782240273195, "r7": 1.1061247889680312}, "datetime": {"datetime": "2020-01-17 23:25:18", "elapsed": 9504.576944, "delta": 43.419187}}
{"target": 5.4, "params": {"d0": 3.737124701780335, "d1": -8.396335817652021, "d2": 1.2477046561927123, "g0": 2.2033551241725364, "g1": 0.004251298385437807, "g2": -2.976620774212825, "g3": 1.334313985949089, "g4": 0.9692446745189048, "g5": -0.03626237421950018, "g6": -0.4269248739367562, "g7": 1.149227746920034, "i0": 3.481284637844232, "i1": 0.14113732548297542, "i2": -7.694090243776001, "i3": 1.2558301254021504, "i4": 0.8341827495634416, "i5": 0.3669319405147753, "i6": 0.44118690381450787, "i7": 1.6172726800645505, "r0": 1.6073344803479162, "r1": 0.5384429930920315, "r2": -9.212173868304754, "r3": 0.927612964551538, "r4": 0.9014330097183416, "r5": 0.01815691188181745, "r6": 0.4783138750702359, "r7": 1.5765954470450652}, "datetime": {"datetime": "2020-01-17 23:25:50", "elapsed": 9536.379461, "delta": 31.802517}}
{"target": 18.75, "params": {"d0": 0.6681853129928789, "d1": -8.198446539821054, "d2": 1.097805371695437, "g0": 0.10024483104560333, "g1": 0.7361379670402067, "g2": -4.075756081132928, "g3": 0.8270666216378708, "g4": 1.2586558860108532, "g5": 0.06996153780942471, "g6": 0.996644008715492, "g7": 0.9465567725321945, "i0": 4.064732387645806, "i1": 0.0773806866977319, "i2": -0.5975304096432765, "i3": 0.9891488097819144, "i4": 1.1333061342625348, "i5": 0.3433709186085916, "i6": 0.5696482560246094, "i7": 1.6633466807692203, "r0": 0.058248410568420006, "r1": 0.22047562429665635, "r2": -2.027281277545643, "r3": 1.3295762175141657, "r4": 1.2008310290593007, "r5": -0.7874742494019449, "r6": -0.4379808102246769, "r7": 0.9812087168393242}, "datetime": {"datetime": "2020-01-17 23:26:26", "elapsed": 9572.417157, "delta": 36.037696}}
{"target": 20.05, "params": {"d0": 4.368738241729649, "d1": -5.22560970062293, "d2": 1.2853785664141362, "g0": 1.0915837649175042, "g1": 0.6698300014255412, "g2": -5.559728364598917, "g3": 1.490912155117745, "g4": 0.9431241296038262, "g5": -0.6264105273195254, "g6": 0.3203516703722422, "g7": 1.649288649777953, "i0": 0.6736013374161637, "i1": 0.5392440436430704, "i2": -2.5560892663444443, "i3": 0.7894747477829149, "i4": 1.1928356315654733, "i5": 0.07065377667336747, "i6": -0.48421319661164886, "i7": 1.5480076839915577, "r0": 4.0233511467139, "r1": 0.9909430662723419, "r2": -0.08690380954530852, "r3": 1.031160321291865, "r4": 0.8186675023961296, "r5": 0.7526594106821314, "r6": -0.16919047442254498, "r7": 1.950512730401881}, "datetime": {"datetime": "2020-01-17 23:26:59", "elapsed": 9605.590768, "delta": 33.173611}}
{"target": 2.95, "params": {"d0": 4.826864021292852, "d1": -6.716633009796219, "d2": 1.3102055777467554, "g0": 3.1596090449582084, "g1": 0.8464307517046127, "g2": -0.45601046596080685, "g3": 0.8646433139704242, "g4": 1.0046722371848216, "g5": 0.3656912907549503, "g6": 0.3848784868618166, "g7": 1.9353155651677376, "i0": 2.2344369178502266, "i1": 0.6175837821169542, "i2": -9.17511766091948, "i3": 0.8843303993321694, "i4": 0.8609933457955343, "i5": 0.42670299745944273, "i6": -0.4710973159850659, "i7": 1.935098079514053, "r0": 4.179447711147483, "r1": 0.6790094248468797, "r2": -9.71349859283964, "r3": 0.9063181985857475, "r4": 0.8681409671838983, "r5": 0.33711798345733146, "r6": -0.39580112872301554, "r7": 1.8788769308992177}, "datetime": {"datetime": "2020-01-17 23:27:45", "elapsed": 9651.482904, "delta": 45.892136}}
{"target": 12.55, "params": {"d0": 2.771849925162284, "d1": -8.96610927887744, "d2": 1.0684204383543137, "g0": 0.7099254275797845, "g1": 0.42314374183383974, "g2": -2.861268411456349, "g3": 1.257034885965496, "g4": 0.9740746129496232, "g5": -0.2419851434420187, "g6": -0.3858131453745708, "g7": 0.9962639441115787, "i0": 0.24940533634156714, "i1": 0.07447615796739016, "i2": -6.149105846069053, "i3": 1.3530971057876477, "i4": 0.9705885499310656, "i5": 0.009789128091116872, "i6": 0.43523076053921406, "i7": 1.543817258089837, "r0": 0.6693756415333563, "r1": 0.6194141656214694, "r2": -4.776436014394201, "r3": 1.3011825050910104, "r4": 1.1378390426610863, "r5": -0.03366741967870257, "r6": 0.9342010941244507, "r7": 1.187008159489808}, "datetime": {"datetime": "2020-01-17 23:28:17", "elapsed": 9683.519698, "delta": 32.036794}}
{"target": 18.15, "params": {"d0": 3.553236327660525, "d1": -7.983580820217556, "d2": 1.230894442408784, "g0": 1.2475786284350776, "g1": 0.20624742931788842, "g2": -6.2982845657577835, "g3": 1.1070853461962844, "g4": 1.1404628262812924, "g5": -0.30464758074481857, "g6": 0.07350505581910483, "g7": 1.7370212784785584, "i0": 1.6501537821178562, "i1": 0.0637994047144127, "i2": -9.538955425355159, "i3": 0.8079402933342851, "i4": 1.0347578748656296, "i5": -0.18543343861318795, "i6": 0.5127976708964679, "i7": 1.0049340477987592, "r0": 0.8090243752414183, "r1": 0.9691439205911079, "r2": -5.755149674791289, "r3": 1.4328424360214937, "r4": 0.9171728585692274, "r5": 0.7720759108027349, "r6": -0.31026761307576795, "r7": 1.7579151664770234}, "datetime": {"datetime": "2020-01-17 23:28:51", "elapsed": 9717.72576, "delta": 34.206062}}
{"target": 20.35, "params": {"d0": 4.90315836014327, "d1": -5.129737325232853, "d2": 1.0919084863412345, "g0": 0.8757297516630208, "g1": 0.6089411381905278, "g2": -7.571179593401879, "g3": 1.273437726473117, "g4": 1.0370331786190312, "g5": -0.4281789488345673, "g6": 0.191019853538974, "g7": 0.9270680525872044, "i0": 0.48565643170110806, "i1": 0.101454845358938, "i2": -6.107787712356343, "i3": 1.2727726991048327, "i4": 0.8264410363960033, "i5": -0.780019285798561, "i6": -0.2787950550813245, "i7": 1.9303428120059531, "r0": 4.328675236040124, "r1": 0.4025197248486858, "r2": -8.38705970121131, "r3": 0.9838594363867531, "r4": 1.2674162963797033, "r5": 0.22967749867100884, "r6": 0.2066026217171738, "r7": 1.3426045413174128}, "datetime": {"datetime": "2020-01-17 23:29:24", "elapsed": 9751.221564, "delta": 33.495804}}
