{"target": 16.15, "params": {"d0": 1.3717057670409978, "d1": -8.915691661681254, "d2": 0.9087206429559059, "g0": 1.670759167590374, "g1": 0.4647318772310227, "g2": -7.656435565985127, "g3": 1.2820031093268862, "g4": 1.2035955510120044, "g5": 0.46556095367511907, "g6": 0.5736228225868505, "g7": 1.1966075707771249, "i0": 1.0522889552033787, "i1": 0.10912832824141494, "i2": -6.033188985972471, "i3": 0.7698133121408262, "i4": 1.1276948282412378, "i5": 0.7197262629798693, "i6": 0.6334499208687281, "i7": 1.0285808998082318, "r0": 0.10240624359200978, "r1": 0.3348888297863468, "r2": -0.07123843240963446, "r3": 0.950265398381601, "r4": 1.168753899397064, "r5": 0.34644700254622873, "r6": 0.3588363965429219, "r7": 1.3044106634366006}, "datetime": {"datetime": "2020-01-17 22:16:12", "elapsed": 5358.333923, "delta": 39.253916}}
{"target": 16.75, "params": {"d0": 1.0413284701504404, "d1": -0.20000783556364254, "d2": 0.7527150160041004, "g0": 1.1811387596855, "g1": 0.3088994705101167, "g2": -0.9049664651769476, "g3": 1.2706954104152786, "g4": 0.9326859251190064, "g5": -0.5367979152981391, "g6": 0.8207461202897968, "g7": 1.7731614456750235, "i0": 0.19193715988202187, "i1": 0.8793008435965847, "i2": -4.120602547895389, "i3": 1.0660297575890976, "i4": 1.1369259384416281, "i5": -0.73689152234338, "i6": -0.004518194795507691, "i7": 0.9968532595902873, "r0": 3.418187323905251, "r1": 0.3980117152162973, "r2": -5.210459082260591, "r3": 0.9318426713538976, "r4": 1.1941472600561627, "r5": -0.7255797083715975, "r6": -0.07831153045421257, "r7": 1.5496554479347657}, "datetime": {"datetime": "2020-01-17 22:16:56", "elapsed": 5402.472349, "delta": 44.138426}}
{"target": 19.75, "params": {"d0": 3.9506675121726955, "d1": -3.984006640880457, "d2": 1.2843909349229081, "g0": 0.11763957438914063, "g1": 0.254923589308543, "g2": -9.579082401576272, "g3": 1.1000099187750314, "g4": 1.2945701480703868, "g5": -0.7783511870316497, "g6": 0.1613185575058833, "g7": 0.905265059916473, "i0": 3.0644430966467344, "i1": 0.1833587261280697, "i2": -2.8725821620947176, "i3": 0.8277188095783583, "i4": 1.21428782761518, "i5": -0.47011493802522947, "i6": 0.028324410747926132, "i7": 1.153636319115596, "r0": 4.038422462258231, "r1": 0.49026995558970643, "r2": -1.261664941133759, "r3": 0.8040687781584834, "r4": 1.049479055182519, "r5": 0.44258181437133426, "r6": 0.9718152531867048, "r7": 1.6407155032139955}, "datetime": {"datetime": "2020-01-17 22:17:39", "elapsed": 5445.625284, "delta": 43.152935}}
{"target": 6.25, "params": {"d0": 0.9150058989347687, "d1": -2.4022704445199743, "d2": 0.7597081720982888, "g0": 3.8138623186039, "g1": 0.8278152309219722, "g2": -4.40790283888173, "g3": 1.0941766638465822, "g4": 1.2682637113384718, "g5": -0.7998448788997203, "g6": -0.485649658432234, "g7": 1.1771465654599842, "i0": 2.528382316293091, "i1": 0.5404166504960898, "i2": -6.287075759752935, "i3": 0.9341691001561494, "i4": 0.9011836732369725, "i5": 0.4804510310337988, "i6": -0.02611564312708642, "i7": 1.441714784101831, "r0": 4.056454458520017, "r1": 0.6123589424601151, "r2": -5.913915038228751, "r3": 0.841523377888342, "r4": 0.9988260449235501, "r5": -0.023659754031810865, "r6": 0.9858768888461573, "r7": 1.2126145835126443}, "datetime": {"datetime": "2020-01-17 22:18:37", "elapsed": 5503.322864, "delta": 57.69758}}
{"target": 18.9, "params": {"d0": 0.8281983823961592, "d1": -7.794244864845559, "d2": 0.8691738754854823, "g0": 0.38023845287380786, "g1": 0.3649076984234536, "g2": -7.152659752093575, "g3": 1.4100710337147047, "g4": 1.1901298049782096, "g5": -0.6254960690442468, "g6": 0.7757552430511141, "g7": 1.0205584676000723, "i0": 3.6010387338762224, "i1": 0.5728242979210983, "i2": -9.131916157325204, "i3": 1.4242624288618935, "i4": 1.2372832574426882, "i5": 0.5501627701790832, "i6": 0.05435103267597263, "i7": 1.145246553612999, "r0": 4.9855582742939815, "r1": 0.817338365479504, "r2": -9.578718393718937, "r3": 0.9986223022918626, "r4": 1.2060934878744924, "r5": 0.04541551475660732, "r6": -0.12930376159980733, "r7": 1.772176723492243}, "datetime": {"datetime": "2020-01-17 22:19:27", "elapsed": 5554.154971, "delta": 50.832107}}
{"target": 4.1, "params": {"d0": 1.3087552197223378, "d1": -9.996016199452482, "d2": 0.885055135164586, "g0": 4.966851444812405, "g1": 0.6562008343421062, "g2": -7.793318779128263, "g3": 1.2489117615829959, "g4": 1.1434684491109095, "g5": 0.22518843189897275, "g6": -0.3941772249171853, "g7": 1.1672605286882267, "i0": 4.354185964134692, "i1": 0.7347408193015217, "i2": -8.321839940159165, "i3": 0.9388715690212367, "i4": 1.0813610143678236, "i5": 0.5223132256365266, "i6": -0.1992255404532398, "i7": 1.011831823018838, "r0": 1.9093444479532447, "r1": 0.912353469252759, "r2": -7.3948648074257575, "r3": 0.7866434821704642, "r4": 0.8279714826378913, "r5": -0.23732711060790912, "r6": -0.4435595820972161, "r7": 1.5413373133534896}, "datetime": {"datetime": "2020-01-17 22:20:09", "elapsed": 5596.080644, "delta": 41.925673}}
{"target": 17.2, "params": {"d0": 3.3627840516014755, "d1": -5.395164100152618, "d2": 1.2928934829796228, "g0": 2.5051248220704094, "g1": 0.702352620836162, "g2": -7.693590940770325, "g3": 1.2956899275691731, "g4": 1.0508186010026999, "g5": 0.3285901278544443, "g6": 0.1700466854745839, "g7": 1.4565346705329194, "i0": 0.20767591489286696, "i1": 0.48930929060426465, "i2": -8.577124978026756, "i3": 0.8139966775876365, "i4": 1.0166752012797726, "i5": 0.12194366372145171, "i6": 0.014573042787328072, "i7": 1.076540749290629, "r0": 3.7070520848997575, "r1": 0.9630915727829361, "r2": -2.6635771404949438, "r3": 0.7616513851979412, "r4": 1.2204540790626175, "r5": -0.6919775193386086, "r6": 0.15446807289887332, "r7": 1.921749079253407}, "datetime": {"datetime": "2020-01-17 22:20:47", "elapsed": 5634.108827, "delta": 38.028183}}
{"target": 13.05, "params": {"d0": 1.3159005181827226, "d1": -8.720468281072048, "d2": 1.3097910176486414, "g0": 4.643040606995656, "g1": 0.32576842070431766, "g2": -7.6754190215466345, "g3": 0.8459883811293705, "g4": 1.281617761332037, "g5": 0.12261541544043941, "g6": 0.7901316578654263, "g7": 1.2391794846570527, "i0": 0.2821821517922046, "i1": 0.45380418511530174, "i2": -7.928899040926279, "i3": 1.115186931463236, "i4": 1.0689938178088678, "i5": -0.3291388524106994, "i6": -0.03881917672428303, "i7": 0.9265910394363162, "r0": 2.102010069651903, "r1": 0.3236894136587639, "r2": -3.805098747388337, "r3": 1.3878104533535962, "r4": 1.046320220396458, "r5": -0.667666723148977, "r6": 0.9002206875014387, "r7": 1.789159663540232}, "datetime": {"datetime": "2020-01-17 22:21:37", "elapsed": 5683.870512, "delta": 49.761685}}
{"target": 10.7, "params": {"d0": 1.8275941156788666, "d1": -6.692710889748553, "d2": 1.4503472629957064, "g0": 1.8744717028055806, "g1": 0.6358022186231704, "g2": -0.14655661901426598, "g3": 0.7293918116243899, "g4": 0.9573154890743891, "g5": -0.4300228448936432, "g6": 0.8835481287268954, "g7": 1.506250403606556, "i0": 0.26856769204958386, "i1": 0.7552482494733969, "i2": -3.159161786653833, "i3": 1.2297392827481368, "i4": 1.2778643874634414, "i5": 0.5993625579444692, "i6": 0.6298772277486129, "i7": 1.1449325498088023, "r0": 0.6900748102160931, "r1": 0.2208883363414058, "r2": -7.944901389063479, "r3": 1.1543716366516463, "r4": 1.13152191158386, "r5": 0.043868032642643606, "r6": -0.41547591239828824, "r7": 1.2994788544484428}, "datetime": {"datetime": "2020-01-17 22:22:18", "elapsed": 5725.069925, "delta": 41.199413}}
{"target": 17.05, "params": {"d0": 4.838637045540304, "d1": -3.044884245948909, "d2": 0.9957918236332122, "g0": 3.3581307430116674, "g1": 0.26510969397346273, "g2": -9.225224359970381, "g3": 1.1224537114044866, "g4": 0.9448845629259464, "g5": -0.029356966953338115, "g6": 0.8529918918239849, "g7": 1.6169144034235963, "i0": 3.616595678129735, "i1": 0.1025865252271354, "i2": -5.203419142072923, "i3": 1.023473512311566, "i4": 1.1234286213758424, "i5": -0.33962378471206717, "i6": 0.07459706832634982, "i7": 1.9791184711460859, "r0": 0.5740528389263333, "r1": 0.19990786306137587, "r2": -7.609538356542296, "r3": 1.2573233603521843, "r4": 1.1568440456602507, "r5": 0.45560789852107075, "r6": 0.07156656224177638, "r7": 1.8376436164233096}, "datetime": {"datetime": "2020-01-17 22:23:03", "elapsed": 5769.941602, "delta": 44.871677}}
{"target": 14.2, "params": {"d0": 3.486732697944946, "d1": -2.8674010242326355, "d2": 1.3575909154520565, "g0": 3.144622191704063, "g1": 0.4222276228482986, "g2": -9.692011888353267, "g3": 1.1763645306312018, "g4": 1.0818817847509128, "g5": 0.16129283447859066, "g6": -0.01571979698514242, "g7": 1.5103701745291613, "i0": 0.8582815214204337, "i1": 0.6498594262094919, "i2": -9.283265263090838, "i3": 1.4000617070397956, "i4": 0.9080689750732998, "i5": -0.3298486870747958, "i6": 0.827105377959152, "i7": 1.871951299028254, "r0": 4.181336080757065, "r1": 0.32693561690624706, "r2": -0.9765536079543331, "r3": 1.317441836619909, "r4": 1.1290414904928774, "r5": 0.6396849181159492, "r6": 0.6746972083942548, "r7": 1.3672244601013972}, "datetime": {"datetime": "2020-01-17 22:23:46", "elapsed": 5813.037593, "delta": 43.095991}}
{"target": 13.75, "params": {"d0": 1.6212761206354442, "d1": -6.061218622298494, "d2": 0.7491297232465315, "g0": 1.8171544651309846, "g1": 0.3530436858449395, "g2": -1.3437551244257264, "g3": 1.4109600396242097, "g4": 1.2815260434312041, "g5": -0.2748812038165852, "g6": 0.5399802336864465, "g7": 1.5963728946852855, "i0": 1.212218727949741, "i1": 0.8699876263426785, "i2": -7.858980842303701, "i3": 1.2981712021206242, "i4": 0.8723319677571145, "i5": -0.6290885500166215, "i6": 0.5804833151853164, "i7": 1.4789499276491815, "r0": 2.2145791566812756, "r1": 0.7781805677545706, "r2": -6.412566472017426, "r3": 1.3826796788111253, "r4": 1.2810862485784145, "r5": 0.766600789719184, "r6": -0.08355799657961405, "r7": 1.3565077400232746}, "datetime": {"datetime": "2020-01-17 22:24:35", "elapsed": 5861.542063, "delta": 48.50447}}
{"target": 12.45, "params": {"d0": 3.625049421586776, "d1": -1.0513406598704549, "d2": 1.2690488880837316, "g0": 3.7906614138952515, "g1": 0.8834036519677717, "g2": -6.330517618498832, "g3": 1.1340359533177258, "g4": 1.0673849877913728, "g5": 0.23613212832687225, "g6": 0.8427758195861916, "g7": 1.5609102237387469, "i0": 4.849692688580019, "i1": 0.7321355547652482, "i2": -5.847085084454175, "i3": 1.1649107681312714, "i4": 1.2611603912085219, "i5": 0.18960061428315722, "i6": 0.5648929051275429, "i7": 1.6274212353039281, "r0": 1.6807321944978133, "r1": 0.20333485512269822, "r2": -5.921870373995796, "r3": 0.820615844905387, "r4": 1.2131667738605079, "r5": 0.3367369816013026, "r6": 0.10158428411577392, "r7": 1.0885209656971528}, "datetime": {"datetime": "2020-01-17 22:25:16", "elapsed": 5903.265456, "delta": 41.723393}}
{"target": 17.95, "params": {"d0": 4.378996699430248, "d1": -3.6093609396197266, "d2": 1.4972822559852372, "g0": 0.5054894479887262, "g1": 0.24484835913226244, "g2": -9.163450658369381, "g3": 1.2957934206077557, "g4": 0.8797876547285213, "g5": 0.6106552542960251, "g6": 0.23721928980834628, "g7": 1.4787861889353644, "i0": 0.21260144395502112, "i1": 0.614053635731627, "i2": -7.723852109049327, "i3": 0.8708032714776124, "i4": 1.2476592844620957, "i5": 0.6208213583951867, "i6": -0.49210222351052074, "i7": 1.8155343555447123, "r0": 4.51149420009778, "r1": 0.5119476580924737, "r2": -3.4382618194861294, "r3": 1.3142285471467579, "r4": 1.1427199873762843, "r5": -0.06541372857171324, "r6": 0.36017834797406234, "r7": 1.5314653749034828}, "datetime": {"datetime": "2020-01-17 22:26:06", "elapsed": 5952.365317, "delta": 49.099861}}
{"target": 6.05, "params": {"d0": 4.210652600121273, "d1": -7.5955829238085615, "d2": 1.305781173012563, "g0": 4.061685548591669, "g1": 0.7970323611449748, "g2": -1.9229218100801564, "g3": 1.3634240179092436, "g4": 1.0087578756511197, "g5": 0.18861877696086826, "g6": 0.6328682742202878, "g7": 1.7467421262758518, "i0": 4.79302311462768, "i1": 0.975075275592005, "i2": -4.352654080909593, "i3": 1.0725912549935244, "i4": 1.2177626633432108, "i5": -0.4480625216693488, "i6": 0.6495971341913409, "i7": 1.1112127590394512, "r0": 2.958137829765337, "r1": 0.6068314566255671, "r2": -5.581561971978232, "r3": 1.3916405222463981, "r4": 1.0717410930708848, "r5": -0.011632462520677622, "r6": 0.12718845350508579, "r7": 0.9684477017249874}, "datetime": {"datetime": "2020-01-17 22:26:57", "elapsed": 6003.469631, "delta": 51.104314}}
{"target": 12.25, "params": {"d0": 1.8107472996344716, "d1": -9.07184641805861, "d2": 1.152510799740844, "g0": 3.2025081577879533, "g1": 0.7677822626181597, "g2": -3.6746474365585726, "g3": 0.84964860414037, "g4": 1.1751219753895583, "g5": 0.07817504068925829, "g6": -0.34674446099841516, "g7": 0.9273097321066989, "i0": 1.4937309619167238, "i1": 0.6900150292649251, "i2": -0.6721164955586438, "i3": 1.4731977605441755, "i4": 1.1822740446673234, "i5": -0.3308013028689688, "i6": 0.4331036879094503, "i7": 1.1542057402905082, "r0": 3.7534518582583587, "r1": 0.16586702947952792, "r2": -2.435296144758974, "r3": 1.3948711991443852, "r4": 1.0597531767932287, "r5": -0.6949842587863932, "r6": 0.17333803111869361, "r7": 1.8216114725177994}, "datetime": {"datetime": "2020-01-17 22:27:46", "elapsed": 6053.185363, "delta": 49.715732}}
{"target": 8.5, "params": {"d0": 0.8987632671502699, "d1": -9.614409387372051, "d2": 1.2861548595833459, "g0": 2.8152036178669753, "g1": 0.042060626449232696, "g2": -0.15114735941698498, "g3": 1.1554659099869817, "g4": 1.092578336481327, "g5": 0.4638506269863105, "g6": 0.8539520060294632, "g7": 0.9668258099626635, "i0": 1.7425660469440774, "i1": 0.20009186306839266, "i2": -5.348484683450414, "i3": 0.7731743535724919, "i4": 0.8340428871198619, "i5": -0.3185769069915459, "i6": 0.856517886657777, "i7": 1.973096175676246, "r0": 3.8186001589169734, "r1": 0.0007409129605489007, "r2": -2.6478444576376603, "r3": 0.7175940079880198, "r4": 0.8842828411275305, "r5": -0.7831775867447517, "r6": -0.27630950184910685, "r7": 1.6562560776771256}, "datetime": {"datetime": "2020-01-17 22:28:36", "elapsed": 6103.129861, "delta": 49.944498}}
{"target": 3.4, "params": {"d0": 3.510084376706783, "d1": -6.289225933781432, "d2": 1.2849526593602918, "g0": 4.236521027123193, "g1": 0.13035751444155008, "g2": -9.12592683838256, "g3": 0.9975371652111222, "g4": 1.001941818775587, "g5": -0.3577532482234075, "g6": 0.6312522789166701, "g7": 1.2539648206076315, "i0": 4.000721559587498, "i1": 0.9113083542736461, "i2": -4.868509924587841, "i3": 1.0435376237445217, "i4": 0.8457974010857727, "i5": -0.3621163139120537, "i6": 0.8299717218187816, "i7": 1.1705387754009082, "r0": 3.1059469343543737, "r1": 0.49500739584280073, "r2": -9.056274640657856, "r3": 1.419494825114301, "r4": 0.833885416229057, "r5": 0.2891237207465296, "r6": 0.9579972099765766, "r7": 1.6803111699028186}, "datetime": {"datetime": "2020-01-17 22:29:29", "elapsed": 6156.114755, "delta": 52.984894}}
{"target": 1.25, "params": {"d0": 1.6295436022918781, "d1": -9.265598336320014, "d2": 1.1637896376378747, "g0": 3.6675850912654666, "g1": 0.35884603365354084, "g2": -3.4624852748969692, "g3": 1.1532731265587668, "g4": 0.817053208699165, "g5": 0.6731111248780264, "g6": 0.07000870517871882, "g7": 1.3173421383965738, "i0": 4.231779378988355, "i1": 0.484277901996814, "i2": -5.489312057366968, "i3": 1.2118853722754774, "i4": 0.9058856453944175, "i5": 0.045281108315607055, "i6": 0.5028527866236017, "i7": 1.4926543699811954, "r0": 3.543805687540332, "r1": 0.5985364919631379, "r2": -1.5859446630024188, "r3": 1.4033366102411533, "r4": 0.8489196015163545, "r5": -0.38624960876467684, "r6": -0.4180157668710165, "r7": 1.1517810545457143}, "datetime": {"datetime": "2020-01-17 22:30:33", "elapsed": 6220.064951, "delta": 63.950196}}
{"target": 18.35, "params": {"d0": 3.6045835355605513, "d1": -9.214547605073776, "d2": 0.8240956104400291, "g0": 3.853841637128818, "g1": 0.44432517737277866, "g2": -7.098792623076787, "g3": 1.2151877570183727, "g4": 1.2434692022741882, "g5": -0.7398312953987644, "g6": 0.5396415167520694, "g7": 1.6354057964251796, "i0": 4.340060492987902, "i1": 0.19637204002350095, "i2": -2.872073704660294, "i3": 0.7831208866042298, "i4": 0.8283131783970039, "i5": 0.2892736548125905, "i6": -0.4660479287995356, "i7": 0.9487289976823361, "r0": 0.18476511386668004, "r1": 0.4654105087333362, "r2": -2.421305557553289, "r3": 1.49375937895195, "r4": 0.9133038482770313, "r5": 0.4678083604328438, "r6": 0.6928687962695343, "r7": 1.8594669802763852}, "datetime": {"datetime": "2020-01-17 22:31:18", "elapsed": 6265.251309, "delta": 45.186358}}
{"target": 12.6, "params": {"d0": 1.5712799514769404, "d1": -8.670749448627893, "d2": 1.3373612639873145, "g0": 2.837316688339531, "g1": 0.414653926800871, "g2": -9.413583228140292, "g3": 0.7052455003087474, "g4": 0.958011731652292, "g5": -0.36566594346738984, "g6": 0.2135854409655542, "g7": 1.9159730511724185, "i0": 2.0834224303033095, "i1": 0.2878838708794117, "i2": -1.5475346675344372, "i3": 0.945559893896412, "i4": 1.2577920112249927, "i5": 0.5814589492547559, "i6": 0.4582287822521598, "i7": 1.7224427129311204, "r0": 0.7866139776506587, "r1": 0.6028742701114563, "r2": -6.729627161337541, "r3": 1.0909424428495413, "r4": 0.912692729048953, "r5": 0.6431322842691569, "r6": 0.11730066577693998, "r7": 1.4244074585165327}, "datetime": {"datetime": "2020-01-17 22:32:22", "elapsed": 6328.692526, "delta": 63.441217}}
{"target": 14.55, "params": {"d0": 3.607013764671324, "d1": -8.778031870772951, "d2": 1.1024520388408798, "g0": 4.065738316432142, "g1": 0.6773418599205555, "g2": -6.783492739753654, "g3": 1.2685323173329577, "g4": 1.2672197993397407, "g5": 0.6316419813621461, "g6": 0.61335218226269, "g7": 1.192711285735179, "i0": 1.8624370346847225, "i1": 0.5584179211235301, "i2": -6.1895110314358535, "i3": 1.0645974896499883, "i4": 1.1967629720588462, "i5": -0.6336957886238157, "i6": 0.9594948673407591, "i7": 1.6750809728321427, "r0": 4.323639341881627, "r1": 0.7816800539428734, "r2": -5.67816286491119, "r3": 1.4540089147065718, "r4": 0.9265431085542659, "r5": -0.7260025228967163, "r6": -0.35468265460279513, "r7": 1.120810284114286}, "datetime": {"datetime": "2020-01-17 22:33:03", "elapsed": 6369.531322, "delta": 40.838796}}
{"target": 10.85, "params": {"d0": 2.695402681737207, "d1": -7.763974474340629, "d2": 1.3682566558811238, "g0": 0.046693436214028106, "g1": 0.7459009287946741, "g2": -0.3099217775796479, "g3": 0.913746568867994, "g4": 1.1119077532142074, "g5": 0.3436474159129683, "g6": -0.009563873105548903, "g7": 1.3764392291041214, "i0": 3.672044230573941, "i1": 0.13115018718805627, "i2": -8.563140270011782, "i3": 1.0003250581988414, "i4": 0.9142045259058209, "i5": -0.30882176995200106, "i6": -0.2749014726711427, "i7": 1.0062996658228847, "r0": 4.579920155581695, "r1": 0.3458934084716969, "r2": -4.3403374326491, "r3": 1.137759012057919, "r4": 1.0251787740761555, "r5": 0.3965129285479041, "r6": -0.0026353139802894887, "r7": 1.8817252025430768}, "datetime": {"datetime": "2020-01-17 22:33:36", "elapsed": 6403.10204, "delta": 33.570718}}
{"target": 13.0, "params": {"d0": 0.3401661115354371, "d1": -4.251104072749191, "d2": 0.9712420615613924, "g0": 1.8195017244389695, "g1": 0.30509789424760836, "g2": -3.964137004894658, "g3": 0.8875263436270786, "g4": 0.9471530998452097, "g5": -0.34320865512807563, "g6": -0.4898068319882489, "g7": 1.3087803603993036, "i0": 0.24448675586230706, "i1": 0.8743762125204062, "i2": -2.7817736859657263, "i3": 1.1762456836218715, "i4": 1.1719391674943012, "i5": 0.6417505340664216, "i6": 0.541135845055682, "i7": 1.5498319488413805, "r0": 0.6212962181272552, "r1": 0.40458265152218775, "r2": -4.210487517390929, "r3": 1.182275492655306, "r4": 1.2803889183919284, "r5": -0.47119948627915975, "r6": 0.4947269913445008, "r7": 1.1820720547275956}, "datetime": {"datetime": "2020-01-17 22:34:39", "elapsed": 6466.184623, "delta": 63.082583}}
{"target": 17.3, "params": {"d0": 2.088806212552235, "d1": -0.2804953789046696, "d2": 0.9648619444728432, "g0": 1.8101158268777007, "g1": 0.43956844846494325, "g2": -9.593322101108434, "g3": 1.0188561908035425, "g4": 1.1094925497853845, "g5": 0.12492797896037333, "g6": 0.8101190916831651, "g7": 1.6053052135966945, "i0": 2.784779723396655, "i1": 0.6406471570721031, "i2": -9.52383216589361, "i3": 1.4968970788468043, "i4": 0.8758527088097334, "i5": -0.1304849812233181, "i6": -0.05712279478446314, "i7": 1.5349385835051979, "r0": 2.7978051172380756, "r1": 0.35211432425977274, "r2": -0.26370536018939816, "r3": 1.3010173112635737, "r4": 1.244920681467113, "r5": -0.07134368742192332, "r6": 0.3991091329516825, "r7": 1.3547986033313562}, "datetime": {"datetime": "2020-01-17 22:35:27", "elapsed": 6513.635667, "delta": 47.451044}}
{"target": 10.0, "params": {"d0": 1.5212758272000064, "d1": -4.745294292489074, "d2": 0.852773847142394, "g0": 1.0705086196772569, "g1": 0.5107874183129075, "g2": -9.861479255034812, "g3": 1.0563896869399851, "g4": 1.2983503356767907, "g5": 0.5162927698398501, "g6": -0.3748091802696651, "g7": 1.6214793487177839, "i0": 1.1269646501538855, "i1": 0.11795585226243899, "i2": -6.513227372073872, "i3": 1.2417334543459924, "i4": 1.0753822802614363, "i5": -0.7296597383494792, "i6": 0.7851314040206219, "i7": 1.425354525971006, "r0": 4.283881124341992, "r1": 0.18765401155497807, "r2": -9.162667338495886, "r3": 1.1127757296332, "r4": 1.027272331498311, "r5": -0.7777689616162441, "r6": -0.4409681154638505, "r7": 1.0029961193044938}, "datetime": {"datetime": "2020-01-17 22:35:58", "elapsed": 6544.589058, "delta": 30.953391}}
