{"target": 20.7, "params": {"d0": 3.485826135768763, "d1": -1.424968135161319, "d2": 0.9854779989554003, "g0": 0.6831041935403165, "g1": 0.5905502446674257, "g2": -4.9026547802877545, "g3": 1.1699151465824658, "g4": 1.0315637238571358, "g5": 0.06440071924154624, "g6": 0.27770989403135743, "g7": 1.6197523898212505, "i0": 3.903168435107964, "i1": 0.6107177120197477, "i2": -6.826057234378146, "i3": 0.9973465934064183, "i4": 1.0493038421012162, "i5": -0.060661958898634696, "i6": 0.2583604495727407, "i7": 1.448944521575708, "r0": 3.0078173143652442, "r1": 0.5023702783831108, "r2": -8.85201374108511, "r3": 1.0282741601752936, "r4": 1.0899934843201033, "r5": 0.5302389578649139, "r6": 0.22645022544694732, "r7": 1.4485041355197525}, "datetime": {"datetime": "2020-01-19 02:23:32", "elapsed": 37851.539655, "delta": 38.434381}}
{"target": 20.5, "params": {"d0": 3.1748389847649365, "d1": -9.016129724196764, "d2": 0.9323560258053191, "g0": 0.8241308758171982, "g1": 0.5711821159721719, "g2": -5.372288891864976, "g3": 1.4981961367785073, "g4": 1.0771137534675368, "g5": -0.36018651411481833, "g6": 0.14353422041814173, "g7": 1.6048796745246006, "i0": 4.463551409776144, "i1": 0.6563537287108083, "i2": -5.7744522857659515, "i3": 1.0092541256303043, "i4": 1.1016828088900814, "i5": 0.04498237037610823, "i6": -0.15070032034973765, "i7": 1.713301621401637, "r0": 1.6854306551227813, "r1": 0.8593402232699692, "r2": -1.5771308277057559, "r3": 1.3270906911427156, "r4": 0.9503430796787422, "r5": -0.4809237125290756, "r6": 0.14952961574322374, "r7": 1.465504521049688}, "datetime": {"datetime": "2020-01-19 02:24:10", "elapsed": 37889.409181, "delta": 37.869526}}
{"target": 20.55, "params": {"d0": 3.5260566254903924, "d1": -1.4639129274206537, "d2": 0.9680168037567414, "g0": 0.7487433285353825, "g1": 0.5254171225126507, "g2": -4.70418167334519, "g3": 1.1607884378825797, "g4": 1.2096035863184964, "g5": 0.09497570181674196, "g6": 0.17922028651301597, "g7": 1.6392917565074985, "i0": 4.1245721969796785, "i1": 0.718204817951931, "i2": -6.802422721128556, "i3": 1.0137603570202427, "i4": 0.9948886166502083, "i5": -0.14677921539664535, "i6": 0.20425066020772428, "i7": 1.5507742897781593, "r0": 2.676921036228653, "r1": 0.4547478213211209, "r2": -8.81177631881959, "r3": 1.0801104543832776, "r4": 1.054032928994811, "r5": 0.5145695081213537, "r6": 0.2587918802737348, "r7": 1.4666298612803979}, "datetime": {"datetime": "2020-01-19 02:24:50", "elapsed": 37929.734733, "delta": 40.325552}}
{"target": 20.85, "params": {"d0": 4.285755338360222, "d1": -7.8319913284661205, "d2": 1.0513163144325568, "g0": 0.5606196344211216, "g1": 0.5954036073672099, "g2": -3.1821757246902647, "g3": 1.276208797282904, "g4": 1.0255399443385664, "g5": -0.24509084043506693, "g6": 0.389173513485358, "g7": 1.3373009773050113, "i0": 0.9496435756233177, "i1": 0.6535200576617787, "i2": -4.661131972832198, "i3": 1.0667895807302108, "i4": 0.952830246827632, "i5": 0.19325771945679796, "i6": -0.3516396797827752, "i7": 1.4886550480108005, "r0": 3.1303097371361077, "r1": 0.7662607937812282, "r2": -4.650290280365571, "r3": 0.9691071081419556, "r4": 1.186402929930277, "r5": 0.22471028560325632, "r6": 0.4391175118014569, "r7": 1.8206286975146186}, "datetime": {"datetime": "2020-01-19 02:25:26", "elapsed": 37965.467229, "delta": 35.732496}}
{"target": 21.0, "params": {"d0": 3.82582570042242, "d1": -1.3096295457779792, "d2": 0.9022196440471955, "g0": 0.572362819398007, "g1": 0.4013970026075304, "g2": -4.827113401133988, "g3": 1.2039908290642996, "g4": 1.1924946067486646, "g5": 0.01065864732836591, "g6": 0.23730569653558287, "g7": 1.7143641519621236, "i0": 3.820478471416748, "i1": 0.6510956994861306, "i2": -6.507243232863091, "i3": 0.9618524389249961, "i4": 1.197365575150791, "i5": -0.22866002804503574, "i6": 0.045440185177965636, "i7": 1.6589451947978016, "r0": 2.2183594035968786, "r1": 0.3506938264177486, "r2": -8.873083150463819, "r3": 1.008543986195511, "r4": 1.028369820489015, "r5": 0.5420657505543046, "r6": 0.1021403066974273, "r7": 1.6138527511029175}, "datetime": {"datetime": "2020-01-19 02:26:09", "elapsed": 38008.227727, "delta": 42.760498}}
{"target": 20.55, "params": {"d0": 3.173914910030031, "d1": -8.06333392824345, "d2": 0.9451291574378851, "g0": 0.34145853284736394, "g1": 0.3755378638868342, "g2": -5.268446185150891, "g3": 1.3767440615609718, "g4": 1.160414893115236, "g5": -0.4532810543803813, "g6": 0.4275004762353354, "g7": 1.6343365122709959, "i0": 3.1427855831396423, "i1": 0.6646901712050952, "i2": -5.566278893893271, "i3": 1.1334756680294102, "i4": 1.0002753977759002, "i5": -0.07159632783042771, "i6": -0.124166476169429, "i7": 1.6878065648450544, "r0": 1.9004860281143363, "r1": 0.5146565185558812, "r2": -2.540144877034791, "r3": 1.1645463457998353, "r4": 1.0155064516958061, "r5": -0.11543318239696147, "r6": 0.3550616070111593, "r7": 1.5150820580100888}, "datetime": {"datetime": "2020-01-19 02:26:49", "elapsed": 38048.862639, "delta": 40.634912}}
{"target": 20.65, "params": {"d0": 3.9464774983879103, "d1": -1.2186435860764542, "d2": 1.127132629558818, "g0": 0.7153589604052503, "g1": 0.29435859987418334, "g2": -5.436183548050096, "g3": 1.1934427294123824, "g4": 1.192114950677238, "g5": 0.014033829000599792, "g6": 0.2359539480917462, "g7": 1.5750159218459259, "i0": 3.861097711741267, "i1": 0.6140111957945543, "i2": -6.608345702568882, "i3": 1.0151522878587895, "i4": 0.9376465542463348, "i5": -0.5218710373887326, "i6": 0.10396614063933361, "i7": 1.6465306415527659, "r0": 1.873952441295715, "r1": 0.2164293348398729, "r2": -8.853110796808167, "r3": 1.2170304844967152, "r4": 1.0350695639347214, "r5": 0.3612264113725156, "r6": 0.17090919701848944, "r7": 1.570966591589684}, "datetime": {"datetime": "2020-01-19 02:27:29", "elapsed": 38088.775395, "delta": 39.912756}}
{"target": 21.0, "params": {"d0": 3.145518905370591, "d1": -1.678170001142218, "d2": 1.0024223797796665, "g0": 0.47732281656376946, "g1": 0.605388140599143, "g2": -5.015557724046638, "g3": 1.1846635568144137, "g4": 0.9963042824128394, "g5": -0.01664245790029364, "g6": 0.1481208712472291, "g7": 1.6648806827242224, "i0": 3.272938444056327, "i1": 0.6067447615398982, "i2": -6.374846788240379, "i3": 1.0056494064738335, "i4": 1.0011864020635135, "i5": -0.029314986412405604, "i6": 0.020867370111580328, "i7": 1.4306321425820372, "r0": 3.8724181617669173, "r1": 0.5147071078778842, "r2": -8.345187134160474, "r3": 1.0592851315132095, "r4": 1.1289560932577045, "r5": 0.4857055844608478, "r6": -0.02515207415446823, "r7": 1.6200961876616173}, "datetime": {"datetime": "2020-01-19 02:28:06", "elapsed": 38125.420152, "delta": 36.644757}}
{"target": 20.7, "params": {"d0": 3.461857112016356, "d1": -9.5020048002723, "d2": 0.8707872468089541, "g0": 0.4131522526559452, "g1": 0.26057972807393115, "g2": -4.541776684809624, "g3": 1.0469995834492511, "g4": 1.2324413320407264, "g5": -0.5045231374597025, "g6": 0.11694356250584254, "g7": 1.8218682004739464, "i0": 3.257321403043896, "i1": 0.48797036872925414, "i2": -6.662142208989011, "i3": 1.1484231229818178, "i4": 1.0264656476580305, "i5": 0.02496031294291203, "i6": -0.3750056771752795, "i7": 1.5659682519958118, "r0": 2.8447993978820336, "r1": 0.3079324950463499, "r2": -3.7534121825307705, "r3": 0.903501153684529, "r4": 1.105794064261513, "r5": 0.11890823790483111, "r6": 0.7661022602533702, "r7": 1.8706360326819709}, "datetime": {"datetime": "2020-01-19 02:28:47", "elapsed": 38166.827287, "delta": 41.407135}}
{"target": 20.65, "params": {"d0": 3.516057721838858, "d1": -1.4711736863208833, "d2": 1.039783921090812, "g0": 0.6524575302419869, "g1": 0.6207139871710345, "g2": -4.746979158277308, "g3": 1.190122043043428, "g4": 1.0690013955852278, "g5": 0.08286454613007639, "g6": 0.3080124599772383, "g7": 1.449381267936503, "i0": 4.118319826356628, "i1": 0.5500173351176441, "i2": -6.620195426781043, "i3": 0.9430725928599175, "i4": 1.055650031601901, "i5": -0.017021907252541983, "i6": 0.21631071538222657, "i7": 1.5552837499015877, "r0": 2.6417337826699847, "r1": 0.39660264614367274, "r2": -8.800429626026705, "r3": 0.9210367633977216, "r4": 0.9609189123869528, "r5": 0.5251163055607434, "r6": 0.2988733159973124, "r7": 1.399472114815904}, "datetime": {"datetime": "2020-01-19 02:29:24", "elapsed": 38203.828341, "delta": 37.001054}}
{"target": 20.45, "params": {"d0": 4.226612335267981, "d1": -7.909028046289767, "d2": 1.0604433361937835, "g0": 0.49249223081388976, "g1": 0.5911770452229993, "g2": -3.28583179631841, "g3": 1.2648592400827392, "g4": 1.067441061961325, "g5": -0.15641573350844687, "g6": 0.33347382579700335, "g7": 1.331437819652581, "i0": 1.1005242781192703, "i1": 0.6487780340390821, "i2": -4.626384307909061, "i3": 1.0536653483447083, "i4": 0.9531260506487627, "i5": 0.18734760556033203, "i6": -0.30673005404479065, "i7": 1.4910236367974548, "r0": 3.122461371251015, "r1": 0.7084342922224828, "r2": -4.519690601438891, "r3": 1.0133152653375637, "r4": 1.173844955123649, "r5": 0.20228088107912814, "r6": 0.5204601877974196, "r7": 1.698815522491742}, "datetime": {"datetime": "2020-01-19 02:30:03", "elapsed": 38241.938489, "delta": 38.110148}}
{"target": 20.4, "params": {"d0": 3.2750992305358624, "d1": -1.5313160807419242, "d2": 1.0391288445448579, "g0": 0.43173121367047845, "g1": 0.6328797174899283, "g2": -5.335126439561769, "g3": 1.0779228930973292, "g4": 1.0033780767872225, "g5": -0.019279484867627792, "g6": 0.1859421535823867, "g7": 1.6891849204025116, "i0": 3.1818646009872964, "i1": 0.49394340520198027, "i2": -6.756691421885086, "i3": 1.0486190776480977, "i4": 1.047069618412658, "i5": -0.07236803628634485, "i6": 0.1980361605268929, "i7": 1.462712759871006, "r0": 3.6099581885390197, "r1": 0.4139762294033128, "r2": -8.636155646915133, "r3": 1.0592390190796468, "r4": 1.062136061731918, "r5": 0.39858394083708415, "r6": 0.044974838479481, "r7": 1.541100668377584}, "datetime": {"datetime": "2020-01-19 02:30:39", "elapsed": 38278.593216, "delta": 36.654727}}
{"target": 19.3, "params": {"d0": 4.888259965811868, "d1": -3.64599483218335, "d2": 0.9541475400889188, "g0": 0.20400203238366466, "g1": 0.9763674376860988, "g2": -8.497395744247122, "g3": 0.9801253342484236, "g4": 1.2999996356885888, "g5": 0.005212535676124393, "g6": 0.20719524429501346, "g7": 1.7113109926710866, "i0": 3.329952067516744, "i1": 0.35468403489623146, "i2": -2.673425595453805, "i3": 0.8965773780204873, "i4": 1.1372074321562031, "i5": -0.06135089003882912, "i6": -0.10686279072529917, "i7": 1.7735260883778339, "r0": 0.06191804930945644, "r1": 0.3007128211783019, "r2": -5.626246764758604, "r3": 1.2182764298983269, "r4": 1.0606996182235364, "r5": -0.4237108597401642, "r6": 0.22686560939966982, "r7": 1.2004392921643505}, "datetime": {"datetime": "2020-01-19 02:31:20", "elapsed": 38319.06768, "delta": 40.474464}}
{"target": 20.65, "params": {"d0": 3.2271868774265493, "d1": -1.4754490191801664, "d2": 1.0413585406167483, "g0": 0.40968808165429527, "g1": 0.5377729793852538, "g2": -5.361347381808286, "g3": 1.1231548147155261, "g4": 1.0541992426501874, "g5": 0.07814607048887114, "g6": 0.26282282918611766, "g7": 1.636196215033169, "i0": 3.195227089652842, "i1": 0.5336444257614142, "i2": -6.71695742073938, "i3": 1.0375590392269844, "i4": 1.053892618359188, "i5": -0.06068462971577123, "i6": 0.012894553637072976, "i7": 1.577863365541288, "r0": 3.5340895051231853, "r1": 0.6016214859417675, "r2": -8.676408454395867, "r3": 1.140839230847179, "r4": 1.0830359200726933, "r5": 0.38813789514673, "r6": -0.01794080075306983, "r7": 1.402905706870482}, "datetime": {"datetime": "2020-01-19 02:31:58", "elapsed": 38357.756293, "delta": 38.688613}}
{"target": 20.4, "params": {"d0": 3.3800286025891824, "d1": -6.367984779079074, "d2": 0.8843786185229666, "g0": 0.7122154005587558, "g1": 0.2479643606000029, "g2": -6.523272188141169, "g3": 1.4040799126746815, "g4": 0.8961784763912106, "g5": -0.5391217990471152, "g6": 0.15331238954241802, "g7": 1.5920562282806616, "i0": 0.40937298372779574, "i1": 0.2918709400662171, "i2": -1.8183227333579621, "i3": 1.211244976803849, "i4": 0.9788735769380904, "i5": -0.5462921853759681, "i6": -0.04202389685073926, "i7": 1.2115392312968039, "r0": 3.5196360754596436, "r1": 0.33168941059916784, "r2": -3.091760600267971, "r3": 1.0384541206605957, "r4": 0.9725929690973009, "r5": 0.4513741741642306, "r6": -0.21035894595811025, "r7": 1.4315733265460417}, "datetime": {"datetime": "2020-01-19 02:32:37", "elapsed": 38396.909851, "delta": 39.153558}}
{"target": 19.3, "params": {"d0": 3.39179064980878, "d1": -2.443371341068809, "d2": 0.8515545488626854, "g0": 1.1421467394051146, "g1": 0.8913295023981375, "g2": -9.48558169456143, "g3": 1.3429160359696706, "g4": 1.250849875227318, "g5": -0.24199501072268012, "g6": 0.5171848519209901, "g7": 1.8752727425774165, "i0": 2.0423552340740345, "i1": 0.4731137980341301, "i2": -7.575572749249779, "i3": 1.1242408766407543, "i4": 1.283203122397187, "i5": -0.20740943756315536, "i6": 0.21499002405939102, "i7": 1.7147501405065357, "r0": 3.221250616003761, "r1": 0.40843740928587097, "r2": -5.865729371072659, "r3": 1.4670310544070888, "r4": 0.9664194598659192, "r5": -0.10718635324572749, "r6": -0.22129935381595034, "r7": 1.7465964093354367}, "datetime": {"datetime": "2020-01-19 02:33:15", "elapsed": 38434.614786, "delta": 37.704935}}
{"target": 20.9, "params": {"d0": 4.803214351968327, "d1": -8.16448534706914, "d2": 1.3149679359746824, "g0": 1.0172560615329362, "g1": 0.11158819230941198, "g2": -8.473245227204819, "g3": 1.4293619285804124, "g4": 1.2324958440430778, "g5": -0.32021909289390266, "g6": 0.900331336984635, "g7": 1.8087361923272913, "i0": 2.19674453954005, "i1": 0.4853879170268854, "i2": -3.8561619024877984, "i3": 0.8489223301201524, "i4": 0.8342539712681882, "i5": -0.36467525387154864, "i6": -0.396244982523494, "i7": 1.6239789129611988, "r0": 2.651212592726886, "r1": 0.3310492961502333, "r2": -2.177659691164139, "r3": 0.8698620890432442, "r4": 0.9381912743902601, "r5": -0.31104179359745215, "r6": -0.17570648796219873, "r7": 1.0616525153721694}, "datetime": {"datetime": "2020-01-19 02:33:53", "elapsed": 38472.335641, "delta": 37.720855}}
{"target": 20.2, "params": {"d0": 3.843840783912652, "d1": -1.366004874776211, "d2": 0.955540236244423, "g0": 0.6895194081987395, "g1": 0.42097747399974245, "g2": -4.81665496822667, "g3": 1.1285279897114457, "g4": 1.2086639031177466, "g5": 0.007956163201033102, "g6": 0.14648680069748576, "g7": 1.555066523256383, "i0": 3.9379164314363235, "i1": 0.5846508271911778, "i2": -6.47565343825099, "i3": 0.9701800006205509, "i4": 1.0510670734008263, "i5": -0.40073325755915346, "i6": 0.058030716267682435, "i7": 1.6149748551432948, "r0": 2.0632571117226197, "r1": 0.3415196162662438, "r2": -8.750528873739205, "r3": 0.9879602479999432, "r4": 1.0204017729637236, "r5": 0.43832343951965413, "r6": 0.26381845695049355, "r7": 1.4218968863947872}, "datetime": {"datetime": "2020-01-19 02:34:30", "elapsed": 38509.384497, "delta": 37.048856}}
{"target": 21.65, "params": {"d0": 3.818324858586283, "d1": -1.3459015306590847, "d2": 0.9664335179965667, "g0": 0.5468374956289002, "g1": 0.26495418113546204, "g2": -4.904175198288981, "g3": 1.3092832551432536, "g4": 1.1542153628858765, "g5": -0.08436330316354053, "g6": 0.2693181331668362, "g7": 1.5640154524762717, "i0": 3.980359345842954, "i1": 0.6577007740571464, "i2": -6.702296193986757, "i3": 0.9122787809115536, "i4": 1.0214234990043645, "i5": -0.2542124573264307, "i6": 0.08634093589719502, "i7": 1.5816413706169292, "r0": 2.1546169303973848, "r1": 0.35959578840989537, "r2": -8.925702677590216, "r3": 1.088695098021537, "r4": 1.0224550966910222, "r5": 0.36972228610679486, "r6": 0.14296949677527138, "r7": 1.5046633709305428}, "datetime": {"datetime": "2020-01-19 02:35:06", "elapsed": 38545.085074, "delta": 35.700577}}
{"target": 20.05, "params": {"d0": 3.177166193021882, "d1": -1.6909575711407274, "d2": 0.9836651565110406, "g0": 0.40466515058748465, "g1": 0.500397491599417, "g2": -5.047900406843098, "g3": 1.2375170313985944, "g4": 1.0531713377247955, "g5": 0.09040561047966254, "g6": 0.14181672256364297, "g7": 1.7055643675493104, "i0": 3.268962908201309, "i1": 0.5877392257760764, "i2": -6.384414742776183, "i3": 1.0149490309812585, "i4": 1.1132959459420249, "i5": -0.018908656786987766, "i6": -0.1047575255427458, "i7": 1.555794324509852, "r0": 3.946839768372544, "r1": 0.6114725866040203, "r2": -8.389675622266541, "r3": 1.0310749468332965, "r4": 1.1766324512847823, "r5": 0.3608068878370882, "r6": 0.04349378791228905, "r7": 1.5623333865079732}, "datetime": {"datetime": "2020-01-19 02:35:44", "elapsed": 38583.477978, "delta": 38.392904}}
{"target": 19.85, "params": {"d0": 3.841057146396624, "d1": -1.3555247337846728, "d2": 1.02499490807762, "g0": 0.48196770543352424, "g1": 0.32800121437747964, "g2": -4.847504136285183, "g3": 1.2119065355504772, "g4": 1.1487380217871517, "g5": -0.12017799379132346, "g6": 0.253451334769061, "g7": 1.6344182288261124, "i0": 4.0103516913486414, "i1": 0.6741616102897137, "i2": -6.551410402052229, "i3": 0.9673398140618777, "i4": 0.9976414336848511, "i5": -0.23656424432538184, "i6": 0.1104872865949477, "i7": 1.6599456779029607, "r0": 2.190377948591969, "r1": 0.384879190346608, "r2": -8.771957166281227, "r3": 1.1455413286791956, "r4": 1.0258319050270017, "r5": 0.4127822727696557, "r6": 0.07182949407298064, "r7": 1.5529901623711573}, "datetime": {"datetime": "2020-01-19 02:36:24", "elapsed": 38623.860253, "delta": 40.382275}}
{"target": 21.6, "params": {"d0": 3.853597367398927, "d1": -1.356949364338367, "d2": 0.9256079477182032, "g0": 0.6148818191316769, "g1": 0.2899150688199748, "g2": -4.842037743868281, "g3": 1.3011114534706294, "g4": 1.1380066102787627, "g5": -0.012926231411260067, "g6": 0.21876330601500857, "g7": 1.4762144678596711, "i0": 3.9668973784527526, "i1": 0.6197966775500804, "i2": -6.777657755117228, "i3": 0.8857986896971122, "i4": 1.0462930698341795, "i5": -0.26448777439206544, "i6": -0.000399112997357417, "i7": 1.5514235046899703, "r0": 2.093655131234039, "r1": 0.27947753301064404, "r2": -8.972228545481318, "r3": 1.0238007779820413, "r4": 1.0189394335678565, "r5": 0.3635563520776674, "r6": 0.2814725387999556, "r7": 1.5099000997433327}, "datetime": {"datetime": "2020-01-19 02:37:06", "elapsed": 38665.27921, "delta": 41.418957}}
{"target": 17.65, "params": {"d0": 2.816314686721882, "d1": -1.1149983343434862, "d2": 0.7581561775874187, "g0": 0.5660659232739101, "g1": 0.25425491074888484, "g2": -4.484830918220348, "g3": 1.2550489901020345, "g4": 0.972590527427267, "g5": 0.6572807874268505, "g6": -0.1220768276310395, "g7": 1.631760139859664, "i0": 3.745601876234451, "i1": 0.4851532748530568, "i2": -6.3030340241319465, "i3": 0.7735095932122956, "i4": 0.9524640650127728, "i5": -0.06830138927444884, "i6": -0.1335077982927546, "i7": 1.5587948356599646, "r0": 2.6486929225376166, "r1": 0.7506697956980363, "r2": -9.157436476270444, "r3": 1.3035909713704514, "r4": 1.2579593683973445, "r5": -0.32720187201960355, "r6": -0.3256856579345268, "r7": 1.4316850436244302}, "datetime": {"datetime": "2020-01-19 02:37:45", "elapsed": 38704.229396, "delta": 38.950186}}
{"target": 20.85, "params": {"d0": 3.9489241035896594, "d1": -1.3498618032175513, "d2": 0.8987464238821234, "g0": 0.5888812288156454, "g1": 0.25280077420976416, "g2": -4.900613575324194, "g3": 1.2715807178732328, "g4": 1.1751698571533074, "g5": 0.009422430390150565, "g6": 0.35849436197495754, "g7": 1.6487009520261287, "i0": 3.885192740212266, "i1": 0.6554917050189437, "i2": -6.7335078477435015, "i3": 0.9406196912125808, "i4": 1.1204881821114554, "i5": -0.29801720645759083, "i6": 0.09440816546155371, "i7": 1.6465790746977833, "r0": 2.1597924795855654, "r1": 0.31952205968236164, "r2": -8.987938798625299, "r3": 0.9875879963481679, "r4": 1.0013231528060047, "r5": 0.4344886565422629, "r6": 0.2632681126459347, "r7": 1.4875912167795031}, "datetime": {"datetime": "2020-01-19 02:38:24", "elapsed": 38743.832251, "delta": 39.602855}}
{"target": 20.55, "params": {"d0": 3.797972152726969, "d1": -1.325696146783427, "d2": 0.9939481820423547, "g0": 0.6063250637287646, "g1": 0.30907821821300635, "g2": -4.885505030972454, "g3": 1.3467207505093104, "g4": 1.114138259250688, "g5": -0.09832053775189373, "g6": 0.14719373493911828, "g7": 1.444795583892452, "i0": 3.9746844421183716, "i1": 0.689043301756585, "i2": -6.6642189812175054, "i3": 0.8138900704278993, "i4": 0.9571931229969819, "i5": -0.29816241563949075, "i6": -0.0323986487855578, "i7": 1.5444222432366805, "r0": 2.047175385474373, "r1": 0.36899932094205795, "r2": -8.905654810051011, "r3": 1.0780099330158046, "r4": 0.988502193315423, "r5": 0.30410336900428625, "r6": 0.1828295569632674, "r7": 1.4615921647149912}, "datetime": {"datetime": "2020-01-19 02:39:08", "elapsed": 38787.59027, "delta": 43.758019}}
{"target": 20.25, "params": {"d0": 3.931012129352915, "d1": -1.2052740341686914, "d2": 1.0557258620748982, "g0": 0.6727079259951073, "g1": 0.5220803091597075, "g2": -5.131369869098423, "g3": 1.092464586261775, "g4": 1.1662673733240052, "g5": 0.03743712300418078, "g6": 0.10787562643636825, "g7": 1.825772592531942, "i0": 4.0664758249229855, "i1": 0.7104429866051484, "i2": -6.5854737831365515, "i3": 1.0147058748781783, "i4": 1.0817394148704578, "i5": -0.23406875197993357, "i6": -0.05895941703492667, "i7": 1.7237803142742367, "r0": 2.3931344573093787, "r1": 0.2546098900089351, "r2": -8.940397216091045, "r3": 0.986598936019144, "r4": 1.07923545669393, "r5": 0.4635738145798294, "r6": 0.23429621986573199, "r7": 1.5353622055206302}, "datetime": {"datetime": "2020-01-19 02:39:46", "elapsed": 38825.396944, "delta": 37.806674}}
