{"target": 20.1, "params": {"d0": 3.8648595402694137, "d1": -1.291929204628275, "d2": 0.8927010518445121, "g0": 0.5676944567678758, "g1": 0.2081550791487336, "g2": -4.7484064741247405, "g3": 1.312679295548629, "g4": 1.1541613663056542, "g5": -0.08010074131175483, "g6": 0.22532373354094143, "g7": 1.5288342093688108, "i0": 4.05277715259234, "i1": 0.6290138140960013, "i2": -6.59142179920757, "i3": 0.9319875913340278, "i4": 1.0092937331436578, "i5": -0.250927817271127, "i6": 0.032656997457288804, "i7": 1.5757568738353502, "r0": 2.127248484651478, "r1": 0.2767507407157014, "r2": -8.92940534097492, "r3": 1.0446485778475598, "r4": 1.0012075232442268, "r5": 0.37567543593734115, "r6": 0.300521264406479, "r7": 1.547159786864111}, "datetime": {"datetime": "2020-01-19 02:57:26", "elapsed": 39885.038274, "delta": 38.413515}}
{"target": 19.4, "params": {"d0": 1.7399837094229478, "d1": -4.006238434076582, "d2": 0.9784378250322537, "g0": 1.2054219195907556, "g1": 0.7884058104829562, "g2": -4.215793624525492, "g3": 1.2912257524587352, "g4": 1.0711460269796342, "g5": 0.19481483662948576, "g6": 0.3202542210530606, "g7": 1.1152332614539908, "i0": 4.74490698465627, "i1": 0.30443516501575896, "i2": -6.86806207331869, "i3": 1.2890408222372263, "i4": 0.8280500441687961, "i5": 0.23817348156770404, "i6": 0.47596517354985096, "i7": 0.936205378031115, "r0": 3.7801317349489496, "r1": 0.8286233314898473, "r2": -5.288711866610432, "r3": 0.7, "r4": 0.8600764476898778, "r5": 0.4994307095909504, "r6": 0.5610034088739196, "r7": 1.5468440306912299}, "datetime": {"datetime": "2020-01-19 02:58:06", "elapsed": 39925.028621, "delta": 39.990347}}
{"target": 21.15, "params": {"d0": 4.004425980021291, "d1": -1.3538080249326052, "d2": 1.0427737914312356, "g0": 0.6483541779452087, "g1": 0.2982625453815886, "g2": -5.173573667479937, "g3": 1.1593147653796552, "g4": 1.2176692494253245, "g5": 0.07722150909050453, "g6": 0.18557134012756135, "g7": 1.6074885431145367, "i0": 3.7566531543306225, "i1": 0.5744008217952034, "i2": -6.500053024554295, "i3": 1.074472371978516, "i4": 1.1259373807037985, "i5": -0.2881575562439122, "i6": 0.12724505941362488, "i7": 1.7651369328151172, "r0": 1.9870712580164769, "r1": 0.3127257690202769, "r2": -8.914902401704083, "r3": 1.1768347522650557, "r4": 0.9737529598037974, "r5": 0.3816054500424932, "r6": 0.16958086405513384, "r7": 1.5178468545977657}, "datetime": {"datetime": "2020-01-19 02:58:43", "elapsed": 39962.623058, "delta": 37.594437}}
{"target": 21.2, "params": {"d0": 4.092831959287718, "d1": -1.4652134777108994, "d2": 1.0266549530455238, "g0": 0.6066347706880334, "g1": 0.38933101081988986, "g2": -4.711628347821406, "g3": 1.1049317536335317, "g4": 1.1131683789083502, "g5": 0.09647267583130843, "g6": 0.1632297730625673, "g7": 1.6579487507527586, "i0": 3.7632134657030027, "i1": 0.570979970698497, "i2": -6.493821215728463, "i3": 0.9792049526853924, "i4": 1.1632843498984533, "i5": -0.29559928607515595, "i6": 0.12930283491995936, "i7": 1.7660201987534958, "r0": 2.2232178514040055, "r1": 0.3629695060553537, "r2": -8.747383520687332, "r3": 1.0517227740032424, "r4": 1.0762453927767996, "r5": 0.3689134170353727, "r6": 0.18207823866698294, "r7": 1.5484896422653536}, "datetime": {"datetime": "2020-01-19 02:59:23", "elapsed": 40002.847187, "delta": 40.224129}}
{"target": 19.9, "params": {"d0": 3.872315497625908, "d1": -1.3856993139298248, "d2": 0.9653440158331894, "g0": 0.6243354310316408, "g1": 0.37553931154313097, "g2": -4.915677368331193, "g3": 1.2356490723343125, "g4": 1.1247848857322367, "g5": -0.007998373607899347, "g6": 0.31837956572603304, "g7": 1.4612008785800161, "i0": 3.9998491703103087, "i1": 0.6994517424636955, "i2": -6.81716803561633, "i3": 0.9220732461405785, "i4": 1.0000659455994638, "i5": -0.2903354335090051, "i6": 0.059189172226382515, "i7": 1.6224672477577884, "r0": 2.1033603527097515, "r1": 0.31064314364972884, "r2": -8.857753985283775, "r3": 1.028196731921225, "r4": 0.996965526272922, "r5": 0.36096271208693836, "r6": 0.19594911359491088, "r7": 1.423203909150723}, "datetime": {"datetime": "2020-01-19 03:00:07", "elapsed": 40045.974583, "delta": 43.127396}}
{"target": 20.4, "params": {"d0": 3.2025627438770456, "d1": -8.976146157310112, "d2": 0.8633810422633169, "g0": 0.8420018080567404, "g1": 0.544325949192722, "g2": -5.221107997637571, "g3": 1.4113124187267834, "g4": 1.0772836429290054, "g5": -0.42969377679737125, "g6": 0.180811540279202, "g7": 1.6403123512105091, "i0": 4.311368870488723, "i1": 0.765539633522678, "i2": -5.679511911643164, "i3": 0.9839062163880594, "i4": 1.0939397503136186, "i5": 0.06924606368497692, "i6": -0.27780861921956185, "i7": 1.6574901255206138, "r0": 1.7464966168860878, "r1": 0.7622998366051665, "r2": -1.7597265699063012, "r3": 1.2930582798600776, "r4": 0.9805098022366358, "r5": -0.36449576188920835, "r6": 0.23430542117738024, "r7": 1.6091441161012707}, "datetime": {"datetime": "2020-01-19 03:00:50", "elapsed": 40088.990234, "delta": 43.015651}}
{"target": 15.9, "params": {"d0": 3.7254304189231564, "d1": -1.9085083545519996, "d2": 1.1577825217819928, "g0": 1.4345737237575917, "g1": 0.40793896930316675, "g2": -4.644027557946616, "g3": 1.1789543030486624, "g4": 0.9808069560890869, "g5": 0.23615448418479046, "g6": 0.13542184432590443, "g7": 1.841813178944538, "i0": 3.6015673793723075, "i1": 0.7668487524747901, "i2": -6.981250898654836, "i3": 1.3369183341019308, "i4": 0.8826916514330574, "i5": -0.1916828321926929, "i6": 0.0428609664099775, "i7": 1.0324592358329396, "r0": 2.3142956368958996, "r1": 0.4792732397617355, "r2": -8.677795258784776, "r3": 1.2242784611864495, "r4": 0.9013767249483837, "r5": -0.5573830245705171, "r6": 0.32231055169409606, "r7": 1.9517422721444997}, "datetime": {"datetime": "2020-01-19 03:01:26", "elapsed": 40125.329929, "delta": 36.339695}}
{"target": 21.25, "params": {"d0": 3.82357606904021, "d1": -1.3495856434200526, "d2": 0.9633388958555065, "g0": 0.5705562897770883, "g1": 0.2886375327721637, "g2": -4.924009526113495, "g3": 1.33591621376792, "g4": 1.1360802411787538, "g5": -0.03616470888509005, "g6": 0.19558228218132248, "g7": 1.645868971215721, "i0": 3.79858883271151, "i1": 0.6214805341200609, "i2": -6.72663855423262, "i3": 0.8906586194992628, "i4": 1.1062157740776482, "i5": -0.266747478376116, "i6": 0.006679062334923478, "i7": 1.5010309092226708, "r0": 2.1663792400557815, "r1": 0.38936361248968804, "r2": -9.027096520233705, "r3": 1.1102783441663686, "r4": 1.0528193132175945, "r5": 0.3820449024225112, "r6": 0.1601776797750578, "r7": 1.510906765924354}, "datetime": {"datetime": "2020-01-19 03:02:02", "elapsed": 40161.603578, "delta": 36.273649}}
{"target": 20.35, "params": {"d0": 4.222560557675528, "d1": -7.868585564489553, "d2": 1.0845128385697744, "g0": 0.3889746943299522, "g1": 0.5354806190557377, "g2": -3.3071502131620156, "g3": 1.363546891489167, "g4": 1.0335459507674547, "g5": -0.20897727145834347, "g6": 0.45284791992212886, "g7": 1.388974217623664, "i0": 0.8706435598755782, "i1": 0.7349359375996299, "i2": -4.693407411322368, "i3": 1.035689352536288, "i4": 0.9590646145675776, "i5": 0.09916451844681494, "i6": -0.35333416545384866, "i7": 1.4771942868658394, "r0": 3.0948972353016466, "r1": 0.7600632833188532, "r2": -4.584506822989356, "r3": 0.9333146797746562, "r4": 1.201927857946362, "r5": 0.1491193064629476, "r6": 0.4452837526267625, "r7": 1.8080965894701795}, "datetime": {"datetime": "2020-01-19 03:02:43", "elapsed": 40202.734624, "delta": 41.131046}}
{"target": 20.85, "params": {"d0": 3.9703726375680164, "d1": -1.381216896747181, "d2": 0.9716918201716293, "g0": 0.6066332075435403, "g1": 0.297550734541845, "g2": -5.139432201678402, "g3": 1.130588906297855, "g4": 1.098354338174103, "g5": 0.05160441500985847, "g6": 0.18247835948513275, "g7": 1.6425206584333114, "i0": 3.7852235964693763, "i1": 0.5894959609052506, "i2": -6.628337882654928, "i3": 0.964858982926356, "i4": 1.0608104558689764, "i5": -0.4268166259027011, "i6": 0.10511223485017171, "i7": 1.5755967445269516, "r0": 1.9391417787833234, "r1": 0.21800084711828016, "r2": -8.928605735014921, "r3": 1.1870588371238144, "r4": 0.9903004940100382, "r5": 0.43621619098465875, "r6": 0.26542569001209704, "r7": 1.547290638455346}, "datetime": {"datetime": "2020-01-19 03:03:23", "elapsed": 40242.583841, "delta": 39.849217}}
{"target": 21.3, "params": {"d0": 3.7341119334081156, "d1": -1.3746569763364913, "d2": 1.0037545144383087, "g0": 0.677974955830156, "g1": 0.5424741184320682, "g2": -4.88940230830909, "g3": 1.158561266117282, "g4": 1.177757824881644, "g5": 0.05434958429641123, "g6": 0.22304025012972484, "g7": 1.6843036971047136, "i0": 3.834912636246432, "i1": 0.764854787774982, "i2": -6.455939317496619, "i3": 0.8273353147330598, "i4": 1.1228721411276876, "i5": -0.07741120183632656, "i6": -0.02406336597603376, "i7": 1.7372199851132577, "r0": 2.3618072907312184, "r1": 0.44962593922583133, "r2": -8.723524337281397, "r3": 0.9425617517032566, "r4": 0.9670801670069149, "r5": 0.6300242904012229, "r6": 0.2498496940992722, "r7": 1.577361229576131}, "datetime": {"datetime": "2020-01-19 03:04:07", "elapsed": 40285.953469, "delta": 43.369628}}
{"target": 19.65, "params": {"d0": 4.885268062016287, "d1": -8.141296145845844, "d2": 1.3503796409797904, "g0": 1.0790968533385703, "g1": 0.08441699557163058, "g2": -8.543236604616956, "g3": 1.4834165857606718, "g4": 1.2535822073032448, "g5": -0.33590623363631805, "g6": 0.8981110591565651, "g7": 1.832305992816258, "i0": 2.2095659925204365, "i1": 0.4202464305017255, "i2": -3.8811067523732015, "i3": 0.8491349816632946, "i4": 0.8005927036263611, "i5": -0.41799753365603765, "i6": -0.43502767694376, "i7": 1.6394409411578765, "r0": 2.529080601364407, "r1": 0.2595862191189393, "r2": -2.0257127125279792, "r3": 0.7853745535046274, "r4": 0.9160168190963017, "r5": -0.3186499114163627, "r6": -0.15554385351764552, "r7": 0.9855767997687991}, "datetime": {"datetime": "2020-01-19 03:04:44", "elapsed": 40323.098705, "delta": 37.145236}}
{"target": 20.05, "params": {"d0": 4.039003800234797, "d1": -1.4598731261040232, "d2": 0.7287182283906816, "g0": 0.7297864528856168, "g1": 0.8930395783579516, "g2": -4.493416266006664, "g3": 1.034729899943124, "g4": 1.0558591249219798, "g5": -0.12645299688626765, "g6": 0.327932984753451, "g7": 1.6606970494737108, "i0": 4.1360873499347, "i1": 0.3925838192801969, "i2": -5.398653921592525, "i3": 0.7861277524107623, "i4": 0.9607259172256511, "i5": -0.5188886552472911, "i6": 0.20665658547420673, "i7": 1.66671923893895, "r0": 1.747998994239014, "r1": 0.3680383736252295, "r2": -8.440208618341586, "r3": 1.3194193710513282, "r4": 1.1442174199376398, "r5": 0.2510834019485988, "r6": 0.6891826070157072, "r7": 1.1808593799448972}, "datetime": {"datetime": "2020-01-19 03:05:20", "elapsed": 40359.876269, "delta": 36.777564}}
{"target": 19.15, "params": {"d0": 1.3644947999721984, "d1": -8.718071650012993, "d2": 1.2206902666540231, "g0": 1.2334153023757397, "g1": 0.6240695602363191, "g2": -6.59079324835056, "g3": 1.2750290025994517, "g4": 1.219183008715025, "g5": -0.011927357427144594, "g6": 0.4924576774374425, "g7": 1.1108863948485945, "i0": 1.1862775381999895, "i1": 0.9625546407201482, "i2": -7.989668702680856, "i3": 0.9628106492710434, "i4": 1.203122726238148, "i5": -0.7314079401119611, "i6": 0.416986942765658, "i7": 1.9114093943346224, "r0": 0.14989685809652128, "r1": 0.6927073686786036, "r2": -7.636326570019417, "r3": 1.2932256421551749, "r4": 1.299931079818199, "r5": -0.5134931539046113, "r6": 0.4928143519924271, "r7": 1.7304444194418331}, "datetime": {"datetime": "2020-01-19 03:06:03", "elapsed": 40402.256902, "delta": 42.380633}}
{"target": 19.95, "params": {"d0": 3.3986866932177593, "d1": -9.47815139268119, "d2": 0.8405479593253034, "g0": 0.30786360190192247, "g1": 0.2929452719953915, "g2": -4.62714135301279, "g3": 1.044484336449827, "g4": 1.2647110660596386, "g5": -0.47997561916530534, "g6": 0.21448569507487428, "g7": 1.7900764141767054, "i0": 3.35783826684611, "i1": 0.561687424838772, "i2": -6.64604895721123, "i3": 1.1209887414032387, "i4": 1.0190494573052211, "i5": 0.09289156391918908, "i6": -0.4234465577575573, "i7": 1.6273478476598262, "r0": 2.7892384152484726, "r1": 0.2470883114646553, "r2": -3.593575023285017, "r3": 0.8998100533366497, "r4": 1.135436519973124, "r5": 0.1019376122222465, "r6": 0.8390937955208669, "r7": 1.9334481778426493}, "datetime": {"datetime": "2020-01-19 03:06:43", "elapsed": 40442.643599, "delta": 40.386697}}
{"target": 19.9, "params": {"d0": 4.36742114940722, "d1": -3.0727433248903084, "d2": 1.2906154746702443, "g0": 0.6655603813571196, "g1": 0.16239000502234255, "g2": -9.14754108851246, "g3": 1.1831871338082427, "g4": 1.2333646517618444, "g5": -0.033978341321745854, "g6": 0.7000420036658717, "g7": 1.159263362806358, "i0": 4.234618635630215, "i1": 0.8629368963314964, "i2": -6.45401376357055, "i3": 0.8842814802665119, "i4": 1.0727285233175399, "i5": -0.552718637744562, "i6": -0.09038676548999244, "i7": 1.8511520751034702, "r0": 0.3739803436108032, "r1": 0.686753300626979, "r2": -4.6431251863304475, "r3": 1.1366671977064318, "r4": 1.137533970872263, "r5": -0.7199002046190232, "r6": 0.8288490291156352, "r7": 1.7975102191104826}, "datetime": {"datetime": "2020-01-19 03:07:21", "elapsed": 40479.992304, "delta": 37.348705}}
{"target": 20.7, "params": {"d0": 3.985098823057069, "d1": -1.1804875905108947, "d2": 1.1742241731679288, "g0": 0.7290408957988957, "g1": 0.4148732565942063, "g2": -5.151857790817111, "g3": 1.2628317555716435, "g4": 1.1373152299122982, "g5": 0.0842319212266569, "g6": 0.08537889821002348, "g7": 1.6959015875272763, "i0": 3.9341290622555554, "i1": 0.7264505917085551, "i2": -6.577772767113804, "i3": 1.0187986876834016, "i4": 0.9382349653478452, "i5": -0.23881216858133789, "i6": 0.040513969690392525, "i7": 1.7321576646784353, "r0": 2.422530094604618, "r1": 0.28609806767197754, "r2": -8.934465631822581, "r3": 1.058700588670587, "r4": 1.0856471398494825, "r5": 0.5250383050477146, "r6": 0.3410961340379837, "r7": 1.4710790666812308}, "datetime": {"datetime": "2020-01-19 03:08:05", "elapsed": 40524.361497, "delta": 44.369193}}
{"target": 20.8, "params": {"d0": 3.883918143943784, "d1": -1.2465349798790253, "d2": 0.955367713369739, "g0": 0.7806207399586196, "g1": 0.3305636909706934, "g2": -5.19674882344265, "g3": 1.1505534464355072, "g4": 1.2476545562284158, "g5": -0.007936956475316339, "g6": 0.1787880423007127, "g7": 1.5710946798278742, "i0": 3.7728636130160726, "i1": 0.6566980254197593, "i2": -6.530075648384261, "i3": 1.0140835583932535, "i4": 1.018968414587704, "i5": -0.3399744824633519, "i6": 0.024670135261504845, "i7": 1.7155983701703343, "r0": 1.8433673421484407, "r1": 0.2818391827957467, "r2": -8.824223551532532, "r3": 1.1659638281442126, "r4": 1.0603545005057533, "r5": 0.37482418585526966, "r6": 0.1298618558457928, "r7": 1.6438099053433006}, "datetime": {"datetime": "2020-01-19 03:08:48", "elapsed": 40567.026042, "delta": 42.664545}}
{"target": 21.3, "params": {"d0": 3.9339275459176695, "d1": -1.3092398480279777, "d2": 0.9790220338018505, "g0": 0.6505747158682788, "g1": 0.27747912636623046, "g2": -5.249589046392118, "g3": 1.254587737530583, "g4": 1.2330934990188016, "g5": 0.0894405665560181, "g6": 0.2886226072699075, "g7": 1.6043555497358486, "i0": 3.7678466849994763, "i1": 0.5323191868375067, "i2": -6.591997049045757, "i3": 1.0385812561248284, "i4": 1.0533512529524969, "i5": -0.4453851485359473, "i6": 0.08135180343627821, "i7": 1.7339375206435195, "r0": 1.788165925329661, "r1": 0.2185743279743538, "r2": -8.94293893410327, "r3": 1.231508174282828, "r4": 1.1497248458683962, "r5": 0.3546456587577536, "r6": 0.16942251392280008, "r7": 1.4681252781276344}, "datetime": {"datetime": "2020-01-19 03:09:26", "elapsed": 40605.695429, "delta": 38.669387}}
{"target": 20.85, "params": {"d0": 3.96176598447617, "d1": -1.3628011721500393, "d2": 1.0237916773854532, "g0": 0.5777257596698093, "g1": 0.31326579202929844, "g2": -5.3131130711115215, "g3": 1.1778730787130496, "g4": 1.1540060507220486, "g5": -0.016891723377503373, "g6": 0.1830042073713899, "g7": 1.539082255991569, "i0": 3.7008537413816383, "i1": 0.6616605622294471, "i2": -6.467946476548809, "i3": 0.9804611478960468, "i4": 1.0138890820755835, "i5": -0.5025900438654325, "i6": 0.1113328643359368, "i7": 1.7288467947984696, "r0": 1.6620692043051124, "r1": 0.184826280601054, "r2": -8.910758825091893, "r3": 1.2078626166312605, "r4": 1.074975061259447, "r5": 0.2828010246830234, "r6": 0.1474522070127223, "r7": 1.4914010676992435}, "datetime": {"datetime": "2020-01-19 03:10:07", "elapsed": 40646.013445, "delta": 40.318016}}
{"target": 20.1, "params": {"d0": 3.732585235092606, "d1": -1.2765279201054713, "d2": 0.9829188523703943, "g0": 0.5902882437747815, "g1": 0.4334244452894176, "g2": -5.042619204811362, "g3": 1.2456893230164092, "g4": 1.213200431025961, "g5": -0.028613318109923375, "g6": 0.25859895868286736, "g7": 1.6966686524124688, "i0": 3.8973691200386886, "i1": 0.7090153629849248, "i2": -6.604190098701624, "i3": 0.8033641125825832, "i4": 1.1063511306562228, "i5": -0.13145156858882012, "i6": -0.0207555825204737, "i7": 1.6058089710962318, "r0": 2.2949405044146864, "r1": 0.4061601959704096, "r2": -8.995009722163905, "r3": 0.9509775103932101, "r4": 0.9458628540131067, "r5": 0.5860872582391674, "r6": 0.21460793925524022, "r7": 1.534107485144982}, "datetime": {"datetime": "2020-01-19 03:10:47", "elapsed": 40686.406262, "delta": 40.392817}}
{"target": 19.8, "params": {"d0": 3.595095354579123, "d1": -1.4139267683558867, "d2": 0.9331553832531636, "g0": 0.5650900964373021, "g1": 0.6094910332424355, "g2": -4.712734263798963, "g3": 1.2029483659656344, "g4": 1.1044022202037884, "g5": 0.05800607275550275, "g6": 0.2793264385665848, "g7": 1.5869912146097442, "i0": 3.6201949637794058, "i1": 0.5935718838083198, "i2": -6.53827689985039, "i3": 1.0200340603140974, "i4": 1.0349054267016593, "i5": -0.02888064547677338, "i6": -0.04882206216162029, "i7": 1.6326106174674526, "r0": 3.3952309391920115, "r1": 0.4921739659801012, "r2": -8.622833304006873, "r3": 1.0909631020551585, "r4": 1.0109884098751598, "r5": 0.37243688158227173, "r6": -0.030610053412490387, "r7": 1.613791351544977}, "datetime": {"datetime": "2020-01-19 03:11:27", "elapsed": 40725.999191, "delta": 39.592929}}
{"target": 19.65, "params": {"d0": 3.85855111749022, "d1": -2.9392261911506337, "d2": 1.430399487154289, "g0": 1.0609062468256203, "g1": 0.5209337359198072, "g2": -9.307297044725162, "g3": 1.4295395414673346, "g4": 1.2561661522985708, "g5": -0.00248530743900297, "g6": 0.3608450029602861, "g7": 1.7154864762973556, "i0": 1.222563373839576, "i1": 0.38052636523367905, "i2": -7.159706439298318, "i3": 1.1273080086146765, "i4": 1.2455608721321318, "i5": -0.18037877030830804, "i6": -0.379876659595871, "i7": 1.638726075327508, "r0": 2.514854634179885, "r1": 0.29021313766544, "r2": -6.056833502502582, "r3": 1.3778170480791239, "r4": 1.2200711267855031, "r5": -0.51394940481275, "r6": 0.5357179131026399, "r7": 1.9419427754142995}, "datetime": {"datetime": "2020-01-19 03:12:07", "elapsed": 40766.864536, "delta": 40.865345}}
{"target": 20.7, "params": {"d0": 3.9401247455570534, "d1": -1.3582482788117696, "d2": 1.061822637958168, "g0": 0.6357548721081822, "g1": 0.29658750709022813, "g2": -4.798508737723026, "g3": 1.2553607910694733, "g4": 1.1011840931725665, "g5": 0.038891487799553065, "g6": 0.10636442066008962, "g7": 1.6181161130321775, "i0": 3.918674154926232, "i1": 0.6227980197481175, "i2": -6.669032810943346, "i3": 0.9268231926860308, "i4": 1.0801299086458287, "i5": -0.26391510959773196, "i6": -0.014102256062014205, "i7": 1.586871320389287, "r0": 2.1692781986602374, "r1": 0.3495485595387826, "r2": -8.892494971371192, "r3": 1.045955897223815, "r4": 1.1002308535330976, "r5": 0.32416218414696574, "r6": 0.17654315727416298, "r7": 1.5051012572120652}, "datetime": {"datetime": "2020-01-19 03:12:46", "elapsed": 40805.725283, "delta": 38.860747}}
{"target": 20.65, "params": {"d0": 3.5013279341980708, "d1": -1.4751259096492495, "d2": 0.9518911598815718, "g0": 0.5587090539942025, "g1": 0.5593452007917102, "g2": -4.738004420711947, "g3": 1.2206084099191534, "g4": 0.9152425689322523, "g5": 0.027085619436599394, "g6": 0.1585201374079431, "g7": 1.7114349369553394, "i0": 3.5525124404800312, "i1": 0.6100921675943219, "i2": -6.463112490932551, "i3": 1.0891993862351481, "i4": 1.1595783861039208, "i5": -0.09065245651566747, "i6": 0.05550401306901474, "i7": 1.4846279395917368, "r0": 3.3141725839334115, "r1": 0.5087388809555525, "r2": -8.703528577684517, "r3": 0.9632897829498462, "r4": 1.025934133474535, "r5": 0.30994306726003, "r6": -0.042026267824774324, "r7": 1.5914759099697449}, "datetime": {"datetime": "2020-01-19 03:13:25", "elapsed": 40844.153493, "delta": 38.42821}}
{"target": 20.3, "params": {"d0": 4.084028384278683, "d1": -1.5905582388208046, "d2": 0.9640593799552997, "g0": 0.4950949952759501, "g1": 0.3914829198396282, "g2": -4.760755892425332, "g3": 1.0732088877324888, "g4": 1.1228571424996032, "g5": 0.06359039460380803, "g6": 0.12371300462676742, "g7": 1.5958559541117197, "i0": 3.8178041472863957, "i1": 0.6112986658963133, "i2": -6.423190459247436, "i3": 1.058665331162622, "i4": 0.9917910639181047, "i5": -0.23538416394700545, "i6": 0.24319203000403602, "i7": 1.7343605406217482, "r0": 2.019108689810123, "r1": 0.38171114290969727, "r2": -8.719063020151157, "r3": 1.0772689790282461, "r4": 1.0853825789417826, "r5": 0.5007809736831581, "r6": 0.2996786438842152, "r7": 1.5528153404417993}, "datetime": {"datetime": "2020-01-19 03:14:04", "elapsed": 40883.918599, "delta": 39.765106}}
