{"target": 20.65, "params": {"d0": 3.2445412703017107, "d1": -1.5571202707764231, "d2": 1.0033686722244621, "g0": 0.4446807347525167, "g1": 0.5343701982481328, "g2": -5.317682805478928, "g3": 1.0323509320515332, "g4": 1.0918208679955863, "g5": 0.04090288860648387, "g6": 0.1753235143733242, "g7": 1.5185791559554254, "i0": 3.3204276162698614, "i1": 0.568197025357953, "i2": -6.594829968216018, "i3": 1.1037706577278268, "i4": 0.9867990341818954, "i5": -0.08542010364297481, "i6": 0.1627648696857134, "i7": 1.5525976529297791, "r0": 3.6346469498273906, "r1": 0.5228296227422081, "r2": -8.686338147166197, "r3": 1.101607461447987, "r4": 1.002904357566039, "r5": 0.40149123053308167, "r6": 0.06647401424035267, "r7": 1.4474631819210193}, "datetime": {"datetime": "2020-01-19 11:46:35", "elapsed": 71634.295951, "delta": 68.423815}}
{"target": 16.4, "params": {"d0": 4.940170038050983, "d1": -8.139281651394587, "d2": 0.8773089829077287, "g0": 1.1609050529903964, "g1": 0.5074158161294318, "g2": -2.998275554410541, "g3": 0.8342806220006559, "g4": 0.9921002078283683, "g5": -0.45720475641445835, "g6": 0.24272585024032678, "g7": 1.2231144449666684, "i0": 0.3795600130543786, "i1": 0.15767080885521623, "i2": -4.82592091848106, "i3": 1.2329903498420787, "i4": 1.0725433839913192, "i5": 0.3545570207799207, "i6": -0.12330804542828211, "i7": 1.6780257913283338, "r0": 4.213454330913931, "r1": 0.009714218598328328, "r2": -4.921519308249611, "r3": 1.447397578757169, "r4": 1.1107475385897305, "r5": 0.19502091977440617, "r6": 0.764560801399492, "r7": 1.9912694798410495}, "datetime": {"datetime": "2020-01-19 11:47:56", "elapsed": 71715.188097, "delta": 80.892146}}
{"target": 20.6, "params": {"d0": 2.6955950805412425, "d1": -2.6497076612879957, "d2": 0.9121831755913139, "g0": 0.5327312636027253, "g1": 0.46474497714930824, "g2": -5.712162347083313, "g3": 1.3549626980973783, "g4": 1.0316650955986588, "g5": 0.06579010095970483, "g6": 0.6625082479024056, "g7": 1.4464265200037536, "i0": 3.6125065098147706, "i1": 0.5661446296525983, "i2": -6.7299039771866145, "i3": 1.0506293391774926, "i4": 1.1628395322186031, "i5": -0.1328116652075172, "i6": -0.21990862764416783, "i7": 1.704893455862394, "r0": 2.6706709863330134, "r1": 0.6055012162165568, "r2": -8.483239620851911, "r3": 1.3917649768936524, "r4": 1.0398996159955167, "r5": 0.5389942791256256, "r6": 0.3207941054917151, "r7": 1.4680512175690117}, "datetime": {"datetime": "2020-01-19 11:49:02", "elapsed": 71780.976407, "delta": 65.78831}}
{"target": 15.45, "params": {"d0": 4.470380060999078, "d1": -1.2592572429751847, "d2": 1.3068151550232703, "g0": 0.05718093002149427, "g1": 0.1598032274688429, "g2": -4.201558189503926, "g3": 1.3675206766870451, "g4": 0.9446225104967181, "g5": -0.11884934005065195, "g6": -0.06513516313539286, "g7": 1.4524249403994083, "i0": 3.651206180624398, "i1": 0.6289396737146141, "i2": -6.841564072855509, "i3": 0.8002576787863351, "i4": 1.1773707066407446, "i5": 0.1942417846013278, "i6": 0.6984576400842328, "i7": 1.4601573934519678, "r0": 2.0774574917601196, "r1": 0.47620312184902513, "r2": -9.102633716752244, "r3": 0.7962352937488775, "r4": 1.114818501676128, "r5": 0.4890894108900947, "r6": 0.08723758016677197, "r7": 1.8975037724524229}, "datetime": {"datetime": "2020-01-19 11:50:09", "elapsed": 71848.523223, "delta": 67.546816}}
{"target": 17.55, "params": {"d0": 3.8233500552385324, "d1": -1.0698578385127924, "d2": 1.3353084698812858, "g0": 1.1608138378717143, "g1": 0.5510313038304805, "g2": -4.697332101319088, "g3": 0.8454376334485071, "g4": 1.0329893928319527, "g5": -0.7301611505697283, "g6": 0.48644351298644295, "g7": 1.5246867395410328, "i0": 3.691415927394401, "i1": 0.31366524368850757, "i2": -6.8682418143382105, "i3": 1.3994896762677014, "i4": 0.8406322392843285, "i5": -0.15628458647719068, "i6": 0.031231530245359185, "i7": 1.7524446482193792, "r0": 1.8266661792422174, "r1": 0.0068457779979211875, "r2": -9.32710074446444, "r3": 1.4631975024800572, "r4": 1.0006651357134175, "r5": 0.6641263708984937, "r6": 0.674144588325839, "r7": 1.1445949191413125}, "datetime": {"datetime": "2020-01-19 11:51:17", "elapsed": 71916.688221, "delta": 68.164998}}
{"target": 18.35, "params": {"d0": 4.266004434586131, "d1": -0.6355040288544327, "d2": 1.2775599673226514, "g0": 0.3010449694023404, "g1": 0.0009868150633747241, "g2": -5.0493896074761855, "g3": 1.2464125990724617, "g4": 1.083966942785017, "g5": 0.06311950109310571, "g6": -0.07168646616219093, "g7": 1.2518789567986879, "i0": 3.3423902553192453, "i1": 0.8845724335575684, "i2": -5.425300040820488, "i3": 0.8989208252190322, "i4": 0.8995970551861912, "i5": 0.35260855832820903, "i6": -0.4662658526600865, "i7": 1.895689893670531, "r0": 2.5318770551722714, "r1": 0.6072767739713728, "r2": -8.69785105293743, "r3": 0.9389119049062722, "r4": 1.0345263262624587, "r5": 0.574777722081717, "r6": 0.23025285801409545, "r7": 1.8564423363027882}, "datetime": {"datetime": "2020-01-19 11:52:25", "elapsed": 71984.26817, "delta": 67.579949}}
{"target": 21.25, "params": {"d0": 3.427605358006194, "d1": -9.092490728447018, "d2": 0.774012267706637, "g0": 0.8573846511174911, "g1": 0.4473994748997774, "g2": -5.389694353938675, "g3": 1.5, "g4": 1.092913107685971, "g5": -0.3269749960354866, "g6": -0.03214721952913542, "g7": 1.6470170215850795, "i0": 4.464815044290806, "i1": 0.8093103799674013, "i2": -5.3982812780418765, "i3": 0.9404335796903212, "i4": 1.157138753106754, "i5": 0.17384477532908793, "i6": -0.23862537027748523, "i7": 1.6199558046449445, "r0": 1.8323351079737502, "r1": 0.8776494745171728, "r2": -1.828519713103033, "r3": 1.4115392939409306, "r4": 0.9838652417750057, "r5": -0.5043898757059194, "r6": 0.017503785191693527, "r7": 1.5350852000252673}, "datetime": {"datetime": "2020-01-19 11:53:42", "elapsed": 72061.012594, "delta": 76.744424}}
{"target": 20.05, "params": {"d0": 4.737830170611015, "d1": -8.237800010661072, "d2": 1.3290499368871482, "g0": 1.1228308302933536, "g1": 0.08038915589936778, "g2": -8.514315587684719, "g3": 1.4224993688499943, "g4": 1.2944337154986367, "g5": -0.26961713449792307, "g6": 0.8616073942981493, "g7": 1.8896774391843931, "i0": 2.246806749176786, "i1": 0.577706613457849, "i2": -3.7889109443624016, "i3": 0.8463401487702678, "i4": 0.8570834922082488, "i5": -0.40426498644477254, "i6": -0.22683548462422384, "i7": 1.6053361582415406, "r0": 2.6647405403347344, "r1": 0.32198780404677624, "r2": -2.1116962990101023, "r3": 0.9279311763704204, "r4": 0.981808018598505, "r5": -0.2447925437549151, "r6": -0.19363968048308997, "r7": 1.0502039777463603}, "datetime": {"datetime": "2020-01-19 11:54:49", "elapsed": 72128.912794, "delta": 67.9002}}
{"target": 20.1, "params": {"d0": 3.1039697313586063, "d1": -8.750351241055347, "d2": 0.9697904852942704, "g0": 0.36513372834110086, "g1": 0.4008723135693783, "g2": -8.283338089595942, "g3": 0.987956461924743, "g4": 1.0919132649678454, "g5": -0.3519436455945789, "g6": 0.6107817897024437, "g7": 1.609672205741878, "i0": 2.48562447803462, "i1": 0.32286263106232255, "i2": -7.463795835026271, "i3": 1.3569216153803672, "i4": 1.2415805153801478, "i5": -0.0006256448300422817, "i6": 0.767866604953805, "i7": 1.756055908492608, "r0": 1.3845696051495473, "r1": 0.6505078277911139, "r2": -1.441930285644276, "r3": 0.9644172126106142, "r4": 0.8650101755403273, "r5": 0.2218047305757758, "r6": 0.7885926751976969, "r7": 1.3579756389632345}, "datetime": {"datetime": "2020-01-19 11:55:53", "elapsed": 72192.661007, "delta": 63.748213}}
{"target": 20.95, "params": {"d0": 3.9145235937944993, "d1": -1.1889104135638442, "d2": 1.054538660697245, "g0": 0.7339363451467794, "g1": 0.5057743065996991, "g2": -5.108381658405162, "g3": 1.2177857528941953, "g4": 1.0287734777303263, "g5": 0.03276684979128179, "g6": 0.1035612495032154, "g7": 1.671160290386018, "i0": 3.9680266794321377, "i1": 0.7518468527585206, "i2": -6.599660521367347, "i3": 0.942332798554006, "i4": 1.0097947005053978, "i5": -0.17216819178910994, "i6": -0.036352574813226665, "i7": 1.651758065585382, "r0": 2.4415912993909434, "r1": 0.2505344779551084, "r2": -8.877577332591912, "r3": 0.9934120057255584, "r4": 1.0416325737167633, "r5": 0.47725849890428323, "r6": 0.20311478366345323, "r7": 1.4536495129302967}, "datetime": {"datetime": "2020-01-19 11:56:54", "elapsed": 72253.375918, "delta": 60.714911}}
{"target": 20.95, "params": {"d0": 3.116230108790424, "d1": -2.3459160849807845, "d2": 0.9439464467786967, "g0": 0.8558090222743345, "g1": 0.6550886560620081, "g2": -6.126224946692845, "g3": 0.9360029181533486, "g4": 1.06954908268922, "g5": 0.01331224409512309, "g6": 0.4524941775159473, "g7": 1.185605494786492, "i0": 2.7338876081762615, "i1": 0.45379489689270947, "i2": -7.130391909035722, "i3": 1.3278231755293466, "i4": 1.042587227862891, "i5": 0.19660302431962148, "i6": -0.028373452491940624, "i7": 1.1886362767110774, "r0": 2.361404058233957, "r1": 0.10702282349704807, "r2": -8.303948101983265, "r3": 0.9569115181300121, "r4": 1.244384942368158, "r5": 0.3790264987445114, "r6": 0.42402397382310864, "r7": 1.4612713783459357}, "datetime": {"datetime": "2020-01-19 11:58:07", "elapsed": 72325.949063, "delta": 72.573145}}
{"target": 21.05, "params": {"d0": 3.152254476066949, "d1": -1.7108787948861537, "d2": 0.998792117421919, "g0": 0.553791709586267, "g1": 0.6820745821936749, "g2": -4.92493864518775, "g3": 1.178525740723467, "g4": 1.1392489167360207, "g5": 0.11571020736571924, "g6": 0.18212834414782164, "g7": 1.6448778151534789, "i0": 3.3299584519815952, "i1": 0.5401687697079902, "i2": -6.410804339314832, "i3": 0.9686518311284047, "i4": 1.0513435172276393, "i5": -0.20230367161711413, "i6": -0.08602917207986402, "i7": 1.533061422789898, "r0": 3.9915701825589234, "r1": 0.4603452033470676, "r2": -8.34564640618228, "r3": 0.9915442426749156, "r4": 1.1934401495352058, "r5": 0.4622736207814325, "r6": -0.10486805546776357, "r7": 1.631955398214065}, "datetime": {"datetime": "2020-01-19 11:59:16", "elapsed": 72395.84609, "delta": 69.897027}}
{"target": 20.3, "params": {"d0": 4.216239629364193, "d1": -3.3353308183857067, "d2": 1.1268186941116294, "g0": 1.229336161426281, "g1": 0.08806460664699944, "g2": -4.440400636121699, "g3": 1.2089957382654035, "g4": 1.277808746550129, "g5": 0.01555717757356323, "g6": 0.13854040048085148, "g7": 1.2775324645455286, "i0": 4.675510352641126, "i1": 0.2757749996808023, "i2": -6.248952188528859, "i3": 0.9961196707907805, "i4": 1.2763446008857686, "i5": 0.26728735747872623, "i6": 0.026842825994506936, "i7": 1.8996581720317214, "r0": 1.7474009733898344, "r1": 0.9166468236756056, "r2": -8.719464879471444, "r3": 1.1626582907286955, "r4": 1.0324579918174563, "r5": 0.6383684576311117, "r6": 0.6279450324879015, "r7": 1.1811863955908393}, "datetime": {"datetime": "2020-01-19 12:00:29", "elapsed": 72468.385168, "delta": 72.539078}}
{"target": 19.3, "params": {"d0": 1.4857188186438544, "d1": -8.88440673905755, "d2": 1.0533173600298598, "g0": 1.260397972664826, "g1": 0.7566792647961261, "g2": -6.753911670347482, "g3": 1.1178447205875264, "g4": 1.048689994215201, "g5": 0.09637078195884166, "g6": 0.5094540140231737, "g7": 1.2980835652275338, "i0": 1.7044079470847824, "i1": 0.8572008527219165, "i2": -7.621645099187947, "i3": 0.8132628220940408, "i4": 1.237696703223059, "i5": -0.5974790420375224, "i6": 0.46962131056699075, "i7": 1.860062217198292, "r0": 0.14859670872342512, "r1": 0.7217632655397164, "r2": -7.173667266163559, "r3": 1.2642212985186119, "r4": 1.2355913513021446, "r5": -0.44967092641702766, "r6": 0.48054622635416017, "r7": 1.8093009479033633}, "datetime": {"datetime": "2020-01-19 12:01:46", "elapsed": 72545.176979, "delta": 76.791811}}
{"target": 20.0, "params": {"d0": 3.173654009109261, "d1": -8.050874722790402, "d2": 1.0373135604515356, "g0": 0.44293073067563243, "g1": 0.32520532441157823, "g2": -5.1593508973997215, "g3": 1.3476154493189918, "g4": 1.013367335728834, "g5": -0.3520047666131616, "g6": 0.6006371613973347, "g7": 1.4991308229452451, "i0": 3.15167140737839, "i1": 0.6955965530091434, "i2": -5.483241584923586, "i3": 0.9923250576049815, "i4": 1.0775812118273598, "i5": 0.056451287766717, "i6": 0.01670404931758798, "i7": 1.5607524136903772, "r0": 2.0014602747418557, "r1": 0.28538490593182647, "r2": -2.576256788738873, "r3": 1.0901891462766669, "r4": 0.9315473603677732, "r5": -0.02216731493618279, "r6": 0.04971595758940809, "r7": 1.5643949173034513}, "datetime": {"datetime": "2020-01-19 12:02:53", "elapsed": 72612.727244, "delta": 67.550265}}
{"target": 19.65, "params": {"d0": 3.138497124859495, "d1": -8.335433823507245, "d2": 1.093364061631223, "g0": 0.24771980503860522, "g1": 0.31819562726242423, "g2": -8.699503959112104, "g3": 1.2938461516211852, "g4": 0.9785292205430257, "g5": -0.5651380005788645, "g6": 0.643051822374736, "g7": 1.5606085885856475, "i0": 2.9117386289176506, "i1": 0.8113979906420935, "i2": -7.6840330326798725, "i3": 0.9353669414167349, "i4": 0.82574218409582, "i5": -0.25699413876564586, "i6": 0.5702910967271909, "i7": 1.4095134001710357, "r0": 2.1729034660050233, "r1": 0.5909157477537091, "r2": -1.8300691518641823, "r3": 1.132265363751, "r4": 1.2268552695496866, "r5": -0.15953436838884216, "r6": 0.5491779476410724, "r7": 1.4513631556663824}, "datetime": {"datetime": "2020-01-19 12:04:17", "elapsed": 72696.026136, "delta": 83.298892}}
{"target": 20.05, "params": {"d0": 3.8581200025669284, "d1": -1.0481172787959263, "d2": 0.8622260870232106, "g0": 0.1910732545963173, "g1": 0.08965777495879068, "g2": -5.258209984382841, "g3": 1.39661114883765, "g4": 0.9312391822916306, "g5": -0.6946577792927594, "g6": 0.49346909484967894, "g7": 1.2590365606904186, "i0": 4.14850610696649, "i1": 0.6290327815025412, "i2": -6.349748074701144, "i3": 1.358361342080686, "i4": 1.1739168303747067, "i5": -0.2024056376057184, "i6": 0.8581715766858269, "i7": 1.2959309829297663, "r0": 1.1884178503392584, "r1": 0.2090809128032557, "r2": -8.38958193015963, "r3": 0.8837741640429537, "r4": 1.1573538932476344, "r5": -0.06479706792263473, "r6": 0.3845033402381077, "r7": 1.343308535821848}, "datetime": {"datetime": "2020-01-19 12:05:39", "elapsed": 72778.236419, "delta": 82.210283}}
{"target": 7.3, "params": {"d0": 2.7242734186503794, "d1": -1.9139064582206107, "d2": 0.8155341669916113, "g0": 1.581623978880828, "g1": 0.4276088378573898, "g2": -4.621978108133592, "g3": 1.3940191566336144, "g4": 0.800422386726268, "g5": -0.19063560701584092, "g6": 0.6882089957997601, "g7": 1.3252667132052913, "i0": 1.496752367277152, "i1": 0.4736938210306122, "i2": -3.158097779740147, "i3": 1.3282674425816356, "i4": 0.8000109452722203, "i5": 0.15346596231503695, "i6": 0.6352647607560844, "i7": 0.9914115005368227, "r0": 3.8270617540370977, "r1": 0.8642056273255331, "r2": -5.991872362772477, "r3": 1.367808833402955, "r4": 0.9198108195648842, "r5": 0.5458593404141499, "r6": 0.26827356149012016, "r7": 1.8264852495532122}, "datetime": {"datetime": "2020-01-19 12:06:49", "elapsed": 72848.601023, "delta": 70.364604}}
{"target": 21.1, "params": {"d0": 4.091816410213065, "d1": -1.5909313699325607, "d2": 0.9470181142913076, "g0": 0.5004771992287875, "g1": 0.4167363892200344, "g2": -4.8329548384601955, "g3": 1.0910931880042731, "g4": 1.081643221627922, "g5": -0.07342193686042423, "g6": 0.12986503644319738, "g7": 1.4403906783637441, "i0": 3.851446354496458, "i1": 0.6134371773614407, "i2": -6.260410214112785, "i3": 1.0587925353974204, "i4": 0.9961036541023627, "i5": -0.23817901782759204, "i6": 0.3190745103632686, "i7": 1.4100323358319318, "r0": 2.0227878458514903, "r1": 0.19972509377104683, "r2": -8.54889915231592, "r3": 1.106226631916993, "r4": 1.112712837866464, "r5": 0.4334268618925512, "r6": 0.19215852993046598, "r7": 1.4701229502554405}, "datetime": {"datetime": "2020-01-19 12:07:59", "elapsed": 72918.05778, "delta": 69.456757}}
{"target": 19.9, "params": {"d0": 3.125342695810016, "d1": -8.063733842843273, "d2": 0.904306913264597, "g0": 0.450298919518208, "g1": 0.32025746081554346, "g2": -5.239443212191322, "g3": 1.183138777636219, "g4": 1.1288608720874396, "g5": -0.4496891528664416, "g6": 0.5078799105358358, "g7": 1.6056386637108024, "i0": 3.0939429178298625, "i1": 0.6551079881290229, "i2": -5.443117659811547, "i3": 1.1414890745769684, "i4": 1.0663327907332585, "i5": 0.04062746004361351, "i6": -0.0675733504963939, "i7": 1.5179034310360449, "r0": 2.0800013032689164, "r1": 0.45232573820633776, "r2": -2.5562085802675365, "r3": 1.2181398668291212, "r4": 1.0207832750765709, "r5": -0.0702788900720732, "r6": 0.30589983037002233, "r7": 1.5646907873716507}, "datetime": {"datetime": "2020-01-19 12:09:18", "elapsed": 72997.215703, "delta": 79.157923}}
{"target": 20.95, "params": {"d0": 3.1881307029954202, "d1": -2.2586658874740078, "d2": 0.9196531721193192, "g0": 0.7662342063692433, "g1": 0.7126337238963278, "g2": -6.290017945403894, "g3": 0.9233307649260344, "g4": 1.0865795195674037, "g5": 0.02721125508361911, "g6": 0.3722865955561229, "g7": 1.241648488735281, "i0": 2.62086099063551, "i1": 0.4323589721176444, "i2": -7.166610435726339, "i3": 1.359975372461477, "i4": 1.0154998582629255, "i5": 0.15849941003885998, "i6": -0.0718346744992267, "i7": 1.1472193580673333, "r0": 2.4489086372070274, "r1": 0.0739869287740566, "r2": -8.335189454128475, "r3": 0.9175538761696547, "r4": 1.2751562904623779, "r5": 0.26726153106252304, "r6": 0.364576506187818, "r7": 1.5182353158336739}, "datetime": {"datetime": "2020-01-19 12:10:36", "elapsed": 73075.565075, "delta": 78.349372}}
{"target": 20.3, "params": {"d0": 3.751516301745018, "d1": -1.5037100044295761, "d2": 1.0503114027525664, "g0": 0.5275636241323183, "g1": 0.1802933309814282, "g2": -5.997855404436221, "g3": 1.292929459413589, "g4": 1.142779971498462, "g5": 0.0875080423669007, "g6": 0.14543773596159165, "g7": 1.3462566059828902, "i0": 3.8415132796352323, "i1": 0.44578105039291377, "i2": -6.447702035231765, "i3": 0.9930832237537125, "i4": 0.9940399564777671, "i5": -0.23590977465494695, "i6": 0.05842271356663427, "i7": 1.6925372122557756, "r0": 1.5282782468029543, "r1": 0.16212253637635732, "r2": -8.895833065548766, "r3": 1.2239898382160448, "r4": 1.0725431904742562, "r5": 0.1641235085841968, "r6": 0.06996773106310746, "r7": 1.5673335656381506}, "datetime": {"datetime": "2020-01-19 12:12:06", "elapsed": 73165.545594, "delta": 89.980519}}
{"target": 20.75, "params": {"d0": 4.459209925553853, "d1": -2.2647769887639493, "d2": 1.356835727585209, "g0": 0.4928139364369658, "g1": 0.1965312865685954, "g2": -4.743112743143263, "g3": 1.0438888483547124, "g4": 1.1166274876459346, "g5": 0.05065005164149749, "g6": 0.5775368425727921, "g7": 1.5976168961716768, "i0": 4.383632359686436, "i1": 0.2266634315551266, "i2": -5.650205324811877, "i3": 1.2803500544180362, "i4": 1.2156147967206312, "i5": 0.14513310266656773, "i6": 0.06773772278170483, "i7": 1.5731348197532478, "r0": 2.5198438691389575, "r1": 0.29265518984199973, "r2": -8.148308467003428, "r3": 1.2931771601061803, "r4": 1.0855041039339002, "r5": 0.4607180630471943, "r6": 0.09697090662460245, "r7": 1.4921202614834705}, "datetime": {"datetime": "2020-01-19 12:13:22", "elapsed": 73241.195993, "delta": 75.650399}}
{"target": 20.35, "params": {"d0": 2.7809791095837335, "d1": -2.0473979459733407, "d2": 1.3378754917613236, "g0": 0.5982005421881686, "g1": 0.42131042686729125, "g2": -4.993812893165731, "g3": 1.0377744506285693, "g4": 1.196524178782144, "g5": -0.15961998459692328, "g6": 0.03292410447493532, "g7": 1.272795718409651, "i0": 4.374922968622423, "i1": 0.8277347369938959, "i2": -5.890487959792478, "i3": 1.2147521832514883, "i4": 1.2852549343041337, "i5": 0.045088358252522553, "i6": -0.11268563864331699, "i7": 1.5239312308043542, "r0": 2.5606422463424856, "r1": 0.47203743609568793, "r2": -8.213909103159494, "r3": 0.8842986406132791, "r4": 0.8135764135808332, "r5": -0.04712783638099649, "r6": 0.5500776422554341, "r7": 0.9589171423813704}, "datetime": {"datetime": "2020-01-19 12:14:46", "elapsed": 73325.1648, "delta": 83.968807}}
{"target": 18.55, "params": {"d0": 0.48401359995876986, "d1": -5.244866900356648, "d2": 0.9820768028206496, "g0": 0.9856691260028175, "g1": 0.5674182496696636, "g2": -5.7781867792236445, "g3": 1.4034742646315075, "g4": 0.9141993656554424, "g5": 0.30482572075140435, "g6": 0.43549227073822955, "g7": 1.1643300854673702, "i0": 2.258010263935667, "i1": 0.6271036400291294, "i2": -9.71920760497312, "i3": 1.0271212526997637, "i4": 1.2093830944971002, "i5": -0.05905356055935136, "i6": 0.5968517557608426, "i7": 1.7533723113865358, "r0": 3.4070277567060567, "r1": 0.3314288514596554, "r2": -4.056727190997489, "r3": 1.3498654080594303, "r4": 1.0760212514865604, "r5": 0.4525361848047379, "r6": 0.39663635774837147, "r7": 1.7097937801835552}, "datetime": {"datetime": "2020-01-19 12:15:58", "elapsed": 73397.223024, "delta": 72.058224}}
{"target": 20.45, "params": {"d0": 3.657409038546093, "d1": -1.4298565657752085, "d2": 1.0130132784239503, "g0": 0.4533899547754072, "g1": 0.6292186147073591, "g2": -4.461435752393676, "g3": 1.250646874183803, "g4": 1.066797034895103, "g5": -0.06883378240218291, "g6": 0.1370679233374189, "g7": 1.5155626422677457, "i0": 3.840775177775713, "i1": 0.5693337684211275, "i2": -6.365990215476973, "i3": 1.0681173624812519, "i4": 0.9545958470339061, "i5": -0.07816292323319043, "i6": 0.02615380119238868, "i7": 1.4284696728288564, "r0": 3.2698326829007853, "r1": 0.4123885269114981, "r2": -8.488286347849622, "r3": 1.0111321634130979, "r4": 1.1164140967582072, "r5": 0.39637478399419057, "r6": 0.29783887354823957, "r7": 1.46728539126945}, "datetime": {"datetime": "2020-01-19 12:17:19", "elapsed": 73478.788752, "delta": 81.565728}}
