{"target": 15.6, "params": {"d0": 1.4787271236023292, "d1": -7.095020682921023, "d2": 1.197033520067831, "g0": 2.48643524695225, "g1": 0.3487910599135874, "g2": -5.784356696069377, "g3": 1.0949442246836005, "g4": 0.973168078930498, "g5": -0.6474742276311014, "g6": 0.5803486678451322, "g7": 1.5980830879877557, "i0": 0.3295395229189102, "i1": 0.6945702192317151, "i2": -0.6729971197073752, "i3": 1.1092554427825907, "i4": 1.0186563705706266, "i5": 0.31569211421716536, "i6": 0.20976888479745504, "i7": 1.8780368750545957, "r0": 2.807209584579753, "r1": 0.09859606698812917, "r2": -3.3498245572410763, "r3": 1.451733757032599, "r4": 1.1827722312105824, "r5": -0.5535760945357778, "r6": 0.020865992739944828, "r7": 1.7086946331666821}, "datetime": {"datetime": "2020-01-18 07:33:23", "elapsed": 38789.696167, "delta": 33.474313}}
{"target": 11.8, "params": {"d0": 0.8029664913523199, "d1": -6.5185382617868814, "d2": 0.7628982657635399, "g0": 0.675194406449805, "g1": 0.9629686265778069, "g2": -3.4389365846517723, "g3": 1.4967001282987924, "g4": 0.904375672703295, "g5": -0.6481154097072045, "g6": -0.29418258014888926, "g7": 0.9664537583160943, "i0": 2.605943047495286, "i1": 0.1543922655779566, "i2": -5.702759068487465, "i3": 1.2861240296198693, "i4": 1.0211783015216744, "i5": 0.23176048065781707, "i6": -0.1400475995097098, "i7": 1.2623418027968902, "r0": 4.493781854294216, "r1": 0.47166575754669604, "r2": -6.955881149780105, "r3": 0.8409145220734252, "r4": 1.0160486075959305, "r5": -0.08752077769979072, "r6": -0.20208250562161806, "r7": 1.8643396955774967}, "datetime": {"datetime": "2020-01-18 07:33:49", "elapsed": 38816.239062, "delta": 26.542895}}
{"target": 11.95, "params": {"d0": 2.863058238088198, "d1": -0.5749406226464497, "d2": 1.463299930428034, "g0": 4.8136062943290865, "g1": 0.21220811954657393, "g2": -9.961007836537352, "g3": 1.0566162173349791, "g4": 1.2647540763202818, "g5": 0.14105356625144927, "g6": 0.26264942423857485, "g7": 1.290122733709103, "i0": 1.4843128868708906, "i1": 0.570952372507873, "i2": -1.3413138678392862, "i3": 0.705139243288191, "i4": 1.0277334933004558, "i5": -0.3368806865872362, "i6": 0.12250577288650066, "i7": 0.9400024272570673, "r0": 2.584624934937497, "r1": 0.14509352118028263, "r2": -6.786709533285823, "r3": 1.2367950585034155, "r4": 0.9953364714567732, "r5": 0.13875505573556202, "r6": -0.1991590640741639, "r7": 1.6177430235833241}, "datetime": {"datetime": "2020-01-18 07:34:29", "elapsed": 38855.436535, "delta": 39.197473}}
{"target": 5.5, "params": {"d0": 2.9354297328982213, "d1": -5.079848099991642, "d2": 0.9207478069387514, "g0": 4.127050794685919, "g1": 0.7964135383018452, "g2": -7.630718902459859, "g3": 1.1993780915243704, "g4": 0.941404150849878, "g5": 0.5897886227968345, "g6": 0.0682000025851095, "g7": 1.1603198996843544, "i0": 2.5090862446531044, "i1": 0.18664079181704496, "i2": -9.974292466887675, "i3": 1.4613095829080784, "i4": 0.8576321697603626, "i5": -0.1259350870110435, "i6": 0.9489965524056931, "i7": 1.6891346709680706, "r0": 2.9868829866926117, "r1": 0.9759648488208705, "r2": -2.620428825365143, "r3": 1.1927803610914076, "r4": 0.9595270687523278, "r5": -0.3808440642553601, "r6": -0.0077714086735740096, "r7": 1.9294751915500155}, "datetime": {"datetime": "2020-01-18 07:35:00", "elapsed": 38886.617694, "delta": 31.181159}}
{"target": 11.2, "params": {"d0": 3.868299210838841, "d1": -4.583996174802712, "d2": 0.9366298667846154, "g0": 0.0778650101478584, "g1": 0.2698913380477411, "g2": -8.350735861930668, "g3": 1.0802019107580012, "g4": 0.9498834268012701, "g5": -0.0023357455390675685, "g6": -0.40576447703155644, "g7": 1.8343990829901928, "i0": 4.920117309273927, "i1": 0.4121567075726079, "i2": -3.139212644589233, "i3": 1.1160147063894905, "i4": 0.8276684731230479, "i5": 0.33153245978734613, "i6": -0.18711431508169218, "i7": 1.4291477046240701, "r0": 0.3749383623424418, "r1": 0.19927204268545917, "r2": -3.4997780668342804, "r3": 1.481044329579164, "r4": 1.2805690483143342, "r5": 0.7940964961584429, "r6": 0.9706828928571571, "r7": 1.3848689562636831}, "datetime": {"datetime": "2020-01-18 07:35:28", "elapsed": 38915.057152, "delta": 28.439458}}
{"target": 19.6, "params": {"d0": 3.137914445121472, "d1": -8.066471327036574, "d2": 0.7734562626283051, "g0": 0.34667792074400794, "g1": 0.9592549640290383, "g2": -4.395922886592819, "g3": 1.3433882759437883, "g4": 1.1763723195277038, "g5": -0.43947837214077023, "g6": 0.19521519145043964, "g7": 1.7972940289411086, "i0": 3.9673226343058596, "i1": 0.5374367079849112, "i2": -9.510925012135239, "i3": 0.9140557263369511, "i4": 0.8484945029287005, "i5": -0.45077885810271945, "i6": -0.38414735583173193, "i7": 0.902266443019784, "r0": 0.6894541123800202, "r1": 0.9946112542087503, "r2": -7.216949751371155, "r3": 1.0998004966975348, "r4": 1.2515906184548298, "r5": 0.4086916103206577, "r6": 0.7608683785888506, "r7": 1.0839697479264567}, "datetime": {"datetime": "2020-01-18 07:36:01", "elapsed": 38948.223287, "delta": 33.166135}}
{"target": 11.75, "params": {"d0": 0.6819338638387912, "d1": -5.261447831868191, "d2": 0.7377578279602295, "g0": 0.20528362405192957, "g1": 0.42438894223349866, "g2": -7.538201533721472, "g3": 1.0194608525625055, "g4": 1.2159393600197996, "g5": -0.10872850789987853, "g6": -0.3406593172102269, "g7": 1.5491465610346988, "i0": 2.857201613829501, "i1": 0.017637596879637507, "i2": -7.376722103024021, "i3": 0.9095299837522097, "i4": 0.9056657246048323, "i5": -0.4286594403486767, "i6": 0.6077297378108204, "i7": 1.59833909216187, "r0": 4.989128524640199, "r1": 0.7225394995113343, "r2": -2.425847181474815, "r3": 0.7375803228501938, "r4": 0.9816107792976103, "r5": 0.5119881978752188, "r6": 0.3160423946245252, "r7": 1.377119455239765}, "datetime": {"datetime": "2020-01-18 07:36:28", "elapsed": 38975.279658, "delta": 27.056371}}
{"target": 17.1, "params": {"d0": 0.23469908213304302, "d1": -7.650642286360071, "d2": 1.1707605112791541, "g0": 0.35758807426037986, "g1": 0.40318919011532883, "g2": -2.5447774866311974, "g3": 1.3052568249836027, "g4": 0.9000660636120537, "g5": 0.7143844457706519, "g6": 0.010019356268195168, "g7": 1.1953312803468201, "i0": 1.5081899940445314, "i1": 0.9420336821130814, "i2": -0.36512413150090595, "i3": 1.3749616360341077, "i4": 1.0145736756831178, "i5": -0.5448740186342397, "i6": 0.909733422879164, "i7": 1.1535452634790717, "r0": 1.9680388063666183, "r1": 0.09881810997684493, "r2": -3.651247614145584, "r3": 0.7608757767321779, "r4": 0.848331752727217, "r5": 0.39436825928069363, "r6": 0.19509736276851453, "r7": 1.8445886542172159}, "datetime": {"datetime": "2020-01-18 07:37:03", "elapsed": 39009.857848, "delta": 34.57819}}
{"target": 11.7, "params": {"d0": 0.6186312045485048, "d1": -2.6850757908830225, "d2": 1.268940815058373, "g0": 2.119429337083916, "g1": 0.3779899529319972, "g2": -9.557516728568602, "g3": 1.1212078686013336, "g4": 1.0766606301450408, "g5": -0.5872825179844462, "g6": 0.8988560075147605, "g7": 0.9962478377390597, "i0": 3.340799654222219, "i1": 0.8434767013820086, "i2": -8.114723962710958, "i3": 1.2039213421455588, "i4": 1.092976555298087, "i5": -0.6451230657803761, "i6": 0.6468595855132531, "i7": 1.7842725702392668, "r0": 4.183929280510863, "r1": 0.8916437350658777, "r2": -2.2570669313516634, "r3": 1.4675618598845652, "r4": 1.1134000554048897, "r5": -0.13185199532195546, "r6": -0.31849971350892514, "r7": 1.8436550386950108}, "datetime": {"datetime": "2020-01-18 07:37:42", "elapsed": 39049.017357, "delta": 39.159509}}
{"target": 1.25, "params": {"d0": 3.204921895268912, "d1": -1.2090858656273067, "d2": 0.7632697579110804, "g0": 2.908877741537672, "g1": 0.6704290338988244, "g2": -0.6121970509790184, "g3": 1.2279832304665947, "g4": 0.8132233998501317, "g5": 0.6027080747051674, "g6": 0.9413540694079214, "g7": 0.9003469267106068, "i0": 4.774338029352086, "i1": 0.2783772181191275, "i2": -4.299501872642116, "i3": 0.8491706432252932, "i4": 0.9787708874435106, "i5": -0.46746479175539035, "i6": 0.8313802468588616, "i7": 1.8471313310801303, "r0": 2.361784284003309, "r1": 0.19445148613410523, "r2": -8.48970074765735, "r3": 0.8914802069126129, "r4": 0.8577063763144264, "r5": -0.4412722545589938, "r6": 0.6174087399896087, "r7": 1.8264132261656627}, "datetime": {"datetime": "2020-01-18 07:38:18", "elapsed": 39085.026085, "delta": 36.008728}}
{"target": 16.4, "params": {"d0": 2.1953327546576307, "d1": -7.745885404091949, "d2": 0.8323516992297972, "g0": 3.0771085001393232, "g1": 0.024916489994905477, "g2": -4.656949094978586, "g3": 0.999071487258909, "g4": 1.08236660326317, "g5": 0.03126178371677124, "g6": -0.4143000725004564, "g7": 1.4144595574506287, "i0": 1.4266673746976766, "i1": 0.40750860571501135, "i2": -9.920665364260724, "i3": 1.4741254896309517, "i4": 1.2558160728085772, "i5": -0.07061351316544862, "i6": -0.2437118845317195, "i7": 1.2944809312604497, "r0": 1.490655370776501, "r1": 0.28978227923117383, "r2": -2.1024501272497043, "r3": 0.8147719889900389, "r4": 1.1224494751001701, "r5": 0.15036920392043263, "r6": -0.11611608784180005, "r7": 1.9665964344771254}, "datetime": {"datetime": "2020-01-18 07:38:49", "elapsed": 39115.606358, "delta": 30.580273}}
{"target": 17.0, "params": {"d0": 2.486418783837316, "d1": -5.099008751765331, "d2": 0.8453670610015444, "g0": 3.50261715026646, "g1": 0.4481904642578328, "g2": -6.374720004157971, "g3": 0.9736268259079426, "g4": 0.8075037055258637, "g5": -0.6305057823740898, "g6": -0.23841481032610384, "g7": 0.9952647916396592, "i0": 0.636901502233988, "i1": 0.15204798679542209, "i2": -9.933322607184579, "i3": 0.8714603718137264, "i4": 1.1084221427641108, "i5": 0.7985622602507836, "i6": 0.4725127332598409, "i7": 1.3717942352217174, "r0": 0.8808446722289953, "r1": 0.2497065697570181, "r2": -4.826875408065594, "r3": 1.0162383189607096, "r4": 1.1919565142271475, "r5": -0.6026252578017175, "r6": -0.0718764846290389, "r7": 1.2351230815626426}, "datetime": {"datetime": "2020-01-18 07:39:21", "elapsed": 39148.000279, "delta": 32.393921}}
{"target": 11.7, "params": {"d0": 0.6802211360144861, "d1": -4.386333390909931, "d2": 0.9332036980007432, "g0": 3.1892632586184004, "g1": 0.7890547668845332, "g2": -6.609651122555846, "g3": 1.399488970400123, "g4": 1.2468643712732501, "g5": -0.4825600536804617, "g6": -0.42403325143226916, "g7": 0.9489736454542498, "i0": 4.986735367655388, "i1": 0.9215127685104572, "i2": -1.2804045604012142, "i3": 0.8239026385310655, "i4": 0.8540962825439882, "i5": 0.3598924940214745, "i6": 0.1452671672582162, "i7": 1.2800443601013294, "r0": 2.0721791429733876, "r1": 0.2031125527871157, "r2": -8.084945360965222, "r3": 0.8910905449605515, "r4": 1.0768289756249014, "r5": -0.2375168829639297, "r6": 0.8329979042164319, "r7": 1.8843584386062493}, "datetime": {"datetime": "2020-01-18 07:40:01", "elapsed": 39187.587844, "delta": 39.587565}}
{"target": 5.45, "params": {"d0": 0.11576289901444825, "d1": -9.576473424472297, "d2": 0.7675726427553491, "g0": 4.046460834710376, "g1": 0.5741933850476072, "g2": -5.166395157980207, "g3": 1.0344010222332556, "g4": 1.1289187768305307, "g5": 0.48488535174546676, "g6": 0.8712193295922706, "g7": 1.6277114351033655, "i0": 4.6853122672878165, "i1": 0.9447613939090638, "i2": -8.71574666891606, "i3": 1.0296148864708197, "i4": 1.219101209846818, "i5": -0.2826963509393273, "i6": 0.6158519729149956, "i7": 0.9844144464571377, "r0": 3.917480884739251, "r1": 0.10559250369110962, "r2": -3.9873517583733973, "r3": 0.7526798952558202, "r4": 1.298614966399008, "r5": -0.7228834296713802, "r6": 0.3746344787490339, "r7": 0.9268425052485971}, "datetime": {"datetime": "2020-01-18 07:40:42", "elapsed": 39228.727842, "delta": 41.139998}}
{"target": 14.2, "params": {"d0": 4.438666949367134, "d1": -6.2880527886004955, "d2": 1.4369582863228385, "g0": 4.615063672970153, "g1": 0.4038819289227441, "g2": -2.4165608136123327, "g3": 1.0725722687906845, "g4": 1.283488781701224, "g5": -0.716269835059062, "g6": -0.26235964845056103, "g7": 1.8291921713760155, "i0": 3.5682821912997205, "i1": 0.5221013909987736, "i2": -2.437082449466069, "i3": 0.8586518254544203, "i4": 1.2978790818628818, "i5": 0.06620749281765459, "i6": -0.22790764728886265, "i7": 1.972161774190591, "r0": 0.5128643716502518, "r1": 0.06384282225278992, "r2": -2.459465900198028, "r3": 1.301152037776185, "r4": 1.2929151503772798, "r5": 0.7021283275887005, "r6": -0.2511694199929482, "r7": 1.3516727054963211}, "datetime": {"datetime": "2020-01-18 07:41:17", "elapsed": 39264.121707, "delta": 35.393865}}
{"target": 6.65, "params": {"d0": 1.9124336271709597, "d1": -0.7609661640507213, "d2": 0.9703703058147417, "g0": 4.402074713983101, "g1": 0.5279342731613985, "g2": -3.3536972431743237, "g3": 1.182260400677574, "g4": 1.0905634400934523, "g5": -0.5734316620177415, "g6": 0.9820315998152958, "g7": 1.3131950247458455, "i0": 4.347919293014169, "i1": 0.370829631148308, "i2": -3.982630029752139, "i3": 1.3881399199176445, "i4": 1.1677177076993783, "i5": 0.02909965327201003, "i6": 0.39111670359695305, "i7": 0.9977906422328506, "r0": 2.1821706569321546, "r1": 0.22316314930627867, "r2": -6.8645990011341755, "r3": 1.0151404214481252, "r4": 0.9301064561636744, "r5": -0.1219253685062277, "r6": 0.34321062567936655, "r7": 1.882341759804732}, "datetime": {"datetime": "2020-01-18 07:41:42", "elapsed": 39288.36245, "delta": 24.240743}}
{"target": 9.1, "params": {"d0": 1.2685733961896721, "d1": -5.849073425081075, "d2": 1.2063039427497648, "g0": 2.7178198860286393, "g1": 0.4470865465503765, "g2": -4.5394055001784075, "g3": 0.9115026730070628, "g4": 1.0222858009164175, "g5": 0.2173087582143569, "g6": 0.6725992182039064, "g7": 1.4458956505313885, "i0": 4.360298497977554, "i1": 0.4592995391479293, "i2": -4.687751022186633, "i3": 1.2393617393923875, "i4": 0.8451604488280179, "i5": 0.28632981640053456, "i6": -0.19709104256112858, "i7": 0.9908249425800444, "r0": 2.744568250614315, "r1": 0.4088687479410297, "r2": -7.861065336649704, "r3": 1.031421974541541, "r4": 1.1590200551858978, "r5": 0.23661597233887344, "r6": 0.2419346601352631, "r7": 1.6104927505439706}, "datetime": {"datetime": "2020-01-18 07:42:22", "elapsed": 39329.114332, "delta": 40.751882}}
{"target": 18.05, "params": {"d0": 3.0180130673788175, "d1": -9.719697850922639, "d2": 1.1031713465225241, "g0": 2.711615644033479, "g1": 0.31451095399339035, "g2": -3.1610098312210884, "g3": 1.0829962298772275, "g4": 1.1779541711546784, "g5": 0.6633279148291658, "g6": 0.703126412490378, "g7": 0.9977386401845563, "i0": 2.9064487425603414, "i1": 0.6901097332741147, "i2": -2.128615904958907, "i3": 1.4645314320875795, "i4": 0.9183116011504957, "i5": 0.13507514218577865, "i6": 0.47042355512672485, "i7": 1.9139818570753953, "r0": 0.1350153313440705, "r1": 0.2571976906344188, "r2": -9.77254926152764, "r3": 1.070582841329196, "r4": 0.9657015937051996, "r5": -0.05249970501902301, "r6": 0.37199223947757154, "r7": 1.2019200410731719}, "datetime": {"datetime": "2020-01-18 07:42:54", "elapsed": 39360.390896, "delta": 31.276564}}
{"target": 15.65, "params": {"d0": 4.715953225739291, "d1": -1.244834384988426, "d2": 1.0230340473499044, "g0": 0.738182543375307, "g1": 0.9281039017863285, "g2": -8.004333936354254, "g3": 0.9146128257095126, "g4": 0.8576867688202983, "g5": -0.042734274119220594, "g6": 0.5860230191236098, "g7": 1.1141459094543524, "i0": 3.222771105649173, "i1": 0.8064430496885785, "i2": -8.201448340155423, "i3": 1.3500961418637165, "i4": 1.1628807020033105, "i5": -0.6118949455724906, "i6": 0.9206003699996319, "i7": 1.73423909032247, "r0": 3.783503751047146, "r1": 0.4617103479672653, "r2": -9.633959357096572, "r3": 0.8109673147980074, "r4": 1.1506521430427972, "r5": 0.012373601421518776, "r6": -0.18845966742925363, "r7": 1.4267558159768785}, "datetime": {"datetime": "2020-01-18 07:43:22", "elapsed": 39388.939231, "delta": 28.548335}}
{"target": 17.55, "params": {"d0": 0.7100850034708572, "d1": -8.428685593769554, "d2": 1.1589117677621605, "g0": 0.4831134170332446, "g1": 0.5829689651887191, "g2": -1.5169879376040463, "g3": 0.9544189320563263, "g4": 0.8375403308766897, "g5": -0.5668180076621436, "g6": 0.9318006763185764, "g7": 1.6352239530505148, "i0": 4.095525815769211, "i1": 0.6060287169667234, "i2": -9.245819661413124, "i3": 0.9995724407283537, "i4": 0.9168819272451717, "i5": -0.3079873440145406, "i6": 0.05462202257476667, "i7": 1.2589515306991736, "r0": 4.189485448900862, "r1": 0.8942068078491866, "r2": -9.321086280714892, "r3": 0.8947558375366577, "r4": 0.960575648030636, "r5": 0.7786799071080348, "r6": -0.45725468463324986, "r7": 1.7382084334637384}, "datetime": {"datetime": "2020-01-18 07:43:58", "elapsed": 39424.812108, "delta": 35.872877}}
{"target": 9.7, "params": {"d0": 0.3133038174855629, "d1": -1.1766880824743389, "d2": 0.7288930155092825, "g0": 1.6479505400482681, "g1": 0.22674491436804411, "g2": -1.143042968685359, "g3": 1.2207365848659446, "g4": 0.8904739277716112, "g5": -0.45000915012486087, "g6": 0.40094148012399744, "g7": 1.2385189697768522, "i0": 4.867305463922266, "i1": 0.7817502877203649, "i2": -3.3115274443942138, "i3": 0.738172779382376, "i4": 1.2684134979395691, "i5": 0.27579881042992693, "i6": 0.7673424178175934, "i7": 1.1125238339412027, "r0": 0.20142672869084943, "r1": 0.02424809819247664, "r2": -0.4309663894929958, "r3": 0.9587385803963231, "r4": 1.0306958794602925, "r5": 0.38573336205330544, "r6": 0.633183457689344, "r7": 1.4519178359676195}, "datetime": {"datetime": "2020-01-18 07:44:28", "elapsed": 39454.653626, "delta": 29.841518}}
{"target": 19.15, "params": {"d0": 2.6389967922900532, "d1": -6.772202514577704, "d2": 1.4497486565132645, "g0": 0.7546107391650247, "g1": 0.3701659486432777, "g2": -7.773991245046826, "g3": 1.246546911652172, "g4": 1.0500410021262858, "g5": -0.3818170011318822, "g6": 0.01626548737495992, "g7": 1.1574536997119216, "i0": 3.25087919783873, "i1": 0.04461138088639738, "i2": -0.6041433616162735, "i3": 1.4881959014712267, "i4": 0.9795294231626088, "i5": 0.7968103991287983, "i6": 0.5352667429875213, "i7": 1.8303231882081021, "r0": 3.6796919592904267, "r1": 0.20864201876739696, "r2": -0.2397997575502675, "r3": 1.1027399230921686, "r4": 0.9366938097131129, "r5": 0.2474531539154856, "r6": -0.35390546152597824, "r7": 1.088869414926598}, "datetime": {"datetime": "2020-01-18 07:45:01", "elapsed": 39487.378719, "delta": 32.725093}}
{"target": 14.3, "params": {"d0": 3.12498482207706, "d1": -9.33909410851302, "d2": 1.3254850897139911, "g0": 3.808510748244874, "g1": 0.7028825643927178, "g2": -4.277265698947313, "g3": 1.1506710680796333, "g4": 0.9909401914614311, "g5": -0.06764470659473254, "g6": -0.4120737296886887, "g7": 1.9377432907997068, "i0": 3.4997094021246506, "i1": 0.23520686366529808, "i2": -2.3203888431264073, "i3": 1.340003530267143, "i4": 1.033942987962031, "i5": 0.0055052357711316, "i6": -0.06739590353476832, "i7": 1.1742450586689208, "r0": 1.8359370495376055, "r1": 0.28983942706108334, "r2": -6.170041654255538, "r3": 1.1557554585091896, "r4": 1.0059717356017692, "r5": -0.2681990301911291, "r6": 0.20949024673105732, "r7": 1.8899508940581087}, "datetime": {"datetime": "2020-01-18 07:45:29", "elapsed": 39516.108869, "delta": 28.73015}}
{"target": 8.45, "params": {"d0": 4.065483434455369, "d1": -0.2246187908317694, "d2": 1.3383945063533338, "g0": 1.1314344715306612, "g1": 0.12181788280457162, "g2": -7.098262195879789, "g3": 1.3603734582811848, "g4": 1.175213212012884, "g5": -0.6181837168599404, "g6": -0.4765143932720155, "g7": 1.6523707948378856, "i0": 2.0416003368930773, "i1": 0.9729318057066935, "i2": -0.11825430936420034, "i3": 1.090410155732113, "i4": 1.042730103891144, "i5": -0.2914660172040231, "i6": 0.9278785950176962, "i7": 1.827974050956056, "r0": 3.367387223706564, "r1": 0.3877131275416328, "r2": -3.4462034055181414, "r3": 1.2284348886563354, "r4": 1.098309184000803, "r5": -0.700320553018792, "r6": -0.4580085857718163, "r7": 1.120457343038264}, "datetime": {"datetime": "2020-01-18 07:45:50", "elapsed": 39537.078964, "delta": 20.970095}}
{"target": 12.5, "params": {"d0": 3.7049128625887064, "d1": -3.1521489892683316, "d2": 0.750706043433435, "g0": 4.337319726163871, "g1": 0.8859893525505929, "g2": -7.868571095857869, "g3": 1.4211019459418766, "g4": 0.9759450014683434, "g5": -0.14517134924239827, "g6": 0.13841186384747106, "g7": 1.0400813241635658, "i0": 0.8100678062574096, "i1": 0.5292237848309372, "i2": -0.5167654405859992, "i3": 1.2640755799500727, "i4": 1.0310243742293101, "i5": -0.7933856633595999, "i6": -0.14242659021477128, "i7": 1.7827304717015078, "r0": 3.5274937355191174, "r1": 0.16139077777306898, "r2": -3.065872821636651, "r3": 0.7290187735685054, "r4": 1.2868558939909165, "r5": -0.14161748807992647, "r6": 0.33135525089416107, "r7": 1.5195169624007874}, "datetime": {"datetime": "2020-01-18 07:46:25", "elapsed": 39572.155149, "delta": 35.076185}}
{"target": 14.05, "params": {"d0": 2.3911597581658413, "d1": -4.043523016822048, "d2": 1.2315212313929398, "g0": 1.1343338250523876, "g1": 0.626148281720408, "g2": -6.22676761450818, "g3": 1.1134600555702465, "g4": 0.8023705028702119, "g5": -0.34016998825095135, "g6": 0.24573771355305962, "g7": 1.1456581958533023, "i0": 3.5804753717567257, "i1": 0.1953474248509729, "i2": -6.155980103271659, "i3": 1.0912956621083083, "i4": 1.0596054297861555, "i5": 0.5616898508647341, "i6": 0.2606188935129554, "i7": 1.157225935754625, "r0": 1.2475147881718562, "r1": 0.39275801180944814, "r2": -0.498352054655145, "r3": 1.1607802761866914, "r4": 0.8752373796332007, "r5": -0.25140354558943123, "r6": 0.4179875816996452, "r7": 1.9734698630300214}, "datetime": {"datetime": "2020-01-18 07:46:57", "elapsed": 39604.184942, "delta": 32.029793}}
