{"target": 19.5, "params": {"d0": 0.8938474573440625, "d1": -6.129918097453589, "d2": 1.2335559100105475, "g0": 0.8869326456479204, "g1": 0.2509280870700037, "g2": -5.7678895846427105, "g3": 1.0755844304834823, "g4": 1.0882769680928888, "g5": -0.17358021532482637, "g6": 0.9983966742357904, "g7": 1.2475247869115753, "i0": 3.261377011206836, "i1": 0.6537565058540218, "i2": -9.700646389319626, "i3": 1.177720505539475, "i4": 0.9025464333420876, "i5": 0.6026886961683269, "i6": 0.8381720961246248, "i7": 1.982501360356257, "r0": 1.994747329859781, "r1": 0.8545958753281212, "r2": -8.6551907139642, "r3": 1.0800812780510671, "r4": 1.261252971475547, "r5": 0.5461686113248918, "r6": 0.6287786584738784, "r7": 1.952743899256311}, "datetime": {"datetime": "2020-01-18 10:44:52", "elapsed": 50278.91388, "delta": 42.338266}}
{"target": 10.7, "params": {"d0": 0.5996036541711142, "d1": -3.9782599743044154, "d2": 1.3266037526383245, "g0": 4.354497788772939, "g1": 0.6617650998209631, "g2": -3.674708657699096, "g3": 0.8329908424420954, "g4": 1.2112911596819511, "g5": -0.30995789926971934, "g6": 0.5626949533084036, "g7": 1.009891369948991, "i0": 0.1293970823977142, "i1": 0.7848931039551018, "i2": -5.284632326755597, "i3": 0.9919539283023904, "i4": 0.9908415612887078, "i5": -0.7142425807403434, "i6": 0.3839746662037494, "i7": 1.898905115801914, "r0": 3.4427752599214463, "r1": 0.15881616900966045, "r2": -0.4545740745204494, "r3": 1.0164453298183247, "r4": 0.8001006459679523, "r5": 0.6549448497475194, "r6": -0.4412658046173272, "r7": 1.006640656082946}, "datetime": {"datetime": "2020-01-18 10:45:47", "elapsed": 50333.826305, "delta": 54.912425}}
{"target": 10.05, "params": {"d0": 2.120048851421859, "d1": -7.046490275536206, "d2": 1.0208556541140503, "g0": 3.2139456401672883, "g1": 0.3628393524017731, "g2": -8.800832841632417, "g3": 1.3345181432094484, "g4": 0.8803832725907433, "g5": -0.0636073404059232, "g6": -0.3371268140390701, "g7": 1.7019225543636498, "i0": 1.4181237480436981, "i1": 0.3081708602801805, "i2": -1.7998436230401555, "i3": 1.2452743819934797, "i4": 1.2196920805689742, "i5": -0.14349862753085918, "i6": -0.29405181598609453, "i7": 1.6596478079255554, "r0": 2.6002694839140785, "r1": 0.7041624790287456, "r2": -1.8366128498375769, "r3": 0.9211750489236443, "r4": 1.2539295178794663, "r5": -0.33792147386904897, "r6": 0.21831645863130356, "r7": 0.9429042723045127}, "datetime": {"datetime": "2020-01-18 10:46:28", "elapsed": 50375.065704, "delta": 41.239399}}
{"target": 9.6, "params": {"d0": 1.9038206686752168, "d1": -8.805169122687753, "d2": 0.8693496288198929, "g0": 0.32151481412144356, "g1": 0.1682788926538693, "g2": -9.972875889124788, "g3": 0.713424562852066, "g4": 0.9605963349509279, "g5": -0.05792138516432155, "g6": -0.26745213910640164, "g7": 1.298418934483753, "i0": 2.3060575870668902, "i1": 0.6607597726427827, "i2": -9.914179113316523, "i3": 1.4462083955010767, "i4": 1.2225935413117508, "i5": 0.5447169240360932, "i6": -0.1062033796800324, "i7": 1.1502752852411038, "r0": 1.0837865021011712, "r1": 0.27291408085049873, "r2": -4.221856258780562, "r3": 1.2250845512582762, "r4": 1.2559372367229782, "r5": -0.5568070887280188, "r6": -0.19012754528870462, "r7": 1.7657654017051239}, "datetime": {"datetime": "2020-01-18 10:46:59", "elapsed": 50405.554059, "delta": 30.488355}}
{"target": 14.05, "params": {"d0": 3.725481559780859, "d1": -6.874202022313002, "d2": 0.7226981919639989, "g0": 2.8265736673783257, "g1": 0.07968550256637075, "g2": -6.774030525700513, "g3": 1.2699990441870508, "g4": 0.9378112295656456, "g5": 0.1307501667551021, "g6": -0.31660965505791305, "g7": 1.4002021581654085, "i0": 0.5879153160939543, "i1": 0.13662360120318406, "i2": -8.08950474329787, "i3": 1.4485700971907114, "i4": 1.1967875032567732, "i5": -0.4287145025006984, "i6": 0.885923025784761, "i7": 1.4326078068943664, "r0": 0.9064759400091432, "r1": 0.11318941360808799, "r2": -3.7139349178323755, "r3": 1.158377980684098, "r4": 1.187830294371345, "r5": 0.6916681872787955, "r6": -0.13763534781894782, "r7": 1.5550920330788616}, "datetime": {"datetime": "2020-01-18 10:47:44", "elapsed": 50451.151009, "delta": 45.59695}}
{"target": 12.3, "params": {"d0": 3.0737803861482256, "d1": -1.263244107486294, "d2": 1.449252764837376, "g0": 3.0645393577660487, "g1": 0.3883255622759727, "g2": -3.8575481318780183, "g3": 0.9716890127729843, "g4": 0.8780341731318921, "g5": -0.6303243900342874, "g6": 0.5466980783366164, "g7": 1.4450739618504111, "i0": 3.899073548887716, "i1": 0.9108676410127937, "i2": -3.6554339439173056, "i3": 0.9620088917467895, "i4": 0.8212245256486534, "i5": 0.005064269264257293, "i6": 0.9293610694261327, "i7": 1.8348963027515084, "r0": 2.146301606932778, "r1": 0.917482710013071, "r2": -0.42101128723607495, "r3": 1.1134632597948035, "r4": 1.257718673418573, "r5": -0.7026548973689144, "r6": 0.9498348269975918, "r7": 1.7852927188439818}, "datetime": {"datetime": "2020-01-18 10:48:28", "elapsed": 50494.567673, "delta": 43.416664}}
{"target": 19.0, "params": {"d0": 4.507875117849471, "d1": -3.189578942077123, "d2": 1.0563953635845857, "g0": 1.1462030461545565, "g1": 0.27734588347599765, "g2": -5.530863876956947, "g3": 1.4012370642823746, "g4": 0.8168882114683786, "g5": -0.5795440929398465, "g6": 0.4890763149243047, "g7": 1.9059854200006412, "i0": 4.770785434816275, "i1": 0.2897160158159363, "i2": -6.2302788913083145, "i3": 0.9672718704794225, "i4": 1.170221803586945, "i5": 0.6602216638256797, "i6": 0.28864193476318367, "i7": 1.9488157522505936, "r0": 0.03316583561268516, "r1": 0.2882051919361346, "r2": -1.2337881509017699, "r3": 1.3339985857221357, "r4": 0.8911838140978239, "r5": 0.2378319840641243, "r6": -0.39394139761513025, "r7": 0.9699512424384404}, "datetime": {"datetime": "2020-01-18 10:49:08", "elapsed": 50535.185184, "delta": 40.617511}}
{"target": 13.55, "params": {"d0": 3.2514607328616254, "d1": -8.973486579463883, "d2": 0.7630038525780631, "g0": 1.2991862818215272, "g1": 0.09771927439905637, "g2": -6.659510894606074, "g3": 1.3591968804843102, "g4": 0.8338454063912426, "g5": 0.1983778759636008, "g6": -0.09477179672982655, "g7": 1.0691825099513106, "i0": 0.9993515137053693, "i1": 0.01095541745330153, "i2": -9.898673563479806, "i3": 1.4942108773354066, "i4": 1.2074616380754881, "i5": -0.030133724179799204, "i6": 0.06717397687571136, "i7": 1.4146841250330517, "r0": 3.348570176091748, "r1": 0.8509668647473756, "r2": -8.825147617248462, "r3": 1.2510235598643946, "r4": 0.8994980742816713, "r5": -0.5070930019915205, "r6": -0.3647562512357799, "r7": 1.1144922621079123}, "datetime": {"datetime": "2020-01-18 10:49:52", "elapsed": 50579.132307, "delta": 43.947123}}
{"target": 10.25, "params": {"d0": 3.0321363302979494, "d1": -3.178583322339322, "d2": 1.2328028904365158, "g0": 0.4202156991242578, "g1": 0.051150030657102996, "g2": -0.20517930788135175, "g3": 1.1353567847900312, "g4": 1.1529435050256391, "g5": 0.6074827143352246, "g6": 0.014407704724057613, "g7": 1.3182142985754233, "i0": 0.6460298537483367, "i1": 0.41250769963405143, "i2": -9.90946764975858, "i3": 0.709471997083524, "i4": 0.8000941703037425, "i5": -0.7410544560280639, "i6": 0.5416861020038795, "i7": 1.513972120961883, "r0": 4.7395270990650715, "r1": 0.7001731945837043, "r2": -0.7597301700331531, "r3": 0.8172052607198682, "r4": 0.930937245199712, "r5": -0.3429246073575719, "r6": 0.9024811844792722, "r7": 1.9000593578380882}, "datetime": {"datetime": "2020-01-18 10:50:21", "elapsed": 50608.256072, "delta": 29.123765}}
{"target": 3.95, "params": {"d0": 1.4530312167532018, "d1": -4.413161835658278, "d2": 0.8242899627909938, "g0": 4.741224170672378, "g1": 0.4153722861300174, "g2": -6.840792321141116, "g3": 1.257993215987953, "g4": 1.0370294258831947, "g5": -0.7833723638534998, "g6": 0.10939405386804668, "g7": 0.9421794624020264, "i0": 3.2189172044608, "i1": 0.6680702236921231, "i2": -9.115548938600963, "i3": 0.9396241077484606, "i4": 1.1330091305605263, "i5": -0.257932885161689, "i6": -0.4674246413218068, "i7": 1.7657758258173124, "r0": 4.444058484249737, "r1": 0.9113271982931317, "r2": -1.832055641138309, "r3": 0.762021865557164, "r4": 1.152720693832861, "r5": 0.041124716076720524, "r6": 0.3621882514323992, "r7": 1.026212048650919}, "datetime": {"datetime": "2020-01-18 10:51:11", "elapsed": 50657.751524, "delta": 49.495452}}
{"target": 12.6, "params": {"d0": 2.4347465412505445, "d1": -3.61458006976079, "d2": 1.052600615057699, "g0": 0.1331770183254266, "g1": 0.6335199231982589, "g2": -9.833993015728502, "g3": 1.3535877146155468, "g4": 1.2275936637904432, "g5": 0.5728600181139709, "g6": -0.4327374924578519, "g7": 1.5638754474380656, "i0": 0.4374655300974867, "i1": 0.9054201253453271, "i2": -4.3191947467912115, "i3": 0.7361026433726809, "i4": 0.9921766909698543, "i5": -0.6466524974147962, "i6": 0.016058851851264766, "i7": 1.187648438342313, "r0": 2.5359043626294997, "r1": 0.4747972535834105, "r2": -7.3300374227704355, "r3": 0.9601909519614062, "r4": 0.9633378937909254, "r5": -0.7370038020038822, "r6": 0.9524803227007343, "r7": 1.8994995646666486}, "datetime": {"datetime": "2020-01-18 10:51:46", "elapsed": 50692.941588, "delta": 35.190064}}
{"target": 18.2, "params": {"d0": 0.2610426598498733, "d1": -6.5831909739157, "d2": 0.8342518507605093, "g0": 0.7396377590889724, "g1": 0.665217312250545, "g2": -3.959573024949867, "g3": 1.019690125614528, "g4": 1.2689603246812093, "g5": -0.6852884610280677, "g6": 0.10965390340000924, "g7": 1.8202694206581327, "i0": 3.2784729035978035, "i1": 0.06047612834061644, "i2": -3.3249522864607854, "i3": 1.2137481081754915, "i4": 1.1444469167523053, "i5": 0.5191095104084231, "i6": -0.13434103741074604, "i7": 1.2597686370177694, "r0": 1.6200584415473729, "r1": 0.5777888821290597, "r2": -6.866705203730829, "r3": 1.001855802824783, "r4": 1.1056443353141328, "r5": 0.3393630255549207, "r6": -0.009199553437922614, "r7": 1.3018498775895204}, "datetime": {"datetime": "2020-01-18 10:52:29", "elapsed": 50736.227387, "delta": 43.285799}}
{"target": 16.2, "params": {"d0": 3.262925338318261, "d1": -9.64909097852381, "d2": 0.8101936080422188, "g0": 1.0391007429543209, "g1": 0.4625318051714439, "g2": -1.2981577740166692, "g3": 1.1362386421698103, "g4": 1.1956027192059997, "g5": 0.6588837968145629, "g6": 0.1212578602436225, "g7": 1.1923238723610223, "i0": 1.8905766823441756, "i1": 0.5181572070661128, "i2": -2.0892373982358805, "i3": 1.2009010575698058, "i4": 0.9552761462139729, "i5": 0.4412914510588002, "i6": 0.3434386986334854, "i7": 1.3904051257716836, "r0": 4.496973924844897, "r1": 0.8363590927698323, "r2": -0.2896671600471379, "r3": 1.3982946502504994, "r4": 0.8164300937439319, "r5": -0.20647516988513848, "r6": 0.9280389900876549, "r7": 1.6194065546674894}, "datetime": {"datetime": "2020-01-18 10:53:13", "elapsed": 50779.93875, "delta": 43.711363}}
{"target": 17.2, "params": {"d0": 3.7936612624844335, "d1": -9.964725582792296, "d2": 0.8139235342567307, "g0": 4.661013361706087, "g1": 0.13734924216920097, "g2": -4.275533265344192, "g3": 1.2673621392413645, "g4": 1.2728763667862069, "g5": -0.7611864237768986, "g6": 0.5026659093129795, "g7": 1.3786207551263092, "i0": 0.3570034891853813, "i1": 0.5879895946082935, "i2": -1.64941559672034, "i3": 0.7192316433301158, "i4": 1.0182538646438486, "i5": -0.6210277515901255, "i6": -0.4282913404614054, "i7": 1.704904060176839, "r0": 1.364102910895439, "r1": 0.24298364982572473, "r2": -1.5167690966707, "r3": 1.2725774608654183, "r4": 1.0102996316691546, "r5": 0.4193109234763275, "r6": 0.7608077184929958, "r7": 1.752765095557012}, "datetime": {"datetime": "2020-01-18 10:53:50", "elapsed": 50817.21868, "delta": 37.27993}}
{"target": 4.85, "params": {"d0": 4.876260283498295, "d1": -9.118892344523656, "d2": 1.0983976694851987, "g0": 4.93755537162879, "g1": 0.8154443447993971, "g2": -8.632799047538985, "g3": 0.925489431720617, "g4": 1.131246052677409, "g5": -0.2868348608038458, "g6": -0.005983183523586566, "g7": 1.13469303716114, "i0": 3.4440453237202204, "i1": 0.8658491610773207, "i2": -5.859511483286487, "i3": 1.0548883957083866, "i4": 1.1174025204261568, "i5": -0.23881909666333, "i6": -0.14196500137233914, "i7": 1.1936563970185772, "r0": 4.478716094640004, "r1": 0.8246502182707953, "r2": -6.391182556061274, "r3": 1.0174380369728655, "r4": 1.2478441163690674, "r5": -0.2753440423040928, "r6": 0.3574297163073974, "r7": 1.046842712413187}, "datetime": {"datetime": "2020-01-18 10:54:33", "elapsed": 50859.788222, "delta": 42.569542}}
{"target": 17.6, "params": {"d0": 1.8240844053557714, "d1": -6.412345644657509, "d2": 1.48826997012907, "g0": 1.3774159842100535, "g1": 0.3639278203649148, "g2": -3.5056141269091032, "g3": 1.3926400093509683, "g4": 1.0076627182420517, "g5": -0.5918678259092469, "g6": 0.3367069573097283, "g7": 1.1094553029499066, "i0": 2.1383616688616263, "i1": 0.5155430849329922, "i2": -7.642310401638307, "i3": 1.2332216544518246, "i4": 1.1511346804999454, "i5": 0.7499183282563868, "i6": 0.2638846615226196, "i7": 1.8849669143808296, "r0": 2.3458129450284284, "r1": 0.8510759130318731, "r2": -6.970531606129903, "r3": 0.7574901317597669, "r4": 1.023308399878995, "r5": 0.7317615659401218, "r6": -0.3683394595900933, "r7": 1.2163340470637758}, "datetime": {"datetime": "2020-01-18 10:55:16", "elapsed": 50902.346751, "delta": 42.558529}}
{"target": 6.25, "params": {"d0": 4.191667947936784, "d1": -4.372478139915445, "d2": 1.1749012298603876, "g0": 3.6543687351267033, "g1": 0.11860443996579861, "g2": -7.081012854701792, "g3": 1.4162543743571752, "g4": 1.0403280255065317, "g5": -0.74199745015853, "g6": 0.08269112658894018, "g7": 1.0602899375010009, "i0": 1.9722888096553421, "i1": 0.6039217249010709, "i2": -8.110807356852272, "i3": 1.2682359936484926, "i4": 0.8772064660624264, "i5": -0.05241100242646257, "i6": 0.9079845987693402, "i7": 1.771698983480368, "r0": 3.855704766874541, "r1": 0.07264684987194714, "r2": -0.7609186101399459, "r3": 0.9205354658668349, "r4": 1.0709835817011184, "r5": -0.0155340251991255, "r6": 0.8519162108483869, "r7": 1.5605123371000855}, "datetime": {"datetime": "2020-01-18 10:55:55", "elapsed": 50941.813449, "delta": 39.466698}}
{"target": 13.3, "params": {"d0": 3.24841651043072, "d1": -7.5143517679252785, "d2": 0.796885212661067, "g0": 4.608475524900298, "g1": 0.6126924048268171, "g2": -6.325514990536638, "g3": 1.365538464005851, "g4": 0.9557548712883054, "g5": -0.22864523907158785, "g6": -0.2242973740540279, "g7": 1.8202486129330324, "i0": 1.251233222203717, "i1": 0.8464460857594953, "i2": -0.8802498854195449, "i3": 1.3954960812246489, "i4": 0.9272203314000917, "i5": 0.6397172759440592, "i6": 0.1469048454169095, "i7": 1.934406238634688, "r0": 3.2841526020423424, "r1": 0.4184278719287645, "r2": -7.6382766157260695, "r3": 1.1482223304790495, "r4": 0.939942804386424, "r5": -0.6745352899055848, "r6": 0.38680629703362746, "r7": 0.9847593808066943}, "datetime": {"datetime": "2020-01-18 10:56:36", "elapsed": 50982.587312, "delta": 40.773863}}
{"target": 14.6, "params": {"d0": 3.473275289191019, "d1": -2.5808881707039335, "d2": 1.373574081136825, "g0": 4.283907420428522, "g1": 0.36969499096329583, "g2": -2.4971989019745298, "g3": 0.7373735135180305, "g4": 0.8316894493348256, "g5": -0.2881444723442901, "g6": 0.3770090793979157, "g7": 1.3004052212959176, "i0": 2.5236793422862784, "i1": 0.8381458114173058, "i2": -4.44333487174656, "i3": 1.4245695139868042, "i4": 1.2523664876560687, "i5": 0.19998597649339733, "i6": 0.11828319590001468, "i7": 1.7384666886682618, "r0": 1.8758940384105953, "r1": 0.043711579962614655, "r2": -3.5401189203892924, "r3": 0.8504620275863461, "r4": 1.219663119374415, "r5": 0.7503579126614583, "r6": -0.056834826491584944, "r7": 1.7515713162850752}, "datetime": {"datetime": "2020-01-18 10:57:20", "elapsed": 51027.230224, "delta": 44.642912}}
{"target": 17.9, "params": {"d0": 0.32185620723326536, "d1": -6.587567805150895, "d2": 0.7114523359748095, "g0": 0.1662256054346245, "g1": 0.61160245707035, "g2": -3.067419188169419, "g3": 0.7225875285650059, "g4": 1.1229241174575302, "g5": -0.2774183349082078, "g6": 0.7901668379881448, "g7": 1.211744194762113, "i0": 2.302000308616836, "i1": 0.3140412274640605, "i2": -1.344000342022758, "i3": 1.2022585278444007, "i4": 1.2391485128238058, "i5": -0.5789542679255876, "i6": -0.013107196891025796, "i7": 1.160001536677846, "r0": 0.48688291143827167, "r1": 0.9199014239848917, "r2": -9.102677265159718, "r3": 0.9194681663818279, "r4": 0.8825419428393441, "r5": -0.3034832078593983, "r6": -0.06956913342655124, "r7": 1.4850971745758739}, "datetime": {"datetime": "2020-01-18 10:58:06", "elapsed": 51073.156825, "delta": 45.926601}}
{"target": 17.8, "params": {"d0": 1.6242542479675603, "d1": -6.787892762366346, "d2": 1.1437166861992865, "g0": 1.2422517106088793, "g1": 0.5772854992938928, "g2": -5.948859706070881, "g3": 0.9190122757908495, "g4": 1.0943503250431998, "g5": 0.5845595996636814, "g6": 0.009681534335785225, "g7": 1.7524117917592674, "i0": 1.6154683858129637, "i1": 0.9710095965478465, "i2": -7.673588749666418, "i3": 1.0166148752327164, "i4": 0.9345861659661383, "i5": 0.38867424557904195, "i6": 0.08271933883610405, "i7": 1.4124490446532707, "r0": 2.2367903166445817, "r1": 0.12274913144046518, "r2": -7.721181421960991, "r3": 0.7357291531503355, "r4": 0.8413052711037448, "r5": 0.7374820856774846, "r6": 0.659943065862741, "r7": 1.585046989511831}, "datetime": {"datetime": "2020-01-18 10:58:47", "elapsed": 51114.267345, "delta": 41.11052}}
{"target": 15.9, "params": {"d0": 0.9016968407489989, "d1": -2.4121986931124804, "d2": 1.0190219358629535, "g0": 1.9991765097635006, "g1": 0.06955951750279576, "g2": -8.10557944052723, "g3": 1.226266129819019, "g4": 1.0871778529233922, "g5": -0.08934024927231632, "g6": 0.5874486442326394, "g7": 1.773314938630722, "i0": 3.1732564681671116, "i1": 0.4761561181054247, "i2": -3.615711737991645, "i3": 0.9193692731975635, "i4": 0.9696759685848274, "i5": 0.3284807120707103, "i6": -0.2664230439186495, "i7": 1.6756328173598214, "r0": 1.6688765422815606, "r1": 0.31504082269876965, "r2": -5.325060231106332, "r3": 1.2592878604645428, "r4": 0.8775722442522598, "r5": 0.7075963658361462, "r6": 0.10009422366165177, "r7": 1.4679028505822478}, "datetime": {"datetime": "2020-01-18 10:59:37", "elapsed": 51163.336238, "delta": 49.068893}}
{"target": 10.55, "params": {"d0": 4.170506258067132, "d1": -8.400331236433502, "d2": 1.3665794107656635, "g0": 2.898506335629818, "g1": 0.565631484305024, "g2": -5.413582218322067, "g3": 1.1791464892072463, "g4": 1.1687373714789722, "g5": -0.30284798572940286, "g6": 0.09267972233541188, "g7": 1.4174819659311289, "i0": 3.7406988694873937, "i1": 0.8451796102122696, "i2": -2.697600741779283, "i3": 0.9630528623892313, "i4": 1.123338542351516, "i5": -0.5757342174871041, "i6": -0.0826436118994811, "i7": 1.0015996765891875, "r0": 1.8479426362636897, "r1": 0.2342427947282799, "r2": -7.377973160463628, "r3": 0.878425585248008, "r4": 1.003426873575666, "r5": 0.009081345516682271, "r6": 0.4673414328282848, "r7": 1.615979489656997}, "datetime": {"datetime": "2020-01-18 11:00:06", "elapsed": 51192.370589, "delta": 29.034351}}
{"target": 20.05, "params": {"d0": 4.978079678432135, "d1": -9.843083611973853, "d2": 0.9393947751728621, "g0": 0.6932628735143742, "g1": 0.3376097462096883, "g2": -8.09465136334158, "g3": 0.7446555742659818, "g4": 1.2893473599171967, "g5": -0.4190956323960171, "g6": 0.9147012573099094, "g7": 1.786998220592127, "i0": 1.5129159948194641, "i1": 0.44833714243045886, "i2": -7.8231748716414105, "i3": 1.3309492170419357, "i4": 1.0496182691455545, "i5": -0.3912822816050195, "i6": 0.8788175772249807, "i7": 1.6792488376720138, "r0": 2.117494729473891, "r1": 0.12749348441994335, "r2": -4.421132443235257, "r3": 1.2924061746182995, "r4": 0.8238228975440152, "r5": -0.3418427246918663, "r6": 0.561571407002798, "r7": 1.3205671102673353}, "datetime": {"datetime": "2020-01-18 11:00:43", "elapsed": 51229.909256, "delta": 37.538667}}
{"target": 9.2, "params": {"d0": 3.962858560039246, "d1": -0.4470440283332504, "d2": 0.7569267817420928, "g0": 2.6207142519491144, "g1": 0.31070978722611553, "g2": -9.82555653118627, "g3": 1.3371822893393088, "g4": 1.0385134760914725, "g5": 0.7407602890925911, "g6": 0.025996503905788892, "g7": 1.13219119826881, "i0": 4.561838097587117, "i1": 0.46216026741814276, "i2": -0.7365595422082887, "i3": 0.8625682614333097, "i4": 1.1606381288114238, "i5": -0.056702801801331915, "i6": 0.44134394814614364, "i7": 1.1222070057351992, "r0": 3.1364929137087234, "r1": 0.34235467490307336, "r2": -4.2395855890083345, "r3": 1.2362281262473123, "r4": 1.1682622949086476, "r5": -0.7377557149976852, "r6": 0.9717094856425559, "r7": 1.0258242480913702}, "datetime": {"datetime": "2020-01-18 11:01:16", "elapsed": 51262.913552, "delta": 33.004296}}
{"target": 13.25, "params": {"d0": 3.464090654653072, "d1": -6.073273636236632, "d2": 1.189206943940044, "g0": 3.814559034953839, "g1": 0.43150561018280387, "g2": -0.6249827677445232, "g3": 1.4914178141171512, "g4": 1.0416407917580552, "g5": 0.49863191797906303, "g6": -0.07038140326861536, "g7": 1.2709093419472368, "i0": 4.193227106266859, "i1": 0.9237104338096553, "i2": -5.776300153051517, "i3": 1.360214002728612, "i4": 1.203061119022293, "i5": -0.39700996775710157, "i6": 0.21949515685504561, "i7": 1.9584196133777838, "r0": 2.282788301043666, "r1": 0.9194221648825822, "r2": -5.428947229634612, "r3": 0.7818698846186103, "r4": 1.1422071808669478, "r5": -0.5942033833355101, "r6": 0.08234926820313804, "r7": 1.6394487739758612}, "datetime": {"datetime": "2020-01-18 11:01:55", "elapsed": 51301.496652, "delta": 38.5831}}
