{"target": 17.3, "params": {"d0": 2.1210702281471394, "d1": -7.848840090615158, "d2": 0.9746554347467009, "g0": 2.238385563408648, "g1": 0.40667556467206745, "g2": -3.1700973358427076, "g3": 1.0934814320546828, "g4": 1.166967919285435, "g5": 0.7837109001449001, "g6": -0.30040168121206806, "g7": 1.7418893209700281, "i0": 2.1393938936817603, "i1": 0.6110965009073235, "i2": -7.440210308136855, "i3": 1.4152364470637804, "i4": 1.0616728389575019, "i5": -0.2414440672527841, "i6": 0.17781475974354333, "i7": 1.6220317257748573, "r0": 3.1385674727146218, "r1": 0.9959652927720722, "r2": -2.679424460615576, "r3": 0.7120563322749391, "r4": 1.008182078937372, "r5": 0.29785487001970856, "r6": 0.9007404346037127, "r7": 1.0472836402692212}, "datetime": {"datetime": "2020-01-18 01:58:30", "elapsed": 18696.611035, "delta": 50.399534}}
{"target": 15.45, "params": {"d0": 4.208407497774257, "d1": -7.6440145430639115, "d2": 1.327624332562883, "g0": 4.167502329433091, "g1": 0.41610768598458214, "g2": -6.796687222142736, "g3": 1.255731697548946, "g4": 0.9799288938689891, "g5": 0.7471071810269156, "g6": -0.236444008755753, "g7": 1.9145933943185685, "i0": 1.9049787168153003, "i1": 0.5396422017360657, "i2": -9.368360669956136, "i3": 1.2811314342514897, "i4": 1.2997275769892642, "i5": 0.15720134977901457, "i6": 0.7050698843465544, "i7": 1.4764242772939484, "r0": 2.0706785828081182, "r1": 0.37385497093443165, "r2": -8.945696423731064, "r3": 1.0468641512906354, "r4": 1.2768741402528774, "r5": 0.011262861326269524, "r6": 0.7626610563508172, "r7": 1.0711675198524446}, "datetime": {"datetime": "2020-01-18 01:59:14", "elapsed": 18740.502715, "delta": 43.89168}}
{"target": 15.5, "params": {"d0": 3.162235489269981, "d1": -3.589254215429553, "d2": 1.025733172853923, "g0": 1.320390407762717, "g1": 0.46883923584697174, "g2": -3.3710946910854567, "g3": 1.3907156608894304, "g4": 0.8982471813952233, "g5": -0.2043709305916368, "g6": -0.39548075055025, "g7": 1.5415338706459534, "i0": 3.149802536479216, "i1": 0.5097192471651284, "i2": -1.8592429425333492, "i3": 1.064172449387834, "i4": 0.8722838667381427, "i5": 0.05450954424744814, "i6": -0.19000461887379194, "i7": 1.28614500365527, "r0": 2.497528266050711, "r1": 0.7227454250223202, "r2": -2.256865112920531, "r3": 1.2766779338441046, "r4": 0.8561183893502182, "r5": 0.5898083490756283, "r6": 0.7418138842093738, "r7": 1.703262042725291}, "datetime": {"datetime": "2020-01-18 02:00:04", "elapsed": 18791.078567, "delta": 50.575852}}
{"target": 11.45, "params": {"d0": 0.7805849746160642, "d1": -9.010742021678292, "d2": 1.3948212846608783, "g0": 1.6393631913411344, "g1": 0.2637574974127923, "g2": -5.055018665679212, "g3": 0.7465821737433272, "g4": 0.8115090872724191, "g5": 0.5950478708145204, "g6": 0.7651374473339185, "g7": 1.9672522920337827, "i0": 0.797160895505607, "i1": 0.39394832148377146, "i2": -3.3180521062709047, "i3": 0.8872487972856412, "i4": 1.0628114733368048, "i5": 0.00647469432240122, "i6": -0.04922142789442402, "i7": 1.7431230024121933, "r0": 2.9158914439257178, "r1": 0.03918692576099014, "r2": -0.8503786134775471, "r3": 1.112275407757263, "r4": 1.2145960922382948, "r5": -0.7457673866086103, "r6": 0.7475290422104415, "r7": 1.8816684836790367}, "datetime": {"datetime": "2020-01-18 02:01:11", "elapsed": 18857.750502, "delta": 66.671935}}
{"target": 19.8, "params": {"d0": 3.956570288207905, "d1": -1.3614145640733284, "d2": 1.2252141517851007, "g0": 1.5197935303402133, "g1": 0.4453842401215822, "g2": -3.6112313056309207, "g3": 1.2593525196192417, "g4": 1.0015580044589623, "g5": -0.5462912759860863, "g6": -0.1320308605283162, "g7": 1.6302112756597653, "i0": 4.119037797174142, "i1": 0.5891502614558124, "i2": -5.082154835408684, "i3": 0.9189068607094089, "i4": 0.8308227415960383, "i5": -0.343379595725113, "i6": -0.10373728388349807, "i7": 1.9680231396814052, "r0": 0.26644913385296565, "r1": 0.23505104846825642, "r2": -3.5677787892922543, "r3": 0.8246720054139427, "r4": 1.299194606057544, "r5": -0.2816960089247932, "r6": -0.4010443588827934, "r7": 0.9467852094546216}, "datetime": {"datetime": "2020-01-18 02:01:50", "elapsed": 18896.985419, "delta": 39.234917}}
{"target": 11.55, "params": {"d0": 4.800559029203063, "d1": -3.5227818647504083, "d2": 1.1586067636148436, "g0": 3.4058537321014724, "g1": 0.896205330206314, "g2": -2.606397539451656, "g3": 1.1755893742832573, "g4": 1.2018299994198005, "g5": -0.6009708978496896, "g6": 0.5747800172648394, "g7": 1.6175603587217031, "i0": 4.126827261185276, "i1": 0.3317983663527265, "i2": -0.22422714058480686, "i3": 0.9337613995039917, "i4": 0.8781932651645259, "i5": 0.5861643542603197, "i6": 0.02597422753838119, "i7": 0.9004327953416619, "r0": 4.19885482150326, "r1": 0.903164771809382, "r2": -1.7500236144405061, "r3": 0.8311493391539833, "r4": 1.198793166366357, "r5": 0.42339848052492424, "r6": -0.022422568595629133, "r7": 1.399766766102323}, "datetime": {"datetime": "2020-01-18 02:02:20", "elapsed": 18926.494287, "delta": 29.508868}}
{"target": 20.7, "params": {"d0": 4.753135063714807, "d1": -8.243228197473142, "d2": 1.2819785581636098, "g0": 0.8275264684488809, "g1": 0.6238207759372082, "g2": -2.490311730551361, "g3": 1.3453104481683842, "g4": 0.9543844700521822, "g5": -0.1119459482760401, "g6": 0.3561238298880234, "g7": 1.2127780672297355, "i0": 0.6823560236503434, "i1": 0.7261829887292689, "i2": -4.587877372819643, "i3": 0.8401608364615676, "i4": 0.9882873095330803, "i5": 0.25457581166529075, "i6": -0.3762208863270542, "i7": 1.508344712604829, "r0": 3.825789652925773, "r1": 0.8668756105212602, "r2": -4.577399241837526, "r3": 0.9050494082994933, "r4": 1.263485833870524, "r5": 0.2534910583705332, "r6": 0.36930857799540684, "r7": 1.9091674281795323}, "datetime": {"datetime": "2020-01-18 02:03:00", "elapsed": 18966.603328, "delta": 40.109041}}
{"target": 11.75, "params": {"d0": 0.4391530471304528, "d1": -9.005916919357151, "d2": 1.3187646067247099, "g0": 3.328947846369808, "g1": 0.3613925526729316, "g2": -3.552518218989996, "g3": 1.0686848618808749, "g4": 0.8130170980219744, "g5": -0.783741375269808, "g6": 0.7455958659516511, "g7": 1.4843038809167313, "i0": 4.726963812386653, "i1": 0.9388541051982969, "i2": -1.0466958743613244, "i3": 1.0800534293939097, "i4": 1.0784265024090345, "i5": 0.5858810068340985, "i6": -0.37589060857685336, "i7": 0.9515682507971156, "r0": 1.5450809489775164, "r1": 0.24995611708666954, "r2": -3.871002115622952, "r3": 1.1536570764571625, "r4": 1.2345423766134478, "r5": 0.649680472676994, "r6": 0.5872399708629366, "r7": 1.430489670255937}, "datetime": {"datetime": "2020-01-18 02:03:58", "elapsed": 19024.95574, "delta": 58.352412}}
{"target": 13.15, "params": {"d0": 2.331177886699706, "d1": -6.65268727422457, "d2": 0.7530172162351385, "g0": 0.7711628123064762, "g1": 0.40922482667777704, "g2": -9.591297278909492, "g3": 1.4660347522473391, "g4": 1.1698112272756749, "g5": 0.4718181473502001, "g6": -0.41174795198193226, "g7": 1.2596091286424347, "i0": 0.1744973908579439, "i1": 0.20013633761551997, "i2": -9.568566306837807, "i3": 1.3942087497974962, "i4": 0.8317256896246963, "i5": 0.6727105624191552, "i6": 0.23499668219165626, "i7": 0.9631570806740944, "r0": 4.8719193646229355, "r1": 0.23231860218541944, "r2": -2.4701042583321957, "r3": 1.0786659669937366, "r4": 1.0024199245545304, "r5": 0.7789782460704515, "r6": 0.33035571552479115, "r7": 1.9409615562839977}, "datetime": {"datetime": "2020-01-18 02:04:37", "elapsed": 19064.261112, "delta": 39.305372}}
{"target": 13.1, "params": {"d0": 3.6747033223342855, "d1": -9.206017995652658, "d2": 1.3092730637161438, "g0": 3.1721705312166844, "g1": 0.3823031861644999, "g2": -8.474025993746974, "g3": 0.965981684326064, "g4": 0.9143304060574187, "g5": 0.728487104221375, "g6": 0.530652624215262, "g7": 1.9576943358219654, "i0": 1.3224155380531695, "i1": 0.8699131111230166, "i2": -6.83186546351237, "i3": 1.4323942759787947, "i4": 1.1951165638677752, "i5": -0.7842157947128725, "i6": 0.4721507879557275, "i7": 1.3856372759925368, "r0": 2.4483895783176415, "r1": 0.18125323744179112, "r2": -1.3699982994293762, "r3": 0.8976468798384978, "r4": 0.8152943220665403, "r5": 0.1140978944964367, "r6": -0.3157728671951949, "r7": 1.078327524645898}, "datetime": {"datetime": "2020-01-18 02:05:26", "elapsed": 19112.614727, "delta": 48.353615}}
{"target": 12.8, "params": {"d0": 2.2524634689851575, "d1": -9.548210160953392, "d2": 0.8747440536480846, "g0": 1.2089690613483488, "g1": 0.38739549787756156, "g2": -9.227817898023137, "g3": 0.8508145725749723, "g4": 1.2043937525127852, "g5": 0.5621592747782298, "g6": -0.21495258860212008, "g7": 1.842052739615725, "i0": 4.718047380855041, "i1": 0.48853274198328345, "i2": -1.424547592249887, "i3": 1.4819815077256813, "i4": 0.9706368705148256, "i5": -0.6185714343960037, "i6": 0.3419195278905175, "i7": 1.5330069899429657, "r0": 2.221515966952994, "r1": 0.7671778428219337, "r2": -5.105108304686182, "r3": 0.7697749229213551, "r4": 1.008427181917987, "r5": -0.09562876368358886, "r6": 0.830242419925181, "r7": 1.8452757457493494}, "datetime": {"datetime": "2020-01-18 02:06:07", "elapsed": 19153.873095, "delta": 41.258368}}
{"target": 13.9, "params": {"d0": 0.19085496650353306, "d1": -3.0406596512654502, "d2": 1.4669248689959469, "g0": 1.908222394766329, "g1": 0.664753894790202, "g2": -7.894836730598954, "g3": 1.0917364385695996, "g4": 0.947117729179887, "g5": 0.745725280058674, "g6": 0.5406829976287346, "g7": 1.8249167658774494, "i0": 3.571534732502853, "i1": 0.9880175432040804, "i2": -1.271030624251349, "i3": 1.321424101139467, "i4": 1.1736806638007578, "i5": 0.29437860693390117, "i6": 0.19333163147074228, "i7": 1.0462808356452964, "r0": 2.0978330727325014, "r1": 0.916777289543596, "r2": -1.7133747938520258, "r3": 1.3867616565830163, "r4": 1.290772150040321, "r5": -0.29079134941339635, "r6": 0.7295744138685079, "r7": 1.5513443703525942}, "datetime": {"datetime": "2020-01-18 02:06:59", "elapsed": 19205.887489, "delta": 52.014394}}
{"target": 10.65, "params": {"d0": 0.1863171118545942, "d1": -2.2169823978488443, "d2": 0.9067112884480473, "g0": 4.04758085491509, "g1": 0.5139375242253081, "g2": -1.9549764549121562, "g3": 1.1946642636362306, "g4": 1.0304981699002556, "g5": 0.5469266777673789, "g6": 0.802208331556971, "g7": 0.9383293615886122, "i0": 1.4018337229397244, "i1": 0.9487603658722077, "i2": -2.2089164690931966, "i3": 1.067183942559264, "i4": 0.8616171415623567, "i5": 0.2255915154469128, "i6": 0.6046422199905457, "i7": 1.5078198026623437, "r0": 2.812037522069616, "r1": 0.943658721964589, "r2": -7.4965203302044205, "r3": 0.8883559354532544, "r4": 1.2489067459223593, "r5": 0.782673078123852, "r6": 0.17647624875172163, "r7": 1.9627722414070128}, "datetime": {"datetime": "2020-01-18 02:08:02", "elapsed": 19268.298747, "delta": 62.411258}}
{"target": 5.65, "params": {"d0": 4.681392119411111, "d1": -3.6388923104526105, "d2": 0.8086988692668283, "g0": 3.203433829946312, "g1": 0.5179967856126745, "g2": -4.175573920624741, "g3": 0.8003176907314017, "g4": 1.013219685412121, "g5": -0.5776864373569721, "g6": 0.7464334229259246, "g7": 1.0006418016139291, "i0": 0.8628071063997406, "i1": 0.2874397256976563, "i2": -2.4667593905894307, "i3": 0.9555331133749219, "i4": 0.839038267059794, "i5": 0.018458512635408098, "i6": 0.25029468519637454, "i7": 0.9024746129029909, "r0": 1.9645906517630878, "r1": 0.6837530363927706, "r2": -6.3059519380952676, "r3": 0.8734069983187737, "r4": 0.9217484664356301, "r5": -0.7169464606322475, "r6": -0.04287845347497088, "r7": 1.769176168798133}, "datetime": {"datetime": "2020-01-18 02:08:41", "elapsed": 19307.468249, "delta": 39.169502}}
{"target": 11.3, "params": {"d0": 4.090566891960518, "d1": -0.012811840384729933, "d2": 1.0879721063605712, "g0": 4.606102011482572, "g1": 0.9178558482362023, "g2": -2.873143606022877, "g3": 0.890326988100935, "g4": 1.1144613448911986, "g5": 0.2612222471374661, "g6": -0.4342093443690038, "g7": 1.4173020174581845, "i0": 2.352876657285207, "i1": 0.8810488864093241, "i2": -7.932130198938018, "i3": 0.9548324780733479, "i4": 1.2876005675071238, "i5": -0.6092780939774158, "i6": -0.14660613252792626, "i7": 1.5567709769117948, "r0": 3.395411738445256, "r1": 0.7576993412506169, "r2": -8.389356955846663, "r3": 1.2366733655532083, "r4": 1.0392250185778058, "r5": -0.02278309888443686, "r6": 0.44482181571919166, "r7": 1.534967529102357}, "datetime": {"datetime": "2020-01-18 02:09:17", "elapsed": 19343.461493, "delta": 35.993244}}
{"target": 12.2, "params": {"d0": 1.7148074393943868, "d1": -1.2918843977140853, "d2": 0.7193606060499941, "g0": 4.8730708815148684, "g1": 0.09603480242425722, "g2": -7.689563742277404, "g3": 1.3734173864135664, "g4": 0.8024294755009467, "g5": -0.05105880491182335, "g6": 0.6354749277587872, "g7": 1.77524221302378, "i0": 3.768102821493151, "i1": 0.1351233831851697, "i2": -2.6368736126343784, "i3": 1.125004499037356, "i4": 0.8922230151758812, "i5": -0.5223483805430749, "i6": -0.33497568537870864, "i7": 1.236102751616537, "r0": 3.137174929094133, "r1": 0.37161748330151534, "r2": -9.270977427719968, "r3": 1.1603374773523534, "r4": 1.2005880945617564, "r5": 0.38248403940995357, "r6": -0.30188508903692374, "r7": 1.630027630619297}, "datetime": {"datetime": "2020-01-18 02:09:58", "elapsed": 19384.651431, "delta": 41.189938}}
{"target": 17.4, "params": {"d0": 0.29769959762647014, "d1": -4.3815292817078895, "d2": 1.3554908732343405, "g0": 0.49867667045583264, "g1": 0.25306472096554733, "g2": -6.006687444495898, "g3": 0.8294456670428647, "g4": 1.1796756516007134, "g5": -0.7124542540422859, "g6": 0.2748715192582718, "g7": 0.9433963556623687, "i0": 0.02554445203291733, "i1": 0.516032183818049, "i2": -8.617009155935357, "i3": 0.9462563995368686, "i4": 0.8617510386288931, "i5": 0.36106725512972426, "i6": 0.5956988103426546, "i7": 1.9132178716434316, "r0": 0.017391759919620497, "r1": 0.3723452095463644, "r2": -6.765179484517056, "r3": 0.784056120948346, "r4": 0.8415809721931656, "r5": 0.28770110062697896, "r6": -0.3758499029084642, "r7": 1.143769315890128}, "datetime": {"datetime": "2020-01-18 02:10:48", "elapsed": 19434.629395, "delta": 49.977964}}
{"target": 6.8, "params": {"d0": 3.520269733985559, "d1": -5.3520067932363125, "d2": 0.7176206059451813, "g0": 4.704743412498056, "g1": 0.10573132497583648, "g2": -2.9382498469172837, "g3": 0.7151264411952953, "g4": 1.2647754122895, "g5": -0.034670021221234526, "g6": -0.4879452615666435, "g7": 1.9867429467786049, "i0": 3.2726755893365715, "i1": 0.8219839401882247, "i2": -8.931134708017854, "i3": 0.9754221936597174, "i4": 0.9010129833545839, "i5": 0.2416686536438386, "i6": 0.24799859583048045, "i7": 1.4727530069966366, "r0": 2.645431742686829, "r1": 0.23406302428728465, "r2": -7.410670903025905, "r3": 1.2431253418609467, "r4": 0.9155195299235077, "r5": -0.6285842588312204, "r6": 0.312073089631443, "r7": 1.399498908983885}, "datetime": {"datetime": "2020-01-18 02:11:28", "elapsed": 19474.901271, "delta": 40.271876}}
{"target": 10.7, "params": {"d0": 1.4928828210660443, "d1": -1.244845354098036, "d2": 1.2416254292496882, "g0": 1.3440357734950155, "g1": 0.7805098236941552, "g2": -0.4248261656475343, "g3": 0.7280924422686271, "g4": 0.9193937108577429, "g5": 0.07326729093786377, "g6": -0.45907261077184736, "g7": 1.8116550427772018, "i0": 3.0309241463846703, "i1": 0.3010681524216874, "i2": -5.428071186027258, "i3": 0.8376437365939247, "i4": 1.1817697872595776, "i5": 0.7484649047178376, "i6": -0.4138827131240636, "i7": 1.2048272797211976, "r0": 2.823764374711506, "r1": 0.8756664622272367, "r2": -9.744727837703413, "r3": 1.0159148899147934, "r4": 0.9992183458689036, "r5": -0.6885848486253485, "r6": 0.22896081281893732, "r7": 1.8064032361468705}, "datetime": {"datetime": "2020-01-18 02:12:21", "elapsed": 19528.022525, "delta": 53.121254}}
{"target": 15.2, "params": {"d0": 0.6941645456558737, "d1": -2.9026554404814284, "d2": 1.4223132953936168, "g0": 1.7549875403336657, "g1": 0.1726806206298196, "g2": -7.305518960436696, "g3": 0.7854685953692337, "g4": 1.173340356033991, "g5": 0.7025034017474796, "g6": 0.42889921331153025, "g7": 1.6160792654671838, "i0": 1.2813749753547166, "i1": 0.5907621686045278, "i2": -9.018726982842884, "i3": 0.9465285554155098, "i4": 1.0132930474283341, "i5": 0.5424994247721127, "i6": 0.7201603215166916, "i7": 0.9906756410918971, "r0": 2.465794329366293, "r1": 0.9186876299316774, "r2": -8.914236543041108, "r3": 1.4578217383819956, "r4": 0.9987920228966187, "r5": -0.39106507247008954, "r6": 0.26391466638343863, "r7": 1.8341358368410692}, "datetime": {"datetime": "2020-01-18 02:13:15", "elapsed": 19582.062342, "delta": 54.039817}}
{"target": 11.5, "params": {"d0": 0.9896600201791139, "d1": -0.19704072068896572, "d2": 1.304940166705647, "g0": 3.6303875873043845, "g1": 0.6126638751877889, "g2": -1.544564606948862, "g3": 1.103871433613168, "g4": 1.2199285176734995, "g5": 0.047450225670711554, "g6": 0.6575983275174, "g7": 1.5620991497873669, "i0": 4.996257806196319, "i1": 0.5091332375849714, "i2": -1.5198573365868064, "i3": 1.4381190418785375, "i4": 1.2463915031027226, "i5": -0.24755994804870074, "i6": -0.32851917551340887, "i7": 1.4516481292950791, "r0": 4.042436791226611, "r1": 0.7982275889524801, "r2": -6.582216252144178, "r3": 1.211049745114833, "r4": 1.0988289033810354, "r5": -0.6857537041356117, "r6": 0.5365874907395949, "r7": 1.58807337962489}, "datetime": {"datetime": "2020-01-18 02:14:02", "elapsed": 19628.469453, "delta": 46.407111}}
{"target": 14.75, "params": {"d0": 0.2733308085520114, "d1": -6.142044050227123, "d2": 1.0472175089194242, "g0": 3.826399559941839, "g1": 0.51919771041955, "g2": -2.2909827911340486, "g3": 1.3589558634018823, "g4": 1.272101988811372, "g5": 0.5615559169742956, "g6": 0.4873157699749674, "g7": 1.3368618791922167, "i0": 4.402359911374061, "i1": 0.13761214354785845, "i2": -5.917130185463845, "i3": 1.1812545510767687, "i4": 1.129905967272521, "i5": 0.7677249923250782, "i6": 0.6867796538709641, "i7": 0.9886137765867615, "r0": 2.581260696641743, "r1": 0.8654167079590113, "r2": -4.5656564697759405, "r3": 0.8547581040493037, "r4": 0.9737427239374925, "r5": 0.12363097458948569, "r6": 0.3475299102435021, "r7": 1.4266712222542859}, "datetime": {"datetime": "2020-01-18 02:14:55", "elapsed": 19681.927363, "delta": 53.45791}}
{"target": 17.65, "params": {"d0": 2.426457215229621, "d1": -0.6654295398000478, "d2": 0.7040387929024483, "g0": 4.11650935064634, "g1": 0.6504176457939032, "g2": -9.483706306560308, "g3": 1.246213970645555, "g4": 0.9444140284807268, "g5": -0.44190485777687666, "g6": -0.14622623044445165, "g7": 1.9948276994591416, "i0": 2.7422779325293414, "i1": 0.9984976045783188, "i2": -9.13791636715558, "i3": 1.1982839777018135, "i4": 0.9261453448696297, "i5": 0.36200555038498505, "i6": 0.41283250782072134, "i7": 1.3578219646879572, "r0": 0.1519802552586358, "r1": 7.893571179662384e-05, "r2": -6.79426402836039, "r3": 1.4565987333150894, "r4": 0.8526400568005505, "r5": -0.05628953800658576, "r6": 0.5793320835373477, "r7": 1.9205334425023644}, "datetime": {"datetime": "2020-01-18 02:15:42", "elapsed": 19729.103191, "delta": 47.175828}}
{"target": 19.7, "params": {"d0": 2.981778548464133, "d1": -2.6610808387746694, "d2": 1.0398808932654517, "g0": 1.1534976876895469, "g1": 0.010517373060672908, "g2": -7.787717299300593, "g3": 1.2840293886530136, "g4": 1.1825572728026692, "g5": 0.3594560543695662, "g6": 0.21769524572249144, "g7": 1.7203227200410034, "i0": 2.905160862219028, "i1": 0.019420186020102093, "i2": -2.0861087305039767, "i3": 0.7741772255597558, "i4": 1.2756536941618202, "i5": 0.6346199616759882, "i6": 0.023174249624992038, "i7": 1.3673553544108705, "r0": 4.057205662070653, "r1": 0.5593131518069078, "r2": -2.0291978737610714, "r3": 0.8845340015811789, "r4": 0.8422568503790565, "r5": 0.7787187240248314, "r6": 0.3804454798067658, "r7": 1.8682688014271474}, "datetime": {"datetime": "2020-01-18 02:16:28", "elapsed": 19774.999322, "delta": 45.896131}}
{"target": 11.85, "params": {"d0": 0.13450869914316044, "d1": -6.214503273841833, "d2": 0.9279807606137717, "g0": 3.314955233417853, "g1": 0.1390914557711337, "g2": -4.556907850882936, "g3": 0.7088802291676022, "g4": 1.041176933097206, "g5": 0.1923080777603513, "g6": -0.44147769741188064, "g7": 1.310678681370455, "i0": 3.6964613179922248, "i1": 0.13906692681735155, "i2": -1.7979169145409575, "i3": 1.2150794389197646, "i4": 0.8485303143027039, "i5": 0.5504372866513758, "i6": 0.822979701170286, "i7": 0.9579913297241744, "r0": 0.14858960043214464, "r1": 0.5313704831080863, "r2": -4.482127101749377, "r3": 1.133586066271993, "r4": 1.2833983089549055, "r5": -0.5734469253723488, "r6": 0.5949489421302709, "r7": 1.2877108505675927}, "datetime": {"datetime": "2020-01-18 02:17:34", "elapsed": 19840.907018, "delta": 65.907696}}
{"target": 8.75, "params": {"d0": 0.15562576355643676, "d1": -8.477242084478801, "d2": 1.2772125043227864, "g0": 4.626545823785734, "g1": 0.5222493819275003, "g2": -8.47014827985284, "g3": 0.7148749847164302, "g4": 1.0209100652609857, "g5": 0.3845693802281913, "g6": 0.28837489268108607, "g7": 1.0335218493780245, "i0": 3.837361509470529, "i1": 0.40871507467139956, "i2": -2.208470784308929, "i3": 1.3858813817894147, "i4": 1.2962640971875548, "i5": 0.09703973915808162, "i6": 0.04554536977653556, "i7": 1.9129459861613811, "r0": 1.6812897359490764, "r1": 0.8070712054102304, "r2": -3.2827263753470373, "r3": 1.2212913169688027, "r4": 0.8822729158277025, "r5": -0.3451924168232511, "r6": 0.5930505119126512, "r7": 1.107279823249245}, "datetime": {"datetime": "2020-01-18 02:18:47", "elapsed": 19913.700684, "delta": 72.793666}}
