{"target": 20.3, "params": {"d0": 3.0809828144247473, "d1": -8.238736926060376, "d2": 1.097909673884487, "g0": 0.38863748916230356, "g1": 0.3370943267934224, "g2": -8.757939151811403, "g3": 1.3570682809923729, "g4": 1.0174432608568464, "g5": -0.415443944104495, "g6": 0.651910743545668, "g7": 1.525443969305394, "i0": 2.817957646614221, "i1": 0.6392126144505909, "i2": -7.584775514503507, "i3": 1.00784601465528, "i4": 0.9107099091695875, "i5": -0.3200486738589631, "i6": 0.5737617908689941, "i7": 1.5112671655574166, "r0": 2.1910651010086615, "r1": 0.6822182888525544, "r2": -1.7031925477385967, "r3": 1.1650839895529705, "r4": 1.0885858344751638, "r5": -0.13827416529047995, "r6": 0.5277429299043502, "r7": 1.5130573078601368}, "datetime": {"datetime": "2020-01-19 05:08:43", "elapsed": 47762.691035, "delta": 46.424783}}
{"target": 20.1, "params": {"d0": 3.694105264872067, "d1": -1.5871374413447032, "d2": 1.0217044383494152, "g0": 0.5436530568871887, "g1": 0.5323136934004574, "g2": -4.685009656246699, "g3": 1.035713968061203, "g4": 1.1972325077252677, "g5": 0.010544400416711489, "g6": 0.10647880206895113, "g7": 1.5516538316688255, "i0": 3.8815927193224984, "i1": 0.5749931933225629, "i2": -6.618250120130668, "i3": 1.0074143872433141, "i4": 1.1327816609598604, "i5": -0.21417354948660425, "i6": 0.14353128265882437, "i7": 1.5308037994840205, "r0": 2.159122283844384, "r1": 0.44848350636865747, "r2": -8.803003179246595, "r3": 1.1080500988209572, "r4": 0.9299959099507538, "r5": 0.5981041089136013, "r6": 0.23294238388614227, "r7": 1.5869499276741073}, "datetime": {"datetime": "2020-01-19 05:09:27", "elapsed": 47806.7872, "delta": 44.096165}}
{"target": 20.35, "params": {"d0": 2.695962111849811, "d1": -2.3018313155375885, "d2": 0.9698895855563766, "g0": 0.6673993814121746, "g1": 0.4670433568536278, "g2": -5.8363750045581995, "g3": 1.103542271854534, "g4": 0.9307731145444424, "g5": -0.16835122709631617, "g6": 0.5744931393780464, "g7": 1.7502615032838393, "i0": 3.910113643634498, "i1": 0.3203746536880404, "i2": -1.632708064269459, "i3": 1.425639670247888, "i4": 0.912663961921353, "i5": 0.6460139922525535, "i6": 0.6570568035816181, "i7": 1.2307708735634035, "r0": 3.497422492436348, "r1": 0.535223487956404, "r2": -7.124476545949287, "r3": 1.2623583480173655, "r4": 1.1897411671757738, "r5": 0.25469589313781205, "r6": -0.1972487680649635, "r7": 1.8351185474314011}, "datetime": {"datetime": "2020-01-19 05:10:21", "elapsed": 47860.592843, "delta": 53.805643}}
{"target": 19.05, "params": {"d0": 4.032673879740446, "d1": -0.7361067460527284, "d2": 1.15193138626087, "g0": 1.3619966153611514, "g1": 0.6796471015094634, "g2": -4.836425721469515, "g3": 1.4380360866285233, "g4": 1.1907744786736578, "g5": 0.15828283999715342, "g6": 0.8260243312717843, "g7": 1.9160539434236434, "i0": 4.264599545251098, "i1": 0.6967316777606026, "i2": -7.051007020682326, "i3": 0.8795724062807115, "i4": 0.8647146451536416, "i5": 0.18664970019381166, "i6": 0.9132397586957628, "i7": 1.5590474184525216, "r0": 3.384449353090177, "r1": 0.42725677165341924, "r2": -9.328975757595238, "r3": 1.4158601649144535, "r4": 0.9630640564578665, "r5": 0.2888110996815447, "r6": -0.4418594862366826, "r7": 1.195950206595791}, "datetime": {"datetime": "2020-01-19 05:11:10", "elapsed": 47909.44442, "delta": 48.851577}}
{"target": 20.7, "params": {"d0": 3.718343001784598, "d1": -1.4489602525520922, "d2": 0.971574140323291, "g0": 0.6231641844694561, "g1": 0.2897631952639772, "g2": -5.494674033578578, "g3": 1.3108012413628083, "g4": 1.1017177600678967, "g5": 0.0971364811876905, "g6": 0.23450864762579254, "g7": 1.512508100420309, "i0": 3.733881508947621, "i1": 0.6329196510283178, "i2": -6.590717425466216, "i3": 0.9744972557763047, "i4": 0.9154110190989291, "i5": -0.5010631659508917, "i6": 0.004419779797923603, "i7": 1.6311800157565985, "r0": 1.5781547482263718, "r1": 0.10412600452012669, "r2": -8.736455397962438, "r3": 1.30069054326392, "r4": 1.0602873604404508, "r5": 0.304811294944207, "r6": 0.1310514347763432, "r7": 1.5561475611442803}, "datetime": {"datetime": "2020-01-19 05:12:00", "elapsed": 47959.571177, "delta": 50.126757}}
{"target": 20.3, "params": {"d0": 3.748630635019406, "d1": -1.4609452610816989, "d2": 0.7320260873437987, "g0": 0.6533340115089274, "g1": 0.45597078889416787, "g2": -3.4418331644723414, "g3": 1.1799463014398612, "g4": 1.0676733529690803, "g5": 0.023159892204210674, "g6": 0.39984348496661576, "g7": 1.8343752379609326, "i0": 4.00986631060857, "i1": 0.2681206327771385, "i2": -4.738651620346347, "i3": 1.4786399083176731, "i4": 1.1815422209011321, "i5": -0.0019347789555455924, "i6": 0.4880538687972157, "i7": 1.3300641860521696, "r0": 4.679732720297093, "r1": 0.998461384116811, "r2": -5.029685033655179, "r3": 1.487687376208212, "r4": 1.2646300025116486, "r5": -0.5538064037035381, "r6": -0.403407320332538, "r7": 1.1045593727868095}, "datetime": {"datetime": "2020-01-19 05:12:49", "elapsed": 48007.992481, "delta": 48.421304}}
{"target": 18.25, "params": {"d0": 2.9502001601508487, "d1": -9.713232792807915, "d2": 0.9823423658282691, "g0": 0.9811405658730021, "g1": 0.7346694182377284, "g2": -6.125831789720078, "g3": 0.9947522237436877, "g4": 1.14428005448791, "g5": -0.4721398852388612, "g6": -0.1171882743495421, "g7": 1.291328407097429, "i0": 4.198829455039697, "i1": 0.3479136279833871, "i2": -5.673818041047351, "i3": 1.1719515785649974, "i4": 0.8384245594093727, "i5": -0.3875187168270122, "i6": -0.041608236626954176, "i7": 1.3054183727158122, "r0": 1.3396365881429562, "r1": 0.3940822613597469, "r2": -1.8348226527997262, "r3": 1.472644439074341, "r4": 0.9753095075552055, "r5": -0.7183820479181513, "r6": -0.3024464173666746, "r7": 1.3425114237234554}, "datetime": {"datetime": "2020-01-19 05:13:39", "elapsed": 48058.908859, "delta": 50.916378}}
{"target": 20.8, "params": {"d0": 3.9741995323353927, "d1": -1.2545390875473543, "d2": 1.0188393827884084, "g0": 0.7373486576246819, "g1": 0.2739235552970729, "g2": -5.19450146061906, "g3": 1.1586739816891252, "g4": 1.2351288936650127, "g5": 0.039145402292745, "g6": 0.28797815681218614, "g7": 1.67972648399034, "i0": 3.7922246396241213, "i1": 0.48435921456528885, "i2": -6.614445624999055, "i3": 1.0897877695926803, "i4": 1.1065937010179847, "i5": -0.4196450565566048, "i6": 0.15212349352513943, "i7": 1.7858995651787752, "r0": 1.8724645117360874, "r1": 0.1199222463264469, "r2": -8.89634197955224, "r3": 1.1254689626408942, "r4": 0.9774003101812568, "r5": 0.4467310514924345, "r6": 0.18347585968276436, "r7": 1.5440464186767702}, "datetime": {"datetime": "2020-01-19 05:14:34", "elapsed": 48113.612061, "delta": 54.703202}}
{"target": 20.75, "params": {"d0": 3.202497083768854, "d1": -2.2976230123806562, "d2": 0.943330008921115, "g0": 0.7136831236662328, "g1": 0.4551267442709469, "g2": -4.150180886247217, "g3": 1.4091903773577834, "g4": 0.9977146280992552, "g5": -0.17564654035423843, "g6": 0.665187553134742, "g7": 1.4290526731125412, "i0": 3.6635695461828615, "i1": 0.8006215779233349, "i2": -6.532862223270009, "i3": 1.059022806992911, "i4": 0.8837377186001598, "i5": 0.5590307897271172, "i6": 0.16853815095069058, "i7": 1.1287243521769077, "r0": 4.341728814631054, "r1": 0.286458922386446, "r2": -8.106701834871133, "r3": 1.0447913740090111, "r4": 0.837638644165764, "r5": 0.799533060060188, "r6": -0.23361010166609514, "r7": 1.5096378885428519}, "datetime": {"datetime": "2020-01-19 05:15:18", "elapsed": 48157.140752, "delta": 43.528691}}
{"target": 20.3, "params": {"d0": 4.66231477248908, "d1": -2.070579314777154, "d2": 0.8877374808938349, "g0": 0.8858341467238168, "g1": 0.40697409265148066, "g2": -4.224824582605015, "g3": 1.444411476423075, "g4": 1.144753053749865, "g5": 0.23812895447109517, "g6": 0.5368596857201859, "g7": 1.0766742595879772, "i0": 3.651518507877309, "i1": 0.6032641025698516, "i2": -5.6545383310764565, "i3": 1.350242498487714, "i4": 1.2375162620146969, "i5": -0.1894623149057082, "i6": -0.38940267077322077, "i7": 1.7367738788235516, "r0": 1.9231426880625269, "r1": 0.5976802437755668, "r2": -8.765220588173753, "r3": 0.7183538652070043, "r4": 1.2868401715996511, "r5": -0.18233750417592365, "r6": 0.19123152065303883, "r7": 1.7212378473584544}, "datetime": {"datetime": "2020-01-19 05:16:02", "elapsed": 48201.442801, "delta": 44.302049}}
{"target": 17.9, "params": {"d0": 3.7270513383502566, "d1": -1.8961871052821202, "d2": 1.1316331560246042, "g0": 1.0364921170920045, "g1": 0.7259242854204178, "g2": -4.287647805194666, "g3": 1.1931188573550084, "g4": 0.9787309434959266, "g5": 0.2647411594026916, "g6": -0.07992719716418506, "g7": 1.0981296255552488, "i0": 4.067235725405524, "i1": 0.8222155797242184, "i2": -6.715880373375612, "i3": 0.7864638746808308, "i4": 0.8578901581941845, "i5": -0.4700647822108923, "i6": -0.3332886638263514, "i7": 1.6732087852756738, "r0": 1.0783285376511635, "r1": 0.597308080018947, "r2": -8.613300813002958, "r3": 1.229322946523983, "r4": 0.8903279001667168, "r5": 0.5760468512594474, "r6": -0.26060352820063154, "r7": 1.642096480741912}, "datetime": {"datetime": "2020-01-19 05:16:51", "elapsed": 48250.615131, "delta": 49.17233}}
{"target": 20.6, "params": {"d0": 4.6848555722333, "d1": -2.573071728307271, "d2": 1.12412386469377, "g0": 0.8708592269743309, "g1": 0.2892606362919665, "g2": -8.357099439770508, "g3": 1.4434130284427031, "g4": 1.114443795527042, "g5": -0.08321997675320064, "g6": 0.45906421205812403, "g7": 1.3504844930994617, "i0": 4.567046397293229, "i1": 0.653483681856952, "i2": -4.872573081968961, "i3": 1.1665834671787187, "i4": 1.1199644091999736, "i5": -0.2838611742476589, "i6": -0.012000947996419478, "i7": 1.1785003271302765, "r0": 4.010330534464028, "r1": 0.7830370150683669, "r2": -4.697726981317989, "r3": 1.1992511052246833, "r4": 1.0454903366184038, "r5": 0.1927309639085168, "r6": 0.41673224499616546, "r7": 1.6171811121393218}, "datetime": {"datetime": "2020-01-19 05:17:40", "elapsed": 48299.441099, "delta": 48.825968}}
{"target": 20.0, "params": {"d0": 3.2978431347829638, "d1": -1.6077980733705628, "d2": 1.0136689494234135, "g0": 0.34771107305543125, "g1": 0.5186257244661033, "g2": -5.366015254332673, "g3": 1.2194330188305564, "g4": 1.0165925247052041, "g5": 0.05666820614117368, "g6": 0.2569863419774654, "g7": 1.6496264466057968, "i0": 3.264350489526841, "i1": 0.4411233928142132, "i2": -6.663930666723705, "i3": 1.0510875423363395, "i4": 0.9777968317474817, "i5": -0.051545267268054425, "i6": 0.05040844858232027, "i7": 1.4895948358097717, "r0": 3.579448343652338, "r1": 0.4632903702619859, "r2": -8.63452307744476, "r3": 1.1430099752391707, "r4": 1.174280859701009, "r5": 0.43806026606910514, "r6": 0.043322657170771106, "r7": 1.5256231022211204}, "datetime": {"datetime": "2020-01-19 05:18:27", "elapsed": 48346.279848, "delta": 46.838749}}
{"target": 20.5, "params": {"d0": 3.205927879598303, "d1": -8.952546396019192, "d2": 0.9522500069897889, "g0": 0.7253130295060524, "g1": 0.5101916937908914, "g2": -5.2189044426028435, "g3": 1.4237987114833648, "g4": 1.0580622876705899, "g5": -0.5020517393972557, "g6": 0.18680714368746487, "g7": 1.6494480892586463, "i0": 4.345029263924253, "i1": 0.626558272376421, "i2": -5.712007069396295, "i3": 1.0075027228652342, "i4": 1.08211027886728, "i5": 0.15416303395656578, "i6": -0.25180700430111896, "i7": 1.786139975311771, "r0": 1.7721504442058589, "r1": 0.6422197713855111, "r2": -1.770808796666801, "r3": 1.2758262472774518, "r4": 0.987255545784176, "r5": -0.444987143910375, "r6": 0.1699859369352435, "r7": 1.4527231455538434}, "datetime": {"datetime": "2020-01-19 05:19:20", "elapsed": 48399.919528, "delta": 53.63968}}
{"target": 20.65, "params": {"d0": 3.176937936290478, "d1": -1.6146280228984082, "d2": 1.036967433569534, "g0": 0.4559692286739113, "g1": 0.6841889689191805, "g2": -5.041705444447042, "g3": 1.1473400906481466, "g4": 1.16068386809336, "g5": 0.06456731839063505, "g6": 0.1506776037162489, "g7": 1.7392889555021416, "i0": 3.2445711389775482, "i1": 0.5382309634999196, "i2": -6.44801919147844, "i3": 1.050895265924182, "i4": 1.1019431904895403, "i5": -0.16755892953471563, "i6": 0.08930158550735692, "i7": 1.495012483945387, "r0": 3.860853664951787, "r1": 0.6584098880496848, "r2": -8.408811216549253, "r3": 1.0282153865164212, "r4": 1.0819226752943234, "r5": 0.4077380842275755, "r6": -0.039725679780754496, "r7": 1.6141100885532547}, "datetime": {"datetime": "2020-01-19 05:20:10", "elapsed": 48449.224776, "delta": 49.305248}}
{"target": 20.85, "params": {"d0": 3.156303594338303, "d1": -1.6132072395921557, "d2": 1.0043636451101687, "g0": 0.5480665023243535, "g1": 0.493925954502977, "g2": -4.9476199185738015, "g3": 1.2583859011743215, "g4": 1.041388368624088, "g5": 0.11272225148434763, "g6": 0.17402309909913313, "g7": 1.6323631927632705, "i0": 3.309884141891985, "i1": 0.4938842401996708, "i2": -6.426051755136243, "i3": 1.0927791956279016, "i4": 0.9778250365451956, "i5": -0.1894601511022164, "i6": 0.03860036307281413, "i7": 1.4803384594295925, "r0": 3.9345775226790156, "r1": 0.5059291894587163, "r2": -8.398831663715264, "r3": 1.0733630971904562, "r4": 1.1147108074671508, "r5": 0.3178780232358558, "r6": -0.0659473214969471, "r7": 1.628051796699415}, "datetime": {"datetime": "2020-01-19 05:21:03", "elapsed": 48502.382693, "delta": 53.157917}}
{"target": 20.3, "params": {"d0": 3.24743493542782, "d1": -1.320461265619688, "d2": 0.8885389715773646, "g0": 0.4506808460982742, "g1": 0.11823043500474695, "g2": -4.7469476639618255, "g3": 0.822280366142778, "g4": 1.1187218810740132, "g5": 0.1015188104203032, "g6": 0.18460481076121638, "g7": 1.8721845774583001, "i0": 3.1582358475939936, "i1": 0.19717140700137548, "i2": -6.458221357908419, "i3": 0.8667673905696104, "i4": 0.9379183422877102, "i5": -0.05376744646943532, "i6": 0.07104598273222296, "i7": 1.1345549106647803, "r0": 3.133870740940974, "r1": 0.07618071832097417, "r2": -9.197232632848593, "r3": 0.9713587318877468, "r4": 0.8915833936512279, "r5": -0.13684179991049672, "r6": -0.07466350318168768, "r7": 1.6082365880072573}, "datetime": {"datetime": "2020-01-19 05:21:54", "elapsed": 48553.773276, "delta": 51.390583}}
{"target": 20.55, "params": {"d0": 3.178205605652193, "d1": -8.984520760134812, "d2": 0.8081341118951854, "g0": 0.6950794843980482, "g1": 0.5639344508055137, "g2": -5.169142028256101, "g3": 1.4418477930597742, "g4": 1.0444658870247794, "g5": -0.29572796033846055, "g6": 0.07102319428399884, "g7": 1.7368103427251587, "i0": 4.3042403898955515, "i1": 0.6770099282369179, "i2": -5.729013665957926, "i3": 1.0449394227989677, "i4": 1.0465125954934595, "i5": 0.03941163017685698, "i6": -0.15660454245684183, "i7": 1.7224867879559465, "r0": 1.7380057417352652, "r1": 0.7249443757154254, "r2": -1.7926878366935493, "r3": 1.286807145522737, "r4": 0.99674848687512, "r5": -0.42476294917026, "r6": 0.22331780110010893, "r7": 1.5041635939386944}, "datetime": {"datetime": "2020-01-19 05:22:43", "elapsed": 48602.340085, "delta": 48.566809}}
{"target": 20.8, "params": {"d0": 4.032506416219829, "d1": -1.4667604430331413, "d2": 0.9868760323338802, "g0": 0.6322635884228189, "g1": 0.3514117211512891, "g2": -4.9595076645903635, "g3": 1.1973806926439647, "g4": 1.1169784325602286, "g5": 0.10202806972489811, "g6": 0.24686749377425038, "g7": 1.6635548386224082, "i0": 3.7964670339938413, "i1": 0.5968075052138011, "i2": -6.476810217548718, "i3": 0.8861231006455592, "i4": 1.2467587405182254, "i5": -0.20920383900368053, "i6": 0.1814053151711806, "i7": 1.7381725523801412, "r0": 2.165215114563095, "r1": 0.4566798704655398, "r2": -8.747522660135948, "r3": 1.000993235308777, "r4": 1.0052476148503438, "r5": 0.502550268855649, "r6": 0.2832853565499121, "r7": 1.555075048863265}, "datetime": {"datetime": "2020-01-19 05:23:30", "elapsed": 48648.978622, "delta": 46.638537}}
{"target": 18.4, "params": {"d0": 2.162138394281314, "d1": -1.7935933787941385, "d2": 0.9294746578695401, "g0": 0.6627127826276005, "g1": 0.07314862556539033, "g2": -8.095294420360691, "g3": 1.3285771430532998, "g4": 1.2874132737286197, "g5": -0.08297715917804771, "g6": -0.05388444254797422, "g7": 1.98660634332002, "i0": 2.855377692638928, "i1": 0.3551910129939114, "i2": -9.177024931575449, "i3": 0.7841536255956666, "i4": 0.9740773550903625, "i5": -0.40810805464104266, "i6": 0.27343101387111274, "i7": 1.4993702714640982, "r0": 4.398307963164254, "r1": 0.3969883421814527, "r2": -8.735612460469625, "r3": 1.3317418602567488, "r4": 1.1724039360971905, "r5": -0.6494963343908255, "r6": 0.3653744723790091, "r7": 0.9001073010979719}, "datetime": {"datetime": "2020-01-19 05:24:15", "elapsed": 48694.584108, "delta": 45.605486}}
{"target": 16.85, "params": {"d0": 3.5640113042115846, "d1": -1.820682148626405, "d2": 1.0609071270630206, "g0": 0.7990513476502192, "g1": 0.5743357300917923, "g2": -4.53696605613768, "g3": 0.8529651049205695, "g4": 1.2557696994559322, "g5": 0.6213083842334506, "g6": 0.779884181195629, "g7": 1.1188225694727252, "i0": 3.284366526933556, "i1": 0.8077155097038644, "i2": -6.401237329758462, "i3": 1.0943995337482686, "i4": 1.2384162088967263, "i5": 0.21693155343473092, "i6": 0.6822603199685255, "i7": 1.7640453222695958, "r0": 2.0124897805814013, "r1": 0.1145256462945019, "r2": -8.827375368558165, "r3": 1.0133765323218435, "r4": 1.212921988205097, "r5": 0.244056661478268, "r6": 0.8666531380623499, "r7": 1.022924957138025}, "datetime": {"datetime": "2020-01-19 05:25:10", "elapsed": 48749.235847, "delta": 54.651739}}
{"target": 20.35, "params": {"d0": 3.26893491879549, "d1": -9.177918492301847, "d2": 0.9379585648944168, "g0": 0.8598274567966581, "g1": 0.49383082488036084, "g2": -5.5861270971701655, "g3": 1.4442740489595651, "g4": 1.0592590580470116, "g5": -0.2793067728673688, "g6": 0.14269289677762387, "g7": 1.5380668807721865, "i0": 4.436444325750861, "i1": 0.8568884405687596, "i2": -6.013889282244539, "i3": 1.031744653431003, "i4": 1.2094315918049454, "i5": 0.1736247237134141, "i6": -0.08337121795813723, "i7": 1.6604220552284574, "r0": 1.7212337277319223, "r1": 0.8701937602888371, "r2": -1.5829467111818465, "r3": 1.3944662966033095, "r4": 0.8700214150380673, "r5": -0.45847370204448706, "r6": 0.15163481289128591, "r7": 1.5344637711792188}, "datetime": {"datetime": "2020-01-19 05:25:58", "elapsed": 48797.239767, "delta": 48.00392}}
{"target": 20.75, "params": {"d0": 3.3393998378534704, "d1": -1.9558432210845331, "d2": 0.949746003158645, "g0": 0.7079436161093694, "g1": 0.7203357422485279, "g2": -5.873849122562876, "g3": 0.9326861326770245, "g4": 1.0384142478235538, "g5": -0.13028627648066554, "g6": 0.2059280528369784, "g7": 1.435756034233048, "i0": 2.8355720796154684, "i1": 0.3877466528300537, "i2": -6.792064152558793, "i3": 1.1719876895459096, "i4": 0.970632908625985, "i5": 0.04365707355657971, "i6": 0.5349461063881968, "i7": 1.077721171523283, "r0": 3.046136761423358, "r1": 0.34599457883167545, "r2": -8.775389310421017, "r3": 1.1842796243675557, "r4": 1.2370809803272136, "r5": 0.6540784790132194, "r6": 0.3663682134966851, "r7": 1.4182881276227521}, "datetime": {"datetime": "2020-01-19 05:26:47", "elapsed": 48846.29019, "delta": 49.050423}}
{"target": 20.7, "params": {"d0": 3.325768380688467, "d1": -1.6547201902582653, "d2": 1.0322763442089247, "g0": 0.3395722107312026, "g1": 0.5643751090820932, "g2": -4.620930690679723, "g3": 1.181873821192308, "g4": 1.0491863822260055, "g5": -0.0657255835397308, "g6": 0.18668117198502213, "g7": 1.6280500231469155, "i0": 3.414230937981835, "i1": 0.5380275206702138, "i2": -6.451128421102473, "i3": 1.0352356887574492, "i4": 0.9502790532238762, "i5": -0.08131261006499693, "i6": 0.08054987539920425, "i7": 1.4229122738470097, "r0": 3.761740041522495, "r1": 0.5491397343963107, "r2": -8.222634108070272, "r3": 1.0226634496440359, "r4": 1.1200309317721235, "r5": 0.4102923829201665, "r6": 0.040644966236471014, "r7": 1.5695228063224622}, "datetime": {"datetime": "2020-01-19 05:27:35", "elapsed": 48894.337781, "delta": 48.047591}}
{"target": 20.6, "params": {"d0": 3.9656936011065143, "d1": -1.338718957938268, "d2": 1.0410714225011877, "g0": 0.5911608366835557, "g1": 0.3206203845978946, "g2": -4.948117442057513, "g3": 1.2415401819691985, "g4": 1.124126082493935, "g5": 0.016127564213016355, "g6": 0.26505214865906424, "g7": 1.7638649491280558, "i0": 3.6582493402132408, "i1": 0.643628995427441, "i2": -6.5365396062677705, "i3": 1.1140638955250906, "i4": 1.1522681469463871, "i5": -0.3558623655867137, "i6": 0.1272356915354661, "i7": 1.7193585098200033, "r0": 2.1206134456051617, "r1": 0.3449973134570351, "r2": -8.884824966537051, "r3": 1.0689318098842304, "r4": 1.0408568207476483, "r5": 0.394077431400436, "r6": 0.09833314189632451, "r7": 1.453474989645621}, "datetime": {"datetime": "2020-01-19 05:28:22", "elapsed": 48941.277265, "delta": 46.939484}}
{"target": 20.45, "params": {"d0": 3.422426484343242, "d1": -9.499589549886787, "d2": 0.8239564866225062, "g0": 0.43994345342031194, "g1": 0.2169027077582139, "g2": -4.6003995964109015, "g3": 1.079127153489518, "g4": 1.2676372632392368, "g5": -0.5177717981339136, "g6": 0.01797482605533583, "g7": 1.826149773311093, "i0": 3.0790039009193846, "i1": 0.4654100406056144, "i2": -6.499470376171013, "i3": 1.172628394482991, "i4": 1.0331677293782904, "i5": 0.04860523915286221, "i6": -0.3303333876485286, "i7": 1.6200288426070764, "r0": 2.9035982107951224, "r1": 0.2991415463508729, "r2": -3.6489281816699775, "r3": 0.893314982308874, "r4": 1.0982308282468713, "r5": 0.19877330499492235, "r6": 0.6818334693364723, "r7": 1.8463804465539375}, "datetime": {"datetime": "2020-01-19 05:29:14", "elapsed": 48993.455413, "delta": 52.178148}}
