{"target": 15.7, "params": {"d0": 4.820134060051301, "d1": -4.3935174996449025, "d2": 1.220099070345921, "g0": 4.936239914202677, "g1": 0.9781748592662544, "g2": -6.403464934441063, "g3": 0.7413593856000669, "g4": 1.2963980675855475, "g5": 0.2155826509335781, "g6": 0.5951205240552764, "g7": 1.1186788054224468, "i0": 4.883793872940766, "i1": 0.46629658929961404, "i2": -2.7118144956998744, "i3": 1.4629938985498043, "i4": 0.9418412585581619, "i5": 0.11823639419118115, "i6": 0.6350364596782478, "i7": 0.9891540787660705, "r0": 0.5350952139164011, "r1": 0.7000446069662352, "r2": -7.702417828849832, "r3": 0.7865818102176593, "r4": 1.2581159537462987, "r5": 0.45327143445632934, "r6": 0.5911289709000285, "r7": 1.3535725116412438}, "datetime": {"datetime": "2020-01-18 03:17:45", "elapsed": 23451.654857, "delta": 37.632066}}
{"target": 15.45, "params": {"d0": 2.2703423363647675, "d1": -8.808121655760331, "d2": 1.1144213260095093, "g0": 2.0139447121975524, "g1": 0.7731672299007539, "g2": -6.706469856250678, "g3": 0.740659862740194, "g4": 1.1015177999648849, "g5": -0.12365744299122883, "g6": 0.5592590239060602, "g7": 1.0741947834528596, "i0": 0.8822214320905841, "i1": 0.6879263689243397, "i2": -6.384371397810872, "i3": 1.258546968428891, "i4": 1.200488835358866, "i5": -0.737553959803311, "i6": 0.3772665177727057, "i7": 1.460482801912889, "r0": 0.7498202898999656, "r1": 0.9307278285371426, "r2": -1.376571292866947, "r3": 0.9533411864189846, "r4": 0.8350663592952763, "r5": 0.5519094215095459, "r6": -0.22871688391673145, "r7": 1.6850826263303644}, "datetime": {"datetime": "2020-01-18 03:18:22", "elapsed": 23488.664053, "delta": 37.009196}}
{"target": 13.7, "params": {"d0": 4.6131501987711765, "d1": -1.4719632489963494, "d2": 1.1166076784231689, "g0": 3.440539416616578, "g1": 0.39892285218107626, "g2": -3.36738514339796, "g3": 1.3109473009983743, "g4": 1.1430599406184063, "g5": -0.7065835940695214, "g6": 0.8830360955940821, "g7": 1.912029090682564, "i0": 4.821413697247957, "i1": 0.3883072389310135, "i2": -4.16575270769264, "i3": 0.7120794658113302, "i4": 0.8041312138752509, "i5": 0.38891423389749424, "i6": -0.005520697948082964, "i7": 1.4789969042738313, "r0": 3.9889954637881786, "r1": 0.9044317172600084, "r2": -4.513701942689502, "r3": 1.1578199485076612, "r4": 1.0378841670592174, "r5": 0.3130699918568358, "r6": -0.20342606249517536, "r7": 1.8720766463902614}, "datetime": {"datetime": "2020-01-18 03:18:50", "elapsed": 23516.291353, "delta": 27.6273}}
{"target": 19.5, "params": {"d0": 0.36012917092064944, "d1": -8.15041871222498, "d2": 1.2180457012250843, "g0": 0.5630318960428543, "g1": 0.1330528088099503, "g2": -4.451183262300296, "g3": 1.292147921783989, "g4": 1.2326385486539535, "g5": -0.07361504852196388, "g6": 0.9372841054482701, "g7": 1.463656381998529, "i0": 4.806738093003676, "i1": 0.4313506340495068, "i2": -3.323554970566841, "i3": 1.0022467880853254, "i4": 1.2743170771576122, "i5": -0.05201636222964834, "i6": 0.1575411497138809, "i7": 1.3625431519589823, "r0": 2.918219545482226, "r1": 0.0048917684818781115, "r2": -9.233244807976005, "r3": 0.8197521887375645, "r4": 1.2633792658834178, "r5": 0.19415826068474318, "r6": 0.5909851902634935, "r7": 1.8844761525310108}, "datetime": {"datetime": "2020-01-18 03:19:22", "elapsed": 23548.947004, "delta": 32.655651}}
{"target": 19.85, "params": {"d0": 2.694673823059699, "d1": -2.197062210732965, "d2": 0.903852468156129, "g0": 0.6710635541026599, "g1": 0.47577887947164577, "g2": -6.067277627338331, "g3": 1.1619362423948216, "g4": 0.925484601575024, "g5": -0.34466574177482756, "g6": 0.5693836791475331, "g7": 1.8931057803154725, "i0": 3.9727349464255433, "i1": 0.21938373439733339, "i2": -1.9411774644429673, "i3": 1.4105440114543328, "i4": 0.9148988549450143, "i5": 0.7735692403745178, "i6": 0.6295212516127289, "i7": 1.282051006334055, "r0": 3.461326374508112, "r1": 0.48266024881059555, "r2": -7.105659477633087, "r3": 1.2420068127153492, "r4": 1.2071639459414731, "r5": 0.302192046428593, "r6": -0.15583033157282034, "r7": 1.7995903758343959}, "datetime": {"datetime": "2020-01-18 03:19:54", "elapsed": 23580.637133, "delta": 31.690129}}
{"target": 14.3, "params": {"d0": 4.014070161162196, "d1": -1.8960587184604432, "d2": 1.0077678787468294, "g0": 1.9337862627773754, "g1": 0.5924984788918073, "g2": -9.256429843786746, "g3": 1.0810146112771166, "g4": 0.9769394832658365, "g5": -0.17997953777780662, "g6": -0.10090445267431325, "g7": 1.800011658777753, "i0": 4.416552672961477, "i1": 0.4608411500941556, "i2": -6.374663476250976, "i3": 0.9426422267047279, "i4": 1.027751236572342, "i5": 0.16548457107777614, "i6": -0.2959709122534006, "i7": 1.3348697453377258, "r0": 2.188125584540281, "r1": 0.912579270201956, "r2": -0.7262832932761345, "r3": 1.41002700686864, "r4": 1.047177914350717, "r5": 0.20542461208201557, "r6": 0.2195247387259015, "r7": 1.7627603544864194}, "datetime": {"datetime": "2020-01-18 03:20:31", "elapsed": 23618.054433, "delta": 37.4173}}
{"target": 16.95, "params": {"d0": 0.04393782872153862, "d1": -2.3634904299007253, "d2": 1.0217042548412443, "g0": 0.9229658803478091, "g1": 0.5912094516281197, "g2": -2.4672959679023414, "g3": 0.7633717282509117, "g4": 1.201926254053402, "g5": -0.5802820867175336, "g6": 0.13297521584922056, "g7": 1.340138093442133, "i0": 3.8431185775641232, "i1": 0.2949340354634086, "i2": -4.56426254315034, "i3": 0.7761487879059258, "i4": 0.982211252339348, "i5": -0.06866157336822831, "i6": 0.6267751007261841, "i7": 1.7427999280300588, "r0": 0.6768753982443798, "r1": 0.06560749284957101, "r2": -6.63283795545691, "r3": 0.8399620255220941, "r4": 1.1258074923588168, "r5": 0.6338371301201275, "r6": -0.3324128739601224, "r7": 1.5491690279481023}, "datetime": {"datetime": "2020-01-18 03:21:07", "elapsed": 23654.234494, "delta": 36.180061}}
{"target": 16.6, "params": {"d0": 1.9341729462043278, "d1": -6.894597003822669, "d2": 0.8521330324996782, "g0": 0.8398018883268404, "g1": 0.41930475659982047, "g2": -1.8386904058304339, "g3": 0.8787889255649395, "g4": 0.9616660378406164, "g5": 0.5714780379911824, "g6": -0.08354414623775347, "g7": 1.1757254143770024, "i0": 2.0353465528987464, "i1": 0.5900129868883964, "i2": -4.994662730454954, "i3": 1.4707059207302144, "i4": 0.841357050267416, "i5": -0.2627296053442161, "i6": -0.2975305535581365, "i7": 1.7875738920235595, "r0": 1.1710826322037382, "r1": 0.31305567778232657, "r2": -8.66150539714531, "r3": 1.1499799882069293, "r4": 1.2678218980294176, "r5": 0.6604875300518369, "r6": -0.2508553301924925, "r7": 1.410248857719108}, "datetime": {"datetime": "2020-01-18 03:21:46", "elapsed": 23692.938964, "delta": 38.70447}}
{"target": 2.95, "params": {"d0": 2.0168944241608426, "d1": -3.8359689771854413, "d2": 1.3461846358930247, "g0": 4.5093222612213735, "g1": 0.2390996293271771, "g2": -0.9770383346994542, "g3": 1.2480915346126145, "g4": 0.9812908173125119, "g5": -0.05134058733190705, "g6": -0.2036623706963518, "g7": 1.845224975105114, "i0": 3.854834127795324, "i1": 0.2760639244923849, "i2": -8.043964043353697, "i3": 1.4071611971019582, "i4": 0.8263102685569669, "i5": -0.7989549717400994, "i6": 0.7078709537335828, "i7": 1.4157721649864312, "r0": 4.327145369977966, "r1": 0.4543610702380556, "r2": -9.544467251457103, "r3": 0.7963077969708838, "r4": 0.9557250139940496, "r5": 0.09148159974536474, "r6": -0.10534945502378235, "r7": 1.4092694283809537}, "datetime": {"datetime": "2020-01-18 03:22:22", "elapsed": 23729.247378, "delta": 36.308414}}
{"target": 11.5, "params": {"d0": 0.7042385006547702, "d1": -7.880735756852611, "d2": 1.1036543747355627, "g0": 3.0586709696544965, "g1": 0.35179431983934273, "g2": -0.658873750185009, "g3": 1.3424113960016186, "g4": 0.8288748108509748, "g5": -0.09599508247886845, "g6": 0.47793011176950306, "g7": 1.0050396389469085, "i0": 2.96828765725558, "i1": 0.2342350555283057, "i2": -9.319303959700747, "i3": 1.153527538362545, "i4": 1.0655773288414538, "i5": 0.6379652128799342, "i6": -0.009573917848507474, "i7": 1.7772631165305057, "r0": 1.8396036121169201, "r1": 0.7447160914681165, "r2": -2.62589396261302, "r3": 1.2542531658301388, "r4": 1.0088715416721044, "r5": 0.32087307017553446, "r6": 0.487933296244097, "r7": 1.400922464626717}, "datetime": {"datetime": "2020-01-18 03:23:05", "elapsed": 23771.328914, "delta": 42.081536}}
{"target": 16.7, "params": {"d0": 4.028389678164352, "d1": -7.917949190753775, "d2": 1.2671991440268877, "g0": 3.6643338271400347, "g1": 0.8992996820626779, "g2": -3.6265347188571475, "g3": 1.2338772763314798, "g4": 1.0521900022399457, "g5": 0.5111054274752651, "g6": -0.2824520348133728, "g7": 1.248640467689095, "i0": 2.272891883249157, "i1": 0.3964592957802502, "i2": -6.903019301556243, "i3": 0.7529897405722277, "i4": 1.1305831079307012, "i5": 0.5660616557067923, "i6": 0.7839941488614737, "i7": 1.156770351868863, "r0": 0.7454059997465007, "r1": 0.8277229119427872, "r2": -9.879525666003726, "r3": 1.4174060757727838, "r4": 0.8375862372144589, "r5": -0.3767207425388355, "r6": 0.015265852133400482, "r7": 1.0404062944767711}, "datetime": {"datetime": "2020-01-18 03:23:37", "elapsed": 23803.800758, "delta": 32.471844}}
{"target": 17.8, "params": {"d0": 2.2903158338126044, "d1": -1.648100633628415, "d2": 1.495076624374033, "g0": 1.3580852493877198, "g1": 0.27204542776232976, "g2": -6.830969437126424, "g3": 0.8529568748957573, "g4": 1.2207549424500268, "g5": 0.36833805509766493, "g6": 0.00205254311454095, "g7": 1.9342580407470997, "i0": 1.856113340951433, "i1": 0.7378988355674871, "i2": -8.597333930746103, "i3": 1.079961544548883, "i4": 1.156059015281583, "i5": 0.01433648577742308, "i6": 0.32891592831081873, "i7": 1.541884404064131, "r0": 3.505754740195009, "r1": 0.6457590138642457, "r2": -6.166625053763708, "r3": 0.804219419878936, "r4": 0.8754155501179439, "r5": 0.22474541115466407, "r6": 0.8650512724490138, "r7": 1.2560620320434435}, "datetime": {"datetime": "2020-01-18 03:24:11", "elapsed": 23837.665164, "delta": 33.864406}}
{"target": 11.7, "params": {"d0": 0.1945546307863022, "d1": -9.724314929781492, "d2": 1.2292542490414267, "g0": 4.831352819667927, "g1": 0.9887776395771715, "g2": -0.8244867932901183, "g3": 1.2216101418967034, "g4": 1.1891715455847542, "g5": -0.17736518361262288, "g6": 0.9030027163786523, "g7": 1.7373203043265248, "i0": 4.909328704824349, "i1": 0.3991518639551379, "i2": -6.287532366203836, "i3": 1.4351210794241802, "i4": 0.9271136612672418, "i5": 0.6328204293157775, "i6": -0.46426614638261854, "i7": 1.0236093471991352, "r0": 2.7290113722989044, "r1": 0.43045971034311503, "r2": -3.7092647005927857, "r3": 0.9485231902896879, "r4": 1.1566112429173747, "r5": -0.1130881436599045, "r6": 0.31636734309269476, "r7": 1.452098653686889}, "datetime": {"datetime": "2020-01-18 03:24:54", "elapsed": 23880.995427, "delta": 43.330263}}
{"target": 3.95, "params": {"d0": 0.235539034330976, "d1": -3.6173842956031717, "d2": 1.275726273993563, "g0": 3.554335616220541, "g1": 0.4272158316362862, "g2": -0.8668613747105471, "g3": 1.064805295651229, "g4": 1.1298738080569997, "g5": -0.7205680561753267, "g6": -0.4219004097774882, "g7": 0.9585577462772722, "i0": 2.5351135142818464, "i1": 0.0826974533917435, "i2": -3.033620887286137, "i3": 0.9688663395269813, "i4": 0.8570599977690434, "i5": -0.5131880621831568, "i6": -0.3028045874265627, "i7": 1.9069429126058006, "r0": 3.812284676332954, "r1": 0.3923549143246545, "r2": -1.1987785111649405, "r3": 0.7164435065795756, "r4": 1.1624944364475525, "r5": -0.30235334480250486, "r6": 0.6570842757917279, "r7": 1.1409392108061354}, "datetime": {"datetime": "2020-01-18 03:25:42", "elapsed": 23928.319107, "delta": 47.32368}}
{"target": 14.55, "params": {"d0": 4.104514083093867, "d1": -8.724349123520009, "d2": 0.8704775357698379, "g0": 3.829604499379315, "g1": 0.556923478419431, "g2": -6.029200018936086, "g3": 1.1549099343659242, "g4": 0.9227932970400006, "g5": -0.11298857174711097, "g6": -0.45939525547324633, "g7": 1.570749056035837, "i0": 2.5069352564625436, "i1": 0.6113782404589253, "i2": -8.496022198778707, "i3": 1.4098753385551257, "i4": 0.9443539130361014, "i5": 0.6239740727034608, "i6": 0.001485829850692788, "i7": 1.6440914992011466, "r0": 0.8783737785078455, "r1": 0.16020151532967253, "r2": -3.2989109757634676, "r3": 0.8798917739561448, "r4": 1.1898274153687947, "r5": -0.516790096618255, "r6": 0.9610193686604178, "r7": 1.1865282544157014}, "datetime": {"datetime": "2020-01-18 03:26:17", "elapsed": 23964.031136, "delta": 35.712029}}
{"target": 16.6, "params": {"d0": 0.57406353091009, "d1": -9.150101079422303, "d2": 1.29974962618647, "g0": 2.76410105386361, "g1": 0.06357475804311052, "g2": -2.4207019508152348, "g3": 1.422284930163169, "g4": 1.0268261846837798, "g5": 0.6880373880879078, "g6": 0.2227534880344768, "g7": 1.9278001600084345, "i0": 2.599315628618349, "i1": 0.746905849170836, "i2": -6.549983802085314, "i3": 0.740342746140793, "i4": 1.0508733401473642, "i5": 0.6880416388804693, "i6": 0.5997915833048273, "i7": 1.4611270704225103, "r0": 0.32867470197165294, "r1": 0.4730636603616343, "r2": -4.242229093268959, "r3": 1.3967408546755293, "r4": 1.2993155200461568, "r5": -0.7147272250549421, "r6": -0.4400286162388853, "r7": 1.7299248560427785}, "datetime": {"datetime": "2020-01-18 03:26:57", "elapsed": 24003.386437, "delta": 39.355301}}
{"target": 18.65, "params": {"d0": 4.847226360308297, "d1": -7.904839758557147, "d2": 1.0168709324338876, "g0": 1.7401086402799104, "g1": 0.6851609982004415, "g2": -6.1182519874122265, "g3": 1.4807719203064806, "g4": 1.0392995490750947, "g5": 0.13660695414705815, "g6": 0.8853201588366792, "g7": 1.0128103912067936, "i0": 4.232359720390438, "i1": 0.2815626234525739, "i2": -0.6184427312524399, "i3": 1.4493579302943618, "i4": 0.9487307103378231, "i5": 0.6544826821668508, "i6": 0.32674201721959206, "i7": 1.454939542968018, "r0": 2.972535405049258, "r1": 0.7739953371463794, "r2": -4.156259740950609, "r3": 1.0238713880024435, "r4": 0.9788445136002915, "r5": 0.6076222222129002, "r6": 0.26450311199080256, "r7": 1.812001112733817}, "datetime": {"datetime": "2020-01-18 03:27:26", "elapsed": 24032.706507, "delta": 29.32007}}
{"target": 20.35, "params": {"d0": 3.08202911131592, "d1": -1.0228222875328434, "d2": 1.246770970326983, "g0": 0.6610890633293115, "g1": 0.5133731268959725, "g2": -7.781840120786439, "g3": 1.19846992309271, "g4": 1.0469435504851634, "g5": 0.06275192948491493, "g6": 0.08474296301701711, "g7": 1.570259996314279, "i0": 4.68469210563083, "i1": 0.5465570887864888, "i2": -6.680105099547697, "i3": 0.705156994621953, "i4": 0.8746238435538707, "i5": -0.7037217700000933, "i6": -0.4248599705551063, "i7": 1.8771946261646688, "r0": 1.9032101040503269, "r1": 0.08267147214128745, "r2": -9.692164525545872, "r3": 1.1403095347436643, "r4": 1.0885847371940902, "r5": 0.1896589899149529, "r6": 0.12273319684456285, "r7": 1.7160653999044098}, "datetime": {"datetime": "2020-01-18 03:28:05", "elapsed": 24071.43946, "delta": 38.732953}}
{"target": 8.85, "params": {"d0": 4.750475870511116, "d1": -5.368555143834859, "d2": 0.8316806141991059, "g0": 0.24748235226064674, "g1": 0.4101498723343173, "g2": -0.35422657591409035, "g3": 1.1876448267456805, "g4": 0.8758841232579817, "g5": -0.5374471863403056, "g6": 0.4886144723753235, "g7": 1.530264267724021, "i0": 4.058047441396107, "i1": 0.09023616841175552, "i2": -6.121177835223959, "i3": 1.3916359708640438, "i4": 1.114783181603268, "i5": -0.6903010910363465, "i6": 0.9657459093378431, "i7": 1.4572488450708416, "r0": 1.0255794188142464, "r1": 0.7071429022062972, "r2": -3.7507760582401914, "r3": 1.3048283665965925, "r4": 0.9499849827521283, "r5": 0.34358088081856963, "r6": 0.4992096620320574, "r7": 1.841703644563429}, "datetime": {"datetime": "2020-01-18 03:28:26", "elapsed": 24092.717713, "delta": 21.278253}}
{"target": 12.75, "params": {"d0": 0.7777060335746316, "d1": -8.19413012831999, "d2": 0.9130242461848527, "g0": 2.952024364539048, "g1": 0.05032832202720594, "g2": -1.710592041284153, "g3": 1.4034394596453756, "g4": 1.1570748208125758, "g5": -0.23085804669059196, "g6": -0.3435956546326531, "g7": 0.9138231958611912, "i0": 3.7652973143303923, "i1": 0.654875394807308, "i2": -0.49195109314090324, "i3": 1.4538769102372395, "i4": 0.8416196302904364, "i5": 0.7435283533807884, "i6": 0.2507180911853474, "i7": 0.9793395794720572, "r0": 4.8090285528300605, "r1": 0.3424468047442263, "r2": -8.55863175845393, "r3": 1.3331501719095709, "r4": 0.9045914308908495, "r5": -0.0796540028652245, "r6": 0.315610185726509, "r7": 1.2524701344914746}, "datetime": {"datetime": "2020-01-18 03:29:12", "elapsed": 24138.307169, "delta": 45.589456}}
{"target": 9.5, "params": {"d0": 2.0921081367321044, "d1": -2.1807823026740394, "d2": 1.060051367029975, "g0": 1.9912655693985204, "g1": 0.8002079321745434, "g2": -0.6913495248911374, "g3": 1.145059083360759, "g4": 0.9028609362311688, "g5": -0.43751592954155716, "g6": 0.5330601375344108, "g7": 1.3409706428905672, "i0": 4.096967931857369, "i1": 0.894981152598042, "i2": -6.2289069134413255, "i3": 0.9335134094474289, "i4": 1.27642685056278, "i5": 0.48204195745138834, "i6": -0.2636604470220027, "i7": 1.8848791085121148, "r0": 4.602761035914869, "r1": 0.19547093805786786, "r2": -1.968157384619884, "r3": 1.3213926023545561, "r4": 1.0813193686083453, "r5": 0.06034061027776316, "r6": 0.06579588612523457, "r7": 1.9164773321083817}, "datetime": {"datetime": "2020-01-18 03:29:43", "elapsed": 24170.028267, "delta": 31.721098}}
{"target": 10.4, "params": {"d0": 0.8654482951942394, "d1": -7.482556853420154, "d2": 0.8799572074329665, "g0": 4.260168701415194, "g1": 0.32109112104011484, "g2": -2.6844014710457405, "g3": 0.909492569614403, "g4": 0.8940975999999995, "g5": 0.7212376684010451, "g6": 0.9472092288948151, "g7": 0.9366270610015975, "i0": 3.078614533733268, "i1": 0.8092026031092496, "i2": -8.729461766088086, "i3": 0.7894506682491903, "i4": 0.8599679725760166, "i5": 0.06434723788137764, "i6": -0.4025123644593063, "i7": 0.9332643556617324, "r0": 2.050229348171297, "r1": 0.0381452668669815, "r2": -0.9348416887260669, "r3": 1.2085437152118619, "r4": 1.1166012179824731, "r5": -0.4558647899013828, "r6": 0.8930067367126395, "r7": 1.3385402628379532}, "datetime": {"datetime": "2020-01-18 03:30:29", "elapsed": 24215.657672, "delta": 45.629405}}
{"target": 6.15, "params": {"d0": 4.395587573886376, "d1": -0.5048940877082675, "d2": 0.762744700256055, "g0": 4.122624497386229, "g1": 0.001239280556286415, "g2": -6.576127400523798, "g3": 0.9081922215905806, "g4": 1.065607896978023, "g5": -0.6760770692035447, "g6": -0.4333211291433878, "g7": 1.8848632160345038, "i0": 3.8245670577010493, "i1": 0.7167771222592507, "i2": -2.299565436429125, "i3": 0.8096497106853655, "i4": 1.1114151696093808, "i5": 0.5507509679730309, "i6": -0.41715218140933114, "i7": 1.7784561994108223, "r0": 3.9971421808122622, "r1": 0.8879797376437661, "r2": -6.08157251283965, "r3": 1.3045753832138847, "r4": 1.171460073341942, "r5": -0.17323304887869173, "r6": 0.9279814351549331, "r7": 0.9442167746504425}, "datetime": {"datetime": "2020-01-18 03:31:05", "elapsed": 24251.899672, "delta": 36.242}}
{"target": 9.75, "params": {"d0": 0.9537920457269644, "d1": -6.3431328371353874, "d2": 1.335785021306942, "g0": 3.2251604540827583, "g1": 0.5073616559048784, "g2": -0.158145522222906, "g3": 0.8061743518959988, "g4": 1.007277602295373, "g5": 0.28720009534033264, "g6": 0.06885636293389408, "g7": 1.1275881986945056, "i0": 2.1933463595904756, "i1": 0.7861418138544717, "i2": -6.950307943365726, "i3": 1.0661573147940349, "i4": 1.0090557800990838, "i5": -0.4562738540207223, "i6": 0.5208497120040385, "i7": 1.3878416566197354, "r0": 2.9230944007837643, "r1": 0.11127838151720493, "r2": -1.2606374862117935, "r3": 1.3869505553264725, "r4": 0.960357265916048, "r5": -0.3282372886699918, "r6": -0.2690650127902779, "r7": 1.7404057627205733}, "datetime": {"datetime": "2020-01-18 03:31:47", "elapsed": 24293.2854, "delta": 41.385728}}
{"target": 7.7, "params": {"d0": 3.9030376632147004, "d1": -6.1624868693712305, "d2": 1.335095345699505, "g0": 2.607400268759336, "g1": 0.9380387038311976, "g2": -3.8022020629394904, "g3": 0.7959132702280656, "g4": 0.804081525894556, "g5": -0.1941042943003387, "g6": 0.7262279602377004, "g7": 1.1974990254595512, "i0": 0.8226245910300989, "i1": 0.6483140139201826, "i2": -7.648989579194127, "i3": 0.9411169200135707, "i4": 0.815337649887468, "i5": 0.3763634860773508, "i6": 0.03593511109059411, "i7": 1.5464516262266355, "r0": 4.0286046745054565, "r1": 0.7610615941421683, "r2": -9.487709068406378, "r3": 0.9447216734227112, "r4": 1.2065931018208944, "r5": -0.7003496181974326, "r6": 0.9420466830369376, "r7": 0.9467772346303277}, "datetime": {"datetime": "2020-01-18 03:32:21", "elapsed": 24327.334145, "delta": 34.048745}}
{"target": 11.95, "params": {"d0": 1.8239488519412212, "d1": -3.5993809585008476, "d2": 1.1782484952273822, "g0": 3.187111698901552, "g1": 0.16040595139844105, "g2": -4.929287919710358, "g3": 0.8233761279544906, "g4": 0.8161869192804492, "g5": 0.3969560224460409, "g6": 0.0882139437704772, "g7": 1.5156669374965968, "i0": 0.34706569136089604, "i1": 0.8395750027268363, "i2": -5.936650292407788, "i3": 0.8226968559402278, "i4": 0.8915017677120471, "i5": 0.25635982055648965, "i6": 0.4783298158318672, "i7": 0.9643706363730112, "r0": 2.13164591698837, "r1": 0.4497476780031914, "r2": -6.5765374198995, "r3": 1.264374263009827, "r4": 1.10909916826076, "r5": 0.7775908113089118, "r6": -0.44182156012196483, "r7": 1.8072400519379583}, "datetime": {"datetime": "2020-01-18 03:32:54", "elapsed": 24360.762994, "delta": 33.428849}}
