{"target": 20.3, "params": {"d0": 4.089990775692909, "d1": -1.4699310658146234, "d2": 0.8913776920934836, "g0": 0.6525231744543736, "g1": 0.3536088981012022, "g2": -4.787779281829337, "g3": 1.2120044390076872, "g4": 1.180954567181204, "g5": -0.057873963228743275, "g6": 0.1744052070854081, "g7": 1.5617001687013918, "i0": 3.9340656510877645, "i1": 0.654698165018032, "i2": -6.591426709537873, "i3": 1.024131365318755, "i4": 1.0662795855541074, "i5": -0.24959219750270192, "i6": 0.25973463408667496, "i7": 1.5790592759869853, "r0": 2.0012457301768616, "r1": 0.3727163042619477, "r2": -8.736745978700597, "r3": 1.167028148483245, "r4": 0.9909407954268479, "r5": 0.4387144148008604, "r6": 0.23808945281022853, "r7": 1.5387176090728008}, "datetime": {"datetime": "2020-01-19 01:13:02", "elapsed": 33621.338071, "delta": 50.197316}}
{"target": 20.85, "params": {"d0": 3.2904903803777024, "d1": -8.997513167023465, "d2": 0.8712506604350685, "g0": 0.870210649244717, "g1": 0.506556894384146, "g2": -5.558278491422593, "g3": 1.5, "g4": 1.0226606494707604, "g5": -0.34215018888327914, "g6": 0.10767826883281727, "g7": 1.6585011076578582, "i0": 4.431323764206977, "i1": 0.7902315075718684, "i2": -5.828388208950085, "i3": 0.977336930155438, "i4": 1.155723521210692, "i5": 0.19026181107716394, "i6": -0.189751024760344, "i7": 1.662134880354146, "r0": 1.7032498920990022, "r1": 0.6800023457635938, "r2": -1.5993608547290896, "r3": 1.3487310256264569, "r4": 0.9447809773795098, "r5": -0.4262820230710139, "r6": 0.14680005087345785, "r7": 1.52595120630079}, "datetime": {"datetime": "2020-01-19 01:13:48", "elapsed": 33667.227174, "delta": 45.889103}}
{"target": 20.45, "params": {"d0": 3.3708108486144313, "d1": -8.9383699164843, "d2": 0.8706694025097814, "g0": 0.6624775903897303, "g1": 0.506861991647754, "g2": -5.119392310656216, "g3": 1.4611296639124904, "g4": 1.0369414011735074, "g5": -0.39169161415779463, "g6": 0.15843430013745324, "g7": 1.6915690530854872, "i0": 4.30849707403583, "i1": 0.825891930933767, "i2": -5.80380060381459, "i3": 1.0259937506991343, "i4": 1.1373643554894146, "i5": 0.20209518168135557, "i6": -0.23022345213556614, "i7": 1.7608572925656343, "r0": 1.7999116301597888, "r1": 0.7499970569829394, "r2": -1.747979008635892, "r3": 1.3573045784494306, "r4": 0.9254160179654904, "r5": -0.3648986754349455, "r6": 0.23642670902947052, "r7": 1.5385424409160495}, "datetime": {"datetime": "2020-01-19 01:14:40", "elapsed": 33719.053078, "delta": 51.825904}}
{"target": 20.15, "params": {"d0": 3.6623922552671666, "d1": -1.6544330602444388, "d2": 1.0194781782975488, "g0": 0.5889150464263503, "g1": 0.3363696927503393, "g2": -6.207677546620019, "g3": 1.1381951101033072, "g4": 1.042239910780816, "g5": -0.02742588829354714, "g6": 0.13829811990853122, "g7": 1.3255539766039328, "i0": 3.7874208602586004, "i1": 0.5047430160615156, "i2": -6.282330634855101, "i3": 1.0123666837054697, "i4": 0.9094553700169712, "i5": -0.28951594622429644, "i6": 0.07341209495491571, "i7": 1.5762790191990916, "r0": 1.3042073417192537, "r1": 0.15901204932675064, "r2": -8.761003581466694, "r3": 1.2544226884976706, "r4": 1.1497538313888953, "r5": 0.1671194633826562, "r6": 0.13797425636180102, "r7": 1.603903119521067}, "datetime": {"datetime": "2020-01-19 01:15:30", "elapsed": 33769.63292, "delta": 50.579842}}
{"target": 19.35, "params": {"d0": 4.022492434084287, "d1": -1.652288736047089, "d2": 1.0042651406265024, "g0": 0.43792526427338857, "g1": 0.37173124911637967, "g2": -5.0286165653463275, "g3": 1.1213582394929695, "g4": 1.038293567745508, "g5": -0.10874196695858405, "g6": 0.036624631697107626, "g7": 1.4384223559288765, "i0": 3.633052348391234, "i1": 0.49496837980726927, "i2": -6.336102050014578, "i3": 1.0984319643021008, "i4": 1.021395035108107, "i5": -0.19241201237247826, "i6": 0.19440222091417048, "i7": 1.5152610387754908, "r0": 2.0993843220210215, "r1": 0.3936226041924555, "r2": -8.668722490262839, "r3": 1.1366240918505885, "r4": 1.1302759605394337, "r5": 0.5331139725723575, "r6": 0.3559018528005587, "r7": 1.5244072718258004}, "datetime": {"datetime": "2020-01-19 01:16:18", "elapsed": 33817.391109, "delta": 47.758189}}
{"target": 20.85, "params": {"d0": 3.399724944251497, "d1": -9.199637464475405, "d2": 0.8329272254671142, "g0": 0.8750926865639431, "g1": 0.5747219365266236, "g2": -5.382394649641931, "g3": 1.5, "g4": 1.0641608185392826, "g5": -0.2006369965190693, "g6": 0.0759428342732291, "g7": 1.6803888639312952, "i0": 4.524477282549047, "i1": 0.8392737143006687, "i2": -5.328977498479851, "i3": 0.9468588796930172, "i4": 1.2035717369333674, "i5": 0.28833906958351013, "i6": -0.23733643595441467, "i7": 1.6412685773429514, "r0": 1.855546288664639, "r1": 0.7299040299129286, "r2": -1.8752708981071513, "r3": 1.3898807390884547, "r4": 0.9149602803115601, "r5": -0.5513909077584082, "r6": 0.025171514190227277, "r7": 1.4886504795850746}, "datetime": {"datetime": "2020-01-19 01:17:06", "elapsed": 33865.78006, "delta": 48.388951}}
{"target": 20.65, "params": {"d0": 3.9720347523085846, "d1": -1.7286987117106114, "d2": 0.8472713598328107, "g0": 0.4435534161759169, "g1": 0.405733716888753, "g2": -4.807236104109799, "g3": 1.1626643979395461, "g4": 1.07129182105308, "g5": -0.08583044402382678, "g6": 0.16970646738950718, "g7": 1.3447958966745333, "i0": 3.806134316020571, "i1": 0.5977960822431206, "i2": -6.222007796027194, "i3": 1.0750286298911411, "i4": 0.9638585337906154, "i5": -0.12165169537378445, "i6": 0.32715735881059765, "i7": 1.5637374060286044, "r0": 1.8389758776112766, "r1": 0.3973829606869236, "r2": -8.469289516632575, "r3": 1.1604810654874897, "r4": 1.0089839588135985, "r5": 0.44268387068189075, "r6": 0.16671414888702246, "r7": 1.5288085364842088}, "datetime": {"datetime": "2020-01-19 01:17:54", "elapsed": 33913.353869, "delta": 47.573809}}
{"target": 20.95, "params": {"d0": 3.859963568921706, "d1": -1.215594512502287, "d2": 1.0642733255760872, "g0": 0.6088070793622616, "g1": 0.47034947447392245, "g2": -4.91882934544924, "g3": 1.203963708596303, "g4": 1.1768111919176159, "g5": 0.011650937038300047, "g6": 0.06742803891961757, "g7": 1.6948268912025777, "i0": 3.8737817788934303, "i1": 0.634417636184414, "i2": -6.664108762713585, "i3": 0.965269144512491, "i4": 1.047225652429418, "i5": -0.3118733007123814, "i6": 0.00798747319048828, "i7": 1.6318888353645458, "r0": 2.3082536881195943, "r1": 0.2568766282204706, "r2": -9.00182464216473, "r3": 1.0751705934548328, "r4": 0.9253698820269206, "r5": 0.5047799538314159, "r6": 0.1968392726230642, "r7": 1.494020014342306}, "datetime": {"datetime": "2020-01-19 01:18:45", "elapsed": 33964.067274, "delta": 50.713405}}
{"target": 20.5, "params": {"d0": 3.7792754610192456, "d1": -1.1621009451351352, "d2": 1.1140776095188898, "g0": 0.5678676662136982, "g1": 0.4176522886830555, "g2": -5.214699186287442, "g3": 1.1574238287401681, "g4": 1.0966206911420873, "g5": -0.04872232293930245, "g6": 0.13623569609993477, "g7": 1.5325407885347722, "i0": 4.048829905039815, "i1": 0.6829800708574923, "i2": -6.627035845245892, "i3": 0.9265855695375559, "i4": 1.0902553424672357, "i5": -0.14986171926009934, "i6": -0.017114476481731727, "i7": 1.6312726690761072, "r0": 2.191207074242212, "r1": 0.3487636754916905, "r2": -8.984299321340677, "r3": 1.1115621235301012, "r4": 1.0424686619499715, "r5": 0.4256033946357419, "r6": 0.255251642672741, "r7": 1.531788694822479}, "datetime": {"datetime": "2020-01-19 01:19:33", "elapsed": 34012.429226, "delta": 48.361952}}
{"target": 20.75, "params": {"d0": 3.227685385365873, "d1": -9.08716049088434, "d2": 0.8769333036827912, "g0": 0.8045354109560039, "g1": 0.43507029358895466, "g2": -5.115315076553558, "g3": 1.3141163236276925, "g4": 1.093983655403774, "g5": -0.4248708299113382, "g6": 0.1531914960682906, "g7": 1.6673683526949519, "i0": 4.187079313774693, "i1": 0.6866649154958748, "i2": -5.806364155903505, "i3": 1.0754122398016388, "i4": 1.0656864864843527, "i5": 0.05876081954293618, "i6": -0.2667362954855097, "i7": 1.7703281847601855, "r0": 1.797201204406085, "r1": 0.6684174871464109, "r2": -1.7558228398681848, "r3": 1.24515833773365, "r4": 0.9801419595696457, "r5": -0.39842717927746835, "r6": 0.2005291216501955, "r7": 1.575444665237004}, "datetime": {"datetime": "2020-01-19 01:20:15", "elapsed": 34054.520726, "delta": 42.0915}}
{"target": 20.4, "params": {"d0": 3.8234152832279173, "d1": -1.4956445579311695, "d2": 0.9739209739269702, "g0": 0.5849992173306855, "g1": 0.48935379962613534, "g2": -4.792558463122943, "g3": 0.9659313924210027, "g4": 1.1567996184143572, "g5": 0.1712364488832935, "g6": 0.23844665072731772, "g7": 1.6118116265758164, "i0": 3.8366862572515514, "i1": 0.6926602337342075, "i2": -6.522703520575879, "i3": 0.8827722445308884, "i4": 1.179221298548347, "i5": -0.1830336422261344, "i6": 0.09779823332774792, "i7": 1.8043424740924494, "r0": 2.122216066079449, "r1": 0.2826295539581454, "r2": -8.715707793139666, "r3": 0.9955996076068301, "r4": 0.9175247386267317, "r5": 0.6671999817141121, "r6": 0.32818959759911503, "r7": 1.4576195980892497}, "datetime": {"datetime": "2020-01-19 01:21:01", "elapsed": 34100.817594, "delta": 46.296868}}
{"target": 10.55, "params": {"d0": 1.4161294883151587, "d1": -5.463529846388486, "d2": 1.3569160273975307, "g0": 3.478076412936073, "g1": 0.0644931376948723, "g2": -4.709092592343317, "g3": 0.8120619864779713, "g4": 1.1809004921456117, "g5": -0.28913549863912535, "g6": 0.18044635340301918, "g7": 1.7367946883660823, "i0": 0.3962998021840358, "i1": 0.3615248458794965, "i2": -8.56562542058202, "i3": 1.2130809465255916, "i4": 0.9254129921743267, "i5": 0.7534335942784642, "i6": -0.2245507072001663, "i7": 1.8312227659613391, "r0": 2.79777464962761, "r1": 0.7167919609020901, "r2": -3.354249043881551, "r3": 0.8533791603223058, "r4": 1.0369165615688716, "r5": -0.44039102682571285, "r6": 0.20164746004335177, "r7": 1.6830707014999038}, "datetime": {"datetime": "2020-01-19 01:21:58", "elapsed": 34157.602886, "delta": 56.785292}}
{"target": 20.75, "params": {"d0": 3.815772397606118, "d1": -1.2289453436598203, "d2": 0.9817159403970872, "g0": 0.5675305563621927, "g1": 0.3619117600168508, "g2": -4.729988923939412, "g3": 1.2127761795179932, "g4": 1.1779953329915056, "g5": -0.09495961138906267, "g6": 0.20675696261356627, "g7": 1.556577241026576, "i0": 3.9152112491748867, "i1": 0.6026058146086206, "i2": -6.641529233005118, "i3": 0.9541521146351483, "i4": 0.9436925317878929, "i5": -0.30543413005019243, "i6": -0.0661246930660299, "i7": 1.614212609137847, "r0": 2.201051603833918, "r1": 0.2902680496662021, "r2": -8.719789374884556, "r3": 1.0180665492900278, "r4": 1.085873944988226, "r5": 0.32666524354308296, "r6": 0.1440955691538245, "r7": 1.5129698614636817}, "datetime": {"datetime": "2020-01-19 01:22:40", "elapsed": 34199.255001, "delta": 41.652115}}
{"target": 20.6, "params": {"d0": 3.972419345102241, "d1": -1.5115548749157177, "d2": 0.9944366620164367, "g0": 0.6137985626493824, "g1": 0.37736774423537783, "g2": -4.952104987186596, "g3": 1.2094373619799383, "g4": 1.1906824833325007, "g5": -0.05042796832239212, "g6": 0.1487413963769942, "g7": 1.6283245446642314, "i0": 3.907554473783955, "i1": 0.6369648840961777, "i2": -6.490089043650275, "i3": 0.8705476020822092, "i4": 1.0197234855840671, "i5": -0.40511634601228635, "i6": -0.010417949977639791, "i7": 1.7281663592850538, "r0": 2.1520931915515398, "r1": 0.3580388545560738, "r2": -8.893488486052963, "r3": 1.060706911626522, "r4": 0.9872004363431947, "r5": 0.44346128135024543, "r6": 0.20235153664252697, "r7": 1.599445663535514}, "datetime": {"datetime": "2020-01-19 01:23:22", "elapsed": 34241.589426, "delta": 42.334425}}
{"target": 20.3, "params": {"d0": 3.5990792968933865, "d1": -1.6177140227709639, "d2": 0.964286190670297, "g0": 0.5291987129621251, "g1": 0.35427212369417693, "g2": -6.632218366546293, "g3": 1.1180013117437375, "g4": 1.043924987758167, "g5": -0.009267101897327336, "g6": 0.09022890717722085, "g7": 1.437910372832163, "i0": 4.025124056251775, "i1": 0.4748103983139112, "i2": -6.515160794240117, "i3": 0.9986640840716364, "i4": 0.9570830256300106, "i5": -0.3074809282335293, "i6": 0.19604687604133827, "i7": 1.6358329012123396, "r0": 1.3373021166966546, "r1": 0.24478847767842, "r2": -8.577544935064214, "r3": 1.2444630224867734, "r4": 1.0697154774849613, "r5": 0.31824835438767757, "r6": 0.37735788034411694, "r7": 1.5383752354146003}, "datetime": {"datetime": "2020-01-19 01:24:09", "elapsed": 34288.280292, "delta": 46.690866}}
{"target": 19.95, "params": {"d0": 3.9896768996946066, "d1": -1.115785518162186, "d2": 0.9669932249536751, "g0": 0.4963572629918552, "g1": 0.4223329515437842, "g2": -5.000412722205863, "g3": 1.0929863966179583, "g4": 1.1573595604746922, "g5": -0.05527439877200908, "g6": 0.17529823551411605, "g7": 1.707055338155761, "i0": 3.8521694780630367, "i1": 0.6168138922308766, "i2": -6.588384684093438, "i3": 0.9692947079443581, "i4": 1.1258595959483324, "i5": -0.22399682701961923, "i6": 0.13584358592767887, "i7": 1.7012540454650193, "r0": 2.299080535458733, "r1": 0.3901700322861638, "r2": -8.822235086533958, "r3": 1.0006341351958608, "r4": 0.9249041972515846, "r5": 0.4728169319963249, "r6": 0.3090923798392346, "r7": 1.3688096259881068}, "datetime": {"datetime": "2020-01-19 01:24:49", "elapsed": 34328.207619, "delta": 39.927327}}
{"target": 21.2, "params": {"d0": 3.7448523653424206, "d1": -1.2829851491786493, "d2": 1.0701037845718762, "g0": 0.6628835204280528, "g1": 0.5263479487787134, "g2": -5.013591763118755, "g3": 1.166850700397261, "g4": 1.1599595803615874, "g5": 0.07177137233788498, "g6": 0.24173165921347217, "g7": 1.8159879600698925, "i0": 3.8968155018933617, "i1": 0.8018308209307344, "i2": -6.622049318250538, "i3": 0.8811096073002775, "i4": 1.0920269397905558, "i5": -0.09649039466316969, "i6": -0.0951459001255366, "i7": 1.7551562214595426, "r0": 2.3131913286381804, "r1": 0.29131444480327545, "r2": -8.861912284324212, "r3": 1.0207228047220203, "r4": 1.0623853028143444, "r5": 0.5954799816038608, "r6": 0.24659572460414653, "r7": 1.5419691844813945}, "datetime": {"datetime": "2020-01-19 01:25:26", "elapsed": 34365.806806, "delta": 37.599187}}
{"target": 20.3, "params": {"d0": 3.549627495468375, "d1": -1.3163983174683247, "d2": 1.0948600044364454, "g0": 0.6286895284495325, "g1": 0.4886852836683603, "g2": -4.767524143334224, "g3": 1.1642549393352994, "g4": 1.0581859150857484, "g5": 0.06419449454117826, "g6": 0.21024228666238656, "g7": 1.6178754271716485, "i0": 4.095286727076513, "i1": 0.7516695067749236, "i2": -6.515366266758565, "i3": 0.9518313503267753, "i4": 1.0000223242928887, "i5": -0.15400307248196496, "i6": -0.038432231011910255, "i7": 1.6127710420880261, "r0": 2.2339393015682343, "r1": 0.34704400709345173, "r2": -8.82689626309363, "r3": 1.0275087127995426, "r4": 1.052258117955687, "r5": 0.5214423655905878, "r6": 0.29729062565014164, "r7": 1.4706510337902745}, "datetime": {"datetime": "2020-01-19 01:26:15", "elapsed": 34414.716445, "delta": 48.909639}}
{"target": 20.75, "params": {"d0": 3.362427038168644, "d1": -1.5486556991526343, "d2": 0.9905297003830049, "g0": 0.5788958991709179, "g1": 0.5165852766187824, "g2": -5.2644342547923175, "g3": 1.153606009913496, "g4": 1.0594193725517957, "g5": 0.0950585374228447, "g6": 0.2618024334014562, "g7": 1.764836883335969, "i0": 3.2859300221699734, "i1": 0.5332320981744078, "i2": -6.623695455344492, "i3": 1.0910280983036431, "i4": 1.1375447618649468, "i5": -0.11690400483406622, "i6": 0.05469700272624832, "i7": 1.586917347285478, "r0": 3.636991450789803, "r1": 0.48369898395448957, "r2": -8.779069055106868, "r3": 1.0356911102232131, "r4": 1.1478045871528109, "r5": 0.36032859241804427, "r6": 0.03823441392458423, "r7": 1.5281032426818923}, "datetime": {"datetime": "2020-01-19 01:26:53", "elapsed": 34452.899204, "delta": 38.182759}}
{"target": 20.45, "params": {"d0": 3.8999773936926445, "d1": -1.4270897366724589, "d2": 1.035437661964202, "g0": 0.4248946373602352, "g1": 0.3185842003870719, "g2": -4.822824413602788, "g3": 1.1853370044287705, "g4": 1.1064617426823584, "g5": -0.05302118317159231, "g6": 0.11188918728340184, "g7": 1.4000872912067568, "i0": 3.9057806531950114, "i1": 0.6124520008183117, "i2": -6.3975301460926675, "i3": 1.043159663985682, "i4": 1.0072644035132798, "i5": -0.29238887844159206, "i6": 0.1173586818780902, "i7": 1.593302772618281, "r0": 1.887483472316917, "r1": 0.3127360250364609, "r2": -8.717017442686089, "r3": 1.150131932932872, "r4": 1.0226468460999352, "r5": 0.386545626093402, "r6": 0.14088732517391395, "r7": 1.5533190180394367}, "datetime": {"datetime": "2020-01-19 01:27:32", "elapsed": 34491.926037, "delta": 39.026833}}
{"target": 20.3, "params": {"d0": 3.8282890293937553, "d1": -1.4589014934667661, "d2": 1.104021430506148, "g0": 0.7642921615074156, "g1": 0.45261680184966957, "g2": -4.94358029380664, "g3": 1.0080619206198431, "g4": 1.2140993334639958, "g5": 0.04784021253380588, "g6": 0.3362777755017456, "g7": 1.7950146544709105, "i0": 3.8459812607068145, "i1": 0.7260760375741592, "i2": -6.705534984879877, "i3": 0.8807377160896371, "i4": 1.1831425163850373, "i5": -0.13744130048445216, "i6": 0.044765007596652494, "i7": 1.792673367230057, "r0": 2.26183892131736, "r1": 0.29604110080474527, "r2": -8.792067137274062, "r3": 1.1297012672496378, "r4": 0.9767963896529673, "r5": 0.4961854860851945, "r6": 0.22484544139171225, "r7": 1.5237962682764952}, "datetime": {"datetime": "2020-01-19 01:28:11", "elapsed": 34530.843294, "delta": 38.917257}}
{"target": 20.5, "params": {"d0": 3.4990609207641516, "d1": -1.4617792426861158, "d2": 1.0382131352889195, "g0": 0.476867337790114, "g1": 0.5871687220199152, "g2": -4.607232355669471, "g3": 1.1704733632485051, "g4": 1.062371625196581, "g5": 0.028229836058654187, "g6": 0.24342478083316757, "g7": 1.6128880430124055, "i0": 3.9225798880487317, "i1": 0.6129443513471833, "i2": -6.482957908557858, "i3": 1.0030545885726343, "i4": 0.9507740716076931, "i5": -0.03645874238807106, "i6": 0.11384045396665575, "i7": 1.5196989922968809, "r0": 3.0634853933093162, "r1": 0.44309130223905785, "r2": -8.609727214643897, "r3": 1.12038401327706, "r4": 1.025428270622445, "r5": 0.26359311669730284, "r6": 0.0570033051178163, "r7": 1.4637299233352572}, "datetime": {"datetime": "2020-01-19 01:28:50", "elapsed": 34569.631949, "delta": 38.788655}}
{"target": 21.3, "params": {"d0": 3.899614796167539, "d1": -1.2190722188569703, "d2": 0.9908785426048777, "g0": 0.6235675668241815, "g1": 0.530660044925175, "g2": -5.036475925329762, "g3": 1.3026174827035852, "g4": 1.126043077117695, "g5": 0.08110010992484834, "g6": 0.15341324212305993, "g7": 1.6809181565345876, "i0": 3.9800503065901793, "i1": 0.6615736121998722, "i2": -6.680887774915318, "i3": 0.8747955457075505, "i4": 1.0662356621843723, "i5": -0.1660121609036624, "i6": -0.03843332241636035, "i7": 1.6694199764035853, "r0": 2.4609410941644967, "r1": 0.35787960461097235, "r2": -8.991646610799187, "r3": 0.9466927183356381, "r4": 1.1445917925459068, "r5": 0.530288702439074, "r6": 0.21547951757257167, "r7": 1.5535979630299814}, "datetime": {"datetime": "2020-01-19 01:29:30", "elapsed": 34609.06699, "delta": 39.435041}}
{"target": 21.3, "params": {"d0": 3.4954084898375455, "d1": -1.4334275935907177, "d2": 0.8547211481355985, "g0": 0.626538750397103, "g1": 0.5992645135211414, "g2": -4.722533586490338, "g3": 1.2065423364354888, "g4": 1.0178130384783937, "g5": 0.06132270603574446, "g6": 0.28766563692551383, "g7": 1.5943257938073037, "i0": 3.526642122984569, "i1": 0.5773900204952697, "i2": -6.4227172522863105, "i3": 1.0432197889288495, "i4": 1.11157416909294, "i5": -0.015478312836735793, "i6": -0.027182852083402, "i7": 1.576384516562176, "r0": 3.3586122091237316, "r1": 0.5076944248706069, "r2": -8.746612167978386, "r3": 0.9893465708218637, "r4": 1.019420219249741, "r5": 0.39616673240884037, "r6": -0.02041141651125566, "r7": 1.5387885999165956}, "datetime": {"datetime": "2020-01-19 01:30:09", "elapsed": 34648.735477, "delta": 39.668487}}
{"target": 21.05, "params": {"d0": 3.9059746547167595, "d1": -1.260321067042585, "d2": 0.9650948465270853, "g0": 0.617720074702125, "g1": 0.5229895700803516, "g2": -5.192434739537293, "g3": 1.248806424770847, "g4": 1.2029636601515625, "g5": 0.04714857495688223, "g6": 0.10711388940387778, "g7": 1.7482234958015175, "i0": 3.887771959013566, "i1": 0.7003770247240559, "i2": -6.4863665737370075, "i3": 0.9367660418036905, "i4": 1.1136104190350138, "i5": -0.14799232149553698, "i6": -0.034546027993318365, "i7": 1.7236253321677966, "r0": 2.3296106611328615, "r1": 0.2987881003959393, "r2": -8.921305435153373, "r3": 0.9617555659617792, "r4": 1.0070904414389963, "r5": 0.6457515080627371, "r6": 0.24143447682282465, "r7": 1.5876937416351533}, "datetime": {"datetime": "2020-01-19 01:30:55", "elapsed": 34694.320942, "delta": 45.585465}}
{"target": 21.2, "params": {"d0": 3.214825118793079, "d1": -1.6420061485308943, "d2": 1.0003423797141497, "g0": 0.5597622749562332, "g1": 0.5638424210261533, "g2": -5.05464467703637, "g3": 1.2249524196718087, "g4": 1.0448071879507899, "g5": 0.06579767390475666, "g6": 0.1947211604727273, "g7": 1.658646500353802, "i0": 3.2218770770527008, "i1": 0.5423360639183625, "i2": -6.370600964491644, "i3": 0.9838192271960172, "i4": 1.0798314383555752, "i5": -0.1109204806731007, "i6": 0.028539063514379903, "i7": 1.5095519469178007, "r0": 3.924812454028989, "r1": 0.6189878864738414, "r2": -8.460588404631503, "r3": 1.0006238039640099, "r4": 1.2387316469912824, "r5": 0.3919483505903372, "r6": -0.05341867071851725, "r7": 1.6423407116135882}, "datetime": {"datetime": "2020-01-19 01:31:37", "elapsed": 34736.234013, "delta": 41.913071}}
