{"target": 17.55, "params": {"d0": 1.235000903208947, "d1": -4.519949186233384, "d2": 1.473921755803163, "g0": 0.7948031033550051, "g1": 0.5712229984705518, "g2": -2.616024072213804, "g3": 1.107727381401146, "g4": 1.2835042843844011, "g5": 0.40694614108653115, "g6": 0.35507661247136113, "g7": 1.5754462812061873, "i0": 1.9078201268483435, "i1": 0.7764901453504124, "i2": -8.174076998041974, "i3": 0.8974435275056107, "i4": 1.049575080494895, "i5": 0.09113364774696286, "i6": 0.00047601934154473113, "i7": 1.0749645011239977, "r0": 0.9853040446836703, "r1": 0.4487525466601847, "r2": -3.6765185318037776, "r3": 0.8103083195491688, "r4": 1.0207957054913066, "r5": 0.6477005193538037, "r6": 0.08786306611750183, "r7": 1.8995810815220995}, "datetime": {"datetime": "2020-01-18 11:57:12", "elapsed": 54618.85559, "delta": 36.620116}}
{"target": 8.6, "params": {"d0": 3.117448703354003, "d1": -2.127211399565679, "d2": 0.9574073148441347, "g0": 0.6736003795398032, "g1": 0.07086348160485267, "g2": -0.03141253801064359, "g3": 1.1880199460664473, "g4": 0.9032301784450644, "g5": 0.535837625102122, "g6": -0.06477712755676157, "g7": 1.5678524918946297, "i0": 4.9075254289524, "i1": 0.051948764029758454, "i2": -4.058583448537574, "i3": 0.8370933048921754, "i4": 0.930505051517474, "i5": -0.0291127769576498, "i6": 0.9035412346729053, "i7": 1.2181004925326362, "r0": 3.2351399262937086, "r1": 0.19509774610548025, "r2": -4.8193988285362686, "r3": 1.0049936536149917, "r4": 1.251127491814922, "r5": -0.447045765329265, "r6": 0.29979897701545144, "r7": 1.579360231227692}, "datetime": {"datetime": "2020-01-18 11:57:39", "elapsed": 54645.62925, "delta": 26.77366}}
{"target": 7.05, "params": {"d0": 3.498336235897155, "d1": -9.167215293766333, "d2": 0.8883156026189765, "g0": 0.7332162291572086, "g1": 0.34781557042081834, "g2": -1.163699332321995, "g3": 0.7015149477738698, "g4": 0.836178792580105, "g5": -0.12602727492282606, "g6": -0.030845178901075465, "g7": 1.007988094690437, "i0": 4.579559746915227, "i1": 0.19153131805582646, "i2": -0.28272136986576335, "i3": 1.4615723615268603, "i4": 1.1107676007330434, "i5": -0.7915172131133588, "i6": -0.21892048127957814, "i7": 1.4358914878009896, "r0": 4.919827962965442, "r1": 0.5311426837739976, "r2": -4.426198366360686, "r3": 1.034043723198566, "r4": 1.0117626564212847, "r5": 0.6017012872890131, "r6": 0.40872273109248647, "r7": 1.4009388065625015}, "datetime": {"datetime": "2020-01-18 11:58:19", "elapsed": 54685.918607, "delta": 40.289357}}
{"target": 3.7, "params": {"d0": 1.1666061443838183, "d1": -6.366851836264846, "d2": 1.4063484061583338, "g0": 3.626398481560589, "g1": 0.789465014830559, "g2": -5.50389611649252, "g3": 0.7692554391979729, "g4": 1.0371825785541593, "g5": -0.41331603799684835, "g6": 0.15365585775511303, "g7": 1.335479292906962, "i0": 2.9861508776407346, "i1": 0.759526813593562, "i2": -8.002802578119425, "i3": 1.4775116891620637, "i4": 0.9384882389594231, "i5": -0.052309977051975154, "i6": -0.10200080782188009, "i7": 1.078204018544859, "r0": 2.1197263736649714, "r1": 0.11285813998934136, "r2": -6.117022673877837, "r3": 0.9833280065665222, "r4": 0.9057990220699075, "r5": -0.2848966607002045, "r6": 0.7424555118730765, "r7": 0.9315092723840912}, "datetime": {"datetime": "2020-01-18 11:59:13", "elapsed": 54740.153724, "delta": 54.235117}}
{"target": 14.55, "params": {"d0": 2.9937078989624006, "d1": -6.202645332369777, "d2": 0.9020850706182975, "g0": 2.924918997533286, "g1": 0.28325187995402135, "g2": -0.5216104875073171, "g3": 0.9278321056643616, "g4": 1.213631650472743, "g5": 0.3078910369467136, "g6": 0.01567268117583187, "g7": 1.0258734010838624, "i0": 3.712449700135523, "i1": 0.23866675347756605, "i2": -8.259485788427178, "i3": 1.4658669883443272, "i4": 1.2029325683754557, "i5": -0.5651435415840634, "i6": 0.7546469834924114, "i7": 1.1904290495704166, "r0": 0.851561832807039, "r1": 0.3636131361072127, "r2": -1.491193124674247, "r3": 1.4344775077538743, "r4": 0.9198267067690937, "r5": -0.2962128718506406, "r6": 0.4458586467069998, "r7": 0.9653004975398858}, "datetime": {"datetime": "2020-01-18 11:59:55", "elapsed": 54782.067921, "delta": 41.914197}}
{"target": 5.95, "params": {"d0": 4.692534064486959, "d1": -5.086647971401893, "d2": 1.4557280810902355, "g0": 2.4135621711731376, "g1": 0.24608284829600813, "g2": -1.7439199770965494, "g3": 1.1902779396405663, "g4": 0.8705529368734443, "g5": -0.0614416873188246, "g6": 0.3522270635328958, "g7": 1.6553152437457255, "i0": 4.7465375082837165, "i1": 0.07799239187342344, "i2": -6.137400174035404, "i3": 1.2448995249262313, "i4": 0.9968506341294716, "i5": -0.369633797571829, "i6": 0.2669362434554552, "i7": 1.1992776171703818, "r0": 2.619723353335921, "r1": 0.7585699410246246, "r2": -3.5099499806617036, "r3": 1.477133665302305, "r4": 0.902383534948998, "r5": -0.1849532558926248, "r6": 0.027845257281642444, "r7": 0.9160879389077442}, "datetime": {"datetime": "2020-01-18 12:00:27", "elapsed": 54813.817489, "delta": 31.749568}}
{"target": 8.75, "params": {"d0": 0.9509022267094575, "d1": -2.7227390462249605, "d2": 0.7141015867902869, "g0": 3.333509640354006, "g1": 0.7262007769325945, "g2": -2.73523720426253, "g3": 1.4874917176428943, "g4": 0.9121028143698732, "g5": -0.1180740314675297, "g6": -0.19373919255713612, "g7": 1.1504045094615662, "i0": 1.5754536011224773, "i1": 0.3371699723989967, "i2": -0.9241714789591953, "i3": 0.7951450294336109, "i4": 1.1137072351039676, "i5": 0.769277333697304, "i6": -0.35644823672255577, "i7": 1.1727882981147106, "r0": 1.432169320298076, "r1": 0.4733568918145108, "r2": -9.290384691343643, "r3": 0.9318612230783545, "r4": 0.8256450392578991, "r5": -0.6146100263037403, "r6": 0.39789589089645894, "r7": 1.2993340897252637}, "datetime": {"datetime": "2020-01-18 12:01:20", "elapsed": 54867.139538, "delta": 53.322049}}
{"target": 8.55, "params": {"d0": 1.2817056186091935, "d1": -4.228581843067305, "d2": 1.3154946748140277, "g0": 4.442370063696873, "g1": 0.884164799949598, "g2": -6.19590792932514, "g3": 0.936710980161539, "g4": 1.199518371816952, "g5": -0.5124752715333547, "g6": 0.25021740798642145, "g7": 1.2946263324866456, "i0": 1.4287919165129508, "i1": 0.25832832041249854, "i2": -6.403606459408157, "i3": 0.9408250237844804, "i4": 1.0991582763671788, "i5": -0.155625721209524, "i6": -0.08979884933861237, "i7": 1.6916472502138629, "r0": 3.2340732183588745, "r1": 0.06185736270368836, "r2": -7.280806788625251, "r3": 1.1823447113110617, "r4": 0.9613863278522876, "r5": 0.648544007369759, "r6": -0.2532943746804047, "r7": 1.5178619508541997}, "datetime": {"datetime": "2020-01-18 12:02:15", "elapsed": 54921.925102, "delta": 54.785564}}
{"target": 16.1, "params": {"d0": 2.5256647568012975, "d1": -6.545876101587153, "d2": 0.9674700784779084, "g0": 0.5864006518249221, "g1": 0.3086400164920965, "g2": -0.5093069211748595, "g3": 0.8774740645084517, "g4": 0.9519540356798133, "g5": -0.7888471804746692, "g6": -0.15007320134143598, "g7": 1.8158543626490318, "i0": 3.8365874976393224, "i1": 0.4629557815292753, "i2": -4.702675008559446, "i3": 1.3421074144067053, "i4": 0.9053965054411215, "i5": 0.27871817129816856, "i6": 0.3943182457272072, "i7": 1.8092587996775087, "r0": 2.8557497187474468, "r1": 0.18246976563543715, "r2": -5.102003033478388, "r3": 1.0251481522012764, "r4": 1.095901256475659, "r5": -0.005954733880857099, "r6": 0.9306312210496963, "r7": 1.7694919533834716}, "datetime": {"datetime": "2020-01-18 12:02:53", "elapsed": 54960.178031, "delta": 38.252929}}
{"target": 6.15, "params": {"d0": 4.713252023820088, "d1": -6.450480281314235, "d2": 0.9380515860385235, "g0": 4.855181675309995, "g1": 0.5191561594300443, "g2": -2.6732369104490195, "g3": 0.7105657256102151, "g4": 1.0532648384057834, "g5": 0.5576768891107509, "g6": 0.19232871425569908, "g7": 1.3506907087663202, "i0": 2.1410178688974564, "i1": 0.3361444316005693, "i2": -8.69584749955187, "i3": 0.7897817287633137, "i4": 1.2346446873967478, "i5": -0.2588274543083643, "i6": 0.11057437528844027, "i7": 0.9639130304014876, "r0": 3.223448155186129, "r1": 0.9429615461686008, "r2": -8.190478890368711, "r3": 1.1956053025505005, "r4": 0.8562494696467735, "r5": 0.09501000987087571, "r6": 0.7479317576499307, "r7": 1.9925522166949539}, "datetime": {"datetime": "2020-01-18 12:03:33", "elapsed": 54999.593281, "delta": 39.41525}}
{"target": 11.05, "params": {"d0": 3.1741235508199237, "d1": -1.8867920882549374, "d2": 1.411464352282907, "g0": 0.20583645986420318, "g1": 0.7536191224408004, "g2": -7.060796561919797, "g3": 1.019775710126808, "g4": 0.9000428759831958, "g5": 0.721989071822515, "g6": -0.3165301220642363, "g7": 1.7942137327246193, "i0": 0.6238619554906044, "i1": 0.8942353967774075, "i2": -5.963745091850651, "i3": 0.766266488375257, "i4": 0.9257886219365721, "i5": -0.41144288198468665, "i6": -0.4700696523622845, "i7": 1.7622141067171189, "r0": 4.329200255407856, "r1": 0.3263750165853947, "r2": -6.784984592957209, "r3": 1.0143413176687184, "r4": 1.2294289759226418, "r5": 0.49432434768707467, "r6": 0.5118872543047122, "r7": 0.9758532915860161}, "datetime": {"datetime": "2020-01-18 12:04:08", "elapsed": 55034.559576, "delta": 34.966295}}
{"target": 9.6, "params": {"d0": 4.15285747118274, "d1": -1.9526194519131295, "d2": 0.9394817648502864, "g0": 4.19744276213285, "g1": 0.6666878832398763, "g2": -4.467452057354636, "g3": 1.0755488836035272, "g4": 1.0530972276714423, "g5": -0.02805152094628105, "g6": 0.11717891364380528, "g7": 1.9186368038912143, "i0": 2.580712685679958, "i1": 0.8181724816804483, "i2": -9.447476141049062, "i3": 0.7618315403687812, "i4": 0.9360382431058254, "i5": -0.2681972504556084, "i6": 0.39461503674000653, "i7": 1.6524446211633794, "r0": 3.191366296174174, "r1": 0.5962617190016545, "r2": -7.284256782399405, "r3": 1.22394011563157, "r4": 1.0996223212866032, "r5": -0.4087742214779061, "r6": 0.7678626075312058, "r7": 1.7766895892315453}, "datetime": {"datetime": "2020-01-18 12:04:43", "elapsed": 55069.398498, "delta": 34.838922}}
{"target": 15.25, "params": {"d0": 2.2295228263759928, "d1": -3.61620848502308, "d2": 0.8608639515426968, "g0": 3.530002591562076, "g1": 0.8429235413860622, "g2": -0.00783050058896606, "g3": 0.989947864465391, "g4": 1.0008297872718148, "g5": 0.31437222011673205, "g6": -0.2569794813199006, "g7": 1.2587804140566916, "i0": 0.2175681047923267, "i1": 0.6576018993918221, "i2": -1.994282262579425, "i3": 0.8486496554529804, "i4": 0.8741584985436901, "i5": 0.5164798894184706, "i6": 0.5406691539200776, "i7": 1.2104989570042934, "r0": 4.681991670362289, "r1": 0.7690601175962022, "r2": -5.528713295535166, "r3": 1.487059118574684, "r4": 1.1756037636353074, "r5": 0.3113257768594566, "r6": 0.869450273156942, "r7": 1.9546261432360668}, "datetime": {"datetime": "2020-01-18 12:05:25", "elapsed": 55111.827681, "delta": 42.429183}}
{"target": 11.05, "params": {"d0": 3.2658779244383003, "d1": -6.795424233766621, "d2": 0.9155431851694636, "g0": 4.68634915405125, "g1": 0.9451596653792576, "g2": -9.714214672608206, "g3": 1.4174127783153854, "g4": 0.9711974216264341, "g5": 0.17628433871897897, "g6": -0.3946592816363123, "g7": 0.9622793302168938, "i0": 0.5254435865364304, "i1": 0.4870570827174664, "i2": -7.923291088735919, "i3": 0.8645003583960591, "i4": 0.8063857232497064, "i5": 0.4219975275936123, "i6": -0.020990780721048208, "i7": 1.4054361287375925, "r0": 1.7061902205337098, "r1": 0.9335594936017556, "r2": -2.915199729227121, "r3": 0.7085238980972934, "r4": 1.0825447482435613, "r5": 0.43737580853212044, "r6": 0.41439225337479724, "r7": 1.0968203501632023}, "datetime": {"datetime": "2020-01-18 12:06:12", "elapsed": 55158.90411, "delta": 47.076429}}
{"target": 6.35, "params": {"d0": 0.6805256470962506, "d1": -1.391892641144537, "d2": 0.9424045228853766, "g0": 2.567522968907709, "g1": 0.927399457321368, "g2": -3.64429064146631, "g3": 0.9894421954458708, "g4": 1.0787475480032698, "g5": -0.5376774312262553, "g6": 0.23565756862661968, "g7": 1.6424277034615713, "i0": 3.890832655709106, "i1": 0.4306659804015158, "i2": -0.42819131851073955, "i3": 1.1663073186407609, "i4": 0.8946087828570157, "i5": -0.5728540868731683, "i6": 0.6653663699733798, "i7": 1.3569097837715538, "r0": 4.04554283851747, "r1": 0.5176767904755697, "r2": -4.8531499635683435, "r3": 0.7318056122893619, "r4": 0.9278303094681695, "r5": -0.27707342486074593, "r6": 0.758037789992899, "r7": 1.13738606324383}, "datetime": {"datetime": "2020-01-18 12:07:01", "elapsed": 55207.587885, "delta": 48.683775}}
{"target": 16.6, "params": {"d0": 0.8230623918694502, "d1": -0.781800945148273, "d2": 1.4391181568438531, "g0": 0.9676919771372877, "g1": 0.3223165694778162, "g2": -9.596349099633452, "g3": 1.148165635715533, "g4": 0.8915051101194189, "g5": -0.10131939148595048, "g6": 0.8891926510228769, "g7": 1.8410984682212779, "i0": 1.8532325379287413, "i1": 0.47133702397968724, "i2": -8.210752850243658, "i3": 1.1341183849446, "i4": 0.9300409938472128, "i5": -0.4326517632422279, "i6": 0.7642843845640257, "i7": 1.018863303282514, "r0": 2.843037324657379, "r1": 0.7405673249053906, "r2": -9.131060548858326, "r3": 0.7213866864133243, "r4": 1.107463859860046, "r5": -0.5044672381151196, "r6": -0.03172277749724228, "r7": 1.9389289233896503}, "datetime": {"datetime": "2020-01-18 12:07:43", "elapsed": 55249.433652, "delta": 41.845767}}
{"target": 16.75, "params": {"d0": 3.878746327954951, "d1": -3.746178110468964, "d2": 0.7285749917289657, "g0": 1.5075806939868375, "g1": 0.9044997623234313, "g2": -3.8839556087277405, "g3": 0.9891724495560712, "g4": 1.2322575688168862, "g5": -0.23304706201319803, "g6": 0.5300844141827894, "g7": 1.1822445319172996, "i0": 1.0081308270616103, "i1": 0.8911675872603554, "i2": -2.6389577180182675, "i3": 0.8215590766536427, "i4": 1.2312974047452436, "i5": -0.02312570532285141, "i6": -0.0013655963451033593, "i7": 1.6008764050943425, "r0": 2.5890028391543405, "r1": 0.01763199177695085, "r2": -9.262081464779508, "r3": 1.2683965477684196, "r4": 0.8908781599596749, "r5": -0.7869514632989782, "r6": 0.5477277554810269, "r7": 1.3744868563409938}, "datetime": {"datetime": "2020-01-18 12:08:18", "elapsed": 55284.348, "delta": 34.914348}}
{"target": 7.0, "params": {"d0": 4.4610291703312885, "d1": -9.80766617756662, "d2": 0.9662338028684474, "g0": 0.6819846857321993, "g1": 0.7992242744994247, "g2": -7.284991733102841, "g3": 1.3119448347779583, "g4": 0.9298411146054814, "g5": -0.7825959346104865, "g6": -0.20084446757633995, "g7": 1.1634299610449987, "i0": 1.7252307690758624, "i1": 0.6066984710541578, "i2": -4.6770532947868935, "i3": 1.0449768421828067, "i4": 0.9991671433792797, "i5": 0.3149314463274344, "i6": 0.05647388770457906, "i7": 1.612127424781163, "r0": 3.158803806228745, "r1": 0.24844990754430585, "r2": -4.458170370051925, "r3": 0.8145856945411997, "r4": 0.9006283202941863, "r5": 0.33252233115448093, "r6": -0.08567416162360503, "r7": 1.7074431717539027}, "datetime": {"datetime": "2020-01-18 12:08:41", "elapsed": 55307.515842, "delta": 23.167842}}
{"target": 7.9, "params": {"d0": 0.5207239665024338, "d1": -4.157656660078983, "d2": 1.3053155278199466, "g0": 4.37530994929101, "g1": 0.709070602104529, "g2": -1.6906704773000119, "g3": 0.9384355875894608, "g4": 1.167447457313683, "g5": 0.6986171216986625, "g6": 0.5831903257525237, "g7": 1.73601505682382, "i0": 2.272099289259425, "i1": 0.5153600723926511, "i2": -4.964428253316955, "i3": 0.7192901843558777, "i4": 1.246697744838519, "i5": 0.23478433087673234, "i6": 0.03363789613166457, "i7": 1.3224903950702505, "r0": 2.332475127260209, "r1": 0.33259049782798045, "r2": -4.019798457918197, "r3": 1.3149695379036515, "r4": 0.8365899542258615, "r5": -0.08799186952889415, "r6": 0.36198772732330775, "r7": 0.909735522569772}, "datetime": {"datetime": "2020-01-18 12:09:36", "elapsed": 55362.342854, "delta": 54.827012}}
{"target": 15.55, "params": {"d0": 0.11277067620307835, "d1": -5.068573172820281, "d2": 0.7034751596551024, "g0": 1.2529899407577016, "g1": 0.46985183837202193, "g2": -1.544590794842355, "g3": 1.386294170978915, "g4": 1.2142598009518142, "g5": 0.3329687460407236, "g6": -0.12401279474477195, "g7": 1.8221972303274732, "i0": 3.698611727527287, "i1": 0.5909375876870159, "i2": -7.613034613209885, "i3": 1.3168352860047914, "i4": 1.0611560432104226, "i5": 0.36427778381047604, "i6": 0.4271853055372936, "i7": 1.7906574532585733, "r0": 3.052955459074946, "r1": 0.16017536903846108, "r2": -8.930570402204788, "r3": 0.929122773631157, "r4": 1.2178691022692605, "r5": 0.04927330583973255, "r6": 0.7935562273133743, "r7": 1.244748086881191}, "datetime": {"datetime": "2020-01-18 12:10:16", "elapsed": 55402.834006, "delta": 40.491152}}
{"target": 5.95, "params": {"d0": 0.1133173851734387, "d1": -5.096654958085713, "d2": 1.3067114886177005, "g0": 3.681638786268156, "g1": 0.030629115713526556, "g2": -7.588695907365544, "g3": 0.8834985608283948, "g4": 1.2319114402308369, "g5": 0.30582258518119465, "g6": 0.5451315102868843, "g7": 1.120982339525212, "i0": 3.0729925680348864, "i1": 0.5423887303493927, "i2": -5.872424263073588, "i3": 1.025133677218711, "i4": 1.2313927596030627, "i5": 0.03999362236255277, "i6": -0.012175137702008065, "i7": 1.0683526680322957, "r0": 4.230084818449551, "r1": 0.6771644913431366, "r2": -2.859666914785384, "r3": 0.931118341439143, "r4": 1.1586040379133302, "r5": 0.38828959981524047, "r6": 0.09659509729487215, "r7": 1.0810327020712207}, "datetime": {"datetime": "2020-01-18 12:11:07", "elapsed": 55453.641122, "delta": 50.807116}}
{"target": 12.45, "params": {"d0": 2.8136821830073666, "d1": -4.016664769157911, "d2": 1.1818132903293666, "g0": 1.6217806331230418, "g1": 0.4475954539920849, "g2": -5.391720413599478, "g3": 1.0905675066439113, "g4": 1.0583331068276074, "g5": -0.4109089568632424, "g6": 0.4436664985065283, "g7": 1.3353233511685503, "i0": 1.3922490102952645, "i1": 0.03176318480009921, "i2": -2.5280836829650823, "i3": 0.815950311611606, "i4": 1.020820656421567, "i5": 0.1508760532844956, "i6": -0.4705419468239922, "i7": 1.3338490373812564, "r0": 3.466532906177671, "r1": 0.6482994101116172, "r2": -9.69640233456239, "r3": 1.1454933507414204, "r4": 1.2440736746678618, "r5": -0.42482902803583367, "r6": -0.4836562532440925, "r7": 1.2980961012684362}, "datetime": {"datetime": "2020-01-18 12:11:47", "elapsed": 55494.202204, "delta": 40.561082}}
{"target": 16.15, "params": {"d0": 4.253895665302371, "d1": -0.012056470435918953, "d2": 0.9200898622682043, "g0": 3.1562601371109156, "g1": 0.2765384909164501, "g2": -6.309888492916832, "g3": 0.7542716733246695, "g4": 0.9306242696192003, "g5": -0.4652001466091248, "g6": 0.6953835010557103, "g7": 1.2280739935591365, "i0": 3.2319648037531588, "i1": 0.08738820320091778, "i2": -3.581234148748048, "i3": 1.12585826362734, "i4": 1.221227046407502, "i5": -0.49902732741618316, "i6": 0.12365643124087322, "i7": 1.4176812969992214, "r0": 0.11180237847189356, "r1": 0.669025235741274, "r2": -5.374523770280674, "r3": 1.4131314840495501, "r4": 0.9174185731910066, "r5": -0.1156816478070457, "r6": -0.09913695311307036, "r7": 1.7849765851776165}, "datetime": {"datetime": "2020-01-18 12:12:29", "elapsed": 55535.416629, "delta": 41.214425}}
{"target": 11.25, "params": {"d0": 1.6629991280491563, "d1": -7.126080985191542, "d2": 0.9318334359903576, "g0": 3.362650550165397, "g1": 0.24028000362698276, "g2": -0.13074958553015037, "g3": 1.0615257160583051, "g4": 0.949334780745714, "g5": 0.24332055094797567, "g6": -0.189137023902608, "g7": 1.8031849290349515, "i0": 3.2728451489240045, "i1": 0.8460977101655566, "i2": -3.750719934780844, "i3": 1.1575753116608198, "i4": 1.2738552848514526, "i5": -0.1995000002651377, "i6": 0.3774689060874775, "i7": 1.9123351147789154, "r0": 3.748099729671788, "r1": 0.6277894692006406, "r2": -1.5102672167751745, "r3": 1.05939005499027, "r4": 1.0866214374881835, "r5": 0.6683894468254776, "r6": 0.11202074582919341, "r7": 1.422582480032645}, "datetime": {"datetime": "2020-01-18 12:13:09", "elapsed": 55575.333863, "delta": 39.917234}}
{"target": 6.65, "params": {"d0": 0.1801345668426635, "d1": -9.524750543174896, "d2": 1.3431275508960974, "g0": 3.8905800908094412, "g1": 0.038029133329253395, "g2": -9.824074655281382, "g3": 1.2258437412274719, "g4": 0.8219195864223925, "g5": -0.2761295532266196, "g6": 0.043199004485877435, "g7": 1.195119666580066, "i0": 0.6057116663119344, "i1": 0.7517515931230828, "i2": -6.8598264940544365, "i3": 0.8827768599550803, "i4": 0.8101300814683234, "i5": 0.6466242089155647, "i6": 0.42226448800657246, "i7": 1.6577014547888809, "r0": 3.4060435520167207, "r1": 0.30476855961275806, "r2": -5.243728261968846, "r3": 1.1145669006425092, "r4": 0.9633880112960019, "r5": 0.4279810781412834, "r6": 0.5021467427294815, "r7": 1.1379382155071371}, "datetime": {"datetime": "2020-01-18 12:14:13", "elapsed": 55640.244071, "delta": 64.910208}}
{"target": 11.05, "params": {"d0": 3.832803900598254, "d1": -6.598325759589118, "d2": 1.2583336426203209, "g0": 1.1056342613079295, "g1": 0.3453931847194631, "g2": -3.158086260094488, "g3": 1.365030187128135, "g4": 0.8457298178337852, "g5": 0.2278931685061043, "g6": -0.4594936323389307, "g7": 0.9384725687810795, "i0": 2.469830990244205, "i1": 0.9380949472702341, "i2": -6.325220149733992, "i3": 0.9457975551870685, "i4": 1.27181257331715, "i5": 0.22151814643233925, "i6": 0.904138488391788, "i7": 1.7653868566621915, "r0": 0.9042500093164707, "r1": 0.6503440935625439, "r2": -7.599946431271476, "r3": 1.071488087986477, "r4": 1.2874788949096612, "r5": -0.7976333262123897, "r6": -0.03358930070581412, "r7": 1.6363375167777603}, "datetime": {"datetime": "2020-01-18 12:14:48", "elapsed": 55674.884697, "delta": 34.640626}}
