{"target": 5.25, "params": {"d0": 3.069355448706263, "d1": -6.758614701025534, "d2": 1.0658881453527989, "g0": 2.2205855350830723, "g1": 0.8281353607315121, "g2": -5.736518457637693, "g3": 0.9765590569404019, "g4": 1.1374858024045527, "g5": -0.445628710826354, "g6": 0.20086873588983067, "g7": 1.2462422560564181, "i0": 3.1342780108141732, "i1": 0.8773604746948126, "i2": -5.523109998543715, "i3": 1.3275659350335385, "i4": 1.0284828502807752, "i5": 0.24996693074741017, "i6": -0.3022385374587468, "i7": 1.376279657664413, "r0": 4.5465599432746835, "r1": 0.6054790010309347, "r2": -2.3322541276289783, "r3": 1.1037604864767154, "r4": 1.0490278124140038, "r5": 0.54863974430856, "r6": -0.3982895984885694, "r7": 1.5305994987046532}, "datetime": {"datetime": "2020-01-17 21:00:39", "elapsed": 825.404313, "delta": 32.537791}}
{"target": 15.7, "params": {"d0": 4.713812877164746, "d1": -4.821399518276781, "d2": 0.8555726476223076, "g0": 4.239696962217381, "g1": 0.25163914235585283, "g2": -2.9927396351746207, "g3": 1.13220875231752, "g4": 1.27441814414011, "g5": 0.19893872384428146, "g6": 0.756966943071594, "g7": 0.9087261638139754, "i0": 4.94670028083319, "i1": 0.07771457033238649, "i2": -6.778704863852304, "i3": 1.4569219163654124, "i4": 0.8044695511856226, "i5": 0.5163680086750968, "i6": 0.7918174575501915, "i7": 1.3838138956294297, "r0": 1.278725969029656, "r1": 0.8026895196332986, "r2": -5.221379955677788, "r3": 0.8074708869245568, "r4": 1.2639244964125054, "r5": 0.6335519472106375, "r6": 0.23731772502540305, "r7": 1.8423727461695716}, "datetime": {"datetime": "2020-01-17 21:01:15", "elapsed": 862.148788, "delta": 36.744475}}
{"target": 16.6, "params": {"d0": 2.092890128820493, "d1": -3.1653509983369883, "d2": 1.018392511526338, "g0": 2.5287100872540518, "g1": 0.1895517028339273, "g2": -0.3501107588908621, "g3": 0.9353725505954037, "g4": 0.8517297780582007, "g5": -0.5690953596335231, "g6": -0.47886155871133557, "g7": 1.6875402694086339, "i0": 2.8224916012043706, "i1": 0.7945783511847522, "i2": -4.929200767158636, "i3": 1.333456831603323, "i4": 1.1478821071359198, "i5": 0.4445575629746805, "i6": 0.10972430346562945, "i7": 1.6125476965062293, "r0": 0.898971488464872, "r1": 0.321819963387904, "r2": -8.273953798802076, "r3": 1.02690978001061, "r4": 0.9207093739827994, "r5": -0.14892480939302732, "r6": 0.9628335136559683, "r7": 1.2523512584042344}, "datetime": {"datetime": "2020-01-17 21:01:46", "elapsed": 893.066202, "delta": 30.917414}}
{"target": 12.45, "params": {"d0": 4.912454724874476, "d1": -3.636938741440164, "d2": 1.0000728147151288, "g0": 4.287422495417983, "g1": 0.6195867393685738, "g2": -7.479669198691607, "g3": 1.3342845423815102, "g4": 1.0164692543670815, "g5": -0.2279821322712937, "g6": -0.004584595212378584, "g7": 1.6671057631744535, "i0": 1.343250619531133, "i1": 0.8082780137053801, "i2": -7.047112056001522, "i3": 1.1352971068682858, "i4": 1.0439607459026012, "i5": 0.5685702601525917, "i6": 0.8325796515930788, "i7": 1.1028228866045435, "r0": 2.9267422946912554, "r1": 0.8982050460171371, "r2": -5.538827809655703, "r3": 1.4374946443870522, "r4": 0.9394954452284855, "r5": 0.17412987871007313, "r6": 0.5236805646502232, "r7": 1.1510263066855326}, "datetime": {"datetime": "2020-01-17 21:02:20", "elapsed": 926.322751, "delta": 33.256549}}
{"target": 6.7, "params": {"d0": 0.068837562788584, "d1": -5.832760376293039, "d2": 1.4507855134853873, "g0": 1.7151405491520326, "g1": 0.7797442954825999, "g2": -8.252636871725926, "g3": 0.9735622690419619, "g4": 0.8722988604190485, "g5": 0.34683330263420165, "g6": 0.5489614355452213, "g7": 1.6573470497438108, "i0": 1.2669801724314982, "i1": 0.6923601216234089, "i2": -7.727024590840505, "i3": 1.0397192927450718, "i4": 0.9859610608338436, "i5": -0.2315073414078045, "i6": -0.41351778913811543, "i7": 1.5948112895525337, "r0": 3.5365830134084977, "r1": 0.6135886945028356, "r2": -3.516872438368754, "r3": 0.8359525713738062, "r4": 0.8747233994694312, "r5": 0.02268006964141256, "r6": 0.8129990895318087, "r7": 1.1023487857019443}, "datetime": {"datetime": "2020-01-17 21:03:06", "elapsed": 972.715376, "delta": 46.392625}}
{"target": 20.5, "params": {"d0": 2.3141955935412994, "d1": -5.710676659700971, "d2": 1.097831348735613, "g0": 0.8075538524300596, "g1": 0.34244064113481054, "g2": -7.381195958964798, "g3": 1.3756215545835833, "g4": 1.2001661228882008, "g5": -0.11737734677097023, "g6": 0.4105231911835583, "g7": 1.060012171292842, "i0": 2.548066471087793, "i1": 0.29694708578690454, "i2": -1.403490464307989, "i3": 1.237278704725112, "i4": 1.1167370063112105, "i5": -0.6003979198893132, "i6": 0.2058818192483285, "i7": 1.9852300575455697, "r0": 4.741495870363325, "r1": 0.6450856402604436, "r2": -8.482751289680264, "r3": 1.211301478975924, "r4": 1.0828310562719639, "r5": -0.05013465974199671, "r6": 0.14205620420240517, "r7": 1.559196731223833}, "datetime": {"datetime": "2020-01-17 21:03:39", "elapsed": 1005.522875, "delta": 32.807499}}
{"target": 12.7, "params": {"d0": 4.249849442579827, "d1": -2.4887895962806263, "d2": 1.1634884322377865, "g0": 4.62352090768014, "g1": 0.06473998344154885, "g2": -0.08653491268190905, "g3": 0.7423956341343916, "g4": 0.8997477730692807, "g5": -0.12359574136870255, "g6": -0.33873668572224847, "g7": 1.586037452097472, "i0": 0.23996282024433657, "i1": 0.28462388100694214, "i2": -9.38963318880329, "i3": 1.2628154648840648, "i4": 1.1342280837947412, "i5": -0.1942710507990364, "i6": -0.2177086099552682, "i7": 1.7217053119329397, "r0": 1.7018964538273362, "r1": 0.7953011674056428, "r2": -5.1209906082037975, "r3": 1.1205355554807834, "r4": 0.8142454247457837, "r5": 0.23077123180645076, "r6": 0.025984753648251147, "r7": 1.1521255300212723}, "datetime": {"datetime": "2020-01-17 21:04:16", "elapsed": 1042.67394, "delta": 37.151065}}
{"target": 15.7, "params": {"d0": 2.169416881058503, "d1": -6.175325427290824, "d2": 1.0758312320690882, "g0": 4.8974167708990315, "g1": 0.36437807036823044, "g2": -2.255898666639605, "g3": 1.142214077239914, "g4": 1.2445655445537414, "g5": -0.23207543816068488, "g6": -0.1317219797202388, "g7": 1.9021211636226654, "i0": 0.21767131878882684, "i1": 0.9507534280610023, "i2": -4.435930843290747, "i3": 1.00109057334967, "i4": 1.2975261611695557, "i5": -0.7066197661637894, "i6": 0.27505953965141816, "i7": 0.9342067830011027, "r0": 2.855878695931167, "r1": 0.18046850899511557, "r2": -3.690407996604695, "r3": 1.4847389406004652, "r4": 1.2374512756061904, "r5": -0.07706200092660698, "r6": 0.5626913050775757, "r7": 1.7552156250035083}, "datetime": {"datetime": "2020-01-17 21:04:49", "elapsed": 1075.906504, "delta": 33.232564}}
{"target": 9.3, "params": {"d0": 2.474215420912818, "d1": -4.714665098224349, "d2": 0.8206275186977541, "g0": 1.8469996280595313, "g1": 0.14222125307278666, "g2": -2.7310624665543735, "g3": 1.0816103955218106, "g4": 1.0244394183533827, "g5": 0.6175967538645621, "g6": 0.29142815846734216, "g7": 1.349999915108546, "i0": 1.3444601110632293, "i1": 0.07201203516976995, "i2": -5.818638662746842, "i3": 0.7206027859252666, "i4": 0.945576970276214, "i5": 0.0056152157574344, "i6": 0.9488995975295835, "i7": 1.0203212056129431, "r0": 3.3652052710831097, "r1": 0.49993237109919997, "r2": -2.2290177072421704, "r3": 0.8148855982993674, "r4": 0.8416013182179378, "r5": -0.16125023143607398, "r6": 0.6954433779698501, "r7": 1.1108433128008792}, "datetime": {"datetime": "2020-01-17 21:05:19", "elapsed": 1105.383405, "delta": 29.476901}}
{"target": 8.9, "params": {"d0": 3.83888596073637, "d1": -7.0970200293813175, "d2": 0.8735131900894362, "g0": 0.08357794538503216, "g1": 0.3986590599223787, "g2": -6.189185087065477, "g3": 1.2274759489562919, "g4": 0.8354592002351937, "g5": -0.5558336207323651, "g6": -0.4751361756485988, "g7": 1.0251759920921475, "i0": 3.258946380050452, "i1": 0.4026568521749192, "i2": -6.789736858326841, "i3": 1.1463295953950179, "i4": 1.296730231549925, "i5": 0.5351784224288474, "i6": 0.5494347735993759, "i7": 1.910084448045264, "r0": 0.19864353341542407, "r1": 0.07033344161552524, "r2": -5.259937100119454, "r3": 0.9793339303656619, "r4": 1.2686260310642246, "r5": -0.01669606216773034, "r6": 0.30947366514002583, "r7": 1.884786402304343}, "datetime": {"datetime": "2020-01-17 21:05:47", "elapsed": 1133.840841, "delta": 28.457436}}
{"target": 15.75, "params": {"d0": 2.2331752291184523, "d1": -1.2296561072964813, "d2": 0.9028653994973026, "g0": 1.369048520790543, "g1": 0.32836139008759013, "g2": -4.524357295190465, "g3": 0.8761029392215849, "g4": 1.1357145855406368, "g5": -0.5715307475151994, "g6": -0.35884958825054086, "g7": 1.8572109208259155, "i0": 1.1843435177849926, "i1": 0.3860040110225955, "i2": -4.284579072746677, "i3": 1.120641575961176, "i4": 0.8380119397210535, "i5": 0.5986014969568454, "i6": 0.9267034276280381, "i7": 1.793758034592139, "r0": 1.4190091747343714, "r1": 0.5278467961179595, "r2": -6.6058327598239055, "r3": 1.1437338486301334, "r4": 1.2872017344565014, "r5": -0.3012753316496298, "r6": 0.5031949088843046, "r7": 1.2585639280398846}, "datetime": {"datetime": "2020-01-17 21:06:20", "elapsed": 1167.076401, "delta": 33.23556}}
{"target": 13.05, "params": {"d0": 3.872386330075398, "d1": -6.741900333867951, "d2": 1.4118618731579, "g0": 3.7585386045963345, "g1": 0.7626320954451107, "g2": -5.305209714400743, "g3": 0.8686116019749642, "g4": 0.8207375397882495, "g5": -0.2850739200476088, "g6": -0.4443310032590084, "g7": 1.66324095251129, "i0": 3.351750159680842, "i1": 0.430471782744975, "i2": -2.32211022341827, "i3": 1.128806795791651, "i4": 0.8199299633177264, "i5": -0.5843310112629135, "i6": -0.20987540147762246, "i7": 1.2692301812811149, "r0": 0.26156473218738374, "r1": 0.6051167805003662, "r2": -4.879389724760812, "r3": 1.1939688096137249, "r4": 1.0161777973821722, "r5": 0.5563207491799005, "r6": 0.18108858408872697, "r7": 0.916943871771113}, "datetime": {"datetime": "2020-01-17 21:06:57", "elapsed": 1203.999201, "delta": 36.9228}}
{"target": 11.95, "params": {"d0": 4.365340742235498, "d1": -3.4379845225590113, "d2": 1.3584024325187767, "g0": 4.758878465169259, "g1": 0.050912383516887205, "g2": -7.649281359089855, "g3": 0.7506747547650718, "g4": 1.0108289430162256, "g5": 0.5821266328023231, "g6": -0.37756402592739785, "g7": 1.4204231481744665, "i0": 0.6277155490436181, "i1": 0.7728856021671178, "i2": -1.5857784320415664, "i3": 0.7346327505489268, "i4": 1.0432203715851975, "i5": -0.4169423293795905, "i6": 0.9287106725398888, "i7": 1.938281890562176, "r0": 3.0696700119235043, "r1": 0.9734873973251963, "r2": -6.55138656283749, "r3": 1.4182805741341453, "r4": 1.0172974867042548, "r5": -0.4226965805639781, "r6": 0.9112419448020992, "r7": 1.6526398560815503}, "datetime": {"datetime": "2020-01-17 21:07:32", "elapsed": 1238.616337, "delta": 34.617136}}
{"target": 13.9, "params": {"d0": 0.32455792669564665, "d1": -1.2957514317693395, "d2": 1.2611042357066768, "g0": 3.0246343648714085, "g1": 0.7323748991793305, "g2": -7.465609575002192, "g3": 1.1803911642196354, "g4": 1.2073095906308278, "g5": -0.7134181434816003, "g6": -0.30423399299110104, "g7": 1.826690390952055, "i0": 3.0917293466394273, "i1": 0.531287810481058, "i2": -7.517092710029014, "i3": 0.9360628601995966, "i4": 1.236343082459731, "i5": -0.12533450424046522, "i6": -0.4033546166305898, "i7": 1.8866835764583407, "r0": 1.0169041641202554, "r1": 0.8262275354923914, "r2": -1.1822937691719275, "r3": 1.0894005958546704, "r4": 1.0992323465523182, "r5": 0.04362793037666712, "r6": 0.4372319412782486, "r7": 1.8405458934820866}, "datetime": {"datetime": "2020-01-17 21:08:08", "elapsed": 1274.35834, "delta": 35.742003}}
{"target": 18.55, "params": {"d0": 1.4106972420243031, "d1": -1.1624449181939909, "d2": 1.1541522640953195, "g0": 0.5755152048345169, "g1": 0.22700116521465796, "g2": -4.0401761438698625, "g3": 0.8915569895237443, "g4": 0.8657078302687303, "g5": -0.5410436574018638, "g6": 0.7673087773536085, "g7": 1.5624020192819819, "i0": 4.81783543594171, "i1": 0.34567921329602547, "i2": -4.043749018650503, "i3": 1.1791882311787358, "i4": 1.1078521436019744, "i5": -0.7053164685028442, "i6": 0.6254757768620287, "i7": 1.9430304480063878, "r0": 2.6733952858979437, "r1": 0.1925560209550684, "r2": -2.4707408502005777, "r3": 0.705855175462291, "r4": 0.9641280518253905, "r5": 0.6681701562310292, "r6": 0.38255099934081516, "r7": 1.8407093122945488}, "datetime": {"datetime": "2020-01-17 21:08:43", "elapsed": 1309.362104, "delta": 35.003764}}
{"target": 7.1, "params": {"d0": 3.023360261745939, "d1": -1.7742184747612892, "d2": 1.4035868187434535, "g0": 1.604931872622266, "g1": 0.12295477155217849, "g2": -2.786966558134292, "g3": 1.0522776694649907, "g4": 0.8633678545710044, "g5": 0.14371783697582274, "g6": -0.4458975281452101, "g7": 1.1202003280520856, "i0": 3.9415059483398447, "i1": 0.012096760015357866, "i2": -6.9665432829143095, "i3": 0.7171007688704565, "i4": 1.2987424963641647, "i5": 0.13124796214953882, "i6": -0.059935582270915055, "i7": 1.9218444080824275, "r0": 2.5355971177410224, "r1": 0.4546922275524069, "r2": -4.121284937038135, "r3": 0.9113101153684556, "r4": 0.9526441496737167, "r5": -0.20535267724130812, "r6": -0.13332800094258368, "r7": 1.5430019927282927}, "datetime": {"datetime": "2020-01-17 21:09:15", "elapsed": 1342.08369, "delta": 32.721586}}
{"target": 15.8, "params": {"d0": 3.479230669661632, "d1": -9.280527798359989, "d2": 1.4768666557003711, "g0": 3.7653532793472744, "g1": 0.8061631629534083, "g2": -2.4835959591870953, "g3": 0.7640487818169738, "g4": 1.0408481415105886, "g5": -0.08692326975735032, "g6": 0.5087089757873948, "g7": 1.3936109847067542, "i0": 3.5215669919195483, "i1": 0.6816453376026229, "i2": -3.028514712472438, "i3": 1.194880594049229, "i4": 0.8754903666398229, "i5": 0.4172839300892097, "i6": 0.6715687332909355, "i7": 1.8945132845051855, "r0": 1.1688434630205298, "r1": 0.17667889307234141, "r2": -6.089008768932375, "r3": 0.9564517231961281, "r4": 1.207738464502813, "r5": 0.18164143946949063, "r6": 0.6400026285246234, "r7": 1.3704316096666607}, "datetime": {"datetime": "2020-01-17 21:09:52", "elapsed": 1378.866119, "delta": 36.782429}}
{"target": 19.05, "params": {"d0": 0.49720281457794613, "d1": -8.849649879497537, "d2": 0.9987257053897562, "g0": 0.9692388375475358, "g1": 0.8207464986229382, "g2": -4.003639915762832, "g3": 1.251076207214932, "g4": 1.045554980652148, "g5": -0.6589221100125103, "g6": -0.14738354497074452, "g7": 1.4077622889807841, "i0": 0.9929575152696313, "i1": 0.0254762357788203, "i2": -2.706023017438474, "i3": 1.2799333977752951, "i4": 0.9651958731808514, "i5": 0.5495906017018488, "i6": 0.14266371392661015, "i7": 1.8511547592398878, "r0": 3.2853271231144476, "r1": 0.5810356574180902, "r2": -7.99272511964909, "r3": 1.123637288382716, "r4": 1.2472162092137862, "r5": -0.3120096386636544, "r6": 0.80641841374158, "r7": 1.899619800144227}, "datetime": {"datetime": "2020-01-17 21:10:33", "elapsed": 1419.923693, "delta": 41.057574}}
{"target": 10.65, "params": {"d0": 1.6492228134094118, "d1": -3.1692563366343585, "d2": 1.419376759652775, "g0": 0.3784844087915168, "g1": 0.8785878632047704, "g2": -8.091606367315194, "g3": 1.3798151280143445, "g4": 1.133559394349602, "g5": -0.24905728727991383, "g6": -0.2729366450108015, "g7": 1.5989080576372987, "i0": 4.238940218573708, "i1": 0.8218493747640105, "i2": -3.7176040286934224, "i3": 1.4650412078041857, "i4": 1.0949615635378849, "i5": -0.48346754456332913, "i6": 0.1439960839247385, "i7": 1.2704205985712842, "r0": 4.959725059536405, "r1": 0.38023649611726473, "r2": -0.07299126335182038, "r3": 1.1150434005867313, "r4": 0.8861398507385627, "r5": -0.6806814859976322, "r6": 0.055458540660831446, "r7": 1.0357607457962028}, "datetime": {"datetime": "2020-01-17 21:10:59", "elapsed": 1445.778291, "delta": 25.854598}}
{"target": 16.45, "params": {"d0": 3.1725935814592083, "d1": -5.860801542705911, "d2": 1.49273250602036, "g0": 4.649778118266589, "g1": 0.14923603230975002, "g2": -6.051177374631996, "g3": 1.069263768769909, "g4": 1.0804743775609726, "g5": 0.44858163726282974, "g6": 0.23079086361013568, "g7": 1.3619929072112649, "i0": 1.3099985235966782, "i1": 0.9108061390867584, "i2": -9.777284884671959, "i3": 1.3568975185751717, "i4": 0.8942341998332093, "i5": 0.29721103867607557, "i6": 0.032814084009465616, "i7": 1.9716338906846005, "r0": 0.6138606472470998, "r1": 0.18756989261723955, "r2": -1.1055752453552117, "r3": 1.1667250516865824, "r4": 0.9546231923293899, "r5": -0.7987769832348992, "r6": -0.15860339251662042, "r7": 1.0599439975883593}, "datetime": {"datetime": "2020-01-17 21:11:41", "elapsed": 1487.755438, "delta": 41.977147}}
{"target": 9.1, "params": {"d0": 1.017169121850453, "d1": -1.0367744319599534, "d2": 1.3984755026157125, "g0": 3.5014471881672486, "g1": 0.47049767615220905, "g2": -1.7286399766771172, "g3": 1.09666111766817, "g4": 0.9817443416424527, "g5": -0.359035035582626, "g6": 0.8871112203075575, "g7": 1.3256881576819215, "i0": 2.464404367156601, "i1": 0.2544381023144221, "i2": -1.1503348116193663, "i3": 1.0066107654442293, "i4": 0.9487873576569377, "i5": 0.34815193951160706, "i6": -0.21369508524153885, "i7": 1.0300118922817423, "r0": 4.184988911067561, "r1": 0.7441359213695352, "r2": -4.094794523528829, "r3": 0.8943132599718965, "r4": 1.1116235725937922, "r5": 0.2213685131858767, "r6": -0.008645833831512295, "r7": 0.9742382773742966}, "datetime": {"datetime": "2020-01-17 21:12:31", "elapsed": 1538.221901, "delta": 50.466463}}
{"target": 4.95, "params": {"d0": 4.402692987821633, "d1": -5.400432689257416, "d2": 1.3110981744531438, "g0": 1.2694431047136985, "g1": 0.5913871822675169, "g2": -5.712048396512023, "g3": 1.0056805140393117, "g4": 0.8633566919234614, "g5": -0.40917333886563867, "g6": -0.3809876255625216, "g7": 1.2331441351893364, "i0": 3.7085240011577767, "i1": 0.6150157249710488, "i2": -3.275889010660742, "i3": 0.7067064636200252, "i4": 1.13918848612566, "i5": 0.005089104868619243, "i6": -0.15363732427373122, "i7": 1.0923861598801146, "r0": 0.9249148277541491, "r1": 0.8442600050750985, "r2": -0.17410210694914596, "r3": 1.4309916998733052, "r4": 0.9736847101864065, "r5": 0.4483593275061819, "r6": 0.319681886052146, "r7": 1.7980866373115316}, "datetime": {"datetime": "2020-01-17 21:12:57", "elapsed": 1563.562513, "delta": 25.340612}}
{"target": 19.6, "params": {"d0": 2.418634755944529, "d1": -4.100487017005962, "d2": 1.3298107580194092, "g0": 0.5011732155156617, "g1": 0.5370071168405407, "g2": -6.340166533303457, "g3": 1.1834454749350978, "g4": 1.2794012578185003, "g5": -0.17148328800486, "g6": 0.08945949691242472, "g7": 1.7697006929485588, "i0": 3.225391995427132, "i1": 0.3938840078553765, "i2": -3.110449517697486, "i3": 1.0232012872435032, "i4": 0.8680565771240611, "i5": -0.07897077012458487, "i6": 0.0016290890459089713, "i7": 1.1397658230672847, "r0": 4.6288740081821995, "r1": 0.6896393990795577, "r2": -4.011791093765781, "r3": 1.2973259776984039, "r4": 1.0709855308857208, "r5": 0.32085291619120415, "r6": 0.8958397288747677, "r7": 1.8488783639557442}, "datetime": {"datetime": "2020-01-17 21:13:41", "elapsed": 1607.889748, "delta": 44.327235}}
{"target": 11.15, "params": {"d0": 0.8372092875326065, "d1": -7.368609760761258, "d2": 0.7572882235534436, "g0": 4.893364025791735, "g1": 0.23638409866037557, "g2": -3.3940164407140125, "g3": 0.7717045591419696, "g4": 0.9053854710435094, "g5": 0.004519013629447288, "g6": -0.34256949750510796, "g7": 1.3277607429641969, "i0": 2.6899386006984045, "i1": 0.33920418488509996, "i2": -4.440997888734245, "i3": 1.1294146575539712, "i4": 0.9953052493684529, "i5": 0.3140321329617648, "i6": 0.5177236809968861, "i7": 1.6560334643118289, "r0": 2.807456293996871, "r1": 0.3580799140129358, "r2": -3.868876646329877, "r3": 1.4485890132865598, "r4": 1.0984442624729867, "r5": 0.7673442789750804, "r6": 0.16150993061330676, "r7": 1.7135731587583014}, "datetime": {"datetime": "2020-01-17 21:14:40", "elapsed": 1667.17371, "delta": 59.283962}}
{"target": 19.05, "params": {"d0": 0.18801939324800065, "d1": -2.3527336099951395, "d2": 1.1146252642614498, "g0": 0.026582664805516187, "g1": 0.2772001047825985, "g2": -4.651677674801885, "g3": 1.3143703026250493, "g4": 0.8265462977262625, "g5": 0.0784855101608315, "g6": 0.701491833697534, "g7": 1.614541360366327, "i0": 4.657235074964554, "i1": 0.07473144501476114, "i2": -7.231935373994133, "i3": 1.435390003404938, "i4": 1.1825025741490716, "i5": 0.15958455115535786, "i6": 0.7494522157556056, "i7": 1.8856478407325024, "r0": 4.863601764264124, "r1": 0.9985205070898059, "r2": -8.603506663158965, "r3": 0.7564336357949593, "r4": 0.8367333271800617, "r5": -0.776409934560085, "r6": 0.9577301094668891, "r7": 1.004243608102952}, "datetime": {"datetime": "2020-01-17 21:15:25", "elapsed": 1712.087347, "delta": 44.913637}}
{"target": 18.85, "params": {"d0": 4.208684130929249, "d1": -3.148270030923004, "d2": 1.0900457339863345, "g0": 1.7334744067928909, "g1": 0.35364778706700506, "g2": -7.461611176528128, "g3": 1.4288143789589012, "g4": 1.1628212727474345, "g5": -0.7585187315451682, "g6": 0.1922818798706718, "g7": 1.2094313997904926, "i0": 0.1448309308894924, "i1": 0.8846818943092944, "i2": -2.2899464204531768, "i3": 0.9637880633954088, "i4": 1.1982792937683555, "i5": -0.2805786844752055, "i6": -0.0381763342735299, "i7": 1.9209199863507989, "r0": 4.8845808097292505, "r1": 0.5235553047168928, "r2": -0.4806483243207502, "r3": 1.4103971951411718, "r4": 1.0590162807972043, "r5": -0.20360191664402305, "r6": 0.5655318674794141, "r7": 1.4012077671062595}, "datetime": {"datetime": "2020-01-17 21:16:08", "elapsed": 1754.56497, "delta": 42.477623}}
