{"target": 16.2, "params": {"d0": 4.899473824811854, "d1": -9.441636948942335, "d2": 1.1378576828138343, "g0": 4.933651190330084, "g1": 0.3069616795048945, "g2": -7.047538628491438, "g3": 1.1610835837942644, "g4": 0.9471156617619713, "g5": 0.2591503181841721, "g6": -0.029781971221453263, "g7": 1.6645411822061187, "i0": 1.5508661927269558, "i1": 0.19488556291962622, "i2": -6.0303675804625465, "i3": 1.3668212289802724, "i4": 1.1334229670367262, "i5": -0.6443880674273714, "i6": -0.22418563216739074, "i7": 1.0807542254864269, "r0": 2.259910360481412, "r1": 0.6409789419664534, "r2": -5.096529544677505, "r3": 1.422849617615035, "r4": 1.0749470556574834, "r5": 0.5730049213291328, "r6": 0.6406081255359721, "r7": 1.4601321787915094}, "datetime": {"datetime": "2020-01-18 06:22:54", "elapsed": 34560.601777, "delta": 30.499358}}
{"target": 6.15, "params": {"d0": 0.770677253820436, "d1": -8.551832801730486, "d2": 1.355425076598113, "g0": 2.103932155448558, "g1": 0.5485974102355236, "g2": -5.0722161621637385, "g3": 1.0028056490743555, "g4": 0.9889090502786368, "g5": -0.17316530731271418, "g6": 0.5515775708361517, "g7": 1.2836246941633545, "i0": 4.4856393779420625, "i1": 0.43581821185020275, "i2": -1.5455246649126408, "i3": 1.1045610655943294, "i4": 1.0148991804831937, "i5": -0.36212228072537944, "i6": 0.8148077647861751, "i7": 1.4616803466633081, "r0": 4.394257707386592, "r1": 0.6131407881233409, "r2": -4.933493180049716, "r3": 1.4519127995138272, "r4": 0.862677835734494, "r5": -0.6075719341824515, "r6": -0.4549475345068563, "r7": 1.021649439086811}, "datetime": {"datetime": "2020-01-18 06:23:29", "elapsed": 34596.207418, "delta": 35.605641}}
{"target": 5.55, "params": {"d0": 3.690154235073231, "d1": -9.154300363461271, "d2": 0.7815183397382549, "g0": 1.0961163482791387, "g1": 0.8336241655841597, "g2": -4.814459817813727, "g3": 0.8012836735421444, "g4": 0.8495184292970468, "g5": 0.40724533670900764, "g6": -0.3085638682006278, "g7": 1.0118678538322934, "i0": 1.7725818331902266, "i1": 0.3444650864615115, "i2": -8.504034390109682, "i3": 1.0073185107632414, "i4": 0.9445798898390685, "i5": 0.07416282474515223, "i6": 0.6570490946767864, "i7": 1.5796323711946023, "r0": 2.3059953778529736, "r1": 0.04923079513966677, "r2": -8.359935349120732, "r3": 1.4072265193561113, "r4": 1.2312998637449435, "r5": -0.743944689489743, "r6": -0.35761937109409164, "r7": 1.2516921104744005}, "datetime": {"datetime": "2020-01-18 06:23:58", "elapsed": 34624.63988, "delta": 28.432462}}
{"target": 6.25, "params": {"d0": 2.1321630639404954, "d1": -7.779436280976341, "d2": 0.7958823016607152, "g0": 3.4048478641694087, "g1": 0.47452445446436464, "g2": -7.619059751686718, "g3": 1.3396431322605864, "g4": 0.8714490662884011, "g5": -0.7106283231135964, "g6": 0.21423932445734262, "g7": 1.7087708533729606, "i0": 4.563572012140104, "i1": 0.3304324845155501, "i2": -4.35683361720214, "i3": 0.8073486583834066, "i4": 0.8985878808031378, "i5": 0.7892952147761314, "i6": 0.5038666334031237, "i7": 1.1131707500174641, "r0": 1.5882138060730533, "r1": 0.3173937894739455, "r2": -8.159199962417855, "r3": 1.1563554619777752, "r4": 0.9075094710381759, "r5": -0.41455177191925724, "r6": 0.3047152168520235, "r7": 0.9697908207241991}, "datetime": {"datetime": "2020-01-18 06:24:25", "elapsed": 34652.084346, "delta": 27.444466}}
{"target": 19.2, "params": {"d0": 2.5616779465196986, "d1": -9.74737960482836, "d2": 0.8790650803855705, "g0": 1.3497097636134208, "g1": 0.32525392408074805, "g2": -9.501616071082207, "g3": 0.9695026884962965, "g4": 1.2127593757336363, "g5": -0.7242686043563513, "g6": 0.745881657762147, "g7": 1.7848553253644446, "i0": 0.08300476482541619, "i1": 0.9890209924685334, "i2": -3.001638310373399, "i3": 0.7790026112528586, "i4": 1.2660841565500647, "i5": -0.2312224095652713, "i6": 0.4547643934052671, "i7": 1.591632742033589, "r0": 0.422569203108083, "r1": 0.4606477552983068, "r2": -1.3852644111024404, "r3": 1.2572209583054774, "r4": 1.1133307385126736, "r5": -0.0345711894366596, "r6": 0.7001379053143153, "r7": 1.2040567352067477}, "datetime": {"datetime": "2020-01-18 06:24:54", "elapsed": 34680.931388, "delta": 28.847042}}
{"target": 19.75, "params": {"d0": 1.334046952249186, "d1": -8.82599452263344, "d2": 1.1229413143347884, "g0": 1.2671051338815813, "g1": 0.6847179641778091, "g2": -6.694313647414928, "g3": 1.212701866472476, "g4": 1.1334199901940418, "g5": 0.0037692080398714634, "g6": 0.5480796958942085, "g7": 1.1795082824800986, "i0": 1.391483479708782, "i1": 0.9894168696478116, "i2": -7.805898643079793, "i3": 0.8510849692712865, "i4": 1.2360780426828044, "i5": -0.6645518020893628, "i6": 0.48216633298768197, "i7": 1.9353451248684315, "r0": 0.14204228642653083, "r1": 0.7628898373289683, "r2": -7.404935771633534, "r3": 1.2760135606667462, "r4": 1.2726818123282275, "r5": -0.5590296772511648, "r6": 0.49030506182274547, "r7": 1.7867013798947}, "datetime": {"datetime": "2020-01-18 06:25:27", "elapsed": 34713.682953, "delta": 32.751565}}
{"target": 13.85, "params": {"d0": 3.3305238973309947, "d1": -5.694073662893788, "d2": 1.2209067449408328, "g0": 4.801751955039278, "g1": 0.7407485193188666, "g2": -9.389235006527336, "g3": 0.8453033235924216, "g4": 1.2495173929650245, "g5": 0.7734115454977866, "g6": 0.33457729728220875, "g7": 1.6876489745247274, "i0": 0.7672983883491336, "i1": 0.019453029292304524, "i2": -7.2582852781507565, "i3": 1.2353515177536507, "i4": 1.188665694561461, "i5": -0.7774915845079878, "i6": 0.2834517017658469, "i7": 1.600097978961648, "r0": 3.920500037339133, "r1": 0.6632338623070133, "r2": -0.16777109532602985, "r3": 1.490611223969252, "r4": 0.892687977057019, "r5": 0.6405197664451314, "r6": -0.40005768928972313, "r7": 1.1830891962397003}, "datetime": {"datetime": "2020-01-18 06:25:59", "elapsed": 34746.046405, "delta": 32.363452}}
{"target": 19.0, "params": {"d0": 1.1648189019410098, "d1": -4.4583336318827484, "d2": 0.993635120143348, "g0": 1.037829314106287, "g1": 0.357652167131149, "g2": -2.27686335662246, "g3": 0.9979758509562784, "g4": 1.1200524503764853, "g5": 0.0982981943147776, "g6": 0.3309814876990599, "g7": 1.386578259318574, "i0": 0.8012096559122533, "i1": 0.4652094127987322, "i2": -2.975460346402947, "i3": 1.178148062641967, "i4": 0.9450442738232406, "i5": 0.742539428914468, "i6": 0.16490244361562323, "i7": 1.9816502133079128, "r0": 2.1586609703955695, "r1": 0.42191764951310706, "r2": -6.921072287236898, "r3": 0.7972264800789786, "r4": 1.1874370954786302, "r5": 0.11645063225363539, "r6": 0.9884999643085421, "r7": 1.5889720565040466}, "datetime": {"datetime": "2020-01-18 06:26:31", "elapsed": 34778.228033, "delta": 32.181628}}
{"target": 5.45, "params": {"d0": 4.560518354886795, "d1": -4.45720229562972, "d2": 1.4769221429077404, "g0": 1.826902996133271, "g1": 0.5928662899664372, "g2": -5.024632564827645, "g3": 1.0923205406390908, "g4": 0.9369107681929649, "g5": 0.5980047098196122, "g6": -0.32246923232990654, "g7": 0.9277594604843834, "i0": 4.310959253616854, "i1": 0.37724844880315467, "i2": -3.044008464886164, "i3": 0.8932036394438458, "i4": 1.1237716389825638, "i5": 0.29677708286446136, "i6": -0.11615040346072131, "i7": 1.4547287156998499, "r0": 4.020467531699047, "r1": 0.338747633020935, "r2": -4.850734221336714, "r3": 0.7666304091241182, "r4": 1.0660435773390236, "r5": -0.2528662435675948, "r6": 0.5960449647134816, "r7": 1.2877411181718936}, "datetime": {"datetime": "2020-01-18 06:27:00", "elapsed": 34806.595574, "delta": 28.367541}}
{"target": 10.95, "params": {"d0": 2.600675116713345, "d1": -4.545745289365577, "d2": 1.4727821737651117, "g0": 1.929772226362188, "g1": 0.7596575691653605, "g2": -8.695325469813486, "g3": 1.3163938734044613, "g4": 0.9574786919400923, "g5": -0.30552887480658897, "g6": -0.23354070097470075, "g7": 1.037588382818794, "i0": 2.4148867445182, "i1": 0.8237252025234156, "i2": -4.51816732679236, "i3": 1.2507358446978944, "i4": 1.1678433517798157, "i5": 0.3207182193904745, "i6": 0.4785918015956918, "i7": 1.0876965824608653, "r0": 2.0922455747524853, "r1": 0.5880553714880196, "r2": -5.678006216897461, "r3": 1.2929242119823599, "r4": 0.9250525255192097, "r5": -0.2189898695209206, "r6": -0.21931479445955354, "r7": 1.410764043785053}, "datetime": {"datetime": "2020-01-18 06:27:35", "elapsed": 34841.554877, "delta": 34.959303}}
{"target": 20.8, "params": {"d0": 2.9798809693863975, "d1": -4.086411133519406, "d2": 1.1870317868508033, "g0": 0.1700480792041581, "g1": 0.19315655296796808, "g2": -9.862503957649203, "g3": 0.9626462129396467, "g4": 1.0301876971554182, "g5": 0.032757666708925326, "g6": 0.6769315761568291, "g7": 1.2568574244917547, "i0": 4.946085574739176, "i1": 0.884290803469472, "i2": -4.661002735214852, "i3": 1.0865810321930605, "i4": 1.2721166188910646, "i5": -0.17251968081391045, "i6": 0.6391755351211363, "i7": 0.9030364648964997, "r0": 4.140013937427279, "r1": 0.4550087962503181, "r2": -2.111098094271809, "r3": 0.8212994448175784, "r4": 1.0485200253447153, "r5": -0.13193701208685593, "r6": 0.11083170809783971, "r7": 1.154293254138697}, "datetime": {"datetime": "2020-01-18 06:28:06", "elapsed": 34872.517759, "delta": 30.962882}}
{"target": 2.3, "params": {"d0": 1.9276457400829332, "d1": -4.867330905134015, "d2": 1.2801478491335962, "g0": 1.1658229797748199, "g1": 0.5567513840807877, "g2": -1.241120371581836, "g3": 0.7429006427453512, "g4": 0.813120147304347, "g5": -0.31380867419056124, "g6": 0.12171936457558619, "g7": 1.4041741389778752, "i0": 3.3155978335330127, "i1": 0.33277799182925905, "i2": -7.659375726715676, "i3": 0.8211276642176847, "i4": 1.0665301402673752, "i5": -0.3477975673966162, "i6": 0.4631755327268259, "i7": 1.7162010919996298, "r0": 3.587080856844218, "r1": 0.6842196602579507, "r2": -7.590473211711189, "r3": 0.8803457537531769, "r4": 0.9981947440205319, "r5": 0.04396695382227578, "r6": 0.42166686926745667, "r7": 1.4182903412614194}, "datetime": {"datetime": "2020-01-18 06:28:41", "elapsed": 34908.107403, "delta": 35.589644}}
{"target": 15.7, "params": {"d0": 4.696859405751079, "d1": -4.885360679047176, "d2": 0.9195047286463822, "g0": 3.079047001670669, "g1": 0.13448373690450133, "g2": -8.145776403022188, "g3": 0.8788112413482763, "g4": 1.2678563436431989, "g5": -0.5786804274764509, "g6": 0.7434477076044075, "g7": 1.662954797442668, "i0": 0.6419203866175976, "i1": 0.34286349916312364, "i2": -5.291117291779377, "i3": 1.3712739586466502, "i4": 1.2642603820981746, "i5": -0.3597414204658609, "i6": 0.10245883867162386, "i7": 1.9488307713800244, "r0": 2.0374870084649426, "r1": 0.883201777962048, "r2": -4.377495604012381, "r3": 1.0730421689087546, "r4": 1.1137423929403334, "r5": -0.386801208318048, "r6": 0.0098168407917123, "r7": 1.2809775855965162}, "datetime": {"datetime": "2020-01-18 06:29:12", "elapsed": 34938.416463, "delta": 30.30906}}
{"target": 10.3, "params": {"d0": 0.6206206825684396, "d1": -4.35661104661902, "d2": 1.421606399276606, "g0": 3.2055240728446996, "g1": 0.09388166028272393, "g2": -6.889314083378405, "g3": 0.9848905877232765, "g4": 0.9943091600084705, "g5": 0.007908060604962075, "g6": -0.19752771338363428, "g7": 1.6197371756112622, "i0": 4.953216597154284, "i1": 0.38060339492413187, "i2": -2.167174339336375, "i3": 0.7080920253826133, "i4": 0.8891858188393789, "i5": 0.20561578471352204, "i6": 0.0072894090607096285, "i7": 1.0643305141605675, "r0": 2.715328722727124, "r1": 0.1581207971048999, "r2": -1.4849122914877544, "r3": 1.4710486772654805, "r4": 0.9328646903736696, "r5": 0.2522740938949697, "r6": 0.0985776749774191, "r7": 1.8775361657458358}, "datetime": {"datetime": "2020-01-18 06:29:54", "elapsed": 34980.46353, "delta": 42.047067}}
{"target": 8.05, "params": {"d0": 3.4972320438330144, "d1": -7.294444961739829, "d2": 1.4327909614957302, "g0": 1.1405964038890533, "g1": 0.6866978558297674, "g2": -7.917666200346307, "g3": 1.3744897306945487, "g4": 0.8941024295339941, "g5": 0.4416961689575558, "g6": -0.4655344910115833, "g7": 1.239690380519539, "i0": 3.679295408984883, "i1": 0.2872623285301905, "i2": -9.001761739972569, "i3": 1.1885810292033825, "i4": 1.228736933899823, "i5": -0.5306680589290727, "i6": -0.4827267229826118, "i7": 1.7646681358540475, "r0": 1.914751147539192, "r1": 0.39494933623578177, "r2": -8.45108325223862, "r3": 1.230998166852601, "r4": 1.2273006969089355, "r5": 0.5470289170859954, "r6": 0.6074832992010921, "r7": 1.130148067678624}, "datetime": {"datetime": "2020-01-18 06:30:17", "elapsed": 35003.945048, "delta": 23.481518}}
{"target": 16.2, "params": {"d0": 4.467068195649256, "d1": -6.84940159333093, "d2": 0.746580104644202, "g0": 4.216954857189414, "g1": 0.6878377304050948, "g2": -6.057192408279066, "g3": 1.016699207213561, "g4": 1.0679739333891476, "g5": 0.6747984525535651, "g6": 0.6211941141121882, "g7": 1.6181344532678745, "i0": 3.38057076270063, "i1": 0.3341648708367947, "i2": -0.869066430463759, "i3": 0.9339519247651454, "i4": 1.0913116086181491, "i5": 0.4118449396805366, "i6": 0.8071061815312937, "i7": 1.9615061350726015, "r0": 1.3062271083588524, "r1": 0.06043451632915453, "r2": -8.583423224397789, "r3": 0.8043486596748978, "r4": 1.1516804373531253, "r5": -0.6886864673086219, "r6": 0.3029143585875316, "r7": 1.817203187865108}, "datetime": {"datetime": "2020-01-18 06:30:46", "elapsed": 35032.720663, "delta": 28.775615}}
{"target": 11.0, "params": {"d0": 0.48747167822679127, "d1": -7.589208600016817, "d2": 0.8614976812863876, "g0": 3.1499707528046708, "g1": 0.02813297750631194, "g2": -2.2324554551604585, "g3": 1.0614948701276712, "g4": 1.115578713579257, "g5": 0.4271328075060432, "g6": -0.19828828499382095, "g7": 1.694372616378598, "i0": 0.6514776036356734, "i1": 0.7557160628712692, "i2": -5.157712129477751, "i3": 0.7447510354643229, "i4": 0.9667068585791653, "i5": -0.32811918946631113, "i6": 0.33760336030235205, "i7": 1.7287799215404858, "r0": 4.200071887546502, "r1": 0.6792484855640031, "r2": -1.2114043542271649, "r3": 1.1210767481953101, "r4": 0.9016241519863577, "r5": 0.35867721185456625, "r6": 0.8957684256029081, "r7": 1.7726325010897084}, "datetime": {"datetime": "2020-01-18 06:31:30", "elapsed": 35077.220222, "delta": 44.499559}}
{"target": 10.65, "params": {"d0": 0.1271446467628068, "d1": -5.052499592859224, "d2": 1.0712172795136723, "g0": 4.8570421707569675, "g1": 0.24122597881018826, "g2": -1.129096223465103, "g3": 1.0097768750506693, "g4": 1.2095404046080493, "g5": 0.5551301888593565, "g6": 0.953560077843681, "g7": 1.4811303135442802, "i0": 0.5148313787444742, "i1": 0.660193419862484, "i2": -5.887240730284686, "i3": 0.735258041833963, "i4": 1.0979041346198393, "i5": -0.6401256633898609, "i6": -0.022686787147348286, "i7": 1.1596208880802723, "r0": 2.419298738522368, "r1": 0.156393515754369, "r2": -0.5616824492971197, "r3": 1.1103857197848932, "r4": 1.1499718908774952, "r5": -0.3402670438746979, "r6": 0.9107241018349022, "r7": 1.24232589479936}, "datetime": {"datetime": "2020-01-18 06:32:16", "elapsed": 35122.918558, "delta": 45.698336}}
{"target": 11.8, "params": {"d0": 1.579195376589776, "d1": -6.798446277928808, "d2": 0.8535196274624651, "g0": 1.958306119136518, "g1": 0.5267168514234859, "g2": -5.1628155096539, "g3": 1.305844250941587, "g4": 0.9371270748580112, "g5": 0.003970614863866628, "g6": -0.3448636444615937, "g7": 1.6971111035129551, "i0": 3.5237612319568665, "i1": 0.40404471896793936, "i2": -0.9197551241013464, "i3": 0.8505804183497796, "i4": 0.8594207848387883, "i5": 0.40331024596336174, "i6": 0.8395376986135585, "i7": 1.312413987806652, "r0": 3.201522284078747, "r1": 0.6660197226272956, "r2": -4.454445213286723, "r3": 1.3216446053945483, "r4": 0.9956354767088473, "r5": 0.21561162605513795, "r6": 0.24013860797103836, "r7": 1.950538387334623}, "datetime": {"datetime": "2020-01-18 06:32:47", "elapsed": 35153.828499, "delta": 30.909941}}
{"target": 17.6, "params": {"d0": 0.3795460775664877, "d1": -4.814673343260828, "d2": 0.8093317806495963, "g0": 1.4514129131230806, "g1": 0.7322112149514259, "g2": -9.028443449713288, "g3": 1.2493573105682585, "g4": 1.2925373235012843, "g5": 0.4149545920906754, "g6": -0.18549546470570905, "g7": 1.5189694662878992, "i0": 2.511751588039811, "i1": 0.03597928584932897, "i2": -8.564027757501094, "i3": 0.7855722910321061, "i4": 0.8656130483994442, "i5": -0.17535778624737797, "i6": 0.6951431359153917, "i7": 1.3883435693078683, "r0": 0.7190633180995287, "r1": 0.1159328009106374, "r2": -6.743577363281038, "r3": 1.3357656041876438, "r4": 0.9242863992232471, "r5": 0.6591083406541232, "r6": -0.08970462899522286, "r7": 1.1822417373076133}, "datetime": {"datetime": "2020-01-18 06:33:20", "elapsed": 35186.545574, "delta": 32.717075}}
{"target": 16.45, "params": {"d0": 4.104939078197339, "d1": -4.783770843172058, "d2": 0.9898243950028649, "g0": 3.010627132599613, "g1": 0.48397131213581623, "g2": -6.99466165983562, "g3": 1.2864897868549865, "g4": 1.1467523507067388, "g5": -0.10322523564996566, "g6": 0.7219021405754966, "g7": 1.953975565734806, "i0": 0.6809049453636762, "i1": 0.7335293301004576, "i2": -5.832066724391817, "i3": 1.0658135899611096, "i4": 1.212416328476635, "i5": -0.12471212698462719, "i6": 0.01891111998979078, "i7": 1.2635037907321083, "r0": 3.175499159815925, "r1": 0.7656167334259206, "r2": -9.60379485840509, "r3": 0.9119171849870704, "r4": 1.1704613033386142, "r5": -0.3828452357781636, "r6": 0.9917552361833437, "r7": 1.1769077152304614}, "datetime": {"datetime": "2020-01-18 06:33:48", "elapsed": 35215.040983, "delta": 28.495409}}
{"target": 13.3, "params": {"d0": 0.11443552287377146, "d1": -2.2306716651752367, "d2": 1.350131137292929, "g0": 4.2649598891584235, "g1": 0.9201095236564814, "g2": -3.751621810205778, "g3": 0.8732872982060953, "g4": 0.8900109854145226, "g5": 0.13504895322039, "g6": 0.8686460507308502, "g7": 1.3167237877488545, "i0": 4.459834614421804, "i1": 0.5147313223642754, "i2": -9.635031095561189, "i3": 1.2767616111350972, "i4": 1.0879144037447745, "i5": 0.20718667216190512, "i6": -0.06629125380923134, "i7": 1.2926140573864124, "r0": 0.45086595564091114, "r1": 0.9301448388404835, "r2": -1.6415364484681962, "r3": 1.1839818075958424, "r4": 1.0637906680915212, "r5": -0.6353463235339318, "r6": 0.28229635559924615, "r7": 1.0325683210137937}, "datetime": {"datetime": "2020-01-18 06:34:31", "elapsed": 35257.43969, "delta": 42.398707}}
{"target": 7.05, "params": {"d0": 2.2641051132698338, "d1": -3.434070320272954, "d2": 0.9641326694338421, "g0": 2.3322409834537003, "g1": 0.16143144775146967, "g2": -8.567626200336598, "g3": 0.9434976985675516, "g4": 1.1261332195314377, "g5": -0.40861927273108894, "g6": -0.3885061163335248, "g7": 1.5496938441955437, "i0": 2.1898122370737956, "i1": 0.9925678252792265, "i2": -3.5866622518909894, "i3": 1.0394382612233364, "i4": 0.8013729515083428, "i5": -0.4603066995479077, "i6": -0.13799826672255083, "i7": 1.9394013393908227, "r0": 4.824694337404466, "r1": 0.702397736520477, "r2": -2.8986765332130737, "r3": 0.8013790663126877, "r4": 1.2224437345272368, "r5": 0.7929512633591409, "r6": 0.34750633763469996, "r7": 1.936504047114966}, "datetime": {"datetime": "2020-01-18 06:34:59", "elapsed": 35285.504029, "delta": 28.064339}}
{"target": 12.35, "params": {"d0": 1.0562696611221574, "d1": -5.5468739838204195, "d2": 0.8848845475694971, "g0": 1.4400001713761845, "g1": 0.2319867718710925, "g2": -6.44319075639523, "g3": 0.9634906644985395, "g4": 0.8389982512397318, "g5": 0.5849478947234397, "g6": 0.4142927522535975, "g7": 0.901443120662181, "i0": 1.1427639838389947, "i1": 0.1415282741305628, "i2": -0.3528575837147603, "i3": 1.1604241951724645, "i4": 0.9544559837665509, "i5": -0.127486235150573, "i6": 0.5387060105390833, "i7": 1.80667009331792, "r0": 2.496291227932193, "r1": 0.3909538719158834, "r2": -7.880959999665906, "r3": 1.325427389990847, "r4": 0.9477131477536649, "r5": -0.18789301307408102, "r6": -0.2204117472947626, "r7": 1.9826209357451532}, "datetime": {"datetime": "2020-01-18 06:35:31", "elapsed": 35317.505853, "delta": 32.001824}}
{"target": 17.8, "params": {"d0": 0.6553379453379593, "d1": -0.47311164888022184, "d2": 1.1492562333303038, "g0": 0.12669193974013893, "g1": 0.8234189152237864, "g2": -7.602231085185509, "g3": 0.9757637495926546, "g4": 1.2106378431334923, "g5": -0.5421300539395905, "g6": 0.9319734629951848, "g7": 1.4977080297919354, "i0": 3.3092006147853454, "i1": 0.9906815621606914, "i2": -1.6471763817554024, "i3": 0.7861311951222087, "i4": 1.0587078086569846, "i5": 0.01681568043516657, "i6": 0.8939364769904019, "i7": 1.3121456263148494, "r0": 1.73525607222127, "r1": 0.06568326793548074, "r2": -1.4450739965542088, "r3": 1.4269838516045144, "r4": 1.0533758215382165, "r5": 0.2123632524454282, "r6": -0.058216732944740834, "r7": 1.9110179105594658}, "datetime": {"datetime": "2020-01-18 06:36:04", "elapsed": 35350.685469, "delta": 33.179616}}
{"target": 12.85, "params": {"d0": 0.8302496662077252, "d1": -0.5692875987071222, "d2": 1.3985089732696474, "g0": 0.5366608987990429, "g1": 0.48153673443749456, "g2": -0.762647413183366, "g3": 1.408472337371096, "g4": 0.8909461246945467, "g5": -0.5304912694910682, "g6": 0.7246797255803301, "g7": 1.2041847989634022, "i0": 3.6777893645167756, "i1": 0.7533339317452792, "i2": -5.153405018176228, "i3": 0.7686828251766035, "i4": 1.012589736864538, "i5": -0.4858882885844633, "i6": 0.4751011244604566, "i7": 1.2333689661827116, "r0": 2.985030469401014, "r1": 0.06347980022472877, "r2": -2.8269601077024227, "r3": 1.3780792532091684, "r4": 0.9958029448726659, "r5": -0.6894875429054204, "r6": 0.1655204242466689, "r7": 1.7676364291442068}, "datetime": {"datetime": "2020-01-18 06:36:31", "elapsed": 35377.962616, "delta": 27.277147}}
