{"target": 10.55, "params": {"d0": 4.482769684631379, "d1": -0.2652722705164532, "d2": 1.3229403220915388, "g0": 4.166716596303286, "g1": 0.3070893413654556, "g2": -0.6048242128283583, "g3": 1.0621589573659964, "g4": 0.8896528465365465, "g5": 0.15408361535348614, "g6": 0.5261550793276699, "g7": 1.3810779330140777, "i0": 1.8667238068513674, "i1": 0.7043148228719102, "i2": -7.40258907197894, "i3": 1.2490779464807367, "i4": 1.0874603337121587, "i5": -0.26398863688189145, "i6": 0.5150355812424934, "i7": 0.9471853907536115, "r0": 2.744126548116318, "r1": 0.5955994245054923, "r2": -7.12780324146121, "r3": 0.985025357637312, "r4": 1.2315092495288311, "r5": 0.19099345616699437, "r6": 0.4599128016598061, "r7": 1.015072095601851}, "datetime": {"datetime": "2020-01-17 23:29:57", "elapsed": 9783.498103, "delta": 32.276539}}
{"target": 13.9, "params": {"d0": 1.1895887992525223, "d1": -2.8071938802525462, "d2": 1.259575834202121, "g0": 2.233109370682285, "g1": 0.03925227709235568, "g2": -9.496036599788358, "g3": 0.7708028475927021, "g4": 1.2321632333738823, "g5": -0.5822480527027802, "g6": 0.4873926021242765, "g7": 1.5346627681654228, "i0": 3.632977724758511, "i1": 0.5825688573622932, "i2": -8.20582103788052, "i3": 1.2872668761375772, "i4": 1.0977220067150508, "i5": 0.07389589100732274, "i6": 0.590684891023395, "i7": 1.2453416185022677, "r0": 0.35303750697694647, "r1": 0.08821398358808574, "r2": -6.722726327220813, "r3": 0.8853459373901786, "r4": 1.1741085869942256, "r5": 0.1722221897009133, "r6": -0.35685299375965845, "r7": 1.6918386759311135}, "datetime": {"datetime": "2020-01-17 23:30:41", "elapsed": 9827.994666, "delta": 44.496563}}
{"target": 15.05, "params": {"d0": 4.5804890735168176, "d1": -1.756198042310455, "d2": 1.2386472434337454, "g0": 3.883203289566059, "g1": 0.15012411986947383, "g2": -9.344874225592742, "g3": 1.2983839841614735, "g4": 1.2923910123777063, "g5": -0.41561103983252234, "g6": 0.34290393280941167, "g7": 0.9889083539329103, "i0": 2.805933224125095, "i1": 0.4504363851736718, "i2": -7.594477394301954, "i3": 1.1523032411457115, "i4": 1.126996741440585, "i5": 0.6586739029315705, "i6": 0.673965801447733, "i7": 1.97451116395075, "r0": 2.2135915107625976, "r1": 0.14102143762899977, "r2": -5.900317763618101, "r3": 1.333837804571257, "r4": 0.9055182630820728, "r5": -0.5161898984644506, "r6": 0.46765324204643455, "r7": 1.9417404943362868}, "datetime": {"datetime": "2020-01-17 23:31:14", "elapsed": 9860.328647, "delta": 32.333981}}
{"target": 6.5, "params": {"d0": 2.0463165781075765, "d1": -3.0312812072853115, "d2": 1.0231784361893579, "g0": 1.749081078514082, "g1": 0.13296890172545006, "g2": -9.800874070281731, "g3": 0.7957365032243571, "g4": 1.0221202971839467, "g5": 0.3676555998417359, "g6": -0.41946461421012127, "g7": 1.1438345657890414, "i0": 0.15532249870289283, "i1": 0.8333244024612799, "i2": -6.1812428209542505, "i3": 0.9276633735426726, "i4": 1.191835802583746, "i5": -0.35375427797538406, "i6": -0.07877382471922922, "i7": 1.9285014864007692, "r0": 0.8210744798958614, "r1": 0.03791006576067213, "r2": -0.43957448228580986, "r3": 0.9449078759462518, "r4": 1.0070379582247493, "r5": 0.47486757824083714, "r6": 0.03427678660163047, "r7": 1.0153437037231619}, "datetime": {"datetime": "2020-01-17 23:31:39", "elapsed": 9886.171748, "delta": 25.843101}}
{"target": 20.5, "params": {"d0": 3.9445038426421237, "d1": -8.70384397403176, "d2": 0.8584319451318294, "g0": 0.6985362687218555, "g1": 0.2216597197007567, "g2": -7.6465306048425425, "g3": 1.281123171183624, "g4": 0.8476220047772981, "g5": 0.269190098711118, "g6": 0.8663982860966337, "g7": 1.5929977459113478, "i0": 1.684422415702143, "i1": 0.8394502548814503, "i2": -1.0143637040885842, "i3": 1.0947667891704222, "i4": 1.0817412526030492, "i5": 0.12906115132671037, "i6": -0.3008641337859832, "i7": 1.3103667422846819, "r0": 4.058070824204368, "r1": 0.519604609978901, "r2": -0.6041531352670635, "r3": 1.19265491303501, "r4": 1.1897273871912484, "r5": -0.4031538085575262, "r6": 0.338961462059054, "r7": 1.7917033182656046}, "datetime": {"datetime": "2020-01-17 23:32:14", "elapsed": 9920.620584, "delta": 34.448836}}
{"target": 19.35, "params": {"d0": 0.7635550500539978, "d1": -4.598409554282872, "d2": 1.1882410343265173, "g0": 0.9352840509462557, "g1": 0.6368905608918393, "g2": -9.324251970955132, "g3": 1.3236317146909262, "g4": 0.9629868483612356, "g5": -0.027545219474447435, "g6": 0.07346597995498927, "g7": 1.259675427071096, "i0": 4.938398415070252, "i1": 0.8789978774384485, "i2": -6.977063416258132, "i3": 0.8285176436087976, "i4": 1.0646569995005395, "i5": -0.5791047925700563, "i6": 0.47468571411341265, "i7": 1.156249235247481, "r0": 0.4827830105078351, "r1": 0.02199255006820866, "r2": -1.4093683763167615, "r3": 0.8141679491209026, "r4": 1.0014644959728325, "r5": -0.6502969016754611, "r6": -0.32315952379194757, "r7": 1.3122985565930443}, "datetime": {"datetime": "2020-01-17 23:32:53", "elapsed": 9960.040814, "delta": 39.42023}}
{"target": 4.45, "params": {"d0": 0.8269310826707149, "d1": -2.810477406949258, "d2": 0.8006810898364394, "g0": 3.694168465984794, "g1": 0.8413842839456422, "g2": -9.173193317317182, "g3": 0.7320624743889814, "g4": 1.0467664377714376, "g5": 0.16121352002272005, "g6": 0.5259990416690539, "g7": 1.4261022136111126, "i0": 2.7157948320382586, "i1": 0.5496102012446531, "i2": -2.862179580480781, "i3": 0.8249286899579544, "i4": 0.8108712107631161, "i5": 0.012884461012442783, "i6": 0.9305317651855327, "i7": 0.9276687578954848, "r0": 3.064008188322989, "r1": 0.4938814564466879, "r2": -0.9980395965652402, "r3": 0.7188857096011625, "r4": 1.1297529280169434, "r5": 0.24995331700692214, "r6": 0.8256291777277622, "r7": 1.4900641063476696}, "datetime": {"datetime": "2020-01-17 23:33:36", "elapsed": 10003.118325, "delta": 43.077511}}
{"target": 11.45, "params": {"d0": 3.4532359777973163, "d1": -5.873333486410502, "d2": 1.361272668403028, "g0": 3.425060116856937, "g1": 0.10801302542507507, "g2": -8.601051355606716, "g3": 0.8264575499961988, "g4": 0.8602696608486952, "g5": -0.43155587015964714, "g6": 0.1350435774292974, "g7": 1.6378376580234888, "i0": 1.6831065664278007, "i1": 0.5197543991279365, "i2": -1.7887965850172236, "i3": 1.407673552263925, "i4": 1.1522468631526814, "i5": 0.5351848313557808, "i6": -0.036387307984845574, "i7": 1.7696787966906453, "r0": 4.583313539510313, "r1": 0.038405508555322876, "r2": -5.543712722354125, "r3": 0.891943335026159, "r4": 1.0470077200866736, "r5": 0.18796129257622807, "r6": -0.18642771884273868, "r7": 1.8618700693457684}, "datetime": {"datetime": "2020-01-17 23:34:16", "elapsed": 10042.398731, "delta": 39.280406}}
{"target": 6.65, "params": {"d0": 1.2794582053563386, "d1": -2.8639085920563776, "d2": 1.3817839986629192, "g0": 4.662057311783691, "g1": 0.9557292675096427, "g2": -3.1979919300820514, "g3": 1.2028157532081223, "g4": 1.097982821561198, "g5": -0.023806149137255872, "g6": 0.04064798392567859, "g7": 0.9228418499288831, "i0": 3.7433622789523624, "i1": 0.39367524636684326, "i2": -7.206615504190609, "i3": 1.3220248493702627, "i4": 1.1301329546892063, "i5": 0.6556746304469787, "i6": -0.30857804825373486, "i7": 1.3205944034708916, "r0": 2.886924653467464, "r1": 0.3544976255952339, "r2": -6.519516928579467, "r3": 1.0872709557048597, "r4": 0.8357192193762574, "r5": -0.738102894305942, "r6": 0.7609144666994023, "r7": 0.908105778606001}, "datetime": {"datetime": "2020-01-17 23:35:06", "elapsed": 10092.633915, "delta": 50.235184}}
{"target": 1.05, "params": {"d0": 3.5187890192611224, "d1": -5.544368970211253, "d2": 1.4756076567474794, "g0": 4.049609465959399, "g1": 0.3996118046535396, "g2": -6.061703210524321, "g3": 0.80287532854177, "g4": 0.9822957336949367, "g5": -0.47331014846074027, "g6": -0.025892588230871483, "g7": 1.51854729873973, "i0": 4.309558952764376, "i1": 0.09820171326161009, "i2": -1.6994317928263047, "i3": 1.4365333870093346, "i4": 0.9118140061755909, "i5": -0.4786438645667005, "i6": 0.6526527716368902, "i7": 0.922581019867417, "r0": 2.4497177218881556, "r1": 0.022375456024428475, "r2": -1.92702062835588, "r3": 0.7194890294053011, "r4": 0.8802769551654608, "r5": -0.4061897228235804, "r6": 0.9956766971473208, "r7": 1.3628241718379597}, "datetime": {"datetime": "2020-01-17 23:35:53", "elapsed": 10140.124919, "delta": 47.491004}}
{"target": 10.55, "params": {"d0": 0.36131391719697814, "d1": -7.49728642524328, "d2": 1.0292552293834443, "g0": 2.101299568500647, "g1": 0.12217184431081152, "g2": -9.904962139867814, "g3": 1.3523643307662283, "g4": 0.9209775688947304, "g5": -0.6665208869639662, "g6": 0.08533497387060474, "g7": 1.3757931988885366, "i0": 2.62047905493343, "i1": 0.7603137129611016, "i2": -2.1186166348100084, "i3": 1.0755045406016026, "i4": 1.2423835755975723, "i5": -0.6733710118995999, "i6": 0.03352132794749796, "i7": 1.2958651166139616, "r0": 3.554541152363254, "r1": 0.8454439769282832, "r2": -2.7677699588739344, "r3": 0.7886729030603428, "r4": 1.0996761407646556, "r5": 0.015395614355951048, "r6": 0.4080750377017758, "r7": 0.9133852897960641}, "datetime": {"datetime": "2020-01-17 23:36:45", "elapsed": 10191.643811, "delta": 51.518892}}
{"target": 13.4, "params": {"d0": 1.4420101507188159, "d1": -9.481436641542814, "d2": 1.00869707475997, "g0": 3.7954321698114297, "g1": 0.2760017863869576, "g2": -3.85885648760524, "g3": 1.2019467678150417, "g4": 0.9258155017796361, "g5": -0.039933225199373146, "g6": -0.28475679028700424, "g7": 0.9770199815701296, "i0": 3.964826903555452, "i1": 0.1794742258459452, "i2": -8.737927308818733, "i3": 1.4736921092915685, "i4": 0.8278214410457824, "i5": 0.29111555018111157, "i6": 0.062424594728240246, "i7": 1.0908361171158598, "r0": 1.3643080162335608, "r1": 0.7316958923826299, "r2": -1.4452561049401886, "r3": 0.9150645577745693, "r4": 0.9735723269354848, "r5": -0.14471681648054202, "r6": 0.7411691416112256, "r7": 1.7249133765474554}, "datetime": {"datetime": "2020-01-17 23:37:21", "elapsed": 10227.36683, "delta": 35.723019}}
{"target": 10.2, "params": {"d0": 1.047104381320333, "d1": -4.571454667019203, "d2": 1.313391440982198, "g0": 2.3937085473329494, "g1": 0.555499652039654, "g2": -7.8748607809839815, "g3": 1.2274687617986593, "g4": 0.8360383922198267, "g5": -0.22122681011550083, "g6": 0.1006044693051742, "g7": 1.569657391111222, "i0": 4.74334865250275, "i1": 0.2191222392982266, "i2": -4.55842739378257, "i3": 1.3417923527771052, "i4": 1.1014780031280829, "i5": 0.3821253499904318, "i6": -0.32531938055391446, "i7": 1.819365987357062, "r0": 1.55649537902677, "r1": 0.4371102976345883, "r2": -9.151200917563527, "r3": 1.2497428187891222, "r4": 1.2236537078876215, "r5": -0.026098186428999526, "r6": -0.347972399980777, "r7": 1.0132538439575645}, "datetime": {"datetime": "2020-01-17 23:38:17", "elapsed": 10283.501021, "delta": 56.134191}}
{"target": 7.05, "params": {"d0": 0.578138526641141, "d1": -5.050888541392019, "d2": 1.1976199863927972, "g0": 0.16630908710477565, "g1": 0.0625834756203224, "g2": -0.13450823392108546, "g3": 0.9328829993007038, "g4": 1.0383658199922667, "g5": 0.20901491139360795, "g6": 0.5723485297265953, "g7": 1.0203909273315788, "i0": 0.5482728637414264, "i1": 0.912062540307169, "i2": -6.759085263932441, "i3": 1.2790886296402797, "i4": 1.1548105362911818, "i5": -0.049905869392502744, "i6": -0.36303371975241705, "i7": 1.8788154924814835, "r0": 4.172593903918166, "r1": 0.4316728789409242, "r2": -5.44101826726515, "r3": 1.1367214022505363, "r4": 0.9892475896259187, "r5": 0.007487600864738986, "r6": 0.20901135193802511, "r7": 1.214455088955322}, "datetime": {"datetime": "2020-01-17 23:38:35", "elapsed": 10302.270342, "delta": 18.769321}}
{"target": 11.7, "params": {"d0": 4.362432147259349, "d1": -9.528397717659399, "d2": 0.9914485258197081, "g0": 3.870177072493228, "g1": 0.48551388156354014, "g2": -2.137208363586832, "g3": 1.0860852162992352, "g4": 1.2947320980849437, "g5": 0.6144686737478813, "g6": -0.48840202103390734, "g7": 1.4225558148220165, "i0": 4.287069226224602, "i1": 0.3435257140225866, "i2": -2.710068710494557, "i3": 1.0346530466059871, "i4": 0.8478817529676115, "i5": -0.2955906163775115, "i6": -0.030475071776735307, "i7": 1.6200054887934559, "r0": 4.6343571950156015, "r1": 0.7036904295130616, "r2": -6.769659519495365, "r3": 1.2464956658627053, "r4": 0.8420511657768265, "r5": -0.19919806531894046, "r6": -0.21491192520779318, "r7": 1.6623538718339153}, "datetime": {"datetime": "2020-01-17 23:39:07", "elapsed": 10333.377577, "delta": 31.107235}}
{"target": 20.2, "params": {"d0": 3.3105281318722763, "d1": -6.469275784355659, "d2": 0.844482193176236, "g0": 0.7833033826754582, "g1": 0.23698957339268245, "g2": -6.715406264446134, "g3": 1.3956765396459803, "g4": 0.8609569731291209, "g5": -0.5309713878615385, "g6": 0.05568265848023901, "g7": 1.5647806200727845, "i0": 0.2790749943514609, "i1": 0.24522609656075878, "i2": -1.6602856917369717, "i3": 1.2303068468268497, "i4": 0.9757153349392129, "i5": -0.6172602968159977, "i6": -0.012644521739747616, "i7": 1.168967646604332, "r0": 3.552825638542048, "r1": 0.30054654909915157, "r2": -3.2276414320738036, "r3": 1.0301248266161942, "r4": 0.9749691908772158, "r5": 0.45731608933456913, "r6": -0.22189461978246966, "r7": 1.4025051874626318}, "datetime": {"datetime": "2020-01-17 23:39:41", "elapsed": 10368.107121, "delta": 34.729544}}
{"target": 5.9, "params": {"d0": 2.917556814674472, "d1": -6.787993992119079, "d2": 1.2649984831018604, "g0": 4.589125693387483, "g1": 0.0730706057646422, "g2": -8.185727153647528, "g3": 1.1072897086761087, "g4": 1.199940355084877, "g5": 0.20953217526714218, "g6": -0.47046395322574625, "g7": 1.2629793989132372, "i0": 3.269140219527258, "i1": 0.6871375856030679, "i2": -5.177510830526886, "i3": 0.7429877592330644, "i4": 1.113893769359153, "i5": 0.006448217821326763, "i6": 0.5881199424338266, "i7": 1.3295436250682302, "r0": 4.1786270402080214, "r1": 0.30750223024189516, "r2": -1.3621318176160262, "r3": 0.7115845538915575, "r4": 1.1813714219433786, "r5": 0.5237880025420922, "r6": 0.521345565685776, "r7": 1.8930075556378763}, "datetime": {"datetime": "2020-01-17 23:40:20", "elapsed": 10406.5229, "delta": 38.415779}}
{"target": 11.8, "params": {"d0": 1.008670532733082, "d1": -6.480508258845084, "d2": 0.8833124019937261, "g0": 4.224591714128642, "g1": 0.7464101355698433, "g2": -1.3094716753063622, "g3": 0.9780983191539718, "g4": 0.8769753815298174, "g5": 0.7492523328821679, "g6": 0.173385398515999, "g7": 1.7028926441901069, "i0": 3.2708348372185894, "i1": 0.14284683238324425, "i2": -1.5582235683637276, "i3": 1.4827706381958718, "i4": 1.2831242829717093, "i5": -0.2617535923169493, "i6": 0.888923375039528, "i7": 1.0465689595136436, "r0": 4.698612226044574, "r1": 0.044100317446788884, "r2": -5.90922287607434, "r3": 1.37440544415973, "r4": 1.1631153689729254, "r5": 0.35348333081276184, "r6": -0.08398203022852035, "r7": 1.3633352668782142}, "datetime": {"datetime": "2020-01-17 23:41:02", "elapsed": 10448.923093, "delta": 42.400193}}
{"target": 14.3, "params": {"d0": 2.947749668480229, "d1": -6.1086239102436455, "d2": 1.1047801859638469, "g0": 2.7017474183034835, "g1": 0.8242700051768828, "g2": -2.7502207897417126, "g3": 1.2283906097014619, "g4": 0.8179419629275089, "g5": -0.5513836618781478, "g6": 0.829790253608429, "g7": 1.7423306215492278, "i0": 0.9019220901026348, "i1": 0.06515601275475791, "i2": -8.37268301166555, "i3": 1.3699244734193563, "i4": 1.2865532510390272, "i5": 0.4081678969633098, "i6": 0.6769068791361392, "i7": 0.9323228151536572, "r0": 4.3731909071124555, "r1": 0.6811495656854774, "r2": -6.509533558908295, "r3": 1.099664591428918, "r4": 1.2750287998639767, "r5": -0.7134596494715544, "r6": -0.212450399668704, "r7": 1.065165924865666}, "datetime": {"datetime": "2020-01-17 23:41:42", "elapsed": 10488.728936, "delta": 39.805843}}
{"target": 14.2, "params": {"d0": 2.6912345488591893, "d1": -7.643737425204398, "d2": 0.7613871894812343, "g0": 2.574996230186949, "g1": 0.8362544576217305, "g2": -3.180533671292931, "g3": 0.7293789470986514, "g4": 0.8226350180793758, "g5": 0.06093623185647379, "g6": -0.2878746819479455, "g7": 1.6779558728927055, "i0": 1.2372279007107871, "i1": 0.43996035454978377, "i2": -3.7970950044577068, "i3": 1.4781899177767364, "i4": 0.8985029380533576, "i5": 0.6589425543988623, "i6": 0.02616262920445056, "i7": 1.0781165441202096, "r0": 2.1043177339553165, "r1": 0.8414789882843856, "r2": -9.562138253542846, "r3": 0.8095770320242891, "r4": 1.0949699904050791, "r5": -0.14627180794917505, "r6": 0.21741716132547872, "r7": 1.8042593074570128}, "datetime": {"datetime": "2020-01-17 23:42:18", "elapsed": 10525.26714, "delta": 36.538204}}
{"target": 17.4, "params": {"d0": 0.8363578260981996, "d1": -6.779775940371827, "d2": 0.8644072835453407, "g0": 0.49661443476081757, "g1": 0.5243551747538503, "g2": -7.874277498154097, "g3": 1.4235014198121372, "g4": 0.8230153503844739, "g5": 0.6356391512074073, "g6": 0.38160204904061423, "g7": 1.8477564951780416, "i0": 0.14585215452510125, "i1": 0.3330106666288861, "i2": -4.988898500590309, "i3": 0.8736894457636988, "i4": 1.0112982322363706, "i5": -0.7527477035139184, "i6": 0.38077637533738773, "i7": 1.9227066775294293, "r0": 0.3790419831792008, "r1": 0.8418232436654757, "r2": -2.5222000669044142, "r3": 0.8839888838022577, "r4": 1.0590588501294498, "r5": -0.29798651175358215, "r6": 0.4236793359867961, "r7": 1.1344902900893932}, "datetime": {"datetime": "2020-01-17 23:42:58", "elapsed": 10564.283811, "delta": 39.016671}}
{"target": 10.9, "params": {"d0": 2.179442373676351, "d1": -2.109247978311619, "d2": 1.0731741628666969, "g0": 3.3677746034855356, "g1": 0.8848364522671772, "g2": -0.6186155135083631, "g3": 1.4877901185930904, "g4": 1.2417784585028235, "g5": -0.41027180554370857, "g6": 0.11245709400566639, "g7": 1.3122863789118284, "i0": 0.761143541059997, "i1": 0.07045586354997146, "i2": -7.042564604600813, "i3": 1.3879693916905724, "i4": 0.819491708267205, "i5": -0.4552547352588164, "i6": 0.019821667329891324, "i7": 1.6129759185257326, "r0": 2.815832140193667, "r1": 0.7961829526610231, "r2": -3.130362971803514, "r3": 1.411602852873353, "r4": 1.0434509864483283, "r5": 0.0574720596737015, "r6": 0.7564692589478885, "r7": 0.9062624935223487}, "datetime": {"datetime": "2020-01-17 23:43:36", "elapsed": 10603.048709, "delta": 38.764898}}
{"target": 12.95, "params": {"d0": 1.2128565232702497, "d1": -7.784930260208113, "d2": 1.1492370359436894, "g0": 3.5880617671139836, "g1": 0.2524950290975414, "g2": -4.939790468060497, "g3": 1.2914160768742569, "g4": 1.1611511245091932, "g5": -0.05070031040921297, "g6": 0.5592903400444258, "g7": 1.5149732139733394, "i0": 0.39205399549891606, "i1": 0.9528036194228799, "i2": -0.24345804295219686, "i3": 0.8296111655917668, "i4": 1.0089134640018456, "i5": 0.19134512386946434, "i6": 0.35218018317339306, "i7": 1.3122050761302215, "r0": 4.517773423360522, "r1": 0.6771802628405753, "r2": -8.873707028770085, "r3": 1.2356507356443602, "r4": 0.9089953813025068, "r5": -0.6622485491775839, "r6": 0.03989832387672654, "r7": 0.9545680165113061}, "datetime": {"datetime": "2020-01-17 23:44:20", "elapsed": 10646.401939, "delta": 43.35323}}
{"target": 7.1, "params": {"d0": 0.73308185917416, "d1": -5.469338156091905, "d2": 1.4865619053827075, "g0": 4.209337044311596, "g1": 0.013204958223407726, "g2": -1.3110555544589282, "g3": 0.9267317263047765, "g4": 0.8988189031069067, "g5": -0.3045874293968085, "g6": 0.2938509648073505, "g7": 1.4309537768315006, "i0": 3.1493589726378177, "i1": 0.16677112960342, "i2": -6.257041637158168, "i3": 1.1659901499647805, "i4": 1.2053908112444522, "i5": -0.21048708268202165, "i6": 0.7590734129644372, "i7": 1.3584901059827459, "r0": 4.712440480790739, "r1": 0.29636273358331344, "r2": -6.313974437290183, "r3": 1.2221840572675071, "r4": 1.0917080192990714, "r5": -0.233328374776254, "r6": 0.22645805568147115, "r7": 1.6307533974948147}, "datetime": {"datetime": "2020-01-17 23:45:09", "elapsed": 10695.698098, "delta": 49.296159}}
{"target": 7.55, "params": {"d0": 0.2816986302599672, "d1": -3.9359762772565894, "d2": 1.2974262214809054, "g0": 3.9698523279697135, "g1": 0.21378421451843366, "g2": -3.5889496537236285, "g3": 1.2849077889440719, "g4": 0.8475309945970246, "g5": -0.6878833219423662, "g6": 0.8289324616191931, "g7": 1.2974569871121209, "i0": 3.5171607977733506, "i1": 0.5601478615240139, "i2": -6.622535837526657, "i3": 0.9765222116985919, "i4": 1.2527313202919184, "i5": -0.07442697200236936, "i6": 0.22379481984604088, "i7": 1.977061293634423, "r0": 2.0584452182653474, "r1": 0.36944668016686355, "r2": -9.200369109787069, "r3": 1.010225906885246, "r4": 0.8889657304073801, "r5": -0.589853122417148, "r6": 0.051510438079872545, "r7": 1.0746910294608738}, "datetime": {"datetime": "2020-01-17 23:46:06", "elapsed": 10752.417168, "delta": 56.71907}}
{"target": 10.5, "params": {"d0": 1.5378173928528422, "d1": -3.1202108562523208, "d2": 1.3707520330240994, "g0": 1.5241124633566105, "g1": 0.3530977080008285, "g2": -2.693586491145293, "g3": 1.322266159769819, "g4": 0.888515527299804, "g5": -0.15718971166874773, "g6": -0.49558783487563396, "g7": 1.3406567970286332, "i0": 4.466012486000107, "i1": 0.05746338391679073, "i2": -6.103704565737658, "i3": 0.9122751766649242, "i4": 0.8183883127076066, "i5": -0.15919429924281814, "i6": -0.14328700857382148, "i7": 1.8140665098883377, "r0": 3.2181267824051747, "r1": 0.4765686164532026, "r2": -2.9119333007025636, "r3": 0.7795068917650084, "r4": 1.1784891164534548, "r5": -0.3222526151108312, "r6": 0.2541605512446249, "r7": 1.0035954307029458}, "datetime": {"datetime": "2020-01-17 23:47:16", "elapsed": 10823.024065, "delta": 70.606897}}
