{"target": 17.1, "params": {"d0": 2.505344075562068, "d1": -4.767662166001029, "d2": 1.428359663427058, "g0": 0.7919408683864287, "g1": 0.5755449679212131, "g2": -3.200407309476475, "g3": 1.4004740346151996, "g4": 1.271693444100993, "g5": -0.14715066224933349, "g6": -0.062209235261659834, "g7": 1.3739784724188226, "i0": 3.146248697280312, "i1": 0.1412497418735259, "i2": -4.260523338628957, "i3": 1.3568070773977938, "i4": 0.9620331030354445, "i5": 0.4817893885137208, "i6": 0.17795901962497218, "i7": 1.6906022569000154, "r0": 2.8058348335054504, "r1": 0.5411062435473182, "r2": -0.4157197421109817, "r3": 0.8738680862168245, "r4": 1.2900775367481476, "r5": -0.17137949889388793, "r6": 0.15361144009698335, "r7": 1.4704851468767324}, "datetime": {"datetime": "2020-01-19 14:32:23", "elapsed": 81582.923913, "delta": 72.587096}}
{"target": 20.25, "params": {"d0": 3.559816785732445, "d1": -6.331395077087259, "d2": 0.940217318683454, "g0": 0.5322885943425141, "g1": 0.3090768349666243, "g2": -6.106641288032792, "g3": 1.5, "g4": 0.9420968630089616, "g5": -0.5478500619563362, "g6": 0.26252968297534335, "g7": 1.643706591403774, "i0": 0.6468250002275553, "i1": 0.4839141340513813, "i2": -2.1001197582319424, "i3": 1.1943448135170778, "i4": 0.9912720368731758, "i5": -0.3418526081663504, "i6": -0.03506100603689741, "i7": 1.2491069883699206, "r0": 3.3158671592917037, "r1": 0.3700322420924778, "r2": -2.565942045219386, "r3": 1.025729353971427, "r4": 0.9728232933015474, "r5": 0.34727900480605106, "r6": -0.21090403338620062, "r7": 1.4795075166569824}, "datetime": {"datetime": "2020-01-19 14:33:47", "elapsed": 81666.251027, "delta": 83.327114}}
{"target": 19.9, "params": {"d0": 3.4086526959460426, "d1": -9.071254906377348, "d2": 0.8281955802368162, "g0": 0.8718566395616736, "g1": 0.4517611942413884, "g2": -5.452618840659738, "g3": 1.5, "g4": 1.098407198551926, "g5": -0.32473784562946933, "g6": -0.07334400571514617, "g7": 1.5826532067412156, "i0": 4.55945540007863, "i1": 0.7496015227635192, "i2": -5.6097390575623445, "i3": 1.0117156662706186, "i4": 1.084089323449877, "i5": 0.16972338110698454, "i6": -0.2864967184775855, "i7": 1.6610840418093378, "r0": 1.725611314507809, "r1": 0.7011143066116677, "r2": -1.7155347692227687, "r3": 1.3939901240554347, "r4": 0.9633887334034422, "r5": -0.42782062870713883, "r6": 0.026112693211642196, "r7": 1.536196909415331}, "datetime": {"datetime": "2020-01-19 14:35:09", "elapsed": 81748.299895, "delta": 82.048868}}
{"target": 20.5, "params": {"d0": 3.415903985393933, "d1": -1.3204387548006036, "d2": 0.9595555061101055, "g0": 0.5272258369336633, "g1": 0.5454698993626762, "g2": -5.0798501376603795, "g3": 1.1874745031184972, "g4": 1.1418967818685246, "g5": 0.04462085898278707, "g6": 0.21937480781928448, "g7": 1.7636460910776777, "i0": 3.60102561712682, "i1": 0.4927438516971781, "i2": -6.775796269244193, "i3": 1.1301417744681461, "i4": 1.1207258592280458, "i5": -0.09749172721337981, "i6": 0.08880145135182019, "i7": 1.5514269870244441, "r0": 3.3415855774997008, "r1": 0.4965721376608826, "r2": -8.829495146109506, "r3": 0.9867167272366512, "r4": 0.9677937195576304, "r5": 0.45267189673809965, "r6": 0.09279147238456356, "r7": 1.4946827437961552}, "datetime": {"datetime": "2020-01-19 14:36:34", "elapsed": 81833.8595, "delta": 85.559605}}
{"target": 20.05, "params": {"d0": 4.532025879702232, "d1": -2.1267712118007163, "d2": 1.409868225534678, "g0": 0.47855278576778965, "g1": 0.31798717548379307, "g2": -4.925260615881845, "g3": 1.0284718144567129, "g4": 1.1641916427772188, "g5": 0.011444270467948294, "g6": 0.6107448364882881, "g7": 1.5380547308618986, "i0": 4.435091613960532, "i1": 0.24533560721261768, "i2": -5.613715071270959, "i3": 1.2479668984793018, "i4": 1.195897477316654, "i5": 0.10968957515346581, "i6": 0.17173215101360073, "i7": 1.5404697429363345, "r0": 2.6564394213597637, "r1": 0.23826022808498953, "r2": -8.251540341487177, "r3": 1.298363295383518, "r4": 1.0388733342622511, "r5": 0.4142918276873591, "r6": 0.1009487022572132, "r7": 1.5513144552050326}, "datetime": {"datetime": "2020-01-19 14:38:04", "elapsed": 81923.676151, "delta": 89.816651}}
{"target": 20.35, "params": {"d0": 3.0992558929337535, "d1": -1.8341942454572568, "d2": 0.7942890223430267, "g0": 0.3757721589329371, "g1": 0.4789023505011601, "g2": -6.443420996173939, "g3": 1.1755895987093388, "g4": 1.0926238282220444, "g5": -0.04441123507777026, "g6": 0.38162909422355773, "g7": 1.343819487592455, "i0": 2.490618684706381, "i1": 0.4485759945042804, "i2": -4.415903068794971, "i3": 1.0454598456068247, "i4": 1.0668772471912664, "i5": 0.183785911532666, "i6": 0.030137035306219334, "i7": 1.4820649458439759, "r0": 1.3541629250259444, "r1": 0.4389937415113186, "r2": -8.4308562811967, "r3": 1.1591319547648238, "r4": 1.1949872743802836, "r5": 0.21442002298868448, "r6": 0.28527552967028047, "r7": 1.6918224607940362}, "datetime": {"datetime": "2020-01-19 14:39:27", "elapsed": 82006.501268, "delta": 82.825117}}
{"target": 20.3, "params": {"d0": 4.0872799510340405, "d1": -0.8047687349688106, "d2": 1.3924528237683598, "g0": 1.15335371511654, "g1": 0.5328809037761916, "g2": -6.092356212883118, "g3": 1.2730768765113099, "g4": 0.967651814879939, "g5": -0.0381189390778056, "g6": 0.5142567267916587, "g7": 1.6512382721499845, "i0": 0.7413179178501955, "i1": 0.8953104201172222, "i2": -4.813863595939846, "i3": 0.9368007971653286, "i4": 0.9326293669722086, "i5": 0.723821343875463, "i6": 0.8240297378443555, "i7": 1.6628428986833768, "r0": 1.5765055076534908, "r1": 0.26444793853695886, "r2": -4.883571723741057, "r3": 1.42698357113624, "r4": 1.1836862688696355, "r5": -0.7127484882044502, "r6": 0.22932911550461532, "r7": 1.2520646438165308}, "datetime": {"datetime": "2020-01-19 14:41:09", "elapsed": 82108.157946, "delta": 101.656678}}
