{"target": 20.4, "params": {"d0": 3.5711598011005568, "d1": -1.519276721178026, "d2": 0.8709329554748181, "g0": 0.5597365839576536, "g1": 0.5666647284084677, "g2": -4.597193501776916, "g3": 1.289306760650562, "g4": 0.9179799730006916, "g5": -0.019859074324643986, "g6": 0.1971951660119021, "g7": 1.5265075595830275, "i0": 3.8108947648425513, "i1": 0.6016071965071471, "i2": -6.539907796487272, "i3": 0.8904754206323571, "i4": 1.0442419679734583, "i5": -0.03370429876464126, "i6": 0.2322999109678392, "i7": 1.5346683872283824, "r0": 3.1286200696563498, "r1": 0.501988918191986, "r2": -8.70015466479406, "r3": 1.1531518818713067, "r4": 1.0806422537746128, "r5": 0.41870467729597916, "r6": 0.2222371244555608, "r7": 1.478607128302031}, "datetime": {"datetime": "2020-01-19 12:51:22", "elapsed": 75521.130345, "delta": 77.362433}}
{"target": 20.35, "params": {"d0": 3.2396215796042593, "d1": -2.2335923307806644, "d2": 0.9695607245854311, "g0": 0.7400948782574659, "g1": 0.6898364013666641, "g2": -6.263229428817701, "g3": 0.8187701585694563, "g4": 1.0199648082782975, "g5": 0.11433228179958696, "g6": 0.43967311778582796, "g7": 1.1631703051449676, "i0": 2.746548537041128, "i1": 0.4152750678894402, "i2": -7.101290985799653, "i3": 1.3251060559538115, "i4": 1.0460939700095462, "i5": 0.1413343767732292, "i6": 0.004211457611477839, "i7": 1.1607393871192508, "r0": 2.3704225515420596, "r1": 0.07796435810633151, "r2": -8.254700999036505, "r3": 0.8509422658004285, "r4": 1.2332341851432693, "r5": 0.39509755801307955, "r6": 0.3658895496603841, "r7": 1.4075987150141718}, "datetime": {"datetime": "2020-01-19 12:52:37", "elapsed": 75595.988523, "delta": 74.858178}}
{"target": 19.7, "params": {"d0": 3.112676739103333, "d1": -2.1163274096518405, "d2": 1.0145081099735347, "g0": 0.28736931010018396, "g1": 0.6342175958454305, "g2": -5.5352147704562, "g3": 1.480748754401483, "g4": 1.0889997050730382, "g5": -0.2007010581942208, "g6": 0.3653419296034346, "g7": 1.1464136959134963, "i0": 2.9051375456802053, "i1": 0.6054165686328593, "i2": -6.07920341338864, "i3": 0.8277276550990915, "i4": 1.01681108408674, "i5": -0.47346728329000354, "i6": -0.031812405263545174, "i7": 1.3002553577086053, "r0": 2.7171566586988543, "r1": 0.2150515779054507, "r2": -8.220930570572209, "r3": 1.4716357210244284, "r4": 1.2981144032549001, "r5": -0.3820690312677828, "r6": 0.8922245755426548, "r7": 1.8308493784288316}, "datetime": {"datetime": "2020-01-19 12:53:46", "elapsed": 75665.700011, "delta": 69.711488}}
{"target": 19.45, "params": {"d0": 2.7141903593581778, "d1": -8.585794232666133, "d2": 0.946382684283557, "g0": 0.6420377139700638, "g1": 0.43864790580378565, "g2": -5.028858782602736, "g3": 1.238647233868787, "g4": 1.0978944496734924, "g5": -0.4528826637777766, "g6": 0.5221139008188455, "g7": 1.54137047273023, "i0": 2.769035680044267, "i1": 0.36448751321218065, "i2": -5.369189554964548, "i3": 1.1963547114195103, "i4": 1.0065318476226754, "i5": 0.048592608349994224, "i6": -0.11214237216693465, "i7": 1.4894925521037505, "r0": 1.7300005525186435, "r1": 0.388695032779903, "r2": -3.1555830312469744, "r3": 1.188274812888541, "r4": 1.0056347504310108, "r5": -0.11798350287984373, "r6": 0.46556463736713855, "r7": 1.652917492174089}, "datetime": {"datetime": "2020-01-19 12:55:07", "elapsed": 75746.601705, "delta": 80.901694}}
{"target": 18.0, "params": {"d0": 3.5162734237991855, "d1": -1.470232857496983, "d2": 0.8872597511236848, "g0": 0.3821941665536177, "g1": 0.2512256082414861, "g2": -4.6336636200262395, "g3": 0.9432172295352573, "g4": 0.9280393630327203, "g5": 0.4801234675478794, "g6": -0.02951735010262596, "g7": 1.2566803750834854, "i0": 2.7181176237831712, "i1": 0.40834037765742237, "i2": -6.195735636400904, "i3": 0.7976269618383264, "i4": 0.9018817317416249, "i5": 0.45082612512039355, "i6": 0.08855628793744952, "i7": 0.9268974201660142, "r0": 3.668643947121348, "r1": 0.9793860342306407, "r2": -8.753737658762356, "r3": 1.0821011961990723, "r4": 0.8356088306344368, "r5": 0.295469106916187, "r6": 0.11745601408662854, "r7": 1.422081599352429}, "datetime": {"datetime": "2020-01-19 12:56:12", "elapsed": 75811.518348, "delta": 64.916643}}
{"target": 19.9, "params": {"d0": 3.645868953120797, "d1": -1.6754773633895221, "d2": 1.0048508048044362, "g0": 0.5845344836905455, "g1": 0.2834318403506967, "g2": -6.560821162200343, "g3": 1.1238565000961735, "g4": 1.0641564337608134, "g5": -0.07422791833208056, "g6": 0.17532979225500916, "g7": 1.3213392249884042, "i0": 3.814499399724014, "i1": 0.4431432544319272, "i2": -6.486449261054243, "i3": 0.991261313657888, "i4": 0.8428245788937541, "i5": -0.28412794363145294, "i6": 0.038976099365274276, "i7": 1.5926568399273262, "r0": 1.290672531446807, "r1": 0.3083321930165653, "r2": -8.693629864888399, "r3": 1.241894213647532, "r4": 1.1448217527458098, "r5": 0.29485105600541384, "r6": 0.281940623562214, "r7": 1.5825230497344964}, "datetime": {"datetime": "2020-01-19 12:57:19", "elapsed": 75878.887653, "delta": 67.369305}}
{"target": 18.25, "params": {"d0": 3.4089538423956975, "d1": -1.072396938398203, "d2": 1.0405252863559276, "g0": 0.4534132255794182, "g1": 0.6111351324096613, "g2": -4.694596360726945, "g3": 1.2681122553405597, "g4": 1.1178133562322943, "g5": -0.3886566389611916, "g6": 0.00920150389560992, "g7": 1.4962991333384967, "i0": 3.834471133501924, "i1": 0.2159447362685476, "i2": -6.328459858375387, "i3": 1.1564708039706617, "i4": 1.003081663076695, "i5": -0.3368822171040611, "i6": 0.784357331352949, "i7": 1.174786007054039, "r0": 1.2926472873740598, "r1": 0.23953086042661165, "r2": -7.8594027699727995, "r3": 1.2256426549650983, "r4": 1.0543225718059004, "r5": -0.38121709611158433, "r6": -0.3639383150991446, "r7": 1.4027358231334952}, "datetime": {"datetime": "2020-01-19 12:58:33", "elapsed": 75952.291864, "delta": 73.404211}}
{"target": 20.65, "params": {"d0": 3.0248142454788907, "d1": -2.5822776370316314, "d2": 0.7550268583179199, "g0": 0.23640894640310273, "g1": 0.23697449460634679, "g2": -5.103099487224469, "g3": 1.4164491692195849, "g4": 0.8284967153544001, "g5": -0.6989844475100843, "g6": 0.8549552120821997, "g7": 1.5938270325221755, "i0": 2.950909243666025, "i1": 0.3353324451044991, "i2": -7.01753099624632, "i3": 1.3492974475259663, "i4": 1.2973487323727046, "i5": -0.22245550038685769, "i6": 0.09696206633550164, "i7": 1.6565872790862475, "r0": 2.42938207110363, "r1": 0.526741538565271, "r2": -8.680970498503525, "r3": 1.2179243704431446, "r4": 0.8778267933332283, "r5": 0.2536792186656931, "r6": 0.5601045184706153, "r7": 1.4772439905447814}, "datetime": {"datetime": "2020-01-19 12:59:49", "elapsed": 76028.008815, "delta": 75.716951}}
{"target": 20.2, "params": {"d0": 3.9278064297968642, "d1": -2.5020694590932973, "d2": 1.35009504201094, "g0": 0.3951039680999541, "g1": 0.356630533269402, "g2": -6.321306793433477, "g3": 1.3384737594838105, "g4": 1.0883581107824412, "g5": -0.27508220104310777, "g6": 0.3543264227843732, "g7": 1.0335809775808833, "i0": 3.980923619235127, "i1": 0.7231080824810326, "i2": -5.913089014215882, "i3": 1.302337779917383, "i4": 1.0092933671082174, "i5": -0.3158955037692966, "i6": -0.45273702548787736, "i7": 1.5696790113614982, "r0": 1.9718185215354738, "r1": 0.4504199599326184, "r2": -8.295638550203362, "r3": 1.067993466529593, "r4": 1.1424632160669221, "r5": 0.475296981692233, "r6": -0.1798409698413781, "r7": 1.9829404552330114}, "datetime": {"datetime": "2020-01-19 13:01:18", "elapsed": 76117.516916, "delta": 89.508101}}
{"target": 19.85, "params": {"d0": 3.43138940982091, "d1": -1.8607535187134694, "d2": 1.0885471642496771, "g0": 0.29576787769483415, "g1": 0.041720857380500576, "g2": -6.090487503785416, "g3": 0.9353775046956027, "g4": 1.0983249159315953, "g5": 0.13772149600935746, "g6": 0.5411565544049568, "g7": 1.7478185237598913, "i0": 3.6847827280805716, "i1": 0.8202717651048088, "i2": -6.235887415930107, "i3": 0.8251756529720118, "i4": 1.2353778024732445, "i5": -0.19263760692120546, "i6": -0.18271252773700958, "i7": 1.3762578295996482, "r0": 1.917774855743094, "r1": 0.38674112162759033, "r2": -7.459994961152745, "r3": 1.319863670035681, "r4": 1.18033371545468, "r5": 0.31841422118046836, "r6": -0.1457262975324785, "r7": 1.582710078726925}, "datetime": {"datetime": "2020-01-19 13:02:43", "elapsed": 76202.901165, "delta": 85.384249}}
{"target": 20.95, "params": {"d0": 3.4002998858326547, "d1": -9.21758021605611, "d2": 0.8932414054144726, "g0": 0.8205477970185574, "g1": 0.541111274391492, "g2": -5.390001807273873, "g3": 1.5, "g4": 1.0086788795605095, "g5": -0.31769370541115466, "g6": 0.023618947327219104, "g7": 1.6707188319884752, "i0": 4.46227922593285, "i1": 0.7538508939139649, "i2": -5.399433564372264, "i3": 0.9186354090981751, "i4": 1.122110979605864, "i5": 0.21153491431722904, "i6": -0.21409041126567913, "i7": 1.707657727348987, "r0": 1.8621754023884798, "r1": 0.8787424603895597, "r2": -1.87590822593464, "r3": 1.436216098761562, "r4": 0.937859856143953, "r5": -0.4809623586979883, "r6": -0.005327918018050614, "r7": 1.6571449268032532}, "datetime": {"datetime": "2020-01-19 13:03:52", "elapsed": 76271.204875, "delta": 68.30371}}
{"target": 20.6, "params": {"d0": 2.3747177940533084, "d1": -7.5190772909644, "d2": 0.9580896009710737, "g0": 0.36341771053173855, "g1": 0.4352645720289772, "g2": -5.089667782940895, "g3": 1.4171093272301143, "g4": 1.1028077341393654, "g5": -0.5111100013085955, "g6": 0.46162881707547315, "g7": 1.5680168813352682, "i0": 2.0608896963635224, "i1": 0.3446644622514275, "i2": -4.92731618834063, "i3": 1.3038531697999185, "i4": 0.8671969809590827, "i5": -0.09927866707360426, "i6": -0.2616400298534485, "i7": 1.571098056153913, "r0": 1.7306470517192445, "r1": 0.2534839517661058, "r2": -3.19131826040469, "r3": 1.1195929851786557, "r4": 1.0904380918904988, "r5": 0.0562241118749159, "r6": 0.5649861851249194, "r7": 1.4336815869342383}, "datetime": {"datetime": "2020-01-19 13:05:04", "elapsed": 76343.053575, "delta": 71.8487}}
{"target": 18.55, "params": {"d0": 4.468406034051498, "d1": -1.31326078936881, "d2": 1.4683524573607094, "g0": 0.25961541361367024, "g1": 0.7492394255703919, "g2": -5.480891237789969, "g3": 0.8928438471785203, "g4": 0.8877343541944382, "g5": 0.18515360858306507, "g6": 0.7812704900362917, "g7": 1.7916845125838765, "i0": 2.297832165206857, "i1": 0.538521904734585, "i2": -6.3439391118064, "i3": 1.3833090618627029, "i4": 1.2108007778492247, "i5": -0.2662671827272053, "i6": -0.49457751759366, "i7": 1.1629952904987708, "r0": 2.0997144307275577, "r1": 0.32250829683019777, "r2": -9.221196704504065, "r3": 1.0923037224863084, "r4": 0.8236928761499986, "r5": 0.1859240248681845, "r6": -0.0040179536399851945, "r7": 1.5431965905105272}, "datetime": {"datetime": "2020-01-19 13:06:22", "elapsed": 76420.954769, "delta": 77.901194}}
{"target": 20.5, "params": {"d0": 4.601976489817504, "d1": -0.9897505642128543, "d2": 0.8713654734270359, "g0": 0.8840801274961405, "g1": 0.35380918387553406, "g2": -2.925189168980989, "g3": 1.2607215371528564, "g4": 1.0550270625345168, "g5": -0.3394293239599101, "g6": 0.11275801435232984, "g7": 1.1229988128965218, "i0": 4.563705056802617, "i1": 0.7043826403851573, "i2": -4.955938747284187, "i3": 1.045946767867265, "i4": 0.8654116283567982, "i5": -0.26366475188993677, "i6": -0.33065965819939236, "i7": 1.576002290611827, "r0": 2.635507741950225, "r1": 0.1631481262027396, "r2": -7.80539079581627, "r3": 0.9918755444408615, "r4": 0.9877082687390192, "r5": -0.2478743188675675, "r6": -0.06867701857891995, "r7": 1.5193526452875603}, "datetime": {"datetime": "2020-01-19 13:07:38", "elapsed": 76497.132404, "delta": 76.177635}}
{"target": 19.7, "params": {"d0": 4.365549844272179, "d1": -2.581146014862382, "d2": 1.2842650472797368, "g0": 0.574690969471281, "g1": 0.7592868634712903, "g2": -4.850107799620419, "g3": 1.3461602836383624, "g4": 1.1813626781479105, "g5": -0.6400076313352794, "g6": 0.0569122415342973, "g7": 1.2684231278929432, "i0": 3.282829880714489, "i1": 0.5181173987795427, "i2": -7.094775620550916, "i3": 1.1716047132912253, "i4": 0.9833268567605775, "i5": -0.38333451527951184, "i6": 0.4481204198512545, "i7": 0.9509951627412248, "r0": 1.3411233218244367, "r1": 0.340792772521068, "r2": -8.860610135617314, "r3": 0.8731899239491887, "r4": 0.9856388029911941, "r5": 0.02231450393970269, "r6": 0.4820248319901055, "r7": 1.7119935188266786}, "datetime": {"datetime": "2020-01-19 13:08:44", "elapsed": 76563.41109, "delta": 66.278686}}
{"target": 20.2, "params": {"d0": 3.885849393230463, "d1": -1.5922618073866417, "d2": 1.1343386778705244, "g0": 0.17295394415766885, "g1": 0.7288176929890561, "g2": -6.110483209881502, "g3": 0.7466962211067321, "g4": 1.1029547377236628, "g5": -0.08466850438159956, "g6": 0.5043854683061737, "g7": 1.6936616053416786, "i0": 3.2600168567690346, "i1": 0.6437589006974979, "i2": -6.25177441041778, "i3": 1.4371514139287895, "i4": 1.1232581856732926, "i5": 0.6146421215291107, "i6": 0.3263890565609764, "i7": 1.7086018220557182, "r0": 2.7343611334889726, "r1": 0.4918066977006068, "r2": -8.464955165872901, "r3": 0.9215328608937083, "r4": 1.269590440464015, "r5": 0.36672179697536134, "r6": -0.21238894076098863, "r7": 1.8047000530009545}, "datetime": {"datetime": "2020-01-19 13:09:44", "elapsed": 76623.874483, "delta": 60.463393}}
{"target": 20.6, "params": {"d0": 3.698881544940401, "d1": -1.517994195031955, "d2": 0.949099282010032, "g0": 0.40506213385067463, "g1": 0.5670734752633239, "g2": -4.476024427396335, "g3": 1.1648170896035397, "g4": 0.9869831344477703, "g5": -0.21051462936830917, "g6": 0.14137929225618293, "g7": 1.4944256642468141, "i0": 3.734480758886034, "i1": 0.5267443812927706, "i2": -6.486874095865216, "i3": 1.060578158587748, "i4": 0.9656042693005344, "i5": 0.009815928555717538, "i6": 0.20447486711090831, "i7": 1.5339274824774347, "r0": 3.2113185986755055, "r1": 0.5409415674900483, "r2": -8.435640707036566, "r3": 1.1174075167624735, "r4": 1.1433950924742116, "r5": 0.28458754445399753, "r6": 0.1805443610631628, "r7": 1.4274882030971898}, "datetime": {"datetime": "2020-01-19 13:11:14", "elapsed": 76713.604584, "delta": 89.730101}}
{"target": 17.8, "params": {"d0": 3.1495901849511387, "d1": -1.9542943117519957, "d2": 1.3791040999995938, "g0": 0.21352257956237797, "g1": 0.6394756210172303, "g2": -5.5241293838128005, "g3": 1.3125991206849799, "g4": 1.2506743165001855, "g5": 0.7555324028033803, "g6": 0.653374597293674, "g7": 1.4658173529786622, "i0": 2.8585361427822114, "i1": 0.18456628726540403, "i2": -7.314346326496029, "i3": 0.8414058269175182, "i4": 1.1894463491353564, "i5": -0.48006964440819805, "i6": -0.46430354642317606, "i7": 1.8384820975977243, "r0": 3.1430548713973256, "r1": 0.6277308014819857, "r2": -8.315901228597028, "r3": 0.8357326426815398, "r4": 1.1674350294028168, "r5": 0.24595238361140437, "r6": -0.08622913745387711, "r7": 1.78056970858528}, "datetime": {"datetime": "2020-01-19 13:12:22", "elapsed": 76781.926827, "delta": 68.322243}}
{"target": 21.2, "params": {"d0": 3.959373628626087, "d1": -1.2933773242968771, "d2": 1.0473199174102639, "g0": 0.6878357083114888, "g1": 0.5425909753877636, "g2": -5.11586772772885, "g3": 1.1589133039566915, "g4": 1.0931618419268145, "g5": 0.065729859513566, "g6": 0.06153419847298526, "g7": 1.7918825035332029, "i0": 3.925891307378227, "i1": 0.7597915026822678, "i2": -6.56963499076677, "i3": 1.0366935603999055, "i4": 0.9504806447268713, "i5": -0.19071209082750581, "i6": -0.0013597255431843668, "i7": 1.6668761569333472, "r0": 2.3248027998580487, "r1": 0.32313140848590954, "r2": -8.851884230627363, "r3": 1.0738387920566048, "r4": 1.0870949058951225, "r5": 0.5320122475383298, "r6": 0.30981135336821675, "r7": 1.4640188536234}, "datetime": {"datetime": "2020-01-19 13:13:37", "elapsed": 76856.227807, "delta": 74.30098}}
{"target": 19.75, "params": {"d0": 3.626442337218983, "d1": -1.4776877546824583, "d2": 1.155546894429004, "g0": 0.22101872508940468, "g1": 0.4693143323945175, "g2": -4.841946002178844, "g3": 1.0587296391838354, "g4": 1.2028864969327164, "g5": -0.4004532821411285, "g6": 0.40069959402330824, "g7": 1.6766540599425297, "i0": 2.8558195059130673, "i1": 0.2009711397763977, "i2": -7.815839747794194, "i3": 1.0261175059456893, "i4": 1.0045944868248993, "i5": -0.1395291932866417, "i6": 0.6866921804831192, "i7": 1.8620231181383702, "r0": 2.9150240647972665, "r1": 0.6946800483390849, "r2": -8.937806711628394, "r3": 1.1357541402050788, "r4": 0.9596224965491019, "r5": 0.7028067332405838, "r6": 0.3182964224576832, "r7": 1.9000850232743813}, "datetime": {"datetime": "2020-01-19 13:14:51", "elapsed": 76930.210419, "delta": 73.982612}}
{"target": 20.1, "params": {"d0": 2.627463425849783, "d1": -2.8423554110235356, "d2": 0.8510558861587706, "g0": 0.4641186960405965, "g1": 0.41924097967030494, "g2": -5.751574407550856, "g3": 1.3687795022847016, "g4": 0.955679782634211, "g5": 0.028469922920601395, "g6": 0.7800549607747226, "g7": 1.4887762591307039, "i0": 3.508063355590336, "i1": 0.515370096299551, "i2": -6.9427769057778645, "i3": 1.087702166148817, "i4": 1.2303504032604464, "i5": -0.16011483350925795, "i6": -0.2183117844211366, "i7": 1.735316440269716, "r0": 2.657683071277791, "r1": 0.602615416445504, "r2": -8.551788587226955, "r3": 1.3726953089181189, "r4": 0.9952408719244581, "r5": 0.6034957850296565, "r6": 0.3569450264230393, "r7": 1.4198170156807288}, "datetime": {"datetime": "2020-01-19 13:16:10", "elapsed": 77009.254262, "delta": 79.043843}}
{"target": 16.5, "params": {"d0": 3.8564187673827717, "d1": -1.849061118777934, "d2": 0.988279377660696, "g0": 0.9619029141039659, "g1": 0.11449484453813852, "g2": -5.119243353224912, "g3": 1.0050637447917525, "g4": 0.964899613353287, "g5": 0.29224832366825804, "g6": -0.09594624271288427, "g7": 1.3412274664957367, "i0": 2.887243072874668, "i1": 0.15508123844298494, "i2": -6.887256765153999, "i3": 1.3211776066931171, "i4": 0.8697199326970118, "i5": -0.2747850456013431, "i6": 0.39757519194284807, "i7": 1.2728920651837694, "r0": 2.129526517532744, "r1": 0.7112604443906265, "r2": -9.092912399485536, "r3": 1.3866368557834567, "r4": 0.9480731078417675, "r5": 0.7150656681233232, "r6": -0.3459979123713487, "r7": 1.2251163693773095}, "datetime": {"datetime": "2020-01-19 13:17:17", "elapsed": 77076.870041, "delta": 67.615779}}
{"target": 21.1, "params": {"d0": 4.032101568538837, "d1": -1.4850992972983281, "d2": 0.9643883826205016, "g0": 0.5697877610969911, "g1": 0.24340769358791384, "g2": -4.929023351573641, "g3": 1.139807048535359, "g4": 1.1720386919411365, "g5": 0.020669920029835163, "g6": 0.2722356481204538, "g7": 1.696771992183997, "i0": 3.7378815176849813, "i1": 0.599298021359169, "i2": -6.651919452316933, "i3": 1.0628844100975097, "i4": 1.0827966811662504, "i5": -0.35817279568785815, "i6": 0.0920921142897617, "i7": 1.6786065347597114, "r0": 2.113371156522408, "r1": 0.38346350472574114, "r2": -8.718945180549781, "r3": 0.924529556627677, "r4": 0.9380329022528089, "r5": 0.4377877966133031, "r6": 0.2894971366120867, "r7": 1.629636253319448}, "datetime": {"datetime": "2020-01-19 13:18:51", "elapsed": 77170.278931, "delta": 93.40889}}
{"target": 19.95, "params": {"d0": 1.1996095698556397, "d1": -1.797355057925619, "d2": 1.2267407869111528, "g0": 1.0916179351034714, "g1": 0.47719745687827136, "g2": -4.867149235890287, "g3": 1.067210986152715, "g4": 1.1057356807402121, "g5": 0.3518341542941245, "g6": 0.5050989798991039, "g7": 1.0283073441072619, "i0": 2.7874115073698675, "i1": 0.9580417105051761, "i2": -8.543685470146919, "i3": 0.7199276414151433, "i4": 0.8135012462241709, "i5": 0.3056886584760171, "i6": 0.06646624872068171, "i7": 1.058692211112387, "r0": 0.36100882375302185, "r1": 0.4031283907590772, "r2": -9.145283613154556, "r3": 1.430514931916942, "r4": 1.1620591274878105, "r5": 0.5435613460214258, "r6": 0.2103769668689692, "r7": 1.1289151248629608}, "datetime": {"datetime": "2020-01-19 13:20:07", "elapsed": 77246.16434, "delta": 75.885409}}
{"target": 20.45, "params": {"d0": 3.7662302860219055, "d1": -1.6049095060885503, "d2": 0.8052507558216216, "g0": 0.6174267851065641, "g1": 0.5087540852145528, "g2": -3.251046385602411, "g3": 1.29663727889654, "g4": 1.0872881322804497, "g5": 0.08667958764921486, "g6": 0.39718484948427557, "g7": 1.7540056205345411, "i0": 3.981389640931992, "i1": 0.22662541602723107, "i2": -4.776774983964574, "i3": 1.5, "i4": 1.1869675665855568, "i5": 0.026620344411318435, "i6": 0.4649931403638733, "i7": 1.3575418634631922, "r0": 4.680193549930411, "r1": 1.0, "r2": -4.947345136531449, "r3": 1.4705701488204683, "r4": 1.2172667699789246, "r5": -0.44746684026881806, "r6": -0.23989839680603914, "r7": 1.0734613397274677}, "datetime": {"datetime": "2020-01-19 13:21:15", "elapsed": 77314.337316, "delta": 68.172976}}
{"target": 19.45, "params": {"d0": 3.743569777747733, "d1": -1.7361030689761674, "d2": 1.315955796477795, "g0": 0.5593631162223786, "g1": 0.41414123635378186, "g2": -6.05346807266115, "g3": 1.282173513383421, "g4": 1.1024366433214885, "g5": 0.17549911199634335, "g6": 0.40202931911951056, "g7": 1.4053561249379185, "i0": 4.099973007018804, "i1": 0.5079460606072786, "i2": -6.826772742405221, "i3": 0.8368086669942458, "i4": 0.9072778594004449, "i5": -0.21553515667066644, "i6": 0.2087874125112947, "i7": 1.4456525736811123, "r0": 0.8384382862734856, "r1": 0.403454502803899, "r2": -7.873256237126645, "r3": 1.244899197206425, "r4": 1.1713603244203374, "r5": 0.4537003280358721, "r6": 0.6963757172915485, "r7": 1.3304616607237028}, "datetime": {"datetime": "2020-01-19 13:22:41", "elapsed": 77400.826163, "delta": 86.488847}}
