{"target": 18.7, "params": {"d0": 4.945119298887768, "d1": -3.285096981815501, "d2": 1.1078580784365346, "g0": 1.7261950806680915, "g1": 0.7044089426678214, "g2": -1.9106439954743237, "g3": 1.321909757861715, "g4": 1.0180997304648907, "g5": 0.6411548361712247, "g6": 0.01642903873325474, "g7": 1.512454816990866, "i0": 0.02931055582071629, "i1": 0.367598620763002, "i2": -2.3984033550334525, "i3": 1.0886621262142822, "i4": 0.9504748108119041, "i5": 0.17679453732230033, "i6": 0.8971139293273009, "i7": 1.0100386317737347, "r0": 1.3985944633913527, "r1": 0.683700080344379, "r2": -2.8580995311591035, "r3": 1.4803542991120566, "r4": 1.1746259267270067, "r5": 0.28570876385232635, "r6": 0.5559329451641155, "r7": 1.1879831241376224}, "datetime": {"datetime": "2020-01-18 06:37:02", "elapsed": 35408.456973, "delta": 30.494357}}
{"target": 15.8, "params": {"d0": 2.2588940679760494, "d1": -3.18140473128061, "d2": 0.7180988845999341, "g0": 0.24613672647038343, "g1": 0.006083885988005244, "g2": -1.0344435350734233, "g3": 0.7307150791986309, "g4": 1.1233317677644246, "g5": -0.28685992308046415, "g6": 0.5453721657945594, "g7": 1.9780389943244554, "i0": 4.432199337038374, "i1": 0.6089440129179768, "i2": -2.2219248603520683, "i3": 1.0491079638738472, "i4": 0.9511559448443987, "i5": 0.49185756019744686, "i6": -0.29311667230703625, "i7": 1.9157414081916655, "r0": 1.4683527440607307, "r1": 0.9549991768269407, "r2": -8.015326582244832, "r3": 1.3086745753881666, "r4": 0.818768876193581, "r5": 0.24597315751506588, "r6": 0.20658557580762382, "r7": 1.588138929630428}, "datetime": {"datetime": "2020-01-18 06:37:29", "elapsed": 35435.471387, "delta": 27.014414}}
{"target": 5.65, "params": {"d0": 3.0259156131529736, "d1": -2.3828044879370847, "d2": 0.9947751786798421, "g0": 4.7775814210254595, "g1": 0.05870080611308082, "g2": -2.9209194136959464, "g3": 1.0553192061368972, "g4": 0.9167504938682789, "g5": -0.6519341006828093, "g6": 0.01172844300891085, "g7": 1.9891294168990568, "i0": 4.37126790428109, "i1": 0.5206331784837439, "i2": -3.1186867483698677, "i3": 1.333803739679315, "i4": 1.0416881329591576, "i5": -0.10628328170458556, "i6": -0.08400944640503255, "i7": 1.3860850834508072, "r0": 3.276172651148866, "r1": 0.08393420992416878, "r2": -3.4465398613667286, "r3": 1.0853050092347465, "r4": 1.1141785101032913, "r5": -0.28709306561161374, "r6": -0.10462564901186949, "r7": 1.468549784041967}, "datetime": {"datetime": "2020-01-18 06:37:59", "elapsed": 35465.332395, "delta": 29.861008}}
{"target": 19.15, "params": {"d0": 0.3094123394256193, "d1": -1.0990907843805626, "d2": 0.9498946978948126, "g0": 0.010000367194756277, "g1": 0.5684296370965036, "g2": -5.6664743644283675, "g3": 1.4130626664167318, "g4": 1.1844221842760936, "g5": -0.017256931990563218, "g6": 0.5471466805718146, "g7": 1.7770937769520307, "i0": 1.1777620082369977, "i1": 0.4519707386890057, "i2": -9.617994711573619, "i3": 1.2932842257673203, "i4": 0.97783872500397, "i5": -0.49691127822828207, "i6": -0.3843012268609949, "i7": 1.052241339788078, "r0": 0.9470603000515948, "r1": 0.8014436872031134, "r2": -6.252593060687691, "r3": 1.3991193100514037, "r4": 1.0303568808452894, "r5": 0.5541825669953249, "r6": 0.3546087322900491, "r7": 1.8620701184107669}, "datetime": {"datetime": "2020-01-18 06:38:31", "elapsed": 35498.014011, "delta": 32.681616}}
{"target": 12.75, "params": {"d0": 1.498098346226917, "d1": -7.704103510336098, "d2": 1.014261437756957, "g0": 1.7895607622614718, "g1": 0.7066498152219778, "g2": -6.33409031680646, "g3": 0.8618369439524544, "g4": 0.9791603651150023, "g5": -0.2794690923275619, "g6": 0.9004112418019594, "g7": 1.419353346396485, "i0": 0.19457717362803717, "i1": 0.6474526879081633, "i2": -6.278135965736258, "i3": 0.927414461074836, "i4": 0.9546543037331523, "i5": -0.266971605681548, "i6": -0.12011231303473452, "i7": 0.9081242760976155, "r0": 1.5661740762006038, "r1": 0.8191856567761211, "r2": -8.819521618824236, "r3": 0.9599172410732919, "r4": 0.8875687896745662, "r5": -0.3835831126149842, "r6": 0.20121562323282038, "r7": 1.0486169611043783}, "datetime": {"datetime": "2020-01-18 06:39:07", "elapsed": 35534.024751, "delta": 36.01074}}
{"target": 13.75, "params": {"d0": 0.592377009396049, "d1": -0.38363084916296764, "d2": 0.8368148856180292, "g0": 0.9887788037855222, "g1": 0.751489092837949, "g2": -2.346860699293588, "g3": 1.2919438700199593, "g4": 0.8279811266156402, "g5": 0.3312194387276466, "g6": 0.31442014073289415, "g7": 1.4096997259149755, "i0": 4.481207414361195, "i1": 0.2836667469798829, "i2": -5.528828594217455, "i3": 1.3667162846630394, "i4": 0.8044621362784667, "i5": -0.3847667151134371, "i6": 0.40565255269023737, "i7": 1.401264984563023, "r0": 1.9948178797095628, "r1": 0.7919981849868336, "r2": -7.418338607296347, "r3": 1.4158580614498, "r4": 0.8355654264947261, "r5": -0.3689359521346548, "r6": -0.23192358616684633, "r7": 1.2739984132557727}, "datetime": {"datetime": "2020-01-18 06:39:41", "elapsed": 35568.236814, "delta": 34.212063}}
{"target": 12.05, "params": {"d0": 2.663985277973601, "d1": -9.138358432078984, "d2": 1.151344773739724, "g0": 2.745081239413365, "g1": 0.6446455875012574, "g2": -1.3255213077171621, "g3": 1.486476273608944, "g4": 1.0369601989342494, "g5": -0.4819556636202352, "g6": -0.2496918894818102, "g7": 1.0157649314523403, "i0": 4.811131065482727, "i1": 0.8913947356238057, "i2": -1.1070848249745318, "i3": 1.159220878428276, "i4": 1.0087385251882237, "i5": 0.11043032760256732, "i6": 0.5656571092312366, "i7": 1.5458561056061266, "r0": 4.416731444051956, "r1": 0.09828814101727257, "r2": -5.402649677013731, "r3": 0.8690713647614524, "r4": 1.1241822518690863, "r5": -0.2119167881251549, "r6": 0.4074786665447956, "r7": 1.4010381823874787}, "datetime": {"datetime": "2020-01-18 06:40:10", "elapsed": 35596.666783, "delta": 28.429969}}
{"target": 18.15, "params": {"d0": 4.388223040420556, "d1": -6.230286291849354, "d2": 1.348488990460698, "g0": 0.3298055214500889, "g1": 0.3478192403998165, "g2": -1.748101696614789, "g3": 0.9470703529392129, "g4": 0.9121678901001324, "g5": -0.7059455093108629, "g6": -0.2379564101769781, "g7": 1.437709720736668, "i0": 0.7219218472624778, "i1": 0.1839729141333849, "i2": -1.1515290405600602, "i3": 1.2674205078900065, "i4": 0.9691425267127138, "i5": 0.36643089910831117, "i6": 0.035827654610338655, "i7": 1.9926637086088315, "r0": 0.8739941741248219, "r1": 0.5929356538131746, "r2": -3.2528977254291025, "r3": 1.1287704367413502, "r4": 0.8889370041440818, "r5": -0.40687831864810015, "r6": -0.04249423147794873, "r7": 1.6252168630734225}, "datetime": {"datetime": "2020-01-18 06:40:42", "elapsed": 35629.046216, "delta": 32.379433}}
{"target": 13.1, "params": {"d0": 2.2991337043163886, "d1": -1.2694798946158468, "d2": 0.8699110473256477, "g0": 4.4726694354436365, "g1": 0.3722001135163161, "g2": -8.537295880189594, "g3": 1.3593945608893931, "g4": 1.1173159211791186, "g5": 0.3455127563535483, "g6": 0.9730338952538822, "g7": 1.2501831430326997, "i0": 1.3173496211529234, "i1": 0.4290473934484499, "i2": -0.4108222538608608, "i3": 1.0349606429725047, "i4": 1.0539850162109723, "i5": 0.040296134133474104, "i6": 0.9357122385130863, "i7": 1.6712132439702092, "r0": 4.387388198511254, "r1": 0.22929843833007646, "r2": -7.283825457741251, "r3": 0.8883013072894617, "r4": 0.9785314844853924, "r5": 0.6243341347039233, "r6": -0.21932686708322896, "r7": 1.2714895173635807}, "datetime": {"datetime": "2020-01-18 06:41:15", "elapsed": 35661.93563, "delta": 32.889414}}
{"target": 18.1, "params": {"d0": 3.3748522086288277, "d1": -5.406677752764114, "d2": 1.4404045219943042, "g0": 1.150223852258581, "g1": 0.17840420257591205, "g2": -3.191778707331702, "g3": 1.3749753635077964, "g4": 0.8088593039333889, "g5": -0.24124049655774182, "g6": 0.5045863859906823, "g7": 1.2138161826414242, "i0": 4.906169368406456, "i1": 0.31451779012444914, "i2": -1.9909832077961713, "i3": 0.8051376077057057, "i4": 1.2658573143644432, "i5": 0.7017832489396802, "i6": 0.16041627388202084, "i7": 1.1250645130375245, "r0": 2.438341559833243, "r1": 0.8491868838268102, "r2": -6.539980154724486, "r3": 1.3446053218670637, "r4": 1.1869035968009396, "r5": 0.34640043889574024, "r6": -0.28541629887312414, "r7": 1.9590008370191274}, "datetime": {"datetime": "2020-01-18 06:41:49", "elapsed": 35695.667192, "delta": 33.731562}}
{"target": 12.85, "params": {"d0": 1.529928448150707, "d1": -4.2852757256454765, "d2": 0.9332070953438943, "g0": 2.8779380392072635, "g1": 0.17456191675887023, "g2": -1.6865986052048711, "g3": 1.1902206935216215, "g4": 1.0421826254747244, "g5": 0.5301966839494765, "g6": 0.015467673528556602, "g7": 1.8469152654892094, "i0": 1.948709493375524, "i1": 0.30878582806305366, "i2": -5.0191031781307665, "i3": 1.1650348376470454, "i4": 0.8589336854166163, "i5": -0.19796314716986063, "i6": -0.2785261233770871, "i7": 1.8034816136916347, "r0": 0.5933880627398463, "r1": 0.9978680313742457, "r2": -0.2852575552311656, "r3": 0.9099463938280956, "r4": 1.2392699660549773, "r5": 0.6641005913787417, "r6": 0.5381465106255057, "r7": 1.9662539285009877}, "datetime": {"datetime": "2020-01-18 06:42:17", "elapsed": 35723.618133, "delta": 27.950941}}
{"target": 4.7, "params": {"d0": 1.509947860856875, "d1": -8.114608980011953, "d2": 1.0638974482000547, "g0": 4.085728451303618, "g1": 0.30302763212141814, "g2": -0.8914126342098267, "g3": 0.7353689332359221, "g4": 0.8517294978449877, "g5": 0.7397541665931644, "g6": 0.7607463291218268, "g7": 1.0002499419533217, "i0": 4.1851895520300335, "i1": 0.8915053627602066, "i2": -8.198083741909587, "i3": 1.1796222469048365, "i4": 0.8529745677332721, "i5": -0.6890182171711363, "i6": 0.7453233588942043, "i7": 1.6793806705147725, "r0": 3.64906297708045, "r1": 0.7108019072241886, "r2": -0.6119969520352537, "r3": 1.0394251387106546, "r4": 1.0672924288354462, "r5": -0.6826817148714174, "r6": 0.24970172074056207, "r7": 1.7453724560854873}, "datetime": {"datetime": "2020-01-18 06:42:51", "elapsed": 35757.745297, "delta": 34.127164}}
{"target": 5.45, "params": {"d0": 1.4788807843841862, "d1": -9.51807991688207, "d2": 0.7446885118450761, "g0": 0.24217294936788147, "g1": 0.1502632591805303, "g2": -0.10159717548493497, "g3": 1.3365116329365208, "g4": 0.8706682268131818, "g5": 0.28486650643150147, "g6": 0.7078900415669884, "g7": 1.1134787252630034, "i0": 3.081783247581693, "i1": 0.01729165791737719, "i2": -8.485576075054377, "i3": 1.484545616196459, "i4": 0.9428442233282213, "i5": 0.262171430242915, "i6": 0.9137733226825622, "i7": 1.5967532173534766, "r0": 1.4670512824059494, "r1": 0.18434750042832282, "r2": -9.784717690576368, "r3": 0.8955282372548425, "r4": 0.9545157818516448, "r5": -0.20341035308034439, "r6": 0.8088026342608186, "r7": 1.7505540031461535}, "datetime": {"datetime": "2020-01-18 06:43:07", "elapsed": 35773.32738, "delta": 15.582083}}
{"target": 13.55, "params": {"d0": 0.25576903078612045, "d1": -1.645829368279978, "d2": 1.313286425602267, "g0": 0.4108946627566734, "g1": 0.6978651881289512, "g2": -0.2487061323729396, "g3": 0.9273419652195334, "g4": 1.017186390715516, "g5": 0.4318707389800869, "g6": 0.8489731073770905, "g7": 1.686827429956245, "i0": 1.873101416372494, "i1": 0.8143588233284423, "i2": -9.516838779733257, "i3": 1.1015728592936191, "i4": 1.0589329121250857, "i5": 0.18431056310259086, "i6": 0.2842443977366724, "i7": 1.1353296213185928, "r0": 1.3792038416004964, "r1": 0.3414594089871974, "r2": -4.628510568837218, "r3": 1.4373478845214431, "r4": 1.1289450754044839, "r5": -0.55805198654922, "r6": -0.3034873788185527, "r7": 1.3809746916552204}, "datetime": {"datetime": "2020-01-18 06:43:33", "elapsed": 35800.208928, "delta": 26.881548}}
{"target": 13.4, "params": {"d0": 2.6097504684565425, "d1": -5.655777126469141, "d2": 0.7831268842322278, "g0": 1.2781956563304664, "g1": 0.10294069449910326, "g2": -3.8536303969285957, "g3": 0.7691870864592999, "g4": 0.8272521023565367, "g5": -0.36000176949805757, "g6": 0.8996830347440867, "g7": 0.9120843506970797, "i0": 0.33966598857834207, "i1": 0.6421746782183377, "i2": -1.8337075461515386, "i3": 0.8815147432188429, "i4": 0.9300171156483161, "i5": -0.7016725008659009, "i6": -0.3341771998095508, "i7": 1.5268134157082844, "r0": 4.660393818440209, "r1": 0.9215422701761768, "r2": -0.6624986530965238, "r3": 0.8138093559284258, "r4": 0.9672762437683098, "r5": 0.4702147122733249, "r6": -0.2909390229479349, "r7": 1.6470034561343025}, "datetime": {"datetime": "2020-01-18 06:44:07", "elapsed": 35833.304126, "delta": 33.095198}}
{"target": 17.8, "params": {"d0": 2.0512460556506924, "d1": -3.3914561685714393, "d2": 0.7720329895340041, "g0": 0.013156829424313399, "g1": 0.3360630993645479, "g2": -5.5059035773475244, "g3": 1.0183436242103416, "g4": 1.15485131228085, "g5": 0.685820026945813, "g6": -0.060429914866297896, "g7": 1.75180779019915, "i0": 1.4882836273104583, "i1": 0.021868990775881558, "i2": -3.6553097002607418, "i3": 0.7026129038880691, "i4": 0.99127000296094, "i5": -0.06447437320213412, "i6": 0.1615106448869641, "i7": 1.0967523522195948, "r0": 3.9861549597957313, "r1": 0.327262241969008, "r2": -3.0751396009614504, "r3": 0.7940892611378954, "r4": 0.818282653851597, "r5": -0.3227914329915036, "r6": -0.1768664467063799, "r7": 1.3318444726225698}, "datetime": {"datetime": "2020-01-18 06:44:40", "elapsed": 35866.486752, "delta": 33.182626}}
{"target": 15.35, "params": {"d0": 0.9770363067688531, "d1": -4.573928096672599, "d2": 0.9844716083458545, "g0": 3.3656956450565394, "g1": 0.9421424116335013, "g2": -0.8809364505732447, "g3": 1.0793547044534932, "g4": 1.2350593099761746, "g5": 0.3221604308716324, "g6": 0.15898141907835805, "g7": 1.9148343514225084, "i0": 0.3199232153147724, "i1": 0.2069882535591645, "i2": -4.741794875009349, "i3": 0.8334741612288493, "i4": 1.2533277084410197, "i5": -0.7222966713251285, "i6": 0.46957848122245827, "i7": 1.8077857525323369, "r0": 3.85046277140159, "r1": 0.9140608364219482, "r2": -5.1040682068619265, "r3": 1.128217796484637, "r4": 1.0256413699771256, "r5": 0.20775766168613874, "r6": 0.16444358101209167, "r7": 1.6371460233754922}, "datetime": {"datetime": "2020-01-18 06:45:16", "elapsed": 35903.206252, "delta": 36.7195}}
{"target": 14.95, "params": {"d0": 4.155244219688973, "d1": -4.934732036163157, "d2": 1.42671386905195, "g0": 3.2324802582329526, "g1": 0.5579779603780262, "g2": -6.250558854698223, "g3": 1.3718949216241252, "g4": 1.1633764344904423, "g5": 0.7256259702261894, "g6": 0.833226299961898, "g7": 0.9284963267082126, "i0": 1.3963352784073164, "i1": 0.2978276358696621, "i2": -5.024453775421983, "i3": 1.0642369631043405, "i4": 0.8594674369307143, "i5": 0.4864093956629021, "i6": -0.07425528859971892, "i7": 1.1324686402548152, "r0": 3.2028832058698677, "r1": 0.15048257469802528, "r2": -2.326717914089656, "r3": 1.3601674335890253, "r4": 1.2810021021153521, "r5": -0.6262262700676401, "r6": 0.266747978481471, "r7": 1.3398060365463298}, "datetime": {"datetime": "2020-01-18 06:45:47", "elapsed": 35933.724089, "delta": 30.517837}}
{"target": 9.35, "params": {"d0": 0.3849225935207884, "d1": -4.62252065675958, "d2": 0.725382456681833, "g0": 2.9078663755228678, "g1": 0.26394696755162395, "g2": -5.660179597613734, "g3": 0.7703365025039911, "g4": 1.191877422396746, "g5": -0.5854360711820767, "g6": -0.4029682465561069, "g7": 0.9966167642799811, "i0": 1.5646775904617338, "i1": 0.08333307855918815, "i2": -5.059946202477206, "i3": 1.1461595261463027, "i4": 1.1353275992758274, "i5": 0.3057355410595679, "i6": 0.11594243781324876, "i7": 1.6332958328995377, "r0": 4.603143615392622, "r1": 0.6975751278907804, "r2": -9.890295523457695, "r3": 1.2950865946076475, "r4": 1.2873768322636225, "r5": -0.6309345137367555, "r6": 0.3912839752286319, "r7": 1.684699065381471}, "datetime": {"datetime": "2020-01-18 06:46:34", "elapsed": 35980.694126, "delta": 46.970037}}
{"target": 14.85, "params": {"d0": 4.762501398898385, "d1": -5.299823674049483, "d2": 0.7859573895447411, "g0": 4.643237699427567, "g1": 0.8499018017190978, "g2": -5.785146707411325, "g3": 1.4609083734094253, "g4": 1.0147105877387315, "g5": 0.5805191271142212, "g6": 0.47841586627602983, "g7": 0.9807544238527588, "i0": 2.3683888369462585, "i1": 0.6166087576332829, "i2": -3.6276854119121467, "i3": 1.1731612414860828, "i4": 0.9913280004888234, "i5": -0.5686685790631281, "i6": 0.466387789016822, "i7": 1.113563250530473, "r0": 2.9779485230435885, "r1": 0.4698807382506892, "r2": -4.439647573263975, "r3": 1.3988963828542185, "r4": 1.1053413149119395, "r5": -0.48435289378376223, "r6": 0.7254697614088867, "r7": 1.9072790774394806}, "datetime": {"datetime": "2020-01-18 06:47:00", "elapsed": 36006.963799, "delta": 26.269673}}
{"target": 17.05, "params": {"d0": 0.48778764108728057, "d1": -2.7434375698873295, "d2": 1.4937611991078072, "g0": 1.4977121943128697, "g1": 0.1450768466503225, "g2": -7.5965798459231255, "g3": 0.9884204901943873, "g4": 1.1094896550307531, "g5": 0.21185255064831554, "g6": 0.29491168149253166, "g7": 1.732998445414712, "i0": 2.756032115633084, "i1": 0.1635736695205242, "i2": -4.954984581248597, "i3": 1.440534403502594, "i4": 0.8575620948328231, "i5": -0.36286281317554164, "i6": 0.4637223903866725, "i7": 1.5751675770127291, "r0": 4.422750173888528, "r1": 0.8044003615937707, "r2": -7.684186159149849, "r3": 0.9960705474595447, "r4": 0.9290339759713855, "r5": 0.7731103088109403, "r6": 0.21131373780113727, "r7": 1.9282997832464788}, "datetime": {"datetime": "2020-01-18 06:47:35", "elapsed": 36042.092925, "delta": 35.129126}}
{"target": 5.0, "params": {"d0": 1.4561001359765924, "d1": -5.377202252815932, "d2": 1.0132002519449663, "g0": 2.3535633545513224, "g1": 0.8224374369858934, "g2": -7.453743310852868, "g3": 1.1218952205640422, "g4": 0.9568903195737475, "g5": -0.32049580272654465, "g6": 0.4765113563543124, "g7": 1.419187740199797, "i0": 3.2780745037968257, "i1": 0.8754718479634295, "i2": -2.1070556927517146, "i3": 1.3014498093590623, "i4": 0.9171468987811362, "i5": 0.3155809964316598, "i6": -0.0017164924281475868, "i7": 1.1140335532039671, "r0": 4.025705440159922, "r1": 0.83139010389834, "r2": -0.4013916737245271, "r3": 1.3353215958388696, "r4": 0.8016009833468529, "r5": 0.07507783769536513, "r6": 0.8716963995847133, "r7": 1.5100071081543702}, "datetime": {"datetime": "2020-01-18 06:48:06", "elapsed": 36072.652723, "delta": 30.559798}}
{"target": 12.1, "params": {"d0": 3.0876280454425, "d1": -9.453207169183134, "d2": 0.807742652670927, "g0": 2.9039529892666547, "g1": 0.6880030778678295, "g2": -3.8704157648515336, "g3": 0.9888228838307509, "g4": 1.0479625537775104, "g5": 0.3506595525122653, "g6": 0.6018807297210982, "g7": 1.255634268980179, "i0": 3.8811333195483746, "i1": 0.23967191011506694, "i2": -4.661590439907565, "i3": 1.367821257938553, "i4": 1.1999986070163706, "i5": 0.18574379882906533, "i6": 0.34083855345235614, "i7": 1.581186120802684, "r0": 1.8656690331017423, "r1": 0.06670920691062843, "r2": -7.520492256286818, "r3": 0.8207920060933519, "r4": 1.0979268505529478, "r5": 0.4702898348305382, "r6": 0.005227815908097622, "r7": 1.2554008837993933}, "datetime": {"datetime": "2020-01-18 06:48:31", "elapsed": 36098.116707, "delta": 25.463984}}
{"target": 10.35, "params": {"d0": 1.833588243422396, "d1": -5.964171802222012, "d2": 1.0996607801133704, "g0": 3.5964209518835477, "g1": 0.7517672854221848, "g2": -4.0126402639966186, "g3": 1.201046286618042, "g4": 1.2533298279113205, "g5": -0.411878139532538, "g6": 0.952777999147006, "g7": 1.2171100724578978, "i0": 2.7954274871300595, "i1": 0.18124467993437376, "i2": -4.970087643622788, "i3": 0.7578827571389988, "i4": 1.1162280777770568, "i5": 0.6635421661505516, "i6": -0.25374874087381716, "i7": 1.9123031320400101, "r0": 1.9986146062763637, "r1": 0.510536939627868, "r2": -3.416004710187874, "r3": 1.3600911520449916, "r4": 0.9820732903601443, "r5": 0.4451657186793445, "r6": 0.8121930193402209, "r7": 1.0135873927583028}, "datetime": {"datetime": "2020-01-18 06:49:01", "elapsed": 36127.524189, "delta": 29.407482}}
{"target": 17.3, "params": {"d0": 4.06477355327754, "d1": -3.286770408157608, "d2": 0.8669043042700008, "g0": 3.619022472415709, "g1": 0.9842676701158845, "g2": -6.599769946232325, "g3": 0.7707903102690872, "g4": 1.105233004384628, "g5": 0.7392585391721329, "g6": 0.3837297722017199, "g7": 1.322844293261348, "i0": 3.0623821747403217, "i1": 0.04296222141038819, "i2": -5.708192431748117, "i3": 0.8129069418797898, "i4": 1.0316859367742357, "i5": 0.36274609101396194, "i6": 0.7199478553607086, "i7": 1.5709055277860997, "r0": 0.046132565651253454, "r1": 0.01622079108860075, "r2": -8.649680127225123, "r3": 1.058540918494477, "r4": 1.1300360424812423, "r5": 0.15011791479541414, "r6": 0.5762378520104847, "r7": 1.1909487526512887}, "datetime": {"datetime": "2020-01-18 06:49:33", "elapsed": 36160.108415, "delta": 32.584226}}
{"target": 19.6, "params": {"d0": 2.5594151378149013, "d1": -8.734753861428286, "d2": 1.2247272738189503, "g0": 0.241620304047383, "g1": 0.6210526391440759, "g2": -8.669267805297064, "g3": 1.4611331695015322, "g4": 1.2012081500332537, "g5": -0.242239794272732, "g6": 0.10967317367769924, "g7": 1.8865047043742504, "i0": 0.09483681828552415, "i1": 0.8871261427325594, "i2": -4.3139423206686605, "i3": 1.2731573303933095, "i4": 1.2382207069009366, "i5": -0.018955967561286258, "i6": 0.5812107168436271, "i7": 0.9119613183247066, "r0": 1.6764055262901756, "r1": 0.9127011029895415, "r2": -8.08330482203208, "r3": 1.2403170317405332, "r4": 0.8988034432626365, "r5": 0.5761622400887751, "r6": 0.3801222717075474, "r7": 1.334629531248048}, "datetime": {"datetime": "2020-01-18 06:50:05", "elapsed": 36192.03531, "delta": 31.926895}}
