{"target": 19.65, "params": {"d0": 4.882209694170693, "d1": -2.7009279767346754, "d2": 0.879279145799926, "g0": 1.695066326148658, "g1": 0.48199510768612835, "g2": -3.74021541435726, "g3": 1.415619467544871, "g4": 1.2196833410964065, "g5": -0.4958868848566546, "g6": 0.25769235046354494, "g7": 1.4210864043625155, "i0": 0.9934092201607422, "i1": 0.10428363769303903, "i2": -2.6545597231024947, "i3": 1.2508606145320051, "i4": 0.9752754376547332, "i5": -0.6240195220876789, "i6": -0.1902154860968622, "i7": 1.200872373040581, "r0": 2.169785004066491, "r1": 0.5022754510281949, "r2": -4.27538888897685, "r3": 1.2035946803048458, "r4": 1.0078424478586425, "r5": 0.10617674006894225, "r6": 0.40914174306585555, "r7": 1.307444767758125}, "datetime": {"datetime": "2020-01-19 06:12:46", "elapsed": 51605.374021, "delta": 49.489732}}
{"target": 20.8, "params": {"d0": 3.9776242876436245, "d1": -1.3479652539143765, "d2": 1.0246415568301968, "g0": 0.7173371358172864, "g1": 0.3188351645436183, "g2": -5.2396908726473574, "g3": 1.1568964754601334, "g4": 1.0880287995098887, "g5": 0.010878674030018173, "g6": 0.23953175396298326, "g7": 1.5252322575081996, "i0": 3.66049233801328, "i1": 0.5154930340369247, "i2": -6.5906779102932935, "i3": 1.0732202355424125, "i4": 1.036365627578439, "i5": -0.5202341953147382, "i6": -0.017674946459774327, "i7": 1.67353053024998, "r0": 1.7986557946472386, "r1": 0.3032016643715715, "r2": -8.896810352683987, "r3": 1.2828255922610687, "r4": 1.0793838233868127, "r5": 0.351562006295655, "r6": 0.12161984117801622, "r7": 1.5446798725584205}, "datetime": {"datetime": "2020-01-19 06:13:38", "elapsed": 51657.384666, "delta": 52.010645}}
{"target": 17.9, "params": {"d0": 4.418640669785173, "d1": -1.6580025764820476, "d2": 0.758448816430291, "g0": 0.21909680845507817, "g1": 0.6825214380026147, "g2": -4.362922128610952, "g3": 0.8050186664560113, "g4": 1.0499127561271027, "g5": 0.5180604002552296, "g6": 0.09092503251382356, "g7": 1.7846602151732087, "i0": 4.3335120128035465, "i1": 0.6350747391168462, "i2": -6.167646579863329, "i3": 1.4095385231715685, "i4": 1.1376155552907694, "i5": 0.01949192567874436, "i6": -0.29386320938943733, "i7": 1.6969869660352959, "r0": 1.2112275928339282, "r1": 0.6191709635412337, "r2": -9.158381182603684, "r3": 0.8445670714114479, "r4": 0.9766307249547064, "r5": 0.5159497133423201, "r6": -0.1301464056619714, "r7": 1.6670046136306782}, "datetime": {"datetime": "2020-01-19 06:14:33", "elapsed": 51712.157014, "delta": 54.772348}}
{"target": 19.6, "params": {"d0": 3.6609009033378133, "d1": -6.142048556693823, "d2": 0.9320921026387576, "g0": 0.43844761622279255, "g1": 0.2896643417148933, "g2": -6.239437447527137, "g3": 1.4694922363591971, "g4": 0.9622269656493335, "g5": -0.6074961799726373, "g6": 0.35490682019384906, "g7": 1.7225124470270015, "i0": 0.6252437768515123, "i1": 0.4049050872291315, "i2": -2.1836352328760755, "i3": 1.1843986517723435, "i4": 0.9881035729618652, "i5": -0.4678229375489177, "i6": -0.1841560440109853, "i7": 1.1776366382674195, "r0": 3.5449352100695535, "r1": 0.3855283166363576, "r2": -2.726472456708335, "r3": 1.0270157579014922, "r4": 0.9175694442319096, "r5": 0.4346552273359057, "r6": -0.2943491290666819, "r7": 1.4609272603602907}, "datetime": {"datetime": "2020-01-19 06:15:34", "elapsed": 51773.091569, "delta": 60.934555}}
{"target": 19.4, "params": {"d0": 4.991495143628595, "d1": -9.885512791254975, "d2": 0.9714330748169882, "g0": 0.7810415681981587, "g1": 0.2352681541072091, "g2": -7.977752352858818, "g3": 0.8104643544077477, "g4": 1.2911988314079867, "g5": -0.39972969698670735, "g6": 0.7654517043628914, "g7": 1.8216103911591208, "i0": 1.3238629699384465, "i1": 0.44240856926214783, "i2": -7.769146617121769, "i3": 1.2171703773155655, "i4": 1.051548721672898, "i5": -0.16731015257327062, "i6": 0.8335408564315498, "i7": 1.5992747944192403, "r0": 2.005089480434618, "r1": 0.15938445620734065, "r2": -4.392069255349675, "r3": 1.2822775653461058, "r4": 0.8733712684586942, "r5": -0.3882647785297844, "r6": 0.530697334075676, "r7": 1.3341828149293726}, "datetime": {"datetime": "2020-01-19 06:16:25", "elapsed": 51824.87667, "delta": 51.785101}}
{"target": 19.85, "params": {"d0": 3.3082818489623174, "d1": -1.744338820163083, "d2": 0.9761138885090568, "g0": 0.3164077969819247, "g1": 0.5099406160755302, "g2": -4.520809614597839, "g3": 1.2310220516343018, "g4": 1.120399268852521, "g5": 0.057714253777214765, "g6": 0.2505613539276043, "g7": 1.6197705123031532, "i0": 3.436834862126703, "i1": 0.46218172684194697, "i2": -6.356747228857591, "i3": 1.093850382904854, "i4": 1.0279890370039628, "i5": -0.0858134171820222, "i6": -0.05264013951916547, "i7": 1.549321050830537, "r0": 3.5982405570190013, "r1": 0.5766657634754677, "r2": -8.191154121923466, "r3": 0.9524335020456275, "r4": 1.165665790376707, "r5": 0.40095223822334686, "r6": -0.006811188809519916, "r7": 1.6358733330018513}, "datetime": {"datetime": "2020-01-19 06:17:12", "elapsed": 51871.354442, "delta": 46.477772}}
{"target": 18.5, "params": {"d0": 3.507998171604795, "d1": -1.276976644781179, "d2": 1.1171628856264988, "g0": 0.981942431430417, "g1": 0.5276632496944821, "g2": -5.855327385014961, "g3": 1.0558356939722435, "g4": 1.091120086681453, "g5": -0.4297281863823281, "g6": 0.9968584921337016, "g7": 1.9725141496561465, "i0": 3.5414877692665736, "i1": 0.4658056523459353, "i2": -6.937729904470728, "i3": 1.2781737041409214, "i4": 1.2957497614226705, "i5": -0.6165781643099149, "i6": 0.20821553376126922, "i7": 1.314331700104888, "r0": 1.919210746560055, "r1": 0.4646952779338951, "r2": -8.353712248070437, "r3": 1.2092044900559882, "r4": 1.049628993850674, "r5": 0.26722754665308046, "r6": 0.1123471842105701, "r7": 1.4173969573906278}, "datetime": {"datetime": "2020-01-19 06:18:07", "elapsed": 51926.066847, "delta": 54.712405}}
{"target": 18.85, "params": {"d0": 3.3142330720230295, "d1": -9.307774625896382, "d2": 1.4736815470412408, "g0": 0.9111375824891299, "g1": 0.20983876331870255, "g2": -5.3108351509050165, "g3": 1.4635666013480777, "g4": 1.0713898627459093, "g5": -0.6895013072883635, "g6": -0.1757139120253946, "g7": 1.4231530455754935, "i0": 4.273992560832489, "i1": 0.13932352361895928, "i2": -5.977052903270196, "i3": 0.9391956616550372, "i4": 0.9351488599781124, "i5": -0.412430339509549, "i6": -0.41459846591946, "i7": 1.9491876587192993, "r0": 2.2557336135162, "r1": 0.3894480832770425, "r2": -1.5693303018740927, "r3": 1.4769084924827596, "r4": 1.0677219966990559, "r5": -0.031160746391729055, "r6": 0.09473683069706762, "r7": 1.444393561905625}, "datetime": {"datetime": "2020-01-19 06:19:01", "elapsed": 51980.473144, "delta": 54.406297}}
{"target": 20.3, "params": {"d0": 3.8914376716180468, "d1": -1.284103842880428, "d2": 0.9539739647177548, "g0": 0.6964166227613491, "g1": 0.2754696959930437, "g2": -5.236065948940053, "g3": 1.2596021833001676, "g4": 1.2271997038603548, "g5": 0.1682133431998322, "g6": 0.1808566805821477, "g7": 1.615210772282146, "i0": 3.708245814440691, "i1": 0.6256105798744859, "i2": -6.55885767740111, "i3": 1.0226411492623286, "i4": 1.1082975977675555, "i5": -0.5059181246857836, "i6": 0.10796873328092801, "i7": 1.6658466034723034, "r0": 1.85136561232884, "r1": 0.15977767623524652, "r2": -8.82563740513874, "r3": 1.2340666297834701, "r4": 0.9779307196443008, "r5": 0.3072515324082294, "r6": 0.16034270348386295, "r7": 1.5470637272936454}, "datetime": {"datetime": "2020-01-19 06:19:57", "elapsed": 52036.364288, "delta": 55.891144}}
{"target": 19.65, "params": {"d0": 2.6455829568043403, "d1": -5.794843829174737, "d2": 1.1317116245006578, "g0": 0.07177362270663692, "g1": 0.4817654121791088, "g2": -4.317189201312619, "g3": 1.3883613625973765, "g4": 0.984224003078702, "g5": -0.4785895361395638, "g6": 0.41794046752703107, "g7": 1.7903365556456163, "i0": 2.43733201961116, "i1": 0.6125565637873444, "i2": -4.13915214211951, "i3": 1.166738370554307, "i4": 1.0982765163347274, "i5": 0.056939531283912784, "i6": -0.1323887113720965, "i7": 1.3586816212613724, "r0": 2.70528378087507, "r1": 0.43593964405382596, "r2": -1.752265310818392, "r3": 1.2021142987567548, "r4": 0.917138146619723, "r5": 0.41972399872054655, "r6": 0.46192752594982645, "r7": 1.4252093403696655}, "datetime": {"datetime": "2020-01-19 06:20:49", "elapsed": 52088.176803, "delta": 51.812515}}
{"target": 20.25, "params": {"d0": 2.641942359931879, "d1": -7.858916231412858, "d2": 1.1776043173131883, "g0": 0.14490066195254192, "g1": 0.4364478446330889, "g2": -9.106049619527246, "g3": 1.1438629430192764, "g4": 0.9014494301297566, "g5": -0.11364920782443776, "g6": 0.17660707436057038, "g7": 1.5438308493744348, "i0": 2.231193777692115, "i1": 0.6520829765385633, "i2": -8.514566487430958, "i3": 1.2201297868210472, "i4": 0.8877157433656216, "i5": -0.5480406481881916, "i6": 0.30188107479047666, "i7": 1.6358547767748852, "r0": 2.7380375872670073, "r1": 0.31362712150202654, "r2": -0.6890446854991619, "r3": 1.3436076135001223, "r4": 0.996672809162653, "r5": 0.34619117382877285, "r6": 0.83730012852706, "r7": 1.9682555307723362}, "datetime": {"datetime": "2020-01-19 06:21:46", "elapsed": 52145.204419, "delta": 57.027616}}
{"target": 21.35, "params": {"d0": 4.576433556686756, "d1": -8.154234603199791, "d2": 1.2369148606969587, "g0": 0.8540455674500248, "g1": 0.5654759133356329, "g2": -2.6395419336848445, "g3": 1.3255140752721177, "g4": 0.9931758969253909, "g5": -0.05646986818818027, "g6": 0.3604448460936758, "g7": 1.1702981546868323, "i0": 0.7125448719732715, "i1": 0.702485516122721, "i2": -4.778973151761083, "i3": 0.8904345127758367, "i4": 1.0225104264550124, "i5": 0.2369896236741846, "i6": -0.29062273323711074, "i7": 1.4760210943178804, "r0": 3.768080122458338, "r1": 0.817295980501495, "r2": -4.460649618495613, "r3": 0.9668346675444706, "r4": 1.2171725232238975, "r5": 0.20339815337778433, "r6": 0.3015538796238769, "r7": 1.8781753425620071}, "datetime": {"datetime": "2020-01-19 06:22:33", "elapsed": 52192.181905, "delta": 46.977486}}
{"target": 19.8, "params": {"d0": 4.551033274720434, "d1": -0.5368269983441802, "d2": 0.8122243049167609, "g0": 0.7156146579398065, "g1": 0.11105602258123204, "g2": -5.018780291545433, "g3": 1.1954075681926348, "g4": 1.0960784699140302, "g5": 0.3854088311993644, "g6": -0.0804755590393364, "g7": 1.6280587378634195, "i0": 4.379832740693994, "i1": 0.9746082491317523, "i2": -6.856663472174178, "i3": 1.4461380754756907, "i4": 0.9498424704372062, "i5": 0.22087672999425267, "i6": 0.46425210923900817, "i7": 1.7902193194873188, "r0": 2.680071432146799, "r1": 0.014220516311072129, "r2": -8.890861731874535, "r3": 0.9473745687457211, "r4": 0.9049777758844151, "r5": 0.22105982956393166, "r6": 0.004737698542908175, "r7": 1.185004718912497}, "datetime": {"datetime": "2020-01-19 06:23:23", "elapsed": 52242.482658, "delta": 50.300753}}
{"target": 20.15, "params": {"d0": 3.157449828700963, "d1": -0.8174792822163222, "d2": 0.8702313013794529, "g0": 1.1318859339279055, "g1": 0.6494065827208647, "g2": -5.268205514808754, "g3": 1.2353469577231373, "g4": 1.1795493824130447, "g5": 0.18465329773905667, "g6": 0.5134939855004255, "g7": 1.9214251098369841, "i0": 2.973167946372415, "i1": 0.45474225279432035, "i2": -7.720811403851513, "i3": 1.3533733640969912, "i4": 1.1426095754157843, "i5": 0.09127553170190011, "i6": 0.7068665637807856, "i7": 1.387871429633113, "r0": 4.4760546265253165, "r1": 0.5040294094249606, "r2": -9.639526833411171, "r3": 1.391217286899496, "r4": 1.1296427696905227, "r5": -0.11409915397630824, "r6": -0.3070267120120703, "r7": 1.1124041852373276}, "datetime": {"datetime": "2020-01-19 06:24:24", "elapsed": 52303.530137, "delta": 61.047479}}
{"target": 20.05, "params": {"d0": 3.6074510092108247, "d1": -1.4111538436635602, "d2": 1.0288612095775698, "g0": 0.5359744428251902, "g1": 0.5308348320193549, "g2": -4.635660464320229, "g3": 1.1421281510781736, "g4": 1.0853697341660034, "g5": 0.01440372762503817, "g6": 0.2135424777802668, "g7": 1.6156958502149985, "i0": 3.7062754532846447, "i1": 0.5865476296547654, "i2": -6.619763193715747, "i3": 0.971663656210575, "i4": 1.1200723885331865, "i5": 0.00398225393842064, "i6": 0.11470290956997431, "i7": 1.405696516959781, "r0": 3.271616097761113, "r1": 0.5458927194455003, "r2": -8.762076423744057, "r3": 0.9933102341801161, "r4": 1.1068989472069277, "r5": 0.29141925427246196, "r6": 0.04765086146393633, "r7": 1.5027407759347837}, "datetime": {"datetime": "2020-01-19 06:25:17", "elapsed": 52356.508881, "delta": 52.978744}}
{"target": 20.8, "params": {"d0": 4.62137005786889, "d1": -8.326590142136185, "d2": 1.1849143244635998, "g0": 0.8267672313059645, "g1": 0.5399718465799603, "g2": -2.682162470020029, "g3": 1.3355425708735735, "g4": 0.9728038001379408, "g5": -0.15093454637720224, "g6": 0.2755157634377171, "g7": 1.227943916896604, "i0": 0.7669620516076417, "i1": 0.7077377369603116, "i2": -4.751846842371211, "i3": 0.9484812158130932, "i4": 1.0348421429570152, "i5": 0.22491319291183573, "i6": -0.273722588553496, "i7": 1.4385663533752382, "r0": 3.7687955323722298, "r1": 0.8351904963994345, "r2": -4.571542734147797, "r3": 0.9883320231953721, "r4": 1.2132853709962146, "r5": 0.23785138296758593, "r6": 0.2842390784891352, "r7": 1.8724347903756573}, "datetime": {"datetime": "2020-01-19 06:26:04", "elapsed": 52403.621969, "delta": 47.113088}}
{"target": 20.15, "params": {"d0": 2.7577339032229533, "d1": -8.270461447131353, "d2": 1.1560919263595304, "g0": 0.19084841896081348, "g1": 0.04097018323540365, "g2": -5.049355229380167, "g3": 1.5, "g4": 1.1492220830549318, "g5": -0.31050422857178295, "g6": 0.6278934136028667, "g7": 1.3225269464485645, "i0": 3.605267277871778, "i1": 0.7839504688169682, "i2": -4.985361488629083, "i3": 1.0388594577684949, "i4": 1.1655736711385638, "i5": 0.266428131989237, "i6": 0.10047030292474005, "i7": 1.3482166062879126, "r0": 2.005984792162146, "r1": 0.12755182676746518, "r2": -2.5395475278376893, "r3": 1.1456869728420946, "r4": 0.8400494484552876, "r5": 0.05576016654968879, "r6": -0.3125514669992746, "r7": 1.4150155639970714}, "datetime": {"datetime": "2020-01-19 06:27:04", "elapsed": 52463.389581, "delta": 59.767612}}
{"target": 20.65, "params": {"d0": 3.5502128962089072, "d1": -1.3928505884775713, "d2": 1.0206858750530061, "g0": 0.6296354042410195, "g1": 0.46097293156184754, "g2": -5.056712918515854, "g3": 1.2172801443609025, "g4": 1.1129718978322998, "g5": -0.06942074850395301, "g6": 0.229461168697356, "g7": 1.573974209045797, "i0": 3.82704186537857, "i1": 0.5859242070610609, "i2": -6.72891845171605, "i3": 1.0457204549247088, "i4": 0.9834983065322408, "i5": -0.05434340957229987, "i6": 0.22178409158929566, "i7": 1.5492782242276562, "r0": 2.8499519634387664, "r1": 0.4107663539680703, "r2": -8.819452371002448, "r3": 1.0505983795371086, "r4": 1.0441909805311118, "r5": 0.32208227237276826, "r6": 0.1505410416567456, "r7": 1.3755401189560768}, "datetime": {"datetime": "2020-01-19 06:27:54", "elapsed": 52513.550805, "delta": 50.161224}}
{"target": 14.05, "params": {"d0": 2.7608652457708813, "d1": -8.534738865294019, "d2": 1.0133056723764688, "g0": 1.9276530488433161, "g1": 0.20938369537742765, "g2": -9.691412231280697, "g3": 1.4131109182031292, "g4": 0.9808558312203675, "g5": -0.5175897794434857, "g6": 0.6982576742699724, "g7": 1.4267565646820959, "i0": 3.8684469571224223, "i1": 0.688416983309706, "i2": -8.821788033084264, "i3": 1.1433535585513532, "i4": 0.9569295552657208, "i5": 0.37707867330449135, "i6": 0.7066110409800468, "i7": 1.1908522134967265, "r0": 2.088555953973407, "r1": 0.7678764587767257, "r2": -2.4578011436003493, "r3": 0.9880793437732664, "r4": 1.1619262325912505, "r5": -0.5474204293230627, "r6": 0.2166769035517385, "r7": 0.9796000059030366}, "datetime": {"datetime": "2020-01-19 06:28:45", "elapsed": 52564.737648, "delta": 51.186843}}
{"target": 20.15, "params": {"d0": 4.774416428702215, "d1": -2.6879997349706697, "d2": 1.1109463407906928, "g0": 1.047869427434225, "g1": 0.23023455064868523, "g2": -8.34728942959955, "g3": 1.4995618591342712, "g4": 1.1404159463378942, "g5": -0.03295770447755564, "g6": 0.41467500761650133, "g7": 1.317880922840244, "i0": 4.488485074778082, "i1": 0.6926710952940234, "i2": -5.035952172217635, "i3": 1.2139728422540605, "i4": 1.1435119654584962, "i5": -0.25664837506583005, "i6": 0.017625058766517175, "i7": 1.0990962143197884, "r0": 4.100625461301123, "r1": 0.8829872012434428, "r2": -4.680787543861467, "r3": 1.2235839286763914, "r4": 1.0576397129145276, "r5": 0.19359177420945475, "r6": 0.5250371976456053, "r7": 1.7301079486425035}, "datetime": {"datetime": "2020-01-19 06:29:35", "elapsed": 52614.644203, "delta": 49.906555}}
{"target": 20.25, "params": {"d0": 3.1721018698308368, "d1": -1.6099640966765536, "d2": 1.0493909987218812, "g0": 0.42019419898379357, "g1": 0.5242014047329401, "g2": -4.917274918337291, "g3": 1.2226341255679385, "g4": 1.0635694459509404, "g5": -0.044096446613770345, "g6": 0.2795792912796774, "g7": 1.6613706952550045, "i0": 3.317031812111828, "i1": 0.5874859671962223, "i2": -6.47626662617902, "i3": 0.9769612226826675, "i4": 1.0638417899057033, "i5": -0.20421584599987394, "i6": 0.009302757960090719, "i7": 1.5100493517714604, "r0": 3.9483962628668454, "r1": 0.5812320652956493, "r2": -8.44524063689788, "r3": 1.0863865787262794, "r4": 1.1957024631143196, "r5": 0.45314393162092736, "r6": -0.11023092876848872, "r7": 1.6212085382177477}, "datetime": {"datetime": "2020-01-19 06:30:28", "elapsed": 52667.02936, "delta": 52.385157}}
{"target": 20.25, "params": {"d0": 1.8543408840749953, "d1": -7.754509413762556, "d2": 0.8867763344485207, "g0": 1.4820704604919903, "g1": 0.16564501682232957, "g2": -7.633012950875311, "g3": 1.3678142471715145, "g4": 1.1619340344481282, "g5": -0.281737497524142, "g6": 0.4451861465289068, "g7": 1.3628750317291216, "i0": 2.289322694553286, "i1": 0.20508652015187012, "i2": -6.8984866390091835, "i3": 0.8132296062995594, "i4": 0.9708603802412055, "i5": 0.21061064719457448, "i6": -0.03233502848530606, "i7": 1.7148307326171435, "r0": 3.4010414189635956, "r1": 0.6688480563672775, "r2": -5.7871571775814585, "r3": 1.1976502027886786, "r4": 1.2076248759138573, "r5": -0.35074538134589756, "r6": -0.1137422790541707, "r7": 1.8128089906534983}, "datetime": {"datetime": "2020-01-19 06:31:22", "elapsed": 52721.899479, "delta": 54.870119}}
{"target": 20.15, "params": {"d0": 4.363195789315968, "d1": -1.8020677413402577, "d2": 0.9175942518684583, "g0": 0.8397687161665202, "g1": 0.49834818901876177, "g2": -5.051920480777543, "g3": 1.0160383687011256, "g4": 1.278075006568044, "g5": -0.058569387779088045, "g6": 0.9775500991641595, "g7": 1.767810867683774, "i0": 3.490733638224654, "i1": 0.9741645860410575, "i2": -6.988855887976185, "i3": 1.1361305212866195, "i4": 0.9126961198505883, "i5": 0.4571819898557856, "i6": -0.3934728445713297, "i7": 1.2346800094488448, "r0": 1.8398667744805612, "r1": 0.2885828588164452, "r2": -8.794338289993242, "r3": 1.303277848662296, "r4": 1.207468191003982, "r5": 0.5469935798939682, "r6": -0.2641366620181773, "r7": 1.84063463523679}, "datetime": {"datetime": "2020-01-19 06:32:10", "elapsed": 52769.145875, "delta": 47.246396}}
{"target": 20.3, "params": {"d0": 2.067226303290276, "d1": -1.6790375690278077, "d2": 1.03432649570867, "g0": 0.7575018604288141, "g1": 0.15480667486398506, "g2": -8.041728123813291, "g3": 1.2493535855848212, "g4": 1.2439330269718163, "g5": -0.0326118955311119, "g6": 0.03601736386783556, "g7": 1.8418803379402353, "i0": 2.990969845575805, "i1": 0.403469693452058, "i2": -9.23725132471371, "i3": 0.8044414475392707, "i4": 0.9609968144458614, "i5": -0.37599776104323646, "i6": 0.14160624666413024, "i7": 1.4291906223126658, "r0": 4.412584071027886, "r1": 0.3981558494155944, "r2": -8.733906110627096, "r3": 1.2537498691724829, "r4": 1.1779171035812301, "r5": -0.6881350328473809, "r6": 0.2943949494278719, "r7": 1.05813940178922}, "datetime": {"datetime": "2020-01-19 06:33:01", "elapsed": 52820.414752, "delta": 51.268877}}
{"target": 20.85, "params": {"d0": 3.2348654495084093, "d1": -2.066081182218339, "d2": 0.8892539625255379, "g0": 0.6244310128582402, "g1": 0.8561992648606207, "g2": -5.948536640095247, "g3": 0.9019482193590431, "g4": 1.0436832545837735, "g5": -0.030411374086820677, "g6": 0.18911071114570138, "g7": 1.4224422780327914, "i0": 2.7516199273183535, "i1": 0.4072589357418067, "i2": -6.793339755864321, "i3": 1.1373376668051614, "i4": 0.9534678840023794, "i5": 0.0484004963606986, "i6": 0.5892917420123223, "i7": 1.0185516696197519, "r0": 3.1216476744474475, "r1": 0.370568693394369, "r2": -8.874634161531572, "r3": 1.203516946402092, "r4": 1.2622362587482008, "r5": 0.7589522947930512, "r6": 0.34943156655909646, "r7": 1.3911005740617182}, "datetime": {"datetime": "2020-01-19 06:33:50", "elapsed": 52869.348798, "delta": 48.934046}}
{"target": 20.8, "params": {"d0": 3.850728635544965, "d1": -1.626340305798547, "d2": 0.8491964787274751, "g0": 0.6337356169070688, "g1": 0.3549388248190237, "g2": -3.3695459270337054, "g3": 1.1375091880315267, "g4": 1.0567555982284758, "g5": 0.12119213563509988, "g6": 0.42446480550973925, "g7": 1.8004643951991703, "i0": 3.9623897442425093, "i1": 0.3394353315437695, "i2": -4.772487577172363, "i3": 1.4211441225462143, "i4": 1.2001121459513036, "i5": 0.11122639570463423, "i6": 0.4059077862940322, "i7": 1.3102230277827076, "r0": 4.6729709614068105, "r1": 0.9424923230834397, "r2": -4.892740744078833, "r3": 1.5, "r4": 1.2185735682710706, "r5": -0.4475267149773651, "r6": -0.30677933235646204, "r7": 1.1346516406186}, "datetime": {"datetime": "2020-01-19 06:34:41", "elapsed": 52920.319577, "delta": 50.970779}}
