{"target": 19.55, "params": {"d0": 4.3661544399615835, "d1": -2.2882079302110476, "d2": 1.3511613542676728, "g0": 0.11940232841002596, "g1": 0.45127177866258705, "g2": -4.543702368225603, "g3": 0.8619759198852659, "g4": 0.9850715848352951, "g5": -0.1675132187165118, "g6": 0.7867509617213089, "g7": 0.9933088039210496, "i0": 4.7811564301125085, "i1": 0.33190859191177013, "i2": -5.762897683725939, "i3": 1.479093594946474, "i4": 0.8009215878950362, "i5": -0.6807776178045869, "i6": -0.39511634594726214, "i7": 1.7142350117599197, "r0": 2.647482507801631, "r1": 0.13426449170850552, "r2": -7.742142373043785, "r3": 1.0848734619699147, "r4": 0.8878143903634523, "r5": 0.596647449438211, "r6": 0.15476579317549655, "r7": 1.9234309242114538}, "datetime": {"datetime": "2020-01-19 08:58:54", "elapsed": 61573.076753, "delta": 58.630179}}
{"target": 20.15, "params": {"d0": 2.1300658956111658, "d1": -1.6879582074148245, "d2": 0.9812261633972064, "g0": 0.7184491150870567, "g1": 0.18532539448220578, "g2": -8.21102204135878, "g3": 1.3307525876913155, "g4": 1.2672410026352752, "g5": 0.14928585615377182, "g6": 0.007125682776008851, "g7": 1.9526330882085503, "i0": 2.944147366462144, "i1": 0.4625084433106623, "i2": -9.252723732759248, "i3": 0.7179227075069282, "i4": 0.9640839278210651, "i5": -0.46218168299748214, "i6": 0.26897107008313126, "i7": 1.4700699663475758, "r0": 4.566148304818345, "r1": 0.3803834539713895, "r2": -8.751527089913882, "r3": 1.2768196000811767, "r4": 1.185468683501799, "r5": -0.6948812456301997, "r6": 0.2508998889659193, "r7": 0.9430199544700741}, "datetime": {"datetime": "2020-01-19 08:59:57", "elapsed": 61636.413867, "delta": 63.337114}}
{"target": 21.0, "params": {"d0": 4.178647196570955, "d1": -7.820719820204282, "d2": 1.0141008290732194, "g0": 0.5417804143993161, "g1": 0.5319738962031942, "g2": -3.135915198599812, "g3": 1.3538686012148657, "g4": 1.0439279986356313, "g5": -0.1585636670591976, "g6": 0.3971279770333851, "g7": 1.2878423817235964, "i0": 0.9628402954688824, "i1": 0.7553972985875342, "i2": -4.5700648868815525, "i3": 1.0864502079094218, "i4": 0.9552162715259027, "i5": 0.3052686886019125, "i6": -0.32922602376487825, "i7": 1.6071501548476284, "r0": 3.298693042724432, "r1": 0.801035429746088, "r2": -4.611014110085916, "r3": 1.0107082397646372, "r4": 1.1923087729569906, "r5": 0.1694816601377038, "r6": 0.3793139961448888, "r7": 1.7956989457997454}, "datetime": {"datetime": "2020-01-19 09:01:02", "elapsed": 61701.451691, "delta": 65.037824}}
{"target": 20.8, "params": {"d0": 3.472262822690257, "d1": -1.453009430457193, "d2": 0.9712132593316197, "g0": 0.5281267345168279, "g1": 0.5968987697854086, "g2": -4.889470368778286, "g3": 1.0688844422867998, "g4": 1.1192248264184739, "g5": 0.004563222268536777, "g6": 0.19107572207960538, "g7": 1.5201318648428055, "i0": 3.999758056904834, "i1": 0.7727718359579098, "i2": -6.820283583441839, "i3": 1.1173552209202453, "i4": 0.9607170139778884, "i5": -0.07128575282320283, "i6": 0.1450403184104677, "i7": 1.4700267863754324, "r0": 2.6942962760945393, "r1": 0.485726648418505, "r2": -8.909586691624341, "r3": 1.0598552468505096, "r4": 1.0609620656652994, "r5": 0.6936374165916903, "r6": 0.2950702538961567, "r7": 1.430591081625492}, "datetime": {"datetime": "2020-01-19 09:02:06", "elapsed": 61765.88366, "delta": 64.431969}}
{"target": 20.95, "params": {"d0": 2.384933676798837, "d1": -2.4337896619840675, "d2": 0.7176330721936097, "g0": 0.2353374261084972, "g1": 0.38243542456425444, "g2": -6.984938147906713, "g3": 1.052565835153734, "g4": 0.9561183665824142, "g5": 0.062378374698998505, "g6": 0.15559309360680393, "g7": 0.9539738404393244, "i0": 3.123190225482481, "i1": 0.24446244459442848, "i2": -5.58905166680893, "i3": 1.18370772421535, "i4": 0.9627736887208194, "i5": 0.09485368287083416, "i6": 0.5021773424968327, "i7": 1.5526905412022725, "r0": 1.9153158631410974, "r1": 0.3023884147529107, "r2": -7.721220573983801, "r3": 1.2517524819931642, "r4": 1.2819519859948483, "r5": 0.10349097035691482, "r6": 0.45254139019626544, "r7": 1.6171377050360562}, "datetime": {"datetime": "2020-01-19 09:03:14", "elapsed": 61833.834292, "delta": 67.950632}}
{"target": 19.7, "params": {"d0": 3.4414104129854897, "d1": -1.4332320902084277, "d2": 1.0879322357391692, "g0": 0.5139992221624676, "g1": 0.6371312964744821, "g2": -4.987096912304874, "g3": 1.180957804488677, "g4": 1.0383315073550823, "g5": -0.07292285757048224, "g6": 0.12100181395773033, "g7": 1.5761831128732302, "i0": 3.7639623863255123, "i1": 0.6466854084029534, "i2": -6.7067065431452235, "i3": 1.0332150388687658, "i4": 0.9824496934412147, "i5": -0.013973010098028807, "i6": 0.24981616092335543, "i7": 1.4538699163944264, "r0": 3.2066086822898434, "r1": 0.41851969117045107, "r2": -8.694509306169058, "r3": 1.1261411144243982, "r4": 1.0361834851574434, "r5": 0.4577400538818416, "r6": 0.27595094157879524, "r7": 1.4635377892497345}, "datetime": {"datetime": "2020-01-19 09:04:14", "elapsed": 61893.032527, "delta": 59.198235}}
{"target": 17.95, "params": {"d0": 3.774603215283487, "d1": -2.324098652642009, "d2": 0.7131219784402663, "g0": 0.9482131650683673, "g1": 0.26082040698501485, "g2": -6.280869456283817, "g3": 0.8918489364283857, "g4": 0.8042947296855019, "g5": -0.42965524916797015, "g6": 0.31119515944302933, "g7": 1.9714972667717752, "i0": 3.311071151416716, "i1": 0.8364734628527193, "i2": -6.326788894536976, "i3": 1.372707912873178, "i4": 0.8321875199318376, "i5": 0.09408615585007785, "i6": -0.07056568451810646, "i7": 1.315510570647873, "r0": 2.0726019929926434, "r1": 0.6233761610552246, "r2": -8.152966244460883, "r3": 1.3566315588242133, "r4": 1.173012121473827, "r5": 0.5061363928104703, "r6": 0.1376110879243475, "r7": 1.3777689705696607}, "datetime": {"datetime": "2020-01-19 09:05:05", "elapsed": 61944.405271, "delta": 51.372744}}
{"target": 19.65, "params": {"d0": 2.430245728938114, "d1": -5.957731011236994, "d2": 1.1491738996091936, "g0": 0.07457050168435411, "g1": 0.45031153963840725, "g2": -4.54898235178269, "g3": 1.4996761948502486, "g4": 0.9832804634799133, "g5": -0.41653921828075186, "g6": 0.7162908772850491, "g7": 1.7299662819719597, "i0": 2.3387085749926286, "i1": 0.5884241210039993, "i2": -4.060758655589389, "i3": 1.3501386374851543, "i4": 1.0949185323165085, "i5": 0.0348494662992377, "i6": -0.07681952565822375, "i7": 1.4276984620528212, "r0": 2.5760385866405167, "r1": 0.47660432317870527, "r2": -1.901350957832916, "r3": 1.3385170578212864, "r4": 0.8752138748074818, "r5": 0.33363556267389655, "r6": 0.4022946017315756, "r7": 1.4059517128914525}, "datetime": {"datetime": "2020-01-19 09:06:03", "elapsed": 62002.145342, "delta": 57.740071}}
{"target": 20.75, "params": {"d0": 3.130213342084677, "d1": -1.5709851952353757, "d2": 1.098857785820763, "g0": 0.5436232549236893, "g1": 0.5465027094988179, "g2": -5.018093485094331, "g3": 1.270847644034795, "g4": 1.1117215451920899, "g5": 0.11498771124382992, "g6": 0.2207873364324005, "g7": 1.8109467045181322, "i0": 3.249527634801584, "i1": 0.46313322240291116, "i2": -6.411232519934835, "i3": 0.8991024913243029, "i4": 1.0311405039829518, "i5": -0.20372377564203686, "i6": -0.04276400500488496, "i7": 1.5475464910423626, "r0": 3.9524634637795306, "r1": 0.5276285179121174, "r2": -8.439549261178735, "r3": 0.9441500265075985, "r4": 1.1229190365830288, "r5": 0.38180828389682425, "r6": -0.13101836322828656, "r7": 1.6189439690799405}, "datetime": {"datetime": "2020-01-19 09:07:06", "elapsed": 62065.329735, "delta": 63.184393}}
{"target": 21.05, "params": {"d0": 4.0314899410467415, "d1": -1.7116573392410017, "d2": 0.8466000761196006, "g0": 0.42946636252330017, "g1": 0.25379430698934063, "g2": -4.822240070723305, "g3": 1.170163355023886, "g4": 1.0901787456945757, "g5": -0.13811405348852382, "g6": 0.07186037420757424, "g7": 1.2835691425337445, "i0": 3.7991900678631074, "i1": 0.44135868913640913, "i2": -6.2981398752200075, "i3": 1.071419598146614, "i4": 0.9357042887176079, "i5": -0.10972567978607731, "i6": 0.2235324024147365, "i7": 1.511013757620265, "r0": 1.9964985235420352, "r1": 0.402312879242859, "r2": -8.401978296928048, "r3": 1.0203104751653091, "r4": 1.0895322720163099, "r5": 0.41227671763014156, "r6": 0.24908400177461595, "r7": 1.622302023360561}, "datetime": {"datetime": "2020-01-19 09:08:19", "elapsed": 62138.108543, "delta": 72.778808}}
{"target": 21.1, "params": {"d0": 4.281834728627991, "d1": -3.404662461422039, "d2": 1.2308056870988906, "g0": 0.5872769847313083, "g1": 0.07553282278739161, "g2": -8.901578243967945, "g3": 1.1543583059219718, "g4": 1.2970740966814305, "g5": 0.08870879124572084, "g6": 0.8872541289806531, "g7": 1.0457903958768777, "i0": 4.2735001151168195, "i1": 0.8117334529095555, "i2": -5.805341840237539, "i3": 0.8595966235554762, "i4": 1.1652573304791172, "i5": -0.568190718133287, "i6": 0.014214824408000312, "i7": 1.8808950861362104, "r0": 0.6240667483906842, "r1": 0.66175345032659, "r2": -4.441781866767466, "r3": 0.9979608488640587, "r4": 1.019977329958985, "r5": -0.7595208601711092, "r6": 0.8057737834391984, "r7": 1.9416054192846939}, "datetime": {"datetime": "2020-01-19 09:09:16", "elapsed": 62195.588495, "delta": 57.479952}}
{"target": 19.5, "params": {"d0": 4.067115662805795, "d1": -1.8163998908813461, "d2": 0.7980955304808259, "g0": 0.3690810886151952, "g1": 0.7601227789743894, "g2": -5.241970921008291, "g3": 1.4821642026192567, "g4": 0.9095711275004172, "g5": -0.4078328422992762, "g6": 0.19651343065169802, "g7": 1.5192537783170013, "i0": 3.4291723565098753, "i1": 0.5088755436873187, "i2": -7.405539226594929, "i3": 1.4619472539112297, "i4": 1.263255446960372, "i5": 0.3160556197815183, "i6": 0.18240074792074779, "i7": 1.4074485767103684, "r0": 2.5528662672523508, "r1": 0.38911125539747204, "r2": -9.069431550472576, "r3": 1.3437238503889242, "r4": 0.8099960526775168, "r5": 0.03800514809530875, "r6": -0.3817620232659792, "r7": 1.5291556605717789}, "datetime": {"datetime": "2020-01-19 09:10:09", "elapsed": 62248.681813, "delta": 53.093318}}
{"target": 20.7, "params": {"d0": 2.9685501310245503, "d1": -8.234787096728835, "d2": 1.0789883029143925, "g0": 0.35109955366353596, "g1": 0.14348116870360642, "g2": -5.157166033035301, "g3": 1.4578574346680349, "g4": 1.1026856362956183, "g5": -0.3623035561859516, "g6": 0.637047226259404, "g7": 1.4310237506167927, "i0": 3.353106181326147, "i1": 0.7037497971106457, "i2": -5.224954951392489, "i3": 1.001501576515011, "i4": 1.1157208918457477, "i5": 0.18462451684804876, "i6": 0.04489507581660939, "i7": 1.4023584021151825, "r0": 1.9337157854492613, "r1": 0.15532578059950225, "r2": -2.489844346684457, "r3": 1.1235703225380107, "r4": 0.8931791733020679, "r5": 0.041010984556842746, "r6": -0.1863218383075353, "r7": 1.5096480995030983}, "datetime": {"datetime": "2020-01-19 09:11:09", "elapsed": 62308.904907, "delta": 60.223094}}
{"target": 19.95, "params": {"d0": 3.6488603868450697, "d1": -1.5814874201130629, "d2": 0.9688750679482673, "g0": 0.45977547099290667, "g1": 0.5838488729229849, "g2": -4.536836047780855, "g3": 1.1381201359053164, "g4": 0.9479149959241248, "g5": -0.03586565995225389, "g6": 0.29478061233938735, "g7": 1.3949035101838665, "i0": 3.8280579792534675, "i1": 0.5509032075617771, "i2": -6.3990392905922295, "i3": 1.0464775910685027, "i4": 0.9610675268376736, "i5": 0.0863085290159151, "i6": 0.13608997684819274, "i7": 1.5080539820337815, "r0": 3.1224344079689765, "r1": 0.5566001893526802, "r2": -8.725126685190395, "r3": 1.05621871721023, "r4": 1.0690290887973901, "r5": 0.3277764114627151, "r6": 0.23338340065095145, "r7": 1.5679940540627215}, "datetime": {"datetime": "2020-01-19 09:12:11", "elapsed": 62370.853084, "delta": 61.948177}}
{"target": 20.2, "params": {"d0": 4.096687130398845, "d1": -0.7028017415126708, "d2": 1.2589367618802472, "g0": 0.6915087094582661, "g1": 0.9128887424248573, "g2": -5.964129512545569, "g3": 0.8135126646106093, "g4": 0.9699625631775787, "g5": 0.2592893460833732, "g6": 0.328726926192237, "g7": 1.460419917305798, "i0": 2.7851811104896336, "i1": 0.01584844702636945, "i2": -6.391843591686564, "i3": 1.299893222904835, "i4": 1.037938389413713, "i5": -0.21360057805218258, "i6": 0.5308710668669592, "i7": 1.3924926923276795, "r0": 2.9952572422455037, "r1": 0.3509264658056338, "r2": -8.531726137839911, "r3": 1.2652087585402616, "r4": 1.2650776023366581, "r5": -0.22569136453814953, "r6": -0.14796378762569545, "r7": 1.0022644762545838}, "datetime": {"datetime": "2020-01-19 09:13:10", "elapsed": 62429.558038, "delta": 58.704954}}
{"target": 19.95, "params": {"d0": 2.4874778919265084, "d1": -4.018184441543891, "d2": 1.1910324621096482, "g0": 0.6756391321979666, "g1": 0.020821995140011262, "g2": -2.623399210974105, "g3": 1.1947758672436717, "g4": 0.9338867588405091, "g5": 0.31254001162849887, "g6": 0.44939527227985887, "g7": 1.0906553249301436, "i0": 3.570853825454225, "i1": 0.3810491485061178, "i2": -3.8546363519645883, "i3": 0.8226564723873947, "i4": 1.1294347967628364, "i5": -0.7519436046454455, "i6": -0.1151298483683369, "i7": 1.594524583634421, "r0": 1.169714653675168, "r1": 0.42113651380217765, "r2": -5.9623825045381675, "r3": 1.1885952534291815, "r4": 0.9688034006463548, "r5": 0.7658468852367628, "r6": -0.1493669122713785, "r7": 1.5755007636910254}, "datetime": {"datetime": "2020-01-19 09:14:26", "elapsed": 62505.321188, "delta": 75.76315}}
{"target": 20.35, "params": {"d0": 3.7411333521505203, "d1": -1.5274364029077843, "d2": 1.0708520708319107, "g0": 0.49799941506452616, "g1": 0.6374791331298316, "g2": -4.541029859212742, "g3": 1.226321219775493, "g4": 1.0049511127996344, "g5": -0.07825544745302872, "g6": 0.11261675368187907, "g7": 1.6083742624785995, "i0": 3.832758096336065, "i1": 0.7351840665239606, "i2": -6.534214736895841, "i3": 1.0231520880506113, "i4": 1.0484230679084723, "i5": 0.020995083321682154, "i6": 0.17650672995742783, "i7": 1.5165429854486894, "r0": 3.176542252653534, "r1": 0.45319191331299274, "r2": -8.587232257160341, "r3": 1.2098248570633559, "r4": 1.1553173400662002, "r5": 0.35161105741142396, "r6": 0.25607224356903463, "r7": 1.5380765789714665}, "datetime": {"datetime": "2020-01-19 09:15:26", "elapsed": 62565.200025, "delta": 59.878837}}
{"target": 19.9, "params": {"d0": 2.5835407863297846, "d1": -1.899730811163943, "d2": 1.1644325569234717, "g0": 1.2219921621175243, "g1": 0.5292151563672359, "g2": -4.590395333312868, "g3": 1.4231699381668774, "g4": 1.0236206671858665, "g5": -0.06628963946879643, "g6": 0.7365001740668418, "g7": 1.3269756520668483, "i0": 1.966450226636878, "i1": 0.9114472857285536, "i2": -3.449923973937955, "i3": 1.3686126435470056, "i4": 1.130991002695565, "i5": 0.4307365099416085, "i6": -0.1694397126902735, "i7": 1.2196239622945138, "r0": 3.5977259864336104, "r1": 0.8825243471173703, "r2": -5.719163767275059, "r3": 1.0912069787066279, "r4": 1.024822231210702, "r5": 0.5210140507754458, "r6": 0.5204676410699163, "r7": 1.5430120127382954}, "datetime": {"datetime": "2020-01-19 09:16:22", "elapsed": 62620.972686, "delta": 55.772661}}
{"target": 20.6, "params": {"d0": 2.71427177823641, "d1": -0.9723646631340319, "d2": 0.7314905454357912, "g0": 0.8886024705690548, "g1": 0.18937826504137478, "g2": -5.308645951901801, "g3": 1.1354929604559956, "g4": 1.1428816167810005, "g5": 0.16265883038218176, "g6": 0.38038237196144575, "g7": 1.6514968126724405, "i0": 3.6311864206622744, "i1": 0.46546538179660457, "i2": -6.67560826174639, "i3": 1.3715375437924093, "i4": 1.2136061370574456, "i5": 0.27276794744876987, "i6": -0.24623553605355308, "i7": 1.5379930863339308, "r0": 3.977357301173062, "r1": 0.52569736100216, "r2": -9.48405515036386, "r3": 0.9341151835668285, "r4": 1.109740769949562, "r5": -0.14343136705624704, "r6": 0.2190796613411783, "r7": 1.227931757710766}, "datetime": {"datetime": "2020-01-19 09:17:21", "elapsed": 62680.145159, "delta": 59.172473}}
{"target": 19.4, "params": {"d0": 1.9759454854227598, "d1": -7.608314997144812, "d2": 0.8310897892102382, "g0": 1.499910151378473, "g1": 0.146077986371069, "g2": -7.578273859722692, "g3": 1.373447649137141, "g4": 1.1970127359605667, "g5": -0.17960452414889091, "g6": 0.47152458130099073, "g7": 1.4201037677278572, "i0": 2.220962997702484, "i1": 0.12200152215177414, "i2": -6.7715494687469615, "i3": 0.7912128950964488, "i4": 0.9029968926880325, "i5": 0.22169965304239186, "i6": -0.10262952468432238, "i7": 1.839931021896336, "r0": 3.6042248055538924, "r1": 0.7811153541195506, "r2": -5.808639501715397, "r3": 1.2405090809555874, "r4": 1.2380258663602244, "r5": -0.30267578667055334, "r6": -0.13129152777858152, "r7": 1.7498971866116402}, "datetime": {"datetime": "2020-01-19 09:18:17", "elapsed": 62736.19439, "delta": 56.049231}}
{"target": 20.65, "params": {"d0": 3.7957031477391854, "d1": -1.3908554430455295, "d2": 0.9376864960308442, "g0": 0.6437592056031057, "g1": 0.21143558731071932, "g2": -4.906166834569333, "g3": 1.2667994209468032, "g4": 1.216561050253652, "g5": -0.08958830770662198, "g6": 0.1655472859125979, "g7": 1.5831213702718492, "i0": 3.9040902580883663, "i1": 0.6300105732510126, "i2": -6.8097811281610365, "i3": 0.9166310140812697, "i4": 1.074450817496956, "i5": -0.2813952205403479, "i6": 0.10296155607966888, "i7": 1.5827243813457734, "r0": 2.207330511563502, "r1": 0.3954758867992009, "r2": -8.987589300684261, "r3": 1.0902939769865703, "r4": 0.9509835683091992, "r5": 0.29045610069665656, "r6": 0.2327866214708122, "r7": 1.5406421467850606}, "datetime": {"datetime": "2020-01-19 09:19:14", "elapsed": 62793.338308, "delta": 57.143918}}
{"target": 20.3, "params": {"d0": 3.3576946408246267, "d1": -1.3663854704289093, "d2": 1.0622443705276567, "g0": 0.22596680914864276, "g1": 0.5872762897194425, "g2": -4.306587930020327, "g3": 0.8209971330752035, "g4": 1.2033374411000841, "g5": -0.5711183286059948, "g6": -0.009814222214773405, "g7": 1.5880838276019191, "i0": 3.602334509622459, "i1": 0.6134281705962834, "i2": -5.619878105705954, "i3": 0.8592612385954009, "i4": 0.9621924049258226, "i5": -0.13130064127779328, "i6": 0.6259755327984142, "i7": 1.5826105496397966, "r0": 2.4757045954816377, "r1": 0.8142541885481108, "r2": -8.791518788939799, "r3": 0.9094563607828942, "r4": 1.047226844945146, "r5": -0.5856711878284584, "r6": -0.11312655564038515, "r7": 1.588274842018694}, "datetime": {"datetime": "2020-01-19 09:20:19", "elapsed": 62858.733175, "delta": 65.394867}}
{"target": 19.5, "params": {"d0": 4.064380207230214, "d1": -1.01695546629165, "d2": 0.7635879653682758, "g0": 1.003877767984012, "g1": 0.7392863104482899, "g2": -5.131918672984207, "g3": 1.2168219683858896, "g4": 1.0532508695049971, "g5": 0.00817283657556056, "g6": 0.5162678791124347, "g7": 1.3063726011073942, "i0": 3.393794358915512, "i1": 0.6127746881119083, "i2": -5.38815576260613, "i3": 1.067724907764921, "i4": 1.0942446746400865, "i5": -0.39394178163469945, "i6": 0.020727489720126613, "i7": 1.8197875227567963, "r0": 2.3867543145811854, "r1": 0.27806218751362377, "r2": -9.404025979584667, "r3": 0.8856367753193886, "r4": 1.072237803637472, "r5": -0.07804167362681247, "r6": -0.2683741343141955, "r7": 1.8128431999892123}, "datetime": {"datetime": "2020-01-19 09:21:20", "elapsed": 62919.017044, "delta": 60.283869}}
{"target": 20.4, "params": {"d0": 2.430427931451841, "d1": -5.870498830447681, "d2": 1.0644190840587258, "g0": 0.08031254969641882, "g1": 0.35790283661413247, "g2": -4.591802737118603, "g3": 1.454899167330917, "g4": 0.9627420960837154, "g5": -0.5237422570678427, "g6": 0.4475659066928595, "g7": 1.7972906461067935, "i0": 2.426033575015403, "i1": 0.6278396881749786, "i2": -4.1050651983818485, "i3": 1.157726349901666, "i4": 1.1001340621100748, "i5": 0.19733681782091314, "i6": -0.17168237887198437, "i7": 1.4071171587662328, "r0": 2.803249107827042, "r1": 0.4733008483485393, "r2": -2.163772799029851, "r3": 1.1398604939410177, "r4": 0.9766551827243745, "r5": 0.39001119907472753, "r6": 0.39516376694580624, "r7": 1.3952992305638892}, "datetime": {"datetime": "2020-01-19 09:22:27", "elapsed": 62986.453915, "delta": 67.436871}}
{"target": 20.3, "params": {"d0": 3.0336656901469485, "d1": -8.789488305187765, "d2": 0.9437392108780973, "g0": 0.4416199746221644, "g1": 0.45326929749229883, "g2": -8.522049871127999, "g3": 0.9610894635299252, "g4": 1.0798320709416918, "g5": -0.34071853695272036, "g6": 0.5274771622835925, "g7": 1.526343743592275, "i0": 2.5056172150268874, "i1": 0.20180424252834306, "i2": -7.660888821197407, "i3": 1.3825199548711673, "i4": 1.2106436725942697, "i5": 0.07743097026654056, "i6": 0.7538792761281683, "i7": 1.8192770384715793, "r0": 1.418078013729052, "r1": 0.6653185378769505, "r2": -1.5127425849558858, "r3": 0.9782396122867979, "r4": 0.815753116044915, "r5": 0.329823676225947, "r6": 0.7944239034437639, "r7": 1.406654495268691}, "datetime": {"datetime": "2020-01-19 09:23:40", "elapsed": 63059.612811, "delta": 73.158896}}
{"target": 19.4, "params": {"d0": 3.5605186452120625, "d1": -0.5242791145530212, "d2": 1.1177337314359357, "g0": 0.17146813127599192, "g1": 0.29714461665169933, "g2": -7.447397921195964, "g3": 1.1960122308803376, "g4": 0.8895005463214627, "g5": 0.13237619613560714, "g6": 0.06666967862473694, "g7": 1.3759387221320014, "i0": 4.639660251371361, "i1": 0.3122685614236257, "i2": -6.745888199770366, "i3": 1.0674338260467664, "i4": 1.0851225953324255, "i5": -0.5917141086421831, "i6": -0.0017445698609331872, "i7": 1.6658570517638371, "r0": 2.2869040279919557, "r1": 0.6500654247567546, "r2": -9.32795751192171, "r3": 1.424141470631061, "r4": 1.0123510477617161, "r5": 0.5182329147163245, "r6": 0.3704098690805038, "r7": 1.1992810069627802}, "datetime": {"datetime": "2020-01-19 09:24:33", "elapsed": 63112.721432, "delta": 53.108621}}
