{"target": 20.35, "params": {"d0": 3.511040153863673, "d1": -1.5534466095008481, "d2": 0.9579846250761602, "g0": 0.5454375660746541, "g1": 0.5161232774572889, "g2": -4.572500138574018, "g3": 1.1662074179870823, "g4": 1.117678775997966, "g5": 0.1344205610561303, "g6": 0.15812476834565556, "g7": 1.3684680718718505, "i0": 4.051550313676541, "i1": 0.7625355698426531, "i2": -6.696155797206575, "i3": 1.032022889016015, "i4": 1.1507305559144558, "i5": -0.008060314435662413, "i6": 0.11651160043662585, "i7": 1.5555852515852724, "r0": 2.554455370188585, "r1": 0.37295369904068953, "r2": -8.83674302327445, "r3": 1.0646660850635858, "r4": 1.0094953502500068, "r5": 0.5646444812494504, "r6": 0.24697149396325727, "r7": 1.5320936242965064}, "datetime": {"datetime": "2020-01-19 04:29:00", "elapsed": 45379.59038, "delta": 42.219088}}
{"target": 20.65, "params": {"d0": 4.758257091443107, "d1": -2.6799679232922906, "d2": 1.2282760117499332, "g0": 0.8939040325103366, "g1": 0.2885435068895772, "g2": -8.284181914314555, "g3": 1.4131129679616203, "g4": 1.0725817093944032, "g5": -0.09209269361268058, "g6": 0.4968532017062874, "g7": 1.41260301294036, "i0": 4.511980653941066, "i1": 0.6219700652417569, "i2": -5.0496758958711725, "i3": 1.1517638947680182, "i4": 1.0938753538464359, "i5": -0.2338132568276692, "i6": -0.04629479909178841, "i7": 1.1361766091550622, "r0": 4.014345735104631, "r1": 0.8086013106795886, "r2": -4.755529232853243, "r3": 1.2031756216260991, "r4": 1.0415432173218664, "r5": 0.06786159521996467, "r6": 0.5641958404702244, "r7": 1.6031513932549668}, "datetime": {"datetime": "2020-01-19 04:29:45", "elapsed": 45424.223592, "delta": 44.633212}}
{"target": 21.1, "params": {"d0": 3.6614361683338976, "d1": -1.629808962849471, "d2": 0.990580429169371, "g0": 0.63353161577995, "g1": 0.5739012430940188, "g2": -4.511846171507348, "g3": 1.108457859868576, "g4": 1.182176462893062, "g5": 0.053723389334059506, "g6": 0.21100522604738423, "g7": 1.4693852225809807, "i0": 3.9436044781883988, "i1": 0.6277954569739514, "i2": -6.500769852958597, "i3": 0.807305686900034, "i4": 1.1798199963428313, "i5": -0.02324384508329538, "i6": 0.11691167470170592, "i7": 1.542351799175923, "r0": 2.39746771536614, "r1": 0.428561558207205, "r2": -8.800242329585336, "r3": 1.1208318938753905, "r4": 1.021871051997411, "r5": 0.5727111274032948, "r6": 0.1229856550457925, "r7": 1.6262916432812817}, "datetime": {"datetime": "2020-01-19 04:30:28", "elapsed": 45467.860725, "delta": 43.637133}}
{"target": 20.05, "params": {"d0": 2.407681168176893, "d1": -2.456923006823873, "d2": 0.7787934006524557, "g0": 0.034564147656327114, "g1": 0.3966051010214845, "g2": -6.938480797595508, "g3": 1.0318633466327298, "g4": 0.9864483867644394, "g5": -0.004406756881675293, "g6": 0.21417841250387107, "g7": 1.1227555807241603, "i0": 3.0356673093044892, "i1": 0.32148981054445847, "i2": -5.693960693287199, "i3": 1.2683320311175394, "i4": 0.998238382562896, "i5": -0.09250994837918271, "i6": 0.384033552450574, "i7": 1.7345172698808595, "r0": 1.856580542767548, "r1": 0.3303167375888503, "r2": -7.66248177082563, "r3": 1.236329568308222, "r4": 1.2623787318492499, "r5": 0.006140888698315174, "r6": 0.22492408117369353, "r7": 1.7252402582616386}, "datetime": {"datetime": "2020-01-19 04:31:17", "elapsed": 45516.047036, "delta": 48.186311}}
{"target": 19.2, "params": {"d0": 3.114989577893626, "d1": -8.091878297372965, "d2": 0.9736480653888774, "g0": 0.2107053450601244, "g1": 0.19951644020292184, "g2": -5.348209073664652, "g3": 1.4517909653934895, "g4": 1.2445532942864626, "g5": -0.4415929272811508, "g6": 0.4685257324013305, "g7": 1.6363778763818646, "i0": 3.153573423916768, "i1": 0.6582581221858439, "i2": -5.414132915298162, "i3": 1.1713859247846854, "i4": 1.0241529463910344, "i5": -0.014438151789032166, "i6": -0.05510135948551735, "i7": 1.6169079006517162, "r0": 1.8362626986196555, "r1": 0.3867387188764501, "r2": -2.603569458942614, "r3": 1.1995639123732689, "r4": 0.984765021367644, "r5": -0.05319170774998267, "r6": 0.2265897136849299, "r7": 1.4555126976760582}, "datetime": {"datetime": "2020-01-19 04:31:57", "elapsed": 45556.638458, "delta": 40.591422}}
{"target": 20.15, "params": {"d0": 3.6339455235117795, "d1": -1.5821961784006588, "d2": 0.9145530158366061, "g0": 0.5847831419810103, "g1": 0.5899682448015945, "g2": -4.553972922982359, "g3": 1.1375222879142215, "g4": 1.1974045363404275, "g5": -0.010607817361377822, "g6": 0.09990042955562507, "g7": 1.4052081761956807, "i0": 3.95656978824162, "i1": 0.6553952300466769, "i2": -6.57774406854642, "i3": 0.8858143223680381, "i4": 0.9925875965294224, "i5": 0.00884967929301097, "i6": 0.04246198323223029, "i7": 1.5668271312576958, "r0": 2.4023702095341153, "r1": 0.41409060483672583, "r2": -8.77081104887068, "r3": 1.0491952837092369, "r4": 1.0314752265650302, "r5": 0.3969310522282307, "r6": 0.19293703605866858, "r7": 1.627284364704926}, "datetime": {"datetime": "2020-01-19 04:32:45", "elapsed": 45604.2626, "delta": 47.624142}}
{"target": 20.95, "params": {"d0": 3.6922832310364204, "d1": -1.6564450373776094, "d2": 0.9777144005867119, "g0": 0.5919826351208375, "g1": 0.5295062808420965, "g2": -4.584480282790224, "g3": 1.132135114266468, "g4": 1.115287020034203, "g5": 0.07671052121789289, "g6": 0.23367645438668241, "g7": 1.4593644823415457, "i0": 3.9241655621738705, "i1": 0.6933652701206182, "i2": -6.585733731355461, "i3": 0.8787683632280918, "i4": 1.1832751765742968, "i5": -0.1823668518329642, "i6": 0.13545312010724622, "i7": 1.5277195463376625, "r0": 2.4185722976729895, "r1": 0.28764899954258666, "r2": -8.807407395747552, "r3": 1.1439710283567412, "r4": 0.9659962505799697, "r5": 0.5446438512436753, "r6": 0.2893650127029584, "r7": 1.5767632432055256}, "datetime": {"datetime": "2020-01-19 04:33:27", "elapsed": 45646.85552, "delta": 42.59292}}
{"target": 20.8, "params": {"d0": 3.2481574710966794, "d1": -1.5563941183652725, "d2": 0.9733562635939456, "g0": 0.471722850426336, "g1": 0.6184170576703985, "g2": -5.238519877874253, "g3": 1.2077065911246123, "g4": 1.0243812972099702, "g5": 0.028912481540560135, "g6": 0.2488735338274005, "g7": 1.6135011063613438, "i0": 3.319360672453561, "i1": 0.5270359135927662, "i2": -6.726134073507886, "i3": 1.0445681308406627, "i4": 0.990900710765382, "i5": -0.005252417574435217, "i6": 0.15329302801787728, "i7": 1.4687324073499093, "r0": 3.5631013387216512, "r1": 0.5173767026004856, "r2": -8.662046080811297, "r3": 1.0868076008721255, "r4": 1.0872014248026922, "r5": 0.5590936874283859, "r6": 0.09510172115732997, "r7": 1.3594466562184262}, "datetime": {"datetime": "2020-01-19 04:34:14", "elapsed": 45693.14791, "delta": 46.29239}}
{"target": 16.35, "params": {"d0": 0.41927505421579137, "d1": -5.269510482396579, "d2": 1.0806204281061274, "g0": 1.0424340667896388, "g1": 0.2806698974717855, "g2": -4.794882032100554, "g3": 0.8593680556538317, "g4": 1.0980247151574676, "g5": -0.34088436215057316, "g6": 0.15342066612381333, "g7": 1.771458500960585, "i0": 4.167017411199339, "i1": 0.9406209437065755, "i2": -2.0727678544839865, "i3": 1.0275726060967623, "i4": 1.1274173389445572, "i5": 0.6503188203415975, "i6": 0.08671196911198464, "i7": 1.8018202772169927, "r0": 2.1852961857773527, "r1": 0.8182877609030164, "r2": -3.4401855234102774, "r3": 0.8749337097388223, "r4": 0.8232105293259693, "r5": 0.39472853640174543, "r6": 0.5507861350565038, "r7": 1.0485145968612324}, "datetime": {"datetime": "2020-01-19 04:35:00", "elapsed": 45739.149578, "delta": 46.001668}}
{"target": 19.5, "params": {"d0": 0.9237500196203784, "d1": -5.875817865327931, "d2": 1.259847816924362, "g0": 0.7008951279645532, "g1": 0.28104060643099255, "g2": -5.872629766253335, "g3": 1.0744483929547075, "g4": 1.1381527137816765, "g5": -0.07537781083161366, "g6": 0.9689197933724465, "g7": 1.3807046977135529, "i0": 3.4319877562505603, "i1": 0.5005441478878242, "i2": -9.683399891860452, "i3": 1.2199078216924668, "i4": 1.0014178605465553, "i5": 0.595103922602216, "i6": 0.7147561734497802, "i7": 1.7818652519203764, "r0": 1.933105385636378, "r1": 0.8739944261733387, "r2": -8.463067414491297, "r3": 1.1309585374870597, "r4": 1.2054366601404451, "r5": 0.5914644261302232, "r6": 0.6081640122396494, "r7": 1.8555177597862584}, "datetime": {"datetime": "2020-01-19 04:35:48", "elapsed": 45787.854833, "delta": 48.705255}}
{"target": 20.7, "params": {"d0": 3.540293815270832, "d1": -1.4553920858799925, "d2": 0.8981090712269909, "g0": 0.5615327592569175, "g1": 0.5897241661750293, "g2": -4.717557360688416, "g3": 1.3237655957081491, "g4": 1.045933067688125, "g5": 0.0865722766898141, "g6": 0.15372107378976704, "g7": 1.6193730529403514, "i0": 3.559566776979092, "i1": 0.5910333589562846, "i2": -6.550746189046181, "i3": 1.1278764140220774, "i4": 1.078164531453121, "i5": -0.10623140878698524, "i6": 0.04381037202730378, "i7": 1.611814818046014, "r0": 3.33504460237073, "r1": 0.4852018859292308, "r2": -8.703044479336977, "r3": 0.9521759404567783, "r4": 1.0209497718375813, "r5": 0.3676775670586825, "r6": -0.08496804130180048, "r7": 1.5950717181676795}, "datetime": {"datetime": "2020-01-19 04:36:36", "elapsed": 45835.779298, "delta": 47.924465}}
{"target": 20.8, "params": {"d0": 3.147583217163932, "d1": -1.724002562044043, "d2": 1.051826987284254, "g0": 0.5232153717597111, "g1": 0.6088359111469229, "g2": -4.9744609203952015, "g3": 1.2247369798970873, "g4": 1.0814529359002159, "g5": -0.009327273583782695, "g6": 0.24832208687203194, "g7": 1.7188596898877826, "i0": 3.2183312682711898, "i1": 0.42475658457741156, "i2": -6.500217069587487, "i3": 1.057049912324112, "i4": 1.0526283345118743, "i5": -0.1654830337128113, "i6": -0.0277905523688539, "i7": 1.3911225297254195, "r0": 4.010792800841343, "r1": 0.5756311352297994, "r2": -8.34619723664948, "r3": 1.0359212795980146, "r4": 1.1530757851582014, "r5": 0.41918991874197714, "r6": -0.03523890568456791, "r7": 1.6105662334269475}, "datetime": {"datetime": "2020-01-19 04:37:24", "elapsed": 45883.770449, "delta": 47.991151}}
{"target": 19.15, "params": {"d0": 2.809464056247472, "d1": -7.986305807282284, "d2": 1.18927897620982, "g0": 0.2065408411739744, "g1": 0.17264829302232484, "g2": -4.9509868261919925, "g3": 1.400522190665165, "g4": 1.0633923815562996, "g5": -0.26933499458701465, "g6": 0.7027480934151908, "g7": 1.2718624327852113, "i0": 3.2717451031688123, "i1": 0.7822645487868096, "i2": -5.065128744006195, "i3": 1.012510706311833, "i4": 1.1386025023168442, "i5": 0.1943108445165331, "i6": 0.1294455650509619, "i7": 1.4056021808877175, "r0": 2.162544516335731, "r1": 0.12875708826423887, "r2": -2.7890882467369904, "r3": 1.0805323916005085, "r4": 0.865805775654624, "r5": 0.06610687090748267, "r6": -0.20636763745402462, "r7": 1.4483390351167216}, "datetime": {"datetime": "2020-01-19 04:38:11", "elapsed": 45930.341741, "delta": 46.571292}}
{"target": 17.85, "params": {"d0": 4.19296375234972, "d1": -2.0730370824426627, "d2": 0.9943850558677405, "g0": 1.3551856194879563, "g1": 0.5578023087338733, "g2": -5.449672716286487, "g3": 0.9974153304364832, "g4": 1.2296399040386075, "g5": 0.7445670787977032, "g6": 0.11865152487937358, "g7": 1.5169267892957001, "i0": 3.4640421260458747, "i1": 0.8115221515569, "i2": -6.726004158827385, "i3": 1.1817214685347777, "i4": 1.0323594918881152, "i5": -0.40302914629106257, "i6": -0.2385792460575737, "i7": 1.9826135934315143, "r0": 2.364858746586326, "r1": 0.8080881415289417, "r2": -7.680492967042679, "r3": 1.1262855068490576, "r4": 0.9488224251630233, "r5": 0.3305358621895087, "r6": -0.10402541268845639, "r7": 1.1985242666645395}, "datetime": {"datetime": "2020-01-19 04:39:00", "elapsed": 45979.423195, "delta": 49.081454}}
{"target": 20.4, "params": {"d0": 3.605568235377347, "d1": -1.6391003278905572, "d2": 0.8579428152045687, "g0": 0.6216838410722655, "g1": 0.49435309996427085, "g2": -4.634929163735894, "g3": 1.0974049414551739, "g4": 1.0723299294056845, "g5": 0.12111181438495165, "g6": 0.2116492643077495, "g7": 1.4009585474204589, "i0": 3.9847793471578457, "i1": 0.6108417238346957, "i2": -6.5959019560801675, "i3": 0.8796555413662017, "i4": 1.1175446404605016, "i5": -0.060978238227204704, "i6": 0.20767810258258748, "i7": 1.5181412577222666, "r0": 2.4669164799862586, "r1": 0.42461955595340095, "r2": -8.789097959466437, "r3": 1.0590269811130977, "r4": 0.9888615261200457, "r5": 0.5413274289653883, "r6": 0.13765376417460337, "r7": 1.6032491984703297}, "datetime": {"datetime": "2020-01-19 04:39:46", "elapsed": 46025.843809, "delta": 46.420614}}
{"target": 18.95, "params": {"d0": 1.7992463114019066, "d1": -3.575696883884903, "d2": 0.965781408364321, "g0": 1.3442306710245762, "g1": 0.7267581581142178, "g2": -4.348397911581832, "g3": 1.2360084036286991, "g4": 1.0905567179023636, "g5": 0.22704072461221103, "g6": 0.3612483912954478, "g7": 1.0594216205555522, "i0": 4.972784922442875, "i1": 0.26086379007656146, "i2": -6.781639485951339, "i3": 1.2012726155182245, "i4": 0.8425036242868166, "i5": 0.2879170452554169, "i6": 0.6547972617450023, "i7": 0.9, "r0": 3.63933140925484, "r1": 0.9170968928721301, "r2": -5.314346152586959, "r3": 0.7, "r4": 0.8887304383968813, "r5": 0.5341681055728432, "r6": 0.6090684529119075, "r7": 1.4988235186362882}, "datetime": {"datetime": "2020-01-19 04:40:29", "elapsed": 46068.55466, "delta": 42.710851}}
{"target": 20.4, "params": {"d0": 3.4712345160367817, "d1": -1.6597879196879701, "d2": 1.0180899365545688, "g0": 0.5295758952902172, "g1": 0.3754545324256042, "g2": -6.802215816816541, "g3": 1.1019126206862548, "g4": 0.9927307991736882, "g5": -0.006792240104849027, "g6": 0.07704418061038702, "g7": 1.399366184139737, "i0": 3.857954180348239, "i1": 0.49445239125586077, "i2": -6.4205016541696525, "i3": 1.0266731535961784, "i4": 0.9198720559107333, "i5": -0.2511004569328039, "i6": 0.13607841529789158, "i7": 1.591734895490755, "r0": 1.1817456082092077, "r1": 0.20849616608700589, "r2": -8.721457943195254, "r3": 1.2935701383442846, "r4": 1.1629938193021865, "r5": 0.2514715966421521, "r6": 0.1985072558657296, "r7": 1.5847420554520633}, "datetime": {"datetime": "2020-01-19 04:41:08", "elapsed": 46107.83774, "delta": 39.28308}}
{"target": 20.55, "params": {"d0": 3.6725794801763936, "d1": -1.5854764493229556, "d2": 1.0665065093734127, "g0": 0.6085700410923092, "g1": 0.5352983959233895, "g2": -4.497845013294278, "g3": 1.1319492928460315, "g4": 1.2389194066357128, "g5": 0.07916794312180281, "g6": 0.2489209295347204, "g7": 1.407249949269004, "i0": 3.987044541135365, "i1": 0.626926761689015, "i2": -6.5924565621981985, "i3": 0.9620294520191336, "i4": 1.185166682751066, "i5": -0.006435988512822586, "i6": 0.08008943891618837, "i7": 1.5427815499331186, "r0": 2.45104786367423, "r1": 0.34677478115621946, "r2": -8.725569241178272, "r3": 1.1342917803765344, "r4": 0.9582544439104155, "r5": 0.4669186174426, "r6": 0.2395579327247866, "r7": 1.5466181829165384}, "datetime": {"datetime": "2020-01-19 04:41:50", "elapsed": 46149.668797, "delta": 41.831057}}
{"target": 20.85, "params": {"d0": 3.16762647467757, "d1": -1.706919019576307, "d2": 1.0004161859140528, "g0": 0.4492811093254289, "g1": 0.566377521765871, "g2": -4.999349633437386, "g3": 1.0961601383793005, "g4": 1.0564388408526502, "g5": 0.055601942603355894, "g6": 0.20563159076392815, "g7": 1.7081797513813237, "i0": 3.2407235649994535, "i1": 0.5284495225433495, "i2": -6.437668582699767, "i3": 1.0405559398371484, "i4": 0.9017719081957976, "i5": -0.17052213860522444, "i6": 0.059817863024087446, "i7": 1.6066549507308838, "r0": 4.00718169640454, "r1": 0.5785031829161321, "r2": -8.39743982428707, "r3": 1.0018147449240333, "r4": 1.153108873701392, "r5": 0.44794055642882186, "r6": -0.06802637272860605, "r7": 1.6101388971778499}, "datetime": {"datetime": "2020-01-19 04:42:41", "elapsed": 46200.079706, "delta": 50.410909}}
{"target": 19.8, "params": {"d0": 3.135964053037897, "d1": -9.80257548569844, "d2": 1.1973677854591547, "g0": 0.7701967043213215, "g1": 0.04203527375370564, "g2": -5.285144513852166, "g3": 1.3308922720166612, "g4": 1.0150948482287723, "g5": -0.40515561052229093, "g6": 0.4627196121625441, "g7": 1.0333039953407952, "i0": 4.682949529967891, "i1": 0.5540865221157436, "i2": -6.162400595711963, "i3": 1.114445101690717, "i4": 0.9741221218063851, "i5": 0.3453883580891426, "i6": -0.42201315089862734, "i7": 1.3092164150602532, "r0": 2.6042271695417716, "r1": 0.3301999406487168, "r2": -1.9602241002573333, "r3": 1.3834209809256997, "r4": 1.056167681483356, "r5": -0.041513870747371895, "r6": 0.6206151516008387, "r7": 1.665238003552381}, "datetime": {"datetime": "2020-01-19 04:43:26", "elapsed": 46245.179772, "delta": 45.100066}}
{"target": 20.65, "params": {"d0": 3.0487423780128773, "d1": -8.074660627942373, "d2": 0.9889535760163435, "g0": 0.42307795289614636, "g1": 0.45293075974981895, "g2": -5.214144708930748, "g3": 1.3274286052385982, "g4": 1.049827420538774, "g5": -0.4018054478844381, "g6": 0.4162664769928922, "g7": 1.5334355311006849, "i0": 3.13491433935816, "i1": 0.6837756743382859, "i2": -5.517096739301223, "i3": 1.0638669119337925, "i4": 1.040405412958956, "i5": 0.009117398109150564, "i6": -0.11239101035572871, "i7": 1.6216701089238301, "r0": 2.1430529929487534, "r1": 0.5098700953361566, "r2": -2.5950626053693093, "r3": 1.106155276207083, "r4": 1.0039043390041216, "r5": -0.14317753200071634, "r6": 0.2897840001923546, "r7": 1.533687022463977}, "datetime": {"datetime": "2020-01-19 04:44:10", "elapsed": 46289.471028, "delta": 44.291256}}
{"target": 9.15, "params": {"d0": 3.467708028525698, "d1": -0.6574417958062657, "d2": 1.4973485072468793, "g0": 0.9579471686719182, "g1": 0.6763725088347288, "g2": -4.21468121055155, "g3": 1.0575103002932114, "g4": 0.8883504704589082, "g5": -0.32943268391313546, "g6": 0.7955971486131508, "g7": 1.0803677126365105, "i0": 3.6329958840838152, "i1": 0.9653996699672575, "i2": -6.260537475212558, "i3": 1.0407945698793222, "i4": 0.9417756295760388, "i5": 0.01951790516243379, "i6": -0.022224449326473716, "i7": 1.9828145360466136, "r0": 2.390205059720367, "r1": 0.8837893433500281, "r2": -8.425654888690238, "r3": 0.9442947188317616, "r4": 1.0588485673351726, "r5": 0.4753378910227706, "r6": 0.1415488143270851, "r7": 1.0742225172743785}, "datetime": {"datetime": "2020-01-19 04:44:51", "elapsed": 46330.9237, "delta": 41.452672}}
{"target": 14.55, "params": {"d0": 3.6280254335714366, "d1": -1.103396954869508, "d2": 0.8954250058674669, "g0": 1.5012824704980794, "g1": 0.9863896495971706, "g2": -5.14751206828714, "g3": 0.7049698493634362, "g4": 1.2029330996677676, "g5": -0.7318177897269122, "g6": 0.16102469511452533, "g7": 1.9539150103168583, "i0": 3.386274651081857, "i1": 0.7254206827786416, "i2": -5.699847499061908, "i3": 0.7127368149551958, "i4": 0.9708830003598189, "i5": -0.32072961393420113, "i6": 0.25378959133814205, "i7": 1.4226125360496813, "r0": 2.3244868841826105, "r1": 0.12230654517187378, "r2": -8.536716754614389, "r3": 1.377340906505125, "r4": 0.9189566978323396, "r5": 0.5600492667846009, "r6": -0.4343327229722546, "r7": 1.1891223311131542}, "datetime": {"datetime": "2020-01-19 04:45:34", "elapsed": 46373.102362, "delta": 42.178662}}
{"target": 21.0, "params": {"d0": 3.4160182466139033, "d1": -9.223921863436797, "d2": 0.8613273026330371, "g0": 0.8035093518219918, "g1": 0.48027768782196717, "g2": -5.402927498111129, "g3": 1.5, "g4": 1.0234694382407474, "g5": -0.23212039561625278, "g6": 0.08548262926355756, "g7": 1.5291345284211688, "i0": 4.469979918863346, "i1": 0.8328572752804885, "i2": -5.469188952366292, "i3": 1.0589674249870051, "i4": 1.1691438052746725, "i5": 0.1415805911476483, "i6": -0.2652363840457523, "i7": 1.6016440647213934, "r0": 1.886575992698402, "r1": 0.8033543074512707, "r2": -1.8728323842835588, "r3": 1.422285232787835, "r4": 0.9088472215640971, "r5": -0.5118909203565064, "r6": 0.022577141974803514, "r7": 1.5640505250921173}, "datetime": {"datetime": "2020-01-19 04:46:15", "elapsed": 46414.394793, "delta": 41.292431}}
{"target": 20.6, "params": {"d0": 3.9838171674287484, "d1": -1.15015560337674, "d2": 1.1043309589862165, "g0": 0.6692425641493087, "g1": 0.5142166308593855, "g2": -5.123065097107956, "g3": 1.176971027345063, "g4": 1.1033839851702576, "g5": 0.11754515894770687, "g6": 0.07921865935477362, "g7": 1.7494534960316848, "i0": 3.9717150752866934, "i1": 0.6667293604444889, "i2": -6.750833381096902, "i3": 1.0167553339987603, "i4": 0.9543777913786737, "i5": -0.16371820750032953, "i6": -0.047784218485575285, "i7": 1.5781669937187908, "r0": 2.374728769589162, "r1": 0.2907538063429319, "r2": -8.93250813680363, "r3": 0.9857573922257753, "r4": 1.1488919720828017, "r5": 0.48546197879785336, "r6": 0.33977077633741326, "r7": 1.454549768684258}, "datetime": {"datetime": "2020-01-19 04:47:01", "elapsed": 46460.802794, "delta": 46.408001}}
{"target": 19.85, "params": {"d0": 4.488002415684491, "d1": -3.7078129636330033, "d2": 0.999436766859304, "g0": 0.3306694880027651, "g1": 0.20846620430068824, "g2": -7.258829486949028, "g3": 1.1442705540292486, "g4": 1.2773342268808014, "g5": 0.026724704476469515, "g6": 0.9115645510246286, "g7": 1.1461144829139331, "i0": 4.048376849783501, "i1": 0.1560434171820481, "i2": -3.0704508886843827, "i3": 0.9816458689179907, "i4": 0.9458751624284504, "i5": -0.33932795916760305, "i6": 0.6806234652668802, "i7": 1.914963154417842, "r0": 1.4736093523540539, "r1": 0.3667533820508122, "r2": -6.275526475044516, "r3": 1.1777512744332643, "r4": 1.0318882639198372, "r5": 0.694325210664637, "r6": 0.45498115379162407, "r7": 1.2691331014994731}, "datetime": {"datetime": "2020-01-19 04:47:51", "elapsed": 46510.506752, "delta": 49.703958}}
