{"target": 19.4, "params": {"d0": 4.0734839997998575, "d1": -6.055192579668795, "d2": 0.7284189869159526, "g0": 0.1234563629215435, "g1": 0.3254901650357377, "g2": -8.543848670675963, "g3": 0.7945216857208801, "g4": 1.1932122808017267, "g5": 0.05407751966679175, "g6": 0.37200233575865804, "g7": 1.9341166747028051, "i0": 2.103697347591462, "i1": 0.8501814709203901, "i2": -9.379055979344894, "i3": 1.1445481675569646, "i4": 1.221573471272771, "i5": -0.37343414118229, "i6": 0.8892340902799853, "i7": 1.994683895841875, "r0": 1.29679147198928, "r1": 0.4933637858472335, "r2": -7.2114236783196155, "r3": 0.9321443808103829, "r4": 0.8636573338793134, "r5": -0.7701565987822591, "r6": -0.4226497768989409, "r7": 1.8960530530711455}, "datetime": {"datetime": "2020-01-18 11:02:33", "elapsed": 51340.122709, "delta": 38.626057}}
{"target": 10.2, "params": {"d0": 0.5591753265364641, "d1": -3.5172291816667123, "d2": 1.3367272251040818, "g0": 4.846173393931025, "g1": 0.8470319301655014, "g2": -0.9620295389483751, "g3": 0.9051245541320913, "g4": 0.8724621983817914, "g5": 0.6268351536937089, "g6": 0.4999875847842361, "g7": 1.2151036450272983, "i0": 0.47877646842720556, "i1": 0.35787158287200393, "i2": -2.051101774408421, "i3": 0.8866575975778277, "i4": 1.2569022940945112, "i5": -0.6016772350768695, "i6": 0.6118632405117388, "i7": 1.2112605480159262, "r0": 2.1749517848855495, "r1": 0.25578592554935786, "r2": -6.422696801878624, "r3": 1.3770635067577643, "r4": 1.2573547738689577, "r5": -0.3236131266863728, "r6": -0.4736932800385178, "r7": 1.637277125251741}, "datetime": {"datetime": "2020-01-18 11:03:26", "elapsed": 51392.980731, "delta": 52.858022}}
{"target": 10.1, "params": {"d0": 0.17753235624175412, "d1": -4.366902416860496, "d2": 1.279393336124778, "g0": 4.418930498707615, "g1": 0.818191530501277, "g2": -1.9463008913551558, "g3": 1.2075649466627987, "g4": 0.9273814939641725, "g5": -0.12917556625819948, "g6": -0.10388397942387328, "g7": 1.543275305689693, "i0": 0.9057999711369941, "i1": 0.7794742459169319, "i2": -7.421447859995791, "i3": 1.3965327429278431, "i4": 1.0661766634185874, "i5": 0.7547306681877897, "i6": -0.040454425281049755, "i7": 1.0524158050967025, "r0": 0.8322195073683114, "r1": 0.5906099504040946, "r2": -7.567856400256278, "r3": 1.0168188219634102, "r4": 1.1000498408621626, "r5": 0.5791649085982167, "r6": 0.39479026633481507, "r7": 1.0099294299763413}, "datetime": {"datetime": "2020-01-18 11:04:27", "elapsed": 51453.73719, "delta": 60.756459}}
{"target": 8.9, "params": {"d0": 2.9099532680710247, "d1": -2.8124142015209896, "d2": 1.0603848674581622, "g0": 3.5901343987207306, "g1": 0.1257172172391745, "g2": -0.5279999296392095, "g3": 1.1856356215836528, "g4": 0.8692792714845086, "g5": -0.7337112699945023, "g6": 0.7658655420062757, "g7": 1.880791032327075, "i0": 1.501403598732602, "i1": 0.8601916080900237, "i2": -6.900375532391441, "i3": 1.2690496437075587, "i4": 1.0823966989032892, "i5": 0.22704757703803669, "i6": 0.3885316169430687, "i7": 0.944822778034372, "r0": 0.8871281437330719, "r1": 0.09366646146937241, "r2": -9.080574650922904, "r3": 1.0340434092350643, "r4": 0.8655045647174973, "r5": 0.7987257856390415, "r6": -0.47352732808746956, "r7": 1.2801138048541683}, "datetime": {"datetime": "2020-01-18 11:05:20", "elapsed": 51506.949352, "delta": 53.212162}}
{"target": 12.8, "params": {"d0": 4.284074414277968, "d1": -4.558231070256111, "d2": 1.4074026983249843, "g0": 3.959972571764655, "g1": 0.3384440497035779, "g2": -6.6308471040442925, "g3": 1.3011265255195057, "g4": 1.1148723116280124, "g5": -0.5931203719253928, "g6": 0.5814659712026515, "g7": 0.9689694450101746, "i0": 2.1427478171206653, "i1": 0.5997363210804085, "i2": -2.951223985916112, "i3": 0.884345491104702, "i4": 0.9084275306655956, "i5": 0.05481803285629494, "i6": -0.441446984729484, "i7": 1.7727704241470466, "r0": 3.5119381545695343, "r1": 0.08232400672648488, "r2": -7.661176892539502, "r3": 1.4634976745846349, "r4": 1.2471253387220422, "r5": -0.46421238848582985, "r6": 0.23915685679980725, "r7": 1.2330558794288782}, "datetime": {"datetime": "2020-01-18 11:05:56", "elapsed": 51542.41064, "delta": 35.461288}}
{"target": 17.95, "params": {"d0": 2.2956740695533977, "d1": -7.769642425126621, "d2": 1.2865670043056985, "g0": 1.632972932804213, "g1": 0.21517287859719958, "g2": -7.108725060174812, "g3": 1.4898222041621163, "g4": 1.0876051466266632, "g5": 0.6178380647121928, "g6": 0.10533331080731156, "g7": 1.2944141111904963, "i0": 0.7870974708666695, "i1": 0.0033541321378469657, "i2": -1.6179393610268473, "i3": 0.819583100842495, "i4": 0.8204494005654781, "i5": 0.45688453997517176, "i6": -0.38462648082837997, "i7": 1.2969379435809092, "r0": 4.368083141423503, "r1": 0.3298471278481049, "r2": -9.019635277034123, "r3": 1.0290066779958384, "r4": 1.193657768089172, "r5": -0.42589522258656365, "r6": 0.2680711275166243, "r7": 1.500025212128544}, "datetime": {"datetime": "2020-01-18 11:06:37", "elapsed": 51584.180994, "delta": 41.770354}}
{"target": 8.05, "params": {"d0": 1.2289437747080112, "d1": -5.42488284328015, "d2": 1.2015136243850715, "g0": 3.5638952620730406, "g1": 0.2832430887594619, "g2": -2.6365764993637217, "g3": 0.7879356631015216, "g4": 0.9083990599081333, "g5": 0.09595982450675966, "g6": 0.5443629475775285, "g7": 1.6859484174810662, "i0": 2.2121920716777703, "i1": 0.226869150385977, "i2": -2.6922331178258894, "i3": 1.2521556555157645, "i4": 0.8956929538988692, "i5": -0.6961626636260582, "i6": 0.21458739998922027, "i7": 1.8885079353343246, "r0": 0.5754243595620556, "r1": 0.20893445132783472, "r2": -0.6812404438280648, "r3": 1.4836159941154725, "r4": 1.129604055596321, "r5": 0.013014106698517436, "r6": -0.10893375003958333, "r7": 0.9739950750631359}, "datetime": {"datetime": "2020-01-18 11:07:14", "elapsed": 51620.354047, "delta": 36.173053}}
{"target": 16.5, "params": {"d0": 2.789909569105411, "d1": -7.420219640796738, "d2": 0.8995338236244628, "g0": 1.372668327440194, "g1": 0.13416815423618522, "g2": -6.395227903848268, "g3": 1.0918081236406396, "g4": 1.0016061493450583, "g5": 0.09426568546611835, "g6": 0.46459583235571555, "g7": 0.9219659155042974, "i0": 3.774312954559134, "i1": 0.8828319888129598, "i2": -8.137621548285049, "i3": 0.9174643993335725, "i4": 1.2158819448564666, "i5": -0.10796870637219025, "i6": 0.17603653674928132, "i7": 1.985455215637181, "r0": 1.7189779111641785, "r1": 0.3784632625273948, "r2": -6.956534168646988, "r3": 1.1226673123923052, "r4": 1.0091206204646792, "r5": 0.4644466725740741, "r6": 0.03588153333183397, "r7": 1.8234434275464648}, "datetime": {"datetime": "2020-01-18 11:07:52", "elapsed": 51658.33626, "delta": 37.982213}}
{"target": 17.65, "params": {"d0": 1.803655359380768, "d1": -1.6647686277188232, "d2": 0.8065793552079118, "g0": 2.067849817533359, "g1": 0.5381916479869392, "g2": -2.1936696109839007, "g3": 1.3427067270051285, "g4": 1.1307451078653432, "g5": 0.29799844140790155, "g6": 0.9833594547129025, "g7": 1.9836626375728983, "i0": 1.9038242999121606, "i1": 0.9451736927776767, "i2": -3.0762708625360116, "i3": 1.0755213549091887, "i4": 0.9252744901326762, "i5": 0.1862664739567622, "i6": 0.7093046701555625, "i7": 1.4818317973847637, "r0": 0.5638370657134406, "r1": 0.23064417348460764, "r2": -2.0181564086968793, "r3": 1.3109535787223578, "r4": 1.0715177652726848, "r5": 0.5282350416792911, "r6": 0.011666045649661894, "r7": 0.924242894353691}, "datetime": {"datetime": "2020-01-18 11:08:33", "elapsed": 51699.666555, "delta": 41.330295}}
{"target": 19.1, "params": {"d0": 3.2305803899435324, "d1": -8.946882282313233, "d2": 1.2586750424940951, "g0": 1.5101405515698885, "g1": 0.7799855793182559, "g2": -7.098036986319291, "g3": 1.3881644336142211, "g4": 1.1773675170247904, "g5": -0.3513603851628455, "g6": -0.065828880343965, "g7": 1.5178855350423954, "i0": 3.942513052588412, "i1": 0.7393095482822942, "i2": -0.09854916679761949, "i3": 0.9099405455231795, "i4": 1.2835202201708202, "i5": -0.5904970710564723, "i6": 0.36142974767953984, "i7": 1.2885484273001477, "r0": 0.010776727335438108, "r1": 0.8533249856219329, "r2": -4.273298365091167, "r3": 1.4585750431425413, "r4": 0.8167199663495703, "r5": 0.09203951384834075, "r6": -0.47125166668331153, "r7": 1.1504077044977246}, "datetime": {"datetime": "2020-01-18 11:09:12", "elapsed": 51738.975414, "delta": 39.308859}}
{"target": 14.3, "params": {"d0": 2.0812582186710156, "d1": -7.30791272701082, "d2": 1.2854056319339935, "g0": 4.357862538797908, "g1": 0.6076912261556737, "g2": -5.0577111563628705, "g3": 1.4059243194766682, "g4": 0.8235039311478379, "g5": -0.39570096816087247, "g6": 0.446480558460723, "g7": 1.5766087120522712, "i0": 2.1248586915764527, "i1": 0.05115382395131207, "i2": -1.9464679962499076, "i3": 0.9530473153850845, "i4": 0.8426628455001368, "i5": 0.4007363034173237, "i6": 0.392950429760883, "i7": 1.4112235835511342, "r0": 2.9598411963671136, "r1": 0.0016808754457391384, "r2": -1.3993767963128079, "r3": 1.348772117209075, "r4": 1.1708467488985634, "r5": -0.5532919794620051, "r6": 0.3709157406839986, "r7": 1.749146864268937}, "datetime": {"datetime": "2020-01-18 11:09:54", "elapsed": 51781.255738, "delta": 42.280324}}
{"target": 15.55, "params": {"d0": 3.190208460053026, "d1": -1.646897053244814, "d2": 1.26956572881749, "g0": 4.192464166799943, "g1": 0.11109829674197713, "g2": -3.35612353156926, "g3": 0.8138663493222354, "g4": 1.141205501609158, "g5": 0.30354729562851035, "g6": 0.4998178442777975, "g7": 1.1591621606148577, "i0": 0.593613781012482, "i1": 0.19843010116861926, "i2": -6.092053735767822, "i3": 1.4845248750049038, "i4": 1.2063948547688101, "i5": -0.2535989325508162, "i6": 0.5309330932138119, "i7": 1.4615534985743495, "r0": 1.2787247722084094, "r1": 0.9931862723482267, "r2": -5.810429755513523, "r3": 1.4040323151359513, "r4": 1.0802306153007835, "r5": -0.6333910981763083, "r6": 0.12835785746383088, "r7": 1.206471526778354}, "datetime": {"datetime": "2020-01-18 11:10:37", "elapsed": 51824.269815, "delta": 43.014077}}
{"target": 20.1, "params": {"d0": 3.621384489715487, "d1": -7.970219851490732, "d2": 1.3577816406984538, "g0": 0.6776688938833103, "g1": 0.0684601419741041, "g2": -3.5488598573566223, "g3": 0.8348907969577986, "g4": 1.0976156067698999, "g5": 0.06346040362028804, "g6": 0.6562507906165886, "g7": 1.1866938890798617, "i0": 2.774763878754105, "i1": 0.7934431979863559, "i2": -8.625735811573932, "i3": 1.0666585221685132, "i4": 1.2663916915948596, "i5": -0.5532548964640247, "i6": 0.4663384143422167, "i7": 1.6838740253035032, "r0": 4.942403395280885, "r1": 0.3673771987959913, "r2": -3.260440766448907, "r3": 1.1075107161350903, "r4": 1.212759014273494, "r5": 0.09479738659743986, "r6": 0.1965170043879747, "r7": 1.5470746211558852}, "datetime": {"datetime": "2020-01-18 11:11:16", "elapsed": 51862.935331, "delta": 38.665516}}
{"target": 12.55, "params": {"d0": 1.8491348060289714, "d1": -8.204868370694808, "d2": 0.9562612887124713, "g0": 2.87858987514881, "g1": 0.6652591203595347, "g2": -4.733856136566587, "g3": 0.9437582039241075, "g4": 0.9244933597494948, "g5": -0.22289662551602862, "g6": 0.11422829805527035, "g7": 1.0134932968239871, "i0": 3.5717003150855087, "i1": 0.780704950302164, "i2": -5.145193848773054, "i3": 1.3655755167486856, "i4": 1.2921335470183073, "i5": 0.2889190196746072, "i6": 0.8248382066427602, "i7": 1.7832050261481687, "r0": 0.989395679507365, "r1": 0.1305687868277826, "r2": -2.185881290218612, "r3": 1.2821898805535816, "r4": 0.8546767560775542, "r5": 0.7254131099685137, "r6": 0.4298280732563946, "r7": 1.1915066369430514}, "datetime": {"datetime": "2020-01-18 11:12:07", "elapsed": 51913.588106, "delta": 50.652775}}
{"target": 13.5, "params": {"d0": 0.38571151050981967, "d1": -3.6790361328237147, "d2": 1.37992560630399, "g0": 0.23192016984231734, "g1": 0.25087567364724905, "g2": -0.5420653172290351, "g3": 1.1411599626146631, "g4": 0.8784044299148182, "g5": 0.7975125695797463, "g6": 0.25773676542889645, "g7": 1.0577029805245137, "i0": 1.8405717935483006, "i1": 0.6361121803600913, "i2": -6.631424337266525, "i3": 1.4686439462079992, "i4": 0.862614665595266, "i5": 0.38766209046305833, "i6": -0.41638402889612147, "i7": 1.0855024664278707, "r0": 4.028867923051398, "r1": 0.08372630675205528, "r2": -8.712718073650894, "r3": 0.7709160569874008, "r4": 0.9354323107857793, "r5": 0.2935296707589954, "r6": 0.8880477706085457, "r7": 1.6370330536124928}, "datetime": {"datetime": "2020-01-18 11:12:55", "elapsed": 51961.535643, "delta": 47.947537}}
{"target": 15.8, "params": {"d0": 3.960064549469258, "d1": -9.87705626751787, "d2": 1.3123683918342892, "g0": 4.595565381153804, "g1": 0.45101762939097667, "g2": -1.4441413844461657, "g3": 1.3569919120487985, "g4": 0.9600508144387494, "g5": -0.5395421880730998, "g6": 0.6245135924000869, "g7": 1.6656557732362596, "i0": 3.0680945591566697, "i1": 0.39468476387011764, "i2": -4.415633678957822, "i3": 1.0776200176720168, "i4": 1.1044679587629103, "i5": 0.7204337744049969, "i6": 0.1442754561678088, "i7": 1.7875451471631756, "r0": 2.4880711419155426, "r1": 0.023802858952736816, "r2": -8.11774428360501, "r3": 1.4554601512803016, "r4": 1.1953597422843845, "r5": -0.1796457163838554, "r6": 0.933993323610447, "r7": 1.9007609543758281}, "datetime": {"datetime": "2020-01-18 11:13:35", "elapsed": 52002.036285, "delta": 40.500642}}
{"target": 11.55, "params": {"d0": 1.6995850554616942, "d1": -9.988915803981941, "d2": 1.180295457893116, "g0": 1.8566170538009508, "g1": 0.7082412028156632, "g2": -2.5967881014245906, "g3": 1.396832656858582, "g4": 1.2917158821632997, "g5": -0.1502788063921925, "g6": -0.462048547364629, "g7": 1.2513633410444698, "i0": 2.4943999305145192, "i1": 0.7681519699276778, "i2": -4.605574547741859, "i3": 1.2296579852936176, "i4": 0.8857389592501536, "i5": 0.5113006257195385, "i6": -0.10925915418942722, "i7": 0.9299540902633687, "r0": 0.5624592527139094, "r1": 0.028538894195013098, "r2": -8.292292271432363, "r3": 1.2012341329392093, "r4": 1.246758382104563, "r5": 0.203897196414895, "r6": -0.1654643550359563, "r7": 1.8770364523184655}, "datetime": {"datetime": "2020-01-18 11:14:06", "elapsed": 52032.407771, "delta": 30.371486}}
{"target": 2.3, "params": {"d0": 1.6126952561856978, "d1": -3.5226040150873885, "d2": 0.9567662558319165, "g0": 4.092587410502254, "g1": 0.09375728045996878, "g2": -8.462272584376592, "g3": 1.4050950511473557, "g4": 0.8393121952239924, "g5": -0.20006402225617903, "g6": 0.5944819103014467, "g7": 1.856969453708073, "i0": 4.92884150975337, "i1": 0.18858620842052387, "i2": -1.402359755981843, "i3": 1.2103891346432465, "i4": 0.8298962883290668, "i5": 0.18565611249350655, "i6": -0.1353488450035542, "i7": 1.2063062666152524, "r0": 4.740675634992165, "r1": 0.16378021645248464, "r2": -2.230466033743676, "r3": 1.2739508035536087, "r4": 0.936045563630063, "r5": -0.18437167952943412, "r6": -0.06450196333287628, "r7": 1.0390193511062429}, "datetime": {"datetime": "2020-01-18 11:14:49", "elapsed": 52076.065688, "delta": 43.657917}}
{"target": 11.9, "params": {"d0": 2.3218581619851175, "d1": -5.250096756539349, "d2": 1.2338106595618896, "g0": 0.08583172062806566, "g1": 0.9176496149572293, "g2": -5.109429176761306, "g3": 0.7651601469687026, "g4": 0.8954879568031149, "g5": 0.27035015665097184, "g6": -0.3442476020409097, "g7": 1.2025252630325411, "i0": 4.439321251407325, "i1": 0.4065801852928106, "i2": -5.988250643222708, "i3": 1.2785240341673547, "i4": 0.890378381882637, "i5": 0.7339928861355876, "i6": -0.40873076532352415, "i7": 1.9225410759805026, "r0": 2.71449685465246, "r1": 0.9282296505393117, "r2": -9.091084500925152, "r3": 1.3009886439236935, "r4": 1.043206805584914, "r5": -0.6505396530316194, "r6": 0.1660696798313498, "r7": 1.629214321535937}, "datetime": {"datetime": "2020-01-18 11:15:31", "elapsed": 52117.969397, "delta": 41.903709}}
{"target": 12.9, "params": {"d0": 0.6823256898481411, "d1": -8.357460305251811, "d2": 1.1045724664957974, "g0": 0.009114567837347765, "g1": 0.6528751502481931, "g2": -4.167211639747488, "g3": 0.9319585957486907, "g4": 1.2835586753334849, "g5": -0.762663344033268, "g6": -0.2967172810954617, "g7": 1.5450263676346299, "i0": 1.3510508657912723, "i1": 0.4665218768845074, "i2": -7.655374446897326, "i3": 1.45944045592243, "i4": 0.9497588062493035, "i5": 0.3314341944767625, "i6": -0.06931678289915855, "i7": 1.21648245294694, "r0": 0.8260584475149546, "r1": 0.26981768587359856, "r2": -3.030730063210876, "r3": 1.083960850306752, "r4": 0.8787963824891618, "r5": 0.4092547229843353, "r6": 0.07218988451601205, "r7": 1.697147842046721}, "datetime": {"datetime": "2020-01-18 11:16:08", "elapsed": 52154.876709, "delta": 36.907312}}
{"target": 8.8, "params": {"d0": 4.602362754539758, "d1": -3.512287589423586, "d2": 0.8355260918962434, "g0": 2.1050293037742467, "g1": 0.41507343911836725, "g2": -9.415893736360477, "g3": 0.8265411449171849, "g4": 1.2513607989322415, "g5": -0.44751460285207045, "g6": -0.4404234751287596, "g7": 1.0831485453689436, "i0": 2.672517117925967, "i1": 0.7203372342757417, "i2": -5.310880543908025, "i3": 1.1963948165391187, "i4": 0.863671180468103, "i5": -0.2967505155285547, "i6": 0.9407209183166678, "i7": 1.3290057660644652, "r0": 2.8302453974063675, "r1": 0.1028741520263492, "r2": -5.806899067775709, "r3": 0.7521793436586114, "r4": 1.0746193950280465, "r5": 0.2137376307909471, "r6": 0.9491936296718884, "r7": 1.0370057115618863}, "datetime": {"datetime": "2020-01-18 11:16:52", "elapsed": 52199.117033, "delta": 44.240324}}
{"target": 16.9, "params": {"d0": 4.490657351116659, "d1": -7.1422375947835635, "d2": 1.3621516822737456, "g0": 4.8344884246905515, "g1": 0.2270950268792632, "g2": -3.3873133214009554, "g3": 0.8090583408227594, "g4": 1.1527749161171439, "g5": -0.34184827974373777, "g6": -0.3326331338712005, "g7": 1.5892236842263485, "i0": 1.3545758578225475, "i1": 0.4584601853051582, "i2": -2.2028884051011897, "i3": 0.8484767180931555, "i4": 1.00894989192798, "i5": 0.6833377364879596, "i6": 0.26565857092405065, "i7": 1.0085266660655379, "r0": 1.698133641022725, "r1": 0.8081596253549994, "r2": -4.080358488391863, "r3": 1.4939031245658816, "r4": 1.0346755937355012, "r5": 0.07085940180937356, "r6": 0.1614111943263996, "r7": 1.0153305399283856}, "datetime": {"datetime": "2020-01-18 11:17:32", "elapsed": 52238.757066, "delta": 39.640033}}
{"target": 14.95, "params": {"d0": 1.0176525434273476, "d1": -3.0048697128925514, "d2": 1.3664596363123425, "g0": 2.126476540824016, "g1": 0.384902960665472, "g2": -8.476954906313905, "g3": 0.8050854945764758, "g4": 1.0924397206902048, "g5": 0.10343161922325861, "g6": 0.6628522925822011, "g7": 1.2598221934238545, "i0": 4.445299180524874, "i1": 0.6917473060213281, "i2": -7.839751082239371, "i3": 1.3853359896739683, "i4": 0.9024049292666738, "i5": -0.21630610936694217, "i6": 0.4439909089483933, "i7": 1.4675460449652182, "r0": 0.6202030469025682, "r1": 0.1829080123453245, "r2": -4.783532927471985, "r3": 1.4896303999596128, "r4": 0.9299225232687096, "r5": 0.054885818405767894, "r6": 0.38503976551576624, "r7": 1.137277337328616}, "datetime": {"datetime": "2020-01-18 11:18:23", "elapsed": 52289.990237, "delta": 51.233171}}
{"target": 16.05, "params": {"d0": 1.1959733134405797, "d1": -5.079803887672165, "d2": 1.4185907154438377, "g0": 0.11493119448115652, "g1": 0.6049561034209628, "g2": -2.6889221048585332, "g3": 1.2589216447378737, "g4": 0.8123016429501309, "g5": 0.2227644132823181, "g6": -0.26729460345264017, "g7": 1.8627910227031177, "i0": 0.9486868923887787, "i1": 0.03717536648250441, "i2": -5.186580181130856, "i3": 1.373797167166162, "i4": 1.1735715064414218, "i5": 0.026433150484221457, "i6": -0.4950565382889671, "i7": 1.3945290803722523, "r0": 2.205161896420935, "r1": 0.8398693597724285, "r2": -3.4582657023440175, "r3": 1.4855941782422197, "r4": 1.2127024624261438, "r5": -0.30863007880661364, "r6": 0.7152625309630969, "r7": 1.172399144627775}, "datetime": {"datetime": "2020-01-18 11:19:03", "elapsed": 52329.865516, "delta": 39.875279}}
{"target": 14.8, "params": {"d0": 3.2084422741213006, "d1": -9.137870002034688, "d2": 1.3907024967434276, "g0": 4.769023374200942, "g1": 0.3028145856404626, "g2": -9.76799247412639, "g3": 0.8062339069293786, "g4": 1.1016878710056452, "g5": 0.46320656307733254, "g6": 0.10811701788214334, "g7": 1.330394586069538, "i0": 0.6704361118786389, "i1": 0.5525824684285899, "i2": -5.034495572834893, "i3": 0.9848457072948662, "i4": 1.1358625616719342, "i5": 0.16715803435059673, "i6": -0.029992762313653387, "i7": 1.306189774112295, "r0": 4.515033665195885, "r1": 0.51700806424226, "r2": -3.879468705874806, "r3": 1.3204799311782156, "r4": 1.297009774315817, "r5": 0.2369192239744835, "r6": 0.23100579136078414, "r7": 1.4556931839563}, "datetime": {"datetime": "2020-01-18 11:19:45", "elapsed": 52371.30821, "delta": 41.442694}}
{"target": 2.3, "params": {"d0": 1.636253125550788, "d1": -7.010413207011025, "d2": 1.1333691922931954, "g0": 3.9634242917078213, "g1": 0.9903721429636801, "g2": -0.37735071600790704, "g3": 0.7835343782445484, "g4": 1.0936038847365683, "g5": 0.4245249410773908, "g6": -0.01410662024536763, "g7": 1.2256858578134744, "i0": 3.778528322142977, "i1": 0.8991861720538469, "i2": -9.864434760724821, "i3": 1.105519111951622, "i4": 0.8469211374790218, "i5": -0.1634310154029578, "i6": 0.6043886352664305, "i7": 1.4947712326674412, "r0": 2.1183103458090775, "r1": 0.5030710305859496, "r2": -5.018965933414712, "r3": 1.1540052750796554, "r4": 0.8353750261600081, "r5": -0.05715425693099563, "r6": 0.5457863197523363, "r7": 1.6290929638129965}, "datetime": {"datetime": "2020-01-18 11:20:37", "elapsed": 52423.962429, "delta": 52.654219}}
