{"target": 20.1, "params": {"d0": 4.874101125547808, "d1": -3.624641566874848, "d2": 0.9759549632976621, "g0": 0.3909994985796933, "g1": 0.935746506966054, "g2": -8.598239363593631, "g3": 0.967009824911462, "g4": 1.2845732238713843, "g5": 0.0789080660717334, "g6": 0.04850532418955833, "g7": 1.771628471252235, "i0": 3.504937499195532, "i1": 0.45933063457592815, "i2": -2.8002083664529884, "i3": 0.9213681800837298, "i4": 1.1324511133284076, "i5": 0.021778066693240006, "i6": -0.1595217285043833, "i7": 1.7472282565196382, "r0": 0.010828075269568305, "r1": 0.33154399645344923, "r2": -5.641039552920953, "r3": 1.2155046539364571, "r4": 1.0437947421225386, "r5": -0.4190712130191454, "r6": 0.2563535937482203, "r7": 1.1841394058351304}, "datetime": {"datetime": "2020-01-18 04:19:40", "elapsed": 27167.191182, "delta": 31.357479}}
{"target": 12.75, "params": {"d0": 2.8684183742663376, "d1": -3.0084425483770474, "d2": 0.8587847701517992, "g0": 2.0254406602429094, "g1": 0.02684336844850921, "g2": -5.278611893437813, "g3": 1.4389729181138584, "g4": 0.8944346531644327, "g5": -0.4750796104791018, "g6": 0.9504987567321554, "g7": 1.5744003841198215, "i0": 3.0100326715399133, "i1": 0.8965716760982063, "i2": -9.735268084940184, "i3": 1.035915867717732, "i4": 1.0791432343345442, "i5": -0.03246918854265368, "i6": 0.10143388115366003, "i7": 1.4634915221484397, "r0": 3.7106331898392546, "r1": 0.2550958232888312, "r2": -1.9256839111989734, "r3": 0.9566697029964424, "r4": 1.1264661472993445, "r5": 0.36900922509022616, "r6": 0.8427194729824059, "r7": 1.8384629098820948}, "datetime": {"datetime": "2020-01-18 04:20:10", "elapsed": 27196.344912, "delta": 29.15373}}
{"target": 17.55, "params": {"d0": 2.1302835956643653, "d1": -4.653404863090173, "d2": 1.4471862241196964, "g0": 0.2412981868926195, "g1": 0.38657671660517, "g2": -1.9304926144948418, "g3": 1.435415380766864, "g4": 1.0569319319205723, "g5": -0.30249333985567817, "g6": 0.8177660673047293, "g7": 1.646752648339497, "i0": 1.142585258114623, "i1": 0.6083847717636522, "i2": -8.628041570733266, "i3": 1.3851734591993725, "i4": 0.8615444830975802, "i5": -0.16624904031809018, "i6": 0.09507958387998139, "i7": 1.764746686764851, "r0": 0.615365123518038, "r1": 0.17539149468509896, "r2": -1.9612394790121055, "r3": 1.3019804494166578, "r4": 1.0558451487700644, "r5": -0.515756183367464, "r6": 0.22483904410930733, "r7": 1.8291634825549534}, "datetime": {"datetime": "2020-01-18 04:20:41", "elapsed": 27227.810277, "delta": 31.465365}}
{"target": 9.05, "params": {"d0": 2.7525508579480666, "d1": -7.027004975572819, "d2": 1.2671244347774402, "g0": 4.05709585453179, "g1": 0.3779227841169741, "g2": -2.5169379033957737, "g3": 1.0118807062321946, "g4": 1.2718079759506904, "g5": -0.42981623707303795, "g6": -0.39687371052722914, "g7": 1.1455800679959354, "i0": 1.8358106028272396, "i1": 0.06779201308999516, "i2": -6.613966789884497, "i3": 0.8671323620652185, "i4": 0.8819434905323033, "i5": 0.11505776628339892, "i6": -0.01887893152250142, "i7": 1.3218726793985376, "r0": 0.679490293530986, "r1": 0.6802447234131842, "r2": -0.9533932462661827, "r3": 1.4136437477566568, "r4": 1.2918199778026498, "r5": -0.5738041504065685, "r6": -0.21779726810499805, "r7": 1.5340509192334733}, "datetime": {"datetime": "2020-01-18 04:21:01", "elapsed": 27247.833316, "delta": 20.023039}}
{"target": 13.05, "params": {"d0": 2.485741127668408, "d1": -9.370224081632701, "d2": 1.334098379310127, "g0": 3.0728999706265365, "g1": 0.156791436852032, "g2": -6.214413414101654, "g3": 1.1079803070079075, "g4": 1.071944083926574, "g5": -0.6549257648984634, "g6": 0.8995482745471948, "g7": 1.3969769054983734, "i0": 0.5652187986278601, "i1": 0.3240382365981649, "i2": -4.729329511734464, "i3": 0.8200661132459951, "i4": 1.0573132605757383, "i5": 0.6809133294251015, "i6": -0.024414430243553165, "i7": 1.1016287642924245, "r0": 3.103508410513248, "r1": 0.9163529313109198, "r2": -5.781009348153587, "r3": 1.3147103727959748, "r4": 1.0918312046473937, "r5": 0.02741755624576281, "r6": 0.16119919899484958, "r7": 1.432208920876431}, "datetime": {"datetime": "2020-01-18 04:21:41", "elapsed": 27287.835467, "delta": 40.002151}}
{"target": 17.4, "params": {"d0": 0.5978586987282009, "d1": -4.603754332849844, "d2": 1.198372202295839, "g0": 1.4005316860807833, "g1": 0.4915007783540227, "g2": -2.5523311140561535, "g3": 1.3328349866713631, "g4": 1.1687792123164669, "g5": 0.5745557688289427, "g6": -0.18099896046847547, "g7": 1.7756104869818485, "i0": 1.2465526295617284, "i1": 0.5432569537993617, "i2": -1.6396989374404782, "i3": 0.8647993957138479, "i4": 1.1293409129899559, "i5": 0.5050899833864726, "i6": 0.5866167284792709, "i7": 0.9948544653886346, "r0": 0.4621555657741605, "r1": 0.3449329764973198, "r2": -2.210635847655241, "r3": 1.0223559149566916, "r4": 0.834181042709335, "r5": 0.4659244216152649, "r6": 0.1886461774695094, "r7": 1.8949414798057522}, "datetime": {"datetime": "2020-01-18 04:22:15", "elapsed": 27321.999595, "delta": 34.164128}}
{"target": 12.65, "params": {"d0": 3.732846395366683, "d1": -1.977291901439722, "d2": 1.1343544705970037, "g0": 3.8570228127388213, "g1": 0.9301521864216966, "g2": -2.1151305846143487, "g3": 1.1395134711248662, "g4": 0.8814287172500719, "g5": 0.07928326437474831, "g6": 0.8357121110735775, "g7": 1.2909516651417998, "i0": 0.7684360942227292, "i1": 0.07125125733392712, "i2": -9.341003778808064, "i3": 1.0744310445016334, "i4": 0.9141817680071556, "i5": -0.6228235683880836, "i6": -0.06914605806152502, "i7": 1.3492384621845361, "r0": 3.5181398281448057, "r1": 0.2596440455185415, "r2": -0.8362461144336244, "r3": 1.4669505633191253, "r4": 1.2527164116596863, "r5": -0.39259530612336846, "r6": 0.9914810004251964, "r7": 1.9868840211918029}, "datetime": {"datetime": "2020-01-18 04:22:53", "elapsed": 27360.158627, "delta": 38.159032}}
{"target": 10.95, "params": {"d0": 2.6978316898566943, "d1": -1.0265208344023726, "d2": 1.411943097081761, "g0": 3.797402666825395, "g1": 0.7970866913809663, "g2": -2.844663825572491, "g3": 1.1356654817439173, "g4": 1.1312093756012713, "g5": 0.38851084611319897, "g6": -0.08971522966703521, "g7": 1.0587605078867353, "i0": 4.566719562928866, "i1": 0.9905838788975606, "i2": -4.142430039249923, "i3": 1.4336245198334092, "i4": 0.8088086808619386, "i5": -0.4200951773563475, "i6": 0.04664432326825707, "i7": 0.9551149160708674, "r0": 3.1127943852296953, "r1": 0.8319755039758563, "r2": -0.9672166539187081, "r3": 1.226821002882252, "r4": 1.2801104917368298, "r5": 0.7640311284100136, "r6": 0.9516487972328187, "r7": 0.9024885785758147}, "datetime": {"datetime": "2020-01-18 04:23:33", "elapsed": 27399.772174, "delta": 39.613547}}
{"target": 19.15, "params": {"d0": 1.692888424509789, "d1": -7.319852374930126, "d2": 0.744559548625, "g0": 0.6990103361199074, "g1": 0.8461315660595206, "g2": -2.7052893952700057, "g3": 1.141398080241161, "g4": 1.2359569002766215, "g5": -0.2198150324524042, "g6": -0.05622857775667933, "g7": 1.7898485270967974, "i0": 3.570849043177309, "i1": 0.3707970090595232, "i2": -0.627394059125999, "i3": 1.208228932278742, "i4": 0.8697719873781795, "i5": -0.31239244117530857, "i6": 0.48738985087835307, "i7": 1.7083608998977133, "r0": 1.4095884275150983, "r1": 0.9053761432251363, "r2": -9.282453534732761, "r3": 1.4919334730049036, "r4": 0.8983579673174356, "r5": 0.5256521181668665, "r6": 0.8702910918721434, "r7": 1.9295285514987333}, "datetime": {"datetime": "2020-01-18 04:24:06", "elapsed": 27433.195545, "delta": 33.423371}}
{"target": 20.2, "params": {"d0": 4.220181487763218, "d1": -0.9538314108136827, "d2": 1.3693897498653311, "g0": 0.9432011162478998, "g1": 0.6111439718577469, "g2": -6.026721684452923, "g3": 1.2297972358679186, "g4": 0.9456574706140812, "g5": -0.12266662893110813, "g6": 0.6051077061204824, "g7": 1.70714949288139, "i0": 0.7751381606621094, "i1": 0.8249503322534802, "i2": -4.864599852501957, "i3": 0.9728536050367439, "i4": 0.8962576615560477, "i5": 0.7324264129935043, "i6": 0.8319526418915439, "i7": 1.6010301400664844, "r0": 1.36681634195163, "r1": 0.2523825666519236, "r2": -5.0533789278271914, "r3": 1.4830918490321172, "r4": 1.1770807893751523, "r5": -0.6889991514025259, "r6": 0.23428740996646868, "r7": 1.2436999435800458}, "datetime": {"datetime": "2020-01-18 04:24:37", "elapsed": 27464.23185, "delta": 31.036305}}
{"target": 8.85, "params": {"d0": 3.2275441085835026, "d1": -8.54493631996261, "d2": 1.2626016875779302, "g0": 4.4824157632706605, "g1": 0.08847514912267329, "g2": -1.7897705318568686, "g3": 1.100653266615178, "g4": 1.215097647594901, "g5": -0.35838026742879275, "g6": 0.7599630989951849, "g7": 1.7793222234088066, "i0": 2.9374910091888746, "i1": 0.7722764586537193, "i2": -3.6775888511019943, "i3": 1.012275588792087, "i4": 1.1512727745216005, "i5": 0.5444839248710307, "i6": 0.729311852539176, "i7": 1.1189804630985363, "r0": 4.6383962459746835, "r1": 0.39314205106332034, "r2": -9.083238011788799, "r3": 0.7066349730956927, "r4": 1.1843221570433158, "r5": -0.3719714845667662, "r6": -0.3336127532999348, "r7": 1.5689918138286454}, "datetime": {"datetime": "2020-01-18 04:25:08", "elapsed": 27494.405538, "delta": 30.173688}}
{"target": 8.6, "params": {"d0": 3.1411017543199597, "d1": -9.51389946302861, "d2": 0.8479713478495675, "g0": 4.656204840243265, "g1": 0.11260846842200767, "g2": -9.759610351164433, "g3": 1.3880266798328171, "g4": 0.9099123287907669, "g5": 0.5588626883994638, "g6": 0.4663588567707371, "g7": 1.7486067035199602, "i0": 3.140971107048566, "i1": 0.1735424709969201, "i2": -8.130934668232554, "i3": 1.074449135203294, "i4": 1.1444068368486628, "i5": 0.6447583053128749, "i6": -0.1278788079671513, "i7": 0.925129825897453, "r0": 4.82617650359266, "r1": 0.6272352780895507, "r2": -2.07239188371614, "r3": 1.4108525488786112, "r4": 1.1164298238435038, "r5": -0.10583546795493304, "r6": 0.66755235444736, "r7": 1.630197237296902}, "datetime": {"datetime": "2020-01-18 04:25:35", "elapsed": 27521.446928, "delta": 27.04139}}
{"target": 9.3, "params": {"d0": 3.728033868889507, "d1": -6.8196449470192535, "d2": 0.8274327248636709, "g0": 3.4559802515435614, "g1": 0.47602162413740035, "g2": -6.123550103355945, "g3": 1.2063007324726316, "g4": 0.8852527700105548, "g5": -0.03041827438590483, "g6": 0.5325672018135097, "g7": 1.5687577953638656, "i0": 0.24689225281175287, "i1": 0.24391833066181523, "i2": -8.234459876688094, "i3": 0.8593048321698896, "i4": 1.0844474983581192, "i5": 0.667255837985862, "i6": -0.19004775503660548, "i7": 0.9909447373119619, "r0": 4.355211000387938, "r1": 0.7053102259216438, "r2": -3.6934575188727994, "r3": 0.7056914363147936, "r4": 1.1046309747939378, "r5": 0.4749019361309521, "r6": 0.2892884720814777, "r7": 1.0745761646430458}, "datetime": {"datetime": "2020-01-18 04:26:17", "elapsed": 27563.963995, "delta": 42.517067}}
{"target": 16.1, "params": {"d0": 3.3604986859875634, "d1": -8.483072777428447, "d2": 1.0518190382648755, "g0": 2.6266679510306243, "g1": 0.447618351039236, "g2": -3.5533355157790947, "g3": 1.1211590681925097, "g4": 0.882376739855194, "g5": 0.6076717446285063, "g6": 0.05610801956550704, "g7": 1.925402713190719, "i0": 0.03906491649520061, "i1": 0.12479755718566643, "i2": -2.8968957936501996, "i3": 0.7442121271497703, "i4": 1.1968537831601587, "i5": 0.10430076545924949, "i6": 0.24077095591074582, "i7": 1.300274597614629, "r0": 2.4707607548842887, "r1": 0.27032053468756023, "r2": -8.065398057382474, "r3": 1.1187242073961678, "r4": 0.8506275257606765, "r5": -0.17060430519985792, "r6": 0.5156555506985709, "r7": 1.395323921222966}, "datetime": {"datetime": "2020-01-18 04:26:51", "elapsed": 27597.568695, "delta": 33.6047}}
{"target": 16.4, "params": {"d0": 2.6185176963868657, "d1": -3.7131639878077873, "d2": 1.1638685626635845, "g0": 0.5650956704937432, "g1": 0.5566234347624965, "g2": -3.5790504725783325, "g3": 0.9513794389342873, "g4": 1.1490043241952128, "g5": 0.49699032444917, "g6": -0.4943329551829227, "g7": 1.5330470518829298, "i0": 0.5422245494461564, "i1": 0.025916938299310188, "i2": -2.6381092470608367, "i3": 1.1702898344838293, "i4": 1.2266233235608592, "i5": -0.6323054611733894, "i6": 0.6166463191100091, "i7": 1.8882528494203217, "r0": 2.0969194899722545, "r1": 0.4451991631228216, "r2": -9.427394991764011, "r3": 1.3509440308625968, "r4": 0.9497583362331323, "r5": -0.3632842757219015, "r6": 0.11893925594427412, "r7": 0.9007860207635005}, "datetime": {"datetime": "2020-01-18 04:27:23", "elapsed": 27629.833743, "delta": 32.265048}}
{"target": 19.1, "params": {"d0": 2.061743194608879, "d1": -9.640571136382851, "d2": 0.9984397127004984, "g0": 0.8019516135158955, "g1": 0.5807707842893938, "g2": -8.098267660038836, "g3": 1.4129946309662966, "g4": 1.235676099041186, "g5": -0.44052980186951596, "g6": 0.9173464063641288, "g7": 1.5114151015736306, "i0": 3.4662921952686543, "i1": 0.5491205614927809, "i2": -8.677207977430333, "i3": 0.7149324391319549, "i4": 1.1159424496968162, "i5": -0.3836611030781672, "i6": 0.9351004517288279, "i7": 1.628039563877076, "r0": 1.8294958923778122, "r1": 0.8958492221365101, "r2": -2.169120978857096, "r3": 1.067611726782253, "r4": 1.096177389527643, "r5": 0.5475950547024266, "r6": 0.9229087220678673, "r7": 1.5432801754951324}, "datetime": {"datetime": "2020-01-18 04:27:57", "elapsed": 27663.45241, "delta": 33.618667}}
{"target": 14.25, "params": {"d0": 1.190640680754792, "d1": -2.4957120332674823, "d2": 0.9012535940862781, "g0": 2.1783896525199613, "g1": 0.8522234218308259, "g2": -7.275004544307121, "g3": 0.8543279314096931, "g4": 0.9110305977401865, "g5": 0.34476672508353445, "g6": 0.35214715365922167, "g7": 0.9031616688973477, "i0": 2.8506001880331686, "i1": 0.12216200704163349, "i2": -0.9550366953921401, "i3": 0.8407636882594345, "i4": 1.2781930514331863, "i5": -0.3137631565268961, "i6": 0.7861167523343513, "i7": 1.4970607655952755, "r0": 2.403842814406099, "r1": 0.5327551100363521, "r2": -9.541718278627851, "r3": 0.9162580501797251, "r4": 1.2021880180328814, "r5": 0.21587147014681474, "r6": 0.6419441879914254, "r7": 1.8609464470421715}, "datetime": {"datetime": "2020-01-18 04:28:30", "elapsed": 27697.180476, "delta": 33.728066}}
{"target": 17.65, "params": {"d0": 3.3851729747509713, "d1": -0.9616982778635581, "d2": 0.9831675822246385, "g0": 3.6679761709821563, "g1": 0.14528618140678395, "g2": -6.248175375924249, "g3": 1.1847469481436737, "g4": 1.2660166173061798, "g5": -0.29504443007095704, "g6": -0.052537433864872696, "g7": 1.3336613377750746, "i0": 2.623062613432014, "i1": 0.5250411127702767, "i2": -6.422050573008381, "i3": 0.9304509460992032, "i4": 1.171989123193326, "i5": 0.6674347884075718, "i6": -0.08048101317287537, "i7": 1.2872199591797622, "r0": 0.48613505971349336, "r1": 0.6686108277269514, "r2": -8.202694170185735, "r3": 1.492204279408963, "r4": 1.0935049970829045, "r5": 0.25526213251453256, "r6": 0.42882153345067486, "r7": 1.527125411157555}, "datetime": {"datetime": "2020-01-18 04:29:02", "elapsed": 27729.271702, "delta": 32.091226}}
{"target": 19.85, "params": {"d0": 3.52054484340024, "d1": -3.454560576800498, "d2": 1.1858625037409238, "g0": 0.5615221648650603, "g1": 0.05337044383271161, "g2": -8.282798132264036, "g3": 1.2842547968617766, "g4": 0.8215922499247736, "g5": -0.03702673979120108, "g6": -0.03188987880245969, "g7": 1.4083849632062024, "i0": 4.756653119228574, "i1": 0.7115256150214223, "i2": -6.787034417076784, "i3": 0.9882987348626532, "i4": 1.056731898463477, "i5": -0.6191993067986492, "i6": 0.7652600392918072, "i7": 1.3609036831001773, "r0": 0.1958832587950715, "r1": 0.3254754468886416, "r2": -5.757597119640031, "r3": 1.4633505846815458, "r4": 1.12027303388783, "r5": 0.12648379250805009, "r6": 0.5739261728073413, "r7": 0.9705559993583855}, "datetime": {"datetime": "2020-01-18 04:29:35", "elapsed": 27761.454824, "delta": 32.183122}}
{"target": 3.3, "params": {"d0": 3.007797434234099, "d1": -7.414586142765641, "d2": 0.9664859304728377, "g0": 3.0836774593791634, "g1": 0.6838737471198942, "g2": -8.89335905209842, "g3": 0.9462156116871262, "g4": 0.9080827468542595, "g5": 0.5556725819628112, "g6": 0.9641515684495516, "g7": 1.4243477321768254, "i0": 4.562877726629319, "i1": 0.7936781947047955, "i2": -9.981370927863017, "i3": 1.3759778770205207, "i4": 1.021199631790212, "i5": -0.05945189798953909, "i6": 0.4337533842256174, "i7": 1.5894523630191533, "r0": 4.162306060456739, "r1": 0.17370541591320932, "r2": -3.069360261775538, "r3": 1.0651543529065595, "r4": 0.8090960489343197, "r5": -0.03931608369710582, "r6": 0.7668961669616738, "r7": 1.138003440289699}, "datetime": {"datetime": "2020-01-18 04:30:11", "elapsed": 27797.484049, "delta": 36.029225}}
{"target": 4.65, "params": {"d0": 4.816921787417588, "d1": -1.2656514162223491, "d2": 1.1870935230099944, "g0": 3.274837900320269, "g1": 0.561953515286926, "g2": -8.426884262146428, "g3": 0.7579497408896172, "g4": 1.2612840815187893, "g5": -0.4694100140851083, "g6": -0.42240779244106014, "g7": 1.1802191531019108, "i0": 2.7091749657739723, "i1": 0.4498802421105157, "i2": -0.5369431985999231, "i3": 0.9219772952982539, "i4": 0.9993782374217683, "i5": -0.5381832771164805, "i6": 0.015385846227343958, "i7": 1.2881833538879592, "r0": 1.6817749843463363, "r1": 0.020409248126089907, "r2": -8.449906237007237, "r3": 1.307271315034335, "r4": 0.885427141088028, "r5": 0.16933807429013703, "r6": -0.3202277176443079, "r7": 1.0780586168695017}, "datetime": {"datetime": "2020-01-18 04:30:48", "elapsed": 27834.932293, "delta": 37.448244}}
{"target": 16.25, "params": {"d0": 0.8610005243974422, "d1": -5.401965817279671, "d2": 1.4654737425409512, "g0": 0.675302227949387, "g1": 0.48308183469980215, "g2": -1.6027506491632373, "g3": 1.2128882372385004, "g4": 1.199062922831215, "g5": 0.03941922897756511, "g6": 0.7304346419707264, "g7": 1.0850278935552304, "i0": 1.9811189457079525, "i1": 0.5882218656028336, "i2": -5.801129773123082, "i3": 0.8000463130503039, "i4": 1.2030090543451433, "i5": 0.780937444657912, "i6": -0.15332186072443305, "i7": 1.847766744424523, "r0": 2.434669428068048, "r1": 0.47684307930843983, "r2": -3.527685152192782, "r3": 1.184356786036166, "r4": 0.8444486284644039, "r5": 0.311927173762532, "r6": 0.7922914338699789, "r7": 1.236769097097722}, "datetime": {"datetime": "2020-01-18 04:31:39", "elapsed": 27885.58957, "delta": 50.657277}}
{"target": 18.95, "params": {"d0": 3.38942239245648, "d1": -3.895660366090289, "d2": 0.873618307589064, "g0": 0.8844596335365612, "g1": 0.16885851346474356, "g2": -2.715434176194802, "g3": 0.7685434034898302, "g4": 1.0959279317555721, "g5": -0.565293146111603, "g6": 0.38565493413242713, "g7": 1.1140490940251688, "i0": 1.9614315083608502, "i1": 0.03056271158516377, "i2": -0.7025843553539453, "i3": 1.314584174303244, "i4": 1.0633369364461096, "i5": 0.27857885815720795, "i6": -0.21593591132366474, "i7": 1.563454449957102, "r0": 3.163270985217844, "r1": 0.6813664760885587, "r2": -7.860203734706808, "r3": 0.9828527544881813, "r4": 0.8584667997057316, "r5": 0.7745566546482956, "r6": 0.5744616160904297, "r7": 1.978295048265036}, "datetime": {"datetime": "2020-01-18 04:32:10", "elapsed": 27916.650345, "delta": 31.060775}}
{"target": 9.3, "params": {"d0": 4.3704751648790365, "d1": -9.800949288332617, "d2": 1.337364548991114, "g0": 1.6614152214627576, "g1": 0.006660953863458108, "g2": -0.10688004236617843, "g3": 0.7600123591526375, "g4": 1.2407942727043615, "g5": -0.47666864745862, "g6": 0.904633070276512, "g7": 1.3678193853508953, "i0": 2.0513191365477956, "i1": 0.5491772273466334, "i2": -3.0465440515372846, "i3": 0.9406120332740237, "i4": 1.09959552393302, "i5": 0.2561099497533612, "i6": -0.30106957989225164, "i7": 0.9044662117653839, "r0": 2.3526765016503077, "r1": 0.7844429421410974, "r2": -8.879688374132419, "r3": 1.3891201879299733, "r4": 0.8245110759809897, "r5": -0.21353696489019824, "r6": 0.4410195518668185, "r7": 1.7767597691615706}, "datetime": {"datetime": "2020-01-18 04:32:35", "elapsed": 27942.041432, "delta": 25.391087}}
{"target": 6.65, "params": {"d0": 2.3307639967365086, "d1": -5.302890856499047, "d2": 1.3088278014093526, "g0": 4.919308559906181, "g1": 0.9401656875302338, "g2": -2.660084630143828, "g3": 0.8976259573977701, "g4": 1.1229354605250963, "g5": 0.3189942207090235, "g6": 0.6864828898577411, "g7": 1.5259222087806772, "i0": 0.2744421966427091, "i1": 0.780612808278453, "i2": -4.439849182086288, "i3": 1.3350355537924596, "i4": 1.0204287539101558, "i5": -0.3807836109873677, "i6": 0.5246542169500163, "i7": 1.9271998580172207, "r0": 1.8244613457134617, "r1": 0.13203761062000707, "r2": -7.846480510077902, "r3": 1.2851728593089655, "r4": 0.8715215280980215, "r5": 0.38120865859570907, "r6": -0.3832778119659298, "r7": 1.1598546955221507}, "datetime": {"datetime": "2020-01-18 04:33:20", "elapsed": 27986.7228, "delta": 44.681368}}
{"target": 13.55, "params": {"d0": 0.9026751523287163, "d1": -8.765674141535756, "d2": 0.997424058020772, "g0": 4.322552645245068, "g1": 0.873388929130725, "g2": -7.648690316115653, "g3": 1.3665389463127415, "g4": 1.1081340800518025, "g5": -0.16640871597943663, "g6": 0.6487562296165845, "g7": 1.8940273726010197, "i0": 0.8450975010846867, "i1": 0.5188700145445556, "i2": -4.398435307176474, "i3": 1.3643206648840425, "i4": 1.1595455463265607, "i5": 0.4328923647498628, "i6": 0.9886708041583414, "i7": 1.1275162019195606, "r0": 3.283756536624243, "r1": 0.8444871647689507, "r2": -4.494041300458905, "r3": 0.7412066104527162, "r4": 1.2126069729377416, "r5": -0.5119096694283973, "r6": 0.8884184812806317, "r7": 1.429732529555928}, "datetime": {"datetime": "2020-01-18 04:34:15", "elapsed": 28042.04879, "delta": 55.32599}}
