{"target": 16.75, "params": {"d0": 3.912579057198187, "d1": -8.873081648565083, "d2": 1.3124560417741464, "g0": 4.954034401630813, "g1": 0.4715095316789596, "g2": -8.639371576167544, "g3": 1.1819278831207711, "g4": 1.0174073032264077, "g5": -0.5735760013584564, "g6": 0.6087900854704844, "g7": 1.0658377192955344, "i0": 3.643094881594029, "i1": 0.2009689151145988, "i2": -8.040463929070244, "i3": 1.4771984832562588, "i4": 0.904810766625266, "i5": -0.7504877928111047, "i6": 0.23165025181617893, "i7": 1.4162168150244425, "r0": 1.4781990059733112, "r1": 0.9963120126341672, "r2": -8.779985325219567, "r3": 1.3649097821735783, "r4": 1.0755241146538765, "r5": 0.07756795570050268, "r6": 0.8293753331802234, "r7": 1.204288682319028}, "datetime": {"datetime": "2020-01-18 07:19:23", "elapsed": 37949.815328, "delta": 32.77054}}
{"target": 17.35, "params": {"d0": 0.39734376461372234, "d1": -3.427797936418175, "d2": 0.8917539027463235, "g0": 0.6648952621044585, "g1": 0.18431458395670752, "g2": -5.904151407518522, "g3": 1.0297567299926216, "g4": 0.8197471401592986, "g5": 0.4198776452019508, "g6": 0.988487034690493, "g7": 1.908166200484927, "i0": 4.623221828559766, "i1": 0.7722720735002714, "i2": -8.477810055413862, "i3": 1.0388057732834266, "i4": 1.1630205650012035, "i5": 0.19448308849836293, "i6": 0.7471524956812363, "i7": 1.5803786026750006, "r0": 3.4156821123278602, "r1": 0.26188996308949186, "r2": -1.8218715314129383, "r3": 0.8124165331340182, "r4": 1.2349166006655297, "r5": -0.6387820264662953, "r6": 0.9136567752674114, "r7": 1.8891923218590039}, "datetime": {"datetime": "2020-01-18 07:19:59", "elapsed": 37985.670213, "delta": 35.854885}}
{"target": 19.75, "params": {"d0": 2.5552369901812826, "d1": -1.5438618471631393, "d2": 0.8186738926061032, "g0": 1.2359787042992236, "g1": 0.07655162514602443, "g2": -4.379242450779016, "g3": 1.2923734607740487, "g4": 1.1009166116742906, "g5": 0.43510493453551047, "g6": 0.14164714984371285, "g7": 1.8469518015297177, "i0": 2.2203969310993807, "i1": 0.9593736863580015, "i2": -5.3696796508092435, "i3": 1.4351417010292111, "i4": 0.9130320082219252, "i5": 0.6999825972348854, "i6": 0.6285166725902638, "i7": 1.2680828883504915, "r0": 2.3822311466144965, "r1": 0.2637675272486647, "r2": -1.2243783958767622, "r3": 1.028373863258313, "r4": 1.1713728518389661, "r5": -0.6991575657441333, "r6": -0.4548893026856393, "r7": 1.8531469766178224}, "datetime": {"datetime": "2020-01-18 07:20:29", "elapsed": 38015.798448, "delta": 30.128235}}
{"target": 14.0, "params": {"d0": 2.608305070767693, "d1": -5.125885309759961, "d2": 1.3666242648295122, "g0": 1.3477113895039943, "g1": 0.9942691420196684, "g2": -2.1708689597490824, "g3": 1.4206814833609873, "g4": 1.2552545591116178, "g5": 0.7457521385490535, "g6": -0.3449516970308406, "g7": 1.1031919445242964, "i0": 2.996921231147293, "i1": 0.3212036756890482, "i2": -8.162136031544321, "i3": 1.335308364744133, "i4": 1.12654550968815, "i5": 0.2033796487146975, "i6": 0.7100298744291182, "i7": 1.1702176955735852, "r0": 2.6585338636906903, "r1": 0.41234896601181303, "r2": -4.646593118033387, "r3": 0.9212638710705211, "r4": 1.0053722626847654, "r5": 0.31307862884296456, "r6": -0.43361419075326096, "r7": 1.0055757098128424}, "datetime": {"datetime": "2020-01-18 07:21:04", "elapsed": 38050.480528, "delta": 34.68208}}
{"target": 8.05, "params": {"d0": 4.330112345846458, "d1": -1.1729965707933037, "d2": 1.1173801329840067, "g0": 2.3068201804175734, "g1": 0.7549756248552529, "g2": -0.41253647732378873, "g3": 0.7561636546973014, "g4": 1.008977960975967, "g5": 0.2713764248669013, "g6": -0.42258506491616454, "g7": 1.3068948301160273, "i0": 1.9637422389414745, "i1": 0.06597423009228798, "i2": -7.141443545045975, "i3": 0.8979416684456144, "i4": 0.9031998792187352, "i5": -0.14777449015939026, "i6": 0.7428542872753396, "i7": 1.964287300710886, "r0": 1.3446985326047929, "r1": 0.22120781111963628, "r2": -3.036005554775083, "r3": 0.9004210981363869, "r4": 0.8363412413033875, "r5": 0.4661474925783686, "r6": -0.05027104709973462, "r7": 1.986894058851504}, "datetime": {"datetime": "2020-01-18 07:21:33", "elapsed": 38080.098287, "delta": 29.617759}}
{"target": 12.05, "params": {"d0": 0.03018686407585458, "d1": -5.025472741826489, "d2": 1.2951797926805937, "g0": 4.874674023910446, "g1": 0.734696194581798, "g2": -8.26477111160974, "g3": 1.4200985343962786, "g4": 1.0475834358263367, "g5": 0.5830246702294273, "g6": 0.055937207386636656, "g7": 1.3082108677526687, "i0": 3.4482151377537456, "i1": 0.6392451956231413, "i2": -1.1394580431144767, "i3": 1.4470461130145604, "i4": 1.0934390050564873, "i5": -0.696079387849763, "i6": 0.05696185259566611, "i7": 1.2828852065293443, "r0": 1.461096400422401, "r1": 0.4431905917061534, "r2": -5.927779929335478, "r3": 0.954706445278088, "r4": 1.1573030410079554, "r5": 0.6617283764631441, "r6": 0.18620094281263921, "r7": 1.2231539125450834}, "datetime": {"datetime": "2020-01-18 07:22:19", "elapsed": 38125.673246, "delta": 45.574959}}
{"target": 13.0, "params": {"d0": 1.8899625348851168, "d1": -3.5778824903677044, "d2": 0.7429410940408969, "g0": 4.240122680215544, "g1": 0.9680103360665762, "g2": -3.466437749700031, "g3": 1.0672685894426555, "g4": 1.1864006250771264, "g5": 0.5289901807974475, "g6": 0.5338023235350811, "g7": 1.2942210547851478, "i0": 1.2211933039901857, "i1": 0.11270370390801165, "i2": -5.966377438719281, "i3": 0.8861580672416662, "i4": 1.2391082400063032, "i5": 0.505313343792299, "i6": -0.32427603020860046, "i7": 1.3298373734114497, "r0": 4.543633852356309, "r1": 0.1915085782967917, "r2": -0.5760257198720531, "r3": 1.1623395995177086, "r4": 1.10678042267805, "r5": 0.21414313088402737, "r6": 0.9362568133364124, "r7": 1.8862477595307534}, "datetime": {"datetime": "2020-01-18 07:22:55", "elapsed": 38161.531127, "delta": 35.857881}}
{"target": 6.05, "params": {"d0": 0.8708142528460316, "d1": -7.336065164813958, "d2": 0.8414395629586204, "g0": 3.493899074947473, "g1": 0.00460675301965463, "g2": -8.689872906392061, "g3": 1.238428614606424, "g4": 1.0228644722104527, "g5": -0.12974463816209025, "g6": -0.035863506775708376, "g7": 1.6966080254878873, "i0": 2.9785692848276413, "i1": 0.5310861301497067, "i2": -9.57080526158351, "i3": 0.712483678718209, "i4": 0.8243971344979404, "i5": 0.4251044693746231, "i6": 0.18097391267405516, "i7": 1.8986696049558947, "r0": 2.419102077621872, "r1": 0.30519443274778313, "r2": -6.000226248576254, "r3": 0.7769097895889807, "r4": 1.154311181434922, "r5": 0.35316737904917295, "r6": -0.07306941868748273, "r7": 0.9632790212191736}, "datetime": {"datetime": "2020-01-18 07:23:31", "elapsed": 38198.158226, "delta": 36.627099}}
{"target": 11.5, "params": {"d0": 3.963529190234154, "d1": -6.550399228969518, "d2": 1.2511730168514013, "g0": 1.3195688312009357, "g1": 0.16217387336359568, "g2": -0.6215458133852163, "g3": 1.4592820199506567, "g4": 1.1914785459382442, "g5": 0.7751776951153795, "g6": 0.16806248652455347, "g7": 1.711929792625127, "i0": 1.5535446651113598, "i1": 0.7732655903240125, "i2": -6.928500435503334, "i3": 1.3515568356988434, "i4": 1.125080151738127, "i5": -0.7761794750072408, "i6": 0.9279216778993549, "i7": 1.709770353803763, "r0": 0.001556912657792453, "r1": 0.16143818942563826, "r2": -8.963530173851513, "r3": 0.7315392598322471, "r4": 1.0041901693095978, "r5": 0.6434027533125892, "r6": -0.23185832610032875, "r7": 1.9539924744087025}, "datetime": {"datetime": "2020-01-18 07:23:59", "elapsed": 38226.122173, "delta": 27.963947}}
{"target": 14.7, "params": {"d0": 4.163172990294549, "d1": -4.706293645127145, "d2": 1.1029690816067386, "g0": 2.4465991593867042, "g1": 0.9061722003825406, "g2": -2.4709073301392683, "g3": 1.070590389037924, "g4": 1.1948068637083056, "g5": -0.2822908038778389, "g6": 0.06427641037873899, "g7": 1.6386185433370768, "i0": 3.296561070241451, "i1": 0.9205299731387555, "i2": -5.522722529611533, "i3": 1.0110357597507398, "i4": 1.2533040263092623, "i5": -0.6103497429364213, "i6": 0.8019982163861998, "i7": 1.6839013820425166, "r0": 4.456659755815093, "r1": 0.19204818350905428, "r2": -3.918560897879713, "r3": 1.3351655813543215, "r4": 0.8244068616032154, "r5": -0.6533448000372012, "r6": 0.3829733708838823, "r7": 1.4500797539048298}, "datetime": {"datetime": "2020-01-18 07:24:24", "elapsed": 38251.030734, "delta": 24.908561}}
{"target": 15.5, "params": {"d0": 2.6086783149892923, "d1": -2.9891816252770713, "d2": 0.7197625868731743, "g0": 3.7602495628922012, "g1": 0.46436060633862697, "g2": -6.953488229287289, "g3": 0.9480330853216976, "g4": 1.2846127102985911, "g5": 0.42453686513866273, "g6": -0.18188939510815788, "g7": 1.9104119070133354, "i0": 3.4622638604827087, "i1": 0.4519427702723524, "i2": -1.308012043333001, "i3": 1.196582458347701, "i4": 1.248906276700579, "i5": 0.41031046885520084, "i6": 0.29904130776531657, "i7": 1.4719511341393985, "r0": 2.3135067352658503, "r1": 0.28851260213460084, "r2": -2.8550744790574694, "r3": 1.3503581052929428, "r4": 0.9086521463375614, "r5": 0.7135366616076193, "r6": 0.9734990021587087, "r7": 1.7584309906961657}, "datetime": {"datetime": "2020-01-18 07:24:51", "elapsed": 38278.196992, "delta": 27.166258}}
{"target": 20.2, "params": {"d0": 2.6654033148668415, "d1": -7.936473876970238, "d2": 1.1344442012524405, "g0": 0.0727786798336788, "g1": 0.3703476608892353, "g2": -9.337433754885273, "g3": 1.142062193531258, "g4": 0.8294501243715497, "g5": -0.18177024777928552, "g6": 0.13142394554203962, "g7": 1.487946286493644, "i0": 2.0855946714004734, "i1": 0.6456229801809996, "i2": -8.425149701373071, "i3": 1.1924134981261112, "i4": 0.8162571800153857, "i5": -0.6468208326443879, "i6": 0.34293470887275634, "i7": 1.625277314552375, "r0": 2.670749272596327, "r1": 0.3469398420112564, "r2": -0.8066096492541028, "r3": 1.3174497028824401, "r4": 1.0085073287104747, "r5": 0.47195703221612306, "r6": 0.8434614494733477, "r7": 1.9946014025505931}, "datetime": {"datetime": "2020-01-18 07:25:23", "elapsed": 38310.114899, "delta": 31.917907}}
{"target": 20.55, "params": {"d0": 2.543978874213739, "d1": -2.130864881306578, "d2": 1.2204154277241623, "g0": 0.6561997988115992, "g1": 0.5189622370663828, "g2": -5.234598419121372, "g3": 1.1295056939304264, "g4": 1.0641273115947385, "g5": 0.2551760429329324, "g6": 0.19512610807313435, "g7": 1.9106480193241624, "i0": 3.089242004736908, "i1": 0.46681110777615664, "i2": -5.88870756592091, "i3": 0.9344760285104953, "i4": 1.0302960938187653, "i5": -0.3002437989094732, "i6": -0.47259886660245704, "i7": 1.5487799379252911, "r0": 4.356393738710472, "r1": 0.6750164857141576, "r2": -8.199343422491722, "r3": 0.9452203232741279, "r4": 1.1631391094176053, "r5": 0.5908119867787514, "r6": -0.2147093350403858, "r7": 1.917914225056756}, "datetime": {"datetime": "2020-01-18 07:25:54", "elapsed": 38341.177179, "delta": 31.06228}}
{"target": 16.75, "params": {"d0": 3.5396537907372503, "d1": -2.122698572760103, "d2": 0.9490581908788184, "g0": 0.08946030186266551, "g1": 0.009574246860754254, "g2": -5.01261677330382, "g3": 1.2018993561709062, "g4": 0.9435219999410984, "g5": 0.7392781445649483, "g6": 0.4143651256380594, "g7": 1.2061096363559716, "i0": 3.8963607842063523, "i1": 0.03722880825724628, "i2": -4.234409294578482, "i3": 0.958933813717405, "i4": 0.8993787408614871, "i5": 0.7279949236733012, "i6": 0.9946821674066855, "i7": 1.4146800847698033, "r0": 1.7080983043346498, "r1": 0.2067197776478905, "r2": -0.4905927353179411, "r3": 1.3883190676554351, "r4": 1.18220739476308, "r5": 0.6702789894002918, "r6": 0.8251547688642697, "r7": 1.1841017835780132}, "datetime": {"datetime": "2020-01-18 07:26:29", "elapsed": 38375.960163, "delta": 34.782984}}
{"target": 4.85, "params": {"d0": 1.434300201714861, "d1": -9.350162361118407, "d2": 0.8089753455579146, "g0": 3.250874881201699, "g1": 0.6910362136306178, "g2": -7.97810014227445, "g3": 0.8472853207222539, "g4": 1.2229927995555816, "g5": -0.6666014475511448, "g6": 0.990823589679821, "g7": 1.2860593969435028, "i0": 3.260814722418048, "i1": 0.9862028021284398, "i2": -9.578962305950446, "i3": 0.7513140851180209, "i4": 1.2182400672313531, "i5": -0.39360770313902055, "i6": 0.27077893176185464, "i7": 1.2235150666564913, "r0": 2.7939193434478553, "r1": 0.31048655606553877, "r2": -1.9806809182057545, "r3": 0.7747818078494255, "r4": 1.0425471329615144, "r5": -0.06440827749483302, "r6": 0.5343839038632756, "r7": 0.9140567534851838}, "datetime": {"datetime": "2020-01-18 07:27:00", "elapsed": 38406.671798, "delta": 30.711635}}
{"target": 10.85, "params": {"d0": 1.087970871961053, "d1": -0.13856942215110202, "d2": 1.1761908089365443, "g0": 4.692241865365149, "g1": 0.5608914139792694, "g2": -6.7609897474491945, "g3": 1.4988971171549395, "g4": 1.2352724848083585, "g5": 0.3282626990801767, "g6": 0.008359034805140997, "g7": 1.2334643517818935, "i0": 1.3598318461869012, "i1": 0.9756240643604324, "i2": -6.0842505545046075, "i3": 0.9948778594316323, "i4": 0.9800238878394538, "i5": 0.17722804121850066, "i6": -0.18657559182704958, "i7": 1.5160878760410168, "r0": 0.07138980979388365, "r1": 0.0973749634961334, "r2": -5.285992620734538, "r3": 1.4832395769116087, "r4": 0.9468317098860819, "r5": 0.4853672703009966, "r6": 0.39741813229378453, "r7": 1.742013533080149}, "datetime": {"datetime": "2020-01-18 07:27:29", "elapsed": 38435.976864, "delta": 29.305066}}
{"target": 11.05, "params": {"d0": 4.117875098722937, "d1": -6.689689472993835, "d2": 1.0709875452355093, "g0": 2.517072752557283, "g1": 0.5407960317783331, "g2": -1.1664507579856522, "g3": 0.8126629552562354, "g4": 1.0029916555295335, "g5": 0.6986122015598191, "g6": 0.9388498520649218, "g7": 1.8502473194921647, "i0": 3.7591278077387207, "i1": 0.3812395041160489, "i2": -6.976411946353258, "i3": 0.9607675149469683, "i4": 1.1447069888390995, "i5": 0.7423744498786096, "i6": -0.2660236698507071, "i7": 1.981968347276029, "r0": 0.4060585021153018, "r1": 0.039611995826464685, "r2": -7.607204723881988, "r3": 1.0397763190761706, "r4": 1.0143654702148304, "r5": -0.47835593631033135, "r6": -0.43159873703157886, "r7": 1.7095403537619247}, "datetime": {"datetime": "2020-01-18 07:28:02", "elapsed": 38468.855789, "delta": 32.878925}}
{"target": 12.15, "params": {"d0": 2.6472170830000765, "d1": -2.930218030675203, "d2": 1.307636566416357, "g0": 2.1581395309351503, "g1": 0.7662893301950464, "g2": -3.6923422456673007, "g3": 1.2971892830367642, "g4": 0.8102227778221108, "g5": -0.7855526261917444, "g6": 0.49436638271951394, "g7": 1.695090953124427, "i0": 1.1784275622753781, "i1": 0.44149619660843, "i2": -9.052342858675955, "i3": 0.8867612542434844, "i4": 1.0833719677608054, "i5": 0.16136898574765968, "i6": 0.22425607163999428, "i7": 1.0914402392308002, "r0": 1.0747580286593812, "r1": 0.7385222910294081, "r2": -4.306887898269079, "r3": 1.029547344976733, "r4": 0.9417066486917007, "r5": 0.6999093571860557, "r6": 0.5934761775362674, "r7": 0.9941813694781706}, "datetime": {"datetime": "2020-01-18 07:28:41", "elapsed": 38507.639193, "delta": 38.783404}}
{"target": 17.05, "params": {"d0": 2.9629833808703365, "d1": -3.9632987198489946, "d2": 0.9445497876816706, "g0": 3.2965958054734794, "g1": 0.966093113484163, "g2": -2.454961742341548, "g3": 1.3626352961581918, "g4": 0.8091197104451406, "g5": -0.4362215601656903, "g6": 0.19630527221063043, "g7": 0.9455466047657949, "i0": 0.9827630423640576, "i1": 0.3552173295866613, "i2": -1.3103454146975064, "i3": 1.363826846115081, "i4": 0.976567589588542, "i5": 0.366352314817052, "i6": 0.673631384813774, "i7": 1.9538209296890279, "r0": 0.9650826600797696, "r1": 0.6475013274903214, "r2": -7.899960288604827, "r3": 0.9284560875668603, "r4": 0.9866985863578501, "r5": -0.1516282914468643, "r6": 0.9780839548448124, "r7": 1.2634265324749974}, "datetime": {"datetime": "2020-01-18 07:29:13", "elapsed": 38539.816835, "delta": 32.177642}}
{"target": 17.35, "params": {"d0": 3.1623091950489246, "d1": -7.618357386834047, "d2": 1.1672303343542858, "g0": 4.604997859543621, "g1": 0.43577426204263237, "g2": -9.978330178891717, "g3": 0.7824204724860722, "g4": 1.0500098372063693, "g5": -0.016915916050694202, "g6": -0.15997663708694115, "g7": 0.9431269125098309, "i0": 1.2097077560694325, "i1": 0.7461337966802742, "i2": -0.6860990889831786, "i3": 0.7537953096555268, "i4": 1.2412597545379624, "i5": -0.14026604568223067, "i6": 0.07837267755379362, "i7": 1.3623356362745638, "r0": 0.5074181582925485, "r1": 0.26185005872493106, "r2": -3.123016523819185, "r3": 1.211852911695689, "r4": 0.9298763916312441, "r5": -0.05433387669815648, "r6": 0.25769963435389676, "r7": 1.9573843683705245}, "datetime": {"datetime": "2020-01-18 07:29:46", "elapsed": 38572.394071, "delta": 32.577236}}
{"target": 10.25, "params": {"d0": 0.7455007942595299, "d1": -6.107249901616649, "d2": 0.9032578115504182, "g0": 2.325858831076868, "g1": 0.05063091819665211, "g2": -5.1734805179700105, "g3": 1.1637598963624771, "g4": 1.1039555845296534, "g5": -0.017898674173777884, "g6": 0.8879118301264508, "g7": 1.4786321927948691, "i0": 2.9575517571742758, "i1": 0.5420246600599552, "i2": -3.280627398062056, "i3": 1.3657971422149742, "i4": 1.1573863425840778, "i5": -0.29155714016979695, "i6": 0.7255450743692688, "i7": 1.8608978605520043, "r0": 2.5504055954104086, "r1": 0.5207964727260352, "r2": -8.569979183535605, "r3": 0.8589909161726403, "r4": 0.8777133899061601, "r5": 0.38933196527693514, "r6": -0.404904890482413, "r7": 1.3553957721931498}, "datetime": {"datetime": "2020-01-18 07:30:23", "elapsed": 38609.926744, "delta": 37.532673}}
{"target": 10.8, "params": {"d0": 1.3452349681824942, "d1": -1.169169875706281, "d2": 1.1671548787382333, "g0": 0.7270456768977679, "g1": 0.47297693357195636, "g2": -3.891177549278204, "g3": 1.1099828933779603, "g4": 0.9609668402538638, "g5": 0.033555372617047885, "g6": -0.33208580042584185, "g7": 1.2850684649644863, "i0": 4.838328887886967, "i1": 0.24279684179803895, "i2": -8.542080004996937, "i3": 1.4747121561674486, "i4": 0.8983175792283478, "i5": -0.5939942012210683, "i6": -0.26447373216574055, "i7": 1.2453028774146058, "r0": 4.602806835936746, "r1": 0.18160915048815984, "r2": -7.102110880998758, "r3": 1.0418825259190307, "r4": 1.2846530475547278, "r5": 0.6874239826244277, "r6": 0.7447116064652373, "r7": 1.2683328562864131}, "datetime": {"datetime": "2020-01-18 07:30:48", "elapsed": 38634.300352, "delta": 24.373608}}
{"target": 18.65, "params": {"d0": 3.862240395729758, "d1": -2.4400071651330046, "d2": 0.7254614171572097, "g0": 1.5295118957982767, "g1": 0.748131377312023, "g2": -2.047555353974003, "g3": 0.8847570326562462, "g4": 1.2779892939192592, "g5": -0.3622147498602264, "g6": 0.057688217796752816, "g7": 1.9840875562710893, "i0": 3.730976075708667, "i1": 0.8870089083851511, "i2": -6.090109044321775, "i3": 0.867439315377442, "i4": 1.1724447057479144, "i5": -0.02752685535071131, "i6": 0.0001943385473850423, "i7": 1.9295945996474941, "r0": 1.6131519543887585, "r1": 0.19945194288371382, "r2": -7.830979599545231, "r3": 1.470028981969616, "r4": 1.2911836579860498, "r5": 0.4772838581654024, "r6": 0.8542641423243995, "r7": 1.1134186048752257}, "datetime": {"datetime": "2020-01-18 07:31:18", "elapsed": 38665.065939, "delta": 30.765587}}
{"target": 15.45, "params": {"d0": 1.901875458572853, "d1": -2.261096443217273, "d2": 0.9438050474304189, "g0": 0.8131803660114412, "g1": 0.9630986225625476, "g2": -0.7767329081531464, "g3": 1.005017184424381, "g4": 1.1644032533741318, "g5": -0.48673150234281765, "g6": 0.913464982139053, "g7": 1.9953986791115486, "i0": 1.0428584751204961, "i1": 0.544659347759994, "i2": -4.0481212918396805, "i3": 1.4776553721146266, "i4": 1.0048547576427913, "i5": 0.7759607597122498, "i6": 0.03027322129191723, "i7": 1.0830608065875336, "r0": 0.13599769852545407, "r1": 0.589342186957223, "r2": -4.340087597600416, "r3": 1.1056570186910446, "r4": 0.844149869564673, "r5": -0.4969580673641037, "r6": -0.30937263500846607, "r7": 1.3852830701732168}, "datetime": {"datetime": "2020-01-18 07:31:49", "elapsed": 38695.861491, "delta": 30.795552}}
{"target": 10.3, "params": {"d0": 4.462604921496805, "d1": -4.883772619683574, "d2": 0.7556673469269563, "g0": 2.730058534608424, "g1": 0.6018291865864084, "g2": -2.136044962196526, "g3": 1.1327531026963242, "g4": 1.117947500029787, "g5": -0.6896558320354391, "g6": -0.24801895717051364, "g7": 1.1712547635333657, "i0": 0.6714668450669886, "i1": 0.3784490135318812, "i2": -6.693938392063732, "i3": 0.9616546685783396, "i4": 1.1599615863040693, "i5": -0.6893355844507676, "i6": -0.2346480167211461, "i7": 1.3692867825883284, "r0": 1.4115313499297943, "r1": 0.916712024121383, "r2": -9.910166116724636, "r3": 1.2217894492226682, "r4": 1.00322972973533, "r5": 0.7070443162846256, "r6": -0.37633966799908297, "r7": 1.553778546807231}, "datetime": {"datetime": "2020-01-18 07:32:15", "elapsed": 38721.766537, "delta": 25.905046}}
{"target": 14.3, "params": {"d0": 1.1231339644086629, "d1": -0.2924893177630512, "d2": 1.194173616640684, "g0": 2.1745200869525627, "g1": 0.3562804177408475, "g2": -6.005754666021824, "g3": 0.9404768638756557, "g4": 1.2779653894966034, "g5": -0.1725743566805793, "g6": 0.33519288759129284, "g7": 1.8901832172398736, "i0": 4.654420680539211, "i1": 0.2605455665320622, "i2": -1.9734818341232394, "i3": 0.7065987425414693, "i4": 1.1444595911361837, "i5": -0.723692996705276, "i6": -0.2899138072487941, "i7": 1.4471323924381512, "r0": 4.261743036597822, "r1": 0.04233235120128487, "r2": -4.226291822894774, "r3": 0.7909166948467474, "r4": 1.0784071026571733, "r5": 0.26845009775586837, "r6": -0.016461838343663826, "r7": 1.3243108703991717}, "datetime": {"datetime": "2020-01-18 07:32:49", "elapsed": 38756.221854, "delta": 34.455317}}
