{"target": 18.65, "params": {"d0": 4.072777194088172, "d1": -4.895332109335053, "d2": 1.0535767243720648, "g0": 0.6744575981338008, "g1": 0.6348756230014909, "g2": -6.476901389881813, "g3": 1.2461670924450572, "g4": 1.1812285477481748, "g5": -0.7892035019381725, "g6": -0.11141066928189997, "g7": 1.6457055791472885, "i0": 1.6804993532864576, "i1": 0.7501253790327278, "i2": -4.430217314105186, "i3": 1.3865922198115768, "i4": 1.0852909957892558, "i5": 0.6230387662476431, "i6": -0.1587821378055339, "i7": 1.7733778899788257, "r0": 0.1697330834857047, "r1": 0.07726726570806397, "r2": -6.0409750476686055, "r3": 0.8486133609843246, "r4": 1.272096674845792, "r5": 0.44749358175700604, "r6": 0.6154983655741826, "r7": 1.4411975826328542}, "datetime": {"datetime": "2020-01-17 23:48:20", "elapsed": 10886.409338, "delta": 63.385273}}
{"target": 15.3, "params": {"d0": 2.450242837902383, "d1": -4.188893343642181, "d2": 1.1773010940914166, "g0": 4.490131859652526, "g1": 0.1208346840538369, "g2": -4.903858845628504, "g3": 1.4964176211006552, "g4": 1.040714758254639, "g5": 0.5405004062447352, "g6": 0.4054831777152279, "g7": 1.6308124384199094, "i0": 1.3623069608035143, "i1": 0.8309332483397108, "i2": -7.555337071981177, "i3": 1.2386899515198824, "i4": 0.8440650341560515, "i5": -0.7698367259913687, "i6": 0.2085193190135739, "i7": 1.932894643502813, "r0": 1.627874097199159, "r1": 0.32215301870112867, "r2": -9.479692762095329, "r3": 1.2402284851968797, "r4": 1.1608703305965233, "r5": 0.6459484007467557, "r6": 0.15572291682597694, "r7": 1.0204683283510663}, "datetime": {"datetime": "2020-01-17 23:49:22", "elapsed": 10948.912513, "delta": 62.503175}}
{"target": 9.5, "params": {"d0": 0.18803528997400232, "d1": -1.1923109351486634, "d2": 1.2218045149142291, "g0": 4.577483834718069, "g1": 0.8805969019319019, "g2": -5.297594004713017, "g3": 1.2362723199216898, "g4": 1.1725329455048796, "g5": -0.1244605546761669, "g6": -0.2691230515222468, "g7": 1.2124908766856386, "i0": 2.7423856806035567, "i1": 0.25573586359346434, "i2": -1.082652033934746, "i3": 1.1646002910776876, "i4": 1.1593368051336281, "i5": 0.5792496910269367, "i6": 0.8448442308154505, "i7": 1.9533701677705282, "r0": 3.1375417504985554, "r1": 0.9989805744142508, "r2": -2.094926218248709, "r3": 0.9166592955135265, "r4": 1.295275264788417, "r5": 0.482408981610577, "r6": -0.12032774988057277, "r7": 0.9350869889249849}, "datetime": {"datetime": "2020-01-17 23:50:43", "elapsed": 11030.110597, "delta": 81.198084}}
{"target": 19.55, "params": {"d0": 4.764048975867162, "d1": -4.431679928691771, "d2": 1.1421679383836125, "g0": 0.23688912118021155, "g1": 0.639038320593837, "g2": -4.998963281853145, "g3": 1.3434359640673916, "g4": 0.834774858570142, "g5": 0.10068957445216109, "g6": 0.11302019559887899, "g7": 1.5069455684195863, "i0": 1.7923172356377282, "i1": 0.9993753698405826, "i2": -5.496761542839156, "i3": 0.9766589672146511, "i4": 0.8948628065521322, "i5": 0.6776442810278833, "i6": -0.3435588505857084, "i7": 1.3843781212853672, "r0": 3.4310027320981873, "r1": 0.14240555129161414, "r2": -0.6850382552628886, "r3": 0.7470999164730098, "r4": 0.9090498089640646, "r5": -0.67648754054417, "r6": 0.11726782593637564, "r7": 1.5569844228424987}, "datetime": {"datetime": "2020-01-17 23:51:49", "elapsed": 11096.046266, "delta": 65.935669}}
{"target": 12.45, "params": {"d0": 3.6557088871561705, "d1": -1.2156672771367294, "d2": 0.9825987326366978, "g0": 3.51231368682107, "g1": 0.04861637470141, "g2": -1.8073815557417827, "g3": 0.9546205127679879, "g4": 0.9108211728036428, "g5": -0.2223417098859708, "g6": -0.32889510921738896, "g7": 1.2230756048786116, "i0": 0.043945248881830934, "i1": 0.25326369594759957, "i2": -1.6228721872383183, "i3": 1.3462048217937865, "i4": 0.9912838292124906, "i5": -0.11091245727691934, "i6": -0.22611887954594395, "i7": 1.2485615486421526, "r0": 2.086842303794864, "r1": 0.06646837015587692, "r2": -6.6211259399296996, "r3": 1.0965370295441752, "r4": 0.8033606629272437, "r5": -0.0990796826942475, "r6": -0.17196636155349154, "r7": 1.1347388323667225}, "datetime": {"datetime": "2020-01-17 23:52:56", "elapsed": 11162.723176, "delta": 66.67691}}
{"target": 10.15, "params": {"d0": 1.246194725171042, "d1": -8.716742715487946, "d2": 1.4558506310959465, "g0": 0.8453736217900765, "g1": 0.5676125416968016, "g2": -8.284926012740874, "g3": 0.9087343671689515, "g4": 1.1383875273037538, "g5": 0.005225100751685474, "g6": -0.2640681765716936, "g7": 0.9907574013258894, "i0": 4.409469566600271, "i1": 0.2418912053955492, "i2": -0.41026424523331073, "i3": 1.4138912795643996, "i4": 0.8799888143049975, "i5": 0.0059288187026455, "i6": -0.32161944346819116, "i7": 1.0219218874281157, "r0": 3.481478866643426, "r1": 0.27155050313425877, "r2": -0.33611818427911544, "r3": 1.3713967444597477, "r4": 0.8462601128785192, "r5": -0.17510822801720294, "r6": -0.3136739929119964, "r7": 1.5109314625777994}, "datetime": {"datetime": "2020-01-17 23:53:50", "elapsed": 11216.398865, "delta": 53.675689}}
{"target": 13.85, "params": {"d0": 0.8105250821351495, "d1": -1.6823302320728324, "d2": 0.9061558774979921, "g0": 2.552832785710348, "g1": 0.7824537971484655, "g2": -4.6166114025640415, "g3": 1.1230587359117365, "g4": 1.227420045262492, "g5": -0.4078393386484116, "g6": -0.3093500279599299, "g7": 1.5162691931403152, "i0": 0.6418995619671763, "i1": 0.3311574390237316, "i2": -6.735601717952537, "i3": 1.4584356043963478, "i4": 0.9879571461967928, "i5": -0.04942314124476488, "i6": 0.9210133801890408, "i7": 1.8112184242144955, "r0": 3.3599996792091344, "r1": 0.26731128651915315, "r2": -8.667351047000727, "r3": 0.9671701564592776, "r4": 0.8799100506577189, "r5": 0.73664003555223, "r6": -0.19859346091096663, "r7": 1.2417336836363566}, "datetime": {"datetime": "2020-01-17 23:55:03", "elapsed": 11289.68253, "delta": 73.283665}}
{"target": 16.5, "params": {"d0": 3.3071000333826053, "d1": -5.623774293721563, "d2": 1.1718654744026538, "g0": 4.244230508931631, "g1": 0.5881481084248034, "g2": -5.030219004409292, "g3": 1.3684621134016672, "g4": 1.1989829078638152, "g5": 0.769857080152766, "g6": 0.9229090865275946, "g7": 1.9089079385243908, "i0": 2.4741252676737395, "i1": 0.7371524448761455, "i2": -3.994785285901676, "i3": 1.2903994936588805, "i4": 0.9878804141990722, "i5": 0.6577707255181218, "i6": 0.8084628912680876, "i7": 1.6751322707816976, "r0": 1.3061435518110465, "r1": 0.5010693963443037, "r2": -7.822942483294519, "r3": 0.7820160356425818, "r4": 1.0889805411453524, "r5": -0.0326465164587475, "r6": -0.1287623080998737, "r7": 1.3913436130167014}, "datetime": {"datetime": "2020-01-17 23:55:59", "elapsed": 11345.370163, "delta": 55.687633}}
{"target": 12.85, "params": {"d0": 0.6919658415382096, "d1": -4.771976205127069, "d2": 1.4762974230823, "g0": 4.118910986940396, "g1": 0.004439625330994401, "g2": -9.083804906464465, "g3": 0.7204605513233928, "g4": 0.9542135095019304, "g5": 0.7690287519009114, "g6": 0.19060564258696, "g7": 1.350719804977512, "i0": 2.0410946319305583, "i1": 0.824814350421039, "i2": -4.182949943656014, "i3": 0.7954814627741631, "i4": 1.0223666769114663, "i5": -0.5657527797399408, "i6": 0.4991091095338278, "i7": 1.034606236463442, "r0": 0.4334450378183319, "r1": 0.7033608216853323, "r2": -5.887416097428057, "r3": 1.4968886304517772, "r4": 1.067024577552046, "r5": 0.4464233154354398, "r6": 0.8029437860437421, "r7": 1.7786221317603068}, "datetime": {"datetime": "2020-01-17 23:57:17", "elapsed": 11423.566313, "delta": 78.19615}}
{"target": 10.2, "params": {"d0": 1.0704343265501093, "d1": -3.1963244645210684, "d2": 0.7036995587422532, "g0": 3.978993390751145, "g1": 0.2158326108617924, "g2": -0.13277149561937662, "g3": 1.455316852743331, "g4": 1.092558116058043, "g5": -0.543251702060745, "g6": 0.5551025739588211, "g7": 1.3591991310834892, "i0": 2.33384464859731, "i1": 0.30496833276821944, "i2": -1.3083458511877826, "i3": 1.0755360208973799, "i4": 1.2030787201061337, "i5": 0.4908789185827709, "i6": 0.3355396138233795, "i7": 1.3247403080197917, "r0": 3.4353319480024553, "r1": 0.6809033750669338, "r2": -8.180572449702696, "r3": 1.3113208521148967, "r4": 0.8825882740945379, "r5": -0.2814282293441288, "r6": 0.8053163111955453, "r7": 1.5288348662872169}, "datetime": {"datetime": "2020-01-17 23:58:18", "elapsed": 11484.44065, "delta": 60.874337}}
{"target": 10.6, "params": {"d0": 1.2829959685483705, "d1": -0.7607559840422145, "d2": 1.2284619444616363, "g0": 2.772552667295555, "g1": 0.9933203936983181, "g2": -1.5444666930888964, "g3": 1.2417542435468554, "g4": 0.8408652639544083, "g5": -0.21688676940903917, "g6": 0.2532525653515718, "g7": 1.5794210630769476, "i0": 3.1993904650002642, "i1": 0.7251148460271837, "i2": -0.8976112878699745, "i3": 1.154621669844983, "i4": 1.2901344660178944, "i5": -0.6188831445390701, "i6": 0.19851842297737088, "i7": 1.011839884141281, "r0": 3.7122498701729114, "r1": 0.8068256185891004, "r2": -4.768431059395742, "r3": 1.0460249703121498, "r4": 0.8334974696390501, "r5": 0.1033805230735807, "r6": -0.11775838658425802, "r7": 0.9905650565478112}, "datetime": {"datetime": "2020-01-17 23:59:32", "elapsed": 11558.372652, "delta": 73.932002}}
{"target": 11.25, "params": {"d0": 3.6685466599275838, "d1": -2.5655705779210827, "d2": 0.9968640712609524, "g0": 0.9223726692241985, "g1": 0.5128894563732117, "g2": -9.06543627333014, "g3": 1.3227534882185474, "g4": 1.0379771501211268, "g5": 0.737540918196395, "g6": -0.3364693428692835, "g7": 1.667755554322563, "i0": 4.017807960950513, "i1": 0.7268736210115069, "i2": -5.385456377368728, "i3": 1.136888017111117, "i4": 1.1075943388673384, "i5": -0.7054313016391097, "i6": 0.9935095885889387, "i7": 1.1803983794242736, "r0": 3.2170369397248106, "r1": 0.12643310338754843, "r2": -8.321367620126185, "r3": 1.0928838940467362, "r4": 0.9442503664844593, "r5": 0.006784253506218141, "r6": -0.3467279327340728, "r7": 1.3612244580153754}, "datetime": {"datetime": "2020-01-18 00:00:27", "elapsed": 11614.110235, "delta": 55.737583}}
{"target": 15.8, "params": {"d0": 1.3430078334201108, "d1": -4.1809776101823735, "d2": 0.8373644110771851, "g0": 4.81160866214935, "g1": 0.5442115189990564, "g2": -2.9804772593669657, "g3": 1.4458929850622961, "g4": 0.9726838838289832, "g5": 0.025146791422648307, "g6": 0.6798870342469236, "g7": 0.9763510889791148, "i0": 3.7661068491724397, "i1": 0.11747942072601436, "i2": -6.10869945394752, "i3": 1.2575942951065602, "i4": 0.8299359129918932, "i5": 0.263972574354735, "i6": 0.957871533399989, "i7": 1.1743622538662941, "r0": 1.2956871529991476, "r1": 0.08723097219298093, "r2": -9.069752357892538, "r3": 0.9515242710738496, "r4": 1.2162655426847924, "r5": 0.01987160745426375, "r6": 0.07846058974977455, "r7": 1.100754727859849}, "datetime": {"datetime": "2020-01-18 00:01:33", "elapsed": 11679.853601, "delta": 65.743366}}
{"target": 14.35, "params": {"d0": 4.880088279102972, "d1": -2.585620850718229, "d2": 0.9721309398286127, "g0": 4.611671402389844, "g1": 0.5863308787806376, "g2": -7.3480246811773835, "g3": 1.085253120884818, "g4": 1.0171929713182781, "g5": -0.3159987481613129, "g6": 0.4851430999812584, "g7": 1.7714133546128243, "i0": 1.7663200798475776, "i1": 0.4378739839332991, "i2": -0.36963941704418346, "i3": 0.9076103705643744, "i4": 1.159630214190762, "i5": 0.561820671014132, "i6": 0.6127492064352675, "i7": 1.138208400333615, "r0": 2.1765375366072863, "r1": 0.608759797394744, "r2": -4.084434066816222, "r3": 1.461508484612036, "r4": 0.9792016642753141, "r5": 0.05086930910457377, "r6": 0.09756613165411654, "r7": 1.5762022379646097}, "datetime": {"datetime": "2020-01-18 00:02:29", "elapsed": 11735.624149, "delta": 55.770548}}
{"target": 13.35, "params": {"d0": 2.3242305997751034, "d1": -0.4451350137939212, "d2": 1.2667896270410512, "g0": 2.4942423033411085, "g1": 0.4929084277682805, "g2": -7.515033584776796, "g3": 0.8723090621550084, "g4": 0.991929860260274, "g5": -0.3689331893900679, "g6": -0.052542227040566714, "g7": 1.1364723431766985, "i0": 2.1535770192237536, "i1": 0.2373489284617889, "i2": -5.709517658804051, "i3": 1.29058286630117, "i4": 0.8951561527454176, "i5": 0.7687668527738498, "i6": -0.12358996812604395, "i7": 1.0011204663849418, "r0": 3.311019712392963, "r1": 0.12413567667096437, "r2": -5.414555903516259, "r3": 1.143928562559201, "r4": 1.256108975732525, "r5": 0.5452494569894124, "r6": 0.21471075330250278, "r7": 1.8686598098375813}, "datetime": {"datetime": "2020-01-18 00:03:28", "elapsed": 11794.784736, "delta": 59.160587}}
{"target": 7.7, "params": {"d0": 4.0676554772944975, "d1": -8.053613657589052, "d2": 1.2379592289530779, "g0": 3.596136326561568, "g1": 0.6525726553314586, "g2": -5.943427042420289, "g3": 0.734888333510524, "g4": 0.9894965930592876, "g5": -0.7469420627122555, "g6": -0.1336946794085891, "g7": 1.8270620989534074, "i0": 2.3735734996220237, "i1": 0.19554106526320536, "i2": -0.6656118103626163, "i3": 0.840675147593393, "i4": 1.155094798726905, "i5": -0.3965469617000178, "i6": -0.31136747886247934, "i7": 1.3658733147181354, "r0": 1.5343730731113092, "r1": 0.5562350151288734, "r2": -9.943044215696299, "r3": 1.0214992762649406, "r4": 0.9621869619124975, "r5": -0.4657954925334828, "r6": 0.6470451912171269, "r7": 1.137300089234752}, "datetime": {"datetime": "2020-01-18 00:04:19", "elapsed": 11845.796644, "delta": 51.011908}}
{"target": 11.85, "params": {"d0": 1.8361431961913315, "d1": -9.385381855729218, "d2": 1.3392589721100148, "g0": 4.288815908148923, "g1": 0.9790031222775691, "g2": -0.4935672632312187, "g3": 1.0896716761442837, "g4": 0.9481570446446893, "g5": 0.31066460123371953, "g6": 0.5869089241127963, "g7": 1.8551905985437895, "i0": 1.0316097026994324, "i1": 0.3989536713107381, "i2": -2.111566906327436, "i3": 0.8781497074042786, "i4": 1.0410904792971518, "i5": 0.44954478820424315, "i6": 0.4069896459073956, "i7": 1.11894529612638, "r0": 2.461700770828548, "r1": 0.9802745280255777, "r2": -8.080836379857532, "r3": 0.8941660372998519, "r4": 1.0077274877170868, "r5": 0.47206902754434665, "r6": 0.7898846365604033, "r7": 1.7456634171319247}, "datetime": {"datetime": "2020-01-18 00:05:15", "elapsed": 11901.98227, "delta": 56.185626}}
{"target": 15.1, "params": {"d0": 2.1132900907291816, "d1": -7.374067913930301, "d2": 1.1728871461262003, "g0": 2.7816332814069025, "g1": 0.32301877700822623, "g2": -7.551959672392744, "g3": 1.2033364199733088, "g4": 0.9807200336845044, "g5": -0.08550237041150144, "g6": 0.13553383511529304, "g7": 1.5654803888613498, "i0": 0.3355833655214868, "i1": 0.46478363797514943, "i2": -0.6368225393889215, "i3": 0.8184671905376882, "i4": 1.2407946725677779, "i5": -0.48225435861253935, "i6": 0.22424256366921635, "i7": 1.4400640759247407, "r0": 1.174000939857116, "r1": 0.5965834477429593, "r2": -1.629407763179584, "r3": 0.8942170270454921, "r4": 1.0528628721010733, "r5": -0.05056850808555624, "r6": 0.7073528925331412, "r7": 1.4340123253430102}, "datetime": {"datetime": "2020-01-18 00:06:11", "elapsed": 11957.963603, "delta": 55.981333}}
{"target": 6.35, "params": {"d0": 0.23997017325351644, "d1": -7.010917004884341, "d2": 1.2773070690460244, "g0": 2.7038127355143966, "g1": 0.7130121528403818, "g2": -1.0957484812822464, "g3": 0.7295581178217188, "g4": 0.880787144613633, "g5": -0.47010842631281097, "g6": 0.32228829447875884, "g7": 1.656247044888214, "i0": 1.7116584913108017, "i1": 0.8698021145244875, "i2": -1.2080230067049111, "i3": 0.8520974626363457, "i4": 1.0659131557959114, "i5": 0.7832514823797598, "i6": -0.4136411406137569, "i7": 0.9917738852306323, "r0": 2.0881465552525205, "r1": 0.8546124779088331, "r2": -6.0141098408001366, "r3": 0.7079590936767817, "r4": 1.122771100699219, "r5": -0.32991447016258013, "r6": -0.27510431338653907, "r7": 1.0185636920856929}, "datetime": {"datetime": "2020-01-18 00:07:37", "elapsed": 12043.367392, "delta": 85.403789}}
{"target": 6.6, "params": {"d0": 4.344491599212789, "d1": -9.967347544743914, "d2": 1.1148691916184932, "g0": 2.7541043757538914, "g1": 0.1159499092801618, "g2": -7.999589052790629, "g3": 1.3897777705157728, "g4": 0.8584860737592477, "g5": 0.5195258251658841, "g6": -0.21036602312878155, "g7": 1.99510042814381, "i0": 2.357058388481449, "i1": 0.5472709628357165, "i2": -9.177261077099594, "i3": 0.7410346081394203, "i4": 0.903712240443432, "i5": -0.5427377392387158, "i6": 0.17659622936739994, "i7": 1.5929428254032412, "r0": 3.6316471037694145, "r1": 0.45604890526821484, "r2": -6.230696744713305, "r3": 0.7515316444719954, "r4": 1.069168486913847, "r5": -0.07834133862171255, "r6": 0.10353637127592608, "r7": 0.9812208336138214}, "datetime": {"datetime": "2020-01-18 00:08:23", "elapsed": 12090.06122, "delta": 46.693828}}
{"target": 11.95, "params": {"d0": 0.9690763886588871, "d1": -3.9156815643740437, "d2": 1.4320673635854964, "g0": 3.157596875792048, "g1": 0.5776757092668451, "g2": -6.576198951324929, "g3": 0.8083776748354268, "g4": 1.0541935260357524, "g5": 0.23402301841605455, "g6": 0.9512740768325862, "g7": 1.738148030660605, "i0": 0.9149919233275777, "i1": 0.239661038667916, "i2": -0.4299484069288315, "i3": 1.3063995460411186, "i4": 0.8964601249326019, "i5": 0.3231224409785747, "i6": 0.7502118647428333, "i7": 1.3798755414021717, "r0": 0.04738364168336451, "r1": 0.6681102630115944, "r2": -9.302646268180878, "r3": 0.8902422668138842, "r4": 0.8485154832970805, "r5": 0.5927485583330583, "r6": 0.7510565287362225, "r7": 1.1586768739037487}, "datetime": {"datetime": "2020-01-18 00:09:22", "elapsed": 12149.278739, "delta": 59.217519}}
{"target": 9.0, "params": {"d0": 3.7719157271367343, "d1": -4.916365085162894, "d2": 1.036924099071718, "g0": 1.0936022935486207, "g1": 0.22165770944842889, "g2": -9.091977581002297, "g3": 0.899053811555528, "g4": 1.094825520359172, "g5": 0.6115436034560533, "g6": -0.26742813937927734, "g7": 1.1880671424575144, "i0": 3.1678944495722132, "i1": 0.1011961778485243, "i2": -4.846563373690451, "i3": 1.0574830719137969, "i4": 0.8252172126849447, "i5": 0.42524142274820287, "i6": -0.35720725287719557, "i7": 1.2722074525589901, "r0": 2.894826904844621, "r1": 0.8508533185750283, "r2": -7.391459404296604, "r3": 1.3482254301536682, "r4": 1.0183323423800932, "r5": 0.5241881755027231, "r6": 0.8823882098201106, "r7": 1.382024805739953}, "datetime": {"datetime": "2020-01-18 00:10:00", "elapsed": 12186.296938, "delta": 37.018199}}
{"target": 11.2, "params": {"d0": 1.310286361003337, "d1": -5.385587285586574, "d2": 0.7758495729040665, "g0": 3.2938887480084746, "g1": 0.6323467659345259, "g2": -5.032001237118889, "g3": 1.0761244665679452, "g4": 0.8642532786900519, "g5": -0.26497847426288457, "g6": -0.09710561507332155, "g7": 1.4893906506839487, "i0": 2.0990396764591104, "i1": 0.8360325144622136, "i2": -2.9879210387199286, "i3": 1.0967187406312267, "i4": 1.099760434438573, "i5": -0.16525242625085101, "i6": -0.1738249087880558, "i7": 1.7164620625787759, "r0": 4.613189810038076, "r1": 0.2612865849662258, "r2": -3.6770828382578946, "r3": 1.2676627284496305, "r4": 1.1685402137367287, "r5": -0.3676485577746837, "r6": -0.34648450897895633, "r7": 1.6904112674925726}, "datetime": {"datetime": "2020-01-18 00:10:42", "elapsed": 12228.601932, "delta": 42.304994}}
{"target": 12.75, "params": {"d0": 2.215972660477466, "d1": -3.172957677638726, "d2": 0.74674332675921, "g0": 3.271413341758842, "g1": 0.28837762708030035, "g2": -1.2215387687617998, "g3": 0.8322398185902287, "g4": 1.022784699705564, "g5": 0.7506457997927549, "g6": -0.37080788780092616, "g7": 1.3405099916447876, "i0": 1.4272930280683949, "i1": 0.08267884225462441, "i2": -2.9022709681275005, "i3": 1.1499525237466002, "i4": 1.2940212909811597, "i5": -0.4358253026021398, "i6": -0.3430065529539103, "i7": 1.4168977010009125, "r0": 3.6263056817744483, "r1": 0.20311831652007328, "r2": -8.065500436806824, "r3": 0.7131596177284277, "r4": 1.1066881161052364, "r5": 0.13867264702012783, "r6": 0.1902158968564427, "r7": 1.6768223225756538}, "datetime": {"datetime": "2020-01-18 00:11:37", "elapsed": 12283.842523, "delta": 55.240591}}
{"target": 18.9, "params": {"d0": 0.29657370860523113, "d1": -3.35019332292386, "d2": 0.8508101040022125, "g0": 0.6709235945104797, "g1": 0.8948720969657141, "g2": -3.114222112607102, "g3": 1.2078250750208503, "g4": 0.8312155914913311, "g5": -0.6394072914442905, "g6": 0.1272159176323674, "g7": 1.753793339328017, "i0": 0.046303962998561765, "i1": 0.4647392329960919, "i2": -7.997752110998508, "i3": 1.414866546850722, "i4": 1.099142408917668, "i5": 0.30008608952781857, "i6": 0.7113615445757522, "i7": 1.5466855220508529, "r0": 4.237132762191525, "r1": 0.47045690615576596, "r2": -8.2562574556989, "r3": 1.2132389492991569, "r4": 1.2882228721628235, "r5": -0.23961271329792433, "r6": 0.7040617353104528, "r7": 1.6450008720517013}, "datetime": {"datetime": "2020-01-18 00:12:26", "elapsed": 12332.804025, "delta": 48.961502}}
{"target": 12.1, "params": {"d0": 2.602324652706134, "d1": -8.555662183133768, "d2": 1.3710673517874017, "g0": 2.1308747757725266, "g1": 0.7829488655110971, "g2": -4.083688329586156, "g3": 0.9004319222796233, "g4": 0.8867804250972418, "g5": 0.38086946454245707, "g6": -0.331825883503402, "g7": 1.139387057919503, "i0": 4.326528761894707, "i1": 0.9046026812360445, "i2": -9.064872529019082, "i3": 0.7116442556701951, "i4": 0.9520190609106132, "i5": -0.594739456036832, "i6": -0.11443608990325121, "i7": 1.4525664162028935, "r0": 2.8070580049009637, "r1": 0.9805662133474197, "r2": -5.7042467721011185, "r3": 1.2434445339883888, "r4": 1.2447064436581146, "r5": -0.5569747808726784, "r6": -0.3602454863425626, "r7": 1.2264227619948977}, "datetime": {"datetime": "2020-01-18 00:13:17", "elapsed": 12384.195046, "delta": 51.391021}}
