{"target": 16.25, "params": {"d0": 4.995395054148737, "d1": -8.492120095139434, "d2": 1.3497596584075742, "g0": 1.8781895826334738, "g1": 0.025470905676415412, "g2": -3.736357781692221, "g3": 1.170453376178148, "g4": 1.1441260689814354, "g5": -0.45242155039285503, "g6": -0.30982820113154114, "g7": 1.2148189149302755, "i0": 0.8048134466107176, "i1": 0.6437061280135571, "i2": -8.058330193475289, "i3": 1.1631761560892226, "i4": 0.9563177791828179, "i5": -0.6231800365892536, "i6": -0.09700805871812257, "i7": 1.058340283539333, "r0": 1.6836294752566594, "r1": 0.24241652954426285, "r2": -5.838842371028406, "r3": 1.0418429284564852, "r4": 1.0379411953141402, "r5": -0.5832941615625841, "r6": -0.15253913891716436, "r7": 0.9797442024580617}, "datetime": {"datetime": "2020-01-18 09:28:55", "elapsed": 45721.980652, "delta": 29.443932}}
{"target": 17.3, "params": {"d0": 4.415705864846041, "d1": -0.5339074473236369, "d2": 1.462268347468667, "g0": 0.5150568153460894, "g1": 0.6879179922332495, "g2": -3.6309759571235967, "g3": 1.4364611941647702, "g4": 0.946950555170516, "g5": 0.7036514880469635, "g6": 0.315331026671698, "g7": 1.028542436228626, "i0": 2.5108168057688918, "i1": 0.40499457113364035, "i2": -2.328823821736524, "i3": 0.9808055395884103, "i4": 1.165303374196403, "i5": 0.6018371865803038, "i6": 0.7009686751121702, "i7": 1.2706488889957748, "r0": 2.2779001168141715, "r1": 0.07585904032070934, "r2": -9.68178027067823, "r3": 0.9176404440814059, "r4": 1.1618067156417198, "r5": -0.09593329980958898, "r6": -0.2978187252146618, "r7": 1.4928770004898793}, "datetime": {"datetime": "2020-01-18 09:29:29", "elapsed": 45756.016887, "delta": 34.036235}}
{"target": 12.8, "params": {"d0": 3.919230672860219, "d1": -0.8003342962288382, "d2": 1.4425818165337538, "g0": 4.783890859555347, "g1": 0.4967650283609859, "g2": -7.970034096705605, "g3": 0.7946342265194865, "g4": 0.8951292894706333, "g5": 0.08568476815972104, "g6": 0.9373435937174142, "g7": 1.340404008496031, "i0": 0.6014363903170195, "i1": 0.7300921782326899, "i2": -8.688181383995087, "i3": 1.1227034209678428, "i4": 1.1485988383817114, "i5": 0.6885732372399349, "i6": 0.2486447351728367, "i7": 1.8885733099146842, "r0": 3.5820995885762437, "r1": 0.36626243132464054, "r2": -3.1546700016753473, "r3": 1.056249356973091, "r4": 0.9187305645621924, "r5": 0.5901301139965467, "r6": 0.31883851475296976, "r7": 1.6471477022528878}, "datetime": {"datetime": "2020-01-18 09:30:07", "elapsed": 45793.812804, "delta": 37.795917}}
{"target": 13.9, "params": {"d0": 4.810878869120315, "d1": -3.967301831392721, "d2": 1.4068554806269633, "g0": 2.4507337534423397, "g1": 0.17747093336938324, "g2": -0.8357268927046082, "g3": 1.2839743846126612, "g4": 1.2412358313406135, "g5": -0.615063469778347, "g6": 0.38505362356412387, "g7": 1.336599883734965, "i0": 4.637562701733119, "i1": 0.4505672455359859, "i2": -2.366376420865569, "i3": 1.027437741854695, "i4": 1.0543190122293478, "i5": -0.6035802247141766, "i6": 0.7008730226754565, "i7": 1.6981978349072007, "r0": 1.7397490058802383, "r1": 0.8407470645553964, "r2": -4.854345293247546, "r3": 1.3216145581407197, "r4": 1.0973228136510254, "r5": 0.525796197342727, "r6": 0.604615112588424, "r7": 1.5047810280994502}, "datetime": {"datetime": "2020-01-18 09:30:43", "elapsed": 45829.769585, "delta": 35.956781}}
{"target": 10.25, "params": {"d0": 4.707746099694579, "d1": -0.3897946401306829, "d2": 1.1743217814582505, "g0": 0.7250753979873797, "g1": 0.5128452862160424, "g2": -8.632138918049414, "g3": 0.9362117052477094, "g4": 1.2352214979874792, "g5": -0.3345646079454827, "g6": -0.22373101815131374, "g7": 0.9763679493610317, "i0": 0.5212234172936336, "i1": 0.25954931498054223, "i2": -2.0699191916886104, "i3": 0.8461244368913069, "i4": 1.208437044837096, "i5": -0.2525331139869085, "i6": 0.44198589019820955, "i7": 1.1069204510323232, "r0": 0.7734562894813973, "r1": 0.47802477840094626, "r2": -5.733849612924944, "r3": 0.7136088658947185, "r4": 1.2059225216775937, "r5": -0.5496504188876765, "r6": -0.10995267716733198, "r7": 1.326476105133589}, "datetime": {"datetime": "2020-01-18 09:31:06", "elapsed": 45852.834032, "delta": 23.064447}}
{"target": 15.95, "params": {"d0": 1.9366661161613075, "d1": -6.85869859413549, "d2": 1.4361328321313185, "g0": 0.1667920897067604, "g1": 0.7476574434302843, "g2": -3.929176510718407, "g3": 0.7364351956310844, "g4": 1.2267027528307333, "g5": 0.6870852719750662, "g6": -0.14049888393636595, "g7": 1.7685524086899425, "i0": 2.7261371990683942, "i1": 0.10312340676396625, "i2": -9.200620583589508, "i3": 1.1821383381168704, "i4": 1.0258262890135739, "i5": 0.5080922408729756, "i6": 0.8631536470781642, "i7": 1.0610728936964822, "r0": 3.436841580269481, "r1": 0.2906779628807641, "r2": -5.057129112834147, "r3": 1.1209762266851713, "r4": 1.2370103372846266, "r5": -0.14228843404724612, "r6": -0.25331536812992766, "r7": 1.1727155628991293}, "datetime": {"datetime": "2020-01-18 09:31:42", "elapsed": 45889.102493, "delta": 36.268461}}
{"target": 8.5, "params": {"d0": 3.841600831528848, "d1": -8.710829058027562, "d2": 0.8422392462859976, "g0": 4.190642552092944, "g1": 0.8042228685506553, "g2": -1.9202051612615296, "g3": 0.99187428714015, "g4": 0.9886034224972273, "g5": -0.3110483628900202, "g6": 0.5615679973238155, "g7": 0.9489300537085982, "i0": 4.809099897974658, "i1": 0.1302048621048919, "i2": -4.581583074312593, "i3": 1.0872497268659358, "i4": 1.1734068863915397, "i5": -0.29303074953191366, "i6": 0.6716211763254689, "i7": 1.5086424107520995, "r0": 2.485694491217716, "r1": 0.34821940042339217, "r2": -8.628284385669966, "r3": 1.1139198839646172, "r4": 1.2655345072659818, "r5": 0.6028444114040914, "r6": -0.4535836028792519, "r7": 1.108478371757153}, "datetime": {"datetime": "2020-01-18 09:32:11", "elapsed": 45917.860127, "delta": 28.757634}}
{"target": 18.75, "params": {"d0": 4.058375860086168, "d1": -7.617558322863528, "d2": 0.7723938452987791, "g0": 2.3675322849813902, "g1": 0.49536336223361577, "g2": -4.621214309491302, "g3": 1.1268583261337537, "g4": 1.1815661494559904, "g5": 0.18518702001643472, "g6": 0.8415728768896946, "g7": 1.7938659870202773, "i0": 3.5085817770163414, "i1": 0.4816005212833375, "i2": -6.190403654677214, "i3": 1.2629718816215785, "i4": 1.1942264842128043, "i5": 0.42205428024962255, "i6": -0.05394600960347112, "i7": 1.717525351702684, "r0": 0.6592259071961348, "r1": 0.4101082978533872, "r2": -7.034723008154872, "r3": 0.9190478106856538, "r4": 0.9777825942826832, "r5": 0.29282621706809553, "r6": 0.5382229486354879, "r7": 1.8928201269685765}, "datetime": {"datetime": "2020-01-18 09:32:41", "elapsed": 45947.500849, "delta": 29.640722}}
{"target": 11.6, "params": {"d0": 2.504423053192194, "d1": -3.4733065640339973, "d2": 1.2158881674380706, "g0": 4.5421927095038885, "g1": 0.19472412147532236, "g2": -6.751726225618232, "g3": 1.4105039566183257, "g4": 1.1350700938696674, "g5": -0.29936273539622515, "g6": 0.5773562178563223, "g7": 1.0019901348925926, "i0": 1.9912574574569275, "i1": 0.366997966700081, "i2": -2.0683811105997965, "i3": 0.8076065089084334, "i4": 1.2415115343554013, "i5": -0.17827093215570256, "i6": 0.2690017984297214, "i7": 1.971309009610545, "r0": 3.257690964528335, "r1": 0.1806771578139461, "r2": -0.8043965437285117, "r3": 0.9360185257520152, "r4": 0.8939375520695667, "r5": -0.4676667531313758, "r6": 0.8802203941487199, "r7": 1.3351460281563705}, "datetime": {"datetime": "2020-01-18 09:33:13", "elapsed": 45979.558622, "delta": 32.057773}}
{"target": 12.85, "params": {"d0": 0.860518374525886, "d1": -5.922707743956845, "d2": 0.7078347626296505, "g0": 3.1332689733611025, "g1": 0.6185878524018347, "g2": -7.415624024020818, "g3": 1.2332632584530385, "g4": 1.2900572820200562, "g5": -0.7514860512635524, "g6": -0.1015342159439927, "g7": 1.7996235740142947, "i0": 2.989795756638269, "i1": 0.9485567598935519, "i2": -8.794423766901984, "i3": 1.4528719703774367, "i4": 1.2270424790465588, "i5": -0.27404562261077636, "i6": 0.0176512841823091, "i7": 1.6275473784805348, "r0": 3.5358816946584986, "r1": 0.5136795275960936, "r2": -9.881582805850515, "r3": 0.8733774837811273, "r4": 1.0402810589298075, "r5": -0.02323926902773432, "r6": -0.44810898408943595, "r7": 1.4566497863840004}, "datetime": {"datetime": "2020-01-18 09:33:48", "elapsed": 46015.126303, "delta": 35.567681}}
{"target": 16.55, "params": {"d0": 1.9275797390806793, "d1": -5.296428634426908, "d2": 0.9145238433721234, "g0": 2.6676970641400772, "g1": 0.8135123076089196, "g2": -1.459990911926015, "g3": 1.0244634962989476, "g4": 0.9450400157511419, "g5": 0.44803413448354457, "g6": 0.48090668245920476, "g7": 1.3442422026658494, "i0": 2.060896935979187, "i1": 0.8139655337139241, "i2": -4.427880802155583, "i3": 1.0106686702097698, "i4": 1.2177071116240195, "i5": -0.6906922730899139, "i6": -0.1249839544013071, "i7": 1.6126417753015005, "r0": 0.2299132800901077, "r1": 0.6892343885545503, "r2": -7.2950290949826595, "r3": 1.1633988697518638, "r4": 0.9776101047982906, "r5": -0.7790410536137765, "r6": 0.3920782867612016, "r7": 1.139015174342178}, "datetime": {"datetime": "2020-01-18 09:34:22", "elapsed": 46048.725492, "delta": 33.599189}}
{"target": 7.05, "params": {"d0": 3.7708716404426488, "d1": -2.73105201212916, "d2": 1.3918289349202912, "g0": 3.6031065912269704, "g1": 0.820442653203289, "g2": -8.920370974616693, "g3": 1.011792296701142, "g4": 1.2008249703398648, "g5": -0.28363708605286087, "g6": 0.6400037670990313, "g7": 1.1958676940344208, "i0": 2.911792934963259, "i1": 0.2885139366598054, "i2": -3.185494744624541, "i3": 1.1926353693552738, "i4": 0.821628787188348, "i5": 0.2226189485986445, "i6": 0.18672040650795274, "i7": 1.2460167568663485, "r0": 2.35640749829972, "r1": 0.015957263882080963, "r2": -0.6079724135984605, "r3": 0.7849018216699363, "r4": 1.002084851457225, "r5": 0.7489542584878532, "r6": 0.8576831084026706, "r7": 1.8466192749284969}, "datetime": {"datetime": "2020-01-18 09:34:52", "elapsed": 46079.20437, "delta": 30.478878}}
{"target": 7.1, "params": {"d0": 3.980868239630552, "d1": -1.0672597492376994, "d2": 1.4075796235977907, "g0": 2.0896416520668004, "g1": 0.0044215246670461505, "g2": -7.705937523286693, "g3": 0.9133122274725332, "g4": 0.9423737871431681, "g5": 0.6601895725855087, "g6": -0.2733946731836213, "g7": 1.6334814779240188, "i0": 2.5224278924997123, "i1": 0.43295708437058, "i2": -1.836266647930918, "i3": 0.713363533591778, "i4": 1.1643818889938389, "i5": 0.2691122281501914, "i6": -0.16437933435402252, "i7": 1.8770085288088145, "r0": 4.344218912775978, "r1": 0.19187411630916873, "r2": -9.535018535217908, "r3": 1.4026107646855763, "r4": 0.9052576047789068, "r5": -0.16387928299411048, "r6": 0.7889600052566248, "r7": 1.0374477423100923}, "datetime": {"datetime": "2020-01-18 09:35:23", "elapsed": 46109.772653, "delta": 30.568283}}
{"target": 17.8, "params": {"d0": 3.6321764348359324, "d1": -6.2359634709940845, "d2": 1.3009782531599972, "g0": 4.015954084636656, "g1": 0.6913226087555738, "g2": -5.835455795531929, "g3": 1.2135683738480094, "g4": 0.8691795714720907, "g5": 0.3353479983623635, "g6": -0.36306054554908074, "g7": 1.9971791387444884, "i0": 0.8377863710890154, "i1": 0.19459410722934267, "i2": -6.645643749371236, "i3": 0.9955256068027296, "i4": 0.8741922275434543, "i5": -0.20112931956173075, "i6": 0.33229300644149395, "i7": 1.7799137131842142, "r0": 0.47555663968293194, "r1": 0.0061349822314732405, "r2": -2.328491307561004, "r3": 1.0069791136084516, "r4": 1.1042810196547381, "r5": 0.03568803124819109, "r6": -0.270110032657826, "r7": 1.6741448553451002}, "datetime": {"datetime": "2020-01-18 09:35:54", "elapsed": 46140.997268, "delta": 31.224615}}
{"target": 17.35, "params": {"d0": 1.5518941577650325, "d1": -6.088981968795258, "d2": 1.4616731057560157, "g0": 1.0004065438083498, "g1": 0.33267690395625016, "g2": -2.0383528329013103, "g3": 0.7847111472648785, "g4": 1.093292782330396, "g5": -0.26604291418830106, "g6": 0.8308180290828069, "g7": 1.5157420228225242, "i0": 3.262889161924485, "i1": 0.02917412206887382, "i2": -6.746374825204756, "i3": 1.4613422415579749, "i4": 1.244590062854224, "i5": 0.24930243174024325, "i6": 0.9826327024644206, "i7": 1.414655462651485, "r0": 3.757180383708697, "r1": 0.3710032794553866, "r2": -7.3923319804926475, "r3": 1.0341101786239613, "r4": 1.0315127373599071, "r5": -0.709436872506092, "r6": -0.3268923807889888, "r7": 1.4227256739479777}, "datetime": {"datetime": "2020-01-18 09:36:28", "elapsed": 46175.02502, "delta": 34.027752}}
{"target": 8.4, "params": {"d0": 2.9691515626314913, "d1": -6.900497203347252, "d2": 1.3961709566987093, "g0": 3.1676794411495535, "g1": 0.6181572217680548, "g2": -3.1829900566573706, "g3": 0.9421077194956833, "g4": 0.988829155909436, "g5": 0.07676769004412454, "g6": 0.011461919997620917, "g7": 1.3474680555999776, "i0": 3.0681059060315654, "i1": 0.24368328829653219, "i2": -1.091370131706709, "i3": 1.4715696886346432, "i4": 1.0322401376438766, "i5": -0.5321224832791276, "i6": 0.5537490014252322, "i7": 1.6672166617722175, "r0": 4.501014843531441, "r1": 0.8479475976144146, "r2": -1.2388027131877024, "r3": 1.0576731495275322, "r4": 0.9400944267836997, "r5": 0.5624303144972822, "r6": -0.024809015927339417, "r7": 1.4410940464602042}, "datetime": {"datetime": "2020-01-18 09:37:00", "elapsed": 46206.551825, "delta": 31.526805}}
{"target": 7.55, "params": {"d0": 2.855684862196916, "d1": -8.709147841731346, "d2": 0.9680591714249334, "g0": 2.7584873678303454, "g1": 0.7827805693203435, "g2": -7.681839970966111, "g3": 0.7205833908365845, "g4": 1.2930662407743299, "g5": -0.015267800330444836, "g6": -0.4841123536020131, "g7": 1.0153376514300902, "i0": 1.304234323386611, "i1": 0.23003631687047899, "i2": -1.9537970343075628, "i3": 1.2937748386832797, "i4": 1.2620030760874141, "i5": 0.07983858065276439, "i6": 0.30093079659629285, "i7": 1.4866770403328204, "r0": 3.710234585935152, "r1": 0.706072854753229, "r2": -1.7560621510293615, "r3": 1.3557142580849388, "r4": 1.1745768337441413, "r5": 0.17203554564852974, "r6": 0.6090284786731721, "r7": 0.9953316492461733}, "datetime": {"datetime": "2020-01-18 09:37:30", "elapsed": 46236.413336, "delta": 29.861511}}
{"target": 9.0, "params": {"d0": 3.1470408218245067, "d1": -4.0824668010058645, "d2": 1.0277412408548767, "g0": 1.1724101817688575, "g1": 0.2946795445517172, "g2": -0.026800207981395374, "g3": 1.1992849190989758, "g4": 1.0488207246512251, "g5": -0.644413086009649, "g6": 0.9459101616388899, "g7": 1.3656775414213873, "i0": 2.8494042354331888, "i1": 0.09189842524251779, "i2": -7.223657040254898, "i3": 1.1181009992585622, "i4": 1.178845032545199, "i5": 0.15222429307869345, "i6": -0.4857269237326556, "i7": 0.9968933404420888, "r0": 1.9999222423929242, "r1": 0.027911755752531575, "r2": -0.1472395616870763, "r3": 1.154093701847792, "r4": 0.8838483677867941, "r5": 0.15374654407784227, "r6": 0.03742034116598503, "r7": 1.6577850445485465}, "datetime": {"datetime": "2020-01-18 09:37:52", "elapsed": 46258.697076, "delta": 22.28374}}
{"target": 1.6, "params": {"d0": 2.5149723456421795, "d1": -5.82360510813675, "d2": 0.8193279958019302, "g0": 4.904688499306578, "g1": 0.6184595335008187, "g2": -2.5768106726506286, "g3": 0.8158009246041329, "g4": 0.8999875523672689, "g5": 0.08962643255156644, "g6": 0.2928754955278302, "g7": 0.911313493873972, "i0": 4.432121508201993, "i1": 0.40706139083990356, "i2": -3.9841348658216837, "i3": 0.8873723598409572, "i4": 0.8651389587653873, "i5": 0.4301094647027157, "i6": -0.05920728728844327, "i7": 1.5958976588944245, "r0": 4.08042541924364, "r1": 0.8107676832984095, "r2": -0.05649075972240958, "r3": 1.0510924985611265, "r4": 0.9046791342395977, "r5": -0.2448679106893753, "r6": 0.9985183591131435, "r7": 1.6101987555135597}, "datetime": {"datetime": "2020-01-18 09:38:35", "elapsed": 46301.295076, "delta": 42.598}}
{"target": 13.3, "params": {"d0": 3.959692076543386, "d1": -1.6457824740076195, "d2": 1.1932992337324255, "g0": 3.5316638842874566, "g1": 0.5568238203384459, "g2": -5.109408277621139, "g3": 1.250710789022477, "g4": 0.9210238720317068, "g5": 0.5922066997480744, "g6": -0.07343833008191047, "g7": 1.7925226965678585, "i0": 1.9566926015069903, "i1": 0.9105426861871398, "i2": -4.526072780356137, "i3": 1.0111469443001322, "i4": 1.1581780355734503, "i5": 0.4137310143209898, "i6": 0.09851989518861037, "i7": 1.9703109676856845, "r0": 4.70981271004881, "r1": 0.5403349277768946, "r2": -1.19788655516267, "r3": 1.1810916043419506, "r4": 1.1456621375265557, "r5": -0.5503388781880176, "r6": 0.9447135626593934, "r7": 1.6893665223568237}, "datetime": {"datetime": "2020-01-18 09:39:04", "elapsed": 46330.851897, "delta": 29.556821}}
{"target": 5.2, "params": {"d0": 2.572480076514193, "d1": -8.213207918620483, "d2": 1.0674137473583003, "g0": 4.40722837809573, "g1": 0.07873774927373711, "g2": -5.047796208712647, "g3": 0.7642681721104431, "g4": 1.138283436424667, "g5": 0.39454125492043635, "g6": -0.19685667451688227, "g7": 0.9676376078185381, "i0": 1.5905511080110841, "i1": 0.06545040264188318, "i2": -0.9583880983690527, "i3": 1.1577667042826643, "i4": 0.942059312032146, "i5": -0.39138832240187366, "i6": -0.28167888061123075, "i7": 1.1742710820370639, "r0": 4.341013013259264, "r1": 0.5545152917768076, "r2": -8.716905071671402, "r3": 0.7034809717740492, "r4": 1.1460507654904115, "r5": 0.5996348154166729, "r6": 0.19090106894307257, "r7": 1.7770920924492128}, "datetime": {"datetime": "2020-01-18 09:39:34", "elapsed": 46360.88323, "delta": 30.031333}}
{"target": 16.05, "params": {"d0": 1.9059547405297372, "d1": -4.610106629766789, "d2": 0.8375682221455696, "g0": 0.653476235432624, "g1": 0.6323201942821802, "g2": -1.6412541717027356, "g3": 1.0715863163709023, "g4": 1.2951994727836764, "g5": -0.4367642551903108, "g6": 0.8744461099583143, "g7": 1.1624449664335366, "i0": 1.1311409717860803, "i1": 0.47463904885281616, "i2": -0.6171327653020047, "i3": 1.4936405698592927, "i4": 0.9241574109483206, "i5": 0.5950108243206189, "i6": -0.1077472420474922, "i7": 1.7294034913695446, "r0": 0.321876111182986, "r1": 0.9857717861753323, "r2": -0.6568090161578457, "r3": 0.9142295539464925, "r4": 1.2546579018918051, "r5": 0.7622618181449867, "r6": 0.08019964482747866, "r7": 1.3831470547853644}, "datetime": {"datetime": "2020-01-18 09:40:04", "elapsed": 46390.890085, "delta": 30.006855}}
{"target": 19.6, "params": {"d0": 1.9832705844257021, "d1": -9.371187142583054, "d2": 1.327632417753928, "g0": 0.9000823585881423, "g1": 0.6536924600060929, "g2": -2.240972549482793, "g3": 0.9225214778025181, "g4": 1.1235075094658828, "g5": 0.07093056907365491, "g6": -0.3264579311578844, "g7": 1.8240485498841683, "i0": 4.662571457244281, "i1": 0.618907792313191, "i2": -2.2629213102849164, "i3": 1.0777095492317288, "i4": 0.9103212462386088, "i5": 0.08749183699995522, "i6": -0.16099036027261404, "i7": 1.1994384757839538, "r0": 4.3568304614679, "r1": 0.8387165486074962, "r2": -4.482592631568893, "r3": 1.3029211508961316, "r4": 0.9818634162548132, "r5": 0.1373875987736175, "r6": -0.30532442897911605, "r7": 1.438726747992869}, "datetime": {"datetime": "2020-01-18 09:40:35", "elapsed": 46421.66366, "delta": 30.773575}}
{"target": 11.4, "params": {"d0": 3.074837200380209, "d1": -9.361074848332699, "d2": 0.9765873586631619, "g0": 3.9647117167525163, "g1": 0.9399640844843382, "g2": -8.149308491182591, "g3": 1.0541204525162746, "g4": 1.1510397500889196, "g5": 0.3456836270829826, "g6": 0.9654006898968095, "g7": 1.2365562503045997, "i0": 0.9939397049323334, "i1": 0.2190842715775403, "i2": -3.7237666740934916, "i3": 0.7817556797352435, "i4": 0.9792376794697406, "i5": -0.35563853968185877, "i6": -0.23500459957450665, "i7": 1.9011614034350455, "r0": 2.764271991252423, "r1": 0.006301499206045391, "r2": -0.13956940217854807, "r3": 1.249717094979888, "r4": 1.2126418090807747, "r5": 0.6690541520378392, "r6": -0.4029015201982515, "r7": 1.7659440907716617}, "datetime": {"datetime": "2020-01-18 09:41:09", "elapsed": 46456.267325, "delta": 34.603665}}
{"target": 15.9, "params": {"d0": 3.48381802451323, "d1": -2.1769430110441466, "d2": 1.047705643766638, "g0": 3.4672611070801413, "g1": 0.284873021045455, "g2": -0.7588920280399254, "g3": 1.050162084834458, "g4": 1.0143267019779538, "g5": -0.23955087857784196, "g6": 0.11743486350110444, "g7": 1.1239751556788953, "i0": 2.761920457535991, "i1": 0.24349508961891775, "i2": -7.431022364410548, "i3": 0.7923566968149395, "i4": 1.093353516156912, "i5": -0.4654848212674946, "i6": 0.18048830470474386, "i7": 1.8081668581943147, "r0": 0.9282232398034118, "r1": 0.9680476713172248, "r2": -9.26351191503032, "r3": 1.486681672075534, "r4": 0.9952909985888043, "r5": 0.5352973687900473, "r6": 0.7225089198035701, "r7": 0.9720261382939492}, "datetime": {"datetime": "2020-01-18 09:41:44", "elapsed": 46491.020338, "delta": 34.753013}}
{"target": 16.6, "params": {"d0": 2.8674038936291293, "d1": -6.760767190334903, "d2": 1.261611535852101, "g0": 3.286644927579408, "g1": 0.3526733003623347, "g2": -2.348678340426832, "g3": 0.8760014939417705, "g4": 0.9009319094982873, "g5": -0.6893812936110225, "g6": -0.08539797294309953, "g7": 1.7243283854824156, "i0": 2.5433279663515402, "i1": 0.2808040720582464, "i2": -7.832822395072716, "i3": 1.488503721812659, "i4": 0.9598933517316994, "i5": -0.08951202742941433, "i6": -0.34039005713344633, "i7": 1.9123199665416553, "r0": 1.5301099764785704, "r1": 0.9037628557464127, "r2": -7.027524642273958, "r3": 1.4417963829079432, "r4": 1.0294864896912834, "r5": -0.6448144950549293, "r6": 0.7122853160832263, "r7": 1.8573223024488825}, "datetime": {"datetime": "2020-01-18 09:42:16", "elapsed": 46523.220454, "delta": 32.200116}}
