{"target": 19.9, "params": {"d0": 1.992910723806682, "d1": -4.219471558855725, "d2": 1.0068264658328796, "g0": 1.0585489591268222, "g1": 0.8121636946109586, "g2": -3.8851488612596468, "g3": 1.353966264630143, "g4": 1.1342190811100779, "g5": -0.14902010329385762, "g6": 0.2331843065223118, "g7": 0.9838882522228161, "i0": 4.502557516559375, "i1": 0.44149947315594895, "i2": -6.95552264071477, "i3": 1.2997053922716553, "i4": 0.9621676571172714, "i5": 0.12113314707660289, "i6": 0.3989769704636013, "i7": 1.3240745725256253, "r0": 3.7095518584657685, "r1": 0.8164634058769689, "r2": -5.372608466665553, "r3": 0.879598799144686, "r4": 0.9360861023606898, "r5": 0.5958136531710125, "r6": 0.4322106059553464, "r7": 1.507817507863392}, "datetime": {"datetime": "2020-01-19 08:33:22", "elapsed": 60041.147946, "delta": 56.679148}}
{"target": 21.0, "params": {"d0": 3.7375193398310427, "d1": -1.6951296901989004, "d2": 0.7354443700637194, "g0": 0.5722758750673543, "g1": 0.397830926488749, "g2": -3.2804261990718078, "g3": 1.1364294661319823, "g4": 1.1046750095179405, "g5": 0.03313317356518944, "g6": 0.38014041741352184, "g7": 1.7953533214534994, "i0": 4.054961228860061, "i1": 0.23545594158443486, "i2": -4.687623867285785, "i3": 1.5, "i4": 1.2137880038692899, "i5": 0.04686090881493883, "i6": 0.5173367431841069, "i7": 1.278045397151638, "r0": 4.608102417969346, "r1": 1.0, "r2": -4.903191227491178, "r3": 1.4505338861134651, "r4": 1.2121252560066609, "r5": -0.5922892144064394, "r6": -0.2608487209210011, "r7": 1.0941636054129988}, "datetime": {"datetime": "2020-01-19 08:34:27", "elapsed": 60106.669179, "delta": 65.521233}}
{"target": 21.05, "params": {"d0": 4.182650238951903, "d1": -1.322640814584878, "d2": 1.0182061652465153, "g0": 0.6802611668934405, "g1": 0.3188007959159028, "g2": -5.133818156319857, "g3": 1.1341937054869884, "g4": 1.1980341984392735, "g5": 0.06363684201711199, "g6": 0.2696212371926017, "g7": 1.7052718499079553, "i0": 3.8255619939467382, "i1": 0.601653485577244, "i2": -6.629115019611997, "i3": 1.1261327616153094, "i4": 1.094703570884926, "i5": -0.3499758513374186, "i6": 0.19305343250720333, "i7": 1.6922849607838837, "r0": 2.132058751198477, "r1": 0.327313790501976, "r2": -8.869226102300868, "r3": 1.1040952766878958, "r4": 1.0567020305375288, "r5": 0.3745900756259782, "r6": 0.26024496333563274, "r7": 1.5973229057246427}, "datetime": {"datetime": "2020-01-19 08:35:19", "elapsed": 60158.041592, "delta": 51.372413}}
{"target": 20.0, "params": {"d0": 3.6050789680122155, "d1": -6.165880635915228, "d2": 0.9718188192479644, "g0": 0.4980246811896159, "g1": 0.029883411648093956, "g2": -5.944949986820473, "g3": 1.5, "g4": 0.9782842959134034, "g5": -0.6132733980494944, "g6": 0.49686556761333706, "g7": 1.6471497042647474, "i0": 0.6684429699618429, "i1": 0.45786589621137747, "i2": -2.2110387508359097, "i3": 1.199538384835955, "i4": 0.9350713121997596, "i5": -0.4031431467239815, "i6": -0.21350753986610632, "i7": 1.2734959369215777, "r0": 3.382653873177186, "r1": 0.30205993492325534, "r2": -2.679963996898709, "r3": 1.0478651242198336, "r4": 0.9669105120418459, "r5": 0.48158516191746253, "r6": -0.2528032403953535, "r7": 1.530035465564021}, "datetime": {"datetime": "2020-01-19 08:36:23", "elapsed": 60222.691201, "delta": 64.649609}}
{"target": 20.75, "params": {"d0": 3.116465540119969, "d1": -8.090542137388073, "d2": 1.0165612837686353, "g0": 0.4667710269009017, "g1": 0.3428926076138251, "g2": -5.25419992341749, "g3": 1.2877686599564464, "g4": 1.0503115416230173, "g5": -0.36003986335178956, "g6": 0.4906746640431467, "g7": 1.5965114110694116, "i0": 3.049642555832545, "i1": 0.6381311521100551, "i2": -5.533840660070738, "i3": 1.0754453860456434, "i4": 1.0248072328454043, "i5": -0.02131156617128091, "i6": -0.06326628636425552, "i7": 1.5131641798305513, "r0": 1.9627413341945539, "r1": 0.4677963922050486, "r2": -2.6086213414626593, "r3": 1.1743820339359565, "r4": 1.0439343477201426, "r5": -0.16302930975763133, "r6": 0.1333117149492193, "r7": 1.5907454769206055}, "datetime": {"datetime": "2020-01-19 08:37:21", "elapsed": 60280.75953, "delta": 58.068329}}
{"target": 19.5, "params": {"d0": 3.2261193733606413, "d1": -2.091236246973646, "d2": 0.8992643700069948, "g0": 0.7325115882652987, "g1": 0.8514814601992309, "g2": -5.940494718378067, "g3": 0.8643142463166359, "g4": 1.047694678755323, "g5": -0.024539906655106067, "g6": 0.25354119667405156, "g7": 1.3780443414414727, "i0": 2.7108043037810985, "i1": 0.42128399307165365, "i2": -6.823246571802335, "i3": 1.2107534890236369, "i4": 0.9739447667933715, "i5": 0.12391624980425277, "i6": 0.4294860536099549, "i7": 1.0320506380848815, "r0": 3.011774197900994, "r1": 0.3171531000823188, "r2": -8.692086644608587, "r3": 1.092741816146954, "r4": 1.2563216091536973, "r5": 0.6763958842912386, "r6": 0.3813414290178491, "r7": 1.3818667045959014}, "datetime": {"datetime": "2020-01-19 08:38:29", "elapsed": 60348.71358, "delta": 67.95405}}
{"target": 19.05, "params": {"d0": 3.9503127278257373, "d1": -2.8573364975451714, "d2": 1.4231510365198283, "g0": 1.3493303946389712, "g1": 0.5643579548299869, "g2": -9.688673566013744, "g3": 1.3316415871206566, "g4": 1.255544835665874, "g5": -0.12812055898940714, "g6": 0.38382946222031245, "g7": 1.6613106840019318, "i0": 1.1685993404587258, "i1": 0.3852063129593244, "i2": -7.0761589465043, "i3": 1.1840051080018525, "i4": 1.186257919801811, "i5": -0.16882270860217613, "i6": -0.466539518486924, "i7": 1.5469909872268641, "r0": 2.5088449597216713, "r1": 0.28795104067909144, "r2": -5.973272585545946, "r3": 1.37317281220299, "r4": 1.1951062012789238, "r5": -0.4200315368132123, "r6": 0.47928036883367037, "r7": 1.827449605716343}, "datetime": {"datetime": "2020-01-19 08:39:29", "elapsed": 60408.258825, "delta": 59.545245}}
{"target": 20.8, "params": {"d0": 4.305463394977779, "d1": -3.2980282363438507, "d2": 1.196570384546564, "g0": 0.5592541941326636, "g1": 0.14060444618823567, "g2": -8.926748467100893, "g3": 1.1698934714081817, "g4": 1.2991990724399693, "g5": 0.06583273750171688, "g6": 0.8695862773988038, "g7": 1.1314201418787264, "i0": 4.238075326867903, "i1": 0.8046404574541663, "i2": -5.787913253823065, "i3": 0.9194215914781008, "i4": 1.1145217178087197, "i5": -0.4927895410117066, "i6": -0.03541956634016376, "i7": 1.827444267077576, "r0": 0.771892591421427, "r1": 0.6769797195839536, "r2": -4.57474298008138, "r3": 1.0756273655738924, "r4": 1.075426073727587, "r5": -0.6456124305918552, "r6": 0.6871257263130349, "r7": 1.8920227010721025}, "datetime": {"datetime": "2020-01-19 08:40:24", "elapsed": 60463.309761, "delta": 55.050936}}
{"target": 20.0, "params": {"d0": 4.094518363545548, "d1": -2.5945465574870106, "d2": 1.0488759218444104, "g0": 0.8422165930035397, "g1": 0.5711313312619128, "g2": -4.517379713955081, "g3": 1.4586765513313642, "g4": 1.0482072536374207, "g5": 0.28113322758727044, "g6": 0.7148196455275571, "g7": 1.5882869087678253, "i0": 4.650586986417105, "i1": 0.4891901353945475, "i2": -6.012018971352877, "i3": 1.2906963154021664, "i4": 1.2867804538463674, "i5": 0.039586651442659715, "i6": -0.48084897219080536, "i7": 1.222180537837466, "r0": 1.9691991262705322, "r1": 0.7622769389106936, "r2": -8.63575165518261, "r3": 1.0313103311378857, "r4": 1.1759310549725963, "r5": 0.6432013975229947, "r6": 0.14967809581949854, "r7": 1.3715637600585557}, "datetime": {"datetime": "2020-01-19 08:41:21", "elapsed": 60520.164708, "delta": 56.854947}}
{"target": 19.65, "params": {"d0": 3.7543491277826586, "d1": -1.1004972655390048, "d2": 0.794238655876851, "g0": 0.26928466578578447, "g1": 0.3194863630193203, "g2": -4.702605117229042, "g3": 1.3883463511224465, "g4": 1.1962372671637518, "g5": -0.2814442598607315, "g6": 0.6447742287584979, "g7": 1.503521085530806, "i0": 3.50671758155845, "i1": 0.7102222006005369, "i2": -6.174201134052422, "i3": 1.2340477041927813, "i4": 1.0164395771574604, "i5": 0.24609643977802897, "i6": -0.0902219057777639, "i7": 1.6362272495529657, "r0": 1.820467569897331, "r1": 0.17506934194370893, "r2": -8.034968256078688, "r3": 1.0589791885876143, "r4": 0.9700313397155164, "r5": -0.6441655275565629, "r6": 0.844022406522345, "r7": 1.2738758727740058}, "datetime": {"datetime": "2020-01-19 08:42:11", "elapsed": 60570.554084, "delta": 50.389376}}
{"target": 20.0, "params": {"d0": 3.24983556213844, "d1": -1.6447564441514526, "d2": 1.1527046726885255, "g0": 0.5924880747447553, "g1": 0.6824739899843321, "g2": -5.540345853996037, "g3": 1.0639442559884524, "g4": 1.1929217513109749, "g5": 0.005746492053586905, "g6": 0.7330761377332844, "g7": 1.0182409677212059, "i0": 3.5153310530498256, "i1": 0.8486136386120797, "i2": -5.7609574446684055, "i3": 0.8777393947269433, "i4": 0.8586002449266683, "i5": 0.1879536600837941, "i6": -0.39356689386081817, "i7": 1.6175256006105327, "r0": 1.1840747677765306, "r1": 0.3289225459189279, "r2": -9.074004856602665, "r3": 1.2920685581747593, "r4": 0.9022564136462221, "r5": 0.33026109890107147, "r6": 0.4512636099288052, "r7": 1.6977335533153375}, "datetime": {"datetime": "2020-01-19 08:43:01", "elapsed": 60620.205993, "delta": 49.651909}}
{"target": 21.2, "params": {"d0": 3.785881338427264, "d1": -1.6300928276471998, "d2": 0.7947805135648053, "g0": 0.6000868437500236, "g1": 0.47473173378585287, "g2": -3.2987543186424153, "g3": 1.1680308522903637, "g4": 1.0913344682536206, "g5": 0.06871511073786404, "g6": 0.3550774673394854, "g7": 1.756118812087104, "i0": 3.9710200964971354, "i1": 0.31888070465717966, "i2": -4.766848038677152, "i3": 1.5, "i4": 1.1884513458456574, "i5": 0.013288957339840384, "i6": 0.4669086019077174, "i7": 1.33173316307197, "r0": 4.674107161804779, "r1": 1.0, "r2": -4.923099078792841, "r3": 1.268652577509504, "r4": 1.2207205712012217, "r5": -0.4981012363174044, "r6": -0.3615813383259815, "r7": 1.1670108212199324}, "datetime": {"datetime": "2020-01-19 08:44:06", "elapsed": 60685.290278, "delta": 65.084285}}
{"target": 19.8, "params": {"d0": 3.7380750402037046, "d1": -1.762776824488535, "d2": 1.4835634360577603, "g0": 0.5449770957510064, "g1": 0.46919251104621884, "g2": -6.01608239453435, "g3": 1.3612891465466794, "g4": 1.110123884180648, "g5": 0.2675438604920575, "g6": 0.4871778544901766, "g7": 1.4075423714953441, "i0": 4.218093545202804, "i1": 0.49987745148285334, "i2": -7.02942139697565, "i3": 0.7392392415927402, "i4": 0.8601491265537937, "i5": -0.18156385906862726, "i6": 0.22759302771169132, "i7": 1.3830408268369083, "r0": 0.5765045362758564, "r1": 0.4928291669333773, "r2": -7.5875833996023765, "r3": 1.2789347654630459, "r4": 1.2112083799378903, "r5": 0.5249129829040959, "r6": 0.8931198355410963, "r7": 1.219508140786469}, "datetime": {"datetime": "2020-01-19 08:45:03", "elapsed": 60742.761594, "delta": 57.471316}}
{"target": 19.5, "params": {"d0": 1.8482775750545846, "d1": -7.727796366679437, "d2": 0.8658601249852657, "g0": 1.4931969033183539, "g1": 0.07413458893586308, "g2": -7.5961263917679815, "g3": 1.4076062552744517, "g4": 1.1581721612163691, "g5": -0.4285595776781694, "g6": 0.49783177330569484, "g7": 1.352145574049868, "i0": 2.3071217608576258, "i1": 0.1898384649355897, "i2": -7.01843768405915, "i3": 0.7906072929278034, "i4": 0.9448696207492567, "i5": 0.22202929551879164, "i6": -0.06879209815129884, "i7": 1.7415715243472698, "r0": 3.2535531576272323, "r1": 0.664583046025028, "r2": -6.051284385392833, "r3": 1.2440521455211209, "r4": 1.2540582631987385, "r5": -0.45021232738137984, "r6": -0.14045368414301077, "r7": 1.9161505905381269}, "datetime": {"datetime": "2020-01-19 08:46:04", "elapsed": 60803.181743, "delta": 60.420149}}
{"target": 13.9, "params": {"d0": 3.706045991048692, "d1": -1.9477680141543683, "d2": 1.1987267749811494, "g0": 0.29087567682334114, "g1": 0.7531781994704413, "g2": -4.693898890241015, "g3": 0.9670924444797431, "g4": 1.0608466155742249, "g5": 0.4010862915804083, "g6": -0.40574238507625265, "g7": 1.614803470614436, "i0": 3.932050250323285, "i1": 0.38253378699242924, "i2": -6.6124576225238085, "i3": 1.4308557893934002, "i4": 1.1750638285244766, "i5": -0.7183468951659455, "i6": 0.16752573254201675, "i7": 1.4923009380326242, "r0": 2.928496215717918, "r1": 0.632583417746755, "r2": -8.748042360952976, "r3": 1.4055884484033714, "r4": 0.9502487514633885, "r5": 0.404040105142599, "r6": 0.035633745504999315, "r7": 1.6571816260104826}, "datetime": {"datetime": "2020-01-19 08:47:08", "elapsed": 60867.535493, "delta": 64.35375}}
{"target": 21.0, "params": {"d0": 3.3252038092289826, "d1": -1.1695502767992654, "d2": 1.2302484165373366, "g0": 0.4173206167010135, "g1": 0.20162105986889678, "g2": -5.093409322290734, "g3": 1.28898298632149, "g4": 1.0915533787891514, "g5": -0.5032440142177084, "g6": 0.0385138312836284, "g7": 0.9497194065660959, "i0": 4.879079869243545, "i1": 0.021631775982575263, "i2": -5.828081925506041, "i3": 1.1546604454791467, "i4": 1.2066602181502015, "i5": 0.2609282551549552, "i6": 0.41358054620537843, "i7": 1.3521585032042984, "r0": 1.9874515138870197, "r1": 0.6642151166538454, "r2": -8.162879721608409, "r3": 1.317251174553878, "r4": 0.8457965024920358, "r5": -0.16653971751128915, "r6": -0.08012939612004577, "r7": 1.3326178890892078}, "datetime": {"datetime": "2020-01-19 08:48:07", "elapsed": 60926.468247, "delta": 58.932754}}
{"target": 19.6, "params": {"d0": 2.470912135779353, "d1": -7.09172044258974, "d2": 0.9834969047066894, "g0": 0.2374022696186086, "g1": 0.4108897147549986, "g2": -5.1249593793754435, "g3": 1.4289617202473468, "g4": 1.0881979522416365, "g5": -0.5083267415918834, "g6": 0.43348365916425946, "g7": 1.5925733002000084, "i0": 2.119884900148218, "i1": 0.49175954717825826, "i2": -4.840091222574501, "i3": 1.2917006104795046, "i4": 0.9221451933064267, "i5": -0.1222240953439661, "i6": -0.25008257773650666, "i7": 1.6213796027288336, "r0": 1.9595742275821908, "r1": 0.30078090585502343, "r2": -2.8811224087032654, "r3": 1.1400602933838762, "r4": 1.0599429297320266, "r5": 0.05790234784958028, "r6": 0.5098025661978077, "r7": 1.3531087222195712}, "datetime": {"datetime": "2020-01-19 08:49:12", "elapsed": 60990.952261, "delta": 64.484014}}
{"target": 20.95, "params": {"d0": 3.522944793738595, "d1": -9.436033771693578, "d2": 0.9089631472107098, "g0": 0.5717289475126944, "g1": 0.2277313942778655, "g2": -4.608791703058718, "g3": 1.060954250811376, "g4": 1.228370972943494, "g5": -0.57350480825874, "g6": 0.0738581655471145, "g7": 1.9471898756874, "i0": 3.215870699025277, "i1": 0.44003271546712125, "i2": -6.516699333852288, "i3": 1.1515841229699588, "i4": 1.0421072344596936, "i5": 0.014806237493544596, "i6": -0.3751768161848996, "i7": 1.4912972064467984, "r0": 2.762290609150125, "r1": 0.35686617773294066, "r2": -3.6548024182470167, "r3": 0.9220479815048371, "r4": 1.0666005506384222, "r5": 0.058507910481269194, "r6": 0.828295429379782, "r7": 1.7358448610206278}, "datetime": {"datetime": "2020-01-19 08:50:13", "elapsed": 61052.696436, "delta": 61.744175}}
{"target": 19.3, "params": {"d0": 2.8242498331104566, "d1": -1.7839538506807244, "d2": 0.9613598124480397, "g0": 0.36888854971533364, "g1": 0.3311524794951318, "g2": -6.688472759273269, "g3": 1.2496313245289585, "g4": 1.041612401972775, "g5": 0.1823596018391632, "g6": 0.3773770729163521, "g7": 1.3877334213668837, "i0": 2.214048079145538, "i1": 0.405730065284329, "i2": -4.066889001137897, "i3": 0.931974218113782, "i4": 1.0548053781114122, "i5": 0.38092028743098527, "i6": 0.3150629189456546, "i7": 1.5497864362785616, "r0": 1.2166100424751969, "r1": 0.5169135474145387, "r2": -8.228962681050302, "r3": 1.2972432840626724, "r4": 1.0462841793989095, "r5": 0.27437710542007643, "r6": 0.3071906303552121, "r7": 1.4425491022224701}, "datetime": {"datetime": "2020-01-19 08:51:11", "elapsed": 61110.000225, "delta": 57.303789}}
{"target": 20.8, "params": {"d0": 3.8186530715379794, "d1": -0.6563405103871318, "d2": 0.8731994282916619, "g0": 0.586829057865767, "g1": 0.3301925653304364, "g2": -5.417274836150495, "g3": 1.0964842156239594, "g4": 1.1992747758310478, "g5": -0.3889212253995835, "g6": 0.3142793947049477, "g7": 1.9666450116561718, "i0": 4.546683945196898, "i1": 0.40117918248350726, "i2": -6.772787270794317, "i3": 1.1392822357437218, "i4": 1.2383786860958519, "i5": -0.22153813472035988, "i6": 0.18441257595392646, "i7": 1.789825600486491, "r0": 2.853615003050804, "r1": 0.3741993419815175, "r2": -9.540485699732043, "r3": 1.0049418159112748, "r4": 0.8873650178701977, "r5": 0.1838216570102038, "r6": 0.25981135112617815, "r7": 1.201582751956674}, "datetime": {"datetime": "2020-01-19 08:52:06", "elapsed": 61165.198533, "delta": 55.198308}}
{"target": 20.45, "params": {"d0": 3.793799810174114, "d1": -1.296944024079832, "d2": 0.9718981369500453, "g0": 0.5506896451677257, "g1": 0.3627020368812389, "g2": -4.877197493840016, "g3": 1.2598464908816775, "g4": 1.0679828756991248, "g5": -0.038083734395334384, "g6": 0.2771642565374371, "g7": 1.617612393733633, "i0": 3.9390358898243236, "i1": 0.5803388438863096, "i2": -6.661746979594206, "i3": 0.8559101375031412, "i4": 1.050912150421466, "i5": -0.2729568408675401, "i6": -0.08971609208019932, "i7": 1.5727446966520218, "r0": 2.0724210834122774, "r1": 0.2734840116434185, "r2": -8.924173610285541, "r3": 1.1045101248205564, "r4": 1.0335598195381783, "r5": 0.42906112154267684, "r6": 0.2038853785604786, "r7": 1.520827515790605}, "datetime": {"datetime": "2020-01-19 08:53:06", "elapsed": 61225.168726, "delta": 59.970193}}
{"target": 20.3, "params": {"d0": 2.512220427825337, "d1": -2.189355237833749, "d2": 0.9234780710058788, "g0": 0.6039435225569857, "g1": 0.4797557898249173, "g2": -6.0653096154067185, "g3": 1.1222582626846702, "g4": 0.9212455091814329, "g5": -0.17834897444585754, "g6": 0.5262909817267686, "g7": 1.797342303038397, "i0": 3.7646538285784223, "i1": 0.267825781142264, "i2": -1.645691755949415, "i3": 1.4646042114413322, "i4": 0.9567495085740376, "i5": 0.5805910411888283, "i6": 0.6185355667019032, "i7": 1.276918910632734, "r0": 3.4240770912141625, "r1": 0.5442695982141815, "r2": -7.231315615934168, "r3": 1.2837900951717214, "r4": 1.221391426312332, "r5": 0.19034254055304753, "r6": -0.2462673816232916, "r7": 1.7673880905299302}, "datetime": {"datetime": "2020-01-19 08:54:06", "elapsed": 61285.927894, "delta": 60.759168}}
{"target": 20.85, "params": {"d0": 3.9121733376990195, "d1": -1.4326210002570126, "d2": 0.9614434554810235, "g0": 0.7001872828135, "g1": 0.20342505735916103, "g2": -5.436320290764883, "g3": 1.2126799275791411, "g4": 1.189576331884316, "g5": -0.013516735295546508, "g6": 0.18227447460318116, "g7": 1.4327269673339935, "i0": 3.773853701983301, "i1": 0.5226249826883576, "i2": -6.5993037399723935, "i3": 0.9161540919475365, "i4": 0.925797190044166, "i5": -0.43646752865339605, "i6": 0.07736442687750268, "i7": 1.7312560758950168, "r0": 1.6403053905628409, "r1": 0.22342677362880853, "r2": -8.891129067849533, "r3": 1.3491158342721823, "r4": 0.9903545952817796, "r5": 0.35224874353048613, "r6": 0.18732756739824735, "r7": 1.4774327598050387}, "datetime": {"datetime": "2020-01-19 08:55:07", "elapsed": 61345.945749, "delta": 60.017855}}
{"target": 20.0, "params": {"d0": 3.0625689419516067, "d1": -8.393422652226404, "d2": 1.0533750977451586, "g0": 0.40361417626053653, "g1": 0.24270807399642577, "g2": -8.865633518002578, "g3": 1.3677803473855783, "g4": 0.9615958937925042, "g5": -0.5474493472141885, "g6": 0.6495646184881743, "g7": 1.471889211492212, "i0": 2.7035061046126163, "i1": 0.6460170715452265, "i2": -7.536603148539947, "i3": 0.9809024736467776, "i4": 0.8461041108495174, "i5": -0.36105094662264464, "i6": 0.5759732134544954, "i7": 1.470422802181848, "r0": 2.0023970093738552, "r1": 0.6690043193929263, "r2": -1.9038867226716365, "r3": 1.1123488129052996, "r4": 1.1020187275357272, "r5": -0.10127688430951909, "r6": 0.5084380350887541, "r7": 1.4456690032226625}, "datetime": {"datetime": "2020-01-19 08:56:04", "elapsed": 61403.386973, "delta": 57.441224}}
{"target": 19.7, "params": {"d0": 3.0418220588898204, "d1": -8.878703841988967, "d2": 0.8925627072007581, "g0": 0.6838571976526902, "g1": 0.48865957016954376, "g2": -5.415264035307686, "g3": 1.300731441185419, "g4": 1.0852492251571484, "g5": -0.4216694359488815, "g6": 0.06841067848326678, "g7": 1.6549719298381829, "i0": 4.361507406890558, "i1": 0.6841314528867194, "i2": -5.727350573269185, "i3": 1.064961238620254, "i4": 1.1135753247363298, "i5": 0.10917531636097876, "i6": -0.13392865168812532, "i7": 1.6934155305276768, "r0": 1.7916243633235613, "r1": 0.742271462827382, "r2": -1.6947880430001303, "r3": 1.3377458844885222, "r4": 0.9697756066477143, "r5": -0.44665142208071335, "r6": 0.21634083652486535, "r7": 1.485553271319196}, "datetime": {"datetime": "2020-01-19 08:56:58", "elapsed": 61457.576931, "delta": 54.189958}}
{"target": 19.05, "params": {"d0": 3.490696108230199, "d1": -1.1432618039288727, "d2": 1.4256584322857881, "g0": 0.24626371151174054, "g1": 0.4577411796610986, "g2": -5.896927063893473, "g3": 1.014379610558279, "g4": 1.2210376050260274, "g5": -0.43045528946863937, "g6": 0.5563723866624113, "g7": 1.5755806221599216, "i0": 3.144523833969493, "i1": 0.4089288775217571, "i2": -6.868164699985342, "i3": 1.1601964146171997, "i4": 0.8191124649866117, "i5": 0.2675685754819612, "i6": 0.3847492989889729, "i7": 1.8149961853256742, "r0": 1.9981685930080428, "r1": 0.43133428104367977, "r2": -8.829718499437046, "r3": 1.3531751819509898, "r4": 1.2723765022299285, "r5": -0.23280848124644327, "r6": -0.3872514158886228, "r7": 1.6858794820491387}, "datetime": {"datetime": "2020-01-19 08:57:55", "elapsed": 61514.446574, "delta": 56.869643}}
