{"target": 5.5, "params": {"d0": 1.1400667519938046, "d1": -1.5759134391209475, "d2": 0.853193323013883, "g0": 4.455088416690288, "g1": 0.869360289009476, "g2": -1.2114505434622984, "g3": 0.9590749774024145, "g4": 1.2313211258551289, "g5": 0.24846266492482072, "g6": -0.40538223466300444, "g7": 1.1911715851175653, "i0": 2.4634937745161354, "i1": 0.42969050573208645, "i2": -3.074355428467972, "i3": 0.8818114365737058, "i4": 1.1208943308533883, "i5": -0.3486830404374377, "i6": 0.6759541068001611, "i7": 1.3689119350629493, "r0": 3.9996659477999548, "r1": 0.6044732900335309, "r2": -6.976091762108752, "r3": 1.1259538070302422, "r4": 0.9898533487580217, "r5": 0.042352549117987914, "r6": 0.6414877296264894, "r7": 1.9821641096107165}, "datetime": {"datetime": "2020-01-18 08:59:27", "elapsed": 43953.749813, "delta": 33.825962}}
{"target": 13.35, "params": {"d0": 3.5677301706446887, "d1": -8.14469611087236, "d2": 0.9806154824786341, "g0": 3.0734270769306864, "g1": 0.6058075082985173, "g2": -4.512137377977715, "g3": 0.8155759155071944, "g4": 0.922351804498055, "g5": -0.7070654669381977, "g6": -0.2407036096481373, "g7": 1.4968075907139542, "i0": 0.6486705036928436, "i1": 0.3431784984105628, "i2": -7.787803986104667, "i3": 1.1689852194833543, "i4": 0.8535192326988527, "i5": 0.5066231691687104, "i6": 0.1463099938617134, "i7": 1.9928818685363106, "r0": 2.9945660082861645, "r1": 0.8020228389376761, "r2": -0.069117739057873, "r3": 1.143996751058791, "r4": 1.0867343618198428, "r5": 0.6789935288030209, "r6": -0.37972044011165534, "r7": 1.8966907956653953}, "datetime": {"datetime": "2020-01-18 09:00:02", "elapsed": 43989.188621, "delta": 35.438808}}
{"target": 6.55, "params": {"d0": 1.7378954230748889, "d1": -1.946002454281066, "d2": 1.0900041316774356, "g0": 4.1260091522354925, "g1": 0.9973896227601741, "g2": -3.673443160730187, "g3": 0.7934418414602773, "g4": 1.2885066486678323, "g5": 0.2591296174958877, "g6": 0.7171247973017103, "g7": 1.6507291295465247, "i0": 4.384951891396408, "i1": 0.9636327191197848, "i2": -7.966887261996641, "i3": 0.8897747551779644, "i4": 0.9470432324812277, "i5": 0.1698462302631608, "i6": 0.38045248095069784, "i7": 1.9366139321049074, "r0": 3.078229642582446, "r1": 0.17222738435154117, "r2": -5.977227370480598, "r3": 0.8548137144017383, "r4": 0.9030943830803189, "r5": 0.29491314037777494, "r6": 0.3849643153071156, "r7": 1.77252637446239}, "datetime": {"datetime": "2020-01-18 09:00:36", "elapsed": 44022.469136, "delta": 33.280515}}
{"target": 19.25, "params": {"d0": 0.061823916635248555, "d1": -6.059957810590243, "d2": 1.2042082208450413, "g0": 1.233149431511762, "g1": 0.03258486529000992, "g2": -6.022086648248823, "g3": 1.4715845456023855, "g4": 1.2912470685155637, "g5": 0.31840039225141825, "g6": -0.049510168412576105, "g7": 1.566273293923886, "i0": 1.498142587286862, "i1": 0.34427232428975385, "i2": -1.1515122582671076, "i3": 1.2957884881815303, "i4": 1.1079574608474037, "i5": -0.7473865315737718, "i6": 0.38994751288715357, "i7": 1.0247437072758294, "r0": 3.4327092684040705, "r1": 0.7014194424712122, "r2": -9.67909001471557, "r3": 1.1240663363727572, "r4": 1.120914602572996, "r5": -0.2836408490438874, "r6": 0.32439615673378897, "r7": 1.061138349344846}, "datetime": {"datetime": "2020-01-18 09:01:07", "elapsed": 44053.904026, "delta": 31.43489}}
{"target": 20.3, "params": {"d0": 3.797652941696188, "d1": -2.04139922200659, "d2": 0.9499829276117068, "g0": 0.5608741072205364, "g1": 0.3943353110712663, "g2": -9.027812770701866, "g3": 1.163487369940198, "g4": 1.1838383348209542, "g5": -0.5924313964530129, "g6": 0.1595304416002603, "g7": 1.705728356354455, "i0": 0.5035543600424597, "i1": 0.7982940878564095, "i2": -3.7705591105281497, "i3": 1.4230534208506713, "i4": 1.1708757336361346, "i5": 0.5859899733248175, "i6": 0.4742281098182073, "i7": 1.381854020573296, "r0": 3.631978287394114, "r1": 0.05294984996295771, "r2": -1.3100142454166832, "r3": 0.983106047424898, "r4": 1.059215221735312, "r5": 0.06104164799556311, "r6": 0.8326741706133933, "r7": 1.175768040252088}, "datetime": {"datetime": "2020-01-18 09:01:38", "elapsed": 44085.192086, "delta": 31.28806}}
{"target": 17.85, "params": {"d0": 4.624067082287936, "d1": -0.9803884877495683, "d2": 1.1749040689175456, "g0": 1.0810576640706981, "g1": 0.4836136983415128, "g2": -3.017402340467968, "g3": 1.0217521725067726, "g4": 1.1699791178968164, "g5": 0.26014876864177294, "g6": -0.314708635315828, "g7": 1.8901420250197423, "i0": 2.155574656216994, "i1": 0.9637927356041601, "i2": -8.031261887019195, "i3": 0.8480341044025415, "i4": 1.0236060420742226, "i5": -0.5000176538162142, "i6": 0.9877701785326578, "i7": 1.6778439731362464, "r0": 0.34891537262769445, "r1": 0.9747812402948449, "r2": -7.907647636322492, "r3": 1.204376456090301, "r4": 1.1027291047075853, "r5": -0.6540121975635205, "r6": -0.29443877000460106, "r7": 1.6802473829288407}, "datetime": {"datetime": "2020-01-18 09:02:09", "elapsed": 44116.25087, "delta": 31.058784}}
{"target": 13.3, "params": {"d0": 0.657365622207518, "d1": -2.544707562630099, "d2": 1.1317605831285165, "g0": 3.4075936069915014, "g1": 0.7779203451466944, "g2": -1.0811868530568134, "g3": 1.1472608781040172, "g4": 0.9384631398951444, "g5": 0.16857615797761716, "g6": -0.007186738358774647, "g7": 1.0203319216368043, "i0": 3.8084469628018285, "i1": 0.8068656444885411, "i2": -3.7999061569732016, "i3": 0.8724961292576972, "i4": 1.2677243220196874, "i5": 0.04710394679998198, "i6": 0.3147640865006267, "i7": 1.0564906075479708, "r0": 1.1321261975913517, "r1": 0.8936215680594246, "r2": -3.829926501963751, "r3": 1.482460384330147, "r4": 1.1539974757301072, "r5": 0.05604323814874124, "r6": 0.5160928852821782, "r7": 1.2837543733180385}, "datetime": {"datetime": "2020-01-18 09:02:52", "elapsed": 44159.064153, "delta": 42.813283}}
{"target": 15.25, "params": {"d0": 0.9966013344036512, "d1": -9.864423106250882, "d2": 1.2042502974597569, "g0": 1.4241925040040149, "g1": 0.9723908669048367, "g2": -1.2963344789521507, "g3": 1.2748789200561783, "g4": 1.1712346325486886, "g5": 0.7407604151165221, "g6": 0.5549729766333782, "g7": 1.4930229435200597, "i0": 1.883521505228432, "i1": 0.670976228600213, "i2": -9.935597156691086, "i3": 0.7405178111694672, "i4": 0.8200056662105414, "i5": 0.6191591632510869, "i6": -0.4193477437115931, "i7": 1.9114662671851477, "r0": 1.1569481512114377, "r1": 0.5820419282053396, "r2": -7.042412799263681, "r3": 0.8762242308849326, "r4": 0.8991906766067319, "r5": -0.009445433190022001, "r6": 0.8908764846874613, "r7": 1.672245704357628}, "datetime": {"datetime": "2020-01-18 09:03:27", "elapsed": 44193.941035, "delta": 34.876882}}
{"target": 8.5, "params": {"d0": 0.35911116536769816, "d1": -5.887765200039409, "d2": 1.3002927040243977, "g0": 4.286593918518882, "g1": 0.7281772028390459, "g2": -5.639891027968982, "g3": 1.0286441565115299, "g4": 1.1118224000076988, "g5": -0.7680696429897718, "g6": 0.7987113493910696, "g7": 1.1902078988354599, "i0": 2.4830676949173713, "i1": 0.8016308288592987, "i2": -0.13068125838919364, "i3": 1.314427650253331, "i4": 1.1475272710105597, "i5": 0.7426103956123686, "i6": 0.9335075592913726, "i7": 1.3294938380458663, "r0": 4.649403187192977, "r1": 0.2455537897433664, "r2": -6.923418674491461, "r3": 1.1514242550700555, "r4": 1.1684591211740256, "r5": -0.6981403915055582, "r6": 0.3159161302925628, "r7": 1.8499024147695893}, "datetime": {"datetime": "2020-01-18 09:04:14", "elapsed": 44240.322163, "delta": 46.381128}}
{"target": 12.8, "params": {"d0": 0.502074716542027, "d1": -1.5376758781285425, "d2": 1.1640813171100908, "g0": 0.4320377163664618, "g1": 0.6100513568774276, "g2": -1.8864044640149693, "g3": 1.4398153090826387, "g4": 1.2571743488991232, "g5": -0.14881446208916616, "g6": -0.3582009912614987, "g7": 1.9621553232914284, "i0": 2.296510760214983, "i1": 0.7048297274775105, "i2": -9.183736219402274, "i3": 0.7989104368251808, "i4": 1.0305242216766977, "i5": -0.3093069268508135, "i6": 0.48597949626373804, "i7": 1.9081742392750294, "r0": 2.879684254291026, "r1": 0.2036318792766394, "r2": -0.08311181468807405, "r3": 1.208712682684781, "r4": 0.8895678037451873, "r5": 0.71255741895603, "r6": -0.4817870171970373, "r7": 1.5798480808573543}, "datetime": {"datetime": "2020-01-18 09:04:42", "elapsed": 44268.325576, "delta": 28.003413}}
{"target": 11.65, "params": {"d0": 1.1309396782372745, "d1": -1.6522299636002415, "d2": 1.0311196783958396, "g0": 1.2218096038634356, "g1": 0.0989250756232728, "g2": -8.798542918948751, "g3": 0.755959995543925, "g4": 0.8160810076004925, "g5": 0.036881995853399574, "g6": 0.6899170495745834, "g7": 0.9205903048880324, "i0": 0.7258251217874112, "i1": 0.9472356515667132, "i2": -3.5527275485956933, "i3": 1.1313389094932202, "i4": 1.0992701416965511, "i5": -0.12736454268710595, "i6": 0.9627654549219888, "i7": 1.5316329031937974, "r0": 0.41129467773761086, "r1": 0.3046311537662232, "r2": -0.6264765289736189, "r3": 1.434437984921825, "r4": 1.0066484877352098, "r5": 0.31320008061061033, "r6": -0.04493012705674965, "r7": 0.9507921512420734}, "datetime": {"datetime": "2020-01-18 09:05:13", "elapsed": 44299.869355, "delta": 31.543779}}
{"target": 12.75, "params": {"d0": 2.84932953221596, "d1": -7.746489650248933, "d2": 1.0785437646509621, "g0": 3.0053109089292995, "g1": 0.935093595989457, "g2": -3.7168508620960043, "g3": 1.2393095055437957, "g4": 0.936219596492232, "g5": -0.5024674794455513, "g6": 0.35717530058676994, "g7": 1.4767172559302808, "i0": 1.4800990245876906, "i1": 0.5928289260196162, "i2": -3.2164517436175206, "i3": 1.2002682584691255, "i4": 1.0122735431056482, "i5": 0.5886502258431112, "i6": 0.7083560403071434, "i7": 1.429381038440371, "r0": 4.120205007774965, "r1": 0.4764743314803551, "r2": -3.9112394231120007, "r3": 1.4640496327461414, "r4": 0.8437743700271159, "r5": 0.23920101368153768, "r6": 0.23336386917493868, "r7": 1.2418703491226917}, "datetime": {"datetime": "2020-01-18 09:05:46", "elapsed": 44332.778262, "delta": 32.908907}}
{"target": 17.15, "params": {"d0": 2.901898520028716, "d1": -1.4715338780647578, "d2": 1.3293931357806321, "g0": 2.7315534825924264, "g1": 0.413830117664134, "g2": -4.457053960379045, "g3": 1.3208036119947892, "g4": 1.157137526941834, "g5": -0.35977586978937914, "g6": -0.0011327290060801354, "g7": 1.8062536422295346, "i0": 1.1399053404456216, "i1": 0.18042454797853535, "i2": -5.628108253004661, "i3": 1.467251148257498, "i4": 0.8936147302845965, "i5": -0.014607916033766877, "i6": -0.22190413865389041, "i7": 1.5320227321591913, "r0": 3.3808244258793874, "r1": 0.7047005247830745, "r2": -9.878087999007702, "r3": 1.4827025624171486, "r4": 1.0478161163441562, "r5": -0.46759883357950366, "r6": 0.20000814550836032, "r7": 1.9211370035425483}, "datetime": {"datetime": "2020-01-18 09:06:18", "elapsed": 44364.803057, "delta": 32.024795}}
{"target": 16.7, "params": {"d0": 1.5769700988129876, "d1": -4.426497854382766, "d2": 0.737814417938612, "g0": 2.9213926131823333, "g1": 0.6109560996508112, "g2": -5.485995698090063, "g3": 1.050271836738225, "g4": 1.1677143998683306, "g5": 0.7322874112563316, "g6": -0.17827796947459817, "g7": 1.2038275479492309, "i0": 3.2756752924401535, "i1": 0.3668109626685343, "i2": -6.109933252075013, "i3": 1.0895500431158043, "i4": 0.8469657431437894, "i5": -0.7137211424648309, "i6": -0.10826595694409707, "i7": 1.5551537028696278, "r0": 0.08405377933744573, "r1": 0.367853477767189, "r2": -5.48781490273231, "r3": 1.3276442516686144, "r4": 0.9263887730783162, "r5": -0.5623489849858638, "r6": 0.34959364553549443, "r7": 1.106896943181972}, "datetime": {"datetime": "2020-01-18 09:06:51", "elapsed": 44398.085569, "delta": 33.282512}}
{"target": 9.6, "params": {"d0": 0.08446553570179649, "d1": -2.736429486154811, "d2": 1.3674182313147758, "g0": 1.285427989743046, "g1": 0.07190329802965179, "g2": -0.06492647279477914, "g3": 1.4368246030464267, "g4": 1.1946376959900298, "g5": 0.13732681924371648, "g6": 0.5998651230245091, "g7": 1.879085614003122, "i0": 4.696626567988772, "i1": 0.18295184559043076, "i2": -3.5148263299587708, "i3": 1.1038763468929815, "i4": 0.9107084857842924, "i5": -0.15609610313055367, "i6": 0.362417531910608, "i7": 1.3075043322558035, "r0": 4.239405781924988, "r1": 0.8215865852624488, "r2": -2.9428135413440906, "r3": 0.7804735264579915, "r4": 1.1634243333810692, "r5": 0.607077373415231, "r6": 0.5176668341354682, "r7": 1.2802453065465376}, "datetime": {"datetime": "2020-01-18 09:07:12", "elapsed": 44418.550662, "delta": 20.465093}}
{"target": 5.55, "params": {"d0": 0.9845086374332684, "d1": -4.947376628477791, "d2": 0.7581472570685776, "g0": 3.381091657841938, "g1": 0.9504462683051366, "g2": -3.2491534509505904, "g3": 1.346479143879178, "g4": 0.929368629921423, "g5": -0.7872867891354179, "g6": -0.2177171950831751, "g7": 1.257168628542666, "i0": 4.376386025466062, "i1": 0.9138801035957004, "i2": -2.261829306118683, "i3": 1.4938351769609737, "i4": 0.940388253571111, "i5": -0.7080736580961956, "i6": 0.10955530342915465, "i7": 1.6044616750089467, "r0": 3.3247091583705632, "r1": 0.9206103111153087, "r2": -1.9470003338299442, "r3": 1.277303607589248, "r4": 0.9684363659689703, "r5": 0.514924569420611, "r6": 0.6476385213078699, "r7": 1.5928085381492045}, "datetime": {"datetime": "2020-01-18 09:07:48", "elapsed": 44454.718745, "delta": 36.168083}}
{"target": 17.95, "params": {"d0": 3.415406895768683, "d1": -0.45122013687986673, "d2": 1.2168588460965442, "g0": 2.5574698450653433, "g1": 0.14365076016963607, "g2": -7.036135112555121, "g3": 1.4219791274586326, "g4": 1.2350016126109662, "g5": -0.3041911290927239, "g6": 0.9408087721301697, "g7": 1.5847737986501085, "i0": 3.364608959276447, "i1": 0.15808622408964979, "i2": -1.163030753953663, "i3": 1.3894832824623247, "i4": 0.8608578558875126, "i5": -0.3895472723136479, "i6": 0.7745430671907143, "i7": 1.7765278593473288, "r0": 3.1715675706656707, "r1": 0.9675007285345765, "r2": -9.917178856286888, "r3": 0.766856150211, "r4": 0.9292984309656923, "r5": 0.011536288738883904, "r6": 0.7148988666630403, "r7": 1.4097520044183847}, "datetime": {"datetime": "2020-01-18 09:08:16", "elapsed": 44483.186667, "delta": 28.467922}}
{"target": 10.9, "params": {"d0": 3.3057687621408998, "d1": -8.715904550241385, "d2": 1.4295208535588775, "g0": 4.460526733179277, "g1": 0.17607696303621412, "g2": -3.884760112433476, "g3": 1.1268690600808773, "g4": 1.0666161952164326, "g5": 0.6082782551042003, "g6": -0.20779991797005104, "g7": 0.9841586674035117, "i0": 0.16842791799519752, "i1": 0.06427025521773377, "i2": -3.5989696558510715, "i3": 0.847102001238692, "i4": 0.9053841847162947, "i5": 0.6749874221658951, "i6": -0.13591016470242456, "i7": 1.025308943042678, "r0": 4.4095408064567305, "r1": 0.8748696045984716, "r2": -6.0690906077354825, "r3": 1.1478920728463755, "r4": 1.1458614176258675, "r5": 0.007923988840171425, "r6": 0.779276112622785, "r7": 1.1102321541064615}, "datetime": {"datetime": "2020-01-18 09:08:58", "elapsed": 44524.963509, "delta": 41.776842}}
{"target": 11.6, "params": {"d0": 0.7512692286080397, "d1": -5.962667411111821, "d2": 1.0236568969977315, "g0": 1.073121878860922, "g1": 0.010813015495691691, "g2": -8.400133745330576, "g3": 0.7565022400998056, "g4": 1.2997057496058533, "g5": 0.4312701405539652, "g6": -0.4939915402641901, "g7": 1.2077099928124206, "i0": 1.4835467581623374, "i1": 0.616497071966197, "i2": -3.3516575903672576, "i3": 1.0984785919930646, "i4": 0.888917037988058, "i5": -0.24398888206090152, "i6": 0.4652529168859658, "i7": 1.612258165492706, "r0": 2.711740466449154, "r1": 0.09287692134552183, "r2": -9.937329514532813, "r3": 1.0208832720765133, "r4": 1.2098580529647194, "r5": 0.17745166604145057, "r6": 0.7846801552521199, "r7": 0.9475612846086239}, "datetime": {"datetime": "2020-01-18 09:09:28", "elapsed": 44554.686154, "delta": 29.722645}}
{"target": 16.3, "params": {"d0": 2.617283665654554, "d1": -6.067541986227264, "d2": 0.9283169635950744, "g0": 1.1760811571560004, "g1": 0.6599162299740049, "g2": -5.4153392529652855, "g3": 0.748049897423823, "g4": 0.8540591397654598, "g5": 0.5343289020451931, "g6": -0.015504397490223365, "g7": 1.5956226776679143, "i0": 0.1466398688102738, "i1": 0.961043749553001, "i2": -3.1199308284955833, "i3": 1.1929201260056257, "i4": 1.2361713957443334, "i5": 0.38622887285841, "i6": -0.46390399368986346, "i7": 1.470663502087555, "r0": 1.6508250327711393, "r1": 0.19617485217669384, "r2": -2.5289614727953786, "r3": 1.1085091579804913, "r4": 1.2353381963319494, "r5": -0.09172541132407219, "r6": 0.786073672863616, "r7": 1.4093722588412094}, "datetime": {"datetime": "2020-01-18 09:10:01", "elapsed": 44587.554091, "delta": 32.867937}}
{"target": 8.25, "params": {"d0": 0.7136247039446014, "d1": -5.240443237928998, "d2": 1.27468824742909, "g0": 2.940182544848664, "g1": 0.20503684882437057, "g2": -6.539628394064511, "g3": 0.8362225248530013, "g4": 1.1700320189814684, "g5": -0.24669922182902193, "g6": -0.4600774830365246, "g7": 1.2899010131182187, "i0": 0.24866915688436075, "i1": 0.8403702191099186, "i2": -9.339010581808022, "i3": 0.7291169615244975, "i4": 1.1471126138556278, "i5": -0.6765552237946184, "i6": -0.10919852562666815, "i7": 1.8836195093198795, "r0": 2.7192025142400156, "r1": 0.9672804309227299, "r2": -4.51416647416655, "r3": 1.171721446454673, "r4": 1.0911885475462433, "r5": -0.3438575421687965, "r6": -0.4097003473340283, "r7": 1.6053721821725375}, "datetime": {"datetime": "2020-01-18 09:10:44", "elapsed": 44630.777952, "delta": 43.223861}}
{"target": 13.8, "params": {"d0": 2.4998558274578637, "d1": -3.258805684970109, "d2": 0.8155528652943734, "g0": 4.555579994082132, "g1": 0.3705716449388321, "g2": -6.5426046061733825, "g3": 1.435179400672484, "g4": 1.1898916788484488, "g5": 0.426285380507889, "g6": 0.39534968579027907, "g7": 1.439767269836275, "i0": 0.9228992637327293, "i1": 0.5054119675321509, "i2": -7.921780102168078, "i3": 0.7857682506110278, "i4": 1.004410484951062, "i5": 0.25359182544620085, "i6": -0.4052395205996756, "i7": 1.480947234179033, "r0": 2.7934268733787126, "r1": 0.559882761366098, "r2": -2.719351172680657, "r3": 0.722175271700154, "r4": 1.2730323529109615, "r5": -0.34581214589216724, "r6": 0.9850156462659747, "r7": 1.5820627547739035}, "datetime": {"datetime": "2020-01-18 09:11:15", "elapsed": 44661.599981, "delta": 30.822029}}
{"target": 19.85, "params": {"d0": 3.2922254745298036, "d1": -2.3354709946247105, "d2": 0.7163093602543964, "g0": 1.1419705217125404, "g1": 0.9700090275225297, "g2": -9.493785546642576, "g3": 1.3219638621868859, "g4": 1.247465431972573, "g5": -0.2967520585112432, "g6": 0.5502969087487428, "g7": 1.9070716447426452, "i0": 2.2246857173292414, "i1": 0.4941851223195459, "i2": -7.675103925306304, "i3": 1.1229320303216286, "i4": 1.2879981634731332, "i5": -0.21350055729470996, "i6": 0.35614425935962846, "i7": 1.7304069575017822, "r0": 3.3863567228733213, "r1": 0.4346072496497192, "r2": -5.850070767325439, "r3": 1.4856907071034178, "r4": 0.9104401733919771, "r5": -0.013707463653419238, "r6": -0.3915850936578215, "r7": 1.6953855043199741}, "datetime": {"datetime": "2020-01-18 09:11:45", "elapsed": 44691.957979, "delta": 30.357998}}
{"target": 12.7, "params": {"d0": 4.163682393463299, "d1": -3.443001111152727, "d2": 1.1929931295439427, "g0": 4.431035115014012, "g1": 0.22149595451488713, "g2": -3.1960113003571813, "g3": 1.1601264992905802, "g4": 1.1185155344840343, "g5": 0.6274963316929909, "g6": -0.4980964674554768, "g7": 1.2720461524711033, "i0": 0.7134308035622311, "i1": 0.5401998350118116, "i2": -3.30315479966659, "i3": 1.2687469054533014, "i4": 0.8989564105958436, "i5": 0.7703959617403999, "i6": -0.21541109010115045, "i7": 1.5465007734227791, "r0": 3.2675968274721763, "r1": 0.8222518701218275, "r2": -6.922430422108409, "r3": 1.2954563865944997, "r4": 0.8155022635084866, "r5": -0.002197192512654822, "r6": 0.5649794071976522, "r7": 1.6122148293125336}, "datetime": {"datetime": "2020-01-18 09:12:22", "elapsed": 44729.107544, "delta": 37.149565}}
{"target": 13.35, "params": {"d0": 0.7828042643829858, "d1": -1.7658600447354704, "d2": 0.85051066424046, "g0": 2.948214323608968, "g1": 0.046611231146212906, "g2": -7.907394382212577, "g3": 1.2866301176323813, "g4": 1.1371725682831482, "g5": -0.08369016785562455, "g6": 0.6246943547108756, "g7": 1.2926450119505417, "i0": 3.1760433574461864, "i1": 0.03487334641973405, "i2": -4.966373470516464, "i3": 1.0112006332106263, "i4": 0.8596230431038553, "i5": -0.17877485168186902, "i6": 0.21988711814716588, "i7": 1.3259467858714502, "r0": 2.6238896006811614, "r1": 0.5519193319301766, "r2": -9.086421974614943, "r3": 1.3010387421343694, "r4": 1.2573833520234683, "r5": -0.28681979810312797, "r6": 0.5307769620041083, "r7": 1.2952610013990526}, "datetime": {"datetime": "2020-01-18 09:13:04", "elapsed": 44771.123139, "delta": 42.015595}}
{"target": 19.65, "params": {"d0": 3.8488011340019153, "d1": -0.41913412540241346, "d2": 1.1753240675005427, "g0": 0.015414366601865237, "g1": 0.2084010698642781, "g2": -5.15586640711859, "g3": 1.1201979732928624, "g4": 0.9050195074119396, "g5": -0.310934805622251, "g6": 0.2526391025671303, "g7": 1.9524786685001407, "i0": 3.017631938606154, "i1": 0.6515280211063569, "i2": -6.952907424046687, "i3": 1.210128173404605, "i4": 1.2361364196279692, "i5": 0.6055693251355996, "i6": 0.6014715229204144, "i7": 1.7219927268193205, "r0": 2.5875259943494417, "r1": 0.46692332577281825, "r2": -8.154259342356497, "r3": 0.8670080753538792, "r4": 0.8383888930683501, "r5": 0.6545922212555817, "r6": 0.917094756653748, "r7": 1.0942380766229565}, "datetime": {"datetime": "2020-01-18 09:13:37", "elapsed": 44804.034529, "delta": 32.91139}}
