{"target": 20.55, "params": {"d0": 4.049397535272195, "d1": -1.3076654207993081, "d2": 0.9508519739867771, "g0": 0.5695533096144024, "g1": 0.42459950399424046, "g2": -4.855930716957564, "g3": 1.2268840358089315, "g4": 1.1900608741114962, "g5": -0.07396518423496644, "g6": 0.17779584643797747, "g7": 1.718660586668721, "i0": 3.6740067320599583, "i1": 0.605094882481148, "i2": -6.462002124042306, "i3": 1.0430640606210937, "i4": 1.054817421382669, "i5": -0.23118438460040086, "i6": -0.05147179071758128, "i7": 1.7060580086684594, "r0": 2.1016177115096943, "r1": 0.2616350605644984, "r2": -8.85683903589854, "r3": 1.0895207038785415, "r4": 0.9607212144117983, "r5": 0.43806159612365103, "r6": 0.2548888224617897, "r7": 1.61273216105559}, "datetime": {"datetime": "2020-01-19 02:40:25", "elapsed": 38864.71593, "delta": 39.318986}}
{"target": 20.65, "params": {"d0": 3.7834784176768452, "d1": -1.3315170358537238, "d2": 0.9613382850280358, "g0": 0.6199245307801606, "g1": 0.32585741150889697, "g2": -4.917987176559033, "g3": 1.2682248932248326, "g4": 1.117650703128949, "g5": -0.014583908872958514, "g6": 0.20430270517303337, "g7": 1.519718697927851, "i0": 3.998377473320845, "i1": 0.5582889950841275, "i2": -6.795482803799888, "i3": 0.9615023643163892, "i4": 0.9882859051862171, "i5": -0.1578885105644619, "i6": 0.08715595747038804, "i7": 1.531437941600116, "r0": 2.270366913449109, "r1": 0.2651675111147153, "r2": -9.005075224134693, "r3": 1.054331383161835, "r4": 1.1111954053363873, "r5": 0.42321880961805325, "r6": 0.20573867541418686, "r7": 1.477502247996093}, "datetime": {"datetime": "2020-01-19 02:41:02", "elapsed": 38901.3412, "delta": 36.62527}}
{"target": 19.85, "params": {"d0": 4.17501687969374, "d1": -8.678739897542277, "d2": 1.3062452284968338, "g0": 0.1342568870547459, "g1": 0.7508689883915979, "g2": -3.0512749653495908, "g3": 0.8642868780906177, "g4": 1.1865602856831852, "g5": -0.08016426685699421, "g6": -0.05303631183824556, "g7": 1.0831409339088351, "i0": 1.2971198304387703, "i1": 0.35875683746481923, "i2": -5.714647118787137, "i3": 0.9236619677464205, "i4": 1.2240463436960638, "i5": -0.047550297961589404, "i6": -0.18369295540457178, "i7": 1.1019329370652873, "r0": 0.11832111252928412, "r1": 0.2031307704749192, "r2": -9.789428602773926, "r3": 0.9724592100072059, "r4": 1.0690234032818289, "r5": -0.2782170967432806, "r6": 0.6901596437982565, "r7": 1.4377233289114526}, "datetime": {"datetime": "2020-01-19 02:41:42", "elapsed": 38941.514684, "delta": 40.173484}}
{"target": 20.8, "params": {"d0": 3.207948095943343, "d1": -8.97939321512555, "d2": 0.9092789799148401, "g0": 0.653004001295366, "g1": 0.514467400120742, "g2": -5.077980381173372, "g3": 1.4095128318665209, "g4": 1.1043328033410986, "g5": -0.42236809646125895, "g6": 0.15629460952763544, "g7": 1.6512322011116538, "i0": 4.351183510925623, "i1": 0.641421413866841, "i2": -5.6955029970556055, "i3": 1.0802474897507905, "i4": 1.055785890780806, "i5": -0.00513202196203159, "i6": -0.24797479559562732, "i7": 1.769717369745683, "r0": 1.8694919474295766, "r1": 0.760638716537214, "r2": -1.7761119582220382, "r3": 1.3129172849347914, "r4": 0.9714367084760288, "r5": -0.37745213675630535, "r6": 0.13676262329309974, "r7": 1.531955330301218}, "datetime": {"datetime": "2020-01-19 02:42:27", "elapsed": 38986.501547, "delta": 44.986863}}
{"target": 20.7, "params": {"d0": 3.198906055252139, "d1": -1.6691004426233134, "d2": 1.1113186572251932, "g0": 0.5319223859235033, "g1": 0.603203011345893, "g2": -4.964519558587579, "g3": 1.220824242430382, "g4": 1.081349599137716, "g5": 0.023587436733101413, "g6": 0.2485894477232548, "g7": 1.6572935908222, "i0": 3.256289459722947, "i1": 0.4837271825139285, "i2": -6.339152527640209, "i3": 1.0627872635963735, "i4": 0.9437253625812588, "i5": -0.1703284291397156, "i6": 0.012373282773977097, "i7": 1.518007797978333, "r0": 3.7977776521374786, "r1": 0.5937017693185856, "r2": -8.337130383370686, "r3": 1.0034958651870094, "r4": 1.1875061641787232, "r5": 0.47337193818574635, "r6": -0.1052087796775189, "r7": 1.7413114508195033}, "datetime": {"datetime": "2020-01-19 02:43:04", "elapsed": 39023.67127, "delta": 37.169723}}
{"target": 20.95, "params": {"d0": 3.856968578338846, "d1": -1.4015810239837614, "d2": 0.9792867444982666, "g0": 0.5377509392722686, "g1": 0.2764746993736771, "g2": -4.877086849143478, "g3": 1.2283911944399057, "g4": 1.180488654953245, "g5": -0.01181603065717658, "g6": 0.19818599087554198, "g7": 1.5191286720072745, "i0": 3.941688925763309, "i1": 0.5911293271108379, "i2": -6.745755892097319, "i3": 0.9501604208856484, "i4": 1.1205785523305287, "i5": -0.2912890071395615, "i6": 0.035595515667812085, "i7": 1.613978227174001, "r0": 2.0001518894209065, "r1": 0.2303622732791323, "r2": -8.897909376791317, "r3": 1.0910750478171265, "r4": 1.032606801262508, "r5": 0.33163262347555134, "r6": 0.16370474402977872, "r7": 1.5804169543759161}, "datetime": {"datetime": "2020-01-19 02:43:45", "elapsed": 39064.236744, "delta": 40.565474}}
{"target": 21.15, "params": {"d0": 3.8508009347710597, "d1": -1.429863965597229, "d2": 0.9038948789339736, "g0": 0.6414800086889489, "g1": 0.2884038983536992, "g2": -5.328197725793302, "g3": 1.1507201596521504, "g4": 1.1311876180089528, "g5": 0.01715529826324231, "g6": 0.15542485197856729, "g7": 1.534585581820709, "i0": 3.729282112010568, "i1": 0.5894791866450274, "i2": -6.54419615956201, "i3": 0.9969033539533936, "i4": 1.0861059087133162, "i5": -0.4141137947821803, "i6": 0.03021237121615013, "i7": 1.6421866952493915, "r0": 1.6973282319917453, "r1": 0.25391193402500234, "r2": -8.759360926940724, "r3": 1.2691622366598467, "r4": 1.079281281528002, "r5": 0.34731777996243596, "r6": 0.16237181443114238, "r7": 1.5522545018148277}, "datetime": {"datetime": "2020-01-19 02:44:29", "elapsed": 39108.84271, "delta": 44.605966}}
{"target": 20.7, "params": {"d0": 3.8599661501564193, "d1": -1.7618703110041847, "d2": 0.7719978597546627, "g0": 0.6358720792056474, "g1": 0.453594680720357, "g2": -3.4746194782195885, "g3": 1.24641223442197, "g4": 1.0610889652132556, "g5": -0.07631973637082523, "g6": 0.37220368478611254, "g7": 1.8439078113446776, "i0": 3.9438648772737253, "i1": 0.3382688375932409, "i2": -4.814637369680097, "i3": 1.473566759668917, "i4": 1.191250783034762, "i5": -0.04889168010572155, "i6": 0.5003186273128424, "i7": 1.282566832195113, "r0": 4.606247876646493, "r1": 0.9990161502729309, "r2": -4.923390261473263, "r3": 1.4972456717058515, "r4": 1.2435082429920299, "r5": -0.498397131891136, "r6": -0.2957837771421479, "r7": 1.133796828568263}, "datetime": {"datetime": "2020-01-19 02:45:13", "elapsed": 39152.196961, "delta": 43.354251}}
{"target": 20.65, "params": {"d0": 3.378055372324868, "d1": -9.313438139751687, "d2": 0.8309464849483872, "g0": 0.9091014847680438, "g1": 0.575260315219776, "g2": -5.443432685686914, "g3": 1.5, "g4": 1.0157254976586034, "g5": -0.36367321325645763, "g6": 0.03928754064306715, "g7": 1.6427204783792961, "i0": 4.57463766332165, "i1": 0.7148302659455871, "i2": -5.8409469712017, "i3": 0.9676122452287718, "i4": 1.143226854020024, "i5": 0.12303795418669776, "i6": -0.31145871744814346, "i7": 1.7148525835300994, "r0": 1.8259697356232365, "r1": 0.7140045909635417, "r2": -1.6475516345433538, "r3": 1.385605023192116, "r4": 0.9557685026168812, "r5": -0.5034526591626965, "r6": 0.03820160194743004, "r7": 1.5928726674381821}, "datetime": {"datetime": "2020-01-19 02:45:49", "elapsed": 39188.362327, "delta": 36.165366}}
{"target": 20.05, "params": {"d0": 4.0797852858549675, "d1": -3.5877493019695272, "d2": 1.1831645770787376, "g0": 0.6504100134453673, "g1": 0.05334454294846974, "g2": -8.869164488285508, "g3": 1.1710129811845942, "g4": 1.2374231234331348, "g5": 0.11078042892502045, "g6": 0.77850392119476, "g7": 1.1259103312262944, "i0": 4.439477921561143, "i1": 0.8061402454182874, "i2": -5.843149187991547, "i3": 0.9476545132300318, "i4": 1.135881650082545, "i5": -0.561431901045557, "i6": 0.11989036756577832, "i7": 1.740319885408656, "r0": 0.7055866552305925, "r1": 0.6512555485189919, "r2": -4.567093888369898, "r3": 1.0950038983573256, "r4": 1.0455138209859023, "r5": -0.5939571937728382, "r6": 0.6416278323342999, "r7": 1.8078277362621262}, "datetime": {"datetime": "2020-01-19 02:46:26", "elapsed": 39225.107426, "delta": 36.745099}}
{"target": 20.05, "params": {"d0": 1.5473629226014616, "d1": -7.17014962678325, "d2": 1.040235220925557, "g0": 0.6550197296026458, "g1": 0.512385127978841, "g2": -5.407043362871646, "g3": 1.4132950903014914, "g4": 0.9664049664725533, "g5": -0.5310492319385673, "g6": 0.2858386607813541, "g7": 1.4864996210835384, "i0": 1.996253944727501, "i1": 0.28869077093979284, "i2": -4.706939538037968, "i3": 1.4388350530313148, "i4": 0.9251187325885047, "i5": -0.30833009833521474, "i6": -0.41073679566939514, "i7": 1.818405127571798, "r0": 1.4757612488406056, "r1": 0.11036745445917492, "r2": -2.637559901716592, "r3": 1.3576507807399336, "r4": 1.0219099591400551, "r5": -0.20880857052239019, "r6": 0.5296410989811126, "r7": 1.1741804988641507}, "datetime": {"datetime": "2020-01-19 02:47:07", "elapsed": 39266.001986, "delta": 40.89456}}
{"target": 19.55, "params": {"d0": 3.0390789524458492, "d1": -7.888438902518232, "d2": 0.9452747600354994, "g0": 0.35802968728261103, "g1": 0.3967915705687377, "g2": -5.129246970882562, "g3": 1.3834733852012446, "g4": 1.1462782473102135, "g5": -0.4804101672357127, "g6": 0.4195038087646503, "g7": 1.6086569678397997, "i0": 3.021830188806493, "i1": 0.6652423957556214, "i2": -5.545025941975419, "i3": 1.1570748421397918, "i4": 0.9947591304275952, "i5": -0.07603078964838669, "i6": -0.15839528375318437, "i7": 1.7166942224857722, "r0": 1.7736050508387082, "r1": 0.4772630098705198, "r2": -2.478183881405424, "r3": 1.1414448323159634, "r4": 1.0040725879641512, "r5": -0.08320756965494863, "r6": 0.3951191533393863, "r7": 1.4926587033277479}, "datetime": {"datetime": "2020-01-19 02:47:47", "elapsed": 39306.697822, "delta": 40.695836}}
{"target": 20.2, "params": {"d0": 3.344803255982271, "d1": -9.098366941173259, "d2": 0.8377005147525458, "g0": 1.0196828824458402, "g1": 0.5774644078248897, "g2": -5.574285679756943, "g3": 1.5, "g4": 1.0519759320872564, "g5": -0.26038748341242257, "g6": 0.1798787840229371, "g7": 1.602661173343275, "i0": 4.514703543626751, "i1": 0.8074951359062751, "i2": -5.77672506208061, "i3": 0.9067846004281361, "i4": 1.1712658629593595, "i5": 0.2092789037584375, "i6": -0.11335593361214671, "i7": 1.6998719179530624, "r0": 1.6241237532977524, "r1": 0.837323205025076, "r2": -1.5765383229003225, "r3": 1.4277080085980185, "r4": 0.937142370627328, "r5": -0.6215372822312356, "r6": -0.030236776967987992, "r7": 1.5285926572729789}, "datetime": {"datetime": "2020-01-19 02:48:29", "elapsed": 39348.343038, "delta": 41.645216}}
{"target": 20.25, "params": {"d0": 2.094586156781717, "d1": -1.524555915562807, "d2": 1.3087055434755894, "g0": 0.7163153143708673, "g1": 0.4568291453754727, "g2": -3.819808471737245, "g3": 1.1088747997675446, "g4": 1.0290844620994202, "g5": -0.21958880739082015, "g6": 0.6811932563467001, "g7": 1.2215308122723039, "i0": 2.413393591325781, "i1": 0.571179254275787, "i2": -4.633646381072215, "i3": 1.479115183228273, "i4": 1.1764284880492837, "i5": -0.38077851967481025, "i6": -0.13661750681687462, "i7": 1.164383941616915, "r0": 3.1778036229271773, "r1": 0.8569389082840099, "r2": -3.195602508995357, "r3": 1.4635896349633604, "r4": 0.8709846143697781, "r5": -0.10436817785019184, "r6": 0.5371384617851128, "r7": 1.3258802218029375}, "datetime": {"datetime": "2020-01-19 02:49:11", "elapsed": 39390.199333, "delta": 41.856295}}
{"target": 20.75, "params": {"d0": 3.3506521128251183, "d1": -1.5530168556751487, "d2": 0.9781031204261611, "g0": 0.5648438032280416, "g1": 0.5090467322880377, "g2": -5.137923825119348, "g3": 1.1924385752576732, "g4": 1.1384368457646792, "g5": -0.022384511695910096, "g6": 0.20386341818829323, "g7": 1.7287032075015107, "i0": 3.2185260513038156, "i1": 0.6145182208482779, "i2": -6.550145447369719, "i3": 0.9597320616546822, "i4": 0.9921743690924062, "i5": -0.09514779493201361, "i6": 0.017347608989344575, "i7": 1.448002386040222, "r0": 3.732987664302193, "r1": 0.5237716081502003, "r2": -8.594067384864, "r3": 1.0617069363382003, "r4": 1.0873765256811587, "r5": 0.3922178299507779, "r6": -0.059499492110923306, "r7": 1.562292652668342}, "datetime": {"datetime": "2020-01-19 02:49:48", "elapsed": 39427.48966, "delta": 37.290327}}
{"target": 21.55, "params": {"d0": 3.362330019372855, "d1": -1.434666105220401, "d2": 0.9837236322748936, "g0": 0.5530504905919245, "g1": 0.6408276559188465, "g2": -4.775887314502613, "g3": 1.1446592928015016, "g4": 1.1199543244372228, "g5": 0.10746226443375405, "g6": 0.2280853423435112, "g7": 1.5386407314401374, "i0": 4.016623266647716, "i1": 0.722022409327771, "i2": -6.8362786289201365, "i3": 1.0557340486208167, "i4": 0.9954003821831243, "i5": -0.07652324329854303, "i6": 0.16203057496029402, "i7": 1.4479561235786982, "r0": 2.766703774416648, "r1": 0.41006124299012087, "r2": -8.808615099011446, "r3": 0.9479464761330393, "r4": 1.0894301468064034, "r5": 0.6817090366691871, "r6": 0.3316550477388738, "r7": 1.4008296389807164}, "datetime": {"datetime": "2020-01-19 02:50:31", "elapsed": 39470.011826, "delta": 42.522166}}
{"target": 20.4, "params": {"d0": 3.231676204877722, "d1": -1.5221097091124913, "d2": 1.00320670355796, "g0": 0.4164408777311843, "g1": 0.5482587862681104, "g2": -5.221034937452703, "g3": 1.0367047701538437, "g4": 1.078208368382264, "g5": 0.07981190999177658, "g6": 0.1606702011213305, "g7": 1.7502144070681607, "i0": 3.3227268055700416, "i1": 0.5621899027856798, "i2": -6.677496786073792, "i3": 1.0854624634961272, "i4": 1.0376680413124257, "i5": -0.07752685891134768, "i6": 0.07815690385642322, "i7": 1.453098804070705, "r0": 3.5603482063943295, "r1": 0.4673984558281939, "r2": -8.630930476312479, "r3": 1.1472091119421444, "r4": 1.1762798053597254, "r5": 0.30468222182871374, "r6": 0.020287991169189366, "r7": 1.4530945366453798}, "datetime": {"datetime": "2020-01-19 02:51:08", "elapsed": 39507.141449, "delta": 37.129623}}
{"target": 21.25, "params": {"d0": 3.1205598283384703, "d1": -1.7078197978173886, "d2": 1.0175851292442508, "g0": 0.5280989675233934, "g1": 0.5737506649708268, "g2": -4.969133822113894, "g3": 1.2239230515015993, "g4": 1.0687889404271664, "g5": 0.013846623088128064, "g6": 0.16984781328917445, "g7": 1.7276720922339013, "i0": 3.256543606948172, "i1": 0.47747785140719246, "i2": -6.413734702144288, "i3": 0.9823336115095832, "i4": 1.073822942160927, "i5": -0.23520876251789247, "i6": 0.0914256940820703, "i7": 1.546359274622274, "r0": 3.9706144365306635, "r1": 0.5007133166856875, "r2": -8.464002169280976, "r3": 1.0497837830316519, "r4": 1.0968306843234146, "r5": 0.45886984642870005, "r6": -0.0225623089217516, "r7": 1.664898719543436}, "datetime": {"datetime": "2020-01-19 02:51:46", "elapsed": 39545.673447, "delta": 38.531998}}
{"target": 19.9, "params": {"d0": 2.19469624225408, "d1": -7.190015560673898, "d2": 0.9951075110015505, "g0": 0.2973505086618461, "g1": 0.3667605932064615, "g2": -5.154541651839186, "g3": 1.4221226207220776, "g4": 1.1191249749837555, "g5": -0.5305564099533192, "g6": 0.39567827482194967, "g7": 1.5333900514953414, "i0": 1.9027253475941783, "i1": 0.42218383374667556, "i2": -4.889232095296631, "i3": 1.361143626096802, "i4": 0.9167364168090943, "i5": -0.20896080848212947, "i6": -0.3024361215609423, "i7": 1.7012442441226796, "r0": 1.7438747584587775, "r1": 0.24055092398039302, "r2": -3.0501607192707314, "r3": 1.1357236874156629, "r4": 1.0478935149110669, "r5": -0.024875484672567224, "r6": 0.5211681454986934, "r7": 1.2938440015799837}, "datetime": {"datetime": "2020-01-19 02:52:23", "elapsed": 39582.842722, "delta": 37.169275}}
{"target": 19.65, "params": {"d0": 1.5355367268823379, "d1": -8.744296453459512, "d2": 1.1767048546130368, "g0": 1.2179763251666078, "g1": 0.6815246262597346, "g2": -6.623170411770103, "g3": 1.1857818020226216, "g4": 1.1556275776252265, "g5": 0.08325346147304474, "g6": 0.4320093871824659, "g7": 1.2167884926456334, "i0": 1.4542100713947645, "i1": 0.8138997456807912, "i2": -7.860227675721269, "i3": 0.958164740361918, "i4": 1.1941890042722563, "i5": -0.686271295417154, "i6": 0.3849241590315719, "i7": 1.8240946222393468, "r0": 0.1622670836974905, "r1": 0.6257067099446012, "r2": -7.46223268033482, "r3": 1.285192536800066, "r4": 1.2702790114463423, "r5": -0.37990100544265953, "r6": 0.4821998185688591, "r7": 1.7359056414839802}, "datetime": {"datetime": "2020-01-19 02:53:01", "elapsed": 39620.233699, "delta": 37.390977}}
{"target": 18.7, "params": {"d0": 1.8052666012963583, "d1": -6.341700542404297, "d2": 1.3752455635702998, "g0": 0.8594642316975336, "g1": 0.2714313023286772, "g2": -3.471917953279416, "g3": 0.8557877818401445, "g4": 1.1294333146138396, "g5": -0.6620152897678123, "g6": 0.3586770096333119, "g7": 1.8227460529534163, "i0": 0.5569890161576477, "i1": 0.8668526540659955, "i2": -2.1071463170326488, "i3": 1.1373454861411803, "i4": 0.9998187126939683, "i5": 0.3413035231512616, "i6": -0.31812942393615035, "i7": 1.6959340284450013, "r0": 3.192975900034193, "r1": 0.45473419111452057, "r2": -1.8246548987393376, "r3": 1.150154825659648, "r4": 1.149387679144792, "r5": -0.23678128676031787, "r6": -0.37803156352125467, "r7": 1.6391472070567872}, "datetime": {"datetime": "2020-01-19 02:53:41", "elapsed": 39660.561148, "delta": 40.327449}}
{"target": 21.1, "params": {"d0": 3.8303189475544492, "d1": -1.3590964667839875, "d2": 0.9606655162299532, "g0": 0.6244333072708322, "g1": 0.4162629801902597, "g2": -4.768985784986963, "g3": 1.22112267075523, "g4": 1.1219356132437561, "g5": 0.018973470071635298, "g6": 0.2460561106601731, "g7": 1.5867701405763435, "i0": 3.9586992376534074, "i1": 0.6918036479497474, "i2": -6.745938113154349, "i3": 0.8424067470926087, "i4": 1.0725048462228137, "i5": -0.21946507437315088, "i6": -0.025215616794219853, "i7": 1.5979756406766745, "r0": 2.210908738282079, "r1": 0.4562326380718656, "r2": -8.910314671026768, "r3": 1.029484100415224, "r4": 1.009080989688463, "r5": 0.4124621662903533, "r6": 0.27790503613811274, "r7": 1.5573541190891595}, "datetime": {"datetime": "2020-01-19 02:54:18", "elapsed": 39697.306443, "delta": 36.745295}}
{"target": 19.7, "params": {"d0": 3.732489357075747, "d1": -2.819460720270968, "d2": 1.3374571307444063, "g0": 1.1836077720227214, "g1": 0.6242534668737114, "g2": -9.527258717329701, "g3": 1.4189465957742073, "g4": 1.2672218933249038, "g5": -0.04729910721995926, "g6": 0.4053360018774994, "g7": 1.771750805307877, "i0": 1.4037667422195255, "i1": 0.3978005967473251, "i2": -7.209561449225451, "i3": 1.1295003686400016, "i4": 1.2740994145650901, "i5": -0.18789709357657552, "i6": -0.2993048338020485, "i7": 1.662763530050061, "r0": 2.6270354602808608, "r1": 0.3183604634710675, "r2": -5.862361274545318, "r3": 1.4046079822162236, "r4": 1.1625310914388232, "r5": -0.44205477036656643, "r6": 0.3788204077948492, "r7": 1.9434057888385645}, "datetime": {"datetime": "2020-01-19 02:54:54", "elapsed": 39733.918045, "delta": 36.611602}}
{"target": 21.0, "params": {"d0": 3.2352355734408875, "d1": -8.925529561750055, "d2": 0.8957654281782694, "g0": 0.8039406836767755, "g1": 0.48509711119215226, "g2": -5.20034929786634, "g3": 1.3931476712686395, "g4": 1.0859038196724984, "g5": -0.3161155780887434, "g6": 0.11558236643282492, "g7": 1.6313493767252132, "i0": 4.320349890950347, "i1": 0.6913735533105922, "i2": -5.713368748611438, "i3": 1.019089023986896, "i4": 1.1210901095526686, "i5": 0.11617219361497647, "i6": -0.17037443339248187, "i7": 1.6861473887217862, "r0": 1.7073756205555966, "r1": 0.5965665893872365, "r2": -1.7243145517892335, "r3": 1.2847083186895556, "r4": 0.9562342108922001, "r5": -0.4241740684979185, "r6": 0.1367411404002627, "r7": 1.515101686067615}, "datetime": {"datetime": "2020-01-19 02:55:32", "elapsed": 39771.781978, "delta": 37.863933}}
{"target": 20.4, "params": {"d0": 3.0842563131214003, "d1": -8.149073562194802, "d2": 0.9425810195472368, "g0": 0.3427284704946354, "g1": 0.3280056364729444, "g2": -5.428596946086785, "g3": 1.3822227985935005, "g4": 1.1703444604203086, "g5": -0.43292338124411944, "g6": 0.3827272338029485, "g7": 1.6554483788763477, "i0": 3.0840366360755107, "i1": 0.6260340147301698, "i2": -5.439723246963607, "i3": 1.146076367696514, "i4": 1.0077069171981887, "i5": -0.040396659816153466, "i6": -0.13675623366826314, "i7": 1.6155375616550758, "r0": 2.038836242403479, "r1": 0.5164406351946985, "r2": -2.6921505574545654, "r3": 1.1708572069038419, "r4": 1.0375161963181279, "r5": -0.13744991627927022, "r6": 0.34031941308060026, "r7": 1.4994193216079885}, "datetime": {"datetime": "2020-01-19 02:56:11", "elapsed": 39810.683488, "delta": 38.90151}}
{"target": 20.85, "params": {"d0": 3.276823703100233, "d1": -1.4368260132891297, "d2": 0.9940294616462301, "g0": 0.5710156013520019, "g1": 0.5707222797742889, "g2": -4.997412266634672, "g3": 1.1953977750670373, "g4": 1.1262508578751362, "g5": 0.026690416020728615, "g6": 0.22901822952092749, "g7": 1.5134244964024792, "i0": 3.8888170523321373, "i1": 0.6616574046100409, "i2": -6.847937646425983, "i3": 1.0672807106330762, "i4": 0.9388557820782342, "i5": -0.1182967556538319, "i6": 0.20686668011335643, "i7": 1.4722873132067753, "r0": 2.8254478639296337, "r1": 0.3967833982851679, "r2": -8.770794210603505, "r3": 0.9498064201944778, "r4": 1.0687538426131982, "r5": 0.5928932622741462, "r6": 0.25329208863137415, "r7": 1.4397103684848747}, "datetime": {"datetime": "2020-01-19 02:56:47", "elapsed": 39846.624759, "delta": 35.941271}}
