{"target": 14.65, "params": {"d0": 4.530172021808376, "d1": -8.293927028455174, "d2": 1.4321227687590854, "g0": 1.6821572212684517, "g1": 0.9164599479448043, "g2": -7.099725927975099, "g3": 0.9390045168274564, "g4": 0.8725997547597515, "g5": -0.579218497441814, "g6": 0.8415211943052299, "g7": 1.2527496575566337, "i0": 1.782717861568099, "i1": 0.6494623903377823, "i2": -8.211670300632317, "i3": 0.9474794089353061, "i4": 1.1383962960249119, "i5": -0.30306900131558784, "i6": 0.4620906609695833, "i7": 1.097272652261894, "r0": 0.9543367314707663, "r1": 0.8089060203810154, "r2": -3.4497516693825645, "r3": 0.7318205987321676, "r4": 1.0834008673895508, "r5": 0.48349976806076267, "r6": 0.8595695149809659, "r7": 1.0741014938572753}, "datetime": {"datetime": "2020-01-18 10:27:25", "elapsed": 49232.100849, "delta": 44.587469}}
{"target": 17.35, "params": {"d0": 1.2484638666657983, "d1": -9.189162211285126, "d2": 1.1499193135699695, "g0": 0.1592296459892356, "g1": 0.6818424276918416, "g2": -1.552786786511291, "g3": 1.3730190695476063, "g4": 1.017639115454995, "g5": -0.7515959695653907, "g6": 0.9187569779664242, "g7": 1.3947630916357898, "i0": 0.06298386676242662, "i1": 0.15453854863664263, "i2": -8.797926532194785, "i3": 1.1952674218975643, "i4": 1.2905549043769884, "i5": -0.11048864969824501, "i6": 0.1382302752815603, "i7": 1.1114522298357314, "r0": 2.841960861393095, "r1": 0.32728965825028977, "r2": -5.155714741914782, "r3": 1.1985305491550973, "r4": 1.209691901306448, "r5": 0.6921208476293979, "r6": 0.4286441401832768, "r7": 1.778502738877387}, "datetime": {"datetime": "2020-01-18 10:28:08", "elapsed": 49274.754793, "delta": 42.653944}}
{"target": 20.95, "params": {"d0": 4.195118222384536, "d1": -3.4561874794017697, "d2": 1.2059651954064572, "g0": 0.6461659142285131, "g1": 0.08732095975229026, "g2": -8.964602473770377, "g3": 1.1667328080912975, "g4": 1.2671071877996865, "g5": 0.08560172923421894, "g6": 0.8200024733717228, "g7": 1.1177406174047826, "i0": 4.35475250423098, "i1": 0.8218662566661374, "i2": -5.8950491814631185, "i3": 0.92869939749281, "i4": 1.1249669035631706, "i5": -0.5458666484365162, "i6": 0.021282330094717583, "i7": 1.7942918871430598, "r0": 0.6820882070995765, "r1": 0.6802766748605167, "r2": -4.516160660464657, "r3": 1.079903050601742, "r4": 1.0632146777284066, "r5": -0.662657859480015, "r6": 0.6878610794865985, "r7": 1.8621003881701768}, "datetime": {"datetime": "2020-01-18 10:28:48", "elapsed": 49314.529175, "delta": 39.774382}}
{"target": 13.1, "params": {"d0": 1.422697424416473, "d1": -9.110657519379703, "d2": 1.211948393129893, "g0": 3.4367116707281675, "g1": 0.19803117952989036, "g2": -1.138122393194907, "g3": 1.28332914070071, "g4": 1.2040835264400915, "g5": 0.7767600918808253, "g6": 0.8624449206852167, "g7": 1.092421533864534, "i0": 3.2061284699053987, "i1": 0.9127971644142391, "i2": -1.1715523517730535, "i3": 1.2848463791560332, "i4": 1.1090538677254673, "i5": -0.25010068589403933, "i6": -0.26382737984917376, "i7": 1.4161214335558026, "r0": 4.381472896408354, "r1": 0.5641687467344065, "r2": -0.24050139078246424, "r3": 1.0807517377138405, "r4": 1.2095079314523765, "r5": -0.19715888858353114, "r6": 0.09730164759886417, "r7": 1.1925166475048914}, "datetime": {"datetime": "2020-01-18 10:29:35", "elapsed": 49361.649069, "delta": 47.119894}}
{"target": 9.95, "params": {"d0": 4.716191503858825, "d1": -0.44469555615162015, "d2": 1.4093151829056754, "g0": 1.4224188421413482, "g1": 0.23169982296140657, "g2": -2.274472960103231, "g3": 0.7781304567612307, "g4": 0.9084813238343397, "g5": -0.6124063215834771, "g6": 0.3324984566965472, "g7": 0.9405449025077999, "i0": 2.4368449770213774, "i1": 0.9420344936709474, "i2": -0.6628479223269306, "i3": 0.7888209361899424, "i4": 1.2245732821015265, "i5": -0.4668677836727634, "i6": 0.32304371211901606, "i7": 1.1517165590192584, "r0": 2.6349199152804568, "r1": 0.3323689740916339, "r2": -8.113859638532494, "r3": 0.9361073972974236, "r4": 1.2580916393203918, "r5": 0.6532151097096814, "r6": 0.6497129739488221, "r7": 1.029621116261718}, "datetime": {"datetime": "2020-01-18 10:30:17", "elapsed": 49403.813003, "delta": 42.163934}}
{"target": 18.0, "params": {"d0": 3.9063456590199848, "d1": -1.6775042135463956, "d2": 0.7990433118146313, "g0": 1.2824340831229848, "g1": 0.1729700732868672, "g2": -4.448740757555143, "g3": 0.938219748452579, "g4": 1.197586772773989, "g5": -0.343576702693686, "g6": 0.3178031406604451, "g7": 1.1900520775421295, "i0": 0.9904006736882959, "i1": 0.574420720675151, "i2": -8.53395183467233, "i3": 1.128274623866672, "i4": 1.2228117921389794, "i5": -0.7371753778620045, "i6": 0.9734565640321462, "i7": 1.6193222681971136, "r0": 3.1213870415041094, "r1": 0.612729943416963, "r2": -0.05352252727912976, "r3": 1.3652488863891472, "r4": 0.8009574790761552, "r5": 0.7758174723143667, "r6": 0.723348162728132, "r7": 1.9324980933997051}, "datetime": {"datetime": "2020-01-18 10:30:51", "elapsed": 49438.003588, "delta": 34.190585}}
{"target": 18.45, "params": {"d0": 1.9141446727022915, "d1": -1.849262241362677, "d2": 0.8844761760528654, "g0": 1.6185733262210467, "g1": 0.20418039482288808, "g2": -6.0510563606412004, "g3": 1.3772451144102615, "g4": 1.0671870964470753, "g5": -0.657834091187695, "g6": -0.13987638112473494, "g7": 1.8338937305761127, "i0": 0.7744152059604803, "i1": 0.5514390112030223, "i2": -8.039783375119958, "i3": 0.8668467278973785, "i4": 1.2875069448419316, "i5": 0.6548891653925544, "i6": -0.2983425841374137, "i7": 1.3071006689887268, "r0": 1.7961657461485436, "r1": 0.3976006838375622, "r2": -3.89139692497114, "r3": 0.7663179440895229, "r4": 0.8888783482356362, "r5": -0.00540136597113694, "r6": -0.16788392897113824, "r7": 1.0368856030235247}, "datetime": {"datetime": "2020-01-18 10:31:29", "elapsed": 49476.086199, "delta": 38.082611}}
{"target": 15.65, "params": {"d0": 1.7927925151418282, "d1": -6.219159797264138, "d2": 0.8593393139921539, "g0": 4.51594553413279, "g1": 0.847509802082072, "g2": -6.221769761450315, "g3": 0.83799301965115, "g4": 1.241717566363703, "g5": -0.6388808037125, "g6": 0.08891981564275353, "g7": 1.2635255068001119, "i0": 1.4389122757309831, "i1": 0.14127209095327864, "i2": -4.825033222470859, "i3": 1.0896215957854989, "i4": 1.1001788666540633, "i5": 0.3258860785067943, "i6": 0.2764102262227808, "i7": 1.2709874331537658, "r0": 1.5680554571853818, "r1": 0.617753717942751, "r2": -4.796520625791686, "r3": 1.3648305874172122, "r4": 1.1419249767344881, "r5": -0.665068603794519, "r6": 0.9250743468644094, "r7": 1.5517869827661332}, "datetime": {"datetime": "2020-01-18 10:32:13", "elapsed": 49519.690672, "delta": 43.604473}}
{"target": 19.1, "params": {"d0": 0.7345795380114389, "d1": -7.060579270191667, "d2": 1.1284467065922716, "g0": 0.8997350098040635, "g1": 0.39968074024088796, "g2": -3.8813625077362985, "g3": 1.249106367533572, "g4": 1.052902611852617, "g5": -0.49751959623390773, "g6": 0.04128826509967387, "g7": 1.8961601458606814, "i0": 0.6202140613282947, "i1": 0.9295593098920016, "i2": -2.9266609754077546, "i3": 1.420566907998758, "i4": 1.0930181777610724, "i5": -0.6619330795894856, "i6": 0.5426118656998622, "i7": 1.3687121254256214, "r0": 1.4184403775191496, "r1": 0.4662130828109454, "r2": -3.5913549884236353, "r3": 1.0237192714271912, "r4": 1.1742459012248148, "r5": -0.09488763619923568, "r6": 0.8579495944629421, "r7": 1.595253764782812}, "datetime": {"datetime": "2020-01-18 10:32:55", "elapsed": 49561.583893, "delta": 41.893221}}
{"target": 11.85, "params": {"d0": 2.308239667269018, "d1": -5.170303904040102, "d2": 0.7104156333632958, "g0": 0.048779336497215, "g1": 0.8453216953789661, "g2": -7.28230696582108, "g3": 1.4947758079400548, "g4": 1.2756872166203626, "g5": -0.7325921737442157, "g6": -0.4457018013656663, "g7": 1.4931676974011696, "i0": 0.2459513026252652, "i1": 0.7757458858618326, "i2": -9.476194411425942, "i3": 1.2442389485322374, "i4": 1.0374759603317425, "i5": -0.7618740511105315, "i6": 0.7051909850519467, "i7": 1.2591916620608825, "r0": 3.8033172442934724, "r1": 0.7203357191116765, "r2": -2.904115701618136, "r3": 1.1801799176080197, "r4": 1.0960319974032984, "r5": 0.2575533657246627, "r6": 0.36306776661775975, "r7": 1.311348948346401}, "datetime": {"datetime": "2020-01-18 10:33:24", "elapsed": 49591.211637, "delta": 29.627744}}
{"target": 18.4, "params": {"d0": 0.747490236930386, "d1": -6.608401963127513, "d2": 1.2497878087112158, "g0": 0.8232884866801121, "g1": 0.9531532788440545, "g2": -6.636875983039624, "g3": 1.016759651959508, "g4": 0.9979966238103255, "g5": -0.13989591912772092, "g6": 0.6554582007602341, "g7": 1.1816334944194173, "i0": 4.980630651153991, "i1": 0.7994454517376716, "i2": -0.1985392260949208, "i3": 1.3336646067297457, "i4": 1.0672953090734152, "i5": -0.08867033470858754, "i6": -0.08674900463853513, "i7": 0.9957128398556974, "r0": 0.4099355215647993, "r1": 0.07982613574693542, "r2": -5.855849900507295, "r3": 1.2666039220784922, "r4": 0.9256342343003379, "r5": 0.6627374460573219, "r6": -0.027400442377409462, "r7": 1.4640506261433046}, "datetime": {"datetime": "2020-01-18 10:34:09", "elapsed": 49635.40451, "delta": 44.192873}}
{"target": 18.85, "params": {"d0": 2.723796860137093, "d1": -4.623699920057179, "d2": 0.9151695378902006, "g0": 1.0447257910468473, "g1": 0.10731342433406454, "g2": -5.768907086829494, "g3": 0.9928383909106362, "g4": 1.10603453196813, "g5": -0.4650047431268467, "g6": 0.38087172685985204, "g7": 1.6133642025951271, "i0": 0.8323275046559003, "i1": 0.4819046786762605, "i2": -6.120866647298156, "i3": 0.8850784035073126, "i4": 1.1532295270720798, "i5": -0.30494507287291717, "i6": 0.9926241704176859, "i7": 1.1414931496436573, "r0": 1.118418683878812, "r1": 0.9082805488659729, "r2": -3.319020518278281, "r3": 1.2026883076849193, "r4": 1.2304074070201045, "r5": -0.3089659455663689, "r6": 0.9339863746030184, "r7": 1.169463886545972}, "datetime": {"datetime": "2020-01-18 10:34:46", "elapsed": 49672.940178, "delta": 37.535668}}
{"target": 7.85, "params": {"d0": 3.3878387618415835, "d1": -1.6616104245500178, "d2": 1.4877510342929585, "g0": 3.8449709356948243, "g1": 0.22532572755989677, "g2": -0.8033184028511933, "g3": 0.7136581518107461, "g4": 0.8862318255077142, "g5": 0.13115604960298355, "g6": -0.4179539564818019, "g7": 1.541353177392586, "i0": 3.1478972955501963, "i1": 0.2037938837970834, "i2": -1.5251926148756727, "i3": 1.463029957957589, "i4": 1.0005607887078245, "i5": 0.2052824812466718, "i6": 0.8874012605386765, "i7": 0.9996940240643654, "r0": 4.650410992795251, "r1": 0.6468980476280602, "r2": -9.264972709584812, "r3": 1.2658315234332975, "r4": 1.1581068537886383, "r5": 0.7057163081528202, "r6": 0.5601109402027138, "r7": 1.4991030630203415}, "datetime": {"datetime": "2020-01-18 10:35:21", "elapsed": 49707.326581, "delta": 34.386403}}
{"target": 12.3, "params": {"d0": 4.883580616740622, "d1": -2.8839911447886504, "d2": 1.0876735897557226, "g0": 2.737252357214803, "g1": 0.08398236000243964, "g2": -3.5898743046363872, "g3": 1.1238575218455311, "g4": 1.2682958753926872, "g5": 0.2913773279873122, "g6": 0.47270712594760944, "g7": 1.459179576897271, "i0": 1.592608689192283, "i1": 0.14288206254817204, "i2": -0.08120790335809325, "i3": 1.4641039119947132, "i4": 0.9135608082657891, "i5": 0.45741031582391245, "i6": -0.371406493999259, "i7": 0.9972542367103722, "r0": 0.507193978161164, "r1": 0.5848925438144051, "r2": -1.052536125701268, "r3": 0.7022316769207024, "r4": 1.1834141582553646, "r5": 0.11773793476113958, "r6": 0.9288639928215754, "r7": 1.316035895318759}, "datetime": {"datetime": "2020-01-18 10:35:46", "elapsed": 49732.984864, "delta": 25.658283}}
{"target": 16.6, "params": {"d0": 0.4510149452964518, "d1": -5.0649238543878, "d2": 1.4044581095598232, "g0": 1.529618333013768, "g1": 0.1234972221868944, "g2": -7.133205647709911, "g3": 1.3051630581570808, "g4": 1.008625853729209, "g5": 0.02192216548511594, "g6": 0.3187985887471052, "g7": 1.453069398640455, "i0": 0.30120018879386534, "i1": 0.41729656860801656, "i2": -8.516867939228112, "i3": 0.8972092463089612, "i4": 0.9101317347392306, "i5": 0.45414167016385365, "i6": 0.3030267898136283, "i7": 1.9034642526127339, "r0": 0.9352129165995643, "r1": 0.8379928157083774, "r2": -8.162237042692897, "r3": 1.4559866443230138, "r4": 1.023394490481234, "r5": 0.32123810027742095, "r6": -0.011623421442095938, "r7": 1.6698868337658497}, "datetime": {"datetime": "2020-01-18 10:36:33", "elapsed": 49779.865991, "delta": 46.881127}}
{"target": 15.8, "params": {"d0": 0.35648424327499595, "d1": -6.860942972307145, "d2": 1.0601210604857627, "g0": 3.4472177626016327, "g1": 0.48015097728265366, "g2": -3.259922359459293, "g3": 1.440099770568675, "g4": 1.2936895858382984, "g5": -0.3625918744662894, "g6": 0.6851678312274894, "g7": 1.4526499242997977, "i0": 2.1646052798014104, "i1": 0.18915941996240493, "i2": -8.45914233108364, "i3": 1.3656526202978794, "i4": 0.8553048637932286, "i5": -0.7163082854947231, "i6": 0.8856275604529225, "i7": 1.4975276847907155, "r0": 2.672780849444844, "r1": 0.5533040696405378, "r2": -3.941928325760694, "r3": 1.377421205552577, "r4": 1.1074307736310147, "r5": -0.5342435603606286, "r6": -0.40098826637245083, "r7": 1.4342866443901199}, "datetime": {"datetime": "2020-01-18 10:37:18", "elapsed": 49824.894021, "delta": 45.02803}}
{"target": 5.4, "params": {"d0": 2.1964570586687926, "d1": -6.264221004252956, "d2": 0.9684427667938891, "g0": 3.9351795009542316, "g1": 0.29216266364690036, "g2": -4.008710689857626, "g3": 0.7939619756990355, "g4": 1.1942706409552564, "g5": 0.29007481897434495, "g6": 0.6082480876180425, "g7": 1.431892201308839, "i0": 3.7294405630813463, "i1": 0.9498651655499722, "i2": -2.1135170967595496, "i3": 1.2453855966443226, "i4": 1.139405443241737, "i5": 0.28569901015538157, "i6": 0.007764778658010618, "i7": 1.2168705335678556, "r0": 3.415335126059755, "r1": 0.24911064114759618, "r2": -4.580616803222356, "r3": 1.0102835513031467, "r4": 1.0038786375139357, "r5": 0.6195456454831776, "r6": 0.9817770823928824, "r7": 1.9503001405186482}, "datetime": {"datetime": "2020-01-18 10:38:01", "elapsed": 49867.910082, "delta": 43.016061}}
{"target": 5.45, "params": {"d0": 4.092093342707553, "d1": -2.1753094423486736, "d2": 0.899671908370034, "g0": 4.919710310191491, "g1": 0.8916529773949391, "g2": -1.5536375251190222, "g3": 0.8516922701148598, "g4": 0.9202172803236, "g5": -0.7529230983057446, "g6": 0.2448103613220265, "g7": 1.9295262818282355, "i0": 2.821807338302607, "i1": 0.058389810434212985, "i2": -6.988043661954637, "i3": 1.0056300686813522, "i4": 0.9854540051741463, "i5": -0.27350432894456045, "i6": -0.4693896282613909, "i7": 1.8200784525836458, "r0": 3.1978035343836635, "r1": 0.2170170203777596, "r2": -6.1182211943563924, "r3": 1.2621960334293156, "r4": 1.0050549648711027, "r5": -0.4274065696512665, "r6": 0.4235072743355004, "r7": 1.909291692995251}, "datetime": {"datetime": "2020-01-18 10:38:41", "elapsed": 49907.786861, "delta": 39.876779}}
{"target": 12.65, "params": {"d0": 2.130923883444578, "d1": -5.2307129796976515, "d2": 1.3906389697405697, "g0": 3.8228236272374936, "g1": 0.05958553925211141, "g2": -8.348847444365607, "g3": 0.754356307197485, "g4": 1.182269250078988, "g5": 0.29330540607491673, "g6": 0.8813075536974027, "g7": 0.9874671247517486, "i0": 0.5566428225381986, "i1": 0.7429271673192378, "i2": -3.7419370652031434, "i3": 1.0870114453400181, "i4": 0.9497056941740649, "i5": -0.3908377452254985, "i6": 0.3618259358775926, "i7": 1.6242987079703322, "r0": 1.819657002719195, "r1": 0.7573842873671047, "r2": -5.012144946329, "r3": 0.7527732438383142, "r4": 0.8257181870544025, "r5": -0.055846874479796305, "r6": 0.7141813128751102, "r7": 1.6259445173239704}, "datetime": {"datetime": "2020-01-18 10:39:28", "elapsed": 49954.776377, "delta": 46.989516}}
{"target": 13.5, "params": {"d0": 1.1764916111639607, "d1": -7.379972703267615, "d2": 1.3755778824137563, "g0": 3.833655708887929, "g1": 0.8094673124385839, "g2": -9.080872908289168, "g3": 1.073669055863032, "g4": 1.1898024932852473, "g5": 0.46218868051156536, "g6": 0.46703683898874027, "g7": 1.928807723582453, "i0": 3.1843817370786254, "i1": 0.14105810660441742, "i2": -3.8573229310298114, "i3": 1.4626886374525339, "i4": 0.8296442895183453, "i5": 0.22250210236488654, "i6": -0.22181293298863086, "i7": 1.6969999905258384, "r0": 0.27097506386812686, "r1": 0.7880978400379114, "r2": -1.964417950624048, "r3": 1.3728498161205396, "r4": 1.000600580386232, "r5": 0.5972344322532064, "r6": -0.44423128210831786, "r7": 1.3440371723840792}, "datetime": {"datetime": "2020-01-18 10:40:20", "elapsed": 50006.523536, "delta": 51.747159}}
{"target": 17.7, "params": {"d0": 3.846112955475609, "d1": -1.2684465641645044, "d2": 0.8702477570338417, "g0": 1.0532235461869162, "g1": 0.655176133868144, "g2": -4.617514765434729, "g3": 0.725631424255518, "g4": 1.2507382381484167, "g5": -0.7340713144368192, "g6": 0.7835544399401053, "g7": 1.3485050927481004, "i0": 2.662366490423971, "i1": 0.2468699790820429, "i2": -6.916741326688571, "i3": 1.027555981766579, "i4": 0.8626785351861735, "i5": -0.0007777684660286166, "i6": 0.9440515665876705, "i7": 1.8831181895768276, "r0": 1.5148052237402037, "r1": 0.19231826179677125, "r2": -3.701726264527535, "r3": 1.0876026428763996, "r4": 0.9498212585374355, "r5": 0.5396564505695254, "r6": 0.4149123479980482, "r7": 1.6740412997233995}, "datetime": {"datetime": "2020-01-18 10:40:59", "elapsed": 50045.888349, "delta": 39.364813}}
{"target": 14.45, "params": {"d0": 1.8090774106713825, "d1": -9.289161244309733, "d2": 0.9118072027925742, "g0": 1.6254854960458172, "g1": 0.4840630168511758, "g2": -6.7192466217112266, "g3": 1.4424734801608239, "g4": 0.8348369371544409, "g5": -0.06777220020174146, "g6": 0.38447401933722314, "g7": 1.7368391866547723, "i0": 4.162940386843762, "i1": 0.773529825919725, "i2": -2.526828071722412, "i3": 0.8832465907026279, "i4": 0.8981038520421807, "i5": 0.2722045290450785, "i6": 0.5911732683048907, "i7": 0.9908581040121031, "r0": 3.8403424897334464, "r1": 0.5902042976866263, "r2": -6.117038295955286, "r3": 1.4498544337734025, "r4": 1.0741974973761708, "r5": 0.01167185026931672, "r6": 0.0315213316699805, "r7": 1.1501286079727793}, "datetime": {"datetime": "2020-01-18 10:41:34", "elapsed": 50080.680308, "delta": 34.791959}}
{"target": 14.3, "params": {"d0": 2.0925896463923626, "d1": -4.340821665410286, "d2": 0.8747592242563577, "g0": 1.5199957971632032, "g1": 0.9898390057797103, "g2": -1.2352223371301196, "g3": 1.2693808655992473, "g4": 1.2120539968736899, "g5": 0.6704410653845096, "g6": 0.5701462862737361, "g7": 1.0714514514830273, "i0": 1.5274540723892653, "i1": 0.014480421640429508, "i2": -9.175461073345506, "i3": 1.3120695712538586, "i4": 1.1519124865195605, "i5": 0.1575043315453296, "i6": -0.48339277350143794, "i7": 1.1480551910094807, "r0": 3.3625785682212777, "r1": 0.5670926057539252, "r2": -8.112523052347203, "r3": 1.2917568326634874, "r4": 0.8084848060673397, "r5": 0.40804294987736855, "r6": -0.36420754811909223, "r7": 1.1849817073475966}, "datetime": {"datetime": "2020-01-18 10:42:13", "elapsed": 50119.820341, "delta": 39.140033}}
{"target": 8.65, "params": {"d0": 1.2294434013554045, "d1": -0.24059257697260428, "d2": 0.9315931152404529, "g0": 2.6351930356502735, "g1": 0.09447916812612445, "g2": -8.000186714484466, "g3": 0.8193729228602161, "g4": 1.0190839202353454, "g5": 0.79269932309632, "g6": 0.21044527310811245, "g7": 1.3109110310800616, "i0": 4.511593452452117, "i1": 0.8506415652787374, "i2": -4.500978268542877, "i3": 1.403696195370618, "i4": 1.2494925119107763, "i5": 0.7703912390215419, "i6": 0.9534097042167358, "i7": 1.8038402048274054, "r0": 2.617704487324415, "r1": 0.3985168402187278, "r2": -9.206866188152166, "r3": 0.9291125628683833, "r4": 1.0095774722254358, "r5": 0.1853191105845413, "r6": 0.7015697884216601, "r7": 1.6985536279914195}, "datetime": {"datetime": "2020-01-18 10:42:53", "elapsed": 50160.214591, "delta": 40.39425}}
{"target": 11.8, "params": {"d0": 4.692915507567053, "d1": -9.58783245254278, "d2": 0.8567204769317366, "g0": 1.0183892038989928, "g1": 0.9191830103147, "g2": -0.13344899580449088, "g3": 1.4877839894788005, "g4": 0.9935261657271386, "g5": 0.1045582964414391, "g6": -0.06905558105187964, "g7": 1.9161359936080755, "i0": 2.591460017600913, "i1": 0.2845308900799757, "i2": -8.484777434953502, "i3": 1.34470578172997, "i4": 1.266914747217931, "i5": -0.4357570033024347, "i6": -0.48760948548358096, "i7": 1.5336931926127177, "r0": 1.884971949521212, "r1": 0.23960223782158852, "r2": -7.931338209045078, "r3": 1.0353778831568436, "r4": 1.0875496218282246, "r5": 0.17903333699890633, "r6": 0.8692110699246307, "r7": 0.9407343969652657}, "datetime": {"datetime": "2020-01-18 10:43:25", "elapsed": 50192.058583, "delta": 31.843992}}
{"target": 12.95, "params": {"d0": 1.5322193528764616, "d1": -5.103955098170982, "d2": 1.1326282567828514, "g0": 3.6876116366677145, "g1": 0.18061121044213246, "g2": -9.379602395426861, "g3": 1.1416278434163118, "g4": 0.840473222806744, "g5": -0.6871391754365341, "g6": 0.7510780269519384, "g7": 1.1986424725931295, "i0": 1.699099816121734, "i1": 0.3834059650564893, "i2": -7.030732115798509, "i3": 1.3911440150563539, "i4": 1.2085923325155126, "i5": -0.6771573207061521, "i6": -0.18598193483626868, "i7": 1.7602628437716938, "r0": 2.70490233027616, "r1": 0.15588110932361054, "r2": -2.028831439438621, "r3": 1.0975273587643457, "r4": 0.849959608207739, "r5": 0.4691208339524471, "r6": -0.024504636731444207, "r7": 1.2343582150193357}, "datetime": {"datetime": "2020-01-18 10:44:10", "elapsed": 50236.575614, "delta": 44.517031}}
