{"target": 20.35, "params": {"d0": 3.418276773646116, "d1": -7.057455534297158, "d2": 0.9842696869772313, "g0": 1.197949822741948, "g1": 0.5265312892507947, "g2": -3.0579391978680697, "g3": 1.204066244281614, "g4": 1.1736047537319314, "g5": -0.5722359998772114, "g6": 0.6166809968851014, "g7": 1.2838685406924022, "i0": 3.139644510494385, "i1": 0.8220426294014391, "i2": -7.429105142307498, "i3": 1.0781293833001042, "i4": 0.9025458726427597, "i5": -0.1954135338627199, "i6": 0.05435786284779425, "i7": 1.8871404836878665, "r0": 0.20232768845278487, "r1": 0.3431053231978448, "r2": -1.2500058345280338, "r3": 0.9883900440326284, "r4": 0.9891240129563559, "r5": 0.3350219852924667, "r6": 0.6860880672273639, "r7": 1.707347838516731}, "datetime": {"datetime": "2020-01-19 10:19:39", "elapsed": 66418.8147, "delta": 62.719898}}
{"target": 20.25, "params": {"d0": 3.2389183783167756, "d1": -8.937051603728635, "d2": 0.9066477608354764, "g0": 0.800629394941298, "g1": 0.5341720263885721, "g2": -5.200865161461862, "g3": 1.4862246838399416, "g4": 1.0782686646698638, "g5": -0.36736452526179314, "g6": 0.13859231043649298, "g7": 1.6439524861618555, "i0": 4.3036157300982625, "i1": 0.7511934888902576, "i2": -5.617797138281311, "i3": 1.0940376054123155, "i4": 1.032307049526464, "i5": 0.00984206167758707, "i6": -0.23229990784955246, "i7": 1.8180699417683548, "r0": 1.7736962032036099, "r1": 0.6636185085225806, "r2": -1.7494118047570335, "r3": 1.2559005263154215, "r4": 0.9611674676807814, "r5": -0.34905834618025317, "r6": 0.17877830746858714, "r7": 1.4383743156892943}, "datetime": {"datetime": "2020-01-19 10:20:44", "elapsed": 66483.199482, "delta": 64.384782}}
{"target": 18.3, "params": {"d0": 3.5982041310261947, "d1": -8.582233566310785, "d2": 0.826776141895715, "g0": 2.559741711431433, "g1": 0.6913919443922703, "g2": -6.29312615310507, "g3": 1.3875505471851626, "g4": 1.180102814288643, "g5": 0.4651295759601921, "g6": 0.32949235787392295, "g7": 1.863705137942336, "i0": 4.872018685682142, "i1": 0.2874410168297631, "i2": -2.7965340900195104, "i3": 1.0555606945380633, "i4": 1.0337275134613626, "i5": -0.7963708138960147, "i6": 0.05288080034646714, "i7": 1.7015687461833822, "r0": 4.049540602025655, "r1": 0.16962673637854497, "r2": -7.40558783090778, "r3": 1.2041315303887266, "r4": 1.2182296049698191, "r5": 0.545473183029304, "r6": 0.843831947858591, "r7": 1.7132283439925198}, "datetime": {"datetime": "2020-01-19 10:22:03", "elapsed": 66562.781131, "delta": 79.581649}}
{"target": 20.45, "params": {"d0": 3.17008518660701, "d1": -8.930261391858666, "d2": 0.8448650657560626, "g0": 0.7648765001101085, "g1": 0.559620482954367, "g2": -5.152796245229479, "g3": 1.3679459848017412, "g4": 1.101150904591221, "g5": -0.3493993550332919, "g6": 0.13231868418129777, "g7": 1.7307656661046644, "i0": 4.371928452965691, "i1": 0.6683612130522384, "i2": -5.691915616918286, "i3": 1.0985656323300423, "i4": 1.1447240330736852, "i5": 0.13743887708348831, "i6": -0.33037561036607366, "i7": 1.754994212795597, "r0": 1.7865720793107933, "r1": 0.6989088296985321, "r2": -1.7879290775462449, "r3": 1.2967798493562022, "r4": 0.9101017853730147, "r5": -0.4620199734588911, "r6": 0.1310112028059924, "r7": 1.5627850389814522}, "datetime": {"datetime": "2020-01-19 10:23:12", "elapsed": 66631.319077, "delta": 68.537946}}
{"target": 18.55, "params": {"d0": 3.5351377477087764, "d1": -1.31451787127083, "d2": 1.113483821319333, "g0": 0.17299684048181385, "g1": 0.6263179168767316, "g2": -5.255976783804015, "g3": 0.7468441324659533, "g4": 1.1287248253997288, "g5": 0.1787225000787439, "g6": 0.8592847930954053, "g7": 1.1835236677339576, "i0": 4.0030301206651595, "i1": 0.027814041255664113, "i2": -7.234305413428391, "i3": 0.9289969427190067, "i4": 0.8935694230217422, "i5": -0.3084751660770728, "i6": -0.2226530573130861, "i7": 1.3806961809539668, "r0": 2.4511146747599795, "r1": 0.7259853497026967, "r2": -8.531664606036328, "r3": 1.3225229269204335, "r4": 1.2002507544520755, "r5": 0.2686683057402528, "r6": -0.12029798129293118, "r7": 1.8067688511969657}, "datetime": {"datetime": "2020-01-19 10:24:10", "elapsed": 66689.317982, "delta": 57.998905}}
{"target": 19.4, "params": {"d0": 3.013735794976973, "d1": -8.416426850395375, "d2": 1.042361497601723, "g0": 0.38923661718742636, "g1": 0.3677346382641597, "g2": -8.672972452613521, "g3": 1.3220696844365738, "g4": 1.0648386006722292, "g5": -0.43109341531134315, "g6": 0.671794984925921, "g7": 1.4901014063592608, "i0": 2.8069021269329513, "i1": 0.5114286793074351, "i2": -7.603910610083971, "i3": 1.0569781436154952, "i4": 0.97826230068398, "i5": -0.24155898361467332, "i6": 0.6556326485838018, "i7": 1.6699851726899657, "r0": 2.0106173481968064, "r1": 0.7394294082568266, "r2": -1.8116864630400207, "r3": 1.1422700005114055, "r4": 1.0410920996394348, "r5": -0.07520614103923236, "r6": 0.6787297187043393, "r7": 1.516174323860601}, "datetime": {"datetime": "2020-01-19 10:25:23", "elapsed": 66762.541455, "delta": 73.223473}}
{"target": 19.7, "params": {"d0": 4.022034248634927, "d1": -2.084610788285546, "d2": 1.1241670870315605, "g0": 0.23414845427884967, "g1": 0.18958217250385134, "g2": -6.2959654790902855, "g3": 1.0890318358077673, "g4": 1.2341977090554663, "g5": 0.1815295357807034, "g6": 0.8159938112679539, "g7": 1.5309840292406434, "i0": 3.319033136450524, "i1": 0.05767484711068771, "i2": -5.922369009111179, "i3": 0.808463802680955, "i4": 0.9315474422862191, "i5": -0.3058248070418259, "i6": 0.49727666926543157, "i7": 1.167548925952909, "r0": 1.7979165578947698, "r1": 0.3515356994839196, "r2": -9.528770839953376, "r3": 1.2023013285653152, "r4": 0.9496573631830046, "r5": 0.747214075555009, "r6": 0.3286963104512395, "r7": 1.3280076912665777}, "datetime": {"datetime": "2020-01-19 10:26:21", "elapsed": 66820.674925, "delta": 58.13347}}
{"target": 19.25, "params": {"d0": 2.8160102206418696, "d1": -0.6923288613105605, "d2": 1.219254502911885, "g0": 0.261766546060348, "g1": 0.023017734556154634, "g2": -5.543440276423622, "g3": 1.052549573505222, "g4": 1.1514788106461056, "g5": -0.3612906047689295, "g6": 0.33889226695191965, "g7": 1.3892492814166095, "i0": 3.5955809207796423, "i1": 0.709808058704672, "i2": -6.810439861398146, "i3": 1.341836205172401, "i4": 1.080021001411259, "i5": 0.3833443297246608, "i6": -0.01107605599423045, "i7": 1.394104904293317, "r0": 2.613404521593105, "r1": 0.624207970950556, "r2": -8.593350644637045, "r3": 0.8171927787442573, "r4": 0.849735043213947, "r5": 0.5564616974165861, "r6": 0.5477328659941836, "r7": 1.5627342218108433}, "datetime": {"datetime": "2020-01-19 10:27:18", "elapsed": 66877.687985, "delta": 57.01306}}
{"target": 19.15, "params": {"d0": 4.177159049365091, "d1": -2.428598785691408, "d2": 1.3148692353362395, "g0": 1.1682659887453073, "g1": 0.7622211705579804, "g2": -5.1734763358680596, "g3": 1.0161371153479954, "g4": 1.149751885590366, "g5": 0.07553629911649762, "g6": -0.11944692841179999, "g7": 1.5570143133519476, "i0": 3.174203119031869, "i1": 0.2214180004114017, "i2": -7.071773001436483, "i3": 1.142329659945023, "i4": 0.871883217934615, "i5": 0.11894655180409985, "i6": -0.11762036268504394, "i7": 1.4646311553330111, "r0": 2.331764919074323, "r1": 0.3355036557251402, "r2": -8.676249304393206, "r3": 1.3544769941225296, "r4": 1.2847248195670697, "r5": 0.26746235215511005, "r6": 0.4494563666149676, "r7": 1.0019745790406451}, "datetime": {"datetime": "2020-01-19 10:28:10", "elapsed": 66929.776042, "delta": 52.088057}}
{"target": 19.0, "params": {"d0": 1.7446927938196988, "d1": -4.007341972046255, "d2": 0.9876973475729516, "g0": 1.0987238031139945, "g1": 0.690230740043402, "g2": -3.673342171470893, "g3": 1.2551138552450114, "g4": 1.1215422063334324, "g5": -0.2527064604504194, "g6": 0.2251062715210854, "g7": 0.9780465842238336, "i0": 4.479918265167194, "i1": 0.307300226407195, "i2": -6.910725526760501, "i3": 1.3231640921683547, "i4": 0.9853464684127061, "i5": 0.1949824731584583, "i6": 0.5481705883200942, "i7": 1.2595840630599158, "r0": 3.684502835422877, "r1": 0.8822066439415842, "r2": -5.32296606554029, "r3": 0.930601645487863, "r4": 0.9131673798251934, "r5": 0.6683509177150204, "r6": 0.3679592545338976, "r7": 1.382301632987794}, "datetime": {"datetime": "2020-01-19 10:29:23", "elapsed": 67002.383738, "delta": 72.607696}}
{"target": 17.15, "params": {"d0": 3.594637345779815, "d1": -1.1696405355575994, "d2": 0.7659205186978597, "g0": 1.383177557443858, "g1": 0.45111797366451245, "g2": -4.5435871615886505, "g3": 1.3217742178500917, "g4": 0.8842721304601703, "g5": 0.4460439156632894, "g6": 0.15010362152422652, "g7": 1.6219253504283944, "i0": 3.6823349724744654, "i1": 0.6895508074216129, "i2": -6.690942142538992, "i3": 1.2166906720797686, "i4": 1.0123544256123864, "i5": 0.030475744939303717, "i6": 0.6708317738407845, "i7": 1.284102730710293, "r0": 4.059915670408073, "r1": 0.31542514122361875, "r2": -8.830905519064885, "r3": 1.3072178629444013, "r4": 1.2021477868027408, "r5": -0.38121198620337077, "r6": 0.40668746714199133, "r7": 1.3512327190423892}, "datetime": {"datetime": "2020-01-19 10:30:19", "elapsed": 67058.554356, "delta": 56.170618}}
{"target": 20.95, "params": {"d0": 3.2465227364724316, "d1": -2.171578379334431, "d2": 0.9511556552371404, "g0": 0.8355347782315224, "g1": 0.6939801759627507, "g2": -6.122098491891267, "g3": 0.8841858891636963, "g4": 1.0838821766988775, "g5": 0.03759043152608932, "g6": 0.39423967097972196, "g7": 1.1901966980462388, "i0": 2.6071420535925838, "i1": 0.45369181595270486, "i2": -7.178079476127503, "i3": 1.3219113891213505, "i4": 0.998117058578581, "i5": 0.2331295488178862, "i6": 0.04522184767934425, "i7": 1.1271885786087206, "r0": 2.278310631201774, "r1": 0.05599748725786692, "r2": -8.357290230968907, "r3": 0.8933248451104412, "r4": 1.2695999469669805, "r5": 0.33603370150537926, "r6": 0.3725757238432212, "r7": 1.4347585178502296}, "datetime": {"datetime": "2020-01-19 10:31:20", "elapsed": 67119.085962, "delta": 60.531606}}
{"target": 20.1, "params": {"d0": 3.0904851109987694, "d1": -8.69968626104158, "d2": 0.9847752242186316, "g0": 0.4614558816451868, "g1": 0.38690846726598926, "g2": -8.544041962548501, "g3": 1.019433686092104, "g4": 1.0149222395192854, "g5": -0.38911741552787366, "g6": 0.542415133308046, "g7": 1.5428827177552948, "i0": 2.5567727193228746, "i1": 0.39420815148482197, "i2": -7.644262332657786, "i3": 1.3122264100412633, "i4": 1.1386419081500485, "i5": -0.04433311931007626, "i6": 0.700307354665871, "i7": 1.6486056795826072, "r0": 1.5192626155267632, "r1": 0.5844430023923874, "r2": -1.4935059858979798, "r3": 0.9793691236547832, "r4": 0.9018051245564546, "r5": 0.27085107973232186, "r6": 0.6449793963560657, "r7": 1.3714412716696396}, "datetime": {"datetime": "2020-01-19 10:32:20", "elapsed": 67179.324845, "delta": 60.238883}}
{"target": 20.3, "params": {"d0": 4.176438925371895, "d1": -2.3199537397275076, "d2": 1.4164028137208031, "g0": 0.15688280897948548, "g1": 0.9843578560989193, "g2": -5.238625645021246, "g3": 1.1239960905332929, "g4": 0.9425250298766221, "g5": 0.01211084516818417, "g6": 0.5717485991019151, "g7": 1.292279676281028, "i0": 4.583272675396644, "i1": 0.639218601354464, "i2": -5.485869971973202, "i3": 0.7410667701840727, "i4": 1.161452454411162, "i5": 0.2140028746808329, "i6": 0.33102638396289863, "i7": 1.1913099143125785, "r0": 2.4387884822029204, "r1": 0.03013961354229011, "r2": -8.953900506926065, "r3": 1.3744691508074989, "r4": 1.0752255150882206, "r5": 0.005664255599005963, "r6": 0.4758164721631144, "r7": 1.7183103418131855}, "datetime": {"datetime": "2020-01-19 10:33:27", "elapsed": 67246.424691, "delta": 67.099846}}
{"target": 20.7, "params": {"d0": 3.97407818989529, "d1": -1.6544489123580435, "d2": 0.938513550924804, "g0": 0.3806621614849649, "g1": 0.3695198909832741, "g2": -4.864736795472351, "g3": 1.2153416976475115, "g4": 1.2199100081607448, "g5": -0.1565023555519405, "g6": 0.08231268084321063, "g7": 1.3602637853403357, "i0": 3.7338273752327114, "i1": 0.6156681027202179, "i2": -6.325021408661885, "i3": 1.033014740498893, "i4": 0.9709374138056652, "i5": -0.06989081451178193, "i6": 0.30539749721482123, "i7": 1.465752429697405, "r0": 1.9472322673972122, "r1": 0.28333114199952514, "r2": -8.447465130817205, "r3": 1.0593884131582603, "r4": 1.0848836808173776, "r5": 0.4728686158950232, "r6": 0.3047156963208761, "r7": 1.6255973846525016}, "datetime": {"datetime": "2020-01-19 10:34:28", "elapsed": 67307.385031, "delta": 60.96034}}
{"target": 19.95, "params": {"d0": 4.271621461648058, "d1": -7.712434660909793, "d2": 1.0962374188390396, "g0": 0.5215070801798601, "g1": 0.6525493267598927, "g2": -3.1418801663277276, "g3": 1.3999352408897874, "g4": 1.083478357945612, "g5": -0.13690722617428583, "g6": 0.4185616854484975, "g7": 1.226910706612622, "i0": 0.9985855035291056, "i1": 0.7683414340200839, "i2": -4.575599968110345, "i3": 0.9599004503370593, "i4": 0.9354346079937009, "i5": 0.25386399138068066, "i6": -0.4148362151407215, "i7": 1.513200896157878, "r0": 3.2113523902449366, "r1": 0.8087341839051889, "r2": -4.514758970979336, "r3": 0.976038719877596, "r4": 1.2234162280026288, "r5": 0.2091797681124885, "r6": 0.4240500750448817, "r7": 1.816029490738859}, "datetime": {"datetime": "2020-01-19 10:35:32", "elapsed": 67371.641238, "delta": 64.256207}}
{"target": 19.05, "params": {"d0": 3.042104825513443, "d1": -1.3390238867443038, "d2": 1.3701803760326479, "g0": 1.1003433006169638, "g1": 0.8998951122980825, "g2": -4.772532465008088, "g3": 1.0578497107680156, "g4": 1.1436262026463484, "g5": 0.1256079241341801, "g6": 0.6278134203428678, "g7": 1.487617664125552, "i0": 3.3282258123130197, "i1": 0.3021138204450047, "i2": -6.09846339063032, "i3": 0.7873943865513848, "i4": 1.1239404744735668, "i5": -0.5668090817091699, "i6": 0.30493700222826303, "i7": 1.3055742970945639, "r0": 4.199662279117114, "r1": 0.973383122351803, "r2": -8.098709357072025, "r3": 1.4358951431043698, "r4": 0.8387827919476756, "r5": 0.7005060801879426, "r6": -0.017881786786026477, "r7": 1.129712154534214}, "datetime": {"datetime": "2020-01-19 10:36:40", "elapsed": 67439.637847, "delta": 67.996609}}
{"target": 19.55, "params": {"d0": 2.643450957681664, "d1": -2.018869209939802, "d2": 1.1973408680375184, "g0": 0.5882580557791468, "g1": 0.5636836804414252, "g2": -5.120605320412895, "g3": 1.052530731068734, "g4": 1.0291638495801907, "g5": 0.2146071317816473, "g6": 0.3023237068646528, "g7": 1.937137956380333, "i0": 3.1497782961169163, "i1": 0.40208016855776524, "i2": -6.018404725052414, "i3": 1.0285729803210175, "i4": 1.0029294237584028, "i5": -0.32409431460519594, "i6": -0.4362382428521759, "i7": 1.5150194093569407, "r0": 4.453853020485314, "r1": 0.7045037654969639, "r2": -8.139228905550057, "r3": 0.9503597764647277, "r4": 1.1370188622511164, "r5": 0.5539515553862159, "r6": -0.1359592590302659, "r7": 1.7602978561522462}, "datetime": {"datetime": "2020-01-19 10:37:43", "elapsed": 67502.554635, "delta": 62.916788}}
{"target": 19.75, "params": {"d0": 3.9258350299832245, "d1": -1.8689457572367303, "d2": 1.388773174221775, "g0": 0.5709575545323303, "g1": 0.8061936981209163, "g2": -5.402564552291816, "g3": 1.238206203734302, "g4": 1.0259798313624424, "g5": -0.3772427175528824, "g6": 0.7933800855865447, "g7": 1.1211548426635929, "i0": 3.7026309181014403, "i1": 0.37981300343082536, "i2": -6.235979843449063, "i3": 1.4931751707741758, "i4": 1.2522499243550647, "i5": 0.26018420791058916, "i6": 0.26338286163697344, "i7": 1.3916139556207898, "r0": 0.8943129236551617, "r1": 0.6012924693516017, "r2": -8.746499159744717, "r3": 0.7000667132445925, "r4": 1.1226557044616712, "r5": 0.06441181439540278, "r6": 0.10126570395036016, "r7": 1.5582564437995732}, "datetime": {"datetime": "2020-01-19 10:38:42", "elapsed": 67561.117241, "delta": 58.562606}}
{"target": 20.75, "params": {"d0": 2.5493132454036553, "d1": -2.864848688422531, "d2": 0.8884901164160233, "g0": 0.5373465053659449, "g1": 0.44604443470276456, "g2": -5.762964097708593, "g3": 1.3968945686778909, "g4": 1.0007794002817227, "g5": 0.09188505456455776, "g6": 0.7410435395184121, "g7": 1.4447050912502344, "i0": 3.7125178832561536, "i1": 0.5679952711105963, "i2": -6.745674781604234, "i3": 1.0456530512944566, "i4": 1.212831941031838, "i5": -0.16961894684863466, "i6": -0.29394552373671434, "i7": 1.7794488440389664, "r0": 2.6726573541527077, "r1": 0.6594403385552339, "r2": -8.45625524646449, "r3": 1.4487517834044896, "r4": 1.0131557824196045, "r5": 0.6044463489016823, "r6": 0.3358588398609925, "r7": 1.449032328717594}, "datetime": {"datetime": "2020-01-19 10:39:53", "elapsed": 67632.897805, "delta": 71.780564}}
{"target": 20.65, "params": {"d0": 3.7699353544257845, "d1": -1.3902933973553295, "d2": 1.112469923909233, "g0": 0.5403244798592653, "g1": 0.2848564304797208, "g2": -5.981035869726931, "g3": 1.2042662831421405, "g4": 1.2344720066095858, "g5": 0.046360420315963435, "g6": 0.2689815110990699, "g7": 1.4605464034095992, "i0": 3.9587421501817843, "i1": 0.6720645392590713, "i2": -6.564942656480509, "i3": 0.9067707602941837, "i4": 0.9273256351886026, "i5": -0.39149186528332763, "i6": -0.03694154806620875, "i7": 1.6666575944992152, "r0": 1.5165285717938943, "r1": 0.15701356406936984, "r2": -8.922148171452724, "r3": 1.2327895402226186, "r4": 1.0893896427818601, "r5": 0.2338451533215015, "r6": 0.1517618893256204, "r7": 1.519510807451525}, "datetime": {"datetime": "2020-01-19 10:41:01", "elapsed": 67700.485648, "delta": 67.587843}}
{"target": 13.25, "params": {"d0": 4.910392330900807, "d1": -3.0174302752805744, "d2": 1.1951354124151305, "g0": 0.25448848007207536, "g1": 0.9354420000389367, "g2": -0.1778770777037746, "g3": 1.0543655832513976, "g4": 1.1750796532573753, "g5": 0.7061259330467189, "g6": -0.2115554879755686, "g7": 1.5865354557524287, "i0": 3.2372388803122876, "i1": 0.09595383023096171, "i2": -8.135104683668667, "i3": 0.8274332562164689, "i4": 0.9990491833991306, "i5": -0.37559933540941215, "i6": 0.02293024036582414, "i7": 1.0904066512542017, "r0": 2.3609238349421764, "r1": 0.15537533563871175, "r2": -9.494128683066913, "r3": 1.3403021084574278, "r4": 1.2109217014612523, "r5": 0.3859401660690476, "r6": -0.16356930917423795, "r7": 1.9519933508974572}, "datetime": {"datetime": "2020-01-19 10:42:40", "elapsed": 67799.683766, "delta": 99.198118}}
{"target": 21.35, "params": {"d0": 4.613518708477189, "d1": -8.132672470870817, "d2": 1.211489289968684, "g0": 0.8225151930143599, "g1": 0.5389409428423115, "g2": -2.609814556984332, "g3": 1.3465503098347975, "g4": 0.9702412313147805, "g5": 0.017030703757249948, "g6": 0.3343701177756585, "g7": 1.0782865835302025, "i0": 0.8108203689877939, "i1": 0.7717184084630259, "i2": -4.681350996036528, "i3": 0.9530051513148878, "i4": 1.0176003697876923, "i5": 0.370882591255835, "i6": -0.3316091565125739, "i7": 1.5339814403020249, "r0": 3.7074701204836886, "r1": 0.8660416009465631, "r2": -4.540189287910839, "r3": 1.0017852815982466, "r4": 1.244326758266855, "r5": 0.2167347894904667, "r6": 0.2759024403360511, "r7": 1.8835677964387587}, "datetime": {"datetime": "2020-01-19 10:43:53", "elapsed": 67872.896209, "delta": 73.212443}}
{"target": 16.15, "params": {"d0": 3.768032352294331, "d1": -1.278712272559348, "d2": 0.935565713157978, "g0": 0.3803976784646562, "g1": 0.01195802089107978, "g2": -5.398589394432891, "g3": 0.8301722572330951, "g4": 1.146530457621175, "g5": 0.25844303665477986, "g6": -0.12740957870699732, "g7": 1.2319044655347473, "i0": 3.7202381576038595, "i1": 0.16701004219673177, "i2": -5.972645226531199, "i3": 1.14526291497556, "i4": 1.1581010610929947, "i5": -0.2464621671327999, "i6": 0.00951323462567899, "i7": 1.8220100241567563, "r0": 1.1823366802765156, "r1": 0.8760640327788283, "r2": -8.809515100180368, "r3": 1.2967487706978265, "r4": 0.8617629806880374, "r5": 0.5337660999911944, "r6": 0.3764111114193156, "r7": 1.5848210034122965}, "datetime": {"datetime": "2020-01-19 10:44:47", "elapsed": 67926.766792, "delta": 53.870583}}
{"target": 20.65, "params": {"d0": 3.47685774071552, "d1": -9.416414443726971, "d2": 0.8733225715269146, "g0": 0.5410542144622128, "g1": 0.33827894270958253, "g2": -4.441880301457811, "g3": 1.0139451130307806, "g4": 1.2082846717336873, "g5": -0.592648359628667, "g6": 0.08595340236043308, "g7": 1.8542573295072782, "i0": 3.2540844103231334, "i1": 0.47048726901062377, "i2": -6.461492561279698, "i3": 1.084429299458959, "i4": 1.0128396023324098, "i5": -0.04361453960806818, "i6": -0.25757232249246165, "i7": 1.6225043462100637, "r0": 2.805222561420366, "r1": 0.33177423526983313, "r2": -3.6820039315378903, "r3": 0.9967522094949969, "r4": 1.0538549111893605, "r5": 0.09628478372883406, "r6": 0.794200411408423, "r7": 1.7743050775101816}, "datetime": {"datetime": "2020-01-19 10:45:46", "elapsed": 67985.227944, "delta": 58.461152}}
{"target": 20.55, "params": {"d0": 4.074196541634919, "d1": -1.4423763263836245, "d2": 0.9460696955065941, "g0": 0.6195792157514487, "g1": 0.31917890947919914, "g2": -4.909575516807019, "g3": 1.07458855947799, "g4": 1.2386501198741653, "g5": -0.004390260846627805, "g6": 0.2594825363875487, "g7": 1.7083482590555492, "i0": 3.8153982829547366, "i1": 0.4857020944006808, "i2": -6.575633918368461, "i3": 1.061468379204848, "i4": 1.213734123022186, "i5": -0.2407809573514107, "i6": 0.19819972500126026, "i7": 1.854765294201614, "r0": 2.1060757354441626, "r1": 0.39885963283307163, "r2": -8.81913148594394, "r3": 1.0066746355225669, "r4": 1.0027908877332818, "r5": 0.3165549986422541, "r6": 0.25610858705727285, "r7": 1.5589204483414525}, "datetime": {"datetime": "2020-01-19 10:47:01", "elapsed": 68060.085252, "delta": 74.857308}}
