{"target": 20.75, "params": {"d0": 3.9073982216863166, "d1": -1.6785590145423648, "d2": 0.8895261605504788, "g0": 0.39296517830959904, "g1": 0.45439166633886496, "g2": -4.771136981318394, "g3": 1.1614666911045675, "g4": 1.0535632247955622, "g5": -0.14583823101274382, "g6": 0.12253697436738784, "g7": 1.151227145012918, "i0": 3.7955721016045136, "i1": 0.5364675561897141, "i2": -6.128054938284263, "i3": 1.0783897499208703, "i4": 0.8511621860142652, "i5": -0.12888732833594677, "i6": 0.26058376917989523, "i7": 1.4463127298325082, "r0": 2.0759993157619303, "r1": 0.39651299343000523, "r2": -8.438967349825349, "r3": 1.0408245350328997, "r4": 1.0266583697802598, "r5": 0.4287148150566787, "r6": 0.28991068980079526, "r7": 1.605847521515656}, "datetime": {"datetime": "2020-01-19 10:48:04", "elapsed": 68123.401091, "delta": 63.315839}}
{"target": 18.95, "params": {"d0": 3.4656022950870686, "d1": -1.2545691170714122, "d2": 0.7489354047350465, "g0": 1.383314055133148, "g1": 0.7492553349787694, "g2": -5.409968722452413, "g3": 1.4211256830450614, "g4": 1.166465848722324, "g5": 0.5631304097097682, "g6": 0.965267359320138, "g7": 1.567806048808231, "i0": 4.191698658243011, "i1": 0.04698615547022844, "i2": -6.554704743126852, "i3": 1.072595791053017, "i4": 0.8186997262217908, "i5": -0.41330938787124527, "i6": 0.30264095950094405, "i7": 1.4633718448072375, "r0": 1.896091484881064, "r1": 0.03439724784606912, "r2": -8.627375203482108, "r3": 0.7084819881769753, "r4": 0.831315690861838, "r5": 0.4586249363698922, "r6": -0.09784180839107781, "r7": 1.4966956390997637}, "datetime": {"datetime": "2020-01-19 10:49:08", "elapsed": 68186.98784, "delta": 63.586749}}
{"target": 16.9, "params": {"d0": 3.3124826398099607, "d1": -1.4766839936146798, "d2": 0.8493282684900867, "g0": 0.2385406153464792, "g1": 0.5297680485425882, "g2": -5.578028413970469, "g3": 0.7687968791380495, "g4": 1.049422494423264, "g5": 0.556555099591121, "g6": 0.7223087478939214, "g7": 1.478711729286049, "i0": 3.068731300898401, "i1": 0.6683090352966727, "i2": -6.1884163771827625, "i3": 0.7151544362438558, "i4": 1.0178334993520177, "i5": -0.01964410355702828, "i6": 0.4687730949720852, "i7": 1.385436386182665, "r0": 3.490352137907014, "r1": 0.40508700118503416, "r2": -9.182404848512755, "r3": 0.8703178584069682, "r4": 1.0900385980277556, "r5": -0.09153547027865283, "r6": 0.03969406937361275, "r7": 1.099220503182563}, "datetime": {"datetime": "2020-01-19 10:50:11", "elapsed": 68250.740693, "delta": 63.752853}}
{"target": 15.0, "params": {"d0": 3.711417799511327, "d1": -1.4921935386727156, "d2": 1.0043230565560244, "g0": 0.38145333529727155, "g1": 0.49685374751096456, "g2": -4.2554758862063355, "g3": 1.389614515846957, "g4": 1.0422970108924092, "g5": -0.7208285646919192, "g6": -0.13851148912824363, "g7": 1.0951588995476023, "i0": 3.9362043841455985, "i1": 0.25842029587292403, "i2": -6.215139707022668, "i3": 1.1929436701036082, "i4": 1.065568160830117, "i5": -0.41253428036418427, "i6": -0.00834463596700491, "i7": 1.4802546689554967, "r0": 4.334496383444345, "r1": 0.4366335829363933, "r2": -8.926310942530227, "r3": 1.2375921323239722, "r4": 1.1631556780877232, "r5": 0.577033662745422, "r6": 0.7050774292649651, "r7": 1.0776633103675641}, "datetime": {"datetime": "2020-01-19 10:51:11", "elapsed": 68310.594948, "delta": 59.854255}}
{"target": 21.15, "params": {"d0": 4.03633128683449, "d1": -1.4763362003980705, "d2": 0.8604128950548136, "g0": 0.46079513910290315, "g1": 0.22268988744804297, "g2": -4.887311521557492, "g3": 1.2549189323162238, "g4": 1.1309586735099202, "g5": 0.005898748306852966, "g6": 0.1038450587306391, "g7": 1.6540338435634934, "i0": 3.729240040613686, "i1": 0.6111006493673194, "i2": -6.565978602268126, "i3": 1.007727053420904, "i4": 1.0329900839247872, "i5": -0.19186741058505521, "i6": 0.09274657220536209, "i7": 1.5610077449131607, "r0": 2.052258632385083, "r1": 0.4394347341170303, "r2": -8.766913592672626, "r3": 0.9448158280911576, "r4": 0.9960776502987722, "r5": 0.4454631987727626, "r6": 0.1426014086145217, "r7": 1.525351579387702}, "datetime": {"datetime": "2020-01-19 10:52:20", "elapsed": 68379.378861, "delta": 68.783913}}
{"target": 19.9, "params": {"d0": 2.878224662169755, "d1": -1.7923409062408018, "d2": 1.0280984087789269, "g0": 0.41734126486815215, "g1": 0.4944768066977256, "g2": -5.127003455916167, "g3": 1.1516241291684646, "g4": 1.0722368576974226, "g5": 0.030487566069449624, "g6": 0.37835808031037566, "g7": 1.101761984700917, "i0": 3.1147525520857067, "i1": 0.7052398447502556, "i2": -7.023003400844964, "i3": 0.9944597424066954, "i4": 0.912418891898718, "i5": 0.30955020501937924, "i6": 0.22251625115002854, "i7": 1.2769521225318385, "r0": 1.2071340925157676, "r1": 0.35114005154066635, "r2": -8.832429446226843, "r3": 1.1425604822762225, "r4": 1.147996333862283, "r5": 0.5704443345678597, "r6": 0.3245472499010197, "r7": 1.3776302272667258}, "datetime": {"datetime": "2020-01-19 10:53:45", "elapsed": 68464.927715, "delta": 85.548854}}
{"target": 20.85, "params": {"d0": 3.093895747592729, "d1": -1.59348520187021, "d2": 1.016764752238149, "g0": 0.46672279744300504, "g1": 0.570829638883967, "g2": -4.886433297533907, "g3": 1.1112565408534154, "g4": 1.038287561092224, "g5": 0.1180152672440902, "g6": 0.2250484296785606, "g7": 1.7597317145132225, "i0": 3.259653113674189, "i1": 0.4780285911727049, "i2": -6.310324571096678, "i3": 1.04745466576647, "i4": 1.0594909245790842, "i5": -0.21133372316717172, "i6": -0.041722199596379295, "i7": 1.446491809795085, "r0": 3.942766299284329, "r1": 0.49659392109922135, "r2": -8.374357827345815, "r3": 0.9907379085366644, "r4": 1.2047275344431194, "r5": 0.4994653988748477, "r6": -0.016524954825398723, "r7": 1.6214033378716322}, "datetime": {"datetime": "2020-01-19 10:55:01", "elapsed": 68540.732139, "delta": 75.804424}}
{"target": 18.75, "params": {"d0": 4.038364342651527, "d1": -2.5801397641998243, "d2": 0.7529936196322717, "g0": 0.7661381792841537, "g1": 0.3388073961503705, "g2": -4.701273430381985, "g3": 0.7606795842124021, "g4": 1.2548972345537066, "g5": -0.32494126082182434, "g6": 0.6401727130385986, "g7": 1.6810343247827941, "i0": 3.95942038479866, "i1": 0.9596884964021132, "i2": -6.521672529108895, "i3": 1.0065107633895114, "i4": 1.1592848885867293, "i5": 0.44703005569744403, "i6": -0.20403974889126175, "i7": 1.0191476896274898, "r0": 2.107563854567082, "r1": 0.7920332850702481, "r2": -8.457889507239262, "r3": 1.388533564974527, "r4": 1.167655005383156, "r5": 0.49850299386216146, "r6": 0.3229570464807936, "r7": 1.7274341838919}, "datetime": {"datetime": "2020-01-19 10:56:03", "elapsed": 68602.704813, "delta": 61.972674}}
{"target": 20.6, "params": {"d0": 3.371852270283182, "d1": -1.405593044497402, "d2": 1.0029493848460023, "g0": 0.6311789332669179, "g1": 0.6258359090849901, "g2": -4.884476325426181, "g3": 1.2139811531975067, "g4": 1.1376154027100867, "g5": 0.1832226825891029, "g6": 0.21343629237977088, "g7": 1.5404153364532565, "i0": 4.085186659787685, "i1": 0.6113316114969707, "i2": -6.906763937542996, "i3": 0.9664031282051972, "i4": 1.0243384444778003, "i5": -0.14345306785459594, "i6": 0.21136984481220283, "i7": 1.4405477220102954, "r0": 2.738564310620849, "r1": 0.42851419256495554, "r2": -8.798690629901992, "r3": 0.9300615537851096, "r4": 0.9575692412150231, "r5": 0.5829325068357106, "r6": 0.2788990790282627, "r7": 1.373568681919976}, "datetime": {"datetime": "2020-01-19 10:57:10", "elapsed": 68669.613357, "delta": 66.908544}}
{"target": 20.9, "params": {"d0": 4.457625119177503, "d1": -1.7033874651407288, "d2": 1.2486647643743132, "g0": 0.3283420237685014, "g1": 0.2085354014225288, "g2": -5.31589696083694, "g3": 1.4154267806427097, "g4": 1.0235599223135572, "g5": -0.19359545740857997, "g6": 0.041134268161022836, "g7": 1.3809209996077476, "i0": 3.4162036698782092, "i1": 0.2006983109341951, "i2": -6.517422011521118, "i3": 1.375206824708361, "i4": 0.8758407561020183, "i5": -0.22148008592884894, "i6": -0.4680592102255464, "i7": 1.2556610110670432, "r0": 1.7753700008952729, "r1": 0.900835346759202, "r2": -8.749482661325256, "r3": 0.8101966863318397, "r4": 0.8411322214265072, "r5": -0.054078675916891306, "r6": 0.556684507290309, "r7": 1.2790560788404326}, "datetime": {"datetime": "2020-01-19 10:58:11", "elapsed": 68730.360869, "delta": 60.747512}}
{"target": 18.55, "params": {"d0": 3.5244710463086433, "d1": -1.9674634762789207, "d2": 0.9867714057457919, "g0": 0.8375595353511212, "g1": 0.9616297338161957, "g2": -6.021111518865116, "g3": 1.1598833152763026, "g4": 1.2203087498383218, "g5": 0.4608170144361845, "g6": 0.9426346147535369, "g7": 1.6464849103372312, "i0": 2.290369663504928, "i1": 0.17815721033821053, "i2": -7.598625612751312, "i3": 0.877905553034305, "i4": 0.939774655648538, "i5": -0.05784703597609053, "i6": 0.5396698453168312, "i7": 1.3275243378202228, "r0": 2.1629710700556277, "r1": 0.5124050345631573, "r2": -8.977849968933413, "r3": 0.9951460967412327, "r4": 1.0588534289018765, "r5": 0.3018066322083006, "r6": -0.1500289764611581, "r7": 0.9044643228763894}, "datetime": {"datetime": "2020-01-19 10:59:30", "elapsed": 68809.007523, "delta": 78.646654}}
{"target": 20.7, "params": {"d0": 3.503234235214686, "d1": -9.287260882025691, "d2": 0.844988869037776, "g0": 0.36973109890309735, "g1": 0.23974063768949666, "g2": -4.612217175525367, "g3": 1.088472262779206, "g4": 1.255458722999172, "g5": -0.5931903479165577, "g6": 0.06528673927199605, "g7": 1.9247921229551899, "i0": 3.182935016046848, "i1": 0.4819227762359311, "i2": -6.505981294199458, "i3": 1.1593216715020407, "i4": 0.995262708442096, "i5": -0.04848831855917196, "i6": -0.3637546469597463, "i7": 1.5814310917962586, "r0": 2.7807185408984543, "r1": 0.3330993615489075, "r2": -3.7795927349046545, "r3": 0.9241405470747168, "r4": 1.0869807829629095, "r5": 0.11853807096005352, "r6": 0.8714792621568785, "r7": 1.7515974653637312}, "datetime": {"datetime": "2020-01-19 11:00:28", "elapsed": 68867.486128, "delta": 58.478605}}
{"target": 20.45, "params": {"d0": 3.5993261446258455, "d1": -1.4814216170432253, "d2": 0.89336990771578, "g0": 0.5681525386480283, "g1": 0.7037233850797308, "g2": -4.608989276912151, "g3": 1.1067068126216384, "g4": 1.1713934083689375, "g5": 0.017148967904040403, "g6": 0.3029683991914238, "g7": 1.6120755401665439, "i0": 4.05866076946123, "i1": 0.7095999782219887, "i2": -6.47654155581419, "i3": 0.9316286857887407, "i4": 1.1153073979087995, "i5": -0.06139448812195936, "i6": 0.0779537652130264, "i7": 1.5401593448892035, "r0": 2.61032330155856, "r1": 0.5158541252194637, "r2": -8.806147710332029, "r3": 1.0368315018918635, "r4": 0.9887723875420186, "r5": 0.57574373921702, "r6": 0.2350838008951186, "r7": 1.4714799346374008}, "datetime": {"datetime": "2020-01-19 11:01:31", "elapsed": 68930.099304, "delta": 62.613176}}
{"target": 20.1, "params": {"d0": 3.3951033611750447, "d1": -1.428896056598811, "d2": 1.067130996359336, "g0": 0.5327897400748727, "g1": 0.5678960480854289, "g2": -4.7660916924234025, "g3": 1.1118784289215187, "g4": 1.2023510055464148, "g5": 0.079094972294253, "g6": 0.16525342490497827, "g7": 1.5862102381331715, "i0": 4.042363668558074, "i1": 0.7490280165989395, "i2": -6.795521076329381, "i3": 1.0396840780416132, "i4": 0.8940678111325979, "i5": 0.029446489251104963, "i6": 0.1659785199827884, "i7": 1.4858715399163447, "r0": 2.6683581293437477, "r1": 0.36573503490082154, "r2": -8.735004116559473, "r3": 0.9862898229489839, "r4": 1.1298236804193498, "r5": 0.6293796511418922, "r6": 0.42639375741270574, "r7": 1.4183851317350389}, "datetime": {"datetime": "2020-01-19 11:02:38", "elapsed": 68997.821626, "delta": 67.722322}}
{"target": 20.35, "params": {"d0": 3.7002306273682257, "d1": -1.5376031181826217, "d2": 1.134400899280152, "g0": 0.487817565313472, "g1": 0.4465773426338804, "g2": -3.5443646581755095, "g3": 1.1218053488586806, "g4": 0.8496969993376038, "g5": -0.08197489528617741, "g6": 0.24982811144064043, "g7": 1.2028300571185315, "i0": 3.404938206950206, "i1": 0.6606697938596647, "i2": -5.252622496487048, "i3": 1.0072466286561348, "i4": 0.9782449505566574, "i5": 0.7360725416315663, "i6": -0.29390576337784935, "i7": 1.5476277800412848, "r0": 1.9571740678983929, "r1": 0.07886304487369544, "r2": -8.254549621067484, "r3": 1.3032922774390185, "r4": 1.0210013108139433, "r5": 0.747259359690893, "r6": 0.013087261345625656, "r7": 1.2610524510682346}, "datetime": {"datetime": "2020-01-19 11:03:43", "elapsed": 69062.612761, "delta": 64.791135}}
{"target": 19.45, "params": {"d0": 3.5462035091888766, "d1": -1.5426571028742337, "d2": 1.4490472372034675, "g0": 0.4913121012806032, "g1": 0.43371907533966003, "g2": -5.492091566386625, "g3": 1.2091499336159925, "g4": 1.2921458581125802, "g5": -0.4658023365765285, "g6": 0.3000952707420681, "g7": 1.9134788865051653, "i0": 2.865220279320115, "i1": 0.29176787283842964, "i2": -7.634637818488415, "i3": 0.9810320343147665, "i4": 1.1491555777206306, "i5": 0.1070141206511932, "i6": 0.4985695178037791, "i7": 1.5262731488511738, "r0": 2.374873384387126, "r1": 0.9402205096485944, "r2": -8.60698059826875, "r3": 1.1015153798489739, "r4": 1.1430150972682287, "r5": 0.44379640471043924, "r6": -0.2544907464696539, "r7": 1.6859968294833245}, "datetime": {"datetime": "2020-01-19 11:04:53", "elapsed": 69132.221355, "delta": 69.608594}}
{"target": 13.75, "params": {"d0": 3.384841942221279, "d1": -2.03074017272008, "d2": 0.8516999118712985, "g0": 0.3927497531228452, "g1": 0.08583514521700453, "g2": -4.81816123573398, "g3": 1.292742680627879, "g4": 0.9287444812613084, "g5": -0.4168732397891113, "g6": -0.13276162100542893, "g7": 0.979648695366451, "i0": 3.725576688952584, "i1": 0.7265597325759537, "i2": -5.880867094153045, "i3": 0.8728102663272719, "i4": 0.8981008979080356, "i5": -0.07977900883588485, "i6": -0.08510940042414283, "i7": 1.5363777951514213, "r0": 0.7993674726514138, "r1": 0.5427008433560766, "r2": -9.146525110345436, "r3": 1.3868706338649894, "r4": 0.9390341658481266, "r5": -0.23692953782228432, "r6": 0.6935738703013832, "r7": 1.453526685314615}, "datetime": {"datetime": "2020-01-19 11:06:00", "elapsed": 69199.357016, "delta": 67.135661}}
{"target": 18.0, "params": {"d0": 4.502027180706042, "d1": -1.6304022622637966, "d2": 0.8116831828556594, "g0": 0.21257748642742047, "g1": 0.19233009682040914, "g2": -4.4862518276988395, "g3": 1.4878780176244688, "g4": 1.2746610982578823, "g5": -0.10115132041964114, "g6": 0.39513070059177213, "g7": 0.9313806976187313, "i0": 3.810999342636672, "i1": 0.2568169894587441, "i2": -6.291849344274509, "i3": 1.3430662416262154, "i4": 1.0991031680691599, "i5": -0.7393713318188286, "i6": -0.0175218498016097, "i7": 1.199586752853647, "r0": 2.8577443924588595, "r1": 0.5843178621984481, "r2": -8.120632460594786, "r3": 1.2933908840872688, "r4": 1.2115576827177412, "r5": 0.42887803410166225, "r6": 0.4526002398509218, "r7": 1.0433776327314432}, "datetime": {"datetime": "2020-01-19 11:07:04", "elapsed": 69263.266657, "delta": 63.909641}}
{"target": 20.85, "params": {"d0": 3.4936160206237488, "d1": -6.2636821727880445, "d2": 0.9418184701026218, "g0": 0.4544544545264884, "g1": 0.26695681199141735, "g2": -6.139524304713726, "g3": 1.5, "g4": 0.9744349483177137, "g5": -0.49131642455978003, "g6": 0.25570531233091875, "g7": 1.7660701532964065, "i0": 0.6812456088926264, "i1": 0.3464428152939093, "i2": -2.1700855447614313, "i3": 1.2615126347142214, "i4": 1.0136639822612923, "i5": -0.44386405130956413, "i6": -0.09760499420412658, "i7": 1.279549858256828, "r0": 3.2512767280774657, "r1": 0.35318866428106027, "r2": -2.647355092540217, "r3": 0.9892393539144708, "r4": 0.950605626522579, "r5": 0.49366770032311696, "r6": -0.15657789404047623, "r7": 1.5277168012972093}, "datetime": {"datetime": "2020-01-19 11:08:20", "elapsed": 69339.842343, "delta": 76.575686}}
{"target": 19.95, "params": {"d0": 4.710311203651081, "d1": -8.240265981051284, "d2": 1.3239713188745907, "g0": 1.0377409590622684, "g1": 0.11879921266979258, "g2": -8.575764399154506, "g3": 1.3910692791958041, "g4": 1.0351479386195137, "g5": -0.3449278882951344, "g6": 0.8686560209552497, "g7": 1.732932205818541, "i0": 2.14919611467423, "i1": 0.4368851912171805, "i2": -3.848720762403209, "i3": 0.8463097207368223, "i4": 0.814365124383764, "i5": -0.2785755807096854, "i6": -0.4587141906384494, "i7": 1.6459811165401304, "r0": 2.6309616967779004, "r1": 0.39423855274329966, "r2": -2.1596935386782516, "r3": 0.8218306604707671, "r4": 0.9279448126701261, "r5": -0.32438458948844584, "r6": -0.1390573062640563, "r7": 1.0922199178785017}, "datetime": {"datetime": "2020-01-19 11:09:22", "elapsed": 69401.574602, "delta": 61.732259}}
{"target": 20.25, "params": {"d0": 2.8592653436995437, "d1": -1.0871158830597996, "d2": 0.7994323218792003, "g0": 0.7946527244086836, "g1": 0.282185373555674, "g2": -5.268188195340542, "g3": 1.1521492942444247, "g4": 1.124982916655068, "g5": 0.11525141548831182, "g6": 0.34746914717062244, "g7": 1.6674535728219166, "i0": 3.557756460790141, "i1": 0.4709752917381344, "i2": -6.675570444148093, "i3": 1.301881044416379, "i4": 1.1773294309904745, "i5": 0.18021355922901414, "i6": -0.17070874537970654, "i7": 1.5349790944036452, "r0": 3.887809766994584, "r1": 0.515789168087565, "r2": -9.304299001650666, "r3": 0.9732683288562133, "r4": 1.0989313222346015, "r5": -0.019155743922674755, "r6": 0.17797908533157744, "r7": 1.2893269147595514}, "datetime": {"datetime": "2020-01-19 11:10:27", "elapsed": 69466.421944, "delta": 64.847342}}
{"target": 18.5, "params": {"d0": 4.826965706439794, "d1": -3.5824278151009508, "d2": 0.9817743236910785, "g0": 0.5072790068039841, "g1": 0.8429135396583963, "g2": -8.52753261094333, "g3": 0.9606980876664548, "g4": 1.2722034042422175, "g5": 0.1609753654693654, "g6": -0.06047163286048611, "g7": 1.8143947058073278, "i0": 3.7166866027356846, "i1": 0.5973093211558355, "i2": -3.036260774727274, "i3": 0.9244835048237977, "i4": 1.0962530738992455, "i5": 0.11308459804086156, "i6": -0.1969771088305264, "i7": 1.71459017952465, "r0": 0.10072236965393051, "r1": 0.37104485480804106, "r2": -5.732906725648993, "r3": 1.240529456886735, "r4": 1.0161940094219666, "r5": -0.3490873390089434, "r6": 0.3204819088459796, "r7": 1.1527847327372291}, "datetime": {"datetime": "2020-01-19 11:11:29", "elapsed": 69528.846828, "delta": 62.424884}}
{"target": 20.5, "params": {"d0": 3.137592100764334, "d1": -1.7063251065859553, "d2": 1.1641391771077252, "g0": 0.5593406902638405, "g1": 0.5149738344881148, "g2": -4.899941752845216, "g3": 1.1467472614430707, "g4": 0.9614820507816859, "g5": 0.10578673932024223, "g6": 0.1995159634082313, "g7": 1.8226934430589297, "i0": 3.2493871393715006, "i1": 0.5307118976266287, "i2": -6.4041711679675855, "i3": 1.000956749086334, "i4": 1.0659748441091756, "i5": -0.1549208624816928, "i6": 0.054078511842381265, "i7": 1.5029303165784549, "r0": 3.931082739040773, "r1": 0.5850559281770494, "r2": -8.342598327281433, "r3": 1.0720881375444975, "r4": 1.176032924519076, "r5": 0.40793912191503523, "r6": -0.08472709736093315, "r7": 1.5945674689213234}, "datetime": {"datetime": "2020-01-19 11:12:35", "elapsed": 69594.029124, "delta": 65.182296}}
{"target": 18.65, "params": {"d0": 1.3167715814614174, "d1": -4.579593945474651, "d2": 0.9403391627203839, "g0": 1.3497420838321894, "g1": 0.9952872023933957, "g2": -4.369318751808549, "g3": 1.4144646573947532, "g4": 0.8922771402475485, "g5": 0.06391134637776386, "g6": 0.9785759024863956, "g7": 1.5826009369278846, "i0": 4.510778368839479, "i1": 0.40013653049768405, "i2": -6.922465705645474, "i3": 0.8844841325251019, "i4": 0.9245087318939513, "i5": 0.021866095007713304, "i6": 0.41421767148598, "i7": 0.9691803444782743, "r0": 4.135143864014909, "r1": 0.9525989677751847, "r2": -5.537182135463379, "r3": 1.0606518356738508, "r4": 1.285009025282508, "r5": 0.42524556894047816, "r6": -0.03507615732961705, "r7": 1.3033287834582028}, "datetime": {"datetime": "2020-01-19 11:13:52", "elapsed": 69671.730263, "delta": 77.701139}}
{"target": 18.85, "params": {"d0": 3.8474730184986496, "d1": -1.1205141279281587, "d2": 1.420563940912938, "g0": 0.6561513377743944, "g1": 0.9416148140268394, "g2": -5.257564622631373, "g3": 1.1273819905224753, "g4": 0.863715508578369, "g5": -0.7195447258549064, "g6": 0.5591802192881641, "g7": 1.4112891561218084, "i0": 3.5666058495726634, "i1": 0.12406598467618746, "i2": -6.499258932408603, "i3": 0.8764697369077266, "i4": 1.1207517980521144, "i5": 0.2204276380709529, "i6": -0.13797213366980038, "i7": 0.9945451876784567, "r0": 1.2950641449203004, "r1": 0.6680971927373769, "r2": -9.31691801570939, "r3": 0.8146386730334353, "r4": 0.9716521987982389, "r5": 0.1816969132770765, "r6": 0.262391996050396, "r7": 1.6707880573303937}, "datetime": {"datetime": "2020-01-19 11:14:58", "elapsed": 69737.820001, "delta": 66.089738}}
{"target": 20.25, "params": {"d0": 3.3546567320408007, "d1": -7.883236534430999, "d2": 1.0751365780403508, "g0": 0.47479283276042616, "g1": 0.32555452875822377, "g2": -5.962189614968546, "g3": 0.9316480593073867, "g4": 1.2033161537959849, "g5": -0.27184380841993894, "g6": 0.552543665036177, "g7": 1.8254008868209637, "i0": 3.300257844314051, "i1": 0.23218290019516075, "i2": -5.869464141033984, "i3": 0.7626186353676926, "i4": 0.8486383814290288, "i5": -0.3852754711385796, "i6": 0.22692760913912902, "i7": 1.9150557336991283, "r0": 2.1291443535546026, "r1": 0.26681229826920105, "r2": -3.1371636896993174, "r3": 1.1353435665238278, "r4": 1.0143713831663252, "r5": -0.20388197578862322, "r6": 0.03978447914637684, "r7": 1.7909777040815005}, "datetime": {"datetime": "2020-01-19 11:16:09", "elapsed": 69807.941356, "delta": 70.121355}}
