{"target": 20.6, "params": {"d0": 3.3111542156065132, "d1": -9.10006338802308, "d2": 0.8928566526378289, "g0": 0.7283178352866245, "g1": 0.5013274790164762, "g2": -5.594021453090051, "g3": 1.4991051759806868, "g4": 1.004796232435734, "g5": -0.4024196351262728, "g6": 0.1803348033533639, "g7": 1.646848816874749, "i0": 4.420273793078154, "i1": 0.6999677174963101, "i2": -6.02847442422783, "i3": 0.9551843116674859, "i4": 1.1042182952550241, "i5": 0.20790114528388554, "i6": -0.08196730121116766, "i7": 1.726195017020275, "r0": 1.7345059960632947, "r1": 0.7949768433623365, "r2": -1.6445225262687224, "r3": 1.4259680079992092, "r4": 0.9961397490380778, "r5": -0.551790074654131, "r6": 0.14671199375149713, "r7": 1.4870155155222717}, "datetime": {"datetime": "2020-01-19 04:09:33", "elapsed": 44212.680272, "delta": 47.04231}}
{"target": 20.0, "params": {"d0": 2.461029721125422, "d1": -2.469618171491485, "d2": 0.7580050998355018, "g0": 0.061158165701269175, "g1": 0.4968209950543437, "g2": -6.899127554763895, "g3": 1.09072359368623, "g4": 0.9662804206014742, "g5": -0.032944778789227525, "g6": 0.13332348167858654, "g7": 1.0760790298808216, "i0": 2.8821944393226318, "i1": 0.3108875589930187, "i2": -5.401620259118016, "i3": 1.2083390249550072, "i4": 0.9805347764709135, "i5": 0.08079821285007255, "i6": 0.46293174587040514, "i7": 1.7583969071464323, "r0": 1.6983148654735505, "r1": 0.3473519917909723, "r2": -7.712083186214394, "r3": 1.27426074124956, "r4": 1.2667349697001324, "r5": 0.03469695929803416, "r6": 0.2731404916003395, "r7": 1.648926959949693}, "datetime": {"datetime": "2020-01-19 04:10:22", "elapsed": 44261.517642, "delta": 48.83737}}
{"target": 21.5, "params": {"d0": 3.622723148559579, "d1": -1.541693373594535, "d2": 0.9513742873017479, "g0": 0.5959234990070066, "g1": 0.5863799352435559, "g2": -4.583652388496672, "g3": 1.0593874923306064, "g4": 1.1365719492248652, "g5": 0.017277263574502648, "g6": 0.159993922554251, "g7": 1.443723090916223, "i0": 4.000197306058298, "i1": 0.6548151292578454, "i2": -6.666524160664381, "i3": 1.0051371587089162, "i4": 1.062736668077133, "i5": -0.07341333665766983, "i6": 0.10755671432554453, "i7": 1.5044203553844941, "r0": 2.392048927361048, "r1": 0.4202097749103657, "r2": -8.865740074859879, "r3": 1.0814335685427021, "r4": 0.9525857853916052, "r5": 0.5961487740705845, "r6": 0.19873096566521975, "r7": 1.4913657352875305}, "datetime": {"datetime": "2020-01-19 04:11:00", "elapsed": 44299.200818, "delta": 37.683176}}
{"target": 20.3, "params": {"d0": 3.7322514195893075, "d1": -1.509679793541625, "d2": 0.9306886353340796, "g0": 0.6568675219131015, "g1": 0.5140124703878307, "g2": -4.592957912911563, "g3": 1.1139676926636461, "g4": 1.1362444527043944, "g5": 0.06953906837418715, "g6": 0.1880398723167206, "g7": 1.6130888935335388, "i0": 3.8714208270309918, "i1": 0.6455142033876731, "i2": -6.649894917957681, "i3": 1.0102713932698208, "i4": 1.0645932511902085, "i5": -0.1167906610193533, "i6": -0.046452183712189586, "i7": 1.6281927208008748, "r0": 2.4210673877642286, "r1": 0.4195620096837135, "r2": -8.897780724820336, "r3": 0.9952315461725995, "r4": 0.9218592687086911, "r5": 0.6050479270920208, "r6": 0.1389125069672216, "r7": 1.5076844648402434}, "datetime": {"datetime": "2020-01-19 04:11:43", "elapsed": 44342.594371, "delta": 43.393553}}
{"target": 20.6, "params": {"d0": 3.5721467868296157, "d1": -1.4979553154253094, "d2": 0.9886937970643044, "g0": 0.5191132210583028, "g1": 0.6914881941743228, "g2": -4.65748247423163, "g3": 1.0851307058194002, "g4": 1.147748838157974, "g5": -0.020396210674867275, "g6": 0.18315690966944442, "g7": 1.4259306708803379, "i0": 4.028575238302713, "i1": 0.6686531130568643, "i2": -6.606793122027012, "i3": 0.9397451545147376, "i4": 1.0651704073941177, "i5": -0.06918074600781805, "i6": 0.22157963850179485, "i7": 1.471319938446435, "r0": 2.370372434302406, "r1": 0.486710689875304, "r2": -8.761956721023802, "r3": 1.1026163111257956, "r4": 1.0956132080423564, "r5": 0.5970075595906628, "r6": 0.29139018897989744, "r7": 1.479097918002721}, "datetime": {"datetime": "2020-01-19 04:12:31", "elapsed": 44390.026959, "delta": 47.432588}}
{"target": 19.95, "params": {"d0": 3.6075495539755607, "d1": -1.5569617783410241, "d2": 1.033357232879871, "g0": 0.528525151468853, "g1": 0.5958498684538145, "g2": -4.524190078939361, "g3": 1.1734652886150836, "g4": 0.9639100628402704, "g5": 0.016564044568577543, "g6": 0.19210596059025778, "g7": 1.5863828068212573, "i0": 3.5947549015100426, "i1": 0.6975629699056055, "i2": -6.38176848315612, "i3": 1.121893063171362, "i4": 1.036523003143894, "i5": -0.10263056025118025, "i6": -0.045671109781914784, "i7": 1.5184487492386196, "r0": 3.188132130447731, "r1": 0.48460869973682613, "r2": -8.606441964503109, "r3": 1.0794841214247826, "r4": 1.0297896723531523, "r5": 0.39286721373498695, "r6": -0.06720519019552045, "r7": 1.4705049319774233}, "datetime": {"datetime": "2020-01-19 04:13:17", "elapsed": 44436.144721, "delta": 46.117762}}
{"target": 21.3, "params": {"d0": 3.7737678765973834, "d1": -1.6546663730123528, "d2": 0.9624945614968428, "g0": 0.5827355336715446, "g1": 0.4944021938092924, "g2": -4.644564540205592, "g3": 1.0409009708120394, "g4": 1.1197901243418529, "g5": 0.007677505737487812, "g6": 0.07913446917988327, "g7": 1.380532561221743, "i0": 3.9438444947095634, "i1": 0.5857942454240396, "i2": -6.575553402417338, "i3": 0.9940238607766959, "i4": 1.1664702555116122, "i5": -0.12219168357131766, "i6": 0.14804710559009782, "i7": 1.5530659870666863, "r0": 2.305511388085006, "r1": 0.37463915342223225, "r2": -8.714428942745563, "r3": 1.1192161396911302, "r4": 0.9675743864945903, "r5": 0.4759498640991936, "r6": 0.159292044608202, "r7": 1.5694985422921675}, "datetime": {"datetime": "2020-01-19 04:14:00", "elapsed": 44479.437552, "delta": 43.292831}}
{"target": 20.7, "params": {"d0": 4.813838249859594, "d1": -2.5710525110782116, "d2": 1.148782804778782, "g0": 0.8982645852324731, "g1": 0.19935678823376787, "g2": -8.345024864634869, "g3": 1.4270091200414177, "g4": 1.1255807835934737, "g5": -0.09049501806007022, "g6": 0.5148459624450761, "g7": 1.3986538706440943, "i0": 4.596312576619945, "i1": 0.6001168465251472, "i2": -5.011691035432275, "i3": 1.120243109373956, "i4": 1.1212923660017056, "i5": -0.2217492345674847, "i6": 0.048951124722895346, "i7": 1.0883736390004042, "r0": 4.0147831866125765, "r1": 0.7880435403452304, "r2": -4.58273095360621, "r3": 1.139333990047429, "r4": 1.0266077092102337, "r5": 0.10262045135438708, "r6": 0.5197911172297449, "r7": 1.7138730903998007}, "datetime": {"datetime": "2020-01-19 04:14:46", "elapsed": 44525.472626, "delta": 46.035074}}
{"target": 19.1, "params": {"d0": 4.1536999040347755, "d1": -1.3224046956122777, "d2": 0.8002663832630349, "g0": 1.0049779585254526, "g1": 0.8139620326214191, "g2": -5.6119510282462395, "g3": 1.1623639584024181, "g4": 1.2140863910195743, "g5": -0.39456116937501257, "g6": 0.6981227159768575, "g7": 1.967504469514925, "i0": 3.4851219573810983, "i1": 0.840456154148057, "i2": -6.847231716667083, "i3": 1.406116381239159, "i4": 0.9208342149801219, "i5": -0.028084996954003016, "i6": -0.06956969761399184, "i7": 1.7911975026408156, "r0": 2.129037579544164, "r1": 0.46739242929132374, "r2": -9.167963879557599, "r3": 1.2452203091088005, "r4": 0.9800468348388447, "r5": 0.016126924728039782, "r6": 0.6963010766392674, "r7": 1.8543549656182061}, "datetime": {"datetime": "2020-01-19 04:15:28", "elapsed": 44567.243773, "delta": 41.771147}}
{"target": 9.55, "params": {"d0": 0.4274593011078959, "d1": -3.404669464554823, "d2": 1.4904907030875894, "g0": 3.9760915370288514, "g1": 0.30068248771779493, "g2": -7.712492718594747, "g3": 1.1894375455919193, "g4": 1.009681599358563, "g5": 0.062047280075485434, "g6": -0.1825953509714207, "g7": 0.9482253307890582, "i0": 0.6707351997713362, "i1": 0.9814193056478396, "i2": -1.0924801727539695, "i3": 1.474010552289478, "i4": 1.298634113507855, "i5": 0.7157415164287901, "i6": 0.5161785773174505, "i7": 1.8018533215188985, "r0": 3.2826714750801305, "r1": 0.49176407784374077, "r2": -2.4783914559677376, "r3": 1.1698365350403082, "r4": 1.2203557558985583, "r5": -0.018378583665455528, "r6": 0.47307048232405824, "r7": 1.1850138968966442}, "datetime": {"datetime": "2020-01-19 04:16:34", "elapsed": 44633.491424, "delta": 66.247651}}
{"target": 19.95, "params": {"d0": 4.266696006945851, "d1": -1.0319755304144476, "d2": 1.051897980164644, "g0": 0.6637308011441256, "g1": 0.5044739785167517, "g2": -5.368333255534768, "g3": 0.9242727251249144, "g4": 1.146522285323, "g5": 0.08052064303182505, "g6": 0.37639823853361865, "g7": 1.2658455480929511, "i0": 3.928911175468066, "i1": 0.19337685765727908, "i2": -6.84819746442523, "i3": 1.2500929675492463, "i4": 0.8725928195665377, "i5": 0.038401568886455406, "i6": 0.22977963210021835, "i7": 1.9867460335619458, "r0": 2.5281388542841094, "r1": 0.4798443600285274, "r2": -7.924192554527043, "r3": 0.7292074251173672, "r4": 1.0888196124503835, "r5": -0.1293560959506601, "r6": -0.18788936899517028, "r7": 1.1557569671149777}, "datetime": {"datetime": "2020-01-19 04:17:15", "elapsed": 44674.107752, "delta": 40.616328}}
{"target": 20.45, "params": {"d0": 3.3614852398369055, "d1": -2.0568746210916755, "d2": 0.9321297512468739, "g0": 0.833156545582236, "g1": 0.7852331674235529, "g2": -5.994543513696281, "g3": 0.8590521762423718, "g4": 1.0138113276463263, "g5": -0.19710242473947093, "g6": 0.20366210559211506, "g7": 1.4003580035919796, "i0": 2.6885403044862732, "i1": 0.33033011434789616, "i2": -6.759581863267636, "i3": 1.2258356046470982, "i4": 0.9559399092913425, "i5": 0.07500422660632089, "i6": 0.6709432023785538, "i7": 0.9361412330308216, "r0": 3.066239602608608, "r1": 0.30861286500019447, "r2": -8.777744344319467, "r3": 1.202179288943598, "r4": 1.2795033632601835, "r5": 0.7672433602374438, "r6": 0.45472079492298745, "r7": 1.4102715633772993}, "datetime": {"datetime": "2020-01-19 04:18:02", "elapsed": 44721.275638, "delta": 47.167886}}
{"target": 15.5, "params": {"d0": 3.7567451641036023, "d1": -1.2710282582690553, "d2": 1.1929251702964807, "g0": 1.071295730498412, "g1": 0.3308377190102526, "g2": -4.744643095731556, "g3": 1.2352210628441669, "g4": 0.8732222426146021, "g5": 0.274143707470601, "g6": -0.21161268270087896, "g7": 1.67758136652037, "i0": 4.6285746236553, "i1": 0.46884400231694734, "i2": -6.031104178662678, "i3": 1.2007518023599073, "i4": 1.2107943866635038, "i5": 0.2759090489314828, "i6": 0.06533809079453645, "i7": 1.4312081436174013, "r0": 2.2619354435187784, "r1": 0.5253359117676222, "r2": -9.04640058931066, "r3": 0.8344140772608053, "r4": 0.8618990025865346, "r5": 0.36870675025956623, "r6": 0.7014624252877457, "r7": 1.5018592609237902}, "datetime": {"datetime": "2020-01-19 04:18:49", "elapsed": 44768.75368, "delta": 47.478042}}
{"target": 20.65, "params": {"d0": 2.835436816742511, "d1": -8.143569583265128, "d2": 1.1385082036789334, "g0": 0.21581525458428247, "g1": 0.13970320139895046, "g2": -5.053779749272672, "g3": 1.4533951896537987, "g4": 1.1205182944236463, "g5": -0.31814589776581703, "g6": 0.6244400111478942, "g7": 1.3457289254208296, "i0": 3.409514747596946, "i1": 0.7645881096474845, "i2": -5.098588630626424, "i3": 1.0400131124518315, "i4": 1.1339956685024604, "i5": 0.19633372239113045, "i6": 0.07928379837179272, "i7": 1.415716898713149, "r0": 2.0615281222765405, "r1": 0.18214445720163874, "r2": -2.6319604930805034, "r3": 1.1234939365170191, "r4": 0.8739864987407806, "r5": 0.03145643715057971, "r6": -0.18105442982313877, "r7": 1.4410913570988153}, "datetime": {"datetime": "2020-01-19 04:19:33", "elapsed": 44812.777993, "delta": 44.024313}}
{"target": 20.25, "params": {"d0": 4.0200813871230165, "d1": -1.531630207810566, "d2": 1.0444608874166212, "g0": 0.5701030470583845, "g1": 0.4799908428062054, "g2": -4.714719958443628, "g3": 1.0724132289624537, "g4": 1.130405324369502, "g5": -0.04838891456105456, "g6": 0.01910948193967475, "g7": 1.4533565760550797, "i0": 3.8150583590221654, "i1": 0.5093638790806209, "i2": -6.461115012713515, "i3": 1.022771554163145, "i4": 1.151685982966235, "i5": -0.24953961138590994, "i6": 0.1137169620489809, "i7": 1.6431324842317285, "r0": 2.175479337579069, "r1": 0.367898072466648, "r2": -8.65827749349474, "r3": 1.103344271111826, "r4": 0.9267994914094271, "r5": 0.39732771855162685, "r6": 0.07517478388486486, "r7": 1.5726088326208814}, "datetime": {"datetime": "2020-01-19 04:20:15", "elapsed": 44854.508347, "delta": 41.730354}}
{"target": 17.65, "params": {"d0": 3.315897200914203, "d1": -1.4604476933750092, "d2": 0.9813962054569592, "g0": 1.0492621838717808, "g1": 0.41169768528062745, "g2": -4.883658021915819, "g3": 0.8853875049689249, "g4": 1.1160121052452285, "g5": 0.6018795685178926, "g6": 0.10032085664988333, "g7": 1.2173558956328376, "i0": 3.368898475916353, "i1": 0.17150231054419585, "i2": -6.399500136748456, "i3": 0.8494541793207531, "i4": 1.2410185687529427, "i5": -0.6695546157402771, "i6": 0.9053997238804643, "i7": 1.3166805380512834, "r0": 3.1659340816703727, "r1": 0.5272721945008344, "r2": -7.888461212680921, "r3": 1.243829955069617, "r4": 1.029379145704999, "r5": 0.6296401976957005, "r6": 0.30492373288521213, "r7": 1.2730726916658734}, "datetime": {"datetime": "2020-01-19 04:20:59", "elapsed": 44898.135763, "delta": 43.627416}}
{"target": 20.25, "params": {"d0": 3.6015093539507235, "d1": -3.3311107917839586, "d2": 1.1655249838549542, "g0": 0.5838470161131963, "g1": 0.1518047984796606, "g2": -8.246733822916536, "g3": 1.2435767251313092, "g4": 0.9282307421173118, "g5": -0.12687678626292512, "g6": 0.12087444982150697, "g7": 1.3396686127716075, "i0": 4.596756057279276, "i1": 0.7694908560855387, "i2": -6.950934857344031, "i3": 0.9485722589316201, "i4": 1.0360606032179858, "i5": -0.5543851316893398, "i6": 0.6525456232366401, "i7": 1.3759808991019482, "r0": 0.21002480186792352, "r1": 0.3387524408132311, "r2": -5.534735693912688, "r3": 1.4076033816406457, "r4": 1.1197335861604376, "r5": 0.061897254928714084, "r6": 0.5709143532980568, "r7": 1.1783229361539789}, "datetime": {"datetime": "2020-01-19 04:21:41", "elapsed": 44940.224231, "delta": 42.088468}}
{"target": 21.15, "params": {"d0": 3.858297068682293, "d1": -1.526046481206286, "d2": 0.8150294464424995, "g0": 0.5670643770422881, "g1": 0.4251460341916776, "g2": -3.2640459869473997, "g3": 1.1916066077743162, "g4": 1.0428701154584477, "g5": 0.027923694881054985, "g6": 0.3431632499219232, "g7": 1.8018532528125033, "i0": 4.060767378401932, "i1": 0.30572120000156605, "i2": -4.790982114343496, "i3": 1.456474905206167, "i4": 1.2211529266374683, "i5": 0.0008835415771675206, "i6": 0.4631762182936137, "i7": 1.2528383265011707, "r0": 4.729407824978862, "r1": 0.9999330860992259, "r2": -4.898429437097698, "r3": 1.4993368607027304, "r4": 1.206875940965547, "r5": -0.5721378094344814, "r6": -0.3330041034945531, "r7": 1.1665009708375393}, "datetime": {"datetime": "2020-01-19 04:22:22", "elapsed": 44981.422, "delta": 41.197769}}
{"target": 20.75, "params": {"d0": 3.403631125104857, "d1": -9.181531859728988, "d2": 0.8161410486909373, "g0": 0.7885617427014963, "g1": 0.5249800370548727, "g2": -5.408443183674911, "g3": 1.5, "g4": 1.0304162892435076, "g5": -0.3109991116532483, "g6": 0.13078026712928467, "g7": 1.6499903081337706, "i0": 4.49606512386134, "i1": 0.7263598476984953, "i2": -5.484615812156375, "i3": 0.9671211264624037, "i4": 1.0333293340298102, "i5": 0.27067222950042324, "i6": -0.3191332973698393, "i7": 1.6286493352897964, "r0": 1.850190143587912, "r1": 0.7644856312730163, "r2": -1.886131541510255, "r3": 1.4133960423036818, "r4": 1.0482996966028706, "r5": -0.5832499378799968, "r6": 0.05047935958019634, "r7": 1.4881329664310194}, "datetime": {"datetime": "2020-01-19 04:23:07", "elapsed": 45026.637235, "delta": 45.215235}}
{"target": 20.9, "params": {"d0": 4.686609904097975, "d1": -8.288005155016759, "d2": 1.2607845197056513, "g0": 0.7181597864329657, "g1": 0.5910729640644716, "g2": -2.6350397719329806, "g3": 1.3172974800563986, "g4": 0.9955573379338676, "g5": 0.051027097092260075, "g6": 0.30318077055412784, "g7": 1.2103401791038215, "i0": 0.8260454843318851, "i1": 0.7537604885149876, "i2": -4.703619986308163, "i3": 0.8590889300701087, "i4": 1.001324298403877, "i5": 0.22044490645197687, "i6": -0.3316900142472866, "i7": 1.471046160104831, "r0": 3.7022993907665764, "r1": 0.8310228370317163, "r2": -4.495149632516884, "r3": 0.9359109055556664, "r4": 1.2349384577771332, "r5": 0.20282921055645983, "r6": 0.42188331118550493, "r7": 1.8133899646566565}, "datetime": {"datetime": "2020-01-19 04:23:51", "elapsed": 45070.435691, "delta": 43.798456}}
{"target": 20.55, "params": {"d0": 3.855852328434181, "d1": -1.5581419072851863, "d2": 0.8127967006229488, "g0": 0.6600861670518214, "g1": 0.40601746346945905, "g2": -3.318605570701279, "g3": 1.1915862686412855, "g4": 1.0856064376699346, "g5": -0.011306114421142358, "g6": 0.31770237277952945, "g7": 1.765064023350581, "i0": 4.049687671696043, "i1": 0.30186604398895245, "i2": -4.780454288298817, "i3": 1.425808848182962, "i4": 1.1700379696102337, "i5": 0.0032935531015621253, "i6": 0.3835689538090791, "i7": 1.256749583200694, "r0": 4.6051512199445455, "r1": 0.9934412090147662, "r2": -4.9564580221370536, "r3": 1.3752840682940237, "r4": 1.2243614583491222, "r5": -0.5170458577146572, "r6": -0.11511209650005563, "r7": 1.1727253642510247}, "datetime": {"datetime": "2020-01-19 04:24:34", "elapsed": 45113.75134, "delta": 43.315649}}
{"target": 20.05, "params": {"d0": 3.086040787616243, "d1": -1.7668327820869467, "d2": 1.015542781687359, "g0": 0.5334403006263626, "g1": 0.47646406128532703, "g2": -4.955009441525158, "g3": 1.209833111506048, "g4": 1.0977191951058918, "g5": 0.06375301309761566, "g6": 0.18363905826760202, "g7": 1.6763904219693684, "i0": 3.3145072863861658, "i1": 0.583011046377632, "i2": -6.287572717220053, "i3": 0.9141879920117802, "i4": 1.1110922899256757, "i5": -0.142664008725153, "i6": 0.08057810561273884, "i7": 1.5142637346703156, "r0": 3.8116921921351485, "r1": 0.5161294090839288, "r2": -8.419945017212207, "r3": 0.9839899188587002, "r4": 1.133033243168771, "r5": 0.4743993292678451, "r6": -0.05201029667717711, "r7": 1.7539710426828528}, "datetime": {"datetime": "2020-01-19 04:25:20", "elapsed": 45159.418268, "delta": 45.666928}}
{"target": 21.85, "params": {"d0": 3.6130324669677583, "d1": -1.6120952017153287, "d2": 0.9389516307292038, "g0": 0.6045208510037445, "g1": 0.5266145960781522, "g2": -4.531664141194266, "g3": 1.1443881531481104, "g4": 1.143288075964398, "g5": 0.06960593797801173, "g6": 0.16517153885047567, "g7": 1.3919435429364062, "i0": 3.986773985288544, "i1": 0.6797838531562367, "i2": -6.605836754771459, "i3": 0.8720377507195904, "i4": 1.1333812799201113, "i5": -0.025822427424329462, "i6": 0.1058446322398197, "i7": 1.5467311664113195, "r0": 2.4730582433964723, "r1": 0.3587462016881028, "r2": -8.814361660540353, "r3": 1.109911733074531, "r4": 1.005549476216395, "r5": 0.4694477023039305, "r6": 0.2164069199244173, "r7": 1.6047343853331995}, "datetime": {"datetime": "2020-01-19 04:26:03", "elapsed": 45202.103241, "delta": 42.684973}}
{"target": 18.8, "params": {"d0": 2.255328619669313, "d1": -5.2429996188006776, "d2": 1.2586778366899607, "g0": 0.2148323236498306, "g1": 0.40621570575810684, "g2": -2.624303218480669, "g3": 1.2552831761630863, "g4": 0.972793568038356, "g5": -0.7873607364462658, "g6": -0.05823016673011751, "g7": 1.693514091156715, "i0": 3.172834537051266, "i1": 0.47740218644461213, "i2": -4.3202052483347275, "i3": 0.9818572124986934, "i4": 1.2144645631588182, "i5": 0.3287553651063924, "i6": -0.1104446426393713, "i7": 1.6595321391163536, "r0": 2.7780153264064364, "r1": 0.2238359609892325, "r2": -0.4967217052177745, "r3": 1.0060233788656894, "r4": 0.8742146245759013, "r5": 0.4676444001233459, "r6": 0.4260797290587352, "r7": 1.7317122578011674}, "datetime": {"datetime": "2020-01-19 04:26:49", "elapsed": 45248.677408, "delta": 46.574167}}
{"target": 20.45, "params": {"d0": 3.6854331983746644, "d1": -1.5222944277874637, "d2": 0.9177089434506212, "g0": 0.6534415949936325, "g1": 0.5074292960245738, "g2": -4.539141307518966, "g3": 1.0819369616670187, "g4": 1.0721078700242546, "g5": -0.03652123392136908, "g6": 0.11920077951550595, "g7": 1.4343975303359635, "i0": 3.970733299824673, "i1": 0.5768175599954141, "i2": -6.644721800435352, "i3": 0.8641630805658858, "i4": 1.1558706172478324, "i5": -0.06296105528747124, "i6": 0.14328742972864117, "i7": 1.5284104515840269, "r0": 2.4868607341858167, "r1": 0.38947722741663743, "r2": -8.856066792091456, "r3": 1.1723222686382684, "r4": 0.9925689636273135, "r5": 0.39133155181136425, "r6": 0.2207591482601991, "r7": 1.5016746083092785}, "datetime": {"datetime": "2020-01-19 04:27:36", "elapsed": 45295.717974, "delta": 47.040566}}
{"target": 21.05, "params": {"d0": 3.6228606018445597, "d1": -1.688154929741665, "d2": 0.9638986538934694, "g0": 0.5742742364436626, "g1": 0.5692910306246732, "g2": -4.602685181882194, "g3": 1.1364099675120256, "g4": 1.2082465302259207, "g5": 0.12148861847617903, "g6": 0.21957611989683165, "g7": 1.3896401594367727, "i0": 3.9894643116533484, "i1": 0.70727862981057, "i2": -6.556542527707063, "i3": 0.939422953012767, "i4": 1.0324787734684797, "i5": -0.07242081796519759, "i6": 0.08986950043311501, "i7": 1.5438392284544775, "r0": 2.3698318092760013, "r1": 0.3563963972266378, "r2": -8.736681611638808, "r3": 1.0297863169718395, "r4": 0.9765309498416681, "r5": 0.5606253453546488, "r6": 0.20180587969058322, "r7": 1.6600205457804316}, "datetime": {"datetime": "2020-01-19 04:28:18", "elapsed": 45337.371292, "delta": 41.653318}}
