{"target": 15.0, "params": {"d0": 4.4013243674823705, "d1": -9.670338186211863, "d2": 1.1082383147209804, "g0": 4.735410830457952, "g1": 0.9194196222325519, "g2": -9.370148310963112, "g3": 1.3995061377625193, "g4": 1.0675070175019075, "g5": 0.6731167875555586, "g6": 0.9494995513108198, "g7": 1.1699901338646241, "i0": 0.7799518673387273, "i1": 0.7761734100692549, "i2": -3.820790544633824, "i3": 1.3885512208608206, "i4": 1.162016110857126, "i5": 0.38243480530919705, "i6": 0.13854061206574864, "i7": 1.5093440748680877, "r0": 4.989902995212304, "r1": 0.8199111874653556, "r2": -9.536623723096847, "r3": 1.2281223644760009, "r4": 1.1204870581183113, "r5": -0.13752640663678994, "r6": 0.19343095500021112, "r7": 1.5760892970214988}, "datetime": {"datetime": "2020-01-18 05:53:53", "elapsed": 32820.244959, "delta": 31.86395}}
{"target": 10.25, "params": {"d0": 4.017511081314201, "d1": -8.63406275099085, "d2": 1.3450886020034405, "g0": 0.06235693937653275, "g1": 0.19236550180669, "g2": -7.505339953188859, "g3": 1.0847460079348228, "g4": 1.1772331288440094, "g5": 0.1811808236621577, "g6": -0.44573556866762204, "g7": 1.5999252230794552, "i0": 3.9692919507007134, "i1": 0.33155366038866596, "i2": -9.244545253723912, "i3": 1.0912811653836425, "i4": 0.9011032125987943, "i5": -0.7630897060365682, "i6": 0.8143010325825981, "i7": 1.5018366367596894, "r0": 0.01700990168388483, "r1": 0.4232523958405754, "r2": -6.297782097522923, "r3": 0.9632210032464168, "r4": 0.9020063970098048, "r5": -0.6988079824551638, "r6": 0.6535741633620835, "r7": 0.9024173550417792}, "datetime": {"datetime": "2020-01-18 05:54:20", "elapsed": 32846.499661, "delta": 26.254702}}
{"target": 9.15, "params": {"d0": 4.284590014359995, "d1": -8.245283815980414, "d2": 0.743402044210797, "g0": 4.676577741516911, "g1": 0.7360026141459841, "g2": -3.0992582650733045, "g3": 0.7203160105948108, "g4": 1.0968414191229268, "g5": 0.559613140254142, "g6": -0.4923695899375405, "g7": 1.6739941512048317, "i0": 3.9826619394591267, "i1": 0.5083492285714958, "i2": -0.4724242773635954, "i3": 1.4784825490444593, "i4": 0.9736179701963876, "i5": -0.06736347855595981, "i6": -0.4626744386760218, "i7": 1.9914863417333328, "r0": 2.768052037978952, "r1": 0.692196371697294, "r2": -9.955119907685592, "r3": 1.0521949109440687, "r4": 1.0272081950389351, "r5": 0.5652029544041792, "r6": 0.9564265008446706, "r7": 1.8566818680630837}, "datetime": {"datetime": "2020-01-18 05:54:48", "elapsed": 32874.588465, "delta": 28.088804}}
{"target": 18.25, "params": {"d0": 4.340028447754267, "d1": -3.191543493779129, "d2": 0.7684851423577832, "g0": 1.126743557297315, "g1": 0.06347973215712999, "g2": -4.522958831852037, "g3": 1.2894692958941383, "g4": 0.8018004687579685, "g5": 0.2073965654797152, "g6": 0.4973958436749104, "g7": 1.305198295081253, "i0": 0.8607259532629474, "i1": 0.7999258315939715, "i2": -6.115840936776649, "i3": 0.827186241717567, "i4": 1.036385271872299, "i5": -0.08943034002832084, "i6": 0.5776982608827468, "i7": 1.1167784346836604, "r0": 1.4687052299481784, "r1": 0.027042516448030463, "r2": -7.835947629296614, "r3": 0.8558900100878626, "r4": 1.2457902875356934, "r5": -0.19696830545722754, "r6": 0.91020891098285, "r7": 1.6253619606353678}, "datetime": {"datetime": "2020-01-18 05:55:19", "elapsed": 32905.378532, "delta": 30.790067}}
{"target": 12.2, "params": {"d0": 2.843485926361211, "d1": -0.09525706596978978, "d2": 1.3916599068442557, "g0": 1.1300184052297308, "g1": 0.6854091876044606, "g2": -4.941010982201491, "g3": 0.8492728580174765, "g4": 0.8631256167589221, "g5": 0.5949725032993376, "g6": 0.9991961870238963, "g7": 0.9729096509427222, "i0": 1.1457161560513074, "i1": 0.760779112166001, "i2": -5.558951443585127, "i3": 1.1333688491925873, "i4": 1.0853498839309768, "i5": 0.4213062899976532, "i6": 0.7651190377744479, "i7": 0.9245279830199865, "r0": 1.205727516680627, "r1": 0.5024877518219151, "r2": -6.130869238831101, "r3": 0.7939948881625275, "r4": 0.9651399558184, "r5": 0.2936863227981643, "r6": 0.6676955990023874, "r7": 1.5540878691898765}, "datetime": {"datetime": "2020-01-18 05:55:53", "elapsed": 32940.025655, "delta": 34.647123}}
{"target": 8.4, "params": {"d0": 1.8663541672200474, "d1": -2.7537557588483432, "d2": 1.4762800091879957, "g0": 3.914001237291642, "g1": 0.4957141302123619, "g2": -2.799715431670979, "g3": 1.364787957548805, "g4": 1.029316609359598, "g5": 0.4819209596504661, "g6": -0.32386996774577825, "g7": 1.1352258817931244, "i0": 4.832703355528541, "i1": 0.898542175375348, "i2": -1.5747145719643196, "i3": 1.305192617837356, "i4": 1.1825295407842031, "i5": -0.44798832665955807, "i6": 0.8355942599356279, "i7": 1.7731627174021942, "r0": 4.625393678415294, "r1": 0.520619385260567, "r2": -2.799653226451775, "r3": 1.2329447688033088, "r4": 1.0863335840989135, "r5": 0.007505310167544188, "r6": -0.34095592480640086, "r7": 0.9534276241012808}, "datetime": {"datetime": "2020-01-18 05:56:31", "elapsed": 32977.716671, "delta": 37.691016}}
{"target": 14.15, "params": {"d0": 1.1871810458000582, "d1": -3.0543265656165133, "d2": 1.1229761421496065, "g0": 3.981014780141658, "g1": 0.20062694149281746, "g2": -2.4425528709592426, "g3": 1.17814786064903, "g4": 1.171109216522711, "g5": -0.6231253993973548, "g6": 0.39577801913525357, "g7": 1.9262350727877058, "i0": 2.5704453469016957, "i1": 0.8994241515840996, "i2": -6.219324924098729, "i3": 1.1952933129852972, "i4": 1.0067231113440096, "i5": -0.3071300992121316, "i6": 0.20791561487710686, "i7": 0.9147392781942659, "r0": 1.1937039895698813, "r1": 0.41889517038732504, "r2": -8.2802321465124, "r3": 0.9372042095114161, "r4": 1.1409587093862101, "r5": 0.49286777137065907, "r6": 0.4442835413220543, "r7": 1.375238040028321}, "datetime": {"datetime": "2020-01-18 05:57:11", "elapsed": 33017.624411, "delta": 39.90774}}
{"target": 13.1, "params": {"d0": 2.8078859150917426, "d1": -0.1937436829392567, "d2": 1.0237332880357461, "g0": 2.568871987606965, "g1": 0.9956563844499045, "g2": -0.9008026428375082, "g3": 0.9518445398228592, "g4": 1.2955429960065794, "g5": -0.23039568459604265, "g6": -0.10103513238802242, "g7": 1.2681737055614781, "i0": 3.995900121798086, "i1": 0.7902986063130235, "i2": -0.4490293355916073, "i3": 1.177284511470528, "i4": 0.9927588868152525, "i5": 0.602050100545579, "i6": 0.9136892978215443, "i7": 1.7222710497731417, "r0": 3.6836377691135986, "r1": 0.6071422203405507, "r2": -6.680564727947756, "r3": 1.4992964795147445, "r4": 0.8176740916634961, "r5": -0.20906409209180443, "r6": -0.4065740440389776, "r7": 1.19537330597925}, "datetime": {"datetime": "2020-01-18 05:57:43", "elapsed": 33049.543319, "delta": 31.918908}}
{"target": 16.3, "params": {"d0": 2.427564932823705, "d1": -8.190749861241727, "d2": 0.8842480703600231, "g0": 1.5627961293214359, "g1": 0.6945815360447695, "g2": -7.067098798719807, "g3": 0.9702970715858645, "g4": 1.2747465624837422, "g5": -0.3349921563069739, "g6": 0.6184100752714863, "g7": 1.1049523326283188, "i0": 2.1372838895178132, "i1": 0.9915764565433377, "i2": -6.057888797491798, "i3": 1.3213995176942717, "i4": 0.8435771344260428, "i5": 0.43058511535818744, "i6": -0.3343694222967648, "i7": 1.2406622910151377, "r0": 2.3313316988452133, "r1": 0.824234224876786, "r2": -4.153218855900597, "r3": 0.8458989027135189, "r4": 0.9211417368274561, "r5": 0.15171488551861023, "r6": 0.2546980161474319, "r7": 1.4239778696324543}, "datetime": {"datetime": "2020-01-18 05:58:11", "elapsed": 33078.102153, "delta": 28.558834}}
{"target": 15.9, "params": {"d0": 1.8764820915354812, "d1": -1.4095820046301952, "d2": 1.0563455009548264, "g0": 1.1429422130563789, "g1": 0.2824244090263365, "g2": -0.9292757573404327, "g3": 1.4528324085469937, "g4": 0.8492166218621561, "g5": 0.5900052827988573, "g6": 0.8063130177216817, "g7": 1.1134698912308592, "i0": 3.1089064317848916, "i1": 0.9574534559971576, "i2": -6.447450192333523, "i3": 1.4984574642550283, "i4": 1.233369158286166, "i5": -0.7797235977018961, "i6": 0.32314156847163644, "i7": 1.3264621328425719, "r0": 3.6117031363671614, "r1": 0.9124732010716041, "r2": -2.912242489230926, "r3": 1.4579715750424356, "r4": 0.9702252247469667, "r5": 0.17588707114094626, "r6": 0.5774500006894248, "r7": 1.8118688496450233}, "datetime": {"datetime": "2020-01-18 05:58:47", "elapsed": 33113.960036, "delta": 35.857883}}
{"target": 14.15, "params": {"d0": 4.436141036500411, "d1": -9.844691409883183, "d2": 1.3220886384801847, "g0": 4.519664209630831, "g1": 0.2204861379255637, "g2": -2.8476756915679635, "g3": 1.2763277277064526, "g4": 1.0225036762841886, "g5": 0.07567377233978989, "g6": 0.07753961826634792, "g7": 0.9402198006331375, "i0": 0.7863469969988013, "i1": 0.13968944472607114, "i2": -7.287952539469224, "i3": 0.7779936337930534, "i4": 1.1673929507666099, "i5": -0.5882216926882733, "i6": -0.40804623309736016, "i7": 1.0555915490390935, "r0": 2.2414035171127966, "r1": 0.376705670354319, "r2": -6.372975089517281, "r3": 0.9229441397536912, "r4": 1.2839545146939415, "r5": 0.3062012787815078, "r6": -0.3332670103486467, "r7": 1.3474937152236968}, "datetime": {"datetime": "2020-01-18 05:59:22", "elapsed": 33148.710558, "delta": 34.750522}}
{"target": 3.3, "params": {"d0": 1.403483527737361, "d1": -2.174446073609891, "d2": 1.177175408893046, "g0": 2.567792509315936, "g1": 0.0870372655216115, "g2": -8.024317044475719, "g3": 0.7430372229545062, "g4": 1.0254062267129744, "g5": 0.41712385124841367, "g6": 0.16540364502155902, "g7": 0.9539008641803002, "i0": 4.296595931178736, "i1": 0.2478601938769628, "i2": -7.076871442597689, "i3": 1.4103811256539178, "i4": 0.9383423331520349, "i5": 0.20880341278185455, "i6": -0.3809737300697292, "i7": 1.107790790053476, "r0": 4.143540813236273, "r1": 0.41786497485624086, "r2": -3.1551064331854057, "r3": 0.7521754690511546, "r4": 1.093291266614112, "r5": 0.11565658970429027, "r6": 0.16368593308637736, "r7": 1.9993766169589695}, "datetime": {"datetime": "2020-01-18 06:00:00", "elapsed": 33186.715246, "delta": 38.004688}}
{"target": 14.3, "params": {"d0": 3.769660175812928, "d1": -6.387868436640342, "d2": 0.8802694426345364, "g0": 4.191472669040442, "g1": 0.2317502194563119, "g2": -5.199293038991721, "g3": 1.3981931268980194, "g4": 1.2695882837395895, "g5": 0.13122767789472678, "g6": 0.9458959743665465, "g7": 1.0237104625775417, "i0": 0.5440400160929282, "i1": 0.44476029684742435, "i2": -3.3899622576693496, "i3": 0.7850707833291081, "i4": 1.0129115606587498, "i5": -0.7677738907642562, "i6": 0.014915538197641465, "i7": 1.3657621961158055, "r0": 4.042803144746769, "r1": 0.29689325786709964, "r2": -1.6787949380946525, "r3": 0.9127328546851063, "r4": 1.0148482541791053, "r5": 0.4278529649690137, "r6": 0.8281878803407923, "r7": 1.3803921926877272}, "datetime": {"datetime": "2020-01-18 06:00:32", "elapsed": 33218.383402, "delta": 31.668156}}
{"target": 2.45, "params": {"d0": 1.6577887312054995, "d1": -4.708728872184392, "d2": 1.1533251719147997, "g0": 1.7217080813889214, "g1": 0.6287083094199217, "g2": -3.964024893414747, "g3": 0.8906049260932449, "g4": 0.9026871018997478, "g5": -0.7971200641311667, "g6": 0.8226966431161336, "g7": 1.1158007510289951, "i0": 3.227782033395031, "i1": 0.5700219120397224, "i2": -3.624860332635156, "i3": 1.1327861970532482, "i4": 0.9154652928231684, "i5": -0.07720720003581649, "i6": 0.49892987677906697, "i7": 1.4704240915196878, "r0": 2.991050870972063, "r1": 0.577243914482484, "r2": -8.14727335927241, "r3": 0.8556322399653347, "r4": 0.806816730670227, "r5": 0.5504566106922857, "r6": 0.8594591938071914, "r7": 1.782109242716108}, "datetime": {"datetime": "2020-01-18 06:01:12", "elapsed": 33258.845584, "delta": 40.462182}}
{"target": 17.9, "params": {"d0": 3.865180755429603, "d1": -8.728757571527003, "d2": 0.8756644707422605, "g0": 1.9640368177235978, "g1": 0.7468315738829131, "g2": -9.61392383810545, "g3": 1.1976066926873097, "g4": 1.2756036476934078, "g5": 0.15673639269968476, "g6": -0.05761348836468527, "g7": 1.2761727023091123, "i0": 2.9233416167524364, "i1": 0.6904362261858806, "i2": -7.042759261737697, "i3": 0.7629304791091941, "i4": 0.9631573932689022, "i5": 0.47842735322428154, "i6": -0.4232032829610948, "i7": 1.6625466154285182, "r0": 3.6432499001884726, "r1": 0.19648748625438484, "r2": -3.5298987777640844, "r3": 0.93791339940827, "r4": 1.0425490040773178, "r5": -0.22411716178949637, "r6": 0.45972046141380507, "r7": 1.5031071148769217}, "datetime": {"datetime": "2020-01-18 06:01:39", "elapsed": 33285.700164, "delta": 26.85458}}
{"target": 16.55, "params": {"d0": 2.698007727882748, "d1": -8.568437157303757, "d2": 1.2643147816716054, "g0": 4.6210925403978536, "g1": 0.8201550067885354, "g2": -9.94792284161279, "g3": 1.1157455424883662, "g4": 1.2982480652272164, "g5": 0.7077119164973686, "g6": 0.5010117238272842, "g7": 1.992938782454623, "i0": 2.9201009743344564, "i1": 0.9323761989861181, "i2": -8.293283198672786, "i3": 1.4334423125001812, "i4": 1.2263049243772486, "i5": 0.3088359488112238, "i6": 0.17503581982440997, "i7": 1.4100910948954604, "r0": 2.335090851444993, "r1": 0.48540768168442905, "r2": -9.39681467381471, "r3": 0.7684566836058204, "r4": 1.2941824107596924, "r5": -0.6012945743756899, "r6": 0.8895213056933355, "r7": 1.9758847084968991}, "datetime": {"datetime": "2020-01-18 06:02:10", "elapsed": 33316.326886, "delta": 30.626722}}
{"target": 13.45, "params": {"d0": 1.0049211109940344, "d1": -4.248248516319988, "d2": 0.7899788303054904, "g0": 3.0849558653826725, "g1": 0.06685751459182032, "g2": -3.405754836340793, "g3": 1.2241499848979176, "g4": 0.8413707941596935, "g5": 0.5658086718443511, "g6": -0.283956386477897, "g7": 1.9208725354108043, "i0": 2.837984563323488, "i1": 0.9906028670852722, "i2": -7.577659427980582, "i3": 1.276767344611525, "i4": 0.9702877746388909, "i5": 0.1623998926685335, "i6": 0.49615027558743696, "i7": 1.9594227428097755, "r0": 2.9445394936691387, "r1": 0.6322550098843682, "r2": -7.191793083014758, "r3": 1.3451716558317819, "r4": 1.2197971979900786, "r5": -0.15697050535153512, "r6": 0.5098134969101824, "r7": 1.2359710088239748}, "datetime": {"datetime": "2020-01-18 06:02:41", "elapsed": 33347.93661, "delta": 31.609724}}
{"target": 14.1, "params": {"d0": 2.4965473951068438, "d1": -5.977410055922265, "d2": 1.2849215324154146, "g0": 2.2009959336343607, "g1": 0.17578975303916466, "g2": -3.6334210608609494, "g3": 1.012739834719635, "g4": 0.8541520060766103, "g5": -0.25812841949368137, "g6": 0.45120650968783527, "g7": 1.471080424339793, "i0": 3.88785919232933, "i1": 0.9687148046710558, "i2": -7.465702233767071, "i3": 0.8403980010490777, "i4": 0.8475641068771627, "i5": 0.18873385304805113, "i6": 0.040386002112456354, "i7": 1.2961405478280263, "r0": 0.8601681110774873, "r1": 0.8034409456223313, "r2": -8.068155958763061, "r3": 1.243974480569773, "r4": 1.1864366288401693, "r5": 0.7319562975062055, "r6": 0.1850266188801244, "r7": 1.1294364301527022}, "datetime": {"datetime": "2020-01-18 06:03:18", "elapsed": 33384.770984, "delta": 36.834374}}
{"target": 18.45, "params": {"d0": 0.34170753595216263, "d1": -6.840228198822573, "d2": 0.8432271369824272, "g0": 0.8183862233139516, "g1": 0.7469794418621052, "g2": -1.9970809444100368, "g3": 0.7624159882053576, "g4": 1.1325704279316702, "g5": 0.3526869555020846, "g6": 0.22403805643919794, "g7": 1.9795813781826324, "i0": 4.114042896582545, "i1": 0.3571717336015644, "i2": -3.846499946634802, "i3": 0.9972764082221012, "i4": 0.9408156657125541, "i5": -0.6796080685546326, "i6": 0.012192182152567232, "i7": 1.0620514613709942, "r0": 3.338979132997339, "r1": 0.16900186151836005, "r2": -9.30930180568377, "r3": 1.401346518810432, "r4": 0.9756396383063345, "r5": 0.21120335554783565, "r6": 0.5428415465861414, "r7": 1.419209321507392}, "datetime": {"datetime": "2020-01-18 06:03:51", "elapsed": 33417.645923, "delta": 32.874939}}
{"target": 14.55, "params": {"d0": 4.508070696835885, "d1": -0.43144136809991274, "d2": 0.9879589673921813, "g0": 4.749009803330081, "g1": 0.9898166081395576, "g2": -2.6499234944212757, "g3": 0.9670703349497494, "g4": 1.2763415304831476, "g5": -0.20905843180938588, "g6": 0.21517702127953564, "g7": 1.5332027182643646, "i0": 1.669301234958858, "i1": 0.24594947671113498, "i2": -9.854155507163258, "i3": 1.2065681092983835, "i4": 0.8289692628905155, "i5": -0.017355356078877726, "i6": 0.08287462766625264, "i7": 1.2999422763921828, "r0": 0.49407367065250507, "r1": 0.6922869427637279, "r2": -2.9241201914005, "r3": 0.7006527868433692, "r4": 0.8349636361606968, "r5": -0.03558205162503325, "r6": 0.9258169276834263, "r7": 1.2712483032371944}, "datetime": {"datetime": "2020-01-18 06:04:22", "elapsed": 33448.959945, "delta": 31.314022}}
{"target": 14.7, "params": {"d0": 1.6164494845841015, "d1": -6.215486002756185, "d2": 0.918536865607617, "g0": 4.129121187905879, "g1": 0.5444693199635042, "g2": -2.395876235314935, "g3": 0.8813174461519336, "g4": 0.811383336671154, "g5": -0.7160388017798125, "g6": 0.37890040465992025, "g7": 1.4135036361802336, "i0": 0.311644020547302, "i1": 0.7441405015646166, "i2": -9.243599620646703, "i3": 1.3873596053352055, "i4": 0.9746514568352991, "i5": 0.2944392449879252, "i6": 0.3339945607615582, "i7": 1.3790419412136596, "r0": 3.9672781947277045, "r1": 0.1425991166601368, "r2": -4.469942880712267, "r3": 0.8928231443293944, "r4": 0.9325138360928449, "r5": 0.0207671010697279, "r6": 0.6559646056561466, "r7": 1.9287066944464457}, "datetime": {"datetime": "2020-01-18 06:04:56", "elapsed": 33483.278901, "delta": 34.318956}}
{"target": 5.65, "params": {"d0": 0.9775004642500074, "d1": -2.696263119905865, "d2": 1.0155897154315219, "g0": 3.6601287353559093, "g1": 0.47303447612047833, "g2": -5.098875693109122, "g3": 1.4290498965235134, "g4": 0.9520329792062145, "g5": -0.18469032091106796, "g6": 0.7509435149214343, "g7": 1.6108975960163647, "i0": 2.11175560590432, "i1": 0.10641893419279147, "i2": -9.923670620770634, "i3": 0.9341897669054373, "i4": 0.8761821631414111, "i5": -0.6555537178041592, "i6": 0.16020749027487602, "i7": 1.9381637808020167, "r0": 4.3649205762248275, "r1": 0.8368198385465849, "r2": -4.2471246769838835, "r3": 1.0523711806053362, "r4": 0.9829892784990841, "r5": 0.18750904675312596, "r6": 0.5638628000964434, "r7": 0.9965992399884244}, "datetime": {"datetime": "2020-01-18 06:05:38", "elapsed": 33525.044751, "delta": 41.76585}}
{"target": 15.15, "params": {"d0": 0.11873074471099976, "d1": -8.849536697848531, "d2": 0.7278257048058057, "g0": 1.6254269812529887, "g1": 0.6373891467009535, "g2": -0.37867992301979214, "g3": 1.3605874116777634, "g4": 0.9277521684284482, "g5": -0.7428135637974971, "g6": -0.3651158032756298, "g7": 1.5276018271814837, "i0": 2.6172821891029403, "i1": 0.25233355729764495, "i2": -5.215911154762782, "i3": 1.0190287213187443, "i4": 1.101557835556624, "i5": 0.7110389599394864, "i6": 0.7421898956582182, "i7": 1.3113312841466327, "r0": 0.6605486469210725, "r1": 0.13487862941825113, "r2": -3.660649341723281, "r3": 0.939542873853708, "r4": 0.8833567903813991, "r5": 0.153340920899109, "r6": 0.5279144342469837, "r7": 1.74391036018643}, "datetime": {"datetime": "2020-01-18 06:06:14", "elapsed": 33560.942096, "delta": 35.897345}}
{"target": 10.8, "params": {"d0": 3.4370608543186396, "d1": -7.756824069069813, "d2": 1.3998620420166765, "g0": 3.095825194165971, "g1": 0.11210957639446772, "g2": -7.073724193433933, "g3": 0.9398356674588649, "g4": 1.0671079737683118, "g5": 0.4664654091468501, "g6": 0.319325756146868, "g7": 0.9592979872629617, "i0": 4.638115989158871, "i1": 0.05244511922753581, "i2": -5.909045872212082, "i3": 1.1156752140158803, "i4": 1.1824799723499801, "i5": -0.26346833161953676, "i6": -0.2392071944021496, "i7": 1.3820741996071209, "r0": 3.61987332759586, "r1": 0.2750795613027113, "r2": -4.050576071534846, "r3": 1.4078267703062541, "r4": 1.1421692203109195, "r5": -0.18319594238131942, "r6": 0.33803939021826435, "r7": 1.5852396753210414}, "datetime": {"datetime": "2020-01-18 06:06:44", "elapsed": 33590.887014, "delta": 29.944918}}
{"target": 9.1, "params": {"d0": 0.5599065203955106, "d1": -0.35356481199656997, "d2": 1.018964122885909, "g0": 2.645988674106664, "g1": 0.7238225523115406, "g2": -9.430302287435772, "g3": 0.9407386553612618, "g4": 0.8592542887594828, "g5": 0.7577228532421743, "g6": 0.4542935663303408, "g7": 1.1984922501495148, "i0": 2.9811064438222177, "i1": 0.4478843524140135, "i2": -4.057589741792961, "i3": 0.8831233044220631, "i4": 1.2682965556866004, "i5": -0.040575386732340846, "i6": 0.0477263233986811, "i7": 1.271943951664476, "r0": 3.1308686868910836, "r1": 0.894365353563195, "r2": -7.29465880231753, "r3": 1.2237593140865797, "r4": 1.201306827401618, "r5": 0.13102380652932344, "r6": -0.03914779086803327, "r7": 0.9867061412377464}, "datetime": {"datetime": "2020-01-18 06:07:23", "elapsed": 33629.424662, "delta": 38.537648}}
{"target": 12.7, "params": {"d0": 0.816995742011809, "d1": -7.694008673580632, "d2": 1.0413376548492475, "g0": 4.6762342602127, "g1": 0.8610441487599944, "g2": -4.652160719228505, "g3": 1.1038893299679946, "g4": 1.007578439179802, "g5": 0.460596611552907, "g6": 0.33860678088870344, "g7": 1.919779628975998, "i0": 1.8785257539359512, "i1": 0.7574547738572487, "i2": -3.0576797175726593, "i3": 1.2530311226720037, "i4": 1.2195349873852095, "i5": -0.763056156752093, "i6": 0.5413464806304478, "i7": 1.2765094300952895, "r0": 0.09673400125042808, "r1": 0.5511692086550026, "r2": -1.6878583560995644, "r3": 1.3918310709416046, "r4": 0.9085858434872609, "r5": 0.1445096617476812, "r6": -0.33104408602642227, "r7": 0.9373875222054849}, "datetime": {"datetime": "2020-01-18 06:08:06", "elapsed": 33672.749921, "delta": 43.325259}}
