{"target": 18.15, "params": {"d0": 1.5857511440938965, "d1": -1.1469612492840326, "d2": 1.4720748714034608, "g0": 1.3086524446637533, "g1": 0.22195811568768065, "g2": -4.458952061373287, "g3": 0.9373916190650415, "g4": 1.2447380342565362, "g5": -0.025594023630425178, "g6": 0.8077577931368967, "g7": 1.672425232846153, "i0": 1.2783579883692064, "i1": 0.9864924465344248, "i2": -5.650950913472911, "i3": 0.9394564816574563, "i4": 1.156240873254804, "i5": -0.34441284656380217, "i6": 0.7997297659581921, "i7": 1.3746122948830468, "r0": 1.0407927118135625, "r1": 0.207813763262095, "r2": -4.692161346774396, "r3": 1.19383674292483, "r4": 1.2712517041989346, "r5": 0.10019162974943208, "r6": 0.6987797879423872, "r7": 1.3762475722291523}, "datetime": {"datetime": "2020-01-18 05:25:04", "elapsed": 31090.751568, "delta": 30.562291}}
{"target": 13.95, "params": {"d0": 0.36484621545474605, "d1": -3.596269978711418, "d2": 0.7706814951973135, "g0": 0.2925706102251602, "g1": 0.05716077109571127, "g2": -1.463104172550377, "g3": 1.4165936304758473, "g4": 1.2022824480275858, "g5": -0.08400286290768588, "g6": 0.1965745022868466, "g7": 0.9914138129687257, "i0": 3.5493632653216896, "i1": 0.9169258701178225, "i2": -8.597435960235392, "i3": 1.3988461400890801, "i4": 1.274560766948655, "i5": 0.5881830970537827, "i6": 0.25840753358624236, "i7": 1.060908482518474, "r0": 4.03176964740462, "r1": 0.6901348796618, "r2": -9.782927479632884, "r3": 1.0322455447887784, "r4": 1.1867681244786739, "r5": -0.21990938307745567, "r6": 0.1255743193907235, "r7": 1.0806816340512746}, "datetime": {"datetime": "2020-01-18 05:25:37", "elapsed": 31123.327293, "delta": 32.575725}}
{"target": 19.35, "params": {"d0": 3.041715886215698, "d1": -6.302511887660876, "d2": 0.8337732453279272, "g0": 1.6203150709761005, "g1": 0.3606889599573998, "g2": -5.78925038708665, "g3": 1.4081992846229299, "g4": 1.1958935710485488, "g5": -0.0924204651324878, "g6": 0.8096519600582908, "g7": 1.072633006400082, "i0": 0.12172077370728285, "i1": 0.6823424611506903, "i2": -7.410011498774423, "i3": 1.0924446919585067, "i4": 1.0867779559275381, "i5": 0.6495478920603277, "i6": 0.7077980523154483, "i7": 1.663741449130077, "r0": 3.652671603041337, "r1": 0.37988957368981435, "r2": -5.410838023208439, "r3": 1.073268453277017, "r4": 1.0684110931821134, "r5": -0.5014663257763208, "r6": 0.48855436142442676, "r7": 1.5142128034695443}, "datetime": {"datetime": "2020-01-18 05:26:07", "elapsed": 31153.465017, "delta": 30.137724}}
{"target": 15.0, "params": {"d0": 3.9897365411994783, "d1": -5.482798065787851, "d2": 1.1404867439402528, "g0": 4.023711359590431, "g1": 0.6340374764660452, "g2": -0.3829014037373195, "g3": 1.1810333868210923, "g4": 0.9022545148325806, "g5": -0.3388576900654096, "g6": 0.5623626121939214, "g7": 1.5633799478171277, "i0": 0.4729297839861374, "i1": 0.2826801755571964, "i2": -2.1573215394635508, "i3": 0.8890881018473452, "i4": 1.1158083653443887, "i5": 0.614999473648139, "i6": 0.9927199023874151, "i7": 1.6007287341719254, "r0": 0.16816064408744613, "r1": 0.3284318204673218, "r2": -1.4288821321813447, "r3": 1.3304167816456864, "r4": 0.9894561349321389, "r5": 0.7138057251864438, "r6": -0.36439672191271383, "r7": 1.0816617526442618}, "datetime": {"datetime": "2020-01-18 05:26:41", "elapsed": 31187.353911, "delta": 33.888894}}
{"target": 19.95, "params": {"d0": 4.114435535520699, "d1": -3.1339275258026476, "d2": 0.8901748619898714, "g0": 0.057802246864255835, "g1": 0.519062744690308, "g2": -3.3748679412554496, "g3": 0.7455254792871374, "g4": 0.9645325541640354, "g5": -0.1182578742458158, "g6": 0.23561987567879372, "g7": 1.0025406970618627, "i0": 2.1955775287293404, "i1": 0.37438923452697326, "i2": -9.0220367511124, "i3": 1.008548276813384, "i4": 0.8197172319895754, "i5": -0.6145921291857301, "i6": -0.02176296280818424, "i7": 1.6159131377363245, "r0": 3.2247131433282483, "r1": 0.28460019351127797, "r2": -6.5394565917889835, "r3": 1.23025367970869, "r4": 1.119305638625579, "r5": -0.38344324346739944, "r6": -0.2526230982523674, "r7": 1.1528906359745266}, "datetime": {"datetime": "2020-01-18 05:27:14", "elapsed": 31221.193855, "delta": 33.839944}}
{"target": 8.4, "params": {"d0": 0.29359905413450627, "d1": -1.90381841602321, "d2": 1.499592189803126, "g0": 3.0455532340718094, "g1": 0.963932715854977, "g2": -2.096530394194068, "g3": 0.9438964956135965, "g4": 1.06813387786593, "g5": 0.574531947425639, "g6": 0.8751860626129089, "g7": 1.533698878956442, "i0": 4.774640421566547, "i1": 0.2013650430393188, "i2": -4.58259274268916, "i3": 0.9275569706053873, "i4": 1.2841330898763479, "i5": -0.3706630304075253, "i6": 0.21864938275945556, "i7": 1.5209044236685791, "r0": 0.3145317158044558, "r1": 0.45519072764452917, "r2": -3.3709720944527897, "r3": 1.2082456934858867, "r4": 1.193520204480397, "r5": -0.15316211526877477, "r6": -0.21279512766355468, "r7": 1.8732244203436437}, "datetime": {"datetime": "2020-01-18 05:27:46", "elapsed": 31253.031853, "delta": 31.837998}}
{"target": 15.35, "params": {"d0": 1.1613585613535093, "d1": -4.06156757782397, "d2": 1.2611454015466717, "g0": 1.1299265204160251, "g1": 0.0760730370925794, "g2": -8.275262661207133, "g3": 1.0560449038271114, "g4": 1.0432851140587367, "g5": 0.6906269623406658, "g6": 0.3898459711683515, "g7": 1.04143227968618, "i0": 3.7058377068317045, "i1": 0.10612551867062847, "i2": -7.209254364699894, "i3": 1.2576576226711549, "i4": 0.8256975925532878, "i5": 0.6885905396319314, "i6": 0.36540148109459736, "i7": 1.6135494526499041, "r0": 1.1724730026352588, "r1": 0.8410425781012368, "r2": -9.960240228220364, "r3": 1.1648356371418456, "r4": 1.173063543823357, "r5": -0.22693127916858724, "r6": -0.11896770583670846, "r7": 1.6345041125461994}, "datetime": {"datetime": "2020-01-18 05:28:23", "elapsed": 31289.448665, "delta": 36.416812}}
{"target": 14.1, "params": {"d0": 2.845609513808953, "d1": -0.9959891002050227, "d2": 1.119553743470105, "g0": 4.592360479410614, "g1": 0.13332711780868733, "g2": -8.731710686558532, "g3": 0.7389147435156935, "g4": 0.9131481493032509, "g5": 0.5220882099193866, "g6": 0.9520922039255035, "g7": 1.588847192343429, "i0": 3.5492437121136327, "i1": 0.08110816323036851, "i2": -0.38217651977983813, "i3": 1.1411493041286924, "i4": 1.1828990737476848, "i5": 0.09043995069296784, "i6": 0.06307790436401939, "i7": 1.8330718537330735, "r0": 0.3488482602073434, "r1": 0.722277394212005, "r2": -7.738686429852233, "r3": 0.9650519596064859, "r4": 0.9815452593334237, "r5": -0.599096519097079, "r6": -0.0906537449836663, "r7": 1.3679307393163314}, "datetime": {"datetime": "2020-01-18 05:28:57", "elapsed": 31323.722668, "delta": 34.274003}}
{"target": 20.2, "params": {"d0": 4.21910380798745, "d1": -8.584463926723233, "d2": 1.2996358310847147, "g0": 0.06039471687554754, "g1": 0.6809393080709646, "g2": -2.9967886057599706, "g3": 0.8513391555626053, "g4": 1.1569660036219045, "g5": -0.08129846999080215, "g6": 0.028751690083705372, "g7": 1.0126742659463688, "i0": 1.3855540520355403, "i1": 0.2644105854739247, "i2": -5.767474239606299, "i3": 0.917158214679392, "i4": 1.224142292700488, "i5": 0.0730235939900361, "i6": -0.11705157261960258, "i7": 1.0375489968238203, "r0": 0.025214325111492242, "r1": 0.18973845526034816, "r2": -9.99650094087145, "r3": 1.0149637437778414, "r4": 1.0666594664243751, "r5": -0.3448436986110176, "r6": 0.7121863861139568, "r7": 1.4416164020730742}, "datetime": {"datetime": "2020-01-18 05:29:30", "elapsed": 31356.724972, "delta": 33.002304}}
{"target": 18.95, "params": {"d0": 0.7539597463839554, "d1": -3.9787896361138095, "d2": 1.360038235188914, "g0": 1.3874933694818887, "g1": 0.2611782946288733, "g2": -7.603333658749898, "g3": 1.4886210304640854, "g4": 1.2291163885557579, "g5": 0.17000117625204536, "g6": 0.5622792190257504, "g7": 1.7131366896750189, "i0": 2.452214282064953, "i1": 0.26113220542683924, "i2": -2.4935245901937737, "i3": 1.1085059888904247, "i4": 1.221264365012487, "i5": 0.688542908544453, "i6": 0.8687341917439855, "i7": 1.1548753290583882, "r0": 1.3277525186956178, "r1": 0.17129715253830013, "r2": -2.4150396902438693, "r3": 1.1648785443241387, "r4": 1.2586736456236913, "r5": -0.07226694572915804, "r6": 0.1644125720181675, "r7": 1.3058156113537573}, "datetime": {"datetime": "2020-01-18 05:30:04", "elapsed": 31390.522959, "delta": 33.797987}}
{"target": 17.15, "params": {"d0": 4.748474324085744, "d1": -9.276626228096866, "d2": 0.9988107875285646, "g0": 4.851338022572687, "g1": 0.9942692867832639, "g2": -4.118535690939165, "g3": 1.0413664746426385, "g4": 0.978212215199035, "g5": 0.3376386760931047, "g6": 0.477532383799685, "g7": 1.1180045919137322, "i0": 3.019460479817572, "i1": 0.6033537482454925, "i2": -7.419588277246273, "i3": 0.8544637850097064, "i4": 0.8537230142656242, "i5": 0.5286637111046388, "i6": -0.35423637657032203, "i7": 1.4674426109514738, "r0": 1.3096875108273454, "r1": 0.2440648587266122, "r2": -7.499009467198464, "r3": 1.298416054454259, "r4": 0.9819228948943248, "r5": -0.605495401024265, "r6": -0.01807635680481512, "r7": 1.6991947462603358}, "datetime": {"datetime": "2020-01-18 05:30:34", "elapsed": 31420.467863, "delta": 29.944904}}
{"target": 17.35, "params": {"d0": 2.806802714370998, "d1": -8.697606262626184, "d2": 1.1299248684267529, "g0": 3.7075173724215675, "g1": 0.9341219982945613, "g2": -7.344438206492773, "g3": 1.4270604102567073, "g4": 1.2327217364592593, "g5": 0.4947533441305143, "g6": 0.2320345350295716, "g7": 1.7663120015210223, "i0": 1.4727097445187836, "i1": 0.5702433354213345, "i2": -5.276347533334986, "i3": 1.2084166735253237, "i4": 0.9788712774341634, "i5": 0.03069684066275935, "i6": 0.7948181282770612, "i7": 0.9551389257806446, "r0": 0.23348103020450428, "r1": 0.2217176683135923, "r2": -8.227763578121415, "r3": 1.2732236088007527, "r4": 0.980110583033911, "r5": -0.2571441186429331, "r6": -0.2682555177613715, "r7": 1.6936497509094433}, "datetime": {"datetime": "2020-01-18 05:31:05", "elapsed": 31451.664017, "delta": 31.196154}}
{"target": 20.35, "params": {"d0": 3.783839247530408, "d1": -1.1595688223392244, "d2": 1.4663787862337692, "g0": 0.18725898746103697, "g1": 0.7850366280692189, "g2": -9.255377854642502, "g3": 1.2916672049149078, "g4": 0.9468430210506423, "g5": -0.051013904266587806, "g6": 0.18674635622693114, "g7": 1.4669095803090944, "i0": 4.124722693566071, "i1": 0.7269796003208903, "i2": -4.985520401128817, "i3": 0.7418768636410813, "i4": 0.8874723146208502, "i5": -0.07463648331941342, "i6": -0.4322165552699021, "i7": 1.666180921279402, "r0": 1.4982137092936498, "r1": 0.8058020363002086, "r2": -4.584125925253982, "r3": 1.4031094051245498, "r4": 1.2737674820405145, "r5": 0.5324644683978492, "r6": 0.9981904376344681, "r7": 1.442124427286915}, "datetime": {"datetime": "2020-01-18 05:31:39", "elapsed": 31485.443514, "delta": 33.779497}}
{"target": 15.65, "params": {"d0": 1.9998954084486953, "d1": -8.29956621358516, "d2": 0.9887857665841009, "g0": 4.483325142030789, "g1": 0.9272294404382663, "g2": -8.047000863835342, "g3": 1.1603796534389925, "g4": 0.9273054864563843, "g5": 0.4752454516924651, "g6": 0.33557365985515164, "g7": 1.8967061603389896, "i0": 2.889571888906678, "i1": 0.13244249829039234, "i2": -5.552045345228418, "i3": 0.727300368785599, "i4": 1.1506359449787582, "i5": -0.6259578963795853, "i6": 0.05331875496015259, "i7": 1.1226197509928328, "r0": 0.9145600555276218, "r1": 0.4203220540403404, "r2": -2.388694001999281, "r3": 1.3643111965222006, "r4": 1.0903756918180538, "r5": -0.2949128446551076, "r6": -0.023609592346371888, "r7": 1.650197235446286}, "datetime": {"datetime": "2020-01-18 05:32:15", "elapsed": 31521.826377, "delta": 36.382863}}
{"target": 12.75, "params": {"d0": 0.6526342293731957, "d1": -5.601871661442744, "d2": 0.7270318039351049, "g0": 4.250209421617153, "g1": 0.5195608405635346, "g2": -5.861975275146719, "g3": 1.1694834741580693, "g4": 0.8544170104024601, "g5": -0.3300479620964417, "g6": -0.0023971590493639394, "g7": 1.4801043916793817, "i0": 0.8278867423440678, "i1": 0.47481131243096164, "i2": -3.0872615047437897, "i3": 0.8626811646448405, "i4": 1.165273646537285, "i5": -0.7151869920360232, "i6": 0.9200959246917713, "i7": 1.7392124564830165, "r0": 0.8677478213125606, "r1": 0.4910767002070261, "r2": -7.775905948124363, "r3": 0.7054933744116021, "r4": 1.0068879666087391, "r5": -0.07326526587127202, "r6": 0.9767555269687349, "r7": 1.2001875984036272}, "datetime": {"datetime": "2020-01-18 05:33:02", "elapsed": 31569.07063, "delta": 47.244253}}
{"target": 19.3, "params": {"d0": 0.6534713857727903, "d1": -5.537155175907943, "d2": 1.0696027409400806, "g0": 0.6640441312035505, "g1": 0.3472322475234293, "g2": -5.756219747663332, "g3": 1.3593978580445671, "g4": 0.9206813816048878, "g5": 0.26829641077448785, "g6": 0.5775403792475218, "g7": 1.202561781057377, "i0": 2.6093548761018375, "i1": 0.7138767582054542, "i2": -9.814105374446237, "i3": 0.9648134361260945, "i4": 1.1587307626817964, "i5": 0.18380491857964265, "i6": 0.46135821160370827, "i7": 1.8955078698022974, "r0": 3.5048511177195953, "r1": 0.41152080714246375, "r2": -3.932224418530412, "r3": 1.3819430068076042, "r4": 1.1286398060256957, "r5": 0.6554897200622394, "r6": 0.35140310291036236, "r7": 1.6472988784697726}, "datetime": {"datetime": "2020-01-18 05:33:37", "elapsed": 31604.038919, "delta": 34.968289}}
{"target": 4.95, "params": {"d0": 0.8396242569819079, "d1": -4.41741231021224, "d2": 1.2464696330492748, "g0": 3.02602953762549, "g1": 0.546847964275121, "g2": -0.5702287285227214, "g3": 1.066544743251162, "g4": 0.8344964643060082, "g5": 0.40163481620221453, "g6": 0.13338560374700292, "g7": 1.0686389554333928, "i0": 4.2299343930359665, "i1": 0.27872785329956185, "i2": -0.9814954022890348, "i3": 1.0018665254331691, "i4": 1.186452075634074, "i5": 0.04374401849416265, "i6": 0.3171308708284799, "i7": 1.0458554973287264, "r0": 1.5542249139996656, "r1": 0.1464570572687185, "r2": -6.725421999467308, "r3": 1.2067453758936768, "r4": 0.8465191547323467, "r5": 0.15251327882015564, "r6": 0.5022427440272572, "r7": 0.9901383602601109}, "datetime": {"datetime": "2020-01-18 05:34:19", "elapsed": 31645.519049, "delta": 41.48013}}
{"target": 8.65, "params": {"d0": 3.795735691258564, "d1": -6.378806729526753, "d2": 0.7442198453768534, "g0": 0.43760235498638445, "g1": 0.0957214372852222, "g2": -0.5068218239813156, "g3": 1.1640723885778228, "g4": 1.2903927464644682, "g5": -0.31359481481352314, "g6": -0.43650366844542393, "g7": 0.9543256535856213, "i0": 1.2034191449742355, "i1": 0.5384741825883083, "i2": -2.5574177286238893, "i3": 0.8603213696390553, "i4": 1.0130924074721857, "i5": 0.6283570068236064, "i6": -0.25960146928447425, "i7": 1.2099871912406224, "r0": 2.6241206779968316, "r1": 0.7764524521656134, "r2": -1.9644125860055368, "r3": 1.4579769448890731, "r4": 1.2763225729550882, "r5": -0.31925247131223194, "r6": -0.20663401338335752, "r7": 1.322772827278922}, "datetime": {"datetime": "2020-01-18 05:34:42", "elapsed": 31668.546546, "delta": 23.027497}}
{"target": 12.45, "params": {"d0": 0.22322615697628057, "d1": -8.685848066795801, "d2": 0.773025792560121, "g0": 3.9282130334116, "g1": 0.660088922012746, "g2": -6.652050781534995, "g3": 1.1422487499511595, "g4": 1.2414302590153905, "g5": -0.6131938716475569, "g6": -0.055242065663426765, "g7": 1.8770263895670105, "i0": 0.8608922493203869, "i1": 0.7145070510786697, "i2": -8.480820160137522, "i3": 0.8008194172372008, "i4": 0.9198643661470662, "i5": -0.11446378679751401, "i6": 0.5903849631983884, "i7": 1.4312762356104325, "r0": 2.284471464352121, "r1": 0.6664650403061041, "r2": -2.20914680183796, "r3": 1.4799832198401575, "r4": 0.9928602700534702, "r5": -0.594636089932976, "r6": -0.4082776245729739, "r7": 0.9476206096424663}, "datetime": {"datetime": "2020-01-18 05:35:23", "elapsed": 31709.620105, "delta": 41.073559}}
{"target": 16.45, "params": {"d0": 0.5341931927443433, "d1": -7.249172145737516, "d2": 0.7567860734570624, "g0": 3.124101888014601, "g1": 0.14326849044225454, "g2": -9.675621496903833, "g3": 1.298126215125144, "g4": 1.2828976607502134, "g5": 0.6010129927479433, "g6": 0.8121134987122929, "g7": 1.5415284155656437, "i0": 0.20935299106884742, "i1": 0.6838871413945173, "i2": -5.006831159903373, "i3": 0.7847329915743726, "i4": 0.9871399179437137, "i5": -0.14761973236473014, "i6": -0.36970835226040516, "i7": 1.971087935901298, "r0": 3.879009182620514, "r1": 0.20288450502091193, "r2": -4.371181692130978, "r3": 0.9761575305109552, "r4": 0.9175082015777245, "r5": 0.30425578686424926, "r6": 0.9148266441960933, "r7": 1.2899044271532678}, "datetime": {"datetime": "2020-01-18 05:36:00", "elapsed": 31746.869066, "delta": 37.248961}}
{"target": 19.15, "params": {"d0": 2.2848689636059523, "d1": -0.17998649092030305, "d2": 0.8244935973087401, "g0": 1.1785903483549343, "g1": 0.2400039208568434, "g2": -8.19934675767976, "g3": 1.4034233709119384, "g4": 1.256614205259839, "g5": 0.6576495503081972, "g6": 0.9434550480056145, "g7": 1.728221905273446, "i0": 4.528575949855878, "i1": 0.6429287460398242, "i2": -8.810824912560077, "i3": 1.294464087414235, "i4": 1.2922788929776372, "i5": 0.1364326368072929, "i6": 0.30829464785302796, "i7": 1.4270164342303828, "r0": 1.381686113635986, "r1": 0.2686034507983093, "r2": -9.791755441354493, "r3": 1.4530086521231018, "r4": 0.9745448466867288, "r5": 0.38512359476631675, "r6": -0.02309050714860228, "r7": 1.1659619492927307}, "datetime": {"datetime": "2020-01-18 05:36:32", "elapsed": 31778.641122, "delta": 31.772056}}
{"target": 13.0, "params": {"d0": 2.3690444300671616, "d1": -8.750013995264327, "d2": 0.9968816463872322, "g0": 1.3948736477913943, "g1": 0.6375400414739396, "g2": -3.430094278784197, "g3": 1.0267750946318537, "g4": 0.9605913323859883, "g5": -0.04190086070108312, "g6": 0.46706009142383964, "g7": 1.0289093670795726, "i0": 2.412943970202111, "i1": 0.14281109950033055, "i2": -8.657901426545358, "i3": 1.1990912665500144, "i4": 1.2441800931420712, "i5": -0.11815760564798583, "i6": -0.22019231411352508, "i7": 1.3586455478205373, "r0": 1.0890279561807477, "r1": 0.2576913238600862, "r2": -7.750717247772298, "r3": 1.183584271494471, "r4": 0.9171842081656387, "r5": 0.7352101622330636, "r6": 0.6853484801513723, "r7": 1.1490671210372612}, "datetime": {"datetime": "2020-01-18 05:37:10", "elapsed": 31816.867583, "delta": 38.226461}}
{"target": 10.0, "params": {"d0": 0.9296317147209932, "d1": -1.1061944786641806, "d2": 1.4154811741242233, "g0": 1.258431446726228, "g1": 0.8355835354678142, "g2": -0.06362402570085202, "g3": 0.7765773179666514, "g4": 0.8073312743042801, "g5": 0.1382099424357366, "g6": 0.14020732602254438, "g7": 1.8906640839597806, "i0": 3.1480831292235623, "i1": 0.2942448236339099, "i2": -7.119237402125153, "i3": 0.9941418660228506, "i4": 0.9863445472813523, "i5": -0.4546857411780117, "i6": 0.06391669042492176, "i7": 1.3699278457875779, "r0": 4.872550219050073, "r1": 0.404411536288213, "r2": -5.744620144975244, "r3": 1.1156064418287681, "r4": 1.2743183841636794, "r5": 0.10732371349295244, "r6": 0.17659745825052608, "r7": 1.7960627351843956}, "datetime": {"datetime": "2020-01-18 05:37:47", "elapsed": 31853.596576, "delta": 36.728993}}
{"target": 10.9, "params": {"d0": 0.33152122213207236, "d1": -3.1249197933108173, "d2": 0.8113903393147751, "g0": 0.9923109478313819, "g1": 0.3496425651188152, "g2": -0.23741426687514533, "g3": 0.9167644610373709, "g4": 1.274320664547722, "g5": -0.17154992400969016, "g6": -0.24886784269106182, "g7": 1.7919198619705379, "i0": 0.36504999245915604, "i1": 0.8262657868341712, "i2": -9.98390708473518, "i3": 0.711849209419455, "i4": 0.9377781347274825, "i5": -0.16512266675623144, "i6": 0.9171798133352462, "i7": 1.9803771859392376, "r0": 1.3057607029449398, "r1": 0.5912057424083025, "r2": -1.6572907058921569, "r3": 0.9979547019514128, "r4": 1.195657781725522, "r5": -0.09827013041264832, "r6": 0.25023741302111213, "r7": 1.5447475613517707}, "datetime": {"datetime": "2020-01-18 05:38:12", "elapsed": 31878.505641, "delta": 24.909065}}
{"target": 20.15, "params": {"d0": 4.383598313031284, "d1": -2.5411926450097067, "d2": 0.8424704304539843, "g0": 0.9147171026704431, "g1": 0.2754159857965045, "g2": -6.881902364657213, "g3": 0.892539982553243, "g4": 1.0698440060118244, "g5": 0.31048701569829884, "g6": 0.30681305386632785, "g7": 1.2129773017127565, "i0": 4.367873632923568, "i1": 0.0208804722589917, "i2": -6.5981822627313225, "i3": 1.3136899666868183, "i4": 0.9911268955583432, "i5": -0.48669885538398927, "i6": 0.6615647145097214, "i7": 1.3125495350912648, "r0": 0.5198911612382712, "r1": 0.010126212731130568, "r2": -7.4561775372798405, "r3": 1.3624750855970027, "r4": 1.1248916350057012, "r5": 0.5368184398042226, "r6": 0.4614152426803786, "r7": 1.5949804723046739}, "datetime": {"datetime": "2020-01-18 05:38:42", "elapsed": 31908.626881, "delta": 30.12124}}
{"target": 15.65, "params": {"d0": 0.5663921724975557, "d1": -4.436644857751162, "d2": 1.2679673415724477, "g0": 0.742908857525737, "g1": 0.29584647847901646, "g2": -3.284056990896037, "g3": 1.1074953924904634, "g4": 0.8204174565923188, "g5": -0.233901521696237, "g6": 0.5619261759435135, "g7": 1.0159573817411625, "i0": 3.0502567563617338, "i1": 0.8605917868581099, "i2": -6.468736877613122, "i3": 1.2581172898116268, "i4": 0.8618331357343834, "i5": -0.5388766959887619, "i6": 0.40211276229947224, "i7": 1.4871866791042465, "r0": 0.7285906921898933, "r1": 0.44710536173315385, "r2": -5.820789491604543, "r3": 0.8107633660697249, "r4": 1.1234827994279573, "r5": 0.3505403258900812, "r6": 0.6353104717684861, "r7": 0.9985775741133572}, "datetime": {"datetime": "2020-01-18 05:39:22", "elapsed": 31948.966191, "delta": 40.33931}}
