{"target": 21.2, "params": {"d0": 3.8802128325028145, "d1": -1.313246044661292, "d2": 1.0805520385416312, "g0": 0.6972983061397016, "g1": 0.37009036831244224, "g2": -5.080277762473155, "g3": 1.1447098687725443, "g4": 1.2059621764476784, "g5": 0.059599056699565924, "g6": 0.22563879310563753, "g7": 1.6759499084543334, "i0": 3.6961872531039415, "i1": 0.5392873531894297, "i2": -6.521820286506697, "i3": 0.9938495950661661, "i4": 0.9537281361407938, "i5": -0.46386318103099744, "i6": 0.010608461889866912, "i7": 1.7201939968980744, "r0": 1.9032998869837783, "r1": 0.15134138956766924, "r2": -8.878978819182112, "r3": 1.2687998211207434, "r4": 0.9712602369006333, "r5": 0.39939072648344476, "r6": 0.13635678581701435, "r7": 1.5068621505085638}, "datetime": {"datetime": "2020-01-18 20:24:50", "elapsed": 16329.495833, "delta": 209.487578}}
{"target": 20.1, "params": {"d0": 2.87565185635922, "d1": -1.905461727290197, "d2": 1.101208729282009, "g0": 0.4828497531361117, "g1": 0.5319972981170121, "g2": -5.111025281350655, "g3": 1.1568879784022532, "g4": 1.0652890531122787, "g5": 0.13579792683168185, "g6": 0.201759104006125, "g7": 1.8131594907643709, "i0": 3.176405566012524, "i1": 0.46563221529279164, "i2": -6.192726946144168, "i3": 1.0161673351286349, "i4": 1.0215935917930437, "i5": -0.2085508771240845, "i6": -0.20875916985880666, "i7": 1.5196042811808939, "r0": 4.173406873906738, "r1": 0.6463491941527368, "r2": -8.320210422770598, "r3": 0.9880980311507356, "r4": 1.14011308272366, "r5": 0.49405482563729647, "r6": -0.09597534910694623, "r7": 1.7690650040689377}, "datetime": {"datetime": "2020-01-18 20:28:37", "elapsed": 16556.064969, "delta": 226.569136}}
{"target": 21.45, "params": {"d0": 3.2931654984494125, "d1": -1.5641793469807612, "d2": 1.0422495463600887, "g0": 0.4399986425732648, "g1": 0.5680533062648745, "g2": -5.278523161918434, "g3": 1.13183742253178, "g4": 1.0392668963392193, "g5": 0.07052695721017219, "g6": 0.16925039447330384, "g7": 1.6882507578278179, "i0": 3.230289319425378, "i1": 0.5270796858549921, "i2": -6.630743483427127, "i3": 1.0534902321574344, "i4": 1.0462929224417925, "i5": -0.12003844538862908, "i6": 0.029613514164359506, "i7": 1.5464107766113977, "r0": 3.6727952515400304, "r1": 0.5389350274523581, "r2": -8.56975361069139, "r3": 1.0686589095627754, "r4": 1.1252909258098762, "r5": 0.39620646198301296, "r6": 0.0421726003975883, "r7": 1.5164200688995557}, "datetime": {"datetime": "2020-01-18 20:32:13", "elapsed": 16772.303653, "delta": 216.238684}}
{"target": 20.15, "params": {"d0": 3.315477284081773, "d1": -1.6533161714159452, "d2": 1.030380260104688, "g0": 0.506684930964443, "g1": 0.5703455150833061, "g2": -5.287047047811486, "g3": 1.144892772152659, "g4": 1.0528866020936478, "g5": 0.07664548676171848, "g6": 0.12989019887418832, "g7": 1.6000601166745707, "i0": 3.415700163970154, "i1": 0.5625245812594303, "i2": -6.482955878277539, "i3": 0.9991029738130089, "i4": 1.0051006649122125, "i5": -0.14740663820101643, "i6": -0.05556191262564909, "i7": 1.5229467029508335, "r0": 3.227322825868588, "r1": 0.5113526124436121, "r2": -8.675762231307207, "r3": 1.0698577883161478, "r4": 1.1354833169511465, "r5": 0.47527589615630844, "r6": 0.07864260743063839, "r7": 1.5980714328885746}, "datetime": {"datetime": "2020-01-18 20:35:37", "elapsed": 16976.720546, "delta": 204.416893}}
{"target": 20.85, "params": {"d0": 3.3773728088681, "d1": -1.5204214748312652, "d2": 1.0236069845807032, "g0": 0.44744693674914027, "g1": 0.5821275478727858, "g2": -4.937942027339641, "g3": 1.1293084101800017, "g4": 1.0258953707960738, "g5": 0.04748156412160231, "g6": 0.16853310851133246, "g7": 1.6810577713495367, "i0": 3.2750720473027872, "i1": 0.5209148114184774, "i2": -6.632690095920459, "i3": 1.0797126054710202, "i4": 1.0379673182364997, "i5": -0.12870989895559679, "i6": 0.03797003758903362, "i7": 1.5311041410988535, "r0": 3.9783040218220553, "r1": 0.5800084863425419, "r2": -8.450677078885668, "r3": 1.0379176284368088, "r4": 1.1113435963658282, "r5": 0.35405956193494964, "r6": 0.024851392734398764, "r7": 1.4799415489274315}, "datetime": {"datetime": "2020-01-18 20:37:39", "elapsed": 17098.255001, "delta": 121.534455}}
{"target": 20.55, "params": {"d0": 3.0641455945092826, "d1": -1.53939375711793, "d2": 1.0982333575683834, "g0": 0.4448130395805496, "g1": 0.5235878974056425, "g2": -5.235849654946575, "g3": 1.1791725136487141, "g4": 1.1115270157293757, "g5": 0.14232973670583304, "g6": 0.2749369537815382, "g7": 1.778768334760437, "i0": 3.3260615358539796, "i1": 0.520513263440179, "i2": -6.67563634253312, "i3": 1.0552058663603807, "i4": 1.1426617564946528, "i5": 0.01898777878033572, "i6": 0.09573972128271994, "i7": 1.5359657216914269, "r0": 3.8320303722271807, "r1": 0.4957566894259818, "r2": -8.567640970209277, "r3": 1.017240611081633, "r4": 1.0810161506961642, "r5": 0.4535607442082944, "r6": -0.012303591866110457, "r7": 1.5312568850880257}, "datetime": {"datetime": "2020-01-18 20:39:36", "elapsed": 17215.270371, "delta": 117.01537}}
{"target": 20.55, "params": {"d0": 3.2700149875356357, "d1": -1.7676249303822469, "d2": 0.986405334820589, "g0": 0.26392801134397, "g1": 0.5497184133779832, "g2": -5.130801959334967, "g3": 1.1495662433191496, "g4": 1.0422264140042112, "g5": -0.010366140228796833, "g6": 0.190690325251771, "g7": 1.6106902939297585, "i0": 3.1189391309386636, "i1": 0.46546355479522605, "i2": -6.496982330579821, "i3": 1.0840114019444638, "i4": 1.015367416775273, "i5": -0.08695342303477485, "i6": 0.05139382587644769, "i7": 1.5222414522028083, "r0": 3.7009518176397065, "r1": 0.5756013010266473, "r2": -8.341521855805853, "r3": 1.0500639221303845, "r4": 1.1319231881462413, "r5": 0.37148814539420577, "r6": 0.039980701564389785, "r7": 1.593222449872353}, "datetime": {"datetime": "2020-01-18 20:41:37", "elapsed": 17336.211377, "delta": 120.941006}}
{"target": 21.15, "params": {"d0": 3.3378975412085845, "d1": -1.5355238277764993, "d2": 1.0410162967027596, "g0": 0.5394207759705821, "g1": 0.5084271201614577, "g2": -5.12934025533161, "g3": 1.1868571382274293, "g4": 1.1005959217519583, "g5": 0.07186179400237963, "g6": 0.17836037830473178, "g7": 1.831803454205286, "i0": 3.237349140601309, "i1": 0.5486596121192238, "i2": -6.510777578843087, "i3": 1.0312086938179175, "i4": 1.0488548190952731, "i5": -0.2830884264819256, "i6": -0.12411202891809515, "i7": 1.598716787991989, "r0": 3.7558213421104307, "r1": 0.5193469860833516, "r2": -8.624253730982517, "r3": 1.0892656503053768, "r4": 1.125360649798382, "r5": 0.3100020759789724, "r6": -0.08864195726059798, "r7": 1.6198142146753085}, "datetime": {"datetime": "2020-01-18 20:43:28", "elapsed": 17447.00444, "delta": 110.793063}}
{"target": 20.6, "params": {"d0": 3.68905746695402, "d1": -1.4354733578943972, "d2": 0.9326771852510866, "g0": 0.49548740908861916, "g1": 0.5572619737449072, "g2": -4.4127482915098755, "g3": 1.1508135605927532, "g4": 1.129617605448559, "g5": 0.05438401725751495, "g6": 0.20085161452713726, "g7": 1.5256467268029281, "i0": 3.7503605490148035, "i1": 0.6128806542864591, "i2": -6.646118677500764, "i3": 1.0685898206186442, "i4": 1.065933104436478, "i5": -0.1733199731936891, "i6": 0.10489330340585706, "i7": 1.553798441753168, "r0": 3.2329221423625736, "r1": 0.45574981902605605, "r2": -8.368525686649408, "r3": 0.9970015057791246, "r4": 1.055108684627171, "r5": 0.35129267138638387, "r6": 0.15175413898702556, "r7": 1.431590256603351}, "datetime": {"datetime": "2020-01-18 20:45:16", "elapsed": 17555.102101, "delta": 108.097661}}
{"target": 20.8, "params": {"d0": 3.2586692038961567, "d1": -8.942969428001968, "d2": 0.8720984031307518, "g0": 0.6835483162606831, "g1": 0.4443843377279801, "g2": -5.127630629349314, "g3": 1.394071473495264, "g4": 1.097161382838408, "g5": -0.37093539780932167, "g6": 0.16845382215266574, "g7": 1.6880061937652, "i0": 4.2105179711328296, "i1": 0.7435354482210654, "i2": -5.672380430826959, "i3": 1.052219315874659, "i4": 1.0958333467968453, "i5": 0.10587331473678174, "i6": -0.23801479713342796, "i7": 1.6801128320661687, "r0": 1.7936839742811739, "r1": 0.629966146221379, "r2": -1.952189462903323, "r3": 1.33648503439582, "r4": 0.9700115914022619, "r5": -0.31898936557330365, "r6": 0.20566705942657637, "r7": 1.5594478527934166}, "datetime": {"datetime": "2020-01-18 20:47:19", "elapsed": 17678.672345, "delta": 123.570244}}
{"target": 19.5, "params": {"d0": 3.3076220636501716, "d1": -1.6363776100463496, "d2": 1.109906284385179, "g0": 0.49232602060513414, "g1": 0.52595729795619, "g2": -5.190542904709983, "g3": 1.1262760664422422, "g4": 1.0280387668123576, "g5": 0.1884644086732144, "g6": 0.09378064813100076, "g7": 1.7267196711370427, "i0": 3.379661757792483, "i1": 0.5650687341462504, "i2": -6.658385564810909, "i3": 0.9932999728936553, "i4": 0.996788719380299, "i5": -0.3206251908842914, "i6": -0.1017372348414777, "i7": 1.4847116216679468, "r0": 3.790670278549458, "r1": 0.5981934288174086, "r2": -8.467579458002785, "r3": 1.0400862108202857, "r4": 1.1204212469675334, "r5": 0.4893702580585299, "r6": 0.04278928932060431, "r7": 1.5439145071841816}, "datetime": {"datetime": "2020-01-18 20:49:14", "elapsed": 17793.20108, "delta": 114.528735}}
{"target": 20.8, "params": {"d0": 3.254284395027628, "d1": -1.5036774952001766, "d2": 0.9640232012854385, "g0": 0.5859245352210958, "g1": 0.631487884628575, "g2": -5.048537997733423, "g3": 1.1445354442237619, "g4": 1.0393665794809634, "g5": -0.05238473587351988, "g6": 0.22753687709325976, "g7": 1.6470419432527317, "i0": 3.1689507407906814, "i1": 0.5222238408359904, "i2": -6.473152739236886, "i3": 1.0830754021882425, "i4": 1.0541207468293146, "i5": 0.020881966665723013, "i6": 0.023885826350277507, "i7": 1.603144505391138, "r0": 3.6698768400581288, "r1": 0.5019673693335907, "r2": -8.716445556584691, "r3": 1.0905672079805038, "r4": 1.14172306465827, "r5": 0.26004213098058543, "r6": -0.01858596135477377, "r7": 1.515180646907672}, "datetime": {"datetime": "2020-01-18 20:51:13", "elapsed": 17912.733034, "delta": 119.531954}}
{"target": 20.7, "params": {"d0": 3.508499100145775, "d1": -1.3645700429299072, "d2": 0.9844297345758523, "g0": 0.3543956761445921, "g1": 0.5141913455569848, "g2": -5.24141368298345, "g3": 1.191411911636675, "g4": 1.11309067815974, "g5": -0.0033540910050232973, "g6": 0.23055679086965195, "g7": 1.7515008545476853, "i0": 3.2443546467071127, "i1": 0.5285017981123226, "i2": -6.76187194436579, "i3": 1.1000061018026162, "i4": 1.1056166339469566, "i5": -0.08200620033755752, "i6": 0.14777288901407712, "i7": 1.6013456615032615, "r0": 3.4938089394061738, "r1": 0.45050703547201604, "r2": -8.687368227941933, "r3": 1.1015470171350805, "r4": 1.0950697317848395, "r5": 0.2840741362718329, "r6": 0.0254504885169861, "r7": 1.4875872026047787}, "datetime": {"datetime": "2020-01-18 20:53:09", "elapsed": 18028.392998, "delta": 115.659964}}
{"target": 20.8, "params": {"d0": 3.3264382507165826, "d1": -1.6085303165623155, "d2": 0.978589513068986, "g0": 0.36921193439865346, "g1": 0.6301050896207047, "g2": -5.176946584184992, "g3": 1.1941446009802366, "g4": 1.1429140637038333, "g5": 0.028578307722447564, "g6": 0.22417688590925477, "g7": 1.6887607876329824, "i0": 3.3220001983279577, "i1": 0.47735704356994485, "i2": -6.435866748708526, "i3": 1.0683753697635223, "i4": 1.0611098658253384, "i5": -0.06907969218279797, "i6": -0.028776935672373168, "i7": 1.5426611277516507, "r0": 3.8404273616478766, "r1": 0.5067909438983634, "r2": -8.658197800878531, "r3": 1.046551467510821, "r4": 1.1295119566410703, "r5": 0.3531145054340877, "r6": -0.07822602425956582, "r7": 1.6769403937494956}, "datetime": {"datetime": "2020-01-18 20:55:11", "elapsed": 18150.841425, "delta": 122.448427}}
{"target": 20.35, "params": {"d0": 4.008693446983754, "d1": -1.7407320364918313, "d2": 0.8383272326460847, "g0": 0.6387825862291308, "g1": 0.33454826395638504, "g2": -5.0585392524096875, "g3": 1.1911206834699744, "g4": 1.202313438258152, "g5": -0.0929522937771612, "g6": 0.08466901976234971, "g7": 1.3630906632269864, "i0": 3.6788941623567757, "i1": 0.5680277218570065, "i2": -6.351199107923047, "i3": 1.0202336319459302, "i4": 1.0153666796337673, "i5": -0.3742014524740143, "i6": 0.2058401805829897, "i7": 1.613210828046283, "r0": 1.8406474778509747, "r1": 0.32763698684362713, "r2": -8.770478983955291, "r3": 1.1114201511188133, "r4": 1.0250109778787158, "r5": 0.5068642109142627, "r6": 0.29866208635339914, "r7": 1.583350531263922}, "datetime": {"datetime": "2020-01-18 20:57:05", "elapsed": 18264.199919, "delta": 113.358494}}
{"target": 20.6, "params": {"d0": 3.9839140981740604, "d1": -1.4033864195291061, "d2": 1.0808280818692757, "g0": 0.49532994144454373, "g1": 0.36475326141840325, "g2": -4.844109374182575, "g3": 1.2100091553115098, "g4": 1.2546763613508618, "g5": 0.0686656471076415, "g6": 0.17507095251730057, "g7": 1.8208827338586062, "i0": 3.6802087284263725, "i1": 0.6739546580284419, "i2": -6.628151606743365, "i3": 0.9272343308076093, "i4": 1.2290087164878507, "i5": -0.21121413332149175, "i6": 0.07824736735677627, "i7": 1.7420791672477856, "r0": 2.3417984330493864, "r1": 0.36705765199579826, "r2": -8.790862511774932, "r3": 1.0245192705776864, "r4": 0.9454406674976567, "r5": 0.6085169632192281, "r6": 0.32975938842740316, "r7": 1.5793941945599532}, "datetime": {"datetime": "2020-01-18 20:59:04", "elapsed": 18383.053429, "delta": 118.85351}}
{"target": 20.65, "params": {"d0": 3.744313023880198, "d1": -1.4123977175588014, "d2": 0.967047920456734, "g0": 0.6049088053368973, "g1": 0.4398817565285832, "g2": -4.7857671814503675, "g3": 1.1819764385424623, "g4": 1.1051751979256352, "g5": -0.07664139620124841, "g6": 0.08145654180355447, "g7": 1.4011177593850657, "i0": 4.181396436879219, "i1": 0.6007539173007941, "i2": -6.623361808468191, "i3": 0.9379952815798697, "i4": 0.9225419079379908, "i5": -0.19500528675447995, "i6": 0.1893918993995632, "i7": 1.5136284277683563, "r0": 2.0367985518975056, "r1": 0.4210801595483785, "r2": -8.740986362100742, "r3": 1.0664528702255462, "r4": 1.0643474589040645, "r5": 0.40101098724754475, "r6": 0.26793621412270613, "r7": 1.3865861870850513}, "datetime": {"datetime": "2020-01-18 21:01:10", "elapsed": 18509.398196, "delta": 126.344767}}
{"target": 20.85, "params": {"d0": 3.462303844478824, "d1": -1.3331698958439766, "d2": 0.8594653648553989, "g0": 0.6791654995406567, "g1": 0.5141086316004971, "g2": -4.649121021785353, "g3": 1.2424812113206398, "g4": 1.1183596996589675, "g5": -0.018195853025072324, "g6": 0.19053308988920226, "g7": 1.5757248236382735, "i0": 3.8768753053458664, "i1": 0.6198705265906048, "i2": -6.66854126402175, "i3": 1.0757194849673815, "i4": 1.0326595325325376, "i5": -0.0089632724035512, "i6": 0.18426455714797144, "i7": 1.4976930710159144, "r0": 2.93327355943564, "r1": 0.3952334472424197, "r2": -8.9039433530513, "r3": 1.0745664987560686, "r4": 1.0899670128680006, "r5": 0.32697022209357784, "r6": 0.16009941221761537, "r7": 1.425642285717796}, "datetime": {"datetime": "2020-01-18 21:03:14", "elapsed": 18633.721162, "delta": 124.322966}}
{"target": 20.4, "params": {"d0": 3.922618665985952, "d1": -1.7978872504243528, "d2": 0.9259803924079565, "g0": 0.3269050698746219, "g1": 0.3904252015893038, "g2": -4.7836372181335465, "g3": 1.067980882785068, "g4": 1.0077967726530022, "g5": -0.008929095872402835, "g6": 0.30825129261369855, "g7": 1.3520168519532425, "i0": 3.934793798307669, "i1": 0.5532657054400115, "i2": -6.213880166707138, "i3": 1.1085111154313283, "i4": 1.0320990336082336, "i5": -0.13866921080432557, "i6": 0.2520226605847806, "i7": 1.5324417976874058, "r0": 2.1975051404995303, "r1": 0.44420959099082397, "r2": -8.501084680145386, "r3": 1.038027210090493, "r4": 1.0380150052989918, "r5": 0.5477321079613564, "r6": 0.3644869258850788, "r7": 1.5859310453840112}, "datetime": {"datetime": "2020-01-18 21:05:20", "elapsed": 18759.920398, "delta": 126.199236}}
{"target": 20.1, "params": {"d0": 3.718174061170079, "d1": -1.4289011238876304, "d2": 0.957292023918048, "g0": 0.6586499434539312, "g1": 0.5647670370413334, "g2": -4.568880345408955, "g3": 1.1787277430359944, "g4": 1.2333740091646004, "g5": -0.10471999774616715, "g6": 0.2765640490250089, "g7": 1.6671323440313286, "i0": 3.851510926217683, "i1": 0.6732054683487408, "i2": -6.169745423483175, "i3": 0.9743137717053836, "i4": 1.0529865061359076, "i5": -0.2359544928640392, "i6": -0.1416683752653293, "i7": 1.763333154419219, "r0": 2.5315625522746563, "r1": 0.3313408516759972, "r2": -8.625571196865973, "r3": 1.0630349931195293, "r4": 0.9917764892424167, "r5": 0.33842785309802453, "r6": 0.09288195441609089, "r7": 1.648628905815772}, "datetime": {"datetime": "2020-01-18 21:07:47", "elapsed": 18906.350287, "delta": 146.429889}}
{"target": 19.7, "params": {"d0": 3.673969258195575, "d1": -1.723858124668186, "d2": 0.9476830490496558, "g0": 0.5875127323250822, "g1": 0.45446448120196437, "g2": -4.979821047646732, "g3": 1.2130258423500115, "g4": 1.0307234906270906, "g5": -0.14530113143830095, "g6": 0.05626512619566657, "g7": 1.2869817143948254, "i0": 3.7523127157319043, "i1": 0.6509136465000154, "i2": -6.116000483406432, "i3": 1.0313090839579517, "i4": 0.96444573525609, "i5": 0.07944617567917442, "i6": 0.12776205202364385, "i7": 1.5041058729121142, "r0": 2.1159305574767924, "r1": 0.3683234987529449, "r2": -8.335316864222847, "r3": 1.061194743207459, "r4": 1.0827345585655095, "r5": 0.5215251025710206, "r6": 0.18795622374399948, "r7": 1.5596367001223639}, "datetime": {"datetime": "2020-01-18 21:10:07", "elapsed": 19046.145982, "delta": 139.795695}}
{"target": 20.65, "params": {"d0": 3.1876684448504964, "d1": -1.5076296250113572, "d2": 1.0269252199448877, "g0": 0.4852908491340319, "g1": 0.41029054644900564, "g2": -5.055354674508913, "g3": 1.1916874451700972, "g4": 0.997471380508672, "g5": -0.011692550591767244, "g6": 0.18902429120185008, "g7": 1.8514229283861474, "i0": 3.177620493295258, "i1": 0.5015404024869923, "i2": -6.417293199921053, "i3": 1.083242665949307, "i4": 1.06125608469854, "i5": -0.1172454690505621, "i6": 0.03789203515901194, "i7": 1.549161505315193, "r0": 3.6884334223136346, "r1": 0.627996703351605, "r2": -8.536200168627275, "r3": 1.0416247698709433, "r4": 1.1176664638928706, "r5": 0.3905358588666628, "r6": 0.02107753325056647, "r7": 1.5937038589295494}, "datetime": {"datetime": "2020-01-18 21:12:29", "elapsed": 19187.977115, "delta": 141.831133}}
{"target": 20.0, "params": {"d0": 3.2220515912719043, "d1": -1.6636275216913188, "d2": 1.0755737387411581, "g0": 0.5472866024590552, "g1": 0.5934761632624822, "g2": -5.123956348550013, "g3": 1.1241918907310695, "g4": 1.1246387061790022, "g5": 0.09824918785582339, "g6": 0.2539500213819806, "g7": 1.6903528720253578, "i0": 3.102333675990703, "i1": 0.5616194356938342, "i2": -6.566126672918598, "i3": 1.0419548351921197, "i4": 1.128234972999348, "i5": -0.12196558355285278, "i6": -0.06609237578550475, "i7": 1.6838322641672714, "r0": 3.745155813873171, "r1": 0.4024537984873102, "r2": -8.437332617097452, "r3": 1.0956791909703119, "r4": 1.1102313244960738, "r5": 0.2950671387063941, "r6": -0.1256293964158134, "r7": 1.5356233784221176}, "datetime": {"datetime": "2020-01-18 21:14:58", "elapsed": 19337.353718, "delta": 149.376603}}
{"target": 20.8, "params": {"d0": 3.2263828327976056, "d1": -1.4797943772168967, "d2": 0.9633457961423938, "g0": 0.44222806093683625, "g1": 0.6135180103022319, "g2": -5.278749792488623, "g3": 1.170470683840351, "g4": 1.0467011645894262, "g5": -0.013341710013312764, "g6": 0.20286820170613767, "g7": 1.7110210574387301, "i0": 3.21852923149426, "i1": 0.5093715831584033, "i2": -6.708683711234376, "i3": 1.0507571180519473, "i4": 0.9310105072529586, "i5": -0.14078047312053185, "i6": 0.036337791471989386, "i7": 1.4889920877512957, "r0": 3.7495497781218297, "r1": 0.5821147138569502, "r2": -8.773795432425596, "r3": 1.1006416498108633, "r4": 1.1391483201414268, "r5": 0.24285137370913312, "r6": 0.1267913071832775, "r7": 1.4655360981012098}, "datetime": {"datetime": "2020-01-18 21:17:16", "elapsed": 19475.843416, "delta": 138.489698}}
{"target": 20.7, "params": {"d0": 3.61466593083668, "d1": -1.5686166768122, "d2": 0.8712808838459357, "g0": 0.5961025356460207, "g1": 0.5258465404121151, "g2": -4.710552096876824, "g3": 1.1374528048711747, "g4": 1.147551269052428, "g5": 0.05225697746119646, "g6": 0.2491100518862911, "g7": 1.505257142102841, "i0": 3.9178482392256138, "i1": 0.6174768340674338, "i2": -6.785705284836749, "i3": 1.0242748704712072, "i4": 1.1672527109124051, "i5": 0.019578528469202165, "i6": 0.34529785339481595, "i7": 1.5774508101293696, "r0": 2.598145336802016, "r1": 0.42415054671272806, "r2": -8.79844664507818, "r3": 0.9857154802101037, "r4": 1.0193723398224297, "r5": 0.5409271029958755, "r6": 0.3777715194736203, "r7": 1.3797376074748822}, "datetime": {"datetime": "2020-01-18 21:19:41", "elapsed": 19620.092875, "delta": 144.249459}}
{"target": 20.75, "params": {"d0": 4.033072300335058, "d1": -1.162384202991426, "d2": 0.9521053507463425, "g0": 0.5709018644975088, "g1": 0.3970780621554815, "g2": -5.198838338101705, "g3": 1.1439812773878908, "g4": 1.2071063992211006, "g5": -0.007047881194326763, "g6": 0.2380478056706019, "g7": 1.5500166896244796, "i0": 3.7627361865806113, "i1": 0.5942689176179918, "i2": -6.643405445156038, "i3": 1.028146950381163, "i4": 1.008211995093146, "i5": -0.380610661439462, "i6": 0.033914732073548504, "i7": 1.7262790042248264, "r0": 1.9538590572304484, "r1": 0.15191424391065078, "r2": -8.779165620755226, "r3": 1.202285551503953, "r4": 1.0149122967478807, "r5": 0.3497672436228651, "r6": 0.07334156844619918, "r7": 1.4692740678451321}, "datetime": {"datetime": "2020-01-18 21:22:03", "elapsed": 19762.929968, "delta": 142.837093}}
