{"target": 3.9, "params": {"d0": 3.2426179239156294, "d1": -1.0418219429510955, "d2": 1.1513544001866798, "g0": 4.345732837354398, "g1": 0.22624449772983501, "g2": -1.3960374736437426, "g3": 0.9918701302150954, "g4": 1.1712040781016242, "g5": -0.05025003171670528, "g6": 0.9101237751634379, "g7": 1.4218429142951567, "i0": 4.280296049294561, "i1": 0.005021797239652126, "i2": -1.168078936277407, "i3": 0.9118695969558783, "i4": 1.1433612874559052, "i5": 0.5399314715330441, "i6": 0.7906507134861556, "i7": 1.2513965316753497, "r0": 2.176477326477755, "r1": 0.5090716440886448, "r2": -3.8632545300370635, "r3": 0.7073294874252605, "r4": 0.9872176551937579, "r5": -0.35176865491939324, "r6": -0.05006029874172335, "r7": 1.475156842040283}, "datetime": {"datetime": "2020-01-18 01:37:10", "elapsed": 17417.180547, "delta": 47.4965}}
{"target": 20.65, "params": {"d0": 3.2624163562933055, "d1": -9.75980785651244, "d2": 0.7981142634891983, "g0": 1.3915978766913595, "g1": 0.6741905255036877, "g2": -4.911786336974417, "g3": 1.468964331046108, "g4": 0.961138974206033, "g5": -0.2610862161964932, "g6": -0.07389410928140189, "g7": 1.621329830976892, "i0": 4.949536241496843, "i1": 0.7275394572734277, "i2": -5.801092327660866, "i3": 0.8945845569153469, "i4": 1.2020202666619437, "i5": 0.33420190709363395, "i6": -0.3495607959879202, "i7": 1.8036359964592135, "r0": 1.9758893311747006, "r1": 0.9322962044273291, "r2": -1.2942257258121987, "r3": 1.412558066656171, "r4": 0.9200072552979986, "r5": -0.7811455480781156, "r6": -0.11648912434600756, "r7": 1.6063446252006701}, "datetime": {"datetime": "2020-01-18 01:49:18", "elapsed": 18144.845979, "delta": 42.277328}}
{"target": 17.65, "params": {"d0": 2.3575897880742924, "d1": -5.4468552685953, "d2": 1.1682876899173023, "g0": 2.1566081287331693, "g1": 0.7224511965425554, "g2": -6.185317489573261, "g3": 1.286137582942045, "g4": 1.1737952138752668, "g5": 0.7340041597481406, "g6": 0.08082679409341709, "g7": 1.4286369347391696, "i0": 4.657217968176274, "i1": 0.916632628113911, "i2": -0.21875705596790596, "i3": 1.1382298564982576, "i4": 0.963691276500847, "i5": -0.46604321064948806, "i6": -0.12921471039987492, "i7": 1.6000146274078113, "r0": 3.6073549060801335, "r1": 0.14565259835725908, "r2": -5.277136653876524, "r3": 1.1820771367153537, "r4": 0.8092627890087383, "r5": -0.3874554517527742, "r6": 0.8558719753081621, "r7": 1.2937241624128109}, "datetime": {"datetime": "2020-01-18 01:50:06", "elapsed": 18192.580234, "delta": 47.734255}}
{"target": 16.85, "params": {"d0": 3.8772348898993627, "d1": -3.6041817125169686, "d2": 0.857719514422126, "g0": 2.711887800898882, "g1": 0.6917016730622415, "g2": -2.8443217772476377, "g3": 1.386147585890394, "g4": 1.2319540749385123, "g5": 0.7973724183686361, "g6": 0.8218048803613911, "g7": 1.284313184917075, "i0": 1.2505743007745633, "i1": 0.0015811758522702446, "i2": -7.851715226128179, "i3": 0.9827258206817309, "i4": 0.8038512943150893, "i5": -0.5820087430074928, "i6": 0.05453866398929019, "i7": 1.2875612150701417, "r0": 0.6298638555611535, "r1": 0.870054603492602, "r2": -3.5956295718607194, "r3": 1.0662992282021029, "r4": 1.0387903332409476, "r5": 0.4462621245714853, "r6": 0.7342781067508748, "r7": 1.563603169363074}, "datetime": {"datetime": "2020-01-18 01:50:56", "elapsed": 18242.46779, "delta": 49.887556}}
{"target": 7.15, "params": {"d0": 1.0355805023405684, "d1": -3.718482008940933, "d2": 1.4494410325361782, "g0": 4.5524915628890215, "g1": 0.5037714723719138, "g2": -4.848407649295231, "g3": 0.9104841055730216, "g4": 1.1484352109517724, "g5": 0.5748373459165579, "g6": 0.9921000949415093, "g7": 1.0943916669831584, "i0": 4.369366673354936, "i1": 0.4963372396295669, "i2": -8.11495905806274, "i3": 0.8780062541455278, "i4": 1.0565443049472825, "i5": 0.44983847317151815, "i6": -0.34463201117863695, "i7": 1.739978214617453, "r0": 2.1795953121928155, "r1": 0.504731641829082, "r2": -7.811973755119196, "r3": 1.478507233805977, "r4": 0.9677769863039384, "r5": 0.1686539405640708, "r6": -0.4968369646034212, "r7": 1.5012054163181747}, "datetime": {"datetime": "2020-01-18 01:51:48", "elapsed": 18294.793858, "delta": 52.326068}}
{"target": 5.2, "params": {"d0": 4.659540534241357, "d1": -5.221767311343539, "d2": 0.7683475055989195, "g0": 3.0803433599005743, "g1": 0.6297187029456789, "g2": -2.450951167812522, "g3": 0.9824645158482539, "g4": 1.1876443583415157, "g5": -0.7835313918058179, "g6": 0.836072793547699, "g7": 0.9698373843747804, "i0": 2.3290843575177567, "i1": 0.05415382247356382, "i2": -8.514149787014972, "i3": 0.8142590363710531, "i4": 0.8259195960416553, "i5": -0.4089979747031947, "i6": 0.04688905476199423, "i7": 1.4046863119184319, "r0": 3.172653924309139, "r1": 4.71291844115207e-05, "r2": -3.300551110001596, "r3": 0.7688667612636895, "r4": 0.8132019327370874, "r5": 0.36316688879963643, "r6": -0.05212147186768973, "r7": 1.7000169135952996}, "datetime": {"datetime": "2020-01-18 01:52:36", "elapsed": 18342.522618, "delta": 47.72876}}
{"target": 19.75, "params": {"d0": 1.5796592313600388, "d1": -3.786931153423934, "d2": 0.9779220170773286, "g0": 1.2741409810731046, "g1": 0.8010964893843966, "g2": -4.447655523790031, "g3": 1.2058078776183363, "g4": 1.0909942905957548, "g5": 0.256614630645855, "g6": 0.43768783505090636, "g7": 1.1286795534967788, "i0": 4.849986387980622, "i1": 0.21750718917115686, "i2": -6.939159707616691, "i3": 1.2997131107296092, "i4": 0.8267257563899149, "i5": 0.33778307511290473, "i6": 0.5075060458053748, "i7": 0.9148214260529164, "r0": 3.7557377085654284, "r1": 0.8276986594913016, "r2": -5.21428887598259, "r3": 0.701151390733525, "r4": 0.852436662204883, "r5": 0.43878613826017476, "r6": 0.6091629820985818, "r7": 1.462115501193783}, "datetime": {"datetime": "2020-01-18 01:53:23", "elapsed": 18389.32033, "delta": 46.797712}}
{"target": 19.45, "params": {"d0": 4.303415531794777, "d1": -7.504111088702138, "d2": 0.8176272468803699, "g0": 0.2007423181775314, "g1": 0.7630739891007594, "g2": -1.9831645041539723, "g3": 0.9413436356686233, "g4": 0.8766197565520398, "g5": -0.08975197878604368, "g6": 0.6934081849301723, "g7": 0.9049037188630625, "i0": 3.8926189253516967, "i1": 0.5871563680582275, "i2": -5.404984645825396, "i3": 1.1383869852601634, "i4": 0.9324593119701989, "i5": -0.6278285211425042, "i6": -0.289986254560782, "i7": 1.2893008842422011, "r0": 1.785055108332958, "r1": 0.07777387155863502, "r2": -7.9685435124393935, "r3": 1.1169892105178327, "r4": 1.2419134346083833, "r5": -0.622111326872696, "r6": 0.9461481840685078, "r7": 1.9151987905323882}, "datetime": {"datetime": "2020-01-18 01:54:12", "elapsed": 18439.071026, "delta": 49.750696}}
{"target": 15.5, "params": {"d0": 3.162235489269981, "d1": -3.589254215429553, "d2": 1.025733172853923, "g0": 1.320390407762717, "g1": 0.46883923584697174, "g2": -3.3710946910854567, "g3": 1.3907156608894304, "g4": 0.8982471813952233, "g5": -0.2043709305916368, "g6": -0.39548075055025, "g7": 1.5415338706459534, "i0": 3.149802536479216, "i1": 0.5097192471651284, "i2": -1.8592429425333492, "i3": 1.064172449387834, "i4": 0.8722838667381427, "i5": 0.05450954424744814, "i6": -0.19000461887379194, "i7": 1.28614500365527, "r0": 2.497528266050711, "r1": 0.7227454250223202, "r2": -2.256865112920531, "r3": 1.2766779338441046, "r4": 0.8561183893502182, "r5": 0.5898083490756283, "r6": 0.7418138842093738, "r7": 1.703262042725291}, "datetime": {"datetime": "2020-01-18 02:00:04", "elapsed": 18791.078567, "delta": 50.575852}}
{"target": 11.45, "params": {"d0": 0.7805849746160642, "d1": -9.010742021678292, "d2": 1.3948212846608783, "g0": 1.6393631913411344, "g1": 0.2637574974127923, "g2": -5.055018665679212, "g3": 0.7465821737433272, "g4": 0.8115090872724191, "g5": 0.5950478708145204, "g6": 0.7651374473339185, "g7": 1.9672522920337827, "i0": 0.797160895505607, "i1": 0.39394832148377146, "i2": -3.3180521062709047, "i3": 0.8872487972856412, "i4": 1.0628114733368048, "i5": 0.00647469432240122, "i6": -0.04922142789442402, "i7": 1.7431230024121933, "r0": 2.9158914439257178, "r1": 0.03918692576099014, "r2": -0.8503786134775471, "r3": 1.112275407757263, "r4": 1.2145960922382948, "r5": -0.7457673866086103, "r6": 0.7475290422104415, "r7": 1.8816684836790367}, "datetime": {"datetime": "2020-01-18 02:01:11", "elapsed": 18857.750502, "delta": 66.671935}}
{"target": 19.8, "params": {"d0": 3.956570288207905, "d1": -1.3614145640733284, "d2": 1.2252141517851007, "g0": 1.5197935303402133, "g1": 0.4453842401215822, "g2": -3.6112313056309207, "g3": 1.2593525196192417, "g4": 1.0015580044589623, "g5": -0.5462912759860863, "g6": -0.1320308605283162, "g7": 1.6302112756597653, "i0": 4.119037797174142, "i1": 0.5891502614558124, "i2": -5.082154835408684, "i3": 0.9189068607094089, "i4": 0.8308227415960383, "i5": -0.343379595725113, "i6": -0.10373728388349807, "i7": 1.9680231396814052, "r0": 0.26644913385296565, "r1": 0.23505104846825642, "r2": -3.5677787892922543, "r3": 0.8246720054139427, "r4": 1.299194606057544, "r5": -0.2816960089247932, "r6": -0.4010443588827934, "r7": 0.9467852094546216}, "datetime": {"datetime": "2020-01-18 02:01:50", "elapsed": 18896.985419, "delta": 39.234917}}
{"target": 11.55, "params": {"d0": 4.800559029203063, "d1": -3.5227818647504083, "d2": 1.1586067636148436, "g0": 3.4058537321014724, "g1": 0.896205330206314, "g2": -2.606397539451656, "g3": 1.1755893742832573, "g4": 1.2018299994198005, "g5": -0.6009708978496896, "g6": 0.5747800172648394, "g7": 1.6175603587217031, "i0": 4.126827261185276, "i1": 0.3317983663527265, "i2": -0.22422714058480686, "i3": 0.9337613995039917, "i4": 0.8781932651645259, "i5": 0.5861643542603197, "i6": 0.02597422753838119, "i7": 0.9004327953416619, "r0": 4.19885482150326, "r1": 0.903164771809382, "r2": -1.7500236144405061, "r3": 0.8311493391539833, "r4": 1.198793166366357, "r5": 0.42339848052492424, "r6": -0.022422568595629133, "r7": 1.399766766102323}, "datetime": {"datetime": "2020-01-18 02:02:20", "elapsed": 18926.494287, "delta": 29.508868}}
{"target": 20.7, "params": {"d0": 4.753135063714807, "d1": -8.243228197473142, "d2": 1.2819785581636098, "g0": 0.8275264684488809, "g1": 0.6238207759372082, "g2": -2.490311730551361, "g3": 1.3453104481683842, "g4": 0.9543844700521822, "g5": -0.1119459482760401, "g6": 0.3561238298880234, "g7": 1.2127780672297355, "i0": 0.6823560236503434, "i1": 0.7261829887292689, "i2": -4.587877372819643, "i3": 0.8401608364615676, "i4": 0.9882873095330803, "i5": 0.25457581166529075, "i6": -0.3762208863270542, "i7": 1.508344712604829, "r0": 3.825789652925773, "r1": 0.8668756105212602, "r2": -4.577399241837526, "r3": 0.9050494082994933, "r4": 1.263485833870524, "r5": 0.2534910583705332, "r6": 0.36930857799540684, "r7": 1.9091674281795323}, "datetime": {"datetime": "2020-01-18 02:03:00", "elapsed": 18966.603328, "delta": 40.109041}}
{"target": 10.7, "params": {"d0": 1.4928828210660443, "d1": -1.244845354098036, "d2": 1.2416254292496882, "g0": 1.3440357734950155, "g1": 0.7805098236941552, "g2": -0.4248261656475343, "g3": 0.7280924422686271, "g4": 0.9193937108577429, "g5": 0.07326729093786377, "g6": -0.45907261077184736, "g7": 1.8116550427772018, "i0": 3.0309241463846703, "i1": 0.3010681524216874, "i2": -5.428071186027258, "i3": 0.8376437365939247, "i4": 1.1817697872595776, "i5": 0.7484649047178376, "i6": -0.4138827131240636, "i7": 1.2048272797211976, "r0": 2.823764374711506, "r1": 0.8756664622272367, "r2": -9.744727837703413, "r3": 1.0159148899147934, "r4": 0.9992183458689036, "r5": -0.6885848486253485, "r6": 0.22896081281893732, "r7": 1.8064032361468705}, "datetime": {"datetime": "2020-01-18 02:12:21", "elapsed": 19528.022525, "delta": 53.121254}}
{"target": 15.2, "params": {"d0": 0.6941645456558737, "d1": -2.9026554404814284, "d2": 1.4223132953936168, "g0": 1.7549875403336657, "g1": 0.1726806206298196, "g2": -7.305518960436696, "g3": 0.7854685953692337, "g4": 1.173340356033991, "g5": 0.7025034017474796, "g6": 0.42889921331153025, "g7": 1.6160792654671838, "i0": 1.2813749753547166, "i1": 0.5907621686045278, "i2": -9.018726982842884, "i3": 0.9465285554155098, "i4": 1.0132930474283341, "i5": 0.5424994247721127, "i6": 0.7201603215166916, "i7": 0.9906756410918971, "r0": 2.465794329366293, "r1": 0.9186876299316774, "r2": -8.914236543041108, "r3": 1.4578217383819956, "r4": 0.9987920228966187, "r5": -0.39106507247008954, "r6": 0.26391466638343863, "r7": 1.8341358368410692}, "datetime": {"datetime": "2020-01-18 02:13:15", "elapsed": 19582.062342, "delta": 54.039817}}
{"target": 11.5, "params": {"d0": 0.9896600201791139, "d1": -0.19704072068896572, "d2": 1.304940166705647, "g0": 3.6303875873043845, "g1": 0.6126638751877889, "g2": -1.544564606948862, "g3": 1.103871433613168, "g4": 1.2199285176734995, "g5": 0.047450225670711554, "g6": 0.6575983275174, "g7": 1.5620991497873669, "i0": 4.996257806196319, "i1": 0.5091332375849714, "i2": -1.5198573365868064, "i3": 1.4381190418785375, "i4": 1.2463915031027226, "i5": -0.24755994804870074, "i6": -0.32851917551340887, "i7": 1.4516481292950791, "r0": 4.042436791226611, "r1": 0.7982275889524801, "r2": -6.582216252144178, "r3": 1.211049745114833, "r4": 1.0988289033810354, "r5": -0.6857537041356117, "r6": 0.5365874907395949, "r7": 1.58807337962489}, "datetime": {"datetime": "2020-01-18 02:14:02", "elapsed": 19628.469453, "delta": 46.407111}}
{"target": 14.75, "params": {"d0": 0.2733308085520114, "d1": -6.142044050227123, "d2": 1.0472175089194242, "g0": 3.826399559941839, "g1": 0.51919771041955, "g2": -2.2909827911340486, "g3": 1.3589558634018823, "g4": 1.272101988811372, "g5": 0.5615559169742956, "g6": 0.4873157699749674, "g7": 1.3368618791922167, "i0": 4.402359911374061, "i1": 0.13761214354785845, "i2": -5.917130185463845, "i3": 1.1812545510767687, "i4": 1.129905967272521, "i5": 0.7677249923250782, "i6": 0.6867796538709641, "i7": 0.9886137765867615, "r0": 2.581260696641743, "r1": 0.8654167079590113, "r2": -4.5656564697759405, "r3": 0.8547581040493037, "r4": 0.9737427239374925, "r5": 0.12363097458948569, "r6": 0.3475299102435021, "r7": 1.4266712222542859}, "datetime": {"datetime": "2020-01-18 02:14:55", "elapsed": 19681.927363, "delta": 53.45791}}
{"target": 17.65, "params": {"d0": 2.426457215229621, "d1": -0.6654295398000478, "d2": 0.7040387929024483, "g0": 4.11650935064634, "g1": 0.6504176457939032, "g2": -9.483706306560308, "g3": 1.246213970645555, "g4": 0.9444140284807268, "g5": -0.44190485777687666, "g6": -0.14622623044445165, "g7": 1.9948276994591416, "i0": 2.7422779325293414, "i1": 0.9984976045783188, "i2": -9.13791636715558, "i3": 1.1982839777018135, "i4": 0.9261453448696297, "i5": 0.36200555038498505, "i6": 0.41283250782072134, "i7": 1.3578219646879572, "r0": 0.1519802552586358, "r1": 7.893571179662384e-05, "r2": -6.79426402836039, "r3": 1.4565987333150894, "r4": 0.8526400568005505, "r5": -0.05628953800658576, "r6": 0.5793320835373477, "r7": 1.9205334425023644}, "datetime": {"datetime": "2020-01-18 02:15:42", "elapsed": 19729.103191, "delta": 47.175828}}
{"target": 19.7, "params": {"d0": 2.981778548464133, "d1": -2.6610808387746694, "d2": 1.0398808932654517, "g0": 1.1534976876895469, "g1": 0.010517373060672908, "g2": -7.787717299300593, "g3": 1.2840293886530136, "g4": 1.1825572728026692, "g5": 0.3594560543695662, "g6": 0.21769524572249144, "g7": 1.7203227200410034, "i0": 2.905160862219028, "i1": 0.019420186020102093, "i2": -2.0861087305039767, "i3": 0.7741772255597558, "i4": 1.2756536941618202, "i5": 0.6346199616759882, "i6": 0.023174249624992038, "i7": 1.3673553544108705, "r0": 4.057205662070653, "r1": 0.5593131518069078, "r2": -2.0291978737610714, "r3": 0.8845340015811789, "r4": 0.8422568503790565, "r5": 0.7787187240248314, "r6": 0.3804454798067658, "r7": 1.8682688014271474}, "datetime": {"datetime": "2020-01-18 02:16:28", "elapsed": 19774.999322, "delta": 45.896131}}
{"target": 11.85, "params": {"d0": 0.13450869914316044, "d1": -6.214503273841833, "d2": 0.9279807606137717, "g0": 3.314955233417853, "g1": 0.1390914557711337, "g2": -4.556907850882936, "g3": 0.7088802291676022, "g4": 1.041176933097206, "g5": 0.1923080777603513, "g6": -0.44147769741188064, "g7": 1.310678681370455, "i0": 3.6964613179922248, "i1": 0.13906692681735155, "i2": -1.7979169145409575, "i3": 1.2150794389197646, "i4": 0.8485303143027039, "i5": 0.5504372866513758, "i6": 0.822979701170286, "i7": 0.9579913297241744, "r0": 0.14858960043214464, "r1": 0.5313704831080863, "r2": -4.482127101749377, "r3": 1.133586066271993, "r4": 1.2833983089549055, "r5": -0.5734469253723488, "r6": 0.5949489421302709, "r7": 1.2877108505675927}, "datetime": {"datetime": "2020-01-18 02:17:34", "elapsed": 19840.907018, "delta": 65.907696}}
{"target": 8.75, "params": {"d0": 0.15562576355643676, "d1": -8.477242084478801, "d2": 1.2772125043227864, "g0": 4.626545823785734, "g1": 0.5222493819275003, "g2": -8.47014827985284, "g3": 0.7148749847164302, "g4": 1.0209100652609857, "g5": 0.3845693802281913, "g6": 0.28837489268108607, "g7": 1.0335218493780245, "i0": 3.837361509470529, "i1": 0.40871507467139956, "i2": -2.208470784308929, "i3": 1.3858813817894147, "i4": 1.2962640971875548, "i5": 0.09703973915808162, "i6": 0.04554536977653556, "i7": 1.9129459861613811, "r0": 1.6812897359490764, "r1": 0.8070712054102304, "r2": -3.2827263753470373, "r3": 1.2212913169688027, "r4": 0.8822729158277025, "r5": -0.3451924168232511, "r6": 0.5930505119126512, "r7": 1.107279823249245}, "datetime": {"datetime": "2020-01-18 02:18:47", "elapsed": 19913.700684, "delta": 72.793666}}
{"target": 4.9, "params": {"d0": 3.0579763827262845, "d1": -1.5851880109993886, "d2": 1.388812555294283, "g0": 4.988012479499575, "g1": 0.7094706056012507, "g2": -7.647758132344857, "g3": 0.8923777520023695, "g4": 1.2138547348619069, "g5": 0.5005518125855448, "g6": 0.215999986738296, "g7": 1.902888410230649, "i0": 4.268725019198588, "i1": 0.5538325003522145, "i2": -3.3773727159187183, "i3": 0.7090933474956734, "i4": 1.0904361879887576, "i5": -0.31329639352088706, "i6": -0.29264327682268265, "i7": 1.7414911843660845, "r0": 4.8244972269103155, "r1": 0.4413772791412224, "r2": -1.7814001708529439, "r3": 1.4384671378077587, "r4": 0.9397815241728047, "r5": -0.7432741015439444, "r6": 0.18887999531354538, "r7": 1.797980037933237}, "datetime": {"datetime": "2020-01-18 02:19:35", "elapsed": 19961.499374, "delta": 47.79869}}
{"target": 17.1, "params": {"d0": 2.6972048339691757, "d1": -8.062345630838239, "d2": 1.359240972561937, "g0": 1.4185131213101976, "g1": 0.9612625355861598, "g2": -4.527198268040745, "g3": 0.7228088657911657, "g4": 1.1104368418066475, "g5": 0.581657319849525, "g6": 0.5660134019690395, "g7": 1.9470345061282073, "i0": 4.820672273155509, "i1": 0.638906071999605, "i2": -3.3940987332588346, "i3": 0.8967595949024258, "i4": 0.8643881088267418, "i5": 0.37065557215952416, "i6": 0.19102083114202761, "i7": 0.972292144630855, "r0": 3.0636173576302244, "r1": 0.8714838364387685, "r2": -2.9727964870817205, "r3": 1.404334439556903, "r4": 1.1782097420617372, "r5": 0.006968870779838765, "r6": 0.715647504265237, "r7": 0.9352451373262587}, "datetime": {"datetime": "2020-01-18 02:20:24", "elapsed": 20011.10322, "delta": 49.603846}}
{"target": 18.7, "params": {"d0": 3.97905570191053, "d1": -1.8033543891444754, "d2": 1.0968374176947413, "g0": 1.4798154079615728, "g1": 0.299945330880764, "g2": -5.703444278930855, "g3": 1.088056150299238, "g4": 1.1456141416158174, "g5": -0.7929578600296712, "g6": -0.014029375589355575, "g7": 1.2592573737569788, "i0": 3.431332640404446, "i1": 0.04298321323387, "i2": -4.195941701008399, "i3": 0.8041834696267385, "i4": 0.9317944529859368, "i5": 0.3382907459615292, "i6": -0.39005323014270327, "i7": 1.2871204973367896, "r0": 0.8644820930096553, "r1": 0.7636540600352715, "r2": -7.474690301948897, "r3": 0.7587509450731812, "r4": 1.233916873607866, "r5": 0.13716583142514138, "r6": 0.090604558181, "r7": 1.6919826183561397}, "datetime": {"datetime": "2020-01-18 02:21:08", "elapsed": 20054.43647, "delta": 43.33325}}
{"target": 14.2, "params": {"d0": 1.108800949593391, "d1": -2.2796805274841674, "d2": 1.0259045813287238, "g0": 0.37251502888603905, "g1": 0.9356195800803578, "g2": -5.630798744119726, "g3": 0.7083830234557903, "g4": 1.2678119678495985, "g5": -0.2888616171112075, "g6": -0.21045830531316928, "g7": 1.627407187233501, "i0": 1.2558294264493142, "i1": 0.12661190091211727, "i2": -2.092619555774318, "i3": 0.823389316254692, "i4": 1.0532501930355094, "i5": 0.4585431166590377, "i6": -0.1514414954044936, "i7": 1.732167551892649, "r0": 4.303905752987755, "r1": 0.45241672816754364, "r2": -3.863903615969627, "r3": 1.3031885703364456, "r4": 0.9925481581376586, "r5": 0.4193759517668274, "r6": -0.12325710957929098, "r7": 1.9848856679257034}, "datetime": {"datetime": "2020-01-18 02:21:50", "elapsed": 20097.22078, "delta": 42.78431}}
{"target": 19.05, "params": {"d0": 4.635420869456981, "d1": -2.239469215724064, "d2": 1.1717993718298443, "g0": 1.5613201893343769, "g1": 0.690226571366234, "g2": -7.151986651426365, "g3": 1.0491675881701894, "g4": 1.2095986969676302, "g5": -0.7457115872590931, "g6": 0.00610499316459967, "g7": 1.379600001793736, "i0": 1.404089424939754, "i1": 0.9473721561908964, "i2": -6.144288365471611, "i3": 1.3506844313374746, "i4": 1.2711843126092108, "i5": -0.6961561525600592, "i6": -0.3219520404664751, "i7": 1.9372112880107202, "r0": 0.9886383159701662, "r1": 0.4245230455361605, "r2": -6.792521350719537, "r3": 1.4220615209226706, "r4": 1.1964145509890334, "r5": -0.15873640484353135, "r6": 0.5769459153905752, "r7": 1.781262582373115}, "datetime": {"datetime": "2020-01-18 02:22:34", "elapsed": 20140.86771, "delta": 43.64693}}
