{"target": 18.3, "params": {"d0": 3.705122951158038, "d1": -7.3160994781622115, "d2": 0.7618317490543144, "g0": 2.7288705936458673, "g1": 0.9637441188839035, "g2": -5.495878843873151, "g3": 1.2324980168887272, "g4": 0.9876771794997782, "g5": -0.5376166860170064, "g6": 0.995458707629671, "g7": 1.4538958792492176, "i0": 4.243377647687123, "i1": 0.49801299378481556, "i2": -3.728880991143072, "i3": 1.0711804641046487, "i4": 1.2745843300691675, "i5": 0.705116547076911, "i6": -0.44441642190431885, "i7": 1.5202947971349992, "r0": 0.1157075965803539, "r1": 0.09434669387479966, "r2": -7.19715138083615, "r3": 1.2708877549804996, "r4": 0.8550360228850529, "r5": -0.7567443602373203, "r6": 0.743241736143943, "r7": 1.464836846008814}, "datetime": {"datetime": "2020-01-18 08:45:40", "elapsed": 43126.708856, "delta": 30.513849}}
{"target": 9.55, "params": {"d0": 1.6014059050650458, "d1": -8.972909025667072, "d2": 1.3647696375974885, "g0": 2.7854936389074805, "g1": 0.839907014637054, "g2": -9.17111151108281, "g3": 0.8944084554440308, "g4": 1.2600922726962933, "g5": -0.6092711447963959, "g6": 0.4479829202881769, "g7": 0.9424421333060218, "i0": 4.605396217155954, "i1": 0.8549504858974023, "i2": -1.208613802470488, "i3": 0.8394676709678307, "i4": 1.0185245946883772, "i5": 0.11317072725452026, "i6": 0.30366025107666483, "i7": 1.3646436322162048, "r0": 0.2514004160098293, "r1": 0.31539933993955294, "r2": -0.7115857931137164, "r3": 1.3063422336315018, "r4": 1.0300160203627622, "r5": -0.23187351715243876, "r6": 0.3430584683061919, "r7": 1.4952717039716927}, "datetime": {"datetime": "2020-01-18 08:46:04", "elapsed": 43150.8542, "delta": 24.145344}}
{"target": 7.0, "params": {"d0": 4.248234605261832, "d1": -8.363095663713121, "d2": 1.4797375193905782, "g0": 1.63138849116744, "g1": 0.5292745897992729, "g2": -2.6584465126370915, "g3": 1.0022774578471123, "g4": 0.8215846079763967, "g5": 0.21828349413200665, "g6": 0.9398609395663351, "g7": 1.7218953706857016, "i0": 2.712986759361283, "i1": 0.9443751748718429, "i2": -3.2792375640795735, "i3": 1.1070668737020082, "i4": 1.1642335065441998, "i5": 0.18962691368944484, "i6": 0.8396448839783126, "i7": 1.2514069649622073, "r0": 3.6743225362541416, "r1": 0.18063465914801458, "r2": -6.256021582209147, "r3": 1.0625044200305425, "r4": 0.9803064930284269, "r5": -0.23325687906570158, "r6": 0.7947053794250722, "r7": 1.0834347846176875}, "datetime": {"datetime": "2020-01-18 08:46:37", "elapsed": 43183.993859, "delta": 33.139659}}
{"target": 15.95, "params": {"d0": 3.6184221046580483, "d1": -3.082230085511098, "d2": 1.0147941893307024, "g0": 3.5699430901354456, "g1": 0.12430883680119154, "g2": -4.726775235300597, "g3": 1.3082380001022962, "g4": 1.2614893808719156, "g5": -0.09770538470063062, "g6": -0.2858797809480612, "g7": 1.6180204370424396, "i0": 1.6987165967368367, "i1": 0.6914831212865321, "i2": -3.9270761827948517, "i3": 0.9981878372269841, "i4": 1.0372855755829333, "i5": 0.395194846564227, "i6": -0.071344234785229, "i7": 1.5883918375101018, "r0": 1.2469045354052182, "r1": 0.3835593232915684, "r2": -8.766567386893598, "r3": 0.9164895304880872, "r4": 0.849973666072873, "r5": -0.6694437593884279, "r6": -0.012857414618256735, "r7": 1.9244712967451068}, "datetime": {"datetime": "2020-01-18 08:47:05", "elapsed": 43211.606153, "delta": 27.612294}}
{"target": 19.85, "params": {"d0": 3.615745611399561, "d1": -3.1803317394129325, "d2": 0.7116633250881237, "g0": 0.4981369527106594, "g1": 0.1322253298144369, "g2": -2.0609766938874783, "g3": 0.9654063033626394, "g4": 1.1743262682091853, "g5": -0.6585831039227703, "g6": 0.34098838189934333, "g7": 1.5827410874658334, "i0": 2.8642403419364353, "i1": 0.3940767973772079, "i2": -5.857558918604217, "i3": 0.8881979885744551, "i4": 1.1131493022335757, "i5": -0.4096159415403353, "i6": 0.8967421905646951, "i7": 1.6392450582437115, "r0": 4.693687223401859, "r1": 0.6286744165151006, "r2": -6.910640967054875, "r3": 1.2153766792864755, "r4": 1.1907442200868075, "r5": -0.6926929033925344, "r6": -0.485612468739691, "r7": 1.8832296120188297}, "datetime": {"datetime": "2020-01-18 08:47:35", "elapsed": 43241.974154, "delta": 30.368001}}
{"target": 13.35, "params": {"d0": 2.6868691092604102, "d1": -6.492178764144551, "d2": 1.4830702943377805, "g0": 2.440532369752051, "g1": 0.11452157841211263, "g2": -1.9479461548378207, "g3": 0.8154315014358272, "g4": 1.0389607959675373, "g5": 0.7297545170351578, "g6": 0.47049450371431467, "g7": 1.3079705528020307, "i0": 2.9008025696467032, "i1": 0.04545885355497925, "i2": -7.370502004774632, "i3": 1.353318148005218, "i4": 0.8090694090310065, "i5": 0.0812847039390574, "i6": -0.1897638753000886, "i7": 1.5818146207328947, "r0": 0.9834255129918645, "r1": 0.07029396613837902, "r2": -5.881711887518813, "r3": 1.2499283969145345, "r4": 1.05640336198335, "r5": -0.005888149959833333, "r6": -0.2897054813849916, "r7": 1.5378875196619615}, "datetime": {"datetime": "2020-01-18 08:48:07", "elapsed": 43274.230712, "delta": 32.256558}}
{"target": 11.05, "params": {"d0": 2.91341993354302, "d1": -1.1298344477322804, "d2": 0.7857515311635415, "g0": 1.1357458241036766, "g1": 0.46720179238240167, "g2": -0.13532482302253435, "g3": 0.7843680203007583, "g4": 0.9759156693235758, "g5": 0.2070520816634307, "g6": 0.38328192240800396, "g7": 0.9143214072868251, "i0": 4.601854648158846, "i1": 0.6625380560045584, "i2": -9.142819954275259, "i3": 1.0013370600455156, "i4": 1.2556368332347139, "i5": -0.3557265057154636, "i6": 0.5322988469746694, "i7": 0.9163363644772067, "r0": 2.1572110670164495, "r1": 0.9144712449854492, "r2": -8.665572515091695, "r3": 1.327401876787708, "r4": 1.112769555177473, "r5": -0.4609891579726497, "r6": 0.26021910611445076, "r7": 1.9572083845226285}, "datetime": {"datetime": "2020-01-18 08:48:42", "elapsed": 43308.367343, "delta": 34.136631}}
{"target": 10.0, "params": {"d0": 2.3841026120603344, "d1": -5.234946157679769, "d2": 0.7959994901305056, "g0": 3.6753507535013004, "g1": 0.5862281312069786, "g2": -6.6174624302206775, "g3": 0.8104152467430975, "g4": 1.2863656490426842, "g5": 0.02866700842080172, "g6": 0.7305709824821434, "g7": 1.8053738401387887, "i0": 4.423330904636214, "i1": 0.30700309095294287, "i2": -5.225564076588906, "i3": 0.836294579864617, "i4": 1.2657397966601034, "i5": 0.7648952220780383, "i6": -0.4447580058042163, "i7": 1.2630290661615056, "r0": 2.9891500753409384, "r1": 0.3997821148872889, "r2": -7.435748620605807, "r3": 1.3367715971044536, "r4": 0.9937782507036816, "r5": 0.10050028624521856, "r6": -0.029660745398558452, "r7": 1.587244048875938}, "datetime": {"datetime": "2020-01-18 08:49:07", "elapsed": 43333.954723, "delta": 25.58738}}
{"target": 8.7, "params": {"d0": 3.5050660334447232, "d1": -3.2746887511771385, "d2": 1.4156169296871193, "g0": 2.046388426984632, "g1": 0.046022351339495615, "g2": -2.758689416018613, "g3": 0.8572478048329284, "g4": 0.8089252098021229, "g5": 0.19077260396117413, "g6": 0.40419166363443737, "g7": 1.023949495816338, "i0": 4.422854480624785, "i1": 0.1743708867741649, "i2": -1.0317416946138227, "i3": 1.1230357577471486, "i4": 1.2288575496873722, "i5": 0.6701005264783964, "i6": 0.7314336330160032, "i7": 1.2502188163962025, "r0": 2.5938621137188806, "r1": 0.6429518292664647, "r2": -3.5289827331657833, "r3": 1.219596626459602, "r4": 1.099082918638532, "r5": -0.2378297269886248, "r6": 0.2237904751346791, "r7": 0.9729004307880544}, "datetime": {"datetime": "2020-01-18 08:49:36", "elapsed": 43362.853716, "delta": 28.898993}}
{"target": 17.5, "params": {"d0": 2.1009789443033577, "d1": -1.243577856236321, "d2": 1.2287180574721943, "g0": 1.7614302828618507, "g1": 0.4141137068544426, "g2": -4.349749597991491, "g3": 1.4832287567134579, "g4": 1.2986970036686591, "g5": 0.4809720961837869, "g6": 0.05362572843808411, "g7": 1.7761165437168214, "i0": 3.919122204301797, "i1": 0.20244334538630104, "i2": -1.6722451497234907, "i3": 0.7709500031598471, "i4": 0.9291997249595372, "i5": -0.6844803963482664, "i6": -0.26317661933236597, "i7": 1.7393594266987211, "r0": 0.7562126449613166, "r1": 0.3957516400596277, "r2": -8.043511956331558, "r3": 1.232945337446008, "r4": 0.8944550675801242, "r5": -0.2802665710372111, "r6": 0.6606145243265131, "r7": 1.8328750570636039}, "datetime": {"datetime": "2020-01-18 08:50:09", "elapsed": 43395.974893, "delta": 33.121177}}
{"target": 13.05, "params": {"d0": 0.3818942740053316, "d1": -6.9660443101844605, "d2": 0.8575575775833475, "g0": 3.9844878304731886, "g1": 0.004848471239039642, "g2": -0.19464436553455577, "g3": 0.9050737572709272, "g4": 1.2165651125595833, "g5": 0.753145921674391, "g6": 0.791793525578655, "g7": 1.7554178760874368, "i0": 1.3354075079010337, "i1": 0.17966121327120022, "i2": -1.491021434534213, "i3": 0.7115134365061845, "i4": 1.2735613743556091, "i5": -0.7029634137621816, "i6": -0.35894633316204194, "i7": 1.5513274940159838, "r0": 0.30415351478318253, "r1": 0.969059940416483, "r2": -7.682000142262425, "r3": 0.7444768430516634, "r4": 1.2335391794343096, "r5": 0.08212712839616343, "r6": -0.010472718689610194, "r7": 1.4892524607501973}, "datetime": {"datetime": "2020-01-18 08:50:50", "elapsed": 43437.044442, "delta": 41.069549}}
{"target": 11.25, "params": {"d0": 1.7358823133088657, "d1": -2.042558593914202, "d2": 1.1434351213760876, "g0": 3.5744481293816968, "g1": 0.18330844548718217, "g2": -6.92779855989405, "g3": 1.4367489596465095, "g4": 0.964876093819752, "g5": -0.3155310728467393, "g6": 0.1050332773425019, "g7": 1.293239749362677, "i0": 0.6977638618564963, "i1": 0.507983239379038, "i2": -0.14877993224497388, "i3": 0.7087143364133834, "i4": 0.9375928283524606, "i5": -0.4123030954226703, "i6": 0.16350141666166784, "i7": 1.773940479913075, "r0": 4.389139869574637, "r1": 0.7505396853772004, "r2": -1.8452934254665116, "r3": 1.1014759110064922, "r4": 1.0441696271431409, "r5": 0.0163264034655366, "r6": 0.28489689012951636, "r7": 1.8996804104886817}, "datetime": {"datetime": "2020-01-18 08:51:26", "elapsed": 43472.597649, "delta": 35.553207}}
{"target": 12.1, "params": {"d0": 0.8690221779955581, "d1": -2.4508191958605385, "d2": 1.0590094246384527, "g0": 3.7196667061115756, "g1": 0.1260096123358334, "g2": -0.004518482930704337, "g3": 0.9263912954884334, "g4": 1.2803979286489922, "g5": -0.5788520442321542, "g6": 0.5724343349805343, "g7": 1.8618741305222635, "i0": 1.1735476104747251, "i1": 0.9730380805001344, "i2": -6.564778031877977, "i3": 1.221724211264661, "i4": 0.9427619427072345, "i5": 0.47521778018763916, "i6": 0.8839513897137599, "i7": 1.1100228613591208, "r0": 4.584420199175451, "r1": 0.6879000996094178, "r2": -0.14035119743219937, "r3": 0.8070919462206625, "r4": 0.935337933918085, "r5": 0.27552804857419, "r6": 0.6093251697301372, "r7": 1.7826380449900305}, "datetime": {"datetime": "2020-01-18 08:52:02", "elapsed": 43509.020952, "delta": 36.423303}}
{"target": 15.1, "params": {"d0": 4.032141725826332, "d1": -7.858862484164453, "d2": 0.797278459709934, "g0": 3.455031027503975, "g1": 0.5805786437448615, "g2": -6.347508703064877, "g3": 1.4647774642437497, "g4": 1.0763508116659246, "g5": -0.5131076338709756, "g6": -0.3539790508385059, "g7": 1.8569876340279823, "i0": 3.378928817237254, "i1": 0.7165359862111729, "i2": -9.548941983894265, "i3": 1.2639967357511597, "i4": 0.9662475951314411, "i5": 0.22127117904698745, "i6": -0.0066005723695604646, "i7": 1.2508900318820895, "r0": 1.7121379390607556, "r1": 0.17488126866163456, "r2": -3.8094608920523596, "r3": 1.4419642114613969, "r4": 0.9960770282740645, "r5": 0.7267696782912256, "r6": 0.9777864506503713, "r7": 0.9551342665538297}, "datetime": {"datetime": "2020-01-18 08:52:35", "elapsed": 43542.144131, "delta": 33.123179}}
{"target": 8.45, "params": {"d0": 0.4646746879858482, "d1": -6.849187465231202, "d2": 0.8726138346079048, "g0": 4.2647396148993915, "g1": 0.34654711678611516, "g2": -5.042540257638461, "g3": 1.220409251372367, "g4": 0.8479105022227105, "g5": 0.10501224515643648, "g6": 0.6028333433697246, "g7": 1.4474773501938072, "i0": 4.366637808929243, "i1": 0.7577769843113477, "i2": -8.006135632667505, "i3": 0.9227792816396121, "i4": 0.9738212417520362, "i5": -0.11698173111016597, "i6": -0.47915202394846995, "i7": 1.3304494714620483, "r0": 1.2210863664377887, "r1": 0.40658182875387083, "r2": -0.09021538602065426, "r3": 0.9378802362588031, "r4": 1.0635005875829453, "r5": -0.46944484989503543, "r6": 0.37921661276941543, "r7": 1.012660948552124}, "datetime": {"datetime": "2020-01-18 08:53:18", "elapsed": 43585.01435, "delta": 42.870219}}
{"target": 11.55, "params": {"d0": 2.814977566461102, "d1": -7.679940227243919, "d2": 0.8916272825432958, "g0": 3.3517313277111755, "g1": 0.6688978373504176, "g2": -7.839659954210876, "g3": 1.0910192566857728, "g4": 0.930595330997663, "g5": -0.7082420580900568, "g6": 0.12855632833714403, "g7": 1.2741806686981607, "i0": 3.194721322115372, "i1": 0.1042602290784923, "i2": -9.704924448933301, "i3": 1.3280741455915817, "i4": 1.1197771199527122, "i5": -0.1635994723189491, "i6": -0.16498139340030576, "i7": 1.741209474985343, "r0": 1.7717090394656754, "r1": 0.8854043860990676, "r2": -0.9047318949091547, "r3": 0.7985864750033325, "r4": 1.1287635447955096, "r5": 0.5355024572628935, "r6": 0.31463164722240067, "r7": 1.3425067873460932}, "datetime": {"datetime": "2020-01-18 08:53:52", "elapsed": 43618.490166, "delta": 33.475816}}
{"target": 20.45, "params": {"d0": 3.8986595206488595, "d1": -0.9554660478345234, "d2": 0.7086301435663752, "g0": 0.14479723726446903, "g1": 0.6844804366453177, "g2": -8.773923294398097, "g3": 1.273496559444995, "g4": 1.1145792787501794, "g5": -0.0792744731939633, "g6": 0.02241731486604981, "g7": 1.4444008374014774, "i0": 0.2669995064102032, "i1": 0.8224495572255082, "i2": -6.979257827157599, "i3": 1.461286876791832, "i4": 0.9793893950679511, "i5": 0.7019281486608369, "i6": 0.3444084039498323, "i7": 1.9339675374383414, "r0": 2.584074662494133, "r1": 0.2892600884629929, "r2": -9.289426409992421, "r3": 1.16021291147343, "r4": 1.1324536203047684, "r5": 0.6028473235607557, "r6": 0.13103805637189359, "r7": 1.6949670129063312}, "datetime": {"datetime": "2020-01-18 08:54:22", "elapsed": 43648.440584, "delta": 29.950418}}
{"target": 19.8, "params": {"d0": 3.236233612409008, "d1": -8.803844737307166, "d2": 1.0272187551506926, "g0": 1.1765050521685532, "g1": 0.2336679662206863, "g2": -7.889457177524447, "g3": 1.3307070894551485, "g4": 0.9189344907272026, "g5": 0.19151415840152297, "g6": 0.15259702546772924, "g7": 1.5170884210243736, "i0": 0.9441996432676841, "i1": 0.17547778588811735, "i2": -5.937418089093821, "i3": 1.0423292442691023, "i4": 1.2184968463725685, "i5": 0.43683558386231947, "i6": -0.17351508103505175, "i7": 1.5445217193064518, "r0": 1.0354251229088751, "r1": 0.11365074072722992, "r2": -7.870799111787252, "r3": 0.9916877052939983, "r4": 1.1123865176205971, "r5": -0.6944917219041742, "r6": 0.7340794688834893, "r7": 1.2169004480682615}, "datetime": {"datetime": "2020-01-18 08:54:51", "elapsed": 43678.113783, "delta": 29.673199}}
{"target": 20.5, "params": {"d0": 4.611297387995952, "d1": -3.892015869675035, "d2": 1.0416637747015238, "g0": 0.391307318463332, "g1": 0.13007403665420125, "g2": -7.314131745413457, "g3": 1.134793008819309, "g4": 1.2853196059635035, "g5": 0.022618785911967976, "g6": 0.9361384520649929, "g7": 1.0814406927609859, "i0": 4.136759522528768, "i1": 0.1202070759025673, "i2": -3.2139320572091457, "i3": 0.9522948230977022, "i4": 0.9427174035515112, "i5": -0.4206569233338684, "i6": 0.7132478857207674, "i7": 1.9709898385042814, "r0": 1.5433827132832312, "r1": 0.3642558267565468, "r2": -6.275536673723979, "r3": 1.1460534628661667, "r4": 1.0194549297327085, "r5": 0.732822751217745, "r6": 0.49746221059120554, "r7": 1.1985543177270563}, "datetime": {"datetime": "2020-01-18 08:55:22", "elapsed": 43708.743992, "delta": 30.630209}}
{"target": 8.45, "params": {"d0": 2.1222958473299913, "d1": -0.297747723258329, "d2": 1.1240494935982874, "g0": 1.7967024788067203, "g1": 0.9450304016028953, "g2": -1.6465976387957006, "g3": 0.7968194575620566, "g4": 0.9879465792180362, "g5": 0.33014051911323206, "g6": 0.9561274097520411, "g7": 1.6088627464346037, "i0": 2.939023175645077, "i1": 0.7283334365276389, "i2": -4.020586476665765, "i3": 0.7719378826746318, "i4": 1.1822957405656405, "i5": -0.061516828783164224, "i6": -0.14206054635908533, "i7": 1.3354107835897655, "r0": 3.6152853286894167, "r1": 0.894034717974645, "r2": -8.646096353347149, "r3": 0.7636482984343074, "r4": 1.1567440327137635, "r5": 0.47043404436474723, "r6": -0.040654194011110534, "r7": 1.6197087338960536}, "datetime": {"datetime": "2020-01-18 08:55:51", "elapsed": 43738.248373, "delta": 29.504381}}
{"target": 14.25, "params": {"d0": 2.2284829533449333, "d1": -5.611457521917612, "d2": 1.1664499493901523, "g0": 2.7457560626858384, "g1": 0.20843363996580866, "g2": -6.733638983194991, "g3": 1.0650153289027704, "g4": 1.245759063000182, "g5": -0.19865539077706662, "g6": 0.6848178025390386, "g7": 1.7518915923048164, "i0": 2.2689420835466607, "i1": 0.14538931133157584, "i2": -1.5494588614337594, "i3": 1.3803334824745053, "i4": 0.9185991310792623, "i5": 0.7288113497802733, "i6": 0.2902214636411886, "i7": 1.25216139584342, "r0": 4.509636165569437, "r1": 0.9828792402988151, "r2": -3.135021753727216, "r3": 1.302283044506318, "r4": 0.9060525410368604, "r5": -0.3901642506104736, "r6": 0.8097164742547247, "r7": 1.2859928468709467}, "datetime": {"datetime": "2020-01-18 08:56:21", "elapsed": 43767.709788, "delta": 29.461415}}
{"target": 17.15, "params": {"d0": 0.3793816469149719, "d1": -1.4428952926819942, "d2": 1.314739707970409, "g0": 0.4977481824876867, "g1": 0.19706471796131264, "g2": -9.674620591902322, "g3": 1.3497575925343297, "g4": 1.2428684484568315, "g5": 0.7616648496625935, "g6": 0.20713827567957566, "g7": 1.4270667868220182, "i0": 0.5385284097323889, "i1": 0.09631422282565083, "i2": -0.9485551662791636, "i3": 0.8611517121088964, "i4": 0.9947108747185188, "i5": 0.02086258917026451, "i6": 0.7723944141405232, "i7": 1.282567450792983, "r0": 1.2218808840847706, "r1": 0.5105027949513467, "r2": -3.819908264201982, "r3": 1.040733139385949, "r4": 1.0818153382577667, "r5": 0.1462190469298511, "r6": -0.0324814626658097, "r7": 1.0903285124469706}, "datetime": {"datetime": "2020-01-18 08:56:55", "elapsed": 43802.161607, "delta": 34.451819}}
{"target": 9.4, "params": {"d0": 4.055194859858328, "d1": -1.2572932815711777, "d2": 0.7245357873088546, "g0": 1.1714008410524008, "g1": 0.3642218997431429, "g2": -7.483439354015289, "g3": 1.3642694631282961, "g4": 1.0250590303510476, "g5": 0.45274588464920895, "g6": -0.3468957798421059, "g7": 1.2573175594276633, "i0": 0.702459473047311, "i1": 0.8447845811619266, "i2": -5.430571035851395, "i3": 1.1535167658676346, "i4": 1.1114888764315296, "i5": -0.5418519141832518, "i6": 0.3894133961397994, "i7": 1.1117884908113933, "r0": 3.021293122734292, "r1": 0.2691392532286778, "r2": -5.657484840960835, "r3": 0.9073109832478413, "r4": 0.9975135501615999, "r5": 0.7516570869856702, "r6": 0.511349050983585, "r7": 1.7754348694833935}, "datetime": {"datetime": "2020-01-18 08:57:18", "elapsed": 43824.695586, "delta": 22.533979}}
{"target": 14.4, "params": {"d0": 2.7508563203352847, "d1": -8.207349960327496, "d2": 1.0982154165319222, "g0": 1.4624114182365884, "g1": 0.9979875585524395, "g2": -9.16430968656234, "g3": 0.8836004740515578, "g4": 0.8229808866995034, "g5": 0.11614351531993816, "g6": 0.22957772716561375, "g7": 0.9479816291412497, "i0": 4.757482489226787, "i1": 0.8599819654310882, "i2": -1.0235556752444275, "i3": 1.462817214965558, "i4": 1.1343043487421043, "i5": 0.6226545454457728, "i6": -0.09683760550371662, "i7": 1.7141095381310927, "r0": 2.469424445633985, "r1": 0.4535310744355635, "r2": -8.286112452883463, "r3": 1.4266307763257275, "r4": 1.0359955366490559, "r5": 0.7667455433008212, "r6": -0.2217133859623136, "r7": 1.7830780356520892}, "datetime": {"datetime": "2020-01-18 08:57:51", "elapsed": 43857.827263, "delta": 33.131677}}
{"target": 15.75, "params": {"d0": 4.157473394933053, "d1": -9.530930217594884, "d2": 0.7342406905927094, "g0": 2.714315994293944, "g1": 0.900606398311369, "g2": -2.1907944305793823, "g3": 1.4085521551018398, "g4": 0.933143039935499, "g5": -0.5533146711286334, "g6": 0.2882761044539941, "g7": 1.8936274004529392, "i0": 3.68120930519558, "i1": 0.9075842201259579, "i2": -1.9771658357839357, "i3": 1.1334391523295435, "i4": 1.049120043142937, "i5": 0.1951675070126223, "i6": 0.442461863449529, "i7": 1.7507106222088087, "r0": 1.4192162067596144, "r1": 0.3375606549012201, "r2": -1.872746104361779, "r3": 0.7084808448321092, "r4": 1.1153495044833195, "r5": 0.3904106479711962, "r6": -0.33828822503657535, "r7": 1.5626845418454458}, "datetime": {"datetime": "2020-01-18 08:58:20", "elapsed": 43886.650335, "delta": 28.823072}}
{"target": 18.75, "params": {"d0": 0.9801229412446549, "d1": -6.508523631221665, "d2": 1.0319832112611893, "g0": 1.251383640455327, "g1": 0.30301095784503784, "g2": -8.762789244935279, "g3": 1.1358840847798333, "g4": 1.258342593169925, "g5": -0.7769964373954533, "g6": 0.15725614310063274, "g7": 1.3757845492984389, "i0": 1.3820360186255765, "i1": 0.6221105057141934, "i2": -9.891336862303753, "i3": 1.3376888473398911, "i4": 1.1088591968975205, "i5": -0.14008655617534627, "i6": -0.39617141974471204, "i7": 1.945555484089922, "r0": 4.53596365467828, "r1": 0.8453071864975221, "r2": -1.1055742543865623, "r3": 1.4747491657114762, "r4": 1.159733756041338, "r5": 0.6786593252474578, "r6": -0.4869909718792616, "r7": 1.9208737793058819}, "datetime": {"datetime": "2020-01-18 08:58:53", "elapsed": 43919.923851, "delta": 33.273516}}
