{"target": 21.15, "params": {"d0": 4.063976090888018, "d1": -1.5813548261952481, "d2": 0.9053210226866101, "g0": 0.5328765998793825, "g1": 0.40333412374269145, "g2": -4.987175349259814, "g3": 1.1808457362120568, "g4": 1.1024568821860365, "g5": -0.08203632972926489, "g6": 0.16190370285511807, "g7": 1.2872166696963114, "i0": 3.842573223547202, "i1": 0.515915482062207, "i2": -6.267722316355517, "i3": 1.1283479024282805, "i4": 0.9909942823122011, "i5": -0.17556622530481755, "i6": 0.25273399835973465, "i7": 1.5008609577591185, "r0": 1.9275427664234581, "r1": 0.323955952161759, "r2": -8.485649089027248, "r3": 1.0864736039045835, "r4": 1.0837575866801117, "r5": 0.3868646105481525, "r6": 0.24734592110564288, "r7": 1.6325246932847362}, "datetime": {"datetime": "2020-01-19 06:35:29", "elapsed": 52968.633453, "delta": 48.313876}}
{"target": 20.5, "params": {"d0": 3.219424809110021, "d1": -1.69966662754694, "d2": 1.0099645341246464, "g0": 0.5746617858411813, "g1": 0.627662810680977, "g2": -4.904156650519188, "g3": 1.1789276540348947, "g4": 1.0558510845299918, "g5": 0.13544334540183567, "g6": 0.1727631340174595, "g7": 1.7716996198467312, "i0": 3.2732942928587643, "i1": 0.4249729784503185, "i2": -6.41631718422018, "i3": 0.9605089714395341, "i4": 0.9729450008129671, "i5": -0.04745017396468141, "i6": 0.03741231782832738, "i7": 1.488570639642967, "r0": 3.9432005086905826, "r1": 0.515472772723052, "r2": -8.392870323807278, "r3": 0.9776670023560348, "r4": 1.128759656480666, "r5": 0.41623750739264087, "r6": 0.03756920928566084, "r7": 1.6840850416786617}, "datetime": {"datetime": "2020-01-19 06:36:22", "elapsed": 53021.843448, "delta": 53.209995}}
{"target": 19.9, "params": {"d0": 3.1654276642356707, "d1": -8.312597409237947, "d2": 1.091570424615422, "g0": 0.36225751329421035, "g1": 0.29723956556194425, "g2": -8.567923935431487, "g3": 1.2894496799590298, "g4": 1.0083332799512823, "g5": -0.4322575337920261, "g6": 0.6789419465361161, "g7": 1.5928345774343156, "i0": 2.7475837960392426, "i1": 0.6931386591803946, "i2": -7.4471417464396605, "i3": 1.0561721447811439, "i4": 0.9691377738255603, "i5": -0.3060797541293408, "i6": 0.6045676435662729, "i7": 1.454796291345234, "r0": 2.0032420251478222, "r1": 0.6318757715824008, "r2": -1.6108987969431419, "r3": 1.0987937642463883, "r4": 1.0914491935349986, "r5": -0.12069772246708851, "r6": 0.509392641864517, "r7": 1.4194970763551988}, "datetime": {"datetime": "2020-01-19 06:37:14", "elapsed": 53073.565301, "delta": 51.721853}}
{"target": 20.3, "params": {"d0": 4.278110051459211, "d1": -7.871368114041204, "d2": 1.1312911977363755, "g0": 0.5752296051233582, "g1": 0.4957894504131926, "g2": -3.1561685268774946, "g3": 1.3231686393547495, "g4": 1.023719558573825, "g5": -0.2590038277508318, "g6": 0.36398596700165303, "g7": 1.2493807083377748, "i0": 0.9422727973823749, "i1": 0.6148994648400097, "i2": -4.55251989901986, "i3": 1.0629080137185665, "i4": 1.0297429399552558, "i5": 0.15667634090439111, "i6": -0.2641922790499954, "i7": 1.384657599180146, "r0": 3.1761520580717484, "r1": 0.7108010484111882, "r2": -4.475311238805265, "r3": 0.9707296562280348, "r4": 1.185073749327729, "r5": 0.2878272041444695, "r6": 0.36654552928294093, "r7": 1.8903646053450753}, "datetime": {"datetime": "2020-01-19 06:38:05", "elapsed": 53124.343454, "delta": 50.778153}}
{"target": 20.95, "params": {"d0": 3.4286349151607096, "d1": -1.3921507968125337, "d2": 1.0194306195198344, "g0": 0.6186010596418365, "g1": 0.6471120965835859, "g2": -4.662716163062995, "g3": 1.0497296857428426, "g4": 1.1299154287837596, "g5": 0.0906083489493658, "g6": 0.20154083281925406, "g7": 1.5536600248415, "i0": 4.044979037641355, "i1": 0.6123725956862334, "i2": -6.744297174536503, "i3": 0.9540772914905821, "i4": 0.924100343277503, "i5": -0.14944107558060762, "i6": 0.10657796599714665, "i7": 1.462407312010724, "r0": 2.6459198789988125, "r1": 0.403143114755367, "r2": -8.885086989698928, "r3": 1.010646511698924, "r4": 1.0132141092621003, "r5": 0.6925441354442902, "r6": 0.3001342795223349, "r7": 1.428204358720551}, "datetime": {"datetime": "2020-01-19 06:38:56", "elapsed": 53174.972374, "delta": 50.62892}}
{"target": 20.9, "params": {"d0": 4.146624235817477, "d1": -1.471129344517848, "d2": 0.9975212672288375, "g0": 0.5474000894293695, "g1": 0.2611767540177673, "g2": -5.068927533554922, "g3": 1.2447938697654148, "g4": 1.2880625271691495, "g5": -0.06411917246782767, "g6": 0.16162126066352578, "g7": 1.6250878132716002, "i0": 3.7672930891064835, "i1": 0.5562212612991847, "i2": -6.554428010224887, "i3": 1.0628687490960016, "i4": 1.0420879617639234, "i5": -0.3135388740801162, "i6": 0.24749397406549253, "i7": 1.6159746343772976, "r0": 2.0499821177310213, "r1": 0.2809209682656022, "r2": -8.77044178228722, "r3": 0.989536583715107, "r4": 0.9693110637711785, "r5": 0.534650093371077, "r6": 0.22938481673748534, "r7": 1.5106685295382996}, "datetime": {"datetime": "2020-01-19 06:39:47", "elapsed": 53226.895194, "delta": 51.92282}}
{"target": 9.6, "params": {"d0": 0.3874429885963543, "d1": -2.256387674576761, "d2": 0.9925212562492516, "g0": 4.729303526805007, "g1": 0.6301400912972084, "g2": -8.717568421282484, "g3": 0.8116579007535432, "g4": 1.0120300499876262, "g5": -0.6610846635769749, "g6": -0.39599161516833664, "g7": 1.2947342939362396, "i0": 4.107029212043319, "i1": 0.9832858397234872, "i2": -0.8254792996674887, "i3": 1.190111276208735, "i4": 0.9138010300099006, "i5": -0.030232033708127104, "i6": 0.05046027088473104, "i7": 1.9217037928680512, "r0": 4.662171748615563, "r1": 0.9862774568329118, "r2": -4.15019526776101, "r3": 1.3349726070459353, "r4": 1.168260787986894, "r5": 0.3612939019587562, "r6": -0.3199353973762983, "r7": 1.8879914143668097}, "datetime": {"datetime": "2020-01-19 06:41:04", "elapsed": 53303.388413, "delta": 76.493219}}
{"target": 21.45, "params": {"d0": 4.001948013585395, "d1": -1.2698255127227116, "d2": 1.005368205623743, "g0": 0.6698469974941151, "g1": 0.3051645277373014, "g2": -5.247396265786587, "g3": 1.093172152476971, "g4": 1.1413491845057933, "g5": -0.015449844064955464, "g6": 0.23781135711822887, "g7": 1.6593689230259978, "i0": 3.742395296123694, "i1": 0.6250936961541803, "i2": -6.561697488601343, "i3": 1.0967484061916501, "i4": 1.008742524477952, "i5": -0.28446899356700744, "i6": 0.17313638826857797, "i7": 1.7345231525840406, "r0": 2.130450602221504, "r1": 0.19672534857173946, "r2": -8.847306827414931, "r3": 1.0858243361661732, "r4": 1.038993846742014, "r5": 0.3563659671504577, "r6": 0.2325839077827426, "r7": 1.5976572776342932}, "datetime": {"datetime": "2020-01-19 06:41:57", "elapsed": 53356.168202, "delta": 52.779789}}
{"target": 21.0, "params": {"d0": 4.059191218548102, "d1": -1.6099181319906262, "d2": 0.9415338250120918, "g0": 0.5091372399596392, "g1": 0.31724895764071903, "g2": -4.8546078314875345, "g3": 1.2380285280061063, "g4": 1.1156982187578233, "g5": -0.13216843382421228, "g6": 0.2133974733202091, "g7": 1.4565745983362464, "i0": 3.757282742457939, "i1": 0.5179872924011562, "i2": -6.362639565255436, "i3": 1.0902222965967734, "i4": 1.0126708072356054, "i5": -0.1681901731583665, "i6": 0.2540654528547417, "i7": 1.4562157926247277, "r0": 1.8932823689799023, "r1": 0.40703296962875263, "r2": -8.64773683941296, "r3": 1.0345058333913626, "r4": 1.095118586107397, "r5": 0.3642032049066018, "r6": 0.23098791763739682, "r7": 1.4834544847801905}, "datetime": {"datetime": "2020-01-19 06:42:46", "elapsed": 53405.257356, "delta": 49.089154}}
{"target": 20.25, "params": {"d0": 2.989174726396475, "d1": -8.40898666877807, "d2": 1.0831424040772675, "g0": 0.284167394053805, "g1": 0.27603265041732816, "g2": -8.600476698861353, "g3": 1.4326443082284026, "g4": 1.024453021348416, "g5": -0.5136888730629612, "g6": 0.7275900403440518, "g7": 1.5146352211072776, "i0": 2.801471390140038, "i1": 0.7161365745430095, "i2": -7.569233093613911, "i3": 0.9314926242997185, "i4": 0.9020820827752093, "i5": -0.42503272498320627, "i6": 0.600243167859088, "i7": 1.5492769756073417, "r0": 2.1087387218591407, "r1": 0.7012048283256153, "r2": -1.8332241138026397, "r3": 1.1703882399462453, "r4": 1.129395236801139, "r5": -0.19044595717618135, "r6": 0.6087503005077439, "r7": 1.552707395494214}, "datetime": {"datetime": "2020-01-19 06:43:42", "elapsed": 53461.439057, "delta": 56.181701}}
{"target": 20.75, "params": {"d0": 2.183013664406899, "d1": -1.665321832400089, "d2": 0.9723143493802255, "g0": 0.7601442666265921, "g1": 0.24669997452529738, "g2": -8.14038745652849, "g3": 1.2796450594681394, "g4": 1.2409240878252807, "g5": 0.1081528191409599, "g6": 0.020536632064515805, "g7": 1.9166711635982654, "i0": 2.8462330630845027, "i1": 0.4211596488893239, "i2": -9.184225057375421, "i3": 0.8398883907241745, "i4": 0.9747704843313557, "i5": -0.3536155350652056, "i6": 0.3114160128895305, "i7": 1.5039900319558555, "r0": 4.487045310536873, "r1": 0.4271982216663988, "r2": -8.854909315304338, "r3": 1.2481572691176104, "r4": 1.131343952540618, "r5": -0.5690966945151452, "r6": 0.2973412518295377, "r7": 1.0143236632690913}, "datetime": {"datetime": "2020-01-19 06:44:32", "elapsed": 53511.342134, "delta": 49.903077}}
{"target": 20.95, "params": {"d0": 3.673633372606573, "d1": -1.4423497105347558, "d2": 1.1153479671594857, "g0": 0.5054708721101691, "g1": 0.2446133632769815, "g2": -6.0279708647948915, "g3": 1.123953945803239, "g4": 1.1064033022205628, "g5": 0.00014770350570834912, "g6": 0.17857126767220333, "g7": 1.3954646752968098, "i0": 3.9683028505724995, "i1": 0.5588243516728971, "i2": -6.386754228654402, "i3": 0.9359481149613048, "i4": 0.9331027982543822, "i5": -0.20375401911252175, "i6": 0.07634851729860512, "i7": 1.5754731250643816, "r0": 1.5878792462797773, "r1": 0.06709286998133954, "r2": -9.020946123349006, "r3": 1.248514833025169, "r4": 1.0637441941727073, "r5": 0.1680314340223829, "r6": 0.07047707558435096, "r7": 1.576946727646397}, "datetime": {"datetime": "2020-01-19 06:45:24", "elapsed": 53563.72351, "delta": 52.381376}}
{"target": 19.75, "params": {"d0": 3.3797104891927394, "d1": -9.347944549534997, "d2": 0.7939188559964612, "g0": 0.775734512871714, "g1": 0.5058026008860685, "g2": -5.034824321750895, "g3": 1.5, "g4": 1.0709551481073627, "g5": -0.4088419966853801, "g6": 0.02062160602041025, "g7": 1.7066249979983332, "i0": 4.4905005577476365, "i1": 0.7258471039355108, "i2": -5.786185986661839, "i3": 1.0570119856312912, "i4": 1.1099170412066468, "i5": 0.15809316071105853, "i6": -0.3705334690526528, "i7": 1.8244120838642692, "r0": 1.9861732355168042, "r1": 0.775082232721151, "r2": -1.739666959789835, "r3": 1.391920369337337, "r4": 0.9571879247495465, "r5": -0.49497208438513, "r6": 0.07355374778145592, "r7": 1.6073222805707146}, "datetime": {"datetime": "2020-01-19 06:46:19", "elapsed": 53618.486499, "delta": 54.762989}}
{"target": 11.5, "params": {"d0": 3.3877982510619153, "d1": -2.1354882430570434, "d2": 0.9543645192353444, "g0": 0.673555592462905, "g1": 0.41355889165009707, "g2": -4.913340585894053, "g3": 0.8179332489851477, "g4": 0.8149282606601835, "g5": -0.465654800313771, "g6": 0.4281305132326929, "g7": 1.4368122842659283, "i0": 4.703896857538611, "i1": 0.5059031632648072, "i2": -6.199661980717286, "i3": 0.7753116876407902, "i4": 1.2530039862432611, "i5": -0.11942181933707396, "i6": -0.4682727940573936, "i7": 1.332738655249633, "r0": 3.0377116437247347, "r1": 0.4250110355363965, "r2": -8.858003200264594, "r3": 0.8306884517706785, "r4": 1.131877991713425, "r5": 0.5602586534081018, "r6": -0.22669339594557097, "r7": 1.4650738464392274}, "datetime": {"datetime": "2020-01-19 06:47:08", "elapsed": 53667.407167, "delta": 48.920668}}
{"target": 19.75, "params": {"d0": 3.17121327059387, "d1": -8.324722578713748, "d2": 1.0176541674758637, "g0": 0.2880432175971443, "g1": 0.21147416526742702, "g2": -8.786927069273684, "g3": 1.4010529166941752, "g4": 1.0121755522655373, "g5": -0.39695211395375773, "g6": 0.7216468370619158, "g7": 1.5770485074077152, "i0": 2.8767009294944046, "i1": 0.7476672185235478, "i2": -7.463104221955967, "i3": 0.9934534262923914, "i4": 0.9473038503317933, "i5": -0.41067421456144343, "i6": 0.7587841899447169, "i7": 1.5509763631010094, "r0": 2.1682163174030804, "r1": 0.7783556272016469, "r2": -1.7351353729579564, "r3": 1.1004289515690473, "r4": 1.1452826914046463, "r5": -0.18376765458878128, "r6": 0.6248275687863201, "r7": 1.5679562598681935}, "datetime": {"datetime": "2020-01-19 06:47:58", "elapsed": 53717.489433, "delta": 50.082266}}
{"target": 20.05, "params": {"d0": 4.153142912799782, "d1": -1.583640789089614, "d2": 1.3673152823810522, "g0": 0.7051661250879793, "g1": 0.8422614305479152, "g2": -5.84547833543244, "g3": 1.160306159524665, "g4": 1.009280595397218, "g5": -0.019556886607352553, "g6": 0.0615253575159429, "g7": 1.4434536813636587, "i0": 2.9313183171626545, "i1": 0.07000092993994511, "i2": -6.312731758156065, "i3": 1.2999509591186702, "i4": 1.0099010836646767, "i5": -0.3811106847521936, "i6": 0.33990974799121076, "i7": 1.8097895768628232, "r0": 2.5108124151320443, "r1": 0.34573108481565673, "r2": -8.656365624872924, "r3": 1.4363814353299802, "r4": 1.1788297081986254, "r5": 0.4674685567904946, "r6": -0.38818965025428304, "r7": 1.883710574980035}, "datetime": {"datetime": "2020-01-19 06:48:53", "elapsed": 53772.816046, "delta": 55.326613}}
{"target": 18.55, "params": {"d0": 3.605728331855222, "d1": -2.1498304561366357, "d2": 0.8581244028204007, "g0": 0.31680023256207335, "g1": 0.22046493047737892, "g2": -4.9818780269063, "g3": 1.163190833467926, "g4": 0.9095137114723079, "g5": 0.4298248070580104, "g6": -0.00846263517116952, "g7": 1.6739058090933634, "i0": 3.9231907725488053, "i1": 0.2846136558487834, "i2": -6.617194796213824, "i3": 0.8923695302537795, "i4": 0.8106225123910962, "i5": 0.5510425224666287, "i6": 0.06694054383399861, "i7": 1.9576987210492112, "r0": 2.065164055584081, "r1": 0.6695671459694368, "r2": -8.24136642540774, "r3": 1.0443701036497928, "r4": 0.9898038298526632, "r5": 0.790324725390025, "r6": 0.9183922603126444, "r7": 1.5147241892229588}, "datetime": {"datetime": "2020-01-19 06:49:46", "elapsed": 53824.996029, "delta": 52.179983}}
{"target": 20.95, "params": {"d0": 3.8712721574299405, "d1": -1.4317311495247367, "d2": 0.941250540592956, "g0": 0.6784561057396895, "g1": 0.2726724803287219, "g2": -5.359137167587769, "g3": 1.1359030882379886, "g4": 1.1718082320413377, "g5": -0.053415602250194566, "g6": 0.1367277668529637, "g7": 1.5737865833854505, "i0": 3.758828390221414, "i1": 0.5149155596766545, "i2": -6.577456378065777, "i3": 1.0202138226069235, "i4": 0.8854316376963076, "i5": -0.4893942791820781, "i6": 0.12341414822957604, "i7": 1.6748645706116527, "r0": 1.7026741715763403, "r1": 0.19105281476912175, "r2": -8.827747189530285, "r3": 1.235987600247152, "r4": 1.1854860387803026, "r5": 0.4459115147140233, "r6": 0.1009871557404251, "r7": 1.479196492683985}, "datetime": {"datetime": "2020-01-19 06:50:39", "elapsed": 53878.654577, "delta": 53.658548}}
{"target": 20.2, "params": {"d0": 3.7235236525683955, "d1": -1.542930164196921, "d2": 1.009731400665841, "g0": 0.5157432610330819, "g1": 0.602138785456029, "g2": -4.745702788568092, "g3": 1.185578356845576, "g4": 1.0600182787799504, "g5": -0.09143965361843837, "g6": 0.22817720495491794, "g7": 1.5678264389297356, "i0": 3.7471565061737406, "i1": 0.5953212819074241, "i2": -6.290374771564451, "i3": 0.9562438952449618, "i4": 1.066718130811082, "i5": 0.012601651886544106, "i6": 0.17261496188086897, "i7": 1.6051697795228708, "r0": 2.775056025399884, "r1": 0.5236472766765182, "r2": -8.651371167696503, "r3": 1.0802956242988304, "r4": 1.0095980126632444, "r5": 0.4117055836314351, "r6": 0.21761677376336988, "r7": 1.5356585947786636}, "datetime": {"datetime": "2020-01-19 06:51:30", "elapsed": 53929.911878, "delta": 51.257301}}
{"target": 19.75, "params": {"d0": 3.301958938968665, "d1": -0.2418249667870196, "d2": 1.3408648070527538, "g0": 0.44758538609042775, "g1": 0.45989720118026045, "g2": -6.339274678127296, "g3": 0.7878030679055098, "g4": 0.9833207736212313, "g5": -0.053657163439878586, "g6": 0.5109585922845479, "g7": 1.3412108029735912, "i0": 2.849836752252579, "i1": 0.9386377039214943, "i2": -5.82980606513493, "i3": 1.1162237377731279, "i4": 1.179023138978968, "i5": -0.7453168861719152, "i6": -0.44655082677318747, "i7": 1.5742099696963914, "r0": 3.0133906167471194, "r1": 0.020337899089552747, "r2": -8.579970867800807, "r3": 0.797461393554443, "r4": 1.021849351020037, "r5": 0.155116098456211, "r6": -0.20872750020742287, "r7": 0.951287396971333}, "datetime": {"datetime": "2020-01-19 06:52:21", "elapsed": 53979.9834, "delta": 50.071522}}
{"target": 19.95, "params": {"d0": 2.1041514835054502, "d1": -4.152823521624217, "d2": 0.9891704154259289, "g0": 1.1498349992394485, "g1": 0.6725788981265135, "g2": -3.692336738130157, "g3": 1.2948860928462516, "g4": 1.1584068261421883, "g5": -0.33395930502990173, "g6": 0.22613710442796808, "g7": 1.0201446199220847, "i0": 4.399729663249351, "i1": 0.3950835975898256, "i2": -6.918548978104102, "i3": 1.2571801663149755, "i4": 1.040530650921155, "i5": 0.12133149305214119, "i6": 0.559809741924695, "i7": 1.4944809232158685, "r0": 3.718961102406506, "r1": 0.8158962627123724, "r2": -5.326318183539442, "r3": 1.001043289503527, "r4": 1.0106490167772835, "r5": 0.6453311297000608, "r6": 0.34113862568090947, "r7": 1.3709225589812517}, "datetime": {"datetime": "2020-01-19 06:53:11", "elapsed": 54030.733222, "delta": 50.749822}}
{"target": 20.0, "params": {"d0": 4.920939971833537, "d1": -8.22795970839851, "d2": 1.3239229404288386, "g0": 0.9888830796938742, "g1": 0.09096422757785885, "g2": -8.560243777818012, "g3": 1.4241940960250536, "g4": 1.2310012523654605, "g5": -0.28768170870790344, "g6": 0.9268228409164005, "g7": 1.831795668317564, "i0": 2.0156767365588277, "i1": 0.5434464294286095, "i2": -3.9299683626998205, "i3": 0.8736607524945172, "i4": 0.8322527568293873, "i5": -0.36326055109588357, "i6": -0.3511407581360765, "i7": 1.6457169838137669, "r0": 2.681041190745131, "r1": 0.3884221264024854, "r2": -2.286860316610033, "r3": 0.9023099333685766, "r4": 0.9629286855478548, "r5": -0.25848898732002556, "r6": -0.21858829480050743, "r7": 1.0534058219402944}, "datetime": {"datetime": "2020-01-19 06:54:06", "elapsed": 54085.501104, "delta": 54.767882}}
{"target": 20.25, "params": {"d0": 3.0816195162321245, "d1": -1.7855360241124414, "d2": 1.0156461326450097, "g0": 0.48444044720144014, "g1": 0.5927929501182696, "g2": -4.994318372152435, "g3": 1.2567332611753996, "g4": 1.0734774071322166, "g5": 0.0220808436715264, "g6": 0.11733033683742303, "g7": 1.7677384638978864, "i0": 3.2201286900661383, "i1": 0.5353356613558163, "i2": -6.429383120521607, "i3": 1.0914408148395494, "i4": 0.9788518391649802, "i5": -0.18888588735094086, "i6": 0.0307469784231372, "i7": 1.477489625042333, "r0": 3.879991961968812, "r1": 0.5210061326976343, "r2": -8.454857472801105, "r3": 0.9474140633615444, "r4": 1.2483459639687842, "r5": 0.3565823033400202, "r6": -0.0572151907800585, "r7": 1.6465568588448467}, "datetime": {"datetime": "2020-01-19 06:55:01", "elapsed": 54139.96206, "delta": 54.460956}}
{"target": 19.95, "params": {"d0": 3.14453444745662, "d1": -1.7013906811237973, "d2": 1.4916961275326914, "g0": 0.7333703113840773, "g1": 0.05106001962078732, "g2": -5.849546731214328, "g3": 0.933973621217834, "g4": 0.9612374535069704, "g5": 0.1753464502109049, "g6": 0.5395639688656955, "g7": 1.184711544027404, "i0": 4.017135391734794, "i1": 0.17540400560517833, "i2": -7.102954459016162, "i3": 1.055053477347422, "i4": 0.9258539864585533, "i5": 0.28929923874259256, "i6": 0.5752325985146454, "i7": 1.2115709108739374, "r0": 2.4157505805582806, "r1": 0.9364136499457357, "r2": -8.696458341342078, "r3": 1.4452068923934995, "r4": 1.1574870438178748, "r5": 0.2647104373395295, "r6": 0.3599593693371407, "r7": 1.6224270309556799}, "datetime": {"datetime": "2020-01-19 06:55:57", "elapsed": 54196.01652, "delta": 56.05446}}
{"target": 20.05, "params": {"d0": 3.6882383436805206, "d1": -1.6879156423895687, "d2": 1.0416520586274463, "g0": 0.5739153035515112, "g1": 0.31111764072208237, "g2": -6.417845487775529, "g3": 1.082841215234598, "g4": 1.0573750939043283, "g5": -0.0008117126289585399, "g6": 0.07627993665577615, "g7": 1.40293771650784, "i0": 3.94209923099093, "i1": 0.38184688205346656, "i2": -6.361671354987245, "i3": 1.1269493653280611, "i4": 0.9092122475874076, "i5": -0.29098500605053224, "i6": 0.2096942904920099, "i7": 1.6363015593412094, "r0": 1.277002475076395, "r1": 0.24461784436827017, "r2": -8.709665066055685, "r3": 1.3342190288456561, "r4": 1.0677040231715842, "r5": 0.22648129241024684, "r6": 0.31678986267462705, "r7": 1.5686040055280122}, "datetime": {"datetime": "2020-01-19 06:56:52", "elapsed": 54251.383197, "delta": 55.366677}}
{"target": 20.5, "params": {"d0": 3.124157246254036, "d1": -2.2383875596884266, "d2": 0.8953432243612311, "g0": 0.8665288015208533, "g1": 0.8385248930841315, "g2": -6.091325204115357, "g3": 0.822735759315203, "g4": 1.0898303648547216, "g5": 0.12320434070586528, "g6": 0.44205837817522387, "g7": 1.2194918195943403, "i0": 2.575512846812298, "i1": 0.49701472569767435, "i2": -7.074734529024433, "i3": 1.3616021811872248, "i4": 1.0158407741576756, "i5": 0.2858412338208667, "i6": -0.12247395971660052, "i7": 1.1321042675627502, "r0": 2.4378393661133195, "r1": 0.1117851310361555, "r2": -8.233710113482845, "r3": 0.7861277243415996, "r4": 1.2520704398871692, "r5": 0.35055947552839717, "r6": 0.37775169965704836, "r7": 1.3941166313952242}, "datetime": {"datetime": "2020-01-19 06:57:49", "elapsed": 54308.848387, "delta": 57.46519}}
