{"target": 8.55, "params": {"d0": 3.737192347972419, "d1": -0.997212585404597, "d2": 1.459726817333666, "g0": 0.7502551059640633, "g1": 0.12712150541340472, "g2": -5.251852586503429, "g3": 1.4492635737351018, "g4": 0.8929295293991573, "g5": -0.7807802299841193, "g6": -0.37793680720578804, "g7": 1.2176998123539131, "i0": 3.723146815326479, "i1": 0.6710287286626547, "i2": -6.551190979932832, "i3": 1.2227083173768778, "i4": 1.094165988035118, "i5": -0.351949469164285, "i6": -0.46452796190876, "i7": 1.3325194797062547, "r0": 3.048529024924461, "r1": 0.4220968719457896, "r2": -9.248973953425615, "r3": 1.0550201064186855, "r4": 1.1272127973676984, "r5": 0.5850816289651894, "r6": -0.0215663156948091, "r7": 1.5100554101470718}, "datetime": {"datetime": "2020-01-19 07:21:53", "elapsed": 55752.796294, "delta": 46.186628}}
{"target": 20.3, "params": {"d0": 3.520092975552857, "d1": -1.431537525590462, "d2": 0.9975765016711077, "g0": 0.6193661402826567, "g1": 0.5663058000182183, "g2": -4.8586220461963485, "g3": 1.0687769619841831, "g4": 1.0242797238890529, "g5": 0.011004932608195921, "g6": 0.2267634356331549, "g7": 1.7241929898585404, "i0": 3.4410847012384744, "i1": 0.64831250523712, "i2": -6.421880759072493, "i3": 1.1357590104483728, "i4": 1.0376085029616913, "i5": -0.06820202270423102, "i6": -0.07284948858175241, "i7": 1.5843789283902387, "r0": 3.3716417138913886, "r1": 0.44313033763001153, "r2": -8.763385821443455, "r3": 1.04828674123963, "r4": 1.0482915541430111, "r5": 0.3403015522703564, "r6": -0.107589669831998, "r7": 1.549029764223628}, "datetime": {"datetime": "2020-01-19 07:22:47", "elapsed": 55806.455027, "delta": 53.658733}}
{"target": 20.8, "params": {"d0": 3.1091426593172704, "d1": -8.053900293980456, "d2": 0.9521565245446346, "g0": 0.5230060930719185, "g1": 0.38483769749628843, "g2": -5.303870521828108, "g3": 1.3222866486377989, "g4": 1.1116239439114328, "g5": -0.3938760158995048, "g6": 0.5196475850075416, "g7": 1.5899855138338237, "i0": 3.1495113885521713, "i1": 0.5673593871873461, "i2": -5.510134752421068, "i3": 1.0347962663059493, "i4": 1.0039144172700647, "i5": 0.0030643231481421074, "i6": -0.06028157228654221, "i7": 1.6134790128032916, "r0": 2.02870773881596, "r1": 0.3440635815392023, "r2": -2.6186376210383084, "r3": 1.1189474118526554, "r4": 1.0089943244995137, "r5": -0.030273494193011855, "r6": 0.260218883147122, "r7": 1.5462774800081585}, "datetime": {"datetime": "2020-01-19 07:23:42", "elapsed": 55861.515402, "delta": 55.060375}}
{"target": 19.75, "params": {"d0": 3.0244941603949496, "d1": -0.8641893490421033, "d2": 1.120817390293143, "g0": 0.7122763106236812, "g1": 0.4740161626204371, "g2": -4.217574906121183, "g3": 1.2716244167634556, "g4": 1.2316262120398311, "g5": -0.4278684913206773, "g6": 0.5283796337504154, "g7": 1.3756829073685226, "i0": 3.191048382729165, "i1": 0.4787269326914134, "i2": -6.423441151565727, "i3": 1.4022850618515739, "i4": 1.2127285988434153, "i5": -0.07938626555482065, "i6": 0.6108925456548859, "i7": 1.1512229780784076, "r0": 1.5794680618583823, "r1": 0.7508382038390949, "r2": -9.073767923664176, "r3": 1.12883308088535, "r4": 1.0137397192831943, "r5": 0.6460768541218354, "r6": 0.06537014962423682, "r7": 1.8778825530845857}, "datetime": {"datetime": "2020-01-19 07:24:32", "elapsed": 55911.202643, "delta": 49.687241}}
{"target": 21.1, "params": {"d0": 3.747134783578359, "d1": -1.3817266247176543, "d2": 1.0522737981295662, "g0": 0.6350331346029616, "g1": 0.21342682467464935, "g2": -5.758132577738822, "g3": 1.2584469258717068, "g4": 1.1794255034104764, "g5": 0.05461379002522027, "g6": 0.1839494287105606, "g7": 1.4654401391931766, "i0": 3.8675783710839413, "i1": 0.5976476011608208, "i2": -6.5732002962406595, "i3": 0.8540486041301336, "i4": 0.8805878103911646, "i5": -0.4668361791310873, "i6": 0.005358281060497768, "i7": 1.7031647685854538, "r0": 1.5782150075854604, "r1": 0.04449932327731586, "r2": -8.962851642816567, "r3": 1.2428205629862725, "r4": 1.1515839601490359, "r5": 0.1893633280806916, "r6": 0.17409578200494996, "r7": 1.5469304572435199}, "datetime": {"datetime": "2020-01-19 07:25:22", "elapsed": 55961.147418, "delta": 49.944775}}
{"target": 8.45, "params": {"d0": 2.805914801573075, "d1": -1.5214797777174347, "d2": 1.3331950368947263, "g0": 0.8170138324569598, "g1": 0.1659282182939753, "g2": -6.5068022518001545, "g3": 1.2449749024027437, "g4": 0.9555190037724515, "g5": -0.04207137112372905, "g6": -0.39341558230250023, "g7": 1.8343420298614717, "i0": 3.1106486579553385, "i1": 0.787395730413152, "i2": -6.513350884393171, "i3": 0.7277866405873439, "i4": 0.8179654730157575, "i5": -0.5670054561239317, "i6": 0.18508824297928583, "i7": 1.9957002738744989, "r0": 2.0039841094993966, "r1": 0.4683973425108985, "r2": -8.445903136219208, "r3": 1.206936782467916, "r4": 0.898402568973377, "r5": 0.22153917589241745, "r6": -0.2344119704684784, "r7": 1.7728191117216607}, "datetime": {"datetime": "2020-01-19 07:26:05", "elapsed": 56004.499427, "delta": 43.352009}}
{"target": 20.25, "params": {"d0": 3.6514899362179345, "d1": -1.5734257611860658, "d2": 0.9166982859432341, "g0": 0.6130406321437731, "g1": 0.42306363732563107, "g2": -6.512996774780539, "g3": 1.1984125681588633, "g4": 1.0353776106444357, "g5": -0.0530502907432098, "g6": 0.0676170571758196, "g7": 1.3478545792369916, "i0": 3.9517295461092523, "i1": 0.5819638245025635, "i2": -6.437782704527968, "i3": 0.9611564569567467, "i4": 0.9610535405807042, "i5": -0.31466833762307844, "i6": 0.09555770135248308, "i7": 1.5212640717587322, "r0": 1.3210925236290727, "r1": 0.2605471799502569, "r2": -8.658910545259978, "r3": 1.2970806791353744, "r4": 1.1833818079869796, "r5": 0.19478457383651096, "r6": 0.23063420978051263, "r7": 1.5748822890106076}, "datetime": {"datetime": "2020-01-19 07:26:58", "elapsed": 56057.207115, "delta": 52.707688}}
{"target": 20.15, "params": {"d0": 4.205203580351738, "d1": -1.068933941396736, "d2": 0.9940488277937345, "g0": 0.2713635597261177, "g1": 0.5666669578519582, "g2": -4.690596565021541, "g3": 1.3957058845434316, "g4": 0.8916305342835777, "g5": 0.050053351295499815, "g6": 0.3618680217848069, "g7": 1.310367304538913, "i0": 3.4504220794726095, "i1": 0.2130922785660877, "i2": -7.03571980402727, "i3": 1.2440230348410646, "i4": 1.0185445400964388, "i5": 0.44724499730687306, "i6": 0.7697966320644629, "i7": 1.9202389111378428, "r0": 2.225614417071862, "r1": 0.26807867512391703, "r2": -8.777509319373621, "r3": 0.9879553048399192, "r4": 1.079712068053789, "r5": 0.289858885849015, "r6": 0.9679779942413393, "r7": 1.7496887134798873}, "datetime": {"datetime": "2020-01-19 07:27:49", "elapsed": 56108.350638, "delta": 51.143523}}
{"target": 20.0, "params": {"d0": 3.4165829842859856, "d1": -6.323439082841336, "d2": 1.0241897282534882, "g0": 0.685960008308018, "g1": 0.1725202267265572, "g2": -6.0398953861747975, "g3": 1.4517572181758582, "g4": 0.955729479966487, "g5": -0.5073631036502975, "g6": 0.4191279309131362, "g7": 1.6783955999610478, "i0": 0.6646567075027145, "i1": 0.424591970921075, "i2": -2.094620750141223, "i3": 1.1864900643460194, "i4": 0.9446318826533648, "i5": -0.356415515277093, "i6": -0.0842004023650349, "i7": 1.3471901751907243, "r0": 3.337460533488036, "r1": 0.3201603357843729, "r2": -2.7639430903850117, "r3": 1.0433356202422743, "r4": 0.9960762070620583, "r5": 0.4983149170288513, "r6": -0.16277328588751452, "r7": 1.5864933226897175}, "datetime": {"datetime": "2020-01-19 07:28:42", "elapsed": 56161.367305, "delta": 53.016667}}
{"target": 20.6, "params": {"d0": 2.676302922065026, "d1": -2.4014960256551685, "d2": 1.1420258007050448, "g0": 0.28132329612486906, "g1": 0.23932289669558116, "g2": -4.719904804349531, "g3": 1.0284194513989187, "g4": 1.281294383529903, "g5": 0.09390975044549266, "g6": 0.8375819793936834, "g7": 1.9109460984606654, "i0": 3.2849091301772533, "i1": 0.09393012162567849, "i2": -6.49624942039286, "i3": 0.9404919878601351, "i4": 0.8280344398531552, "i5": -0.6526754862903952, "i6": -0.34142177375034855, "i7": 1.1717269136679556, "r0": 4.236494978095016, "r1": 0.7101002800055884, "r2": -8.332080575307998, "r3": 0.7797361668190612, "r4": 1.1997937046945557, "r5": -0.10483727128054665, "r6": 0.73254790242909, "r7": 1.50901756695883}, "datetime": {"datetime": "2020-01-19 07:29:33", "elapsed": 56212.590247, "delta": 51.222942}}
{"target": 19.85, "params": {"d0": 3.0428374476038527, "d1": -8.114703574649031, "d2": 1.1065494910481712, "g0": 0.41635168189653127, "g1": 0.3354487519655168, "g2": -8.59694934861725, "g3": 1.3778917199823781, "g4": 1.0259360283824797, "g5": -0.5098820392846629, "g6": 0.6955589142476475, "g7": 1.4892562631026558, "i0": 2.7726854755412633, "i1": 0.674842663250051, "i2": -7.4950530053463424, "i3": 1.0014678323108346, "i4": 0.8862658762028942, "i5": -0.40131832492873143, "i6": 0.5698190435211246, "i7": 1.5712262959126777, "r0": 2.127561740548161, "r1": 0.6161558769491227, "r2": -1.8642708828168175, "r3": 1.1880409312400408, "r4": 1.1838142791305484, "r5": -0.16580377358343823, "r6": 0.7018076920774393, "r7": 1.3963488311823857}, "datetime": {"datetime": "2020-01-19 07:30:29", "elapsed": 56268.285336, "delta": 55.695089}}
{"target": 16.25, "params": {"d0": 3.9876544540543324, "d1": -2.0174902581020273, "d2": 0.8160227616096773, "g0": 0.502314899632782, "g1": 0.30301734925107326, "g2": -4.7266739606812616, "g3": 0.8131889244531914, "g4": 1.1679526470442037, "g5": 0.6304899645214841, "g6": 0.3385623345897322, "g7": 1.5807087770835242, "i0": 4.353063429705152, "i1": 0.569334941341496, "i2": -7.151296673285204, "i3": 0.8539474654293563, "i4": 1.2510208747122302, "i5": 0.2852514763727352, "i6": 0.2278960447924433, "i7": 1.6274812593505068, "r0": 2.761135736454064, "r1": 0.9773234861211774, "r2": -9.308594068519106, "r3": 1.3910948110490886, "r4": 0.9034541350283054, "r5": -0.05690454844047821, "r6": 0.15073268255560857, "r7": 1.5356381335670117}, "datetime": {"datetime": "2020-01-19 07:31:23", "elapsed": 56322.502269, "delta": 54.216933}}
{"target": 20.2, "params": {"d0": 3.739168562571924, "d1": -3.42583047940648, "d2": 1.2070693349724892, "g0": 0.4530239049964516, "g1": 0.09429912286444952, "g2": -8.301592983239129, "g3": 1.2500726327568588, "g4": 0.9147571337699847, "g5": 0.006443710885921289, "g6": 0.06473471082650967, "g7": 1.1955207805015236, "i0": 4.662014510748049, "i1": 0.7814155155354622, "i2": -6.873845194249518, "i3": 0.8900618730334602, "i4": 1.0373675464728545, "i5": -0.555607319261482, "i6": 0.7457666541694992, "i7": 1.4800286053624514, "r0": 0.31165158806621257, "r1": 0.43664298093325016, "r2": -5.6119889273732, "r3": 1.475395898109778, "r4": 1.0900810549628717, "r5": 0.003727669593820013, "r6": 0.6891733518835359, "r7": 1.1185571321559635}, "datetime": {"datetime": "2020-01-19 07:32:16", "elapsed": 56375.490095, "delta": 52.987826}}
{"target": 20.85, "params": {"d0": 3.423504636855921, "d1": -1.3373909658862977, "d2": 0.8724491409886531, "g0": 0.6520531249696172, "g1": 0.6128043581938972, "g2": -4.746245442376476, "g3": 1.1678050567372718, "g4": 1.1510093933223542, "g5": 0.03695000200427866, "g6": 0.17360973372249805, "g7": 1.5662689390068971, "i0": 4.001454583174616, "i1": 0.6994847206300794, "i2": -6.711390896023948, "i3": 1.0155174084135357, "i4": 1.049971925087169, "i5": -0.030678041260431495, "i6": 0.18931006882377324, "i7": 1.5129676929258524, "r0": 2.7772132200798594, "r1": 0.4038162036326915, "r2": -8.85351984660341, "r3": 0.9583454249905229, "r4": 1.0414683627584311, "r5": 0.6057666710228239, "r6": 0.3961863865307941, "r7": 1.3776151026591315}, "datetime": {"datetime": "2020-01-19 07:33:06", "elapsed": 56425.330677, "delta": 49.840582}}
{"target": 21.0, "params": {"d0": 3.8711118016315615, "d1": -1.277530335492801, "d2": 1.134604165072814, "g0": 0.7170415205172112, "g1": 0.4535264382610737, "g2": -5.088319326269012, "g3": 1.203016374612706, "g4": 1.1905764592416532, "g5": 0.10212847154181144, "g6": 0.06836512215337036, "g7": 1.7615475963455534, "i0": 4.00623025786015, "i1": 0.7118205975927856, "i2": -6.572148028949394, "i3": 0.9342744149887077, "i4": 1.0028746109293547, "i5": -0.16296385175907702, "i6": -0.035817744607790254, "i7": 1.6704553755692058, "r0": 2.4157381376771783, "r1": 0.42195680685767345, "r2": -8.858617080241665, "r3": 1.0295701682010387, "r4": 1.119409865799643, "r5": 0.4625573398729183, "r6": 0.24627969989552526, "r7": 1.446449463809601}, "datetime": {"datetime": "2020-01-19 07:34:00", "elapsed": 56479.138962, "delta": 53.808285}}
{"target": 19.8, "params": {"d0": 3.957982576093983, "d1": -1.6417574788273972, "d2": 0.9107187698294391, "g0": 0.4945796949028799, "g1": 0.48028490706920074, "g2": -4.944392519163022, "g3": 1.2151973690426632, "g4": 1.1103789502286983, "g5": -0.05189300739518754, "g6": 0.21420244770023425, "g7": 1.3622607941080975, "i0": 3.766713507617173, "i1": 0.5750282230787308, "i2": -6.259218689869409, "i3": 1.1356257258832418, "i4": 1.1791373936312741, "i5": -0.17879320154327139, "i6": 0.2574300355342827, "i7": 1.575016202171747, "r0": 1.959067053313959, "r1": 0.4552580859197632, "r2": -8.565142234893766, "r3": 1.1601389726779223, "r4": 1.1206713996549151, "r5": 0.4388826933761523, "r6": 0.17170370182147338, "r7": 1.602983255570316}, "datetime": {"datetime": "2020-01-19 07:35:03", "elapsed": 56541.988396, "delta": 62.849434}}
{"target": 20.55, "params": {"d0": 3.4517396497999457, "d1": -9.271086011068302, "d2": 0.7978141880832628, "g0": 0.8587667391577591, "g1": 0.4702002803303954, "g2": -5.531421965102387, "g3": 1.5, "g4": 1.0374219887371652, "g5": -0.27529214026093024, "g6": 0.040274373100363456, "g7": 1.6969978435169935, "i0": 4.379852760034581, "i1": 0.7438514643133635, "i2": -5.672651106535197, "i3": 1.0077124988650765, "i4": 1.1540106255740148, "i5": 0.11477390642274281, "i6": -0.27645572114687705, "i7": 1.6262122571530473, "r0": 1.8094855511353127, "r1": 0.6227982637263615, "r2": -1.8877833775346933, "r3": 1.3902866735103583, "r4": 0.966917942519394, "r5": -0.49002534331330133, "r6": 0.14643658140287555, "r7": 1.5908388745490925}, "datetime": {"datetime": "2020-01-19 07:35:51", "elapsed": 56590.824005, "delta": 48.835609}}
{"target": 19.3, "params": {"d0": 4.127603873291075, "d1": -0.712588260928964, "d2": 0.7758205339353664, "g0": 0.011198424419817665, "g1": 0.28777931340441165, "g2": -5.08959211908656, "g3": 1.2991774109923755, "g4": 0.9416190575697395, "g5": -0.019454512383787703, "g6": 0.14202746615069728, "g7": 1.7708017027351388, "i0": 4.544946316625217, "i1": 0.5063025910625157, "i2": -6.704882752892375, "i3": 0.9845456321792019, "i4": 1.2065536890926971, "i5": 0.27813895526383714, "i6": 0.4712392026192955, "i7": 1.7557413165843179, "r0": 1.5054448796802244, "r1": 0.004011248749046681, "r2": -9.307987127068456, "r3": 1.318495082053394, "r4": 1.2294388942535048, "r5": 0.2863151516049258, "r6": -0.28094554715831727, "r7": 1.93475922423826}, "datetime": {"datetime": "2020-01-19 07:36:51", "elapsed": 56650.38754, "delta": 59.563535}}
{"target": 19.45, "params": {"d0": 2.8506275845401046, "d1": -0.8569772478756281, "d2": 0.9789241444684766, "g0": 0.06301448502407547, "g1": 0.6788537379257973, "g2": -5.742514812430795, "g3": 1.0525343280169117, "g4": 0.8346868570399623, "g5": -0.4447208961500444, "g6": 0.21965158325366785, "g7": 1.8063300495217316, "i0": 4.243134305707658, "i1": 0.6407340490620917, "i2": -6.814471572346993, "i3": 1.390202291841817, "i4": 0.8105906683564961, "i5": -0.41610980819669, "i6": 0.2683967657604035, "i7": 1.4862704838942835, "r0": 2.1513272781610784, "r1": 0.3487508909736735, "r2": -8.064650787194553, "r3": 1.38368119655564, "r4": 1.060727839341767, "r5": -0.03183267585076843, "r6": 0.3847521514197707, "r7": 1.503540634204032}, "datetime": {"datetime": "2020-01-19 07:37:43", "elapsed": 56702.898406, "delta": 52.510866}}
{"target": 19.65, "params": {"d0": 3.5585898197714636, "d1": -1.8346432216528914, "d2": 0.9950631385870489, "g0": 0.21015781864299588, "g1": 0.9260265827303926, "g2": -4.137372572422699, "g3": 0.8548509006764791, "g4": 1.0145587149828545, "g5": -0.6751013662662375, "g6": 0.25203476101763445, "g7": 1.6659216672934076, "i0": 3.7446642837959, "i1": 0.6776538797336261, "i2": -6.2744091082401265, "i3": 1.2675778924421004, "i4": 0.8294962121068254, "i5": -0.13556676629318765, "i6": -0.35475936088069526, "i7": 1.2126105917982868, "r0": 3.091047254235689, "r1": 0.6269213470576, "r2": -9.587775086246317, "r3": 0.9497788678654137, "r4": 1.1272117890858293, "r5": -0.29833451345975315, "r6": 0.5242225142725356, "r7": 1.1108399477027486}, "datetime": {"datetime": "2020-01-19 07:38:44", "elapsed": 56763.043989, "delta": 60.145583}}
{"target": 20.9, "params": {"d0": 3.4452027991418075, "d1": -9.25617153107408, "d2": 0.9183498131654727, "g0": 0.4943997071898006, "g1": 0.2586309323819254, "g2": -4.57212627805291, "g3": 1.0683501092581034, "g4": 1.179046169595713, "g5": -0.49982397432300435, "g6": 0.11632403723785076, "g7": 1.8091151127115854, "i0": 3.223216594022394, "i1": 0.4585189894142895, "i2": -6.546405408618148, "i3": 1.1512912042853043, "i4": 1.0282822631880209, "i5": -0.00900729645756785, "i6": -0.3177758513371025, "i7": 1.5123263239887548, "r0": 2.800444051005659, "r1": 0.3403404588640381, "r2": -3.69729553751245, "r3": 0.9271811102369113, "r4": 1.0764039478389575, "r5": 0.11711123748614831, "r6": 0.6722721886395134, "r7": 1.7795381045703322}, "datetime": {"datetime": "2020-01-19 07:39:44", "elapsed": 56823.361774, "delta": 60.317785}}
{"target": 19.95, "params": {"d0": 3.259699626973875, "d1": -0.7870068297620971, "d2": 0.8521816405498766, "g0": 1.1405079297084753, "g1": 0.6918451216885129, "g2": -5.234990707995417, "g3": 1.2679251224478627, "g4": 1.1824708102183177, "g5": 0.24938033998135695, "g6": 0.39882405606280313, "g7": 1.975330400075925, "i0": 2.9317022888638724, "i1": 0.38783389230691134, "i2": -7.796304396793163, "i3": 1.4224688070292548, "i4": 1.1143938611972932, "i5": -0.027484893300554536, "i6": 0.7020000538629002, "i7": 1.3256873209212012, "r0": 4.781302639310656, "r1": 0.4959717203599968, "r2": -9.731573186979483, "r3": 1.4397330726120814, "r4": 1.1825108605255044, "r5": -0.1895575395903735, "r6": -0.35999943925100186, "r7": 1.117445424405057}, "datetime": {"datetime": "2020-01-19 07:40:34", "elapsed": 56873.714749, "delta": 50.352975}}
{"target": 20.2, "params": {"d0": 3.171724307693087, "d1": -2.1690823458503794, "d2": 0.9038542352018665, "g0": 0.803132338057395, "g1": 0.8174485666549696, "g2": -6.037769019615574, "g3": 0.8552380935906575, "g4": 1.0772838853255464, "g5": 0.0677938741749076, "g6": 0.3739824461203344, "g7": 1.2791494294772265, "i0": 2.6457971840566117, "i1": 0.47093587959904626, "i2": -6.998782550559377, "i3": 1.300736896758618, "i4": 1.001173842897279, "i5": 0.2150427504639781, "i6": 0.06292689388845643, "i7": 1.1167548328912755, "r0": 2.608377314213483, "r1": 0.18053134484771166, "r2": -8.399734977550574, "r3": 0.9018527017190108, "r4": 1.2496501419369044, "r5": 0.4426318536901652, "r6": 0.36703170558228826, "r7": 1.3999734167130724}, "datetime": {"datetime": "2020-01-19 07:41:25", "elapsed": 56924.809668, "delta": 51.094919}}
{"target": 20.55, "params": {"d0": 2.964616121646484, "d1": -2.1485632259428256, "d2": 0.7251235713922857, "g0": 0.08671103225855292, "g1": 0.2299162891256351, "g2": -5.564030394320536, "g3": 1.3723469172017762, "g4": 1.1462081935156256, "g5": -0.044546469274923894, "g6": 0.07989533809728999, "g7": 1.2233583881468173, "i0": 3.441905919923643, "i1": 0.3615138962385839, "i2": -5.335110063707569, "i3": 1.0091420356852658, "i4": 1.0974159421053422, "i5": -0.5715735048617954, "i6": -0.07045607486320915, "i7": 1.249506766616778, "r0": 3.2054595387075695, "r1": 0.6655424293315924, "r2": -8.9021624417458, "r3": 1.463069362356337, "r4": 1.1186426836736496, "r5": 0.3369197775981305, "r6": 0.26227027253475166, "r7": 1.9805234706589938}, "datetime": {"datetime": "2020-01-19 07:42:16", "elapsed": 56975.47221, "delta": 50.662542}}
{"target": 20.95, "params": {"d0": 3.6312861926236946, "d1": -1.5157995593225484, "d2": 1.0206841029761846, "g0": 0.44056423794393135, "g1": 0.6528116075333482, "g2": -4.6124907652103015, "g3": 1.1766819452500206, "g4": 0.9013029609995878, "g5": -0.04360646639567214, "g6": 0.14759174948402656, "g7": 1.488310805780958, "i0": 3.773336553468943, "i1": 0.5496550045097475, "i2": -6.415006670141079, "i3": 1.0590635852622188, "i4": 1.0406071726536623, "i5": -0.01763458585062075, "i6": 0.22256648114090746, "i7": 1.4951552986423424, "r0": 3.330061386774395, "r1": 0.5013459004097641, "r2": -8.575431731317037, "r3": 1.1445231364771984, "r4": 1.0493511503851694, "r5": 0.3778932639637733, "r6": 0.22501415287999404, "r7": 1.5442061214834655}, "datetime": {"datetime": "2020-01-19 07:43:08", "elapsed": 57027.908852, "delta": 52.436642}}
{"target": 19.5, "params": {"d0": 3.5183552509078364, "d1": -1.5362346591966822, "d2": 0.9999242616059612, "g0": 0.4691584893804219, "g1": 0.3214662805008273, "g2": -6.505509472779905, "g3": 1.0671318322665082, "g4": 0.9666590904022883, "g5": -0.05301967334481544, "g6": 0.10524530183945904, "g7": 1.4193850172236413, "i0": 3.9391900031668534, "i1": 0.5195240297411964, "i2": -6.38490134367034, "i3": 0.9147678411438162, "i4": 0.920188216873209, "i5": -0.23857553557835856, "i6": 0.15695513518421494, "i7": 1.6378186618565165, "r0": 1.2743233532824079, "r1": 0.09874415558511443, "r2": -8.719206534657413, "r3": 1.1930126507455376, "r4": 1.0494879773174868, "r5": 0.23681430362284922, "r6": 0.2199364926480966, "r7": 1.540674983049868}, "datetime": {"datetime": "2020-01-19 07:44:04", "elapsed": 57083.161644, "delta": 55.252792}}
