{"target": 13.45, "params": {"d0": 4.674590685709984, "d1": -7.064049374808011, "d2": 0.9970331895356268, "g0": 3.0289575309214807, "g1": 0.710475797017116, "g2": -3.218077034499295, "g3": 1.2176672823624641, "g4": 1.2193451690262127, "g5": -0.28815125599892044, "g6": -0.04659344087722739, "g7": 1.3709625948885902, "i0": 4.463295858310886, "i1": 0.2969634747226172, "i2": -3.5023609983061643, "i3": 0.8006598170949069, "i4": 1.2908055095489708, "i5": -0.411337682761314, "i6": -0.17601707975468728, "i7": 1.7118467948880527, "r0": 2.4197357571430467, "r1": 0.7817919942800581, "r2": -0.006272614208720384, "r3": 1.2348283115900907, "r4": 0.9330096027223069, "r5": -0.21107680005670226, "r6": -0.2747962909340934, "r7": 1.4198711232618249}, "datetime": {"datetime": "2020-01-18 06:50:38", "elapsed": 36225.184459, "delta": 33.149149}}
{"target": 14.75, "params": {"d0": 1.7402895450733968, "d1": -4.30587110246747, "d2": 0.7714832911099827, "g0": 3.1196409208808307, "g1": 0.8214313219715806, "g2": -6.337896960856223, "g3": 1.1436640416138344, "g4": 1.221381629350446, "g5": 0.4300328332284651, "g6": 0.21918909126878283, "g7": 0.9597392859174779, "i0": 3.3812301980397255, "i1": 0.7108486136990266, "i2": -2.1026218358983257, "i3": 1.2014408754273709, "i4": 0.9427412845771305, "i5": 0.7753844577537137, "i6": 0.7973114551215505, "i7": 1.4112427583463676, "r0": 2.4785064615509884, "r1": 0.7806152298079341, "r2": -6.46053625957646, "r3": 1.4390669507030156, "r4": 0.9850218339747431, "r5": -0.7824237476352824, "r6": -0.21817018231263535, "r7": 1.9380539074674945}, "datetime": {"datetime": "2020-01-18 06:51:09", "elapsed": 36256.110878, "delta": 30.926419}}
{"target": 3.0, "params": {"d0": 4.314043543345286, "d1": -6.778858223159922, "d2": 1.067965692320914, "g0": 4.740650377919135, "g1": 0.9120032131134367, "g2": -8.110973088777577, "g3": 1.2057093178947604, "g4": 1.0445650843566794, "g5": -0.05011790934238769, "g6": 0.6021567435504636, "g7": 1.7027307381423311, "i0": 4.808026270582721, "i1": 0.7405231942378749, "i2": -3.3120915200125376, "i3": 1.2258844385930785, "i4": 0.8383130301743309, "i5": 0.3317433767863611, "i6": 0.6808178808547325, "i7": 1.5085159454510126, "r0": 4.747244836829052, "r1": 0.0920618187798985, "r2": -2.308720992041734, "r3": 0.8224443006010336, "r4": 1.0353010877490525, "r5": 0.682229269650255, "r6": 0.5266079651986277, "r7": 1.5748939310442263}, "datetime": {"datetime": "2020-01-18 06:51:44", "elapsed": 36290.801954, "delta": 34.691076}}
{"target": 10.15, "params": {"d0": 2.6099792304754974, "d1": -4.882812780779022, "d2": 0.9202990111401885, "g0": 4.302840770950239, "g1": 0.40465277919579257, "g2": -7.262003332602834, "g3": 0.8794738772879539, "g4": 1.2178990253670938, "g5": 0.7043218636330804, "g6": 0.3341261000281698, "g7": 1.0119831179401342, "i0": 3.487341741583056, "i1": 0.38810660197871705, "i2": -6.225342612940519, "i3": 1.4583932097593961, "i4": 1.1023393557578323, "i5": -0.7316175282972361, "i6": -0.3895079698584402, "i7": 1.6970961657932575, "r0": 3.8540485811632963, "r1": 0.04531038864100845, "r2": -8.207795327043126, "r3": 1.0333713482161517, "r4": 1.2428760042862494, "r5": -0.2088172983467972, "r6": 0.9190571639719629, "r7": 1.5350768715250378}, "datetime": {"datetime": "2020-01-18 06:52:11", "elapsed": 36318.214963, "delta": 27.413009}}
{"target": 7.05, "params": {"d0": 2.2749608160070203, "d1": -7.767047430289489, "d2": 0.8584712132251071, "g0": 3.255916144232792, "g1": 0.07068730555904001, "g2": -0.19336082561616408, "g3": 1.484451194910077, "g4": 1.0894443687306905, "g5": 0.5247000956715244, "g6": -0.041207092910497345, "g7": 1.7311620103835788, "i0": 2.486476025642875, "i1": 0.5769065215128178, "i2": -5.99978680562021, "i3": 1.0045284578895028, "i4": 0.9310067704353557, "i5": -0.3694365845394719, "i6": 0.9554785044811156, "i7": 1.899633787304567, "r0": 0.9718550757964994, "r1": 0.045317058311367675, "r2": -5.527918082208184, "r3": 1.0627266728295943, "r4": 1.083082300644601, "r5": -0.19768588182868851, "r6": -0.258350844023808, "r7": 1.1500277336061284}, "datetime": {"datetime": "2020-01-18 06:52:31", "elapsed": 36337.284986, "delta": 19.070023}}
{"target": 9.2, "params": {"d0": 0.30258423315347893, "d1": -9.054451532843927, "d2": 0.8303369138202913, "g0": 4.361065730162768, "g1": 0.0955744026153168, "g2": -9.511347243217097, "g3": 0.8688160845486996, "g4": 1.1858481006428183, "g5": -0.4134078956923853, "g6": -0.05428340149093108, "g7": 1.6395170540642037, "i0": 3.8234474452275973, "i1": 0.9061483139461466, "i2": -8.79775167982672, "i3": 0.9994836156225031, "i4": 1.2965417527102892, "i5": 0.649541892596502, "i6": 0.06835395324473303, "i7": 1.2606399947790081, "r0": 2.848195678208438, "r1": 0.2526806576906576, "r2": -2.647795078030591, "r3": 1.445586421278986, "r4": 0.917717156589644, "r5": 0.29164296056367145, "r6": -0.42549277284883286, "r7": 1.8865490348888454}, "datetime": {"datetime": "2020-01-18 06:53:11", "elapsed": 36377.374052, "delta": 40.089066}}
{"target": 13.5, "params": {"d0": 0.2511514632820555, "d1": -2.3164473153488156, "d2": 1.3515444639396859, "g0": 4.082602361790001, "g1": 0.6018895629192716, "g2": -8.942466831415052, "g3": 1.33301522970167, "g4": 0.8737162101014759, "g5": 0.46746230579189785, "g6": 0.7017162585179557, "g7": 1.0983944370370216, "i0": 2.0914379261810714, "i1": 0.4778377924954915, "i2": -2.1725141263211203, "i3": 1.3654335989706112, "i4": 0.9074847922072361, "i5": -0.13105414921052072, "i6": 0.7383989519802836, "i7": 1.564181935813357, "r0": 0.8504846110319009, "r1": 0.616486555503991, "r2": -9.191373149687479, "r3": 1.284101421687276, "r4": 1.1838180436337566, "r5": 0.39037321102041345, "r6": 0.12835787449397762, "r7": 1.7525030771381394}, "datetime": {"datetime": "2020-01-18 06:53:54", "elapsed": 36420.973017, "delta": 43.598965}}
{"target": 14.0, "params": {"d0": 0.3450340792617018, "d1": -3.9653222658571945, "d2": 1.3802522779704312, "g0": 1.9283398658461615, "g1": 0.24655627547846037, "g2": -0.4704794537013264, "g3": 0.9300067966634584, "g4": 0.8783170652415487, "g5": 0.3262677067183326, "g6": 0.0621315740403936, "g7": 1.8508460435230516, "i0": 3.548452487071189, "i1": 0.7215578964821697, "i2": -1.837660199003853, "i3": 1.4968647398407409, "i4": 0.869462593593539, "i5": -0.5325752606138769, "i6": -0.4817217580416036, "i7": 0.9290093364052533, "r0": 0.4560309492565262, "r1": 0.37076386106552894, "r2": -5.012299000593546, "r3": 0.7369386197692062, "r4": 0.946642362792343, "r5": 0.12550822155706576, "r6": 0.9804413713850468, "r7": 1.7032862071852912}, "datetime": {"datetime": "2020-01-18 06:54:37", "elapsed": 36463.318774, "delta": 42.345757}}
{"target": 10.75, "params": {"d0": 4.670745457275187, "d1": -6.354871229379929, "d2": 1.1311440379732627, "g0": 1.1374623425717756, "g1": 0.40189197519115616, "g2": -2.566961832111666, "g3": 1.010481700729057, "g4": 1.0079816703370568, "g5": -0.21871621687220844, "g6": 0.35008195066462755, "g7": 1.3456024351294542, "i0": 3.6560556023622044, "i1": 0.16850523533401007, "i2": -1.5459333573300427, "i3": 0.8962062897665146, "i4": 1.1664714156901579, "i5": -0.08407949990049857, "i6": 0.55917467349951, "i7": 1.0123555145541556, "r0": 0.7497282813115669, "r1": 0.6791581211975064, "r2": -0.27129583482901154, "r3": 0.7619933271538636, "r4": 1.2780651890269317, "r5": -0.39028526912290273, "r6": -0.22646470406249425, "r7": 1.6114445040654461}, "datetime": {"datetime": "2020-01-18 06:54:56", "elapsed": 36482.471227, "delta": 19.152453}}
{"target": 12.8, "params": {"d0": 2.278498699501898, "d1": -5.098202652764771, "d2": 1.3056597344906575, "g0": 3.0201240337201885, "g1": 0.20692145388873218, "g2": -1.0085087545011149, "g3": 0.7676909102831435, "g4": 0.8041657345805401, "g5": -0.11120331952128792, "g6": 0.6873595132566801, "g7": 1.7841212452078916, "i0": 0.8956282066652782, "i1": 0.08188630832341426, "i2": -2.6782240498463485, "i3": 0.9987517335299649, "i4": 1.2541638685503678, "i5": 0.1729779281517816, "i6": 0.4802404339695676, "i7": 1.1722812881020939, "r0": 2.05415461849858, "r1": 0.11868296168571046, "r2": -1.7985959292130946, "r3": 0.7872996165899366, "r4": 0.9322911112769487, "r5": 0.7997800427955546, "r6": 0.20228043153716024, "r7": 1.1078981904462513}, "datetime": {"datetime": "2020-01-18 06:55:32", "elapsed": 36518.324115, "delta": 35.852888}}
{"target": 12.7, "params": {"d0": 4.971521235068188, "d1": -9.897598110085905, "d2": 1.1927400954859033, "g0": 4.937730244787224, "g1": 0.34427283471435755, "g2": -3.872995999270011, "g3": 0.7272245650489108, "g4": 1.2061017007928676, "g5": -0.5748837848997971, "g6": -0.23576600694851912, "g7": 1.0566630959403578, "i0": 0.4924969247281785, "i1": 0.8926253363607116, "i2": -9.293901125028793, "i3": 1.4829384771587173, "i4": 1.0217384496050808, "i5": 0.7738089115288562, "i6": 0.2478978404063641, "i7": 1.9768509170678614, "r0": 2.036433021901373, "r1": 0.3383098689371836, "r2": -4.5516201680455035, "r3": 1.1191910708621653, "r4": 1.064969574411861, "r5": -0.08766561784939653, "r6": -0.49170265773148963, "r7": 1.2786222101408953}, "datetime": {"datetime": "2020-01-18 06:56:06", "elapsed": 36553.187014, "delta": 34.862899}}
{"target": 14.95, "params": {"d0": 3.1933852088344117, "d1": -4.349539536769012, "d2": 1.0650343334215542, "g0": 2.3974967126754514, "g1": 0.20442460401039975, "g2": -8.445276014441454, "g3": 0.8115108021892047, "g4": 1.1203311291027649, "g5": -0.16328511259679446, "g6": 0.25530639941637534, "g7": 1.30536240166321, "i0": 2.444793868319441, "i1": 0.7925959362267816, "i2": -7.971129494296465, "i3": 1.027932276230635, "i4": 0.8450953705808038, "i5": -0.0593316593789861, "i6": 0.6432652096396372, "i7": 1.1000423339008396, "r0": 2.2403736728024626, "r1": 0.25886758799526655, "r2": -9.294603859724704, "r3": 0.997737447758716, "r4": 1.2230850851766837, "r5": 0.3735084683222487, "r6": 0.007183120147228994, "r7": 1.608716911140811}, "datetime": {"datetime": "2020-01-18 06:56:33", "elapsed": 36580.168961, "delta": 26.981947}}
{"target": 10.25, "params": {"d0": 0.1961258614354905, "d1": -3.1140067031809213, "d2": 1.0005725892256478, "g0": 0.8097734737558493, "g1": 0.8229049237730665, "g2": -1.8513836319884884, "g3": 0.7427154955884223, "g4": 0.8288637103299779, "g5": 0.7744691735379396, "g6": 0.42747170089802367, "g7": 1.2501762154555032, "i0": 2.2259570760984007, "i1": 0.39674747225379803, "i2": -0.14045647680806894, "i3": 1.4269922587477966, "i4": 1.1494344349104602, "i5": -0.13955870100684353, "i6": -0.49465316409053883, "i7": 1.0099685529810922, "r0": 3.9207305782359665, "r1": 0.8145828918410103, "r2": -0.7287466412056212, "r3": 1.3438821791610995, "r4": 1.2887055796828966, "r5": -0.24471441966831176, "r6": -0.4205338527415021, "r7": 1.0465181647826554}, "datetime": {"datetime": "2020-01-18 06:57:21", "elapsed": 36627.301834, "delta": 47.132873}}
{"target": 9.3, "params": {"d0": 0.04105531539146112, "d1": -0.5704169581698117, "d2": 1.4634622731815816, "g0": 2.4454739465447672, "g1": 0.628554396481791, "g2": -2.27509010161409, "g3": 0.7933240906704019, "g4": 0.817085695053809, "g5": 0.09437486459215683, "g6": 0.8206423392628748, "g7": 1.48921200363303, "i0": 2.3442475226134856, "i1": 0.09622726893267775, "i2": -0.0024263809213902476, "i3": 1.3334139146927306, "i4": 1.0663133619141045, "i5": 0.4384893424128573, "i6": 0.7680151012825414, "i7": 1.5106056166801667, "r0": 0.7493894398606837, "r1": 0.7721446102885435, "r2": -6.6305910094451495, "r3": 0.9254567760780271, "r4": 1.052996281627616, "r5": 0.6578740097964926, "r6": 0.6562100395637187, "r7": 1.7674582192619883}, "datetime": {"datetime": "2020-01-18 06:57:53", "elapsed": 36659.341118, "delta": 32.039284}}
{"target": 12.0, "params": {"d0": 3.766347120816599, "d1": -2.3189782027401566, "d2": 1.3429509059298155, "g0": 3.6427679629253484, "g1": 0.5804650528975224, "g2": -4.882877707839438, "g3": 1.3425119959438905, "g4": 1.0968147782817073, "g5": -0.4878787666607638, "g6": 0.173635694703008, "g7": 1.0494718972024915, "i0": 1.88438998832127, "i1": 0.15024814997004798, "i2": -3.162572172889469, "i3": 0.721484546792504, "i4": 1.0734931883489234, "i5": -0.09012469523389977, "i6": -0.41516992109446954, "i7": 1.848640467565539, "r0": 3.458768552892031, "r1": 0.2896223865350106, "r2": -0.7040888263792677, "r3": 1.1794626635762446, "r4": 1.2104237650215324, "r5": -0.7698750032781148, "r6": -0.06954192995668401, "r7": 1.277751786087561}, "datetime": {"datetime": "2020-01-18 06:58:25", "elapsed": 36691.394884, "delta": 32.053766}}
{"target": 1.55, "params": {"d0": 0.5964398646124852, "d1": -3.244005231340328, "d2": 0.9219227427953864, "g0": 3.2713080512024417, "g1": 0.9320234564877508, "g2": -4.082116712768765, "g3": 0.9958800885235863, "g4": 0.9155768755262321, "g5": 0.28433254044164924, "g6": 0.35788137182713153, "g7": 1.7441165201340376, "i0": 4.235651272370864, "i1": 0.7121286463500316, "i2": -5.5144388181863295, "i3": 0.7721618614326874, "i4": 0.8523264955740415, "i5": -0.37118384727667686, "i6": 0.764751285041738, "i7": 1.6380624605355878, "r0": 4.471120085348513, "r1": 0.49554688826527915, "r2": -5.763122701300826, "r3": 1.143888244248205, "r4": 0.8546438208259406, "r5": -0.5292107951583823, "r6": 0.022515818606389182, "r7": 1.4204996354942416}, "datetime": {"datetime": "2020-01-18 06:59:11", "elapsed": 36737.640647, "delta": 46.245763}}
{"target": 16.4, "params": {"d0": 0.24487056230795778, "d1": -3.4057124530500937, "d2": 1.2867449959067723, "g0": 1.4271764345110567, "g1": 0.35860244463025615, "g2": -4.070869983536224, "g3": 0.7371065211785399, "g4": 1.247256319639162, "g5": 0.488872451624752, "g6": -0.3538207904948613, "g7": 1.5799009653342764, "i0": 2.0794807713028645, "i1": 0.8296487277607371, "i2": -5.677174883559701, "i3": 0.8575774755588769, "i4": 0.8953927392417274, "i5": -0.2994176210388023, "i6": 0.7141986538761345, "i7": 1.3605689587044305, "r0": 3.1675393033106984, "r1": 0.6340311093949438, "r2": -9.550118356428731, "r3": 1.4034260075997285, "r4": 1.0902342963147573, "r5": -0.2497966102417637, "r6": 0.5509681010294694, "r7": 1.9692505278746637}, "datetime": {"datetime": "2020-01-18 06:59:46", "elapsed": 36772.285778, "delta": 34.645131}}
{"target": 1.85, "params": {"d0": 1.200003396687475, "d1": -0.857408055188392, "d2": 0.8485901825959198, "g0": 4.239320702799983, "g1": 0.41263374518464313, "g2": -6.202153974721755, "g3": 1.0881898335382831, "g4": 0.9721806774080173, "g5": -0.46851806697671833, "g6": 0.7986142612554563, "g7": 1.336387522574235, "i0": 4.032669785274477, "i1": 0.8612081136444405, "i2": -0.5514403836701991, "i3": 0.9295716331724364, "i4": 1.1138551770800431, "i5": 0.5797493928056718, "i6": -0.45046897998305235, "i7": 1.1496268265395724, "r0": 3.3651609747842297, "r1": 0.000934045672556727, "r2": -9.202795271832803, "r3": 1.013848013618049, "r4": 0.8691868812152439, "r5": -0.6573771026453074, "r6": 0.49022081378518645, "r7": 1.919410108540871}, "datetime": {"datetime": "2020-01-18 07:00:25", "elapsed": 36811.824402, "delta": 39.538624}}
{"target": 14.3, "params": {"d0": 4.82500447855583, "d1": -4.836292358015775, "d2": 0.8145492128363433, "g0": 2.9232016429579897, "g1": 0.8593738824596097, "g2": -2.0528357781061324, "g3": 1.2163568418583055, "g4": 1.1475364631419709, "g5": -0.6810059441720505, "g6": 0.8417590483229045, "g7": 1.7413566697344884, "i0": 3.3049347086634127, "i1": 0.7032270406989493, "i2": -6.471634706801947, "i3": 0.957889545625166, "i4": 1.2196775440563958, "i5": -0.6079061010059799, "i6": 0.6688753786256514, "i7": 1.3688330900974162, "r0": 4.749370748291163, "r1": 0.506688206903787, "r2": -4.825608933693846, "r3": 0.8087511435722372, "r4": 1.262959453889101, "r5": -0.0784540375241416, "r6": 0.6932901256929045, "r7": 1.0682615812237506}, "datetime": {"datetime": "2020-01-18 07:00:52", "elapsed": 36839.222926, "delta": 27.398524}}
{"target": 14.75, "params": {"d0": 3.7991238909014458, "d1": -6.138273036327632, "d2": 1.447568859368224, "g0": 0.5307181774664721, "g1": 0.6794676565568253, "g2": -5.466948676933297, "g3": 0.9144489698820205, "g4": 0.9272812121694626, "g5": 0.6563496076936282, "g6": 0.07248830871137768, "g7": 0.9361222997088876, "i0": 2.3739843828395135, "i1": 0.5215113030973371, "i2": -4.833788652438798, "i3": 0.7822625120944137, "i4": 0.9802866413986768, "i5": 0.06070141030004872, "i6": 0.32177651214499003, "i7": 1.6853199449636653, "r0": 1.2538267568986294, "r1": 0.3001603786178376, "r2": -4.399900051788541, "r3": 1.4108817625620027, "r4": 1.0414079741289741, "r5": -0.4912869898743637, "r6": -0.4129097279440349, "r7": 1.0844924070798527}, "datetime": {"datetime": "2020-01-18 07:01:31", "elapsed": 36877.296048, "delta": 38.073122}}
{"target": 10.3, "params": {"d0": 4.869696618011972, "d1": -7.413230010592649, "d2": 1.0015309011097464, "g0": 3.007466211003636, "g1": 0.5115251867635985, "g2": -3.6677116302600457, "g3": 0.7553839095072943, "g4": 1.0719453760128588, "g5": -0.7386052153502265, "g6": -0.05008684705218602, "g7": 1.9831566187793648, "i0": 3.484531475694878, "i1": 0.4983526555847735, "i2": -6.23867440906639, "i3": 0.9919322515634357, "i4": 0.8142524785668834, "i5": 0.08613829549553231, "i6": -0.21964491600555164, "i7": 1.7700454156860572, "r0": 4.690466581949407, "r1": 0.10873778121649935, "r2": -4.906177323426832, "r3": 1.1693585211390283, "r4": 1.290410982732443, "r5": -0.004562710167012818, "r6": 0.8459538887219176, "r7": 1.7199173290233571}, "datetime": {"datetime": "2020-01-18 07:01:58", "elapsed": 36904.799463, "delta": 27.503415}}
{"target": 14.2, "params": {"d0": 1.4429329359393261, "d1": -3.0809521150076584, "d2": 0.7700198724727901, "g0": 4.472348932609156, "g1": 0.7383605794376112, "g2": -1.6957393627798503, "g3": 1.2800770789276301, "g4": 1.1985895618809197, "g5": -0.7042007945830578, "g6": 0.07766627272860216, "g7": 1.9052416853883218, "i0": 2.1029424410379676, "i1": 0.7214266301621968, "i2": -9.428796565917647, "i3": 0.7917230608617374, "i4": 1.2964162243902528, "i5": 0.6403178919397663, "i6": -0.13288067801399195, "i7": 1.5233964354616116, "r0": 4.388091730798026, "r1": 0.8679379000123507, "r2": -4.4083990994535425, "r3": 1.3477863132834678, "r4": 0.9176289306747663, "r5": -0.25339857908222585, "r6": -0.4861589015661642, "r7": 1.8879256899137524}, "datetime": {"datetime": "2020-01-18 07:02:31", "elapsed": 36937.939609, "delta": 33.140146}}
{"target": 7.2, "params": {"d0": 1.8604114850317177, "d1": -3.797651589877412, "d2": 0.7738525904962139, "g0": 2.6076875335076855, "g1": 0.05488599341317757, "g2": -6.843961516529593, "g3": 1.226300991617476, "g4": 0.9103829710614121, "g5": 0.4002951625688591, "g6": 0.5772113677032085, "g7": 1.374825687269326, "i0": 2.1796361958421433, "i1": 0.4771872055780255, "i2": -1.0882446303134579, "i3": 0.737044014926274, "i4": 0.8717561939868321, "i5": -0.19815236595274954, "i6": 0.5744479689183191, "i7": 1.2168610025579953, "r0": 3.968790791640488, "r1": 0.7852444434759903, "r2": -6.713233786142364, "r3": 1.3102767916781835, "r4": 1.1144824896707273, "r5": 0.5375835472840449, "r6": -0.47592603619169727, "r7": 1.0020189005948508}, "datetime": {"datetime": "2020-01-18 07:03:02", "elapsed": 36968.849054, "delta": 30.909445}}
{"target": 11.05, "params": {"d0": 0.561843306303148, "d1": -3.7581005920254595, "d2": 0.8075841069056691, "g0": 0.18100510709713302, "g1": 0.2679949798151381, "g2": -0.5028696189293562, "g3": 1.0516915446756274, "g4": 1.20024217278409, "g5": -0.30475044139923324, "g6": 0.629008404959926, "g7": 1.7987434029888139, "i0": 3.5564401922539575, "i1": 0.9180842772862459, "i2": -7.193112628862853, "i3": 1.1548836133311235, "i4": 0.9480358820694328, "i5": -0.08509454532016592, "i6": -0.1921591276737476, "i7": 1.1527743036931775, "r0": 1.6817414257486059, "r1": 0.9713765217058746, "r2": -7.25846297713021, "r3": 0.8543013773182557, "r4": 1.1123070427202613, "r5": -0.7614233321011188, "r6": -0.289381101562631, "r7": 1.324799224708189}, "datetime": {"datetime": "2020-01-18 07:03:26", "elapsed": 36992.923476, "delta": 24.074422}}
{"target": 18.65, "params": {"d0": 0.20649759977480586, "d1": -2.555473994955592, "d2": 1.073310353784182, "g0": 0.9798000807932478, "g1": 0.9053936724516216, "g2": -7.116638642605063, "g3": 1.0564718894120886, "g4": 1.2787812871523097, "g5": 0.3535731595971845, "g6": -0.05465877465883695, "g7": 1.269442655290401, "i0": 4.473781944291623, "i1": 0.9920364280981735, "i2": -6.304926518952815, "i3": 1.308419187263811, "i4": 0.8744500942498754, "i5": -0.2341779908980931, "i6": 0.1354581068223244, "i7": 1.6496483569867424, "r0": 4.036957139754636, "r1": 0.18559427329249623, "r2": -3.8554640143758654, "r3": 1.2106213307301383, "r4": 1.2082952320693918, "r5": 0.16526443347774467, "r6": 0.2631977483457305, "r7": 1.126969241854777}, "datetime": {"datetime": "2020-01-18 07:03:58", "elapsed": 37024.502226, "delta": 31.57875}}
{"target": 7.2, "params": {"d0": 0.832029425977861, "d1": -9.19471042417007, "d2": 0.8341010710645937, "g0": 2.5908481227665963, "g1": 0.5411592240437934, "g2": -8.252498036212387, "g3": 0.9884834403601876, "g4": 0.9503130509594861, "g5": -0.12823512568875728, "g6": -0.4121801860891455, "g7": 1.7025021628651034, "i0": 3.598757329959591, "i1": 0.13156665427385827, "i2": -9.197008548981744, "i3": 1.3756278518556613, "i4": 1.259875195089366, "i5": 0.5866123596504287, "i6": 0.15371995896874857, "i7": 1.6892473474998413, "r0": 0.07084429166854311, "r1": 0.6001411032632592, "r2": -4.408373507864494, "r3": 1.0551816772054396, "r4": 0.9324060059931374, "r5": -0.7996006437425177, "r6": -0.4626671713859178, "r7": 1.932461290779087}, "datetime": {"datetime": "2020-01-18 07:04:32", "elapsed": 37058.301709, "delta": 33.799483}}
