{"target": 16.05, "params": {"d0": 2.38980244610768, "d1": -8.170524137430776, "d2": 1.1882708892051426, "g0": 3.1013465228821815, "g1": 0.4096301850713838, "g2": -3.22794736112468, "g3": 0.8597364552884651, "g4": 1.2042909902423917, "g5": -0.7194565052709795, "g6": -0.24220721201988904, "g7": 1.9786625509765239, "i0": 4.501885897034082, "i1": 0.9397290211237066, "i2": -0.9155570665455208, "i3": 1.053133759962685, "i4": 1.2694020518169902, "i5": -0.4201384590900986, "i6": -0.42572853209181155, "i7": 1.5129904819202218, "r0": 1.5666011756225462, "r1": 0.5320773163972055, "r2": -5.283914305464259, "r3": 1.0865059276126285, "r4": 1.085038764677483, "r5": 0.6775076442481558, "r6": -0.14571125966112136, "r7": 1.8636881640092025}, "datetime": {"datetime": "2020-01-17 22:57:01", "elapsed": 7808.053361, "delta": 38.507687}}
{"target": 15.15, "params": {"d0": 3.669177166293215, "d1": -9.207892369968992, "d2": 1.3683099888024475, "g0": 1.9882200927261646, "g1": 0.3357381098211646, "g2": -9.996069968078375, "g3": 0.896644148788952, "g4": 1.1439731749337718, "g5": 0.5618762161818946, "g6": -0.1384257959457207, "g7": 1.3080337475610104, "i0": 0.7521166888261815, "i1": 0.8035001641072596, "i2": -2.829762765955042, "i3": 1.2603825499036194, "i4": 1.1394272620530543, "i5": 0.6272720065371489, "i6": 0.8245464885977631, "i7": 1.5879046333272122, "r0": 1.4438918851994758, "r1": 0.40310278532155364, "r2": -9.710427495447822, "r3": 1.4331872112017119, "r4": 1.143723866936016, "r5": 0.6530733176471983, "r6": -0.0468692943220983, "r7": 1.939309099356969}, "datetime": {"datetime": "2020-01-17 22:57:42", "elapsed": 7849.187848, "delta": 41.134487}}
{"target": 14.65, "params": {"d0": 4.320155858702664, "d1": -1.1398724091184889, "d2": 0.7001130641667415, "g0": 1.8862010946265468, "g1": 0.12232529228275513, "g2": -0.6719209353095366, "g3": 1.1109658020120663, "g4": 1.0446682067134525, "g5": -0.020926133065334085, "g6": 0.35543785153482255, "g7": 1.4989582608410426, "i0": 4.585554304316649, "i1": 0.8843845465271899, "i2": -2.162807407049155, "i3": 0.9581818686196567, "i4": 1.1922187107856708, "i5": -0.5677032398211331, "i6": 0.7903393002555439, "i7": 1.7502997157833713, "r0": 3.879835677843741, "r1": 0.5286986943613842, "r2": -5.498146333092321, "r3": 0.8813051941540033, "r4": 1.204339088534776, "r5": 0.7454865544990015, "r6": 0.31529795830053353, "r7": 1.8924282027521295}, "datetime": {"datetime": "2020-01-17 22:58:18", "elapsed": 7884.540256, "delta": 35.352408}}
{"target": 14.9, "params": {"d0": 1.4117522098730988, "d1": -4.822447486504739, "d2": 0.9625300715401306, "g0": 4.959005796033931, "g1": 0.2503166518227775, "g2": -3.2124451248850905, "g3": 1.3113616631997644, "g4": 0.816113319361216, "g5": 0.7716339653605244, "g6": -0.3630158902944232, "g7": 1.5754823151329131, "i0": 0.7467540541282525, "i1": 0.5207964967050822, "i2": -9.066549063996925, "i3": 1.324960351991805, "i4": 1.1864655086422753, "i5": 0.15703802388654875, "i6": -0.4781850206366555, "i7": 0.9462266425991053, "r0": 0.9048532870545883, "r1": 0.9720306709820733, "r2": -7.453998110694027, "r3": 1.3008070606905828, "r4": 0.9406176047829318, "r5": -0.3911702119418184, "r6": -0.11320439603206067, "r7": 1.2267582950611375}, "datetime": {"datetime": "2020-01-17 22:58:57", "elapsed": 7924.037919, "delta": 39.497663}}
{"target": 11.35, "params": {"d0": 0.04472302468568612, "d1": -0.12823817932075166, "d2": 1.1531685086578505, "g0": 3.009212056433961, "g1": 0.5382600708594458, "g2": -9.561624519613902, "g3": 1.0772163911190058, "g4": 1.0698382506042945, "g5": 0.27672926520297403, "g6": 0.30125200407514874, "g7": 0.9605795398852915, "i0": 3.1004949496818828, "i1": 0.5811752027766969, "i2": -4.54403674175866, "i3": 1.374625024170602, "i4": 1.0236933798519408, "i5": 0.16570471409317378, "i6": -0.31458067040173826, "i7": 1.1776171782922975, "r0": 4.251771628771504, "r1": 0.01622436248646686, "r2": -8.437490218970982, "r3": 1.35870797980773, "r4": 0.914668840739675, "r5": -0.3852880714590116, "r6": 0.5511859100090104, "r7": 1.9631778070418306}, "datetime": {"datetime": "2020-01-17 22:59:37", "elapsed": 7963.700917, "delta": 39.662998}}
{"target": 15.0, "params": {"d0": 0.9913990998224009, "d1": -2.5250271210615374, "d2": 0.8124049959854016, "g0": 1.9124878563965397, "g1": 0.32328925140338316, "g2": -1.1621448101596314, "g3": 1.2243051169925265, "g4": 0.9667876800006152, "g5": -0.7654272653633225, "g6": 0.05351298869226839, "g7": 1.9693987390283172, "i0": 2.6454954339104586, "i1": 0.7421448232056075, "i2": -6.54611163105981, "i3": 1.0684718922601832, "i4": 0.9058178491089899, "i5": 0.5391355682196568, "i6": 0.03971328910018079, "i7": 0.9407969462457532, "r0": 3.4449459499536355, "r1": 0.15578888410897063, "r2": -2.0124883068951807, "r3": 0.7122099621002655, "r4": 1.092811573656616, "r5": -0.007173956759016997, "r6": 0.9961926006377373, "r7": 1.0478078100688932}, "datetime": {"datetime": "2020-01-17 23:00:20", "elapsed": 8006.662548, "delta": 42.961631}}
{"target": 15.2, "params": {"d0": 3.3627684111220613, "d1": -9.050545247002802, "d2": 0.8294147314552177, "g0": 4.941656458139973, "g1": 0.8066650674613896, "g2": -7.553597113328976, "g3": 1.3770403565606335, "g4": 0.8178001295174633, "g5": 0.056971281890930925, "g6": -0.36278786658769907, "g7": 1.9679962333062968, "i0": 2.915504683623429, "i1": 0.5557412746375598, "i2": -6.820269269759336, "i3": 1.3799236337194278, "i4": 1.065077256732859, "i5": -0.7726428413572372, "i6": -0.222657664179009, "i7": 1.3768151408154976, "r0": 0.39988205552557443, "r1": 0.2806575533854596, "r2": -7.496047136419081, "r3": 0.7004869138473593, "r4": 1.1464426596146802, "r5": 0.43822341836985057, "r6": 0.7305239470320113, "r7": 1.8367925758252612}, "datetime": {"datetime": "2020-01-17 23:01:03", "elapsed": 8049.688601, "delta": 43.026053}}
{"target": 10.5, "params": {"d0": 0.7576244049042169, "d1": -1.099633615470088, "d2": 1.2265703118516256, "g0": 3.480668314070947, "g1": 0.5640716642088865, "g2": -0.6031800165289276, "g3": 0.9014776348008966, "g4": 1.193442141861369, "g5": -0.0075864538099054135, "g6": 0.8363503101193017, "g7": 1.2038185587736105, "i0": 0.07623454595426349, "i1": 0.06489100463442987, "i2": -1.0036491377863506, "i3": 1.2129201785964, "i4": 1.1651343608534335, "i5": 0.006978727260805173, "i6": 0.33636190061877624, "i7": 1.300283930920988, "r0": 3.9131782413637524, "r1": 0.7568652512075241, "r2": -2.9999386305220206, "r3": 1.4695139319534831, "r4": 1.1844191855413633, "r5": 0.7646761458301665, "r6": 0.3854146745404923, "r7": 1.5811849997551817}, "datetime": {"datetime": "2020-01-17 23:01:56", "elapsed": 8103.082088, "delta": 53.393487}}
{"target": 4.25, "params": {"d0": 3.195266085434953, "d1": -6.736286130487983, "d2": 0.7264232144492302, "g0": 3.940881893068578, "g1": 0.7101878505852305, "g2": -9.209683083331226, "g3": 0.8188654691495761, "g4": 1.1431701220981225, "g5": 0.05605980370197994, "g6": -0.21317833586150398, "g7": 0.9615486859734561, "i0": 3.0570615015368063, "i1": 0.05361162687879506, "i2": -7.864246880477273, "i3": 1.102130136249623, "i4": 0.8470155548102014, "i5": -0.14575022285596528, "i6": -0.4698263028753987, "i7": 1.0314101203864252, "r0": 4.700312569085839, "r1": 0.558861088998048, "r2": -3.135386240119649, "r3": 1.0022161625125903, "r4": 1.1815607053426893, "r5": 0.6342224557444558, "r6": 0.8652882444008632, "r7": 1.446134762944825}, "datetime": {"datetime": "2020-01-17 23:02:41", "elapsed": 8148.170545, "delta": 45.088457}}
{"target": 20.15, "params": {"d0": 3.8130511598059247, "d1": -2.910379667884884, "d2": 1.4610374830553994, "g0": 1.207772450735931, "g1": 0.5613397077830184, "g2": -9.562267324321903, "g3": 1.4385423672140287, "g4": 1.2726282893793026, "g5": 0.001450151823253143, "g6": 0.37917617227879563, "g7": 1.7491360295625675, "i0": 1.2466559213872808, "i1": 0.3789904760461922, "i2": -7.113944038010047, "i3": 1.1310431721719314, "i4": 1.274478411907007, "i5": -0.18335888072023176, "i6": -0.4324853512793914, "i7": 1.650770495980435, "r0": 2.4751533008993905, "r1": 0.2965120008987219, "r2": -5.841113932907889, "r3": 1.3900082375054168, "r4": 1.2105088567749276, "r5": -0.5266458558392049, "r6": 0.5276999173690937, "r7": 1.997429697399844}, "datetime": {"datetime": "2020-01-17 23:03:18", "elapsed": 8184.541907, "delta": 36.371362}}
{"target": 19.35, "params": {"d0": 3.9217964902041977, "d1": -2.7495364456463083, "d2": 0.9480159833682671, "g0": 0.7973539529220575, "g1": 0.8643221540234217, "g2": -3.8965378158337325, "g3": 1.012072318827021, "g4": 1.1777953674104398, "g5": 0.34980461715408806, "g6": 0.47099968821610694, "g7": 1.1279896977196737, "i0": 4.427639088973497, "i1": 0.7190059624284972, "i2": -6.973694365853785, "i3": 0.7508787991013621, "i4": 1.2563982077479352, "i5": 0.47016009352260557, "i6": 0.24787546445739306, "i7": 1.3553177136289836, "r0": 3.0778123699454536, "r1": 0.3985151761030816, "r2": -9.610819599745081, "r3": 0.9415746656842865, "r4": 0.9231392790617683, "r5": 0.7556841402754022, "r6": 0.6512470736490321, "r7": 1.3440662752191574}, "datetime": {"datetime": "2020-01-17 23:03:54", "elapsed": 8220.659512, "delta": 36.117605}}
{"target": 16.05, "params": {"d0": 3.6831360435362583, "d1": -6.9734498485940835, "d2": 1.1218366619457376, "g0": 1.035716199143285, "g1": 0.2542602835857236, "g2": -5.659769311806264, "g3": 0.7659406871715594, "g4": 1.2266439783644763, "g5": 0.6661267460671609, "g6": -0.18033820617267865, "g7": 1.4210942129367843, "i0": 4.207298508379135, "i1": 0.2882789734588559, "i2": -3.892911779493433, "i3": 1.053638409564514, "i4": 0.998745739185983, "i5": 0.4629987540942506, "i6": 0.1967689210092486, "i7": 1.4112827702568023, "r0": 4.960142521627232, "r1": 0.9622297954466864, "r2": -7.649191120177727, "r3": 0.8815630136971118, "r4": 1.1313690087718915, "r5": -0.1408857036748492, "r6": 0.5781310608271257, "r7": 1.7067986922150198}, "datetime": {"datetime": "2020-01-17 23:04:35", "elapsed": 8261.626687, "delta": 40.967175}}
{"target": 15.55, "params": {"d0": 3.9164743059936056, "d1": -7.366855122011638, "d2": 1.4986865722440528, "g0": 2.4685021838522085, "g1": 0.08392651435770837, "g2": -8.879843167554391, "g3": 1.1491997793171576, "g4": 1.055054471213082, "g5": 0.6957368104819421, "g6": 0.8512390912530996, "g7": 1.4119440126391152, "i0": 1.0323856661405773, "i1": 0.5644176059163296, "i2": -6.912666182225776, "i3": 1.2204685071647559, "i4": 1.057552003440381, "i5": 0.5490881463052244, "i6": -0.3023893776001967, "i7": 1.1761074549780481, "r0": 2.987657171227511, "r1": 0.6252147812669753, "r2": -5.874059146209783, "r3": 1.4204737394949887, "r4": 1.2051375125212243, "r5": 0.06535981250461875, "r6": 0.10754404058180211, "r7": 1.336895958656011}, "datetime": {"datetime": "2020-01-17 23:05:13", "elapsed": 8299.743753, "delta": 38.117066}}
{"target": 16.85, "params": {"d0": 0.5699442369655805, "d1": -0.6275505311304528, "d2": 0.887628410941493, "g0": 0.7640841383307717, "g1": 0.5100158064555218, "g2": -5.449554645394762, "g3": 0.7592215763942176, "g4": 1.0877864362395484, "g5": 0.3176564502018535, "g6": 0.23582310202252654, "g7": 0.9801830175159674, "i0": 0.8983199426942523, "i1": 0.11593545935208527, "i2": -4.1653742586230855, "i3": 0.7680702423791121, "i4": 0.9920274370331952, "i5": -0.5645497672942282, "i6": 0.11722935378339061, "i7": 1.587802454746203, "r0": 1.7976983085122806, "r1": 0.8959843477482992, "r2": -5.825196523750939, "r3": 1.4469241890474671, "r4": 1.210228416446682, "r5": -0.6133720199071775, "r6": -0.3440515676033378, "r7": 1.0460911522230496}, "datetime": {"datetime": "2020-01-17 23:05:52", "elapsed": 8339.199463, "delta": 39.45571}}
{"target": 10.15, "params": {"d0": 3.1923418376227595, "d1": -3.154078648117239, "d2": 1.3320080670518104, "g0": 2.711629319685386, "g1": 0.6753578692002615, "g2": -3.1324832874046713, "g3": 0.9705838945115874, "g4": 1.1252581563633943, "g5": -0.153446370351921, "g6": 0.46024674573256674, "g7": 1.9280822401683482, "i0": 2.1498534613571207, "i1": 0.5061675452156382, "i2": -6.679351979870194, "i3": 1.1629764295845713, "i4": 1.231710151615212, "i5": -0.3461610303831082, "i6": 0.751585483299295, "i7": 1.4714249251951959, "r0": 1.1303813002839813, "r1": 0.4194472284690277, "r2": -8.33005326151387, "r3": 1.4299156197839527, "r4": 0.8289735737331081, "r5": 0.1664054926048213, "r6": -0.3440724980863336, "r7": 1.244825878027931}, "datetime": {"datetime": "2020-01-17 23:06:25", "elapsed": 8372.018958, "delta": 32.819495}}
{"target": 15.95, "params": {"d0": 0.7147082995571646, "d1": -5.004895124560744, "d2": 1.2088782196659138, "g0": 4.146277355099208, "g1": 0.45001293488112626, "g2": -2.305508828333158, "g3": 1.176270250943081, "g4": 1.2861321665230028, "g5": -0.6084547274921012, "g6": 0.7244765238967372, "g7": 1.8186718254039977, "i0": 3.9578589136372555, "i1": 0.4548248726627996, "i2": -4.727905938809496, "i3": 1.4883076939370241, "i4": 1.272317906716872, "i5": 0.4208028058652795, "i6": 0.19039200108833065, "i7": 1.4942591163116459, "r0": 4.022801656230016, "r1": 0.2768695895548876, "r2": -7.434668821962076, "r3": 0.8710890763167, "r4": 1.0756030803880412, "r5": 0.7222329645420655, "r6": -0.14339495826550175, "r7": 1.7817592902357124}, "datetime": {"datetime": "2020-01-17 23:07:08", "elapsed": 8414.590477, "delta": 42.571519}}
{"target": 17.6, "params": {"d0": 0.15205009141013526, "d1": -4.937799886123241, "d2": 0.9272202869642179, "g0": 1.4136086493633027, "g1": 0.3919738907254965, "g2": -4.645426389863296, "g3": 1.3183082907404218, "g4": 1.2808291272486267, "g5": -0.5593829795026741, "g6": 0.09218521216598574, "g7": 1.0790142861927365, "i0": 4.183210774057629, "i1": 0.08480241664150034, "i2": -1.4371427834563342, "i3": 1.292676125700373, "i4": 1.229168254202898, "i5": 0.6238723357153917, "i6": -0.27383503094777584, "i7": 1.5123546487211286, "r0": 1.5125880499824318, "r1": 0.27122319612312273, "r2": -9.835656244072252, "r3": 1.1121446169425593, "r4": 0.8095246998087842, "r5": 0.637165724495391, "r6": -0.0995274628485982, "r7": 1.4427107461046011}, "datetime": {"datetime": "2020-01-17 23:07:46", "elapsed": 8452.426349, "delta": 37.835872}}
{"target": 17.3, "params": {"d0": 3.1820876198553636, "d1": -9.985002431580337, "d2": 0.7905911568385666, "g0": 2.332707149479416, "g1": 0.6232778015416, "g2": -1.8032893765218603, "g3": 1.0318444915322846, "g4": 1.2634270674073622, "g5": 0.15581319313190067, "g6": -0.49725380432090477, "g7": 1.648041718162768, "i0": 1.0638682251899634, "i1": 0.015255832231660937, "i2": -2.6425176836450612, "i3": 1.1415283058507912, "i4": 1.1918105446352312, "i5": -0.6589294832756099, "i6": 0.033549525103626854, "i7": 1.2296718026377758, "r0": 2.8450149885898854, "r1": 0.5101532052376175, "r2": -2.1787374997838036, "r3": 0.8496463266464566, "r4": 1.0882477532806192, "r5": 0.23100385335481088, "r6": 0.18980198092942213, "r7": 1.5137749529669413}, "datetime": {"datetime": "2020-01-17 23:08:18", "elapsed": 8484.957629, "delta": 32.53128}}
{"target": 7.9, "params": {"d0": 4.871630316693149, "d1": -2.4832758244778823, "d2": 1.0047890888006623, "g0": 2.170081427342291, "g1": 0.7128314840965011, "g2": -9.062879062590328, "g3": 1.2102465781116831, "g4": 0.8571792479385705, "g5": -0.6370432193615779, "g6": 0.5000031687505335, "g7": 1.0838098652906656, "i0": 3.82359234499631, "i1": 0.7505904110774281, "i2": -6.87979728321292, "i3": 1.1566916796976336, "i4": 1.1225703225032808, "i5": 0.4983433749880237, "i6": -0.1978005204795178, "i7": 1.643866988028159, "r0": 4.114452917411443, "r1": 0.41438567888523015, "r2": -5.063031949816742, "r3": 1.1113995168711417, "r4": 1.2696643138588357, "r5": -0.7173587818209127, "r6": 0.3573292361411531, "r7": 1.4387361015816094}, "datetime": {"datetime": "2020-01-17 23:08:52", "elapsed": 8518.414456, "delta": 33.456827}}
{"target": 11.35, "params": {"d0": 1.719140500948615, "d1": -3.30083280148565, "d2": 1.3155520085294221, "g0": 2.7002978847940904, "g1": 0.041638047116810295, "g2": -7.6491913485990946, "g3": 0.7163518010643999, "g4": 0.9638891461794805, "g5": -0.051110275398975835, "g6": 0.6768536696343335, "g7": 1.4855002514113458, "i0": 2.3871325033949624, "i1": 0.6979497206785618, "i2": -9.825828146977859, "i3": 1.2559926119472244, "i4": 0.9559797933976473, "i5": 0.09566553514630982, "i6": 0.41020996811430066, "i7": 1.1003569228650403, "r0": 1.2513629512958235, "r1": 0.5788180585538116, "r2": -7.373773282539028, "r3": 0.8915336394933724, "r4": 0.9795156751284912, "r5": 0.6470575972028723, "r6": 0.8038154582733132, "r7": 1.465439356391344}, "datetime": {"datetime": "2020-01-17 23:09:41", "elapsed": 8567.398444, "delta": 48.983988}}
{"target": 8.65, "params": {"d0": 0.25873840553513605, "d1": -1.9966209308969756, "d2": 0.8449513503355323, "g0": 3.3437062720425508, "g1": 0.8353717147661669, "g2": -0.3520344322936424, "g3": 0.8014767269505614, "g4": 1.0616556608515395, "g5": 0.5609776714596704, "g6": 0.3064138810546735, "g7": 1.703051123694967, "i0": 3.92729823111646, "i1": 0.8365955447696011, "i2": -3.334675728501322, "i3": 1.4181913517833982, "i4": 1.1238956170050118, "i5": 0.711419824567534, "i6": 0.4439475728553641, "i7": 1.8596714862792767, "r0": 2.978276802140823, "r1": 0.3443489842906311, "r2": -1.8654251368961496, "r3": 1.0459048223902097, "r4": 0.8632728302189794, "r5": 0.7497099722648597, "r6": 0.7788452858473236, "r7": 1.517385365946867}, "datetime": {"datetime": "2020-01-17 23:10:30", "elapsed": 8617.278013, "delta": 49.879569}}
{"target": 12.65, "params": {"d0": 3.353061487813396, "d1": -0.02275778090835523, "d2": 0.8290469762286619, "g0": 2.6726998005216895, "g1": 0.3909787078216136, "g2": -4.588524300019257, "g3": 0.7827022826201018, "g4": 1.020371129054707, "g5": -0.06165738008390009, "g6": 0.39383746628649374, "g7": 1.6286126991933458, "i0": 2.9507468676550372, "i1": 0.7293827600961478, "i2": -4.190973761371231, "i3": 1.0544824868905711, "i4": 1.0483942222699454, "i5": -0.11185789275215063, "i6": -0.1848892203427176, "i7": 1.1494812277709838, "r0": 2.2869433804518464, "r1": 0.4335527126328119, "r2": -2.2071624093144573, "r3": 1.0366867010300629, "r4": 1.1366841662671756, "r5": -0.5343381057153579, "r6": 0.7360884765894795, "r7": 1.6539474537542183}, "datetime": {"datetime": "2020-01-17 23:11:01", "elapsed": 8647.363776, "delta": 30.085763}}
{"target": 17.95, "params": {"d0": 3.9452619929670267, "d1": -6.405155123756349, "d2": 1.230039200351556, "g0": 1.085452319359503, "g1": 0.22100578756795097, "g2": -7.575432275823312, "g3": 0.9116706536192285, "g4": 1.004205977799224, "g5": 0.5259127171486422, "g6": 0.9211293312890527, "g7": 1.5957037964057954, "i0": 0.6736956824011125, "i1": 0.4199934526833755, "i2": -0.6381461109015554, "i3": 0.9564354202627117, "i4": 1.1096404930238934, "i5": 0.6962138356418897, "i6": 0.19102350406877266, "i7": 1.4504389595285287, "r0": 4.593468548768339, "r1": 0.9298235710096753, "r2": -0.9551312661042815, "r3": 1.1109076245422753, "r4": 1.1199056252976018, "r5": 0.14240988140504263, "r6": -0.262257770108268, "r7": 1.5857939048196161}, "datetime": {"datetime": "2020-01-17 23:11:38", "elapsed": 8684.312055, "delta": 36.948279}}
{"target": 9.45, "params": {"d0": 1.5957216143911523, "d1": -8.692644993998503, "d2": 0.8720024036552353, "g0": 1.568301485912602, "g1": 0.9514518007767209, "g2": -0.09232838301594448, "g3": 1.3935090910332377, "g4": 1.0309304895037252, "g5": -0.055012395874851294, "g6": 0.647092760472497, "g7": 1.0082488848278839, "i0": 4.970186848269008, "i1": 0.6922148832180902, "i2": -7.007143089612331, "i3": 1.4270785540244149, "i4": 1.076289423380873, "i5": -0.6636960360644548, "i6": -0.33763138518671876, "i7": 0.9348313407908506, "r0": 1.0809736811152164, "r1": 0.05141394497181617, "r2": -4.897275347382003, "r3": 0.7663523110574655, "r4": 1.0215611415108274, "r5": -0.42207881481255394, "r6": 0.3395810464436504, "r7": 1.3828645705860945}, "datetime": {"datetime": "2020-01-17 23:12:03", "elapsed": 8709.375961, "delta": 25.063906}}
{"target": 9.4, "params": {"d0": 4.1877023138001315, "d1": -6.63455245470097, "d2": 0.8841853175369405, "g0": 4.700579166727968, "g1": 0.4663636964010778, "g2": -9.71842240767542, "g3": 0.7635491070597198, "g4": 1.0777858837826506, "g5": -0.4627657561971454, "g6": -0.27764657711950447, "g7": 1.115085612650309, "i0": 3.723744747795082, "i1": 0.94901396087113, "i2": -8.706220320473063, "i3": 1.4038241979278785, "i4": 1.155959911406368, "i5": 0.09094930797761192, "i6": -0.39947204222337196, "i7": 1.7665152286446273, "r0": 4.061400771467062, "r1": 0.7545818666792485, "r2": -4.495104383825361, "r3": 1.205283834589442, "r4": 1.0183314470414906, "r5": -0.30744478574501566, "r6": -0.18843309610696035, "r7": 1.7478369783572674}, "datetime": {"datetime": "2020-01-17 23:12:38", "elapsed": 8744.518066, "delta": 35.142105}}
{"target": 1.4, "params": {"d0": 4.673879088407166, "d1": -3.784842860622984, "d2": 1.1273979429175647, "g0": 4.416352335026726, "g1": 0.04480297296181657, "g2": -6.973244590633892, "g3": 1.0059768888502023, "g4": 0.8155497453431708, "g5": 0.03189272738962978, "g6": 0.9108646224036558, "g7": 1.776969521326018, "i0": 2.6754718084427935, "i1": 0.6765410399118151, "i2": -2.147651808208714, "i3": 0.9088746416214711, "i4": 0.9378318007055277, "i5": 0.16835805874313992, "i6": 0.5112716736778411, "i7": 0.9039748208144849, "r0": 4.278504894916379, "r1": 0.14491204647384837, "r2": -4.876478265921654, "r3": 1.1497443109664625, "r4": 0.803595574696044, "r5": -0.11383913932204714, "r6": 0.30061414970418765, "r7": 1.6597773704148993}, "datetime": {"datetime": "2020-01-17 23:13:25", "elapsed": 8792.193881, "delta": 47.675815}}
