{"target": 21.4, "params": {"d0": 3.8107980224932585, "d1": -1.4807768203977663, "d2": 1.0637430431341113, "g0": 0.6177995260178797, "g1": 0.17889938406570183, "g2": -6.047683399234531, "g3": 1.189204688812968, "g4": 1.189616104866277, "g5": -0.031926446355342634, "g6": 0.22044142722895566, "g7": 1.3516183745600958, "i0": 3.8803928469060067, "i1": 0.5102253767788908, "i2": -6.474038092540323, "i3": 0.9286117333694952, "i4": 0.9717300709617452, "i5": -0.2716220562268337, "i6": 0.017671349681262518, "i7": 1.655402848177722, "r0": 1.493318247861898, "r1": 0.1553372441090337, "r2": -8.852672759880925, "r3": 1.2844601239264577, "r4": 1.1189378911932724, "r5": 0.20590253477536913, "r6": 0.16705313272888525, "r7": 1.615988833012316}, "datetime": {"datetime": "2020-01-19 09:51:54", "elapsed": 64753.900848, "delta": 61.529312}}
{"target": 20.7, "params": {"d0": 2.7716900071429453, "d1": -7.894570311611336, "d2": 1.1138671996894816, "g0": 0.07322868648017278, "g1": 0.3537153947273349, "g2": -9.313788548417554, "g3": 1.0823573219536327, "g4": 0.8229671238692207, "g5": -0.2638033314685017, "g6": 0.14505724013050134, "g7": 1.5419673316484444, "i0": 2.40670202934956, "i1": 0.7247221052990103, "i2": -8.453309106216897, "i3": 1.1734797324864938, "i4": 0.8090821990022934, "i5": -0.6256583164224531, "i6": 0.3975105158867647, "i7": 1.652525224771629, "r0": 2.770282613600062, "r1": 0.3003334643852176, "r2": -0.6215620979606006, "r3": 1.3329703732144336, "r4": 0.9610215858372257, "r5": 0.400208982791763, "r6": 0.8601128456651976, "r7": 1.999999685891987}, "datetime": {"datetime": "2020-01-19 09:52:54", "elapsed": 64813.296256, "delta": 59.395408}}
{"target": 17.45, "params": {"d0": 2.544983293725236, "d1": -1.361328784124872, "d2": 0.7651880748483797, "g0": 1.1149958552037371, "g1": 0.4513060957080749, "g2": -4.500270996309266, "g3": 1.042296046830306, "g4": 1.257053745744756, "g5": 0.7110582463546515, "g6": -0.08384301579596326, "g7": 1.7572704664783205, "i0": 3.4567727811427567, "i1": 0.8361143292869146, "i2": -6.310385291424714, "i3": 1.003781496664022, "i4": 0.9850151171118944, "i5": 0.3349610661839084, "i6": -0.12530320767216052, "i7": 1.3599344964475693, "r0": 3.8898953992278464, "r1": 0.41325759506582604, "r2": -9.787652282182336, "r3": 1.1873625623774742, "r4": 0.9319113120034532, "r5": -0.47488359352444526, "r6": 0.029736912912244673, "r7": 1.653237181858551}, "datetime": {"datetime": "2020-01-19 09:53:49", "elapsed": 64868.274476, "delta": 54.97822}}
{"target": 19.35, "params": {"d0": 2.421519516158177, "d1": -2.0901330719030167, "d2": 0.8877568851450758, "g0": 0.663099429531146, "g1": 0.7494384559721613, "g2": -4.461463020762254, "g3": 1.1920557089254409, "g4": 0.9826993985384143, "g5": 0.39193331881668847, "g6": 0.33290883659742965, "g7": 1.2352323305733464, "i0": 3.4145541578252607, "i1": 0.9895262256859071, "i2": -6.871888230851156, "i3": 1.1760684151273022, "i4": 1.2670345255219053, "i5": 0.04160249357024015, "i6": -0.044371258009845815, "i7": 1.5567432737199125, "r0": 4.213817043571276, "r1": 0.43355745251697586, "r2": -7.541860392568277, "r3": 0.7200315594227557, "r4": 1.2196754937653238, "r5": 0.6434643098421813, "r6": -0.17796833576509807, "r7": 1.6010986764205535}, "datetime": {"datetime": "2020-01-19 09:54:51", "elapsed": 64930.142501, "delta": 61.868025}}
{"target": 18.0, "params": {"d0": 3.7357026428244593, "d1": -1.2634865283462737, "d2": 0.7874137544493278, "g0": 0.8901574244507249, "g1": 0.019667729428273106, "g2": -5.520368019740845, "g3": 0.7663312236429781, "g4": 1.0676405374026745, "g5": -0.6981273093770037, "g6": 0.9545550876631279, "g7": 1.4108496156931196, "i0": 4.187105708131718, "i1": 0.7299077734798929, "i2": -7.2444622012044135, "i3": 0.9852654926531994, "i4": 0.9617995048723997, "i5": 0.1055702249306869, "i6": 0.14934773975395643, "i7": 1.710160751221781, "r0": 2.1602704374144643, "r1": 0.07922701046054126, "r2": -9.398267583588847, "r3": 1.172929709299972, "r4": 1.1044805843814296, "r5": 0.46710343174214897, "r6": 0.48291455820280915, "r7": 1.6217331248707796}, "datetime": {"datetime": "2020-01-19 09:55:51", "elapsed": 64990.850354, "delta": 60.707853}}
{"target": 20.65, "params": {"d0": 3.118494705067595, "d1": -1.6747004368191643, "d2": 1.0216140260688116, "g0": 0.5990687803166495, "g1": 0.5829769638583772, "g2": -4.815296035513021, "g3": 1.1988286356682256, "g4": 1.1145396401362724, "g5": 0.09126683133308651, "g6": 0.17911495358357998, "g7": 1.6972903705397637, "i0": 3.1518907035107233, "i1": 0.5806576507350081, "i2": -6.420508226576364, "i3": 0.9560444813337762, "i4": 0.9859622923614292, "i5": -0.2013109879104367, "i6": -0.04353307811728576, "i7": 1.5154950334819413, "r0": 3.932094916070522, "r1": 0.6061100814974965, "r2": -8.405289680306895, "r3": 1.0946315821527886, "r4": 1.1571088943129346, "r5": 0.43717749999341177, "r6": 0.012437133958567383, "r7": 1.6215558789875195}, "datetime": {"datetime": "2020-01-19 09:56:59", "elapsed": 65058.474078, "delta": 67.623724}}
{"target": 20.95, "params": {"d0": 2.9397907081555563, "d1": -1.6891922622345745, "d2": 1.025688812668107, "g0": 0.40953207606274955, "g1": 0.3573378960011449, "g2": -5.020096817201028, "g3": 1.1440566559449517, "g4": 1.1064873964373654, "g5": 0.045454084663705714, "g6": 0.3303237869742744, "g7": 1.1422323226063484, "i0": 3.199470935479605, "i1": 0.6899051508954172, "i2": -7.003991818696551, "i3": 0.9451453549979524, "i4": 0.918519076223882, "i5": 0.24360361967060756, "i6": 0.2604854913923021, "i7": 1.3445080916392282, "r0": 1.0468537168349152, "r1": 0.32506141415836254, "r2": -8.91458177177872, "r3": 1.1611183705757333, "r4": 1.1078013079810964, "r5": 0.5742114471584047, "r6": 0.258950671365229, "r7": 1.3209815461377832}, "datetime": {"datetime": "2020-01-19 09:58:07", "elapsed": 65126.291645, "delta": 67.817567}}
{"target": 21.3, "params": {"d0": 4.071198827956827, "d1": -1.4723119698520215, "d2": 0.9092745289747727, "g0": 0.6512994098476129, "g1": 0.29833381643671386, "g2": -4.7942974151594475, "g3": 1.1351950695916866, "g4": 1.2342010789605204, "g5": 0.12830038646035194, "g6": 0.2129597383604903, "g7": 1.7248519873602481, "i0": 3.839358113267138, "i1": 0.5785030696211174, "i2": -6.6590598798098615, "i3": 1.0618960861969655, "i4": 1.2021416660854494, "i5": -0.31282240832182784, "i6": 0.11512303277616921, "i7": 1.8315367981491602, "r0": 2.1682956292235183, "r1": 0.43295746521670636, "r2": -8.74667102601008, "r3": 0.9349871857525789, "r4": 0.9301819804733057, "r5": 0.45933369559659254, "r6": 0.285056491369087, "r7": 1.5384975443879245}, "datetime": {"datetime": "2020-01-19 09:59:13", "elapsed": 65192.322948, "delta": 66.031303}}
{"target": 10.05, "params": {"d0": 2.1793061971941468, "d1": -2.6034298585632696, "d2": 1.1998217136927802, "g0": 1.0283138511630008, "g1": 0.36536364519950526, "g2": -7.5356303569547665, "g3": 1.1649912944287943, "g4": 0.8892636310137985, "g5": -0.09411560085255655, "g6": 0.2723890470515673, "g7": 1.0106651648104257, "i0": 2.628161018098896, "i1": 0.586976031261734, "i2": -5.424464019444831, "i3": 1.1698288705936777, "i4": 0.8088987920096347, "i5": 0.23150821525668586, "i6": 0.9934508963157758, "i7": 1.749401604393459, "r0": 2.115398613598951, "r1": 0.6128206496259251, "r2": -7.716399109738981, "r3": 1.4531323930571418, "r4": 0.926220760136047, "r5": -0.2121269236466835, "r6": 0.34233649253066, "r7": 0.9494546427741543}, "datetime": {"datetime": "2020-01-19 10:00:25", "elapsed": 65264.786026, "delta": 72.463078}}
{"target": 20.2, "params": {"d0": 4.172843574072342, "d1": -7.770333894106084, "d2": 0.9957418327638285, "g0": 0.5226297109649775, "g1": 0.5393301022929318, "g2": -3.0485553159023984, "g3": 1.22856021999823, "g4": 1.0398757077944591, "g5": -0.15456322879725617, "g6": 0.4157264381031265, "g7": 1.415852928279613, "i0": 0.90809266276604, "i1": 0.6275923774833552, "i2": -4.595406695692206, "i3": 1.0236883033724922, "i4": 0.9436936076743003, "i5": 0.2087330180887003, "i6": -0.25310134253394706, "i7": 1.5978226562651554, "r0": 3.2711332139681377, "r1": 0.7443563870775586, "r2": -4.539226558862996, "r3": 0.9228311376630157, "r4": 1.1512394445570853, "r5": 0.15800970765870076, "r6": 0.4900360568522358, "r7": 1.8132262974483382}, "datetime": {"datetime": "2020-01-19 10:01:34", "elapsed": 65332.970874, "delta": 68.184848}}
{"target": 20.0, "params": {"d0": 2.754012750494939, "d1": -2.2649925706556764, "d2": 1.1215194658891545, "g0": 0.33338668439513636, "g1": 0.3043904383430196, "g2": -4.765374843160081, "g3": 1.0588872322579124, "g4": 1.2387367083907217, "g5": 0.08554673415693306, "g6": 0.7033269971778174, "g7": 1.8775056534898946, "i0": 3.2842896995116204, "i1": 0.17666870086091885, "i2": -6.457525867830032, "i3": 0.9557021795274933, "i4": 0.872226199125233, "i5": -0.551564602948454, "i6": -0.28688331783142584, "i7": 1.2454005582060264, "r0": 4.189803400256285, "r1": 0.6856658225213531, "r2": -8.327350667368975, "r3": 0.8281245355341295, "r4": 1.1771102452372069, "r5": 0.018708171246252136, "r6": 0.5566265762548058, "r7": 1.5461839922545109}, "datetime": {"datetime": "2020-01-19 10:02:42", "elapsed": 65401.897104, "delta": 68.92623}}
{"target": 20.15, "params": {"d0": 4.110867940984102, "d1": -8.000643306160072, "d2": 1.0719949712452668, "g0": 0.6359555787196531, "g1": 0.5874046287341891, "g2": -3.1521522042279173, "g3": 1.368610229742363, "g4": 1.0892368711322116, "g5": -0.23680138536288092, "g6": 0.34552970235315233, "g7": 1.3022642227212629, "i0": 0.9830532128553071, "i1": 0.7758729985264922, "i2": -4.5910414922645035, "i3": 1.0945894586475626, "i4": 0.9789305931642365, "i5": 0.18381911259000777, "i6": -0.40300714990537995, "i7": 1.4712304881667664, "r0": 3.2590937370024187, "r1": 0.8091178487642926, "r2": -4.6675302424078975, "r3": 0.9872621659275914, "r4": 1.1699046238200248, "r5": 0.13883823886058475, "r6": 0.4008715742548352, "r7": 1.8095208803601908}, "datetime": {"datetime": "2020-01-19 10:03:46", "elapsed": 65465.785929, "delta": 63.888825}}
{"target": 21.05, "params": {"d0": 3.109025041175531, "d1": -1.7008339949562659, "d2": 1.0025903185690106, "g0": 0.569804220926971, "g1": 0.655161901893077, "g2": -4.907779287032226, "g3": 1.1353535553196572, "g4": 1.0039998017037595, "g5": 0.02863346865557788, "g6": 0.23008697499396533, "g7": 1.76922984750716, "i0": 3.398875492831291, "i1": 0.4879261503535147, "i2": -6.324903797638591, "i3": 0.9774136546390925, "i4": 1.0509849102903306, "i5": -0.20141077598997403, "i6": -0.02254239692621936, "i7": 1.5278291693544284, "r0": 3.9451311376542404, "r1": 0.5772203206679181, "r2": -8.342772870961463, "r3": 1.0362975698109538, "r4": 1.1789895450833783, "r5": 0.3702184931308087, "r6": -0.07085882481610167, "r7": 1.592692759883161}, "datetime": {"datetime": "2020-01-19 10:04:55", "elapsed": 65534.671254, "delta": 68.885325}}
{"target": 18.75, "params": {"d0": 3.35133533422803, "d1": -1.410157469899703, "d2": 1.0448415644408184, "g0": 1.4659020902184512, "g1": 0.644540153503121, "g2": -5.423066732189479, "g3": 1.2043564844147419, "g4": 1.1120371805367317, "g5": -0.23838545177986148, "g6": 0.760906709919589, "g7": 1.9149340078450092, "i0": 3.701771984457316, "i1": 0.4257817563715358, "i2": -7.512423452909738, "i3": 1.465281464370481, "i4": 1.19671941854214, "i5": -0.20552794265309637, "i6": 0.6186134242513861, "i7": 1.5251829685587026, "r0": 4.374627218385092, "r1": 0.5472677377992171, "r2": -9.60246847160323, "r3": 1.2990351946064989, "r4": 0.8572501915385646, "r5": 0.1275210814674944, "r6": -0.461720753262979, "r7": 1.0133478768236788}, "datetime": {"datetime": "2020-01-19 10:06:00", "elapsed": 65599.460081, "delta": 64.788827}}
{"target": 18.85, "params": {"d0": 1.6682944532766164, "d1": -4.86958741623694, "d2": 1.293728330243904, "g0": 0.4354374592460236, "g1": 0.038597597084274904, "g2": -2.8531247329602376, "g3": 1.0863513020691293, "g4": 0.9268689536298145, "g5": -0.3268758517695782, "g6": 0.1441740665231519, "g7": 1.7616096198461484, "i0": 3.101848726553479, "i1": 0.19924606247632237, "i2": -4.043374034207457, "i3": 0.8231668699669179, "i4": 1.111089339532387, "i5": 0.4541440494675324, "i6": 0.20284252370924638, "i7": 1.5853681536112907, "r0": 3.869316539678694, "r1": 0.5053154226380175, "r2": -0.41372651269847793, "r3": 1.284802022990851, "r4": 1.2315577647508842, "r5": 0.5843055712706802, "r6": 0.6837018523696556, "r7": 1.2701137878025908}, "datetime": {"datetime": "2020-01-19 10:07:04", "elapsed": 65663.742127, "delta": 64.282046}}
{"target": 19.6, "params": {"d0": 3.9942740939143007, "d1": -1.2013899484831008, "d2": 1.3333400729160783, "g0": 0.7686459030951442, "g1": 0.973028476868785, "g2": -4.554318883615456, "g3": 1.2794649892441678, "g4": 0.8606079356293662, "g5": 0.2887182841631115, "g6": -0.07750925170599804, "g7": 1.7591100794129952, "i0": 3.951649479172128, "i1": 0.3175463907529218, "i2": -5.3200392137303485, "i3": 0.9208294008360909, "i4": 1.159740291907787, "i5": -0.35137529489535135, "i6": 0.20097932090765935, "i7": 1.5042469746987757, "r0": 3.0882033159421156, "r1": 0.033238252052252615, "r2": -8.13466958883404, "r3": 1.463102642668303, "r4": 0.8018851780227174, "r5": 0.7753579894372153, "r6": -0.16377242060472053, "r7": 1.5508267471394288}, "datetime": {"datetime": "2020-01-19 10:08:09", "elapsed": 65728.585116, "delta": 64.842989}}
{"target": 18.7, "params": {"d0": 3.031629082611325, "d1": -8.60413644436134, "d2": 1.3049918416675106, "g0": 0.7985235499241111, "g1": 0.32621855067608874, "g2": -5.079162018034599, "g3": 1.4247802458756074, "g4": 1.2904619852480743, "g5": -0.7755744595227276, "g6": 0.9849885407259646, "g7": 1.1386087843713384, "i0": 3.886013264524295, "i1": 0.5535775572030756, "i2": -5.114403384701262, "i3": 0.8029618808883136, "i4": 0.9283797627705329, "i5": 0.5368267246555669, "i6": 0.02499233350218444, "i7": 1.0564209345384175, "r0": 2.0510249705968606, "r1": 0.8254255062312713, "r2": -2.2949700121138807, "r3": 1.2803191777814804, "r4": 1.279671482369892, "r5": 0.15924543122624457, "r6": 0.5378959160534724, "r7": 1.615356743714758}, "datetime": {"datetime": "2020-01-19 10:09:07", "elapsed": 65786.190014, "delta": 57.604898}}
{"target": 18.3, "params": {"d0": 4.640142493101942, "d1": -7.626351696475215, "d2": 1.2998103086898554, "g0": 1.3277437440070488, "g1": 0.6680228209216521, "g2": -2.665204664417889, "g3": 1.1797911503813405, "g4": 1.2838889897381534, "g5": 0.5454313036067064, "g6": 0.24498504592732806, "g7": 1.4066042652955963, "i0": 0.5882292295920333, "i1": 0.6906136570420806, "i2": -5.154173324633099, "i3": 0.990704388446854, "i4": 1.1585175705045705, "i5": 0.11038283740607047, "i6": -0.12439263629447389, "i7": 1.4183003648945864, "r0": 4.468740282937385, "r1": 0.7061868883144875, "r2": -4.740193279140092, "r3": 0.9589108703081373, "r4": 0.9239007832224333, "r5": 0.7643595840815751, "r6": 0.18906696170502202, "r7": 1.7612265934758717}, "datetime": {"datetime": "2020-01-19 10:10:08", "elapsed": 65847.029076, "delta": 60.839062}}
{"target": 21.0, "params": {"d0": 3.803917496696609, "d1": -1.6114826799188295, "d2": 0.759133475182825, "g0": 0.6567223416869694, "g1": 0.45346921270757645, "g2": -3.2883778956062657, "g3": 1.1419008739997136, "g4": 1.0709700144420118, "g5": 0.11021048321583457, "g6": 0.35532131850800036, "g7": 1.6781269457378207, "i0": 4.055143549486471, "i1": 0.33339749592729045, "i2": -4.830481377925917, "i3": 1.5, "i4": 1.1488885109434142, "i5": 0.04430444864694174, "i6": 0.5294499763115982, "i7": 1.2441067243109025, "r0": 4.549901080884385, "r1": 1.0, "r2": -4.983549185360945, "r3": 1.4689871058407715, "r4": 1.2460813651968976, "r5": -0.49354273128337306, "r6": -0.3357598635590671, "r7": 1.1783344875133874}, "datetime": {"datetime": "2020-01-19 10:11:10", "elapsed": 65909.59145, "delta": 62.562374}}
{"target": 20.7, "params": {"d0": 4.159359974901526, "d1": -1.5279520022906246, "d2": 0.8576196609763455, "g0": 0.6437098408479595, "g1": 0.3157688438306589, "g2": -4.948225231903208, "g3": 1.213572532606789, "g4": 1.2380676261512296, "g5": 0.10615863810921328, "g6": 0.26660161575515734, "g7": 1.7322293212895656, "i0": 3.7871582347818102, "i1": 0.5848716925062842, "i2": -6.539076840147492, "i3": 1.087400474190235, "i4": 1.143331217279794, "i5": -0.4094230487835443, "i6": 0.14896081572997386, "i7": 1.7165208871308943, "r0": 2.2493599517302916, "r1": 0.3943110092194318, "r2": -8.781278015001517, "r3": 1.037739500630115, "r4": 0.9536549965724439, "r5": 0.5133918581269563, "r6": 0.33409778386829064, "r7": 1.5066481715242095}, "datetime": {"datetime": "2020-01-19 10:12:14", "elapsed": 65973.405086, "delta": 63.813636}}
{"target": 19.95, "params": {"d0": 1.927475019745926, "d1": -4.257070935482488, "d2": 0.9636692257638327, "g0": 1.2139728600273636, "g1": 0.6270638523553232, "g2": -3.759759952131764, "g3": 1.2695771928730448, "g4": 1.0952287691325113, "g5": -0.14136667684396909, "g6": 0.24613505875651318, "g7": 1.1842744588042453, "i0": 4.404891394771016, "i1": 0.30105005758646175, "i2": -6.862316360939889, "i3": 1.279822861807356, "i4": 0.9458611290665891, "i5": 0.17236956359686906, "i6": 0.5817050146057986, "i7": 1.2476334094649262, "r0": 3.8804629107491206, "r1": 0.7718386916927977, "r2": -5.233893947291938, "r3": 0.8914191295266078, "r4": 0.9597372970486214, "r5": 0.5704921059390302, "r6": 0.3749879210572718, "r7": 1.3997906558321744}, "datetime": {"datetime": "2020-01-19 10:13:21", "elapsed": 66040.216424, "delta": 66.811338}}
{"target": 20.95, "params": {"d0": 3.966273711523737, "d1": -1.2391440112209011, "d2": 0.9063972636166501, "g0": 0.6397172992891867, "g1": 0.22573114932137683, "g2": -5.307433495433444, "g3": 1.07235068320702, "g4": 1.1054130630220897, "g5": 0.04614186116908125, "g6": 0.26973342445550075, "g7": 1.6485641196581242, "i0": 3.7958257915887095, "i1": 0.6255662616769578, "i2": -6.604264122404562, "i3": 1.0815640941056077, "i4": 1.08265375295229, "i5": -0.3149340306554338, "i6": 0.12312682532400637, "i7": 1.7856411983219715, "r0": 2.011809243565273, "r1": 0.2700199347976961, "r2": -8.890272523990577, "r3": 1.1666601878208167, "r4": 1.1609589690712272, "r5": 0.34779342128638774, "r6": 0.16108855440599162, "r7": 1.5175053700485823}, "datetime": {"datetime": "2020-01-19 10:14:32", "elapsed": 66111.766552, "delta": 71.550128}}
{"target": 20.15, "params": {"d0": 3.169350342943838, "d1": -1.637910434837179, "d2": 0.937594185699746, "g0": 0.5971069393805876, "g1": 0.5752360078092046, "g2": -4.878702341500664, "g3": 1.2685274906196156, "g4": 1.0724010037977536, "g5": -0.08105977014946744, "g6": 0.20339108524990837, "g7": 1.7284917316568909, "i0": 3.346192499606407, "i1": 0.5018189634822078, "i2": -6.473762720855176, "i3": 0.960579416665134, "i4": 0.97578892472309, "i5": -0.12366137420555233, "i6": 0.0542761460290019, "i7": 1.5559978499311922, "r0": 3.8968243377088636, "r1": 0.6281918918283723, "r2": -8.37654954704183, "r3": 0.9597341786824419, "r4": 1.1101898721029697, "r5": 0.3676127629135183, "r6": -0.010457772574377189, "r7": 1.5727467026943864}, "datetime": {"datetime": "2020-01-19 10:15:37", "elapsed": 66175.980353, "delta": 64.213801}}
{"target": 20.05, "params": {"d0": 4.3975480356118375, "d1": -7.921396875990208, "d2": 1.0563869722432861, "g0": 0.464487626221781, "g1": 0.4722425864367469, "g2": -3.2270460682574167, "g3": 1.3356475300968242, "g4": 0.9567394699022348, "g5": -0.17820386946180852, "g6": 0.398465787629173, "g7": 1.2832887491772964, "i0": 0.9231466472747839, "i1": 0.7007561968739832, "i2": -4.630906169223575, "i3": 1.1110100865413017, "i4": 0.9652105073171336, "i5": 0.3131945926719744, "i6": -0.27857309884525294, "i7": 1.6061499931395058, "r0": 3.274858777668075, "r1": 0.7577762753591097, "r2": -4.618042720761362, "r3": 1.0519826402130215, "r4": 1.2345609545136504, "r5": 0.24331341416218838, "r6": 0.3642798609959194, "r7": 1.7532786303814107}, "datetime": {"datetime": "2020-01-19 10:16:38", "elapsed": 66237.214483, "delta": 61.23413}}
{"target": 20.05, "params": {"d0": 3.8873314279122884, "d1": -1.3754479571076237, "d2": 0.9744920020544205, "g0": 0.6650116257679081, "g1": 0.38874510355975045, "g2": -5.323758784249414, "g3": 1.0202693038389357, "g4": 1.2092073360343152, "g5": -0.02914642796459011, "g6": 0.11262009999745427, "g7": 1.5854997031500495, "i0": 3.5947297529639104, "i1": 0.5344424205017551, "i2": -6.5330149868819385, "i3": 1.016035008663404, "i4": 0.9725531298356881, "i5": -0.3673788183659871, "i6": 0.09816199041620642, "i7": 1.6785023503620535, "r0": 1.9906868258441575, "r1": 0.21046088288735457, "r2": -8.898942837440424, "r3": 1.1902204847017914, "r4": 1.0067416075476714, "r5": 0.420806223986625, "r6": 0.11646904228626419, "r7": 1.5404954910828779}, "datetime": {"datetime": "2020-01-19 10:17:40", "elapsed": 66299.010427, "delta": 61.795944}}
{"target": 19.7, "params": {"d0": 4.028627563792865, "d1": -1.066503451277125, "d2": 0.9694275706361726, "g0": 0.16889197265812284, "g1": 0.6731818667963164, "g2": -4.624456433506876, "g3": 1.2344746985119754, "g4": 1.1746376919538162, "g5": -0.2756888966064738, "g6": 0.18551567318251794, "g7": 1.9062540661719565, "i0": 4.142650814171262, "i1": 0.9396088546416623, "i2": -5.589551118630832, "i3": 1.3241570926377144, "i4": 1.1578594433792537, "i5": -0.37489828875678505, "i6": -0.48405596540564105, "i7": 1.048879056306168, "r0": 2.9847736158948, "r1": 0.7382944565190509, "r2": -8.038914431100043, "r3": 0.8101885471179231, "r4": 1.1200500855681566, "r5": 0.1522049291684846, "r6": 0.34723581698075834, "r7": 1.8478848017636555}, "datetime": {"datetime": "2020-01-19 10:18:37", "elapsed": 66356.094802, "delta": 57.084375}}
