{"target": 11.15, "params": {"d0": 0.6839105409731611, "d1": -3.2832945537933025, "d2": 1.0763886836046752, "g0": 3.585809046673104, "g1": 0.2606482108346545, "g2": -1.5025513525013423, "g3": 1.3077011538726049, "g4": 1.1112157445063806, "g5": -0.08288918393791833, "g6": -0.2646045801803551, "g7": 1.3894600610764227, "i0": 1.3073550030861136, "i1": 0.13257084279231934, "i2": -4.4801904588102515, "i3": 1.3411256409160177, "i4": 0.9319412920651042, "i5": 0.0010356744049768718, "i6": 0.631142381231268, "i7": 1.0920482238666998, "r0": 4.373799003341213, "r1": 0.40892757986258943, "r2": -7.503650012393992, "r3": 0.8023345993814313, "r4": 1.1086258460752507, "r5": 0.46757684789419307, "r6": 0.9684279760518328, "r7": 1.719327362260828}, "datetime": {"datetime": "2020-01-18 07:47:42", "elapsed": 39648.565626, "delta": 44.380684}}
{"target": 8.3, "params": {"d0": 2.3051256192165392, "d1": -5.42338323105306, "d2": 1.01422908335432, "g0": 4.836078731575473, "g1": 0.19575540197588626, "g2": -9.45498760667579, "g3": 1.3982877286196307, "g4": 0.9307615922463697, "g5": 0.4562402691520344, "g6": -0.3071550500793816, "g7": 0.9885845710398921, "i0": 2.99148928576743, "i1": 0.017703100045510234, "i2": -2.1200307761610198, "i3": 0.8725286175864247, "i4": 0.9003454643172482, "i5": 0.4587560345640991, "i6": 0.48397759859943634, "i7": 1.5707722988385218, "r0": 4.399280582187918, "r1": 0.05027850707356962, "r2": -1.081844146679332, "r3": 1.2547289722833956, "r4": 1.2352819591450714, "r5": -0.38070383686266535, "r6": 0.18393618977268622, "r7": 1.392838751635265}, "datetime": {"datetime": "2020-01-18 07:48:14", "elapsed": 39680.297716, "delta": 31.73209}}
{"target": 5.1, "params": {"d0": 3.242104669257115, "d1": -9.22227178994866, "d2": 0.7415243941942613, "g0": 4.752315295032035, "g1": 0.32084870683786326, "g2": -5.881174935286031, "g3": 1.3577415936121113, "g4": 0.8751253997445658, "g5": 0.7858318394407147, "g6": 0.9990239534927432, "g7": 1.6911336226739584, "i0": 1.8680604131502465, "i1": 0.42717783917702046, "i2": -9.38489801246303, "i3": 1.0224099868080823, "i4": 0.9280643805459488, "i5": -0.492272942958142, "i6": -0.11099051546732713, "i7": 0.9576974254848244, "r0": 4.676467687472031, "r1": 0.059124640971527365, "r2": -5.369662426636549, "r3": 1.0949665285360421, "r4": 1.216637215396172, "r5": -0.40305667115918475, "r6": 0.6960983280822441, "r7": 1.643786172025758}, "datetime": {"datetime": "2020-01-18 07:48:45", "elapsed": 39711.774075, "delta": 31.476359}}
{"target": 12.75, "params": {"d0": 1.8219065174704074, "d1": -3.5634707815816613, "d2": 0.8695566048075045, "g0": 1.8019714804893612, "g1": 0.8476826626284197, "g2": -4.9134164486260135, "g3": 1.0325704143801158, "g4": 0.9584968213830618, "g5": 0.18698012055143587, "g6": -0.2067936038587725, "g7": 1.8526441170761474, "i0": 4.789802611619013, "i1": 0.32959917695293517, "i2": -4.022782146561208, "i3": 0.7499041642474352, "i4": 1.1348210682382711, "i5": -0.5321656715111805, "i6": -0.4640185338685547, "i7": 1.8981598244089786, "r0": 2.055919856962589, "r1": 0.3566102133034357, "r2": -0.7731577868585564, "r3": 1.38123136527364, "r4": 1.1352196171963396, "r5": 0.4607254480045726, "r6": 0.8907003375634748, "r7": 1.0044226103908398}, "datetime": {"datetime": "2020-01-18 07:49:21", "elapsed": 39747.705385, "delta": 35.93131}}
{"target": 16.45, "params": {"d0": 3.134862760272199, "d1": -0.552235480441416, "d2": 1.09382110846424, "g0": 2.032482018750843, "g1": 0.8665894004117262, "g2": -5.719656129866979, "g3": 1.4914456843293242, "g4": 0.9343523059106948, "g5": -0.2915189474772951, "g6": 0.755466259088132, "g7": 0.9755683700564015, "i0": 1.0239918279714377, "i1": 0.040788354232857205, "i2": -8.201976680137227, "i3": 1.1377337960977572, "i4": 1.088912744055491, "i5": 0.21132025031483925, "i6": 0.9488524567797185, "i7": 0.9331976907208728, "r0": 2.1635325490212862, "r1": 0.5950891421278257, "r2": -1.0907181916006419, "r3": 1.1444361563164926, "r4": 1.1170392315227624, "r5": -0.3015109093841451, "r6": -0.30968318990827154, "r7": 1.4031525204243027}, "datetime": {"datetime": "2020-01-18 07:49:52", "elapsed": 39779.162257, "delta": 31.456872}}
{"target": 15.85, "params": {"d0": 2.780963408032405, "d1": -3.7399286906354217, "d2": 1.3928389836993231, "g0": 2.04665495675537, "g1": 0.21804945926763553, "g2": -6.055952529658355, "g3": 0.8495928045834408, "g4": 1.1662049472860907, "g5": 0.39774117221261074, "g6": 0.5992905759617946, "g7": 1.5304255948071175, "i0": 3.5148232922015223, "i1": 0.3737874860169794, "i2": -0.5803368593642588, "i3": 0.7849139246940035, "i4": 0.991209403926977, "i5": -0.7530799212018593, "i6": 0.928630421004313, "i7": 1.4978453584577553, "r0": 0.12021892640587617, "r1": 0.640676961080181, "r2": -7.682855787179429, "r3": 0.8995433279864277, "r4": 0.9606594549918865, "r5": 0.43038086581021817, "r6": -0.144796304786022, "r7": 1.816319694333521}, "datetime": {"datetime": "2020-01-18 07:50:26", "elapsed": 39812.682028, "delta": 33.519771}}
{"target": 15.55, "params": {"d0": 1.7876214319276373, "d1": -2.7096203613983016, "d2": 1.1598811650770593, "g0": 3.8822996617123633, "g1": 0.9754460127283917, "g2": -5.605044057287954, "g3": 0.8588044992260868, "g4": 1.035429536712049, "g5": -0.061003830781224844, "g6": 0.8169828485312771, "g7": 1.2711276880174187, "i0": 1.1580882952859894, "i1": 0.03284184187724426, "i2": -2.145009865289836, "i3": 1.3776565918103816, "i4": 1.241873807364275, "i5": -0.5772875701973987, "i6": 0.21844176516691194, "i7": 1.4936316608725533, "r0": 1.5206889007788893, "r1": 0.06752319204155843, "r2": -4.678314321466498, "r3": 0.8985148495695015, "r4": 1.0188358196821186, "r5": -0.6570703897674834, "r6": -0.033046606555782176, "r7": 1.8405567301199581}, "datetime": {"datetime": "2020-01-18 07:50:58", "elapsed": 39844.366672, "delta": 31.684644}}
{"target": 9.5, "params": {"d0": 0.8408519515265805, "d1": -8.870492372640765, "d2": 1.2381171239295363, "g0": 2.849730305913052, "g1": 0.6236203477295627, "g2": -6.44201332692349, "g3": 0.8755077538817532, "g4": 0.8639062359382856, "g5": 0.6134713613236908, "g6": 0.12054123241490433, "g7": 1.011175195152106, "i0": 3.1203339505995187, "i1": 0.04752821782636363, "i2": -5.269824844292708, "i3": 1.0716855491605743, "i4": 0.9505929188466156, "i5": -0.5221979524897066, "i6": 0.6999727074058315, "i7": 1.9010369610191433, "r0": 1.3203381934529617, "r1": 0.44128599501189736, "r2": -2.6702539755231847, "r3": 0.7474051119612757, "r4": 1.0881143725599463, "r5": -0.41684022250786534, "r6": -0.2221671487922237, "r7": 1.077182295596374}, "datetime": {"datetime": "2020-01-18 07:51:41", "elapsed": 39887.525591, "delta": 43.158919}}
{"target": 13.6, "params": {"d0": 1.5249987187853948, "d1": -9.293260811695193, "d2": 1.4542555048218218, "g0": 2.0411407380186675, "g1": 0.4060829379998132, "g2": -0.01563812463831482, "g3": 0.7983345683795431, "g4": 0.8536321717732136, "g5": -0.5974137549731501, "g6": 0.13663962165536359, "g7": 1.2589669089965763, "i0": 0.281836923844217, "i1": 0.6304393692709114, "i2": -8.673935885803937, "i3": 0.7704558960019654, "i4": 0.9777398821541334, "i5": -0.7903258219121216, "i6": 0.9743897729420856, "i7": 1.42863448938984, "r0": 0.25335172078389034, "r1": 0.9740030259014394, "r2": -1.7785605735134347, "r3": 1.143433899384131, "r4": 1.1148707938403124, "r5": 0.17779602543594564, "r6": -0.12434525718029393, "r7": 1.8110991384307178}, "datetime": {"datetime": "2020-01-18 07:52:22", "elapsed": 39928.650609, "delta": 41.125018}}
{"target": 15.7, "params": {"d0": 2.184716455708428, "d1": -0.23677064281430305, "d2": 1.025040806151629, "g0": 3.8383432952386105, "g1": 0.3609083514214565, "g2": -9.605406004984541, "g3": 0.9729339785489162, "g4": 1.0548411765898067, "g5": -0.06106538164005482, "g6": 0.34634793615791604, "g7": 1.2700875175543733, "i0": 3.8038690777605995, "i1": 0.4543147064879083, "i2": -3.997303795518592, "i3": 1.249462508087288, "i4": 0.8383199570984123, "i5": -0.594018021647658, "i6": 0.1437962264348689, "i7": 1.7066935386905993, "r0": 0.5451688363495649, "r1": 0.3621221953066278, "r2": -1.8443253302183908, "r3": 1.041683046650641, "r4": 0.9646825894292093, "r5": 0.24607246758470325, "r6": 0.764700303525633, "r7": 1.2306142714988737}, "datetime": {"datetime": "2020-01-18 07:52:53", "elapsed": 39959.384221, "delta": 30.733612}}
{"target": 13.75, "params": {"d0": 3.3657718189423353, "d1": -4.693035701387814, "d2": 1.038169467437731, "g0": 2.3449140922802325, "g1": 0.3308061938517649, "g2": -1.9392898803905805, "g3": 1.0106757010266252, "g4": 1.102281628299072, "g5": 0.08181107779795005, "g6": 0.6252297163867624, "g7": 1.8752419933904863, "i0": 3.1574028798761327, "i1": 0.3402065333132255, "i2": -9.014704099775988, "i3": 1.4761002681909736, "i4": 0.8527434789615883, "i5": 0.2821118322611107, "i6": 0.23414533897902912, "i7": 0.9729667889486989, "r0": 2.7173019640123384, "r1": 0.6136554771667557, "r2": -5.693557208005334, "r3": 0.8492414773030589, "r4": 0.9018469907987601, "r5": -0.7031419727263817, "r6": 0.1454888781780539, "r7": 0.9473882855835428}, "datetime": {"datetime": "2020-01-18 07:53:16", "elapsed": 39982.60651, "delta": 23.222289}}
{"target": 11.8, "params": {"d0": 1.3840552097185232, "d1": -5.078685032105842, "d2": 1.1882167368969527, "g0": 4.699630783813285, "g1": 0.7790456683913465, "g2": -7.699232831009577, "g3": 1.180007178001856, "g4": 0.8739070226829482, "g5": 0.2684422868077547, "g6": 0.9625945636406368, "g7": 1.6192283759390733, "i0": 4.182710363886413, "i1": 0.5339634124443643, "i2": -4.560137490206911, "i3": 0.9841618386853853, "i4": 0.8109374856526514, "i5": -0.6522099345276852, "i6": 0.3622513657076879, "i7": 1.8797451260512537, "r0": 1.7504815527748137, "r1": 0.21034549811315773, "r2": -7.9573549708015605, "r3": 1.3301421103809243, "r4": 1.1166525834073355, "r5": -0.4293730637860648, "r6": -0.013913577632757357, "r7": 0.9573510465413395}, "datetime": {"datetime": "2020-01-18 07:53:58", "elapsed": 40025.045173, "delta": 42.438663}}
{"target": 12.7, "params": {"d0": 4.883343464251704, "d1": -8.836412786233641, "d2": 1.4877197023902766, "g0": 4.044991890235102, "g1": 0.03130945341948266, "g2": -9.166709301822536, "g3": 1.0847409533750445, "g4": 1.268217029895684, "g5": -0.5738517530929675, "g6": 0.4314848625623926, "g7": 1.8338560677809037, "i0": 3.9746989309704626, "i1": 0.7521680063895034, "i2": -5.278047166366759, "i3": 1.0905917484351781, "i4": 1.0266837319031372, "i5": -0.4552674934878798, "i6": -0.1457177975400621, "i7": 0.9968414529176222, "r0": 3.513095625861868, "r1": 0.3393878321070749, "r2": -9.73069735119685, "r3": 0.999611274714473, "r4": 1.2049923128930495, "r5": 0.7959452097222819, "r6": 0.04778413575817897, "r7": 1.720190191377259}, "datetime": {"datetime": "2020-01-18 07:54:24", "elapsed": 40051.254409, "delta": 26.209236}}
{"target": 12.15, "params": {"d0": 3.988223458882158, "d1": -7.45701008021066, "d2": 0.9369112284952494, "g0": 0.22096275235092944, "g1": 0.4516433884840765, "g2": -0.8090879806188198, "g3": 0.7570042588379362, "g4": 1.2686241287552082, "g5": -0.3357710467182997, "g6": 0.9777388257005266, "g7": 1.9619524586840127, "i0": 4.068833166254514, "i1": 0.11240198868349405, "i2": -0.9151003304653287, "i3": 1.0149631624033901, "i4": 0.8581646462713863, "i5": 0.6284299377062614, "i6": 0.28443222921348577, "i7": 1.3235998376977895, "r0": 2.985704139141519, "r1": 0.3582618451395848, "r2": -5.891330169157632, "r3": 1.3247533889120622, "r4": 0.8842944054704753, "r5": -0.7113819440089739, "r6": 0.6894196882762047, "r7": 1.7837284139133913}, "datetime": {"datetime": "2020-01-18 07:54:49", "elapsed": 40076.211424, "delta": 24.957015}}
{"target": 10.35, "params": {"d0": 0.40908141600542514, "d1": -8.205055957293357, "d2": 1.3466515410073314, "g0": 2.0000286215798613, "g1": 0.28150785908509424, "g2": -7.328935258993928, "g3": 0.9346709012751548, "g4": 0.8722497789287142, "g5": -0.5126266807930497, "g6": 0.7881842605037108, "g7": 1.8946558724555327, "i0": 0.053059389427563275, "i1": 0.13212215290066498, "i2": -5.99870982159961, "i3": 1.0950612981594505, "i4": 0.8085988283647441, "i5": 0.3433993656316878, "i6": 0.945220597302165, "i7": 1.1232030730404106, "r0": 2.4047308554416897, "r1": 0.05276308031255872, "r2": -8.895275764264545, "r3": 1.3446052931628882, "r4": 0.8155100236018611, "r5": 0.6689310958596906, "r6": 0.06173771112513904, "r7": 0.9988281751270505}, "datetime": {"datetime": "2020-01-18 07:55:36", "elapsed": 40123.153988, "delta": 46.942564}}
{"target": 19.55, "params": {"d0": 4.517524586355212, "d1": -4.909822114885699, "d2": 1.2752136903284503, "g0": 0.7100299345080263, "g1": 0.9858727452957196, "g2": -3.9549856325783868, "g3": 1.185140949711493, "g4": 0.8763977003322921, "g5": -0.3176148485965502, "g6": 0.220618004254717, "g7": 1.185467554845303, "i0": 3.4923637795277878, "i1": 0.3670244636852613, "i2": -0.8136413232447772, "i3": 1.4146388139864652, "i4": 1.0915756747720367, "i5": -0.5959621709227001, "i6": -0.17821866693574812, "i7": 1.3496010868650128, "r0": 2.2436193883621955, "r1": 0.6517554475079352, "r2": -6.3787660549459435, "r3": 1.2433189380342067, "r4": 0.8274351244596603, "r5": 0.37591179690215415, "r6": 0.9596015359219958, "r7": 0.975929447600133}, "datetime": {"datetime": "2020-01-18 07:56:07", "elapsed": 40154.034941, "delta": 30.880953}}
{"target": 11.6, "params": {"d0": 3.9927091909434202, "d1": -3.4511420215427835, "d2": 1.1805077789411615, "g0": 2.4701738712474244, "g1": 0.46569202880449867, "g2": -4.651001122841497, "g3": 1.2205245959287903, "g4": 0.9685352534931577, "g5": 0.05500314327764888, "g6": -0.28281477223507945, "g7": 1.4841319399971171, "i0": 1.116364316003298, "i1": 0.17912619570436272, "i2": -0.9539865798486069, "i3": 0.8027252965709626, "i4": 1.240618730006099, "i5": 0.6929356130874582, "i6": 0.6261972340635262, "i7": 1.200434915300606, "r0": 2.7824907291925065, "r1": 0.5887628678730176, "r2": -4.547312296284865, "r3": 0.9924949078323013, "r4": 0.9634186942236056, "r5": -0.20337705104137882, "r6": -0.0004175622765366094, "r7": 1.448201132978281}, "datetime": {"datetime": "2020-01-18 07:56:45", "elapsed": 40192.23644, "delta": 38.201499}}
{"target": 13.7, "params": {"d0": 1.2608303550293531, "d1": -2.487463125761362, "d2": 0.7817435203996012, "g0": 0.09170162994662945, "g1": 0.21258958393416527, "g2": -3.947862361028238, "g3": 1.0971386402018366, "g4": 0.9009135541814636, "g5": -0.7101248286722965, "g6": -0.14438670071801268, "g7": 1.933697199151465, "i0": 4.446280650857077, "i1": 0.9595343074681206, "i2": -9.197396993543519, "i3": 1.1622348680331829, "i4": 1.111736756678484, "i5": 0.6912390287375885, "i6": 0.3586701515755333, "i7": 1.668321669386056, "r0": 1.143363382594036, "r1": 0.43771529685819277, "r2": -4.154117601273902, "r3": 1.2152717377824391, "r4": 1.0330686472231512, "r5": -0.15026814384761022, "r6": 0.516832903647094, "r7": 1.8590952470632218}, "datetime": {"datetime": "2020-01-18 07:57:14", "elapsed": 40220.830244, "delta": 28.593804}}
{"target": 12.55, "params": {"d0": 2.94338557615956, "d1": -5.826725012499866, "d2": 1.3571733989610353, "g0": 1.3441499397707686, "g1": 0.8337851319773938, "g2": -9.347303118866462, "g3": 0.8145829918766769, "g4": 0.8381245000400384, "g5": 0.43994075921205833, "g6": 0.31750455102097286, "g7": 1.5247503035114987, "i0": 2.7165975774511213, "i1": 0.20476412339198868, "i2": -9.89884930600822, "i3": 1.088803073729177, "i4": 1.205112372216765, "i5": 0.5532950310048199, "i6": 0.6064702451127295, "i7": 1.7204410567989683, "r0": 1.3049732026342524, "r1": 0.3567927046629169, "r2": -4.985022407013417, "r3": 0.9856228208845941, "r4": 0.9249603720263639, "r5": 0.036152569785162236, "r6": 0.6631572603203362, "r7": 1.3922276539435923}, "datetime": {"datetime": "2020-01-18 07:57:44", "elapsed": 40251.201718, "delta": 30.371474}}
{"target": 11.7, "params": {"d0": 4.3796508262917415, "d1": -3.3260427132310397, "d2": 1.1686844044541262, "g0": 4.646387589309155, "g1": 0.16986571976029885, "g2": -5.918730024481208, "g3": 0.8223514071407834, "g4": 0.8972891761512387, "g5": -0.3487377671223104, "g6": 0.9831487391965035, "g7": 1.6123201839946661, "i0": 1.1360852084207314, "i1": 0.8659404316140533, "i2": -3.9881899399170715, "i3": 1.389662735976443, "i4": 0.8457620950338522, "i5": 0.6820963461824412, "i6": 0.43187820585102465, "i7": 1.9068088366259688, "r0": 1.8602916357241268, "r1": 0.5470297775370249, "r2": -2.0865717196079148, "r3": 0.9727216571481334, "r4": 0.8626659196648298, "r5": -0.0201349120385117, "r6": 0.660933805880239, "r7": 1.3030371420832225}, "datetime": {"datetime": "2020-01-18 07:58:21", "elapsed": 40287.580578, "delta": 36.37886}}
{"target": 13.8, "params": {"d0": 2.173880573265294, "d1": -7.0547612657322, "d2": 1.3791954882520234, "g0": 2.560206046403267, "g1": 0.5401931911118008, "g2": -8.274215678694288, "g3": 1.0131880861871523, "g4": 1.1729718709214212, "g5": -0.2752066190199768, "g6": 0.936162973976753, "g7": 1.839373483306019, "i0": 4.573055920091264, "i1": 0.741114980946999, "i2": -4.946477716183399, "i3": 1.2926239608984336, "i4": 0.8779549055575551, "i5": 0.4409338427380838, "i6": 0.9398387238691188, "i7": 1.7950439318810583, "r0": 4.774292579760156, "r1": 0.584583234047859, "r2": -4.011421314045231, "r3": 1.2827544541139009, "r4": 0.8499254949338506, "r5": 0.17877516560537077, "r6": -0.231329240826382, "r7": 1.488011612784947}, "datetime": {"datetime": "2020-01-18 07:58:52", "elapsed": 40318.295703, "delta": 30.715125}}
{"target": 18.9, "params": {"d0": 4.378466537428871, "d1": -0.24765036942268814, "d2": 1.126972730787097, "g0": 2.0847451834326987, "g1": 0.08906448843237935, "g2": -4.27123398961171, "g3": 1.2897311841654648, "g4": 1.1900855775088321, "g5": 0.5108294669371638, "g6": 0.575252099166756, "g7": 1.3979780913753541, "i0": 3.5365489456646286, "i1": 0.45670785811832604, "i2": -2.0272401934994555, "i3": 1.102051740982677, "i4": 0.8401261487979477, "i5": -0.7810026427055979, "i6": 0.17468957354471093, "i7": 1.3311744638009233, "r0": 0.9989545493300706, "r1": 0.06150164323069218, "r2": -6.066378881517391, "r3": 1.4812492727401594, "r4": 1.0862149226947724, "r5": -0.7738778461424838, "r6": 0.8417733292144711, "r7": 1.619935034136001}, "datetime": {"datetime": "2020-01-18 07:59:21", "elapsed": 40348.023858, "delta": 29.728155}}
{"target": 16.55, "params": {"d0": 3.0365915160901173, "d1": -0.7486765596697378, "d2": 0.7373702217141725, "g0": 1.456911092340566, "g1": 0.12376551804471592, "g2": -9.572183614617234, "g3": 0.8318050205358282, "g4": 0.9021053966671632, "g5": 0.17124784237618118, "g6": 0.7083175908384083, "g7": 1.135727257400561, "i0": 0.0007093279314063228, "i1": 0.5337187451877431, "i2": -4.289820330840591, "i3": 0.9855927803132802, "i4": 0.9238374792339276, "i5": -0.09785423861345421, "i6": -0.21799472893894944, "i7": 1.6619098111136217, "r0": 1.2244729914655221, "r1": 0.35844571557207805, "r2": -6.427995321967005, "r3": 1.0574782798724565, "r4": 0.9791283902109736, "r5": 0.2608394881006926, "r6": 0.11001607119541568, "r7": 1.371551563433015}, "datetime": {"datetime": "2020-01-18 07:59:52", "elapsed": 40379.261959, "delta": 31.238101}}
{"target": 16.05, "params": {"d0": 4.3707567839240005, "d1": -4.332122999212318, "d2": 1.3866390320820052, "g0": 4.772840041434101, "g1": 0.8965295129421238, "g2": -4.897041431668262, "g3": 1.1868986115380749, "g4": 0.8116604370225439, "g5": 0.38866015405431154, "g6": 0.20423072112350837, "g7": 1.756098418599406, "i0": 1.0883616643132403, "i1": 0.2683729150593015, "i2": -2.807971668511825, "i3": 0.8505372028971433, "i4": 1.2093918522195608, "i5": -0.6782745346141499, "i6": 0.6752748268246651, "i7": 1.8676769130693953, "r0": 1.4313043957313636, "r1": 0.5948306565726571, "r2": -1.5656499318593848, "r3": 0.7903132473841078, "r4": 1.1585316605113816, "r5": -0.27321488209428146, "r6": 0.756124037087657, "r7": 1.9368154512339117}, "datetime": {"datetime": "2020-01-18 08:00:23", "elapsed": 40409.659914, "delta": 30.397955}}
{"target": 14.5, "params": {"d0": 4.234005571178894, "d1": -7.601949920108691, "d2": 1.490197628678776, "g0": 1.498737944111475, "g1": 0.7008401991192451, "g2": -7.562051173879658, "g3": 1.3934984212780979, "g4": 0.9096537725595245, "g5": -0.17757947275931174, "g6": -0.17321869745492102, "g7": 0.9670550146608424, "i0": 0.4621311339137685, "i1": 0.4980290556395168, "i2": -1.2636658313345244, "i3": 1.3291471514525952, "i4": 0.977057274081376, "i5": 0.5694831428894693, "i6": 0.4712497304580314, "i7": 1.8586694637463075, "r0": 2.509887106491248, "r1": 0.34524738659321075, "r2": -6.383099619648707, "r3": 1.3178111378943251, "r4": 1.1650191016778848, "r5": 0.15377713750688193, "r6": -0.2923403965132131, "r7": 1.4094683231245344}, "datetime": {"datetime": "2020-01-18 08:00:58", "elapsed": 40444.808525, "delta": 35.148611}}
{"target": 16.75, "params": {"d0": 3.9389807399922394, "d1": -7.331657671236743, "d2": 1.4573711607592, "g0": 1.2609423380398228, "g1": 0.9933137403527733, "g2": -3.678967005483634, "g3": 0.8048632192584638, "g4": 1.2408162656511648, "g5": 0.5952844122703864, "g6": -0.2827350233136047, "g7": 1.4137481785470989, "i0": 0.8141467002865371, "i1": 0.2923984298336202, "i2": -6.760144781967021, "i3": 0.7800084247898422, "i4": 0.9117924237052282, "i5": -0.5732908963079286, "i6": 0.7453465245793853, "i7": 1.8249023258107546, "r0": 3.521858399662538, "r1": 0.17067383578841766, "r2": -9.710746541657459, "r3": 0.8001926764461824, "r4": 1.2669178812352397, "r5": 0.7012492395234613, "r6": 0.6974813455917448, "r7": 1.947204910833697}, "datetime": {"datetime": "2020-01-18 08:01:33", "elapsed": 40479.811768, "delta": 35.003243}}
