{"target": 12.45, "params": {"d0": 2.08511002351287, "d1": -2.7967550655784192, "d2": 0.7000914998538759, "g0": 1.5116628631591988, "g1": 0.14675589081711304, "g2": -9.076614052312022, "g3": 0.8490081691021367, "g4": 0.972780363521524, "g5": -0.1651720412309281, "g6": 0.3082251010050354, "g7": 1.3611139658436242, "i0": 3.4260975019837976, "i1": 0.20445224973151743, "i2": -1.2188256360905463, "i3": 0.7219100745583409, "i4": 1.135233755089201, "i5": -0.13231231621259687, "i6": 0.33803474266862743, "i7": 1.0544256324547572, "r0": 0.990507445424394, "r1": 0.8007445686755367, "r2": -0.31738424280602473, "r3": 0.9507393425273942, "r4": 1.146161307834657, "r5": 0.6022226436736613, "r6": 0.8419099952557709, "r7": 0.9935486325067557}, "datetime": {"datetime": "2020-01-17 20:46:53", "elapsed": 0.0, "delta": 0.0}}
{"target": 12.45, "params": {"d0": 2.08511002351287, "d1": -2.7967550655784192, "d2": 0.7000914998538759, "g0": 1.5116628631591988, "g1": 0.14675589081711304, "g2": -9.076614052312022, "g3": 0.8490081691021367, "g4": 0.972780363521524, "g5": -0.1651720412309281, "g6": 0.3082251010050354, "g7": 1.3611139658436242, "i0": 3.4260975019837976, "i1": 0.20445224973151743, "i2": -1.2188256360905463, "i3": 0.7219100745583409, "i4": 1.135233755089201, "i5": -0.13231231621259687, "i6": 0.33803474266862743, "i7": 1.0544256324547572, "r0": 0.990507445424394, "r1": 0.8007445686755367, "r2": -0.31738424280602473, "r3": 0.9507393425273942, "r4": 1.146161307834657, "r5": 0.6022226436736613, "r6": 0.8419099952557709, "r7": 0.9935486325067557}, "datetime": {"datetime": "2020-01-17 20:46:53", "elapsed": 0.000999, "delta": 0.000999}}
{"target": 12.45, "params": {"d0": 2.08511002351287, "d1": -2.7967550655784192, "d2": 0.7000914998538759, "g0": 1.5116628631591988, "g1": 0.14675589081711304, "g2": -9.076614052312022, "g3": 0.8490081691021367, "g4": 0.972780363521524, "g5": -0.1651720412309281, "g6": 0.3082251010050354, "g7": 1.3611139658436242, "i0": 3.4260975019837976, "i1": 0.20445224973151743, "i2": -1.2188256360905463, "i3": 0.7219100745583409, "i4": 1.135233755089201, "i5": -0.13231231621259687, "i6": 0.33803474266862743, "i7": 1.0544256324547572, "r0": 0.990507445424394, "r1": 0.8007445686755367, "r2": -0.31738424280602473, "r3": 0.9507393425273942, "r4": 1.146161307834657, "r5": 0.6022226436736613, "r6": 0.8419099952557709, "r7": 0.9935486325067557}, "datetime": {"datetime": "2020-01-17 20:46:53", "elapsed": 0.001998, "delta": 0.000999}}
{"target": 14.4, "params": {"d0": 3.1183610352780446, "d1": -2.4905756597266286, "d2": 0.979118673582274, "g0": 1.3496394588251304, "g1": 0.8958862181960668, "g2": -5.719088101287051, "g3": 1.4718720377187084, "g4": 1.131720748909224, "g5": 0.19471315233459485, "g6": -0.3278810405699372, "g7": 1.9444381845777783, "i0": 2.2495606673997024, "i1": 0.5783896143871318, "i2": -5.918631972387188, "i3": 0.8896215841944222, "i4": 1.251689760281127, "i5": 0.11788717867565734, "i6": -0.49569450945326154, "i7": 1.5788594049827962, "r0": 1.6332245088604807, "r1": 0.5270581022576093, "r2": -1.1405790068922546, "r3": 0.9858158080019999, "r4": 1.2542675754598998, "r5": 0.19737618526688439, "r6": -0.4762681357301656, "r7": 1.9223809571181376}, "datetime": {"datetime": "2020-01-17 20:47:23", "elapsed": 29.465411, "delta": 29.463413}}
{"target": 17.0, "params": {"d0": 3.45448458758462, "d1": -0.026771495485194308, "d2": 0.8378724066762628, "g0": 0.6856787481443888, "g1": 0.9325954630371636, "g2": -3.0318183851009985, "g3": 0.7528001381776499, "g4": 1.1777315263012333, "g5": 0.4062019015379943, "g6": 0.884536803319725, "g7": 1.682677234491319, "i0": 0.6213548098608235, "i1": 0.01988013383979559, "i2": -9.737890131222807, "i3": 0.7226451904166357, "i4": 0.923105533801523, "i5": 0.5760447178926209, "i6": 0.3082465965124792, "i7": 1.5081041765543426, "r0": 4.210154461798028, "r1": 0.12417331511991114, "r2": -7.208163209888605, "r3": 1.1686074171666303, "r4": 1.2847978741598374, "r5": 0.09764835080913592, "r6": -0.47202906594058547, "r7": 1.7806959399486781}, "datetime": {"datetime": "2020-01-17 20:48:04", "elapsed": 70.822678, "delta": 41.357267}}
{"target": 15.65, "params": {"d0": 1.1648713692051023, "d1": -1.928948043812209, "d2": 1.0102885152513374, "g0": 4.317709272797144, "g1": 0.7471216427371846, "g2": -4.437597660095811, "g3": 0.809164180528548, "g4": 0.8299588447561059, "g5": -0.6058504708148202, "g6": -0.4331721821828574, "g7": 1.0182435420167022, "i0": 1.1285466930392736, "i1": 0.7129889803826767, "i2": -4.402830179458576, "i3": 0.7100447841272927, "i4": 0.8359871398447434, "i5": 0.7476421280004353, "i6": 0.3521506928799132, "i7": 1.1236225581270896, "r0": 1.2616287228516172, "r1": 0.7438258540750929, "r2": -8.045705188906812, "r3": 1.1650871418186062, "r4": 1.2850099945441562, "r5": 0.5549260823840565, "r6": -0.14022836127862076, "r7": 1.443146685695603}, "datetime": {"datetime": "2020-01-17 20:48:44", "elapsed": 110.358815, "delta": 39.536137}}
{"target": 19.15, "params": {"d0": 3.0997785919068988, "d1": -1.7101910044982134, "d2": 0.8254331157168674, "g0": 0.09288101088704759, "g1": 0.07002214371922233, "g2": -5.1365488906296815, "g3": 1.1850635693226643, "g4": 1.0844257185432407, "g5": -0.29222014508454286, "g6": 0.9829242316186733, "g7": 1.5377197411703767, "i0": 1.900705863117752, "i1": 0.5509482191178968, "i2": -2.546655690934979, "i3": 1.2353863147625477, "i4": 0.9324597788314047, "i5": -0.6938642649144935, "i6": 0.05512629687115944, "i7": 1.592689257723721, "r0": 1.0508700495741978, "r1": 0.7527555537388139, "r2": -9.33463518645885, "r3": 0.9082520788628328, "r4": 1.2023772818716727, "r5": -0.4905051478026756, "r6": 0.45919132131991014, "r7": 1.4771373400361072}, "datetime": {"datetime": "2020-01-17 20:49:21", "elapsed": 148.187678, "delta": 37.828863}}
{"target": 2.65, "params": {"d0": 4.624039851996754, "d1": -7.36703229512889, "d2": 0.752768872547219, "g0": 3.675329816443347, "g1": 0.7721780295432468, "g2": -0.9218414749647597, "g3": 1.4455776553574697, "g4": 0.8069757864877986, "g5": -0.4250206622057272, "g6": 0.4251675355024864, "g7": 1.9439179527563781, "i0": 4.750880596235398, "i1": 0.5566531881951564, "i2": -0.8439365023372538, "i3": 1.21325296715707, "i4": 0.9950038570706232, "i5": -0.02241493264494443, "i6": 0.40646572437995987, "i7": 1.504502713659419, "r0": 4.6309071335322685, "r1": 0.9187334356336061, "r2": -6.051243870764451, "r3": 1.4706100227525694, "r4": 0.8869778333402323, "r5": -0.5978727688965804, "r6": -0.297381262929903, "r7": 1.4562283822445865}, "datetime": {"datetime": "2020-01-17 20:50:05", "elapsed": 192.001434, "delta": 43.813756}}
{"target": 17.85, "params": {"d0": 0.10762402637098989, "d1": -0.5202978878231903, "d2": 1.361692376936586, "g0": 0.0750949037106119, "g1": 0.17619625557505525, "g2": -6.67936425633163, "g3": 0.8047974758487335, "g4": 1.204745346063291, "g5": -0.24842135570673052, "g6": 0.9101612235000507, "g7": 1.540215597941788, "i0": 4.39415992205922, "i1": 0.8447344453922219, "i2": -0.9460768129135069, "i3": 1.0679042126534455, "i4": 1.0731734080101867, "i5": 0.47776574584326315, "i6": -0.07142172239877864, "i7": 1.4392788748819205, "r0": 2.9955515382293916, "r1": 0.015533275550835723, "r2": -4.065185918033628, "r3": 1.0469410791915665, "r4": 1.2036802644424207, "r5": -0.29560831504740326, "r6": 0.8393330627877269, "r7": 1.5356429368129891}, "datetime": {"datetime": "2020-01-17 20:50:43", "elapsed": 230.072557, "delta": 38.071123}}
{"target": 16.5, "params": {"d0": 0.9200510081373253, "d1": -2.120707661744957, "d2": 1.1896249416359472, "g0": 0.2695463603687648, "g1": 0.4201936800011322, "g2": -3.2093116343457044, "g3": 1.4348814223820208, "g4": 0.8002010124456788, "g5": 0.7628146384496954, "g6": 0.0648704721186617, "g7": 1.971161892194155, "i0": 3.023580504870265, "i1": 0.828845807980693, "i2": -4.252884952918977, "i3": 1.2024609586458803, "i4": 0.942788140847847, "i5": 0.13893334504973276, "i6": 0.6250326455539899, "i7": 1.8441452200719466, "r0": 3.775410942338401, "r1": 0.698057248447303, "r2": -1.355205699454002, "r3": 0.9581447974693971, "r4": 1.1353943953937937, "r5": -0.07860170173864134, "r6": 0.07315412804727583, "r7": 1.3518924849144043}, "datetime": {"datetime": "2020-01-17 20:51:24", "elapsed": 270.753016, "delta": 40.680459}}
{"target": 4.85, "params": {"d0": 2.007397917347703, "d1": -6.826160540417231, "d2": 1.197535494336241, "g0": 2.151236354106322, "g1": 0.9738020779272523, "g2": -3.2219910856568887, "g3": 0.8588559107416887, "g4": 1.0133505046740163, "g5": -0.2506460163609232, "g6": 0.6964582059378499, "g7": 1.867998117419775, "i0": 4.5192097791318595, "i1": 0.6627198123752622, "i2": -7.297917379702422, "i3": 0.9018933612036717, "i4": 1.2274489713487013, "i5": 0.04434343409399466, "i6": 0.7032416260068972, "i7": 1.5297373689107672, "r0": 3.6657126264375557, "r1": 0.5190116274640558, "r2": -2.29116089498112, "r3": 1.1550863925637724, "r4": 1.0328549392959905, "r5": -0.25169774727474914, "r6": -0.3976859773749438, "r7": 1.31571659726091}, "datetime": {"datetime": "2020-01-17 20:51:59", "elapsed": 305.384652, "delta": 34.631636}}
{"target": 8.8, "params": {"d0": 0.3981303884912618, "d1": -0.1718288626955502, "d2": 0.845290281064611, "g0": 4.059293488602699, "g1": 0.8749616449558981, "g2": -3.1158674761405667, "g3": 1.1555955301963006, "g4": 0.8804857184078044, "g5": -0.052991963578709944, "g6": 0.01775807673282248, "g7": 1.147543953595493, "i0": 2.9625593438289837, "i1": 0.31226983770191696, "i2": -0.8369444653164919, "i3": 1.4277084199612458, "i4": 0.9285591468910981, "i5": -0.6225739188095534, "i6": -0.21055590197133073, "i7": 1.4495425877467747, "r0": 3.6429283398729813, "r1": 0.20819443840879148, "r2": -7.519664416227693, "r3": 1.3813374999490935, "r4": 1.0079243591337637, "r5": 0.18669610744837795, "r6": -0.1495007911411249, "r7": 1.0121639853683773}, "datetime": {"datetime": "2020-01-17 20:52:38", "elapsed": 345.045335, "delta": 39.660683}}
{"target": 12.6, "params": {"d0": 2.579285084842649, "d1": -5.228590129502177, "d2": 0.8221373152745306, "g0": 3.1090311587020776, "g1": 0.5440101188139381, "g2": -3.458626530292557, "g3": 0.8156364320997278, "g4": 1.175763908567622, "g5": -0.4447213763201237, "g6": 0.27902773654904944, "g7": 1.763825631043781, "i0": 0.1116521399590309, "i1": 0.3243624597261865, "i2": -1.2707762359988894, "i3": 1.3757676860816557, "i4": 1.0692202962972719, "i5": 0.5865732386664209, "i6": 0.9247089870304399, "i7": 1.8090476973922756, "r0": 4.270577219182694, "r1": 0.09874340182034835, "r2": -3.48695667659009, "r3": 1.2628135905221223, "r4": 1.1051204063233149, "r5": 0.4793844187776448, "r6": -0.4481431701925486, "r7": 1.747262608010478}, "datetime": {"datetime": "2020-01-17 20:53:13", "elapsed": 380.244379, "delta": 35.199044}}
{"target": 12.05, "params": {"d0": 3.6586430036976347, "d1": -7.403016067016469, "d2": 0.9056554390577173, "g0": 3.161516587150639, "g1": 0.34529746159108154, "g2": -2.034113219927125, "g3": 1.0569169856027658, "g4": 1.191374707392086, "g5": 0.7847548537981452, "g6": -0.0496274906991499, "g7": 1.0573064110839094, "i0": 4.506542181746369, "i1": 0.5415593788873733, "i2": -0.25259629144917817, "i3": 1.2092835200015177, "i4": 1.2969565123052396, "i5": 0.07371328662872256, "i6": 0.2896389008582819, "i7": 1.048970693379387, "r0": 1.7785258549194056, "r1": 0.026218567296373285, "r2": -8.39604820480351, "r3": 1.2965097541659967, "r4": 0.8151998449643945, "r5": -0.21353104441000903, "r6": 0.7935193792570661, "r7": 1.6619454892580898}, "datetime": {"datetime": "2020-01-17 20:53:48", "elapsed": 415.147745, "delta": 34.903366}}
{"target": 12.45, "params": {"d0": 3.4547107103308425, "d1": -8.11363199044689, "d2": 1.0535234245987386, "g0": 2.9078870367214558, "g1": 0.9897517076637052, "g2": -7.9609377476687815, "g3": 0.8981863214098839, "g4": 0.931086541886456, "g5": 0.4002758612767885, "g6": 0.18546299115353926, "g7": 0.9626223822522045, "i0": 2.542581203051198, "i1": 0.21196016464367595, "i2": -2.0139575523978976, "i3": 0.9378651052058178, "i4": 0.8138030059772519, "i5": 0.14949191914339366, "i6": 0.7657606433967832, "i7": 1.3191177364684357, "r0": 3.7492915536307168, "r1": 0.5111414782971282, "r2": -4.590481950378114, "r3": 1.467547456849402, "r4": 1.2019804457493235, "r5": -0.7482830934022817, "r6": 0.5640808768469427, "r7": 1.4115016297198566}, "datetime": {"datetime": "2020-01-17 20:54:21", "elapsed": 447.329887, "delta": 32.182142}}
{"target": 19.25, "params": {"d0": 4.737744706975499, "d1": -7.785672656765117, "d2": 0.9136576157474926, "g0": 0.40736982438631, "g1": 0.42861882866378653, "g2": -8.909812359809317, "g3": 1.207029408489534, "g4": 1.201481618686869, "g5": 0.3148807937922855, "g6": 0.6493170716136558, "g7": 1.2766995318278718, "i0": 4.229257415138388, "i1": 0.42876877499944255, "i2": -1.759901295876812, "i3": 1.201196926899435, "i4": 0.8717115243351226, "i5": -0.6745809602320834, "i6": -0.47250103563048906, "i7": 0.9733974974032922, "r0": 2.292919068542159, "r1": 0.11334192276759048, "r2": -9.7221665115133, "r3": 1.303889185112374, "r4": 0.9974252402303198, "r5": 0.3951015929720403, "r6": 0.17860724011967732, "r7": 1.3950954217008373}, "datetime": {"datetime": "2020-01-17 20:54:55", "elapsed": 481.468511, "delta": 34.138624}}
{"target": 5.5, "params": {"d0": 2.3903625335891547, "d1": -5.25996073437806, "d2": 1.3425306736913356, "g0": 2.011962599288679, "g1": 0.904686160343623, "g2": -9.629389520459641, "g3": 1.3190994741763349, "g4": 0.8628206905688695, "g5": 0.18962170705933679, "g6": -0.4844536079971521, "g7": 1.4924900108339818, "i0": 0.015089783097981813, "i1": 0.9511937854902045, "i2": -0.9459796629722188, "i3": 1.3367735535538154, "i4": 1.257637159957394, "i5": -0.5671068301465647, "i6": -0.2634048951942001, "i7": 1.1063948401926775, "r0": 3.1124795114996058, "r1": 0.9058094960083019, "r2": -0.10044821640926394, "r3": 1.2688979670126526, "r4": 1.1659002045711477, "r5": 0.6548691272708071, "r6": 0.10131059855668134, "r7": 1.1748357482475404}, "datetime": {"datetime": "2020-01-17 20:55:22", "elapsed": 508.924973, "delta": 27.456462}}
{"target": 17.15, "params": {"d0": 0.8671508539356143, "d1": -8.80542949666271, "d2": 1.350088470426263, "g0": 0.7339618670862158, "g1": 0.2642974827269007, "g2": -1.8091082136646914, "g3": 0.948469801435368, "g4": 1.2912087246464714, "g5": -0.3733780765573837, "g6": 0.3004800174568172, "g7": 1.2459137123044346, "i0": 4.553864155869187, "i1": 0.36655664385123443, "i2": -5.6640767272683545, "i3": 1.109834153822689, "i4": 1.2694432386848566, "i5": -0.7504815899661589, "i6": 0.5753179954475338, "i7": 1.880120849721573, "r0": 0.13643611758734409, "r1": 0.5220512472525107, "r2": -6.740101882299747, "r3": 1.3875914566924687, "r4": 1.079258275461259, "r5": 0.30436458906039654, "r6": 0.17928024992730618, "r7": 1.591139941273493}, "datetime": {"datetime": "2020-01-17 20:55:57", "elapsed": 543.413256, "delta": 34.488283}}
{"target": 12.9, "params": {"d0": 1.4504842584371291, "d1": -9.906514220334842, "d2": 1.1614047479896725, "g0": 1.557221070662314, "g1": 0.5172675985011298, "g2": -0.835941469461023, "g3": 1.0411798308011169, "g4": 0.9236980183011927, "g5": -0.20592998195351286, "g6": 0.8977916749548109, "g7": 1.930555219440003, "i0": 4.221649742828566, "i1": 0.9202065143056605, "i2": -7.72099710048683, "i3": 0.7699857676428726, "i4": 0.9136548681423444, "i5": -0.29699741421751935, "i6": -0.23785118546553263, "i7": 1.5678035781697066, "r0": 2.067932075005807, "r1": 0.8163515118272141, "r2": -8.148696017309693, "r3": 1.2615012238050483, "r4": 0.9201778124245694, "r5": 0.1187505421453755, "r6": 0.02348139583118325, "r7": 0.962660839431116}, "datetime": {"datetime": "2020-01-17 20:56:26", "elapsed": 572.536029, "delta": 29.122773}}
{"target": 18.2, "params": {"d0": 1.1440683548018793, "d1": -3.3589744464520654, "d2": 1.097800074688425, "g0": 2.595079920368394, "g1": 0.1747201501089225, "g2": -4.292841484537436, "g3": 1.497402740166568, "g4": 1.2084175543958109, "g5": 0.15099619812956444, "g6": 0.9639836024963575, "g7": 1.8917188431362535, "i0": 2.9780396680132277, "i1": 0.032426325314457105, "i2": -9.064229041825193, "i3": 0.7522973720337811, "i4": 1.0258665743457378, "i5": -0.19930426693142755, "i6": 0.9630250514054297, "i7": 1.0847816225195763, "r0": 4.863937959663276, "r1": 0.7674748688630131, "r2": -1.7576216037550214, "r3": 1.206092653422398, "r4": 1.134366385103366, "r5": -0.03698826636609065, "r6": -0.48029546461539163, "r7": 1.2883066940960073}, "datetime": {"datetime": "2020-01-17 20:57:00", "elapsed": 607.127193, "delta": 34.591164}}
{"target": 14.15, "params": {"d0": 2.460359007467792, "d1": -2.6990878890989567, "d2": 1.0749026741968875, "g0": 2.2870245804471585, "g1": 0.13766274094560316, "g2": -9.89111266196521, "g3": 1.306622608381597, "g4": 0.9599764190388392, "g5": 0.7750135203096171, "g6": -0.169648660761266, "g7": 1.2725788280298476, "i0": 2.6194806783306586, "i1": 0.7548914570605327, "i2": -5.361422160997043, "i3": 0.799858034489341, "i4": 0.9562506892460247, "i5": 0.007230671521591403, "i6": 0.5107735120253014, "i7": 1.7471649519433015, "r0": 0.6516789047717714, "r1": 0.022915131322381765, "r2": -4.809176777880105, "r3": 1.347990968529933, "r4": 0.8063018835149383, "r5": 0.2759517514459744, "r6": 0.5302123399854877, "r7": 1.3941714289453013}, "datetime": {"datetime": "2020-01-17 20:57:34", "elapsed": 641.259351, "delta": 34.132158}}
{"target": 17.0, "params": {"d0": 4.573943433709672, "d1": -3.5563891524300706, "d2": 0.7041918701211727, "g0": 2.422142227571878, "g1": 0.8593178060976, "g2": -1.6960042996266047, "g3": 1.2193233576899822, "g4": 1.1368492119493159, "g5": 0.12559932766272086, "g6": -0.08882033724972177, "g7": 1.5165829895896648, "i0": 3.3586489240871016, "i1": 0.35242963021640883, "i2": -1.441716327460723, "i3": 0.8560299888069658, "i4": 1.1736604051659616, "i5": -0.33663560610099613, "i6": 0.660698930866273, "i7": 1.3705110622696839, "r0": 4.038492045561047, "r1": 0.3535348626679904, "r2": -7.863067623704189, "r3": 1.3138276067374133, "r4": 0.9543209738153255, "r5": 0.373192108362284, "r6": 0.6167097296165982, "r7": 1.1435363709990212}, "datetime": {"datetime": "2020-01-17 20:58:06", "elapsed": 672.871057, "delta": 31.611706}}
{"target": 15.0, "params": {"d0": 1.0705606841032422, "d1": -8.010520765729334, "d2": 0.8140146702126757, "g0": 1.8854129960366706, "g1": 0.026627884691621473, "g2": -8.890796309657594, "g3": 1.2396512190107285, "g4": 1.1998882684486931, "g5": -0.6711527565945826, "g6": -0.15244653427131194, "g7": 1.128388227984196, "i0": 4.586667815408153, "i1": 0.7113145181364867, "i2": -4.461153889485857, "i3": 0.9436143903364962, "i4": 1.2174270238158993, "i5": -0.10351046779276807, "i6": 0.8851843226781628, "i7": 1.6766569847695267, "r0": 2.3901565398264166, "r1": 0.1262101037493587, "r2": -0.239564495322524, "r3": 0.8278669202752746, "r4": 0.9013010626098313, "r5": -0.1101091917434065, "r6": 0.10630285866272082, "r7": 1.0614266288407235}, "datetime": {"datetime": "2020-01-17 20:58:41", "elapsed": 708.173518, "delta": 35.302461}}
{"target": 11.85, "params": {"d0": 3.646594596805617, "d1": -8.112549331228141, "d2": 1.2151165154493302, "g0": 3.7715297528814933, "g1": 0.21073239208332073, "g2": -3.9904575189236002, "g3": 1.299142700196669, "g4": 1.1191093553101668, "g5": 0.1554036847146385, "g6": -0.056776571516754415, "g7": 1.7047671183656599, "i0": 4.726542199999749, "i1": 0.42556139026154693, "i2": -2.178181831685947, "i3": 0.7449128317295322, "i4": 1.217635801244983, "i5": -0.4923999730845637, "i6": 0.0926453033349598, "i7": 1.2300891505178921, "r0": 0.4005182190302464, "r1": 0.9046310029362429, "r2": -6.2984582244626175, "r3": 1.1245579507809116, "r4": 1.0470581329481625, "r5": -0.588542172891299, "r6": -0.19031891166585047, "r7": 0.9838076899355533}, "datetime": {"datetime": "2020-01-17 20:59:07", "elapsed": 733.957191, "delta": 25.783673}}
{"target": 8.85, "params": {"d0": 2.5396084997264374, "d1": -7.384504481670129, "d2": 0.9856492871062335, "g0": 0.5403266434861842, "g1": 0.7875518396525072, "g2": -8.93416123211199, "g3": 1.4885670589705502, "g4": 0.8885805822192088, "g5": 0.11584817989543894, "g6": -0.4327319981163678, "g7": 1.7658279186214176, "i0": 0.9480297390914827, "i1": 0.5279039784081266, "i2": -2.5992245684092836, "i3": 0.8199451879338047, "i4": 1.075543587093486, "i5": -0.45341246667395296, "i6": 0.638794073975717, "i7": 1.6952067129118351, "r0": 0.8827451713854151, "r1": 0.8619665576670734, "r2": -9.802249004836558, "r3": 1.3881895979384922, "r4": 1.0794519055804692, "r5": -0.15484724463064126, "r6": 0.6381203965335049, "r7": 1.6886219018617168}, "datetime": {"datetime": "2020-01-17 20:59:36", "elapsed": 762.41312, "delta": 28.455929}}
{"target": 10.85, "params": {"d0": 4.936630874042133, "d1": -7.219149513870172, "d2": 0.7030349379274741, "g0": 4.669513041574439, "g1": 0.8578971045378938, "g2": -2.7114912248074408, "g3": 1.1133510263372308, "g4": 1.1534781226243807, "g5": 0.44884729100278853, "g6": 0.06231391530528907, "g7": 1.7473547778629535, "i0": 3.753121595875877, "i1": 0.6132112115442597, "i2": -5.981340760321626, "i3": 1.2578464154114726, "i4": 0.801556428912596, "i5": 0.43983463475935647, "i6": 0.8446249036852704, "i7": 1.163247278181255, "r0": 0.6038359215461486, "r1": 0.2202839877937276, "r2": -6.979032687099017, "r3": 1.4064228068510674, "r4": 1.0715832151190474, "r5": -0.3412613606297111, "r6": -0.2924679653105802, "r7": 1.219158909414996}, "datetime": {"datetime": "2020-01-17 21:00:06", "elapsed": 792.866522, "delta": 30.453402}}
