{"target": 13.45, "params": {"d0": 0.6483851702058857, "d1": -8.38975178098207, "d2": 0.9748637167377874, "g0": 1.5566784565207803, "g1": 0.7623540929688339, "g2": -0.5108303638610003, "g3": 1.1645737692033442, "g4": 1.2917359080511086, "g5": 0.7229275680224752, "g6": -0.11353368791942031, "g7": 1.2314887101143248, "i0": 4.209471284489644, "i1": 0.5848888438376766, "i2": -8.249495133090525, "i3": 0.7417002345718503, "i4": 1.0725688976270837, "i5": -0.5632832649206092, "i6": 0.6586496340432646, "i7": 1.564003437125558, "r0": 1.2724775007024207, "r1": 0.00971042667849531, "r2": -7.072829249342995, "r3": 1.1910680254792805, "r4": 0.8965424602881961, "r5": -0.3342676964496045, "r6": 0.9739641971009194, "r7": 1.7576606803544135}, "datetime": {"datetime": "2020-01-18 00:14:07", "elapsed": 12433.874814, "delta": 49.679768}}
{"target": 12.65, "params": {"d0": 1.1523784070201915, "d1": -7.2652206721776444, "d2": 1.2486665025156094, "g0": 4.864951779141594, "g1": 0.3678219344504361, "g2": -9.762602915035671, "g3": 1.3491355814936374, "g4": 1.029812510691218, "g5": 0.1323302946233852, "g6": 0.32719202523528246, "g7": 1.5941220161530696, "i0": 3.6057263799983676, "i1": 0.37326337356650985, "i2": -1.3724272537853661, "i3": 0.7359480529629352, "i4": 1.1163423080702413, "i5": -0.27291419842395637, "i6": 0.30580549301560755, "i7": 1.1763469240103364, "r0": 1.5007750479827964, "r1": 0.6849177933331294, "r2": -6.913330149752298, "r3": 1.0884576747132544, "r4": 1.161756210374426, "r5": 0.7029480768126477, "r6": -0.216917365351254, "r7": 1.4829665991606933}, "datetime": {"datetime": "2020-01-18 00:15:14", "elapsed": 12500.446335, "delta": 66.571521}}
{"target": 18.1, "params": {"d0": 3.7081620496019423, "d1": -4.655257765017567, "d2": 1.328205426989572, "g0": 3.7258614703961213, "g1": 0.7686177661078851, "g2": -2.2844873631907427, "g3": 1.4073132814795075, "g4": 1.0271814998203832, "g5": -0.06442686471517534, "g6": -0.279852787091347, "g7": 1.1592040115304465, "i0": 1.3484511484330808, "i1": 0.7374674844405326, "i2": -8.429800582481299, "i3": 1.27852090719841, "i4": 1.0979700799427365, "i5": 0.6884744787204624, "i6": 0.5879136720539413, "i7": 1.6687646615170997, "r0": 0.379813335185441, "r1": 0.5065128478395181, "r2": -2.3703742467292344, "r3": 0.9334465709430293, "r4": 1.0492878883557084, "r5": -0.31717373783317504, "r6": 0.1752977928487971, "r7": 1.1681437183258148}, "datetime": {"datetime": "2020-01-18 00:16:04", "elapsed": 12550.40332, "delta": 49.956985}}
{"target": 11.2, "params": {"d0": 2.8284827524772114, "d1": -0.5036743254604126, "d2": 0.8743182056115553, "g0": 2.1925082367653292, "g1": 0.7689410151747503, "g2": -8.590678494033465, "g3": 1.4304830067162002, "g4": 0.9970801280847078, "g5": -0.279602813910789, "g6": 0.3650936058694272, "g7": 1.1728772922532926, "i0": 4.059613374733822, "i1": 0.8829054331575175, "i2": -1.6558799643930442, "i3": 0.9809898363740759, "i4": 0.8730219287896511, "i5": 0.1676918176128377, "i6": 0.9944550251925184, "i7": 1.7840385086893598, "r0": 3.7077196798917194, "r1": 0.3866619198088327, "r2": -5.938283963851196, "r3": 0.9357165813795777, "r4": 0.949618582953754, "r5": 0.24490739660980987, "r6": -0.43607431980019157, "r7": 1.5611367442333814}, "datetime": {"datetime": "2020-01-18 00:16:50", "elapsed": 12596.465282, "delta": 46.061962}}
{"target": 20.15, "params": {"d0": 2.2750425645863697, "d1": -6.159766022420518, "d2": 1.2768326111517792, "g0": 0.45421394892167677, "g1": 0.24893904711645976, "g2": -8.394103177964642, "g3": 1.2380171884284719, "g4": 0.8989471900803083, "g5": -0.04129518787844988, "g6": 0.9287187012100069, "g7": 1.7696518464108935, "i0": 3.3394920024427748, "i1": 0.8565373948165286, "i2": -7.110261631634645, "i3": 1.322414652328412, "i4": 0.8095341524556149, "i5": 0.5976520437559161, "i6": -0.1284218709381012, "i7": 1.0353858569679844, "r0": 0.6317523498238736, "r1": 0.587805744380721, "r2": -1.0810877813803454, "r3": 0.7739778014807208, "r4": 1.0417429539123968, "r5": 0.616507272749645, "r6": 0.9357366450248072, "r7": 1.9898507186022685}, "datetime": {"datetime": "2020-01-18 00:17:42", "elapsed": 12648.924713, "delta": 52.459431}}
{"target": 19.65, "params": {"d0": 1.809590403277101, "d1": -4.146814877812471, "d2": 1.0079414606831687, "g0": 0.6793384140621389, "g1": 0.7615244760627026, "g2": -7.791409628706175, "g3": 1.257437417124704, "g4": 1.2047303746231321, "g5": -0.36390239941888025, "g6": 0.2627498858630801, "g7": 1.3645223574482703, "i0": 0.27332190312058025, "i1": 0.7416063258422393, "i2": -1.9128290442993041, "i3": 1.1305054418427392, "i4": 1.179666239672562, "i5": -0.734263385021974, "i6": -0.22660938646128603, "i7": 1.5238083222757275, "r0": 3.106025604397122, "r1": 0.7820188765394223, "r2": -3.9851006432579723, "r3": 1.1482143762827768, "r4": 1.1348109544183742, "r5": -0.503372893748949, "r6": -0.27780235375279566, "r7": 1.156737563615664}, "datetime": {"datetime": "2020-01-18 00:18:36", "elapsed": 12703.176313, "delta": 54.2516}}
{"target": 16.35, "params": {"d0": 4.433033023851671, "d1": -3.73159143396248, "d2": 1.2257384459136516, "g0": 1.5319937260077103, "g1": 0.2590492442320327, "g2": -4.029145287847765, "g3": 0.8719406280752375, "g4": 1.267745156509623, "g5": 0.4858811759917667, "g6": -0.38352883596677956, "g7": 1.0923574332099724, "i0": 2.435839143600269, "i1": 0.26933734728893666, "i2": -7.097999362597822, "i3": 1.4690950903792308, "i4": 0.971028702952133, "i5": 0.5374336617404132, "i6": 0.016889158879816457, "i7": 1.6935920109512685, "r0": 0.9199623862897954, "r1": 0.6859522908215363, "r2": -4.257467386840755, "r3": 1.2823022103391302, "r4": 1.0184472351047777, "r5": 0.718179072962462, "r6": 0.9849006051504701, "r7": 1.3162457055460175}, "datetime": {"datetime": "2020-01-18 00:19:31", "elapsed": 12757.653183, "delta": 54.47687}}
{"target": 13.65, "params": {"d0": 3.779321444872403, "d1": -0.6607372550259978, "d2": 1.3501317334066676, "g0": 2.24825043869387, "g1": 0.001967313315809349, "g2": -0.5323202516215293, "g3": 0.9795133292617344, "g4": 0.8185175558687698, "g5": -0.4089042321935056, "g6": 0.9444120435598113, "g7": 1.410147589188247, "i0": 0.6210578380893345, "i1": 0.6674811374287861, "i2": -9.86123037020348, "i3": 1.3391350644773183, "i4": 1.0674665014748788, "i5": 0.5603339547511572, "i6": -0.15619957689311853, "i7": 0.9991471854198434, "r0": 3.4639807572586516, "r1": 0.8149915768502317, "r2": -3.684566712466287, "r3": 1.3182608681512233, "r4": 1.1155535402983108, "r5": 0.6250559543418164, "r6": 0.9891393564314332, "r7": 1.09114637835131}, "datetime": {"datetime": "2020-01-18 00:20:26", "elapsed": 12812.358819, "delta": 54.705636}}
{"target": 10.8, "params": {"d0": 2.7469454107052567, "d1": -8.800057713509196, "d2": 1.3137170563631817, "g0": 1.1405388569330195, "g1": 0.11092072359208072, "g2": -0.3117870601762842, "g3": 1.05802303219218, "g4": 1.2149713889332499, "g5": -0.7584362517981437, "g6": -0.3642336976671996, "g7": 1.7967483558730437, "i0": 4.546818445912095, "i1": 0.06824056478908413, "i2": -3.4972513966438266, "i3": 1.1426527623360965, "i4": 0.9032694095706045, "i5": -0.1203254441108097, "i6": 0.20890529023602067, "i7": 0.9126325052642378, "r0": 2.724724140795936, "r1": 0.7824014326143914, "r2": -0.8553582542454201, "r3": 0.7368344536053874, "r4": 1.1958881192758206, "r5": -0.09697768784198801, "r6": 0.5569296785863458, "r7": 1.5703214966964796}, "datetime": {"datetime": "2020-01-18 00:21:07", "elapsed": 12853.680624, "delta": 41.321805}}
{"target": 11.2, "params": {"d0": 4.57079902430481, "d1": -3.2046055849534296, "d2": 0.8636625183094027, "g0": 4.948470281120864, "g1": 0.8083601315760913, "g2": -9.488499633740922, "g3": 1.492196988550129, "g4": 0.8421869147691594, "g5": -0.1344407008903188, "g6": 0.8320740659218173, "g7": 1.7383243716042855, "i0": 3.365235878486128, "i1": 0.5336908954122388, "i2": -6.530237291571294, "i3": 1.419955361821837, "i4": 1.2094785317305115, "i5": 0.713427621711503, "i6": 0.09933675223871452, "i7": 1.1569840519919656, "r0": 3.616099033576688, "r1": 0.6890987289879855, "r2": -4.56634725086365, "r3": 1.1296853191368001, "r4": 1.2048451519028194, "r5": 0.47933523548660073, "r6": 0.7716620894887698, "r7": 1.1093984999797462}, "datetime": {"datetime": "2020-01-18 00:21:57", "elapsed": 12903.888852, "delta": 50.208228}}
{"target": 18.7, "params": {"d0": 1.0013696146998923, "d1": -2.26336585723653, "d2": 1.1524272495476684, "g0": 1.3445147828953319, "g1": 0.4793551966839251, "g2": -3.2534120717994455, "g3": 1.247384580979083, "g4": 1.2106956560703428, "g5": -0.21653810430098042, "g6": 0.5091242944352621, "g7": 1.5083841010719872, "i0": 2.0320762186623313, "i1": 0.3979589731947286, "i2": -3.871202022382704, "i3": 0.7490795607066802, "i4": 1.1822498808968904, "i5": -0.4261641953161064, "i6": -0.25109223127696073, "i7": 1.3658326893734027, "r0": 2.342239493838742, "r1": 0.27443659560496714, "r2": -6.898691622872524, "r3": 1.2385185429805272, "r4": 0.8150269850662386, "r5": 0.24829479915999508, "r6": 0.2821804693019323, "r7": 1.4265789732235405}, "datetime": {"datetime": "2020-01-18 00:22:47", "elapsed": 12954.008172, "delta": 50.11932}}
{"target": 16.8, "params": {"d0": 3.6024475078250773, "d1": -3.11748108718111, "d2": 0.751848670392227, "g0": 4.001179728170383, "g1": 0.03917515807854621, "g2": -9.729872621980252, "g3": 1.1206923073439126, "g4": 1.1673994998118657, "g5": 0.00891964982182214, "g6": -0.05949788555993668, "g7": 1.104799214826018, "i0": 3.3137133438064987, "i1": 0.9421266358403753, "i2": -8.412216438658291, "i3": 0.9206916876441622, "i4": 1.2955465338513878, "i5": 0.5339825008800869, "i6": 0.625234480772225, "i7": 0.9462805228979337, "r0": 0.135085412170442, "r1": 0.4872102380488591, "r2": -9.67803912738113, "r3": 0.7812203582956987, "r4": 1.0816470196703107, "r5": -0.11551454321448262, "r6": 0.6863024300793448, "r7": 1.2013886090566062}, "datetime": {"datetime": "2020-01-18 00:23:40", "elapsed": 13006.431143, "delta": 52.422971}}
{"target": 14.25, "params": {"d0": 1.3622481052948887, "d1": -5.94178511145379, "d2": 1.238584657497954, "g0": 4.90749030650927, "g1": 0.39748309730490206, "g2": -2.5542573171333496, "g3": 1.3853799682686263, "g4": 1.137503089945929, "g5": 0.4471778593345821, "g6": 0.7178843033038611, "g7": 1.5566177850194585, "i0": 2.1949754849086585, "i1": 0.168750264972941, "i2": -2.1860744167822173, "i3": 0.8552734674606329, "i4": 1.2993603833964578, "i5": 0.06816596339573733, "i6": -0.48595027208364333, "i7": 1.3606787869059351, "r0": 1.2052596019835082, "r1": 0.05313777242793827, "r2": -2.838665929211719, "r3": 0.9531932269826426, "r4": 1.210534556493737, "r5": 0.4230731990980585, "r6": -0.40149273355355247, "r7": 1.6839953823040106}, "datetime": {"datetime": "2020-01-18 00:24:42", "elapsed": 13068.298463, "delta": 61.86732}}
{"target": 12.2, "params": {"d0": 0.9748446674020261, "d1": -2.234426935983681, "d2": 0.9003439187353329, "g0": 2.0187286263647164, "g1": 0.8832952838998617, "g2": -3.430221320914068, "g3": 0.7652007845625843, "g4": 0.8672529793668727, "g5": -0.7877088654562064, "g6": 0.9732858784513068, "g7": 0.9524414850246853, "i0": 0.5268906834877418, "i1": 0.45746542643187205, "i2": -9.455994907761378, "i3": 0.9312687958138646, "i4": 1.1389870193408314, "i5": -0.7221934962414576, "i6": 0.18695820111909778, "i7": 1.5300338638681257, "r0": 0.996333426627547, "r1": 0.18616854208318467, "r2": -8.973123490278459, "r3": 0.7550402067612793, "r4": 0.8844924488031322, "r5": -0.702693541653339, "r6": 0.3275179276759336, "r7": 1.7886959610869155}, "datetime": {"datetime": "2020-01-18 00:25:50", "elapsed": 13136.867442, "delta": 68.568979}}
{"target": 15.5, "params": {"d0": 4.021707981036334, "d1": -3.6881827127445677, "d2": 1.1333967590922516, "g0": 2.335676102267491, "g1": 0.9601370947361009, "g2": -7.101043638596895, "g3": 0.9931472573964972, "g4": 1.087670716008964, "g5": 0.02012877629778076, "g6": 0.5113559522484761, "g7": 1.7521397411000221, "i0": 0.912201432685979, "i1": 0.6288971496367131, "i2": -3.059753410555441, "i3": 0.9178464173049494, "i4": 1.264038997726447, "i5": -0.24759943314461264, "i6": 0.4571207991372064, "i7": 1.918376070656453, "r0": 4.903153816831408, "r1": 0.24872820045571764, "r2": -0.5804749427656226, "r3": 1.4272628266729745, "r4": 0.9254882096574157, "r5": -0.6383160129477577, "r6": 0.04353579820109654, "r7": 1.9159903333211976}, "datetime": {"datetime": "2020-01-18 00:26:38", "elapsed": 13185.164123, "delta": 48.296681}}
{"target": 18.3, "params": {"d0": 4.226346307125231, "d1": -7.41880007284602, "d2": 0.9204951170835038, "g0": 1.4913886058073977, "g1": 0.08141737500067137, "g2": -8.316657834171796, "g3": 1.1915497684923317, "g4": 1.046198326788638, "g5": -0.14095037766865937, "g6": 0.2735562872598165, "g7": 1.8761004001999273, "i0": 4.775493909031674, "i1": 0.2556767652801495, "i2": -7.663347913321927, "i3": 0.7561231801061499, "i4": 0.9298498563320647, "i5": -0.5212593543067678, "i6": -0.4586563138171758, "i7": 1.0919160581564948, "r0": 3.9022788580372674, "r1": 0.9202642080116379, "r2": -2.784123491099427, "r3": 0.9387351196928974, "r4": 1.1157282313869383, "r5": 0.4322957643006651, "r6": 0.1637541257087508, "r7": 1.5813902559991677}, "datetime": {"datetime": "2020-01-18 00:27:25", "elapsed": 13231.549756, "delta": 46.385633}}
{"target": 17.0, "params": {"d0": 2.8687424992854953, "d1": -0.9725798943668131, "d2": 1.3019127088683158, "g0": 1.3247721090455666, "g1": 0.22936543973535295, "g2": -3.063975325056294, "g3": 0.8864098877570422, "g4": 1.1109631047910313, "g5": -0.39210127751881496, "g6": 0.8806289152804434, "g7": 1.2328119424760025, "i0": 4.242714794999111, "i1": 0.22970873641911116, "i2": -4.2790256201758, "i3": 0.8511217889684545, "i4": 1.0100040097891156, "i5": -0.198016432016208, "i6": -0.4414445370547368, "i7": 1.0407450804845462, "r0": 3.76880436572455, "r1": 0.4126115462216742, "r2": -1.9591358089261934, "r3": 1.2359191045235893, "r4": 0.9914104871912277, "r5": -0.008269076963334121, "r6": 0.925833175848457, "r7": 1.9427409988476434}, "datetime": {"datetime": "2020-01-18 00:28:09", "elapsed": 13275.565808, "delta": 44.016052}}
{"target": 6.1, "params": {"d0": 2.4249160035694066, "d1": -2.8756601788242104, "d2": 1.299864058522826, "g0": 2.5529914239173843, "g1": 0.44701252023253957, "g2": -2.309785940280503, "g3": 1.032501723708674, "g4": 1.0500443085368492, "g5": -0.6600327358210744, "g6": 0.8565036943349777, "g7": 1.4002005763980518, "i0": 2.995275917384968, "i1": 0.07055585824293986, "i2": -4.705596863304871, "i3": 0.877049631542437, "i4": 0.9925948253218746, "i5": 0.09599637605695699, "i6": 0.7225496729842327, "i7": 1.1891262204110171, "r0": 3.6390769892337165, "r1": 0.492043114351589, "r2": -6.957551384567704, "r3": 0.9323263024575072, "r4": 0.9205511089413223, "r5": -0.6829385911275184, "r6": 0.3716785314818174, "r7": 1.5874332257861385}, "datetime": {"datetime": "2020-01-18 00:28:55", "elapsed": 13322.016375, "delta": 46.450567}}
{"target": 7.4, "params": {"d0": 1.1762094933784013, "d1": -4.357054371606112, "d2": 1.3980783463948148, "g0": 4.038292092897027, "g1": 0.4073488229499982, "g2": -5.037755046516624, "g3": 1.2651111436195723, "g4": 1.0889607321277683, "g5": 0.4075025096726106, "g6": 0.9252376245412304, "g7": 1.0947257387593852, "i0": 3.946292511996265, "i1": 0.3349662753889927, "i2": -4.362164147782572, "i3": 0.865511960740077, "i4": 1.170485816870122, "i5": 0.7680045421697044, "i6": 0.7499961539192239, "i7": 1.582562030011902, "r0": 2.460535968283068, "r1": 0.5235763473183296, "r2": -0.6846622978626886, "r3": 0.8266777161658799, "r4": 1.0952545429641658, "r5": 0.22080952460440972, "r6": 0.8618862293060636, "r7": 1.1963376161927366}, "datetime": {"datetime": "2020-01-18 00:29:55", "elapsed": 13382.229387, "delta": 60.213012}}
{"target": 18.55, "params": {"d0": 3.5537507550064893, "d1": -6.496745659202549, "d2": 0.9915085851763166, "g0": 0.40702631464880457, "g1": 0.32830434009740117, "g2": -6.7557012948093575, "g3": 0.7236645424706122, "g4": 1.074783657953783, "g5": 0.33079034007466923, "g6": 0.24775122865066934, "g7": 1.4800349057070528, "i0": 0.5290727308928034, "i1": 0.6847442772064923, "i2": -5.28857302588259, "i3": 0.8834157202948834, "i4": 1.2278607551225802, "i5": 0.10430825754914586, "i6": 0.9987438112646956, "i7": 0.9848067500662845, "r0": 2.575008466351309, "r1": 0.3039555640594447, "r2": -1.3839012835610056, "r3": 0.82942000927072, "r4": 0.8006921407938463, "r5": -0.09122110536019379, "r6": 0.5157353028317138, "r7": 1.964698796034945}, "datetime": {"datetime": "2020-01-18 00:30:49", "elapsed": 13435.4895, "delta": 53.260113}}
{"target": 14.1, "params": {"d0": 3.1005588892116416, "d1": -8.096457297822255, "d2": 0.9897377599845227, "g0": 3.900283703777174, "g1": 0.3297436225867404, "g2": -8.357579033662471, "g3": 0.9280562426043852, "g4": 0.8201702382664924, "g5": 0.4081897514463184, "g6": -0.07206958191616691, "g7": 1.740945940625346, "i0": 4.212851463372456, "i1": 0.4550179379797138, "i2": -1.4161104893789336, "i3": 1.4931445386408326, "i4": 1.2708757903265862, "i5": 0.7668380112346691, "i6": 0.9259820607331499, "i7": 1.9602753050304211, "r0": 3.489677097977136, "r1": 0.15618381458063524, "r2": -3.5324102658741543, "r3": 1.4925807762808905, "r4": 0.9221449705704439, "r5": 0.2908217558782633, "r6": -0.3061072516781247, "r7": 1.9980019786932552}, "datetime": {"datetime": "2020-01-18 00:31:44", "elapsed": 13490.895422, "delta": 55.405922}}
{"target": 15.65, "params": {"d0": 2.0992886159596074, "d1": -6.493198370770249, "d2": 0.8652725573106729, "g0": 4.2507880021665, "g1": 0.6124041082629853, "g2": -4.246639652039271, "g3": 0.8984380846653632, "g4": 0.86675369448178, "g5": -0.6960535301429174, "g6": 0.41087907271011825, "g7": 1.7025530387538237, "i0": 2.1244986035651636, "i1": 0.09899966451795239, "i2": -9.107244419675636, "i3": 1.123615661907567, "i4": 0.9679854011335209, "i5": 0.25823461423120486, "i6": 0.9308446936853729, "i7": 0.9538882144953179, "r0": 0.6062487728482979, "r1": 0.6082317093643891, "r2": -7.038053408503079, "r3": 1.2749940012683196, "r4": 1.0424071959444137, "r5": 0.7266588611000351, "r6": 0.03816599208351079, "r7": 1.697634984018688}, "datetime": {"datetime": "2020-01-18 00:32:38", "elapsed": 13544.618061, "delta": 53.722639}}
{"target": 15.3, "params": {"d0": 2.9648290629118135, "d1": -2.9827295728842795, "d2": 0.9288691550318, "g0": 2.751822369936694, "g1": 0.007206774174331798, "g2": -0.491111780586591, "g3": 1.0505883620647587, "g4": 0.9780725353709541, "g5": -0.6368973695106308, "g6": -0.1439296390904362, "g7": 1.2267951370988075, "i0": 2.3928159407439686, "i1": 0.415016642130686, "i2": -9.438158380231785, "i3": 1.1711493346899347, "i4": 0.8335023897155833, "i5": -0.35387142366414753, "i6": 0.8970238525583942, "i7": 1.6718189728992936, "r0": 3.418470716870832, "r1": 0.3562282444561433, "r2": -4.040628852100747, "r3": 1.3565683380804343, "r4": 1.189506272487201, "r5": 0.40146463810575406, "r6": 0.29730893632239797, "r7": 1.7197098924608734}, "datetime": {"datetime": "2020-01-18 00:33:22", "elapsed": 13589.220015, "delta": 44.601954}}
{"target": 12.9, "params": {"d0": 1.0885967568610166, "d1": -4.81447754601561, "d2": 1.3501173293979256, "g0": 1.3847023571633414, "g1": 0.5036755504996226, "g2": -3.4761201570853846, "g3": 0.7649916613594938, "g4": 0.8727626978938199, "g5": 0.1495688886093871, "g6": 0.12088912324250223, "g7": 1.0442597572868288, "i0": 4.043859584147272, "i1": 0.7156380095763445, "i2": -0.24169707843615207, "i3": 0.7320269830319076, "i4": 1.201545979641192, "i5": -0.013514247887447928, "i6": -0.20783462375869333, "i7": 1.056346651142786, "r0": 0.9946622352104362, "r1": 0.0073553056275867945, "r2": -8.789778148973648, "r3": 1.2524306996632517, "r4": 0.946098505588931, "r5": -0.011889912749003861, "r6": 0.8214181375734704, "r7": 1.4761766357114894}, "datetime": {"datetime": "2020-01-18 00:34:32", "elapsed": 13658.628638, "delta": 69.408623}}
{"target": 6.45, "params": {"d0": 3.5300701153147784, "d1": -8.489468322238444, "d2": 1.0491523729952037, "g0": 4.45431581162852, "g1": 0.15976961011158441, "g2": -8.813439671020895, "g3": 1.3577656790290709, "g4": 0.8290365700256885, "g5": -0.42840630873195207, "g6": 0.39243387159437126, "g7": 1.682604568666604, "i0": 2.1647774047255397, "i1": 0.47992075496592, "i2": -9.130709008828148, "i3": 1.188029975236319, "i4": 0.9401601018314392, "i5": 0.6702658538321529, "i6": -0.14267282458085173, "i7": 1.7257195669674226, "r0": 3.5257249476564407, "r1": 0.12278195997557129, "r2": -7.912725827008762, "r3": 0.8577366130730231, "r4": 1.1921652029317595, "r5": 0.08184197906932789, "r6": 0.2619778394645005, "r7": 1.716833759949928}, "datetime": {"datetime": "2020-01-18 00:35:17", "elapsed": 13703.4189, "delta": 44.790262}}
{"target": 3.75, "params": {"d0": 4.387439789942028, "d1": -9.299543726281245, "d2": 1.0010578680683224, "g0": 1.7088723934684313, "g1": 0.8442799556634042, "g2": -2.3114813951571866, "g3": 1.1259979034598915, "g4": 0.8447739691385747, "g5": 0.680172848778803, "g6": 0.3369150150205209, "g7": 0.9263003210781284, "i0": 3.2303153334313546, "i1": 0.2737092414055292, "i2": -5.46323530654511, "i3": 1.4164936277761793, "i4": 0.9020215289044065, "i5": -0.6181786448003939, "i6": 0.4272534010769484, "i7": 1.6430361557550412, "r0": 4.944255183493444, "r1": 0.32156892095774425, "r2": -0.9277464592220497, "r3": 1.17237686927976, "r4": 0.8384183461939316, "r5": 0.6889410229784694, "r6": 0.31369548599751984, "r7": 1.4212472854711078}, "datetime": {"datetime": "2020-01-18 00:36:10", "elapsed": 13756.690001, "delta": 53.271101}}
