{"target": 20.95, "params": {"d0": 3.358021895885115, "d1": -1.9645810115449047, "d2": 0.9357068171013974, "g0": 0.6353983058210018, "g1": 0.7397000578845992, "g2": -5.939266583937813, "g3": 0.9557774801859001, "g4": 1.0293695443790074, "g5": -0.16096569835452557, "g6": 0.14392765882583636, "g7": 1.4640662373810194, "i0": 2.835145056434709, "i1": 0.3560119886899233, "i2": -6.765331805156087, "i3": 1.1183171726914818, "i4": 0.9478588673559016, "i5": -0.023357364746001006, "i6": 0.7302452452392209, "i7": 1.0266251886057831, "r0": 3.1284153855596433, "r1": 0.37956266238144326, "r2": -8.956986712023777, "r3": 1.3052320849534589, "r4": 1.255750354349168, "r5": 0.7598680138735812, "r6": 0.3621862913456672, "r7": 1.4370819121611562}, "datetime": {"datetime": "2020-01-19 13:23:59", "elapsed": 77478.259246, "delta": 77.433083}}
{"target": 21.05, "params": {"d0": 3.7431137379747113, "d1": -1.6387852675984995, "d2": 0.7437924384250983, "g0": 0.6604695838184893, "g1": 0.41327285543427944, "g2": -3.3205866069495937, "g3": 1.026840044739087, "g4": 1.1483692053992014, "g5": 0.02750415426496744, "g6": 0.2826327917038652, "g7": 1.7618338679786523, "i0": 3.9451763566807116, "i1": 0.3214071749130519, "i2": -4.74158801666978, "i3": 1.4046884359145944, "i4": 1.1938316551209402, "i5": -0.03169542249719058, "i6": 0.40563017959454434, "i7": 1.2455183200771347, "r0": 4.692531626852135, "r1": 1.0, "r2": -4.926547127860554, "r3": 1.4536753023883624, "r4": 1.233929193196045, "r5": -0.5457741093100889, "r6": -0.33600074376271055, "r7": 1.2053039031633155}, "datetime": {"datetime": "2020-01-19 13:25:13", "elapsed": 77552.269273, "delta": 74.010027}}
{"target": 20.6, "params": {"d0": 2.951570011738723, "d1": -2.4769035383221567, "d2": 0.9551614926687626, "g0": 0.6349105654613185, "g1": 0.6099706603528318, "g2": -6.3381202279509585, "g3": 1.1339259344233528, "g4": 0.9515065038193453, "g5": -0.2271817942871891, "g6": 0.2137897302395988, "g7": 1.3926099032279615, "i0": 3.4403071648201577, "i1": 0.6450367610498157, "i2": -7.160657919075938, "i3": 1.1878881585712904, "i4": 1.086680988030071, "i5": 0.39800336956104254, "i6": 0.550243229592094, "i7": 1.6397603476597076, "r0": 2.573559343559377, "r1": 0.252908089914764, "r2": -9.093408231767736, "r3": 0.8659450894328233, "r4": 1.0129855513655845, "r5": -0.01456644372151783, "r6": 0.24781982706992034, "r7": 1.3695177823591647}, "datetime": {"datetime": "2020-01-19 13:26:26", "elapsed": 77625.588139, "delta": 73.318866}}
{"target": 20.05, "params": {"d0": 4.107155921594958, "d1": -1.553044646487543, "d2": 0.8985887921684043, "g0": 0.49169858644146025, "g1": 0.2650466760433768, "g2": -4.904915103943304, "g3": 1.1742543256729094, "g4": 1.0849631512862306, "g5": -0.09427538846449249, "g6": 0.15580503042179716, "g7": 1.7587126570989307, "i0": 3.749050250598916, "i1": 0.5819620760437549, "i2": -6.413384685468644, "i3": 1.0316514896221312, "i4": 1.0551798466683573, "i5": -0.30012291097791, "i6": 0.120409738147881, "i7": 1.459518992870834, "r0": 2.005265358013366, "r1": 0.34114232042720743, "r2": -8.752629015024683, "r3": 1.068539656314255, "r4": 1.0705439591969024, "r5": 0.42734135801252926, "r6": 0.14393688846697214, "r7": 1.5545675513008894}, "datetime": {"datetime": "2020-01-19 13:27:43", "elapsed": 77701.952347, "delta": 76.364208}}
{"target": 19.15, "params": {"d0": 3.1827400785080546, "d1": -2.558967169017511, "d2": 1.1001225059520896, "g0": 0.7717756620485822, "g1": 0.9591899253920143, "g2": -4.733957638262377, "g3": 1.0607136740427088, "g4": 1.096258135114433, "g5": 0.44618053525919654, "g6": 0.8739221875152718, "g7": 1.0309319102723806, "i0": 3.2779244886294285, "i1": 0.3812939756240409, "i2": -6.354654675854557, "i3": 0.9053130065021158, "i4": 0.8683648952734986, "i5": 0.7455173793431602, "i6": 0.556839969933868, "i7": 1.227142174432637, "r0": 4.465691421930396, "r1": 0.634549962071481, "r2": -8.194833968338669, "r3": 1.0060085110023778, "r4": 0.8912186954089694, "r5": 0.6623755071084252, "r6": -0.09333600832471312, "r7": 1.047743907660358}, "datetime": {"datetime": "2020-01-19 13:28:46", "elapsed": 77765.396966, "delta": 63.444619}}
{"target": 21.3, "params": {"d0": 3.9498525291007716, "d1": -1.3619492498294932, "d2": 0.9688530133819574, "g0": 0.5133059992851704, "g1": 0.3697182853758658, "g2": -4.721293895052855, "g3": 1.1680020561355922, "g4": 1.1122608124927706, "g5": 0.05087459432128902, "g6": 0.145444389380647, "g7": 1.660888848088271, "i0": 3.7707776796754966, "i1": 0.6466275526774047, "i2": -6.508024207604916, "i3": 0.9029037451986248, "i4": 1.0782409449876746, "i5": -0.2825969537596484, "i6": -0.06005654200136487, "i7": 1.749999731696658, "r0": 2.124363615194575, "r1": 0.4914134459488095, "r2": -8.770611518470085, "r3": 0.9781245083085034, "r4": 0.9122550510184537, "r5": 0.43562404702596763, "r6": 0.10855287820090605, "r7": 1.5411444162631553}, "datetime": {"datetime": "2020-01-19 13:29:58", "elapsed": 77837.067739, "delta": 71.670773}}
{"target": 19.45, "params": {"d0": 3.027258450996438, "d1": -2.3612287674769723, "d2": 0.9522086514340488, "g0": 0.6204003965051649, "g1": 0.6148450091625147, "g2": -6.2276217029699055, "g3": 1.1091470313051262, "g4": 0.9913152807825246, "g5": -0.1566559740687624, "g6": 0.2557009969938229, "g7": 1.3853642342237578, "i0": 3.2815207304252874, "i1": 0.5922272141878021, "i2": -7.117372290202948, "i3": 1.1853496525834475, "i4": 1.0641848046642985, "i5": 0.2966018565384822, "i6": 0.41919798242351664, "i7": 1.5363601433839125, "r0": 2.581680076269059, "r1": 0.25153744946840334, "r2": -8.943455734701178, "r3": 0.9344643519791277, "r4": 1.0739579335762555, "r5": 0.09932122425826406, "r6": 0.25427754580461226, "r7": 1.404614575022898}, "datetime": {"datetime": "2020-01-19 13:31:08", "elapsed": 77907.442994, "delta": 70.375255}}
{"target": 20.95, "params": {"d0": 3.7209941507655317, "d1": -1.3406664254300602, "d2": 1.034754508483831, "g0": 0.6597227992149267, "g1": 0.7778904176158878, "g2": -7.460575611836261, "g3": 1.3334882774373276, "g4": 1.1856573405590982, "g5": 0.09875954250666312, "g6": 0.09537911565525026, "g7": 1.860831777207497, "i0": 4.340492187571604, "i1": 0.6290945622676724, "i2": -7.390738946381295, "i3": 0.8654564953730013, "i4": 0.9118357276906122, "i5": -0.6681577265453664, "i6": 0.16787958124942756, "i7": 1.7273671143670217, "r0": 1.8481636526384038, "r1": 0.27375372979833373, "r2": -8.996587794421755, "r3": 1.341251641710147, "r4": 0.9258762342594087, "r5": 0.4735061778619044, "r6": 0.2658577721595975, "r7": 1.1796261672942736}, "datetime": {"datetime": "2020-01-19 13:32:17", "elapsed": 77976.487848, "delta": 69.044854}}
{"target": 20.2, "params": {"d0": 3.243186263485191, "d1": -0.8590676969195528, "d2": 0.9625150654647763, "g0": 0.6813017055819914, "g1": 0.527067387410262, "g2": -4.684819955392168, "g3": 1.0939882085406656, "g4": 0.8800014545046847, "g5": 0.3132954106014978, "g6": 0.485333063407449, "g7": 1.9185947160527483, "i0": 3.5643184694224788, "i1": 0.5629321152420689, "i2": -6.683490331147103, "i3": 0.7514841800766614, "i4": 1.2337162109958646, "i5": -0.7793041403900047, "i6": 0.20440141072177542, "i7": 1.9520822001197797, "r0": 3.3297400181327803, "r1": 0.3920139793661571, "r2": -9.050033812898517, "r3": 0.9215556130064739, "r4": 1.1356264116641759, "r5": 0.7406806469578184, "r6": 0.6020136064761208, "r7": 1.4531617292522432}, "datetime": {"datetime": "2020-01-19 13:33:41", "elapsed": 78060.084713, "delta": 83.596865}}
{"target": 20.8, "params": {"d0": 2.3011933566505522, "d1": -1.4356306573005924, "d2": 1.297431819773852, "g0": 0.704004168325707, "g1": 0.19153262284962902, "g2": -5.6494150030268475, "g3": 0.8599429897140953, "g4": 1.2714213117907807, "g5": 0.016785444142831785, "g6": 0.18787531814672875, "g7": 1.7741553143858328, "i0": 3.0737792960135053, "i1": 0.06859487327160008, "i2": -6.535440074028553, "i3": 0.9874741504014279, "i4": 1.1557119377409413, "i5": -0.3738530252901777, "i6": 0.7150442132607802, "i7": 1.1464143061313, "r0": 4.015013666775023, "r1": 0.599365453133924, "r2": -9.143298978889622, "r3": 0.8551621769016216, "r4": 0.9901782717935081, "r5": 0.22539940667168734, "r6": 0.47440464176431585, "r7": 1.5383217867591115}, "datetime": {"datetime": "2020-01-19 13:34:53", "elapsed": 78132.418349, "delta": 72.333636}}
{"target": 18.2, "params": {"d0": 3.9971561568450737, "d1": -1.413939629218362, "d2": 1.288773042275091, "g0": 0.13955063456605687, "g1": 0.3124405138028469, "g2": -6.04618152622138, "g3": 1.4558778880803225, "g4": 0.9825019142271834, "g5": 0.2610086690557245, "g6": -0.06408940704917088, "g7": 0.9174967256899336, "i0": 3.8068449978845225, "i1": 0.3560863476460633, "i2": -6.646498393911412, "i3": 1.033762915180621, "i4": 1.2914045073257376, "i5": 0.543992285498917, "i6": 0.08393326135743528, "i7": 1.7238695107671664, "r0": 2.8905275088951625, "r1": 0.14223869403990586, "r2": -8.243878705059428, "r3": 0.9807769581498893, "r4": 1.0612556116683058, "r5": 0.34824667554889754, "r6": -0.19284902204549947, "r7": 1.0244541529713553}, "datetime": {"datetime": "2020-01-19 13:36:14", "elapsed": 78213.486087, "delta": 81.067738}}
{"target": 20.8, "params": {"d0": 3.3468792127374685, "d1": -1.5092349365672768, "d2": 1.0083144432209372, "g0": 0.578010197213478, "g1": 0.6898737722923008, "g2": -4.808195005217203, "g3": 1.1602016887659639, "g4": 1.1652199971419255, "g5": 0.12036439004529095, "g6": 0.21742367181730532, "g7": 1.501794982681111, "i0": 4.007342739156504, "i1": 0.7908613103987985, "i2": -6.7701415490042125, "i3": 0.935171503756964, "i4": 1.019537379492919, "i5": -0.07807826435833545, "i6": 0.12062193916757293, "i7": 1.4704956485210836, "r0": 2.818429130865152, "r1": 0.46109748044038945, "r2": -8.874306330210016, "r3": 1.0377984128777331, "r4": 1.022253148901695, "r5": 0.6727633285362923, "r6": 0.27479864543819554, "r7": 1.4970985563682002}, "datetime": {"datetime": "2020-01-19 13:37:37", "elapsed": 78296.373848, "delta": 82.887761}}
{"target": 19.75, "params": {"d0": 4.013992027261445, "d1": -2.1180940584659638, "d2": 1.1962691631396694, "g0": 1.039855804990712, "g1": 0.8701703235058255, "g2": -4.794024216465046, "g3": 1.4511504045012393, "g4": 1.1503853490530593, "g5": -0.014901967881037259, "g6": 0.977780951732774, "g7": 1.3954067493897475, "i0": 3.9945715677698312, "i1": 0.5286266171059434, "i2": -5.774715293961271, "i3": 1.1104603345691042, "i4": 1.2766161031380923, "i5": 0.5909858361805664, "i6": -0.4813280725417233, "i7": 1.6851732534076254, "r0": 2.1367962725575773, "r1": 0.858523468240893, "r2": -8.465557867835189, "r3": 0.908579923037285, "r4": 0.9568398178818966, "r5": 0.11456967369062065, "r6": 0.2874195344720101, "r7": 1.605555754556833}, "datetime": {"datetime": "2020-01-19 13:39:01", "elapsed": 78380.454317, "delta": 84.080469}}
{"target": 14.5, "params": {"d0": 2.5630326848262737, "d1": -1.6468400632939257, "d2": 1.1894302196740434, "g0": 0.7618769380046814, "g1": 0.29145111370978205, "g2": -4.647340843654946, "g3": 1.2084534794962853, "g4": 1.2810707686624792, "g5": 0.0379728620476657, "g6": -0.36041192099700375, "g7": 1.3189558366196923, "i0": 3.3262600305218943, "i1": 0.3960484288841576, "i2": -7.165774208240885, "i3": 0.7129674229705536, "i4": 0.8925975237768028, "i5": -0.3392523474730544, "i6": -0.4388859005251003, "i7": 1.422445677772589, "r0": 3.1267287106927806, "r1": 0.43206025383218394, "r2": -8.260690601118627, "r3": 1.401449198268033, "r4": 1.0964594094032467, "r5": 0.2815802287381193, "r6": -0.36366285659531805, "r7": 1.747025499367994}, "datetime": {"datetime": "2020-01-19 13:40:15", "elapsed": 78454.544853, "delta": 74.090536}}
{"target": 13.75, "params": {"d0": 3.883495387500942, "d1": -0.9814089094803595, "d2": 1.327127193823539, "g0": 0.11419513802976233, "g1": 0.2837544633259732, "g2": -4.656892853056598, "g3": 1.4561521220090141, "g4": 1.2922953520857257, "g5": -0.4975609499339818, "g6": -0.12692799351467843, "g7": 1.0044793236414236, "i0": 3.6793612804989824, "i1": 0.38242506295190937, "i2": -6.505574395235492, "i3": 1.026115388198032, "i4": 1.258946953904986, "i5": -0.3098900204328713, "i6": 0.27465745070126524, "i7": 1.7231773786375513, "r0": 2.5281000557904703, "r1": 0.725839184979767, "r2": -7.48268977667978, "r3": 1.189975190663722, "r4": 1.2090491193309165, "r5": 0.023361562975235173, "r6": 0.09218706861150405, "r7": 1.5675511325383937}, "datetime": {"datetime": "2020-01-19 13:41:28", "elapsed": 78527.674304, "delta": 73.129451}}
{"target": 14.5, "params": {"d0": 3.9943593578683947, "d1": -1.5386140955438172, "d2": 1.2458674893294845, "g0": 0.8893159767010161, "g1": 0.9189275473064787, "g2": -4.73925361572856, "g3": 1.2077939189001707, "g4": 0.8521318556600054, "g5": -0.29003268319939257, "g6": -0.2107242864999993, "g7": 1.3720667952671697, "i0": 4.2762811691749905, "i1": 0.8300973369449938, "i2": -7.191382240536587, "i3": 1.3905677327378667, "i4": 0.8962645962639726, "i5": 0.432892764323217, "i6": 0.08132833271143025, "i7": 1.7499541170255246, "r0": 3.012221674312851, "r1": 0.321262476049348, "r2": -7.90263430288247, "r3": 0.8758308359409163, "r4": 0.8973138986722955, "r5": -0.4941898917568306, "r6": -0.034217753456623146, "r7": 1.1868616735809006}, "datetime": {"datetime": "2020-01-19 13:42:43", "elapsed": 78602.187225, "delta": 74.512921}}
{"target": 20.1, "params": {"d0": 2.954195531884253, "d1": -8.730866287070313, "d2": 0.9689177196531119, "g0": 0.491950793043074, "g1": 0.360701570527123, "g2": -8.481601293962862, "g3": 1.0468825517917975, "g4": 1.0363008156300864, "g5": -0.2612553400674498, "g6": 0.5303393839346379, "g7": 1.5230095275462512, "i0": 2.3715862622007378, "i1": 0.2745771611661715, "i2": -7.565407706455041, "i3": 1.3995795082317808, "i4": 1.2433169062241531, "i5": -0.18468281266771078, "i6": 0.7285582815528635, "i7": 1.7963326384212412, "r0": 1.4404069379302815, "r1": 0.627027809109423, "r2": -1.3413291664285292, "r3": 0.9872759235606591, "r4": 0.8065106212385965, "r5": 0.3710128280183883, "r6": 0.7405520075631626, "r7": 1.4698698615083499}, "datetime": {"datetime": "2020-01-19 13:44:04", "elapsed": 78683.112336, "delta": 80.925111}}
{"target": 19.6, "params": {"d0": 2.5862623659876007, "d1": -2.232907535960993, "d2": 0.9536926122548505, "g0": 0.5427360343390529, "g1": 0.43018299999568804, "g2": -5.854954951836737, "g3": 1.1810760893395231, "g4": 0.9543546561760704, "g5": -0.1823059057841415, "g6": 0.6322867340007307, "g7": 1.8888146977086813, "i0": 3.7142279687660733, "i1": 0.3461945221677321, "i2": -1.7963312058122716, "i3": 1.4537014822661358, "i4": 0.9836182316429217, "i5": 0.632324319249075, "i6": 0.5252054180223037, "i7": 1.2970659874520623, "r0": 3.4902336572093864, "r1": 0.5227888462585957, "r2": -7.079543601678167, "r3": 1.28563842455476, "r4": 1.1977768098387047, "r5": 0.1519178690876022, "r6": -0.3160675708012677, "r7": 1.8844469503867949}, "datetime": {"datetime": "2020-01-19 13:45:31", "elapsed": 78770.530116, "delta": 87.41778}}
{"target": 15.5, "params": {"d0": 4.199041302393992, "d1": -2.169766415157869, "d2": 0.7751631402586066, "g0": 0.10153053528584366, "g1": 0.2155359192852654, "g2": -4.884852750843621, "g3": 0.8711446518003849, "g4": 1.0819026928724105, "g5": 0.5706471226834118, "g6": -0.24665070334392353, "g7": 1.5545531157722663, "i0": 3.9470688703993213, "i1": 0.7042751150141591, "i2": -6.033668171140265, "i3": 1.2408739234593742, "i4": 0.9812083969862572, "i5": 0.545645339373791, "i6": -0.09736689110872526, "i7": 1.2175897463261394, "r0": 2.416280624916916, "r1": 0.9432807258750877, "r2": -8.562144565528351, "r3": 1.1843090290291831, "r4": 0.9135570458983344, "r5": 0.06954776539021668, "r6": 0.33142358037191444, "r7": 1.116663493536355}, "datetime": {"datetime": "2020-01-19 13:46:46", "elapsed": 78845.281928, "delta": 74.751812}}
{"target": 16.15, "params": {"d0": 3.5266802614295956, "d1": -9.754584226665004, "d2": 1.0366364801476775, "g0": 0.7475653366374674, "g1": 0.7226314382025929, "g2": -4.92942208562812, "g3": 0.7670500223429312, "g4": 1.22229308137897, "g5": -0.2848452024798144, "g6": -0.21519269459513585, "g7": 1.9824585558201884, "i0": 4.491918960885154, "i1": 0.46443891694554595, "i2": -5.4233045011496595, "i3": 1.4037486824369458, "i4": 1.1003592602002956, "i5": -0.040807220343669015, "i6": -0.33870869818447347, "i7": 1.965345759952951, "r0": 1.6790515520695508, "r1": 0.8378328417267509, "r2": -2.7690768084458206, "r3": 1.4922868180733508, "r4": 0.9539909120604927, "r5": -0.6718501218960574, "r6": 0.32635491342208445, "r7": 1.2027150096399621}, "datetime": {"datetime": "2020-01-19 13:48:05", "elapsed": 78924.601604, "delta": 79.319676}}
{"target": 20.65, "params": {"d0": 3.349429483156543, "d1": -1.2232241690326013, "d2": 0.9676306776927857, "g0": 0.6042490568893183, "g1": 0.2032830068990642, "g2": -2.7077301758170025, "g3": 1.1773049810632714, "g4": 0.9337604611599827, "g5": -0.5529549311300861, "g6": 0.08485278821433417, "g7": 1.3581455623346101, "i0": 4.116036151632432, "i1": 0.9360210111282995, "i2": -5.284999164977436, "i3": 1.0370463121940614, "i4": 1.063130748102337, "i5": 0.4225711109918959, "i6": 0.27557183858066825, "i7": 1.2403529314360267, "r0": 2.6773091521497285, "r1": 0.5884217028026315, "r2": -7.717491039908802, "r3": 0.8053654835818136, "r4": 1.2594576760414506, "r5": 0.22892224704246855, "r6": -0.18903362368168203, "r7": 1.2371884838046587}, "datetime": {"datetime": "2020-01-19 13:49:12", "elapsed": 78991.358107, "delta": 66.756503}}
{"target": 20.75, "params": {"d0": 3.0476102626391746, "d1": -1.8255188636727058, "d2": 0.9149994388742776, "g0": 0.35857522125686686, "g1": 0.4809741858406436, "g2": -6.3623821126791835, "g3": 1.1897826821450328, "g4": 1.0910618661979574, "g5": 0.061295746586457776, "g6": 0.4487970076543411, "g7": 1.3312963676535479, "i0": 2.531112040485183, "i1": 0.5214678431658806, "i2": -4.500632669734598, "i3": 0.9758162181443443, "i4": 1.0146732568172705, "i5": 0.2535712728163437, "i6": 0.07961366563362171, "i7": 1.5864345449434822, "r0": 1.222637389386074, "r1": 0.4283406941967286, "r2": -8.408344036333439, "r3": 1.2331894376407884, "r4": 1.1088738545258847, "r5": 0.21429005284089084, "r6": 0.2834412150605589, "r7": 1.5932119987073259}, "datetime": {"datetime": "2020-01-19 13:50:47", "elapsed": 79086.878818, "delta": 95.520711}}
{"target": 20.7, "params": {"d0": 3.8352508953694566, "d1": -1.5475074399447248, "d2": 1.129972848926851, "g0": 0.5762783747632311, "g1": 0.24425809934885695, "g2": -6.048995860275261, "g3": 1.126182019800003, "g4": 1.1296761877869474, "g5": -0.11758615250291904, "g6": 0.24369710422049704, "g7": 1.3574690508265737, "i0": 3.907979947056314, "i1": 0.5781771255149502, "i2": -6.438447850420083, "i3": 0.9964116569232162, "i4": 0.9176925451923379, "i5": -0.19295441176396905, "i6": 0.07859352706258181, "i7": 1.562196527180383, "r0": 1.483445165601093, "r1": 0.19811297738421965, "r2": -8.763741394418195, "r3": 1.2691853481383109, "r4": 1.026834612725077, "r5": 0.22024617722491338, "r6": 0.09775862033665682, "r7": 1.614203905000778}, "datetime": {"datetime": "2020-01-19 13:52:15", "elapsed": 79174.256003, "delta": 87.377185}}
{"target": 21.2, "params": {"d0": 4.200288774353934, "d1": -1.5639529659305618, "d2": 0.9157307168512753, "g0": 0.466184565217995, "g1": 0.4176580763957364, "g2": -4.923341300537063, "g3": 1.20840550702905, "g4": 1.168700380555421, "g5": -0.08520185493855452, "g6": 0.08625934321315451, "g7": 1.3494047871332848, "i0": 3.789385399655605, "i1": 0.5888944825224428, "i2": -6.351898429819374, "i3": 1.1292107787561014, "i4": 0.9428495036662634, "i5": -0.2054378379197723, "i6": 0.34623633164630574, "i7": 1.5511280242574663, "r0": 1.9385177728681207, "r1": 0.24916069280479713, "r2": -8.644018453940102, "r3": 1.1538724975689845, "r4": 1.0579461308890832, "r5": 0.4484037157029808, "r6": 0.23990642476449328, "r7": 1.423171682459165}, "datetime": {"datetime": "2020-01-19 13:53:41", "elapsed": 79260.393041, "delta": 86.137038}}
{"target": 9.9, "params": {"d0": 3.4726731988471427, "d1": -1.4957698752506907, "d2": 0.8486959181737108, "g0": 0.4341395242740703, "g1": 0.8849829214950736, "g2": -8.015324452198344, "g3": 1.4713458938557955, "g4": 1.0629927278950666, "g5": -0.1136050108904284, "g6": -0.37824544764656987, "g7": 1.775002898841397, "i0": 4.0246053700690245, "i1": 0.5196037610669192, "i2": -6.7174879435650725, "i3": 0.8641099738769683, "i4": 0.9838602209134897, "i5": -0.504726636208559, "i6": 0.30685067849953496, "i7": 1.6740319444404377, "r0": 1.7177716026941119, "r1": 0.11564620774883783, "r2": -9.065076483800764, "r3": 1.29250398570407, "r4": 0.9374230536064283, "r5": -0.20967930275901014, "r6": 0.41004554116651026, "r7": 1.6303443263135566}, "datetime": {"datetime": "2020-01-19 13:55:17", "elapsed": 79356.115204, "delta": 95.722163}}
{"target": 19.95, "params": {"d0": 4.622023604454693, "d1": -2.253415756397466, "d2": 0.7158579104689278, "g0": 0.6725493893710316, "g1": 0.19352835834282378, "g2": -5.087658824067578, "g3": 1.4130862268247253, "g4": 1.2875368005287402, "g5": 0.045908300753392695, "g6": 0.1288945647743449, "g7": 1.4025126642528134, "i0": 3.2422295768923304, "i1": 0.283417870931745, "i2": -6.745684630586178, "i3": 1.4216577775065538, "i4": 0.9394675659373615, "i5": 0.13356552228017904, "i6": -0.024382347934005344, "i7": 1.5140455177592975, "r0": 1.6540693255288386, "r1": 0.614936709510794, "r2": -9.189377768030777, "r3": 0.7575596105056158, "r4": 0.9117672201545579, "r5": -0.6200874293108729, "r6": 0.6058137518596418, "r7": 1.436809605294718}, "datetime": {"datetime": "2020-01-19 13:56:40", "elapsed": 79439.102493, "delta": 82.987289}}
