{"target": 15.95, "params": {"d0": 2.5679002561733526, "d1": -1.9458556931715627, "d2": 1.2781957760972449, "g0": 3.058483613581191, "g1": 0.21358219218515473, "g2": -4.983190965836448, "g3": 1.2996967068300154, "g4": 0.9152382436611315, "g5": -0.15504195925126452, "g6": 0.5301827241427053, "g7": 1.3757742182424804, "i0": 3.480219447074661, "i1": 0.8523162833876765, "i2": -9.61217590027965, "i3": 1.401214503156681, "i4": 1.1183988011737946, "i5": 0.3142267552915057, "i6": 0.02726638897747935, "i7": 1.5448406889299136, "r0": 1.103171605880665, "r1": 0.7672295335412674, "r2": -3.445361437893385, "r3": 1.0602473935823777, "r4": 0.9692153436502746, "r5": 0.4545368353055499, "r6": 0.5065088534248021, "r7": 1.780380921793585}, "datetime": {"datetime": "2020-01-18 05:39:55", "elapsed": 31981.637825, "delta": 32.671634}}
{"target": 18.35, "params": {"d0": 1.0636270714664304, "d1": -4.648334474143544, "d2": 1.2316584041717338, "g0": 1.1370930564571713, "g1": 0.9456540884252731, "g2": -3.7456074190348962, "g3": 1.3708208748690558, "g4": 1.071913373021002, "g5": 0.6609499343160414, "g6": 0.08564051708036802, "g7": 1.05304221179149, "i0": 4.4018041910251355, "i1": 0.2721981419248566, "i2": -9.174906621535929, "i3": 0.7323607105000387, "i4": 1.0445615729830493, "i5": 0.28814070085990817, "i6": 0.24300308066181997, "i7": 1.379175417728028, "r0": 2.159616320668538, "r1": 0.938632006551312, "r2": -3.447994027472845, "r3": 0.8016559608938298, "r4": 0.9557397308523713, "r5": -0.24521770353395456, "r6": -0.1133028125214885, "r7": 1.8265661259447217}, "datetime": {"datetime": "2020-01-18 05:40:28", "elapsed": 32014.770991, "delta": 33.133166}}
{"target": 14.85, "params": {"d0": 4.6062877942378675, "d1": -1.1408514637643794, "d2": 1.154594699300426, "g0": 4.217643231749185, "g1": 0.5961861997037965, "g2": -5.072804653341043, "g3": 0.7344584863668446, "g4": 1.2718360387561336, "g5": -0.19210912721016593, "g6": -0.4523878806071891, "g7": 1.6270124522875555, "i0": 3.886881833118545, "i1": 0.3974336603406262, "i2": -1.796727205153834, "i3": 1.2644206063903538, "i4": 1.2415013950948097, "i5": 0.369455452582127, "i6": 0.8797369604441121, "i7": 1.2224760517471567, "r0": 0.011439414281198546, "r1": 0.9667744079837275, "r2": -2.762972734295426, "r3": 0.9652380485166223, "r4": 0.9747280159448175, "r5": -0.7602985924870467, "r6": -0.02684371147366249, "r7": 1.3318451123128727}, "datetime": {"datetime": "2020-01-18 05:40:59", "elapsed": 32046.154443, "delta": 31.383452}}
{"target": 13.15, "params": {"d0": 4.221067284799942, "d1": -4.637713046726236, "d2": 0.9157947361069667, "g0": 4.455373142523992, "g1": 0.7828229483053324, "g2": -5.617852452361682, "g3": 0.9011044386704521, "g4": 1.0240865041918195, "g5": 0.4703410063391611, "g6": 0.07480489821984149, "g7": 1.9868603257485087, "i0": 4.246483358845532, "i1": 0.37630332412718404, "i2": -9.148094281099423, "i3": 1.2827462060599553, "i4": 1.1093497519654851, "i5": 0.5713149568896474, "i6": 0.44282739067822274, "i7": 1.3862043076664134, "r0": 2.148959157853569, "r1": 0.283215507319982, "r2": -0.9764171386319127, "r3": 1.48960788654416, "r4": 1.004713169981623, "r5": 0.6194988056856179, "r6": 0.7943925578071587, "r7": 1.6507781336470022}, "datetime": {"datetime": "2020-01-18 05:41:35", "elapsed": 32081.298555, "delta": 35.144112}}
{"target": 19.35, "params": {"d0": 2.2467369007905393, "d1": -5.259679286109554, "d2": 1.0109882319287817, "g0": 0.9133245007434365, "g1": 0.11596295013914193, "g2": -9.465662064776524, "g3": 1.4431155307234371, "g4": 1.221541570936827, "g5": -0.7438741234252494, "g6": 0.5569545834739564, "g7": 1.1603437844664677, "i0": 4.459656434302169, "i1": 0.9579538128159549, "i2": -0.2511936453551993, "i3": 1.257202961391306, "i4": 1.0033819739665306, "i5": -0.7400329143752661, "i6": -0.2242442281958839, "i7": 1.107410635451131, "r0": 3.414919059625068, "r1": 0.2503310813174515, "r2": -8.286541794934887, "r3": 1.3314403341112007, "r4": 1.1042043932910135, "r5": -0.31443272746424733, "r6": 0.11308260000609449, "r7": 1.6341220828173277}, "datetime": {"datetime": "2020-01-18 05:42:07", "elapsed": 32113.443729, "delta": 32.145174}}
{"target": 16.6, "params": {"d0": 4.940613230009444, "d1": -7.130794383851104, "d2": 0.90236601423544, "g0": 4.449564682011712, "g1": 0.23104252778283874, "g2": -5.107615916422762, "g3": 1.383095331995416, "g4": 1.144080803670741, "g5": -0.7688923747996044, "g6": 0.14743566036833666, "g7": 0.9336402018203558, "i0": 1.9136937594503722, "i1": 0.19399821812710083, "i2": -3.6163153703227735, "i3": 0.8044667370467852, "i4": 0.9222207038806132, "i5": 0.17114148895889691, "i6": -0.05754025786074529, "i7": 1.9065834664405945, "r0": 1.1734219511645056, "r1": 0.2797027753899245, "r2": -5.8644020680712785, "r3": 0.757951878234168, "r4": 1.1765781813517346, "r5": 0.21169865779162866, "r6": 0.5164400496409707, "r7": 1.8068701556666649}, "datetime": {"datetime": "2020-01-18 05:42:38", "elapsed": 32144.731779, "delta": 31.28805}}
{"target": 11.2, "params": {"d0": 2.9723655333808936, "d1": -7.138747600302082, "d2": 1.2284354225345218, "g0": 2.107808046816839, "g1": 0.8483434154991715, "g2": -1.6329148780541338, "g3": 1.1858974255825616, "g4": 0.9748175638212684, "g5": 0.38387633616524686, "g6": -0.28168233621942335, "g7": 1.3422340881163672, "i0": 3.0851233394500572, "i1": 0.2906791535624932, "i2": -0.07691080019998608, "i3": 1.427651207561397, "i4": 1.0728619501610626, "i5": -0.7606571167555409, "i6": 0.5335319966167731, "i7": 1.6064723061908894, "r0": 3.71207607928907, "r1": 0.7577549575099584, "r2": -2.9276723138124394, "r3": 1.3571017058984483, "r4": 1.0915036604350012, "r5": 0.2800333466513838, "r6": 0.934074993101218, "r7": 1.1017774068872646}, "datetime": {"datetime": "2020-01-18 05:43:10", "elapsed": 32176.657181, "delta": 31.925402}}
{"target": 17.3, "params": {"d0": 4.9976968486846225, "d1": -5.5816242977112065, "d2": 0.7628139562325558, "g0": 0.4086648237246654, "g1": 0.7902022188661497, "g2": -1.358217185042749, "g3": 0.9611152301507672, "g4": 1.2355705114241795, "g5": 0.7340995773995347, "g6": -0.21251751355041243, "g7": 1.6096987504514497, "i0": 0.7272803132369987, "i1": 0.5516942544814887, "i2": -1.099929792094196, "i3": 0.7904357056379421, "i4": 1.181591835195857, "i5": 0.036735968487427106, "i6": 0.5869073573303993, "i7": 1.2648392649337932, "r0": 3.899361165249298, "r1": 0.9288412928661622, "r2": -5.147497758235331, "r3": 1.2715094723747815, "r4": 1.19627235586781, "r5": -0.18276479957768355, "r6": 0.0030583159150581185, "r7": 1.1520258412156403}, "datetime": {"datetime": "2020-01-18 05:43:43", "elapsed": 32210.008621, "delta": 33.35144}}
{"target": 20.2, "params": {"d0": 2.0851109291940317, "d1": -1.4351489800284192, "d2": 0.9675224434677312, "g0": 0.689851450760316, "g1": 0.12835944201702565, "g2": -8.004522224234274, "g3": 1.3242917081901506, "g4": 1.2564176950801635, "g5": 0.00923125738108721, "g6": 0.017552132357469885, "g7": 1.9255422411121454, "i0": 2.7701285692940174, "i1": 0.36778643010425394, "i2": -9.137512223839346, "i3": 0.7873580519515029, "i4": 0.981172763838087, "i5": -0.45877599434403343, "i6": 0.19859473135636263, "i7": 1.5208813396664929, "r0": 4.520533391381506, "r1": 0.39325557936050637, "r2": -8.700053467820755, "r3": 1.334020671141038, "r4": 1.153414821866255, "r5": -0.6716866081745998, "r6": 0.2561029848934946, "r7": 0.9680337120763636}, "datetime": {"datetime": "2020-01-18 05:44:15", "elapsed": 32241.406059, "delta": 31.397438}}
{"target": 12.5, "params": {"d0": 4.546729785941767, "d1": -6.168579913352659, "d2": 0.823756552161056, "g0": 1.6259586491761668, "g1": 0.006633568663324874, "g2": -1.4069025822663974, "g3": 0.7463766960761301, "g4": 0.9374513291121425, "g5": 0.10526219859292874, "g6": -0.2093786575449994, "g7": 1.9454614850734835, "i0": 1.1620633479454612, "i1": 0.28780034912494945, "i2": -8.328172039859666, "i3": 0.9209638093983044, "i4": 0.9141160802307424, "i5": 0.7987301797372113, "i6": -0.010301446796849967, "i7": 1.9515562852762667, "r0": 4.748110780441474, "r1": 0.07586872882397588, "r2": -8.454186251704783, "r3": 1.0654871619827362, "r4": 1.0689454534787493, "r5": 0.6671638664964072, "r6": 0.13160137535392713, "r7": 1.690901067644519}, "datetime": {"datetime": "2020-01-18 05:44:49", "elapsed": 32276.088134, "delta": 34.682075}}
{"target": 12.95, "params": {"d0": 3.3476318018650493, "d1": -4.421147064887792, "d2": 0.7389456443406326, "g0": 4.639842832302023, "g1": 0.8976735554983338, "g2": -2.2117608964238142, "g3": 1.491988115956053, "g4": 1.2600101299472568, "g5": 0.12942791651119523, "g6": 0.9923011171714218, "g7": 0.9563170065999924, "i0": 2.4606520896602952, "i1": 0.522403380803092, "i2": -9.8636077581337, "i3": 0.7300288338670724, "i4": 1.0006401599666908, "i5": -0.2688350552571095, "i6": 0.1165370794568319, "i7": 1.6895016159187881, "r0": 2.787601196882998, "r1": 0.20175404290252674, "r2": -1.2367525732069478, "r3": 1.4970446077453583, "r4": 1.1616830117529429, "r5": 0.1858337107721637, "r6": -0.15195816304672227, "r7": 1.9922786112839455}, "datetime": {"datetime": "2020-01-18 05:45:22", "elapsed": 32308.736303, "delta": 32.648169}}
{"target": 7.0, "params": {"d0": 1.963113962525442, "d1": -7.339655277217133, "d2": 0.9133946622367386, "g0": 3.5842693242600565, "g1": 0.7576684047521279, "g2": -0.9886074099066438, "g3": 1.4456127293520908, "g4": 0.9152918862834665, "g5": -0.1517231463013642, "g6": 0.3901643317755199, "g7": 1.0260154773859302, "i0": 1.5175893804182876, "i1": 0.08636226793442003, "i2": -1.3845268489699478, "i3": 1.2292801872819799, "i4": 0.9009118493180047, "i5": 0.6617925925654198, "i6": 0.24177067414760334, "i7": 0.9911092023630678, "r0": 4.288409206372069, "r1": 0.08236582684847926, "r2": -6.59398078965917, "r3": 1.4767682138564133, "r4": 0.8211507832282585, "r5": -0.7377065150777172, "r6": 0.5797958638864995, "r7": 1.4471834734799576}, "datetime": {"datetime": "2020-01-18 05:45:54", "elapsed": 32340.671692, "delta": 31.935389}}
{"target": 18.9, "params": {"d0": 0.679698260105866, "d1": -3.2397104072253144, "d2": 0.8309780222657794, "g0": 0.5538463864532261, "g1": 0.10576482941808041, "g2": -5.193680435460376, "g3": 1.0592910766276213, "g4": 1.1522708154032415, "g5": -0.6108232991798289, "g6": 0.8419372702750065, "g7": 1.784207175454331, "i0": 3.475866000502, "i1": 0.5453810776699671, "i2": -6.255076708700971, "i3": 1.2144706364101605, "i4": 0.9335027730782721, "i5": -0.07380056403111168, "i6": 0.908056761513643, "i7": 1.321925878239742, "r0": 4.580772840840421, "r1": 0.09973258105577198, "r2": -9.331257806088127, "r3": 1.3184580111460253, "r4": 0.8102437413937228, "r5": -0.5919168657329854, "r6": 0.3352190125429856, "r7": 1.8791917630868507}, "datetime": {"datetime": "2020-01-18 05:46:28", "elapsed": 32374.932709, "delta": 34.261017}}
{"target": 5.0, "params": {"d0": 1.0557002894455036, "d1": -0.9036667999942729, "d2": 0.7530568754468112, "g0": 4.1486598133127455, "g1": 0.06461887165471303, "g2": -2.9721291959327427, "g3": 1.0871337867028024, "g4": 0.8981862347693699, "g5": -0.48603990396122454, "g6": 0.6017549609435491, "g7": 1.1468051305448264, "i0": 3.3276455597093078, "i1": 0.5286883125076403, "i2": -5.1133078695746175, "i3": 1.305797917417188, "i4": 0.9444559236913388, "i5": -0.7909714847508256, "i6": 0.20442028424077652, "i7": 1.5084254072079366, "r0": 4.0392595674680525, "r1": 0.8032531154193534, "r2": -9.943380138539462, "r3": 0.8451747540050292, "r4": 1.2192898760670174, "r5": 0.03740074821334116, "r6": 0.25472857604659627, "r7": 1.1454228252529053}, "datetime": {"datetime": "2020-01-18 05:47:02", "elapsed": 32409.014406, "delta": 34.081697}}
{"target": 14.0, "params": {"d0": 3.6051836941286752, "d1": -8.66325140676056, "d2": 1.2002797973851482, "g0": 4.853479502784252, "g1": 0.5867042341790919, "g2": -5.680170842467739, "g3": 1.3342654207115219, "g4": 0.8314025386690499, "g5": -0.396216737994695, "g6": -0.4456291696017442, "g7": 1.9085097558493676, "i0": 3.916033404295532, "i1": 0.9861416231931781, "i2": -0.3181589959556579, "i3": 0.7484800251154518, "i4": 0.9347715728374115, "i5": -0.18589993574938712, "i6": -0.4753887984993925, "i7": 1.1868933260790606, "r0": 0.8884201082106336, "r1": 0.9753881192790249, "r2": -5.969441480182809, "r3": 0.9665076204598835, "r4": 1.1940721706184378, "r5": 0.7486912142172117, "r6": -0.30467332817306964, "r7": 1.2941955030397319}, "datetime": {"datetime": "2020-01-18 05:47:37", "elapsed": 32443.55913, "delta": 34.544724}}
{"target": 17.4, "params": {"d0": 2.7105422835364297, "d1": -7.656046274721952, "d2": 0.7157942748910542, "g0": 4.830009179111558, "g1": 0.42991784306160796, "g2": -3.2194848731647046, "g3": 0.9616127096028125, "g4": 0.8284276837415216, "g5": -0.646048651231261, "g6": 0.10360980219267524, "g7": 1.7898568877421077, "i0": 3.0648207843107174, "i1": 0.757434570889365, "i2": -0.7735073238364585, "i3": 1.1236470902833195, "i4": 1.0268282222489735, "i5": -0.7547004024998535, "i6": 0.03334360963145078, "i7": 1.6384734826878722, "r0": 1.052924742794083, "r1": 0.8558763847550152, "r2": -8.39227325854835, "r3": 1.3742540971980741, "r4": 1.1614715042270989, "r5": 0.07726568504671183, "r6": 0.02110677165584396, "r7": 1.095517066045582}, "datetime": {"datetime": "2020-01-18 05:48:08", "elapsed": 32474.569959, "delta": 31.010829}}
{"target": 12.85, "params": {"d0": 1.7746929005204837, "d1": -3.3256633966538827, "d2": 0.8408459463603775, "g0": 2.4553216462799456, "g1": 0.3102576952255066, "g2": -0.2799758596941828, "g3": 1.2985321926464506, "g4": 0.8695204536666974, "g5": 0.767421079714488, "g6": -0.2806476747228805, "g7": 1.4487495261499044, "i0": 1.60531890818246, "i1": 0.6670690607308121, "i2": -0.7609137993671471, "i3": 1.3381800772390207, "i4": 1.0261286564210161, "i5": 0.019510688961937417, "i6": 0.6138945052183269, "i7": 1.371571619308022, "r0": 0.5909738387864161, "r1": 0.594356981380461, "r2": -0.3431583356428831, "r3": 0.9755138208440317, "r4": 0.8759144908564717, "r5": 0.06960930716791014, "r6": -0.45299670012657034, "r7": 1.9334336670834809}, "datetime": {"datetime": "2020-01-18 05:48:41", "elapsed": 32507.55328, "delta": 32.983321}}
{"target": 17.25, "params": {"d0": 2.839401676364637, "d1": -6.754847383453476, "d2": 0.7776657076754072, "g0": 4.688150145205592, "g1": 0.38697091503920555, "g2": -3.6293830624708514, "g3": 1.4287154222021994, "g4": 1.1813720455002688, "g5": 0.3923055915033653, "g6": 0.22964879439216068, "g7": 1.8362562047806756, "i0": 0.6770502179397703, "i1": 0.02580864923741988, "i2": -7.578227474715469, "i3": 0.7308042223657503, "i4": 1.2430222950384058, "i5": 0.5954032678027092, "i6": 0.7745035885209359, "i7": 1.1113038854438027, "r0": 0.4286272741599517, "r1": 0.5250694358601482, "r2": -3.631335807999955, "r3": 0.809810669997538, "r4": 1.1880825935232329, "r5": 0.057636179988026726, "r6": -0.15183644705833427, "r7": 1.8576612937407404}, "datetime": {"datetime": "2020-01-18 05:49:12", "elapsed": 32538.477203, "delta": 30.923923}}
{"target": 5.3, "params": {"d0": 3.1762466327844607, "d1": -8.863075286659441, "d2": 1.2715043868661189, "g0": 2.7271151259067787, "g1": 0.9876961112861787, "g2": -7.1945937169596235, "g3": 1.033124422523587, "g4": 1.061847082296758, "g5": -0.639605838851149, "g6": -0.16651858189883206, "g7": 1.6966772956768663, "i0": 4.415089400138993, "i1": 0.7851535929136034, "i2": -1.2936428031289289, "i3": 0.9622735812054708, "i4": 0.9322114690549277, "i5": 0.6291000356307455, "i6": -0.29831564996074805, "i7": 1.5647715433201301, "r0": 3.908644704987889, "r1": 0.797290320620858, "r2": -5.561560029384486, "r3": 1.0913185551710742, "r4": 0.9059874225410367, "r5": 0.5287529418205215, "r6": 0.01808619212806395, "r7": 1.9373369242852547}, "datetime": {"datetime": "2020-01-18 05:49:38", "elapsed": 32564.87773, "delta": 26.400527}}
{"target": 12.55, "params": {"d0": 1.0666759261098102, "d1": -6.380103392539961, "d2": 0.7753326906133393, "g0": 1.0901270884609138, "g1": 0.35945882441374366, "g2": -8.442948513738495, "g3": 1.180921369714532, "g4": 0.917846978324187, "g5": 0.6432906601196655, "g6": 0.5081536331465082, "g7": 0.9182796348394704, "i0": 4.482296639726954, "i1": 0.8054701370641804, "i2": -5.9785223852010745, "i3": 0.9183621069878698, "i4": 1.107865717165769, "i5": -0.5249454282357262, "i6": 0.5105982091656782, "i7": 1.48385278527005, "r0": 1.835621119943212, "r1": 0.1621268908382144, "r2": -2.2371784519232545, "r3": 1.1631076893330037, "r4": 0.8919331686715718, "r5": 0.18924789692788624, "r6": 0.34569792646667263, "r7": 1.2616859305019072}, "datetime": {"datetime": "2020-01-18 05:50:17", "elapsed": 32603.54925, "delta": 38.67152}}
{"target": 10.65, "params": {"d0": 1.730259703429469, "d1": -6.600287374430468, "d2": 1.4923826888983367, "g0": 1.0369532859015906, "g1": 0.40949560091398407, "g2": -0.16235057661514496, "g3": 1.1405165606760326, "g4": 0.9246208794390327, "g5": -0.35830583075225847, "g6": 0.11154919449141487, "g7": 1.4946869105138376, "i0": 4.253793864031627, "i1": 0.3030805961556702, "i2": -8.102477742343009, "i3": 1.1435651532395505, "i4": 1.105067684101083, "i5": 0.01766715248831685, "i6": 0.7435675361525695, "i7": 1.6545701895033031, "r0": 3.515696788092602, "r1": 0.9031152567297969, "r2": -4.008694116604561, "r3": 0.8099716995920866, "r4": 1.2591327339816871, "r5": 0.7203143306104085, "r6": -0.08818464838584966, "r7": 1.5050617868520428}, "datetime": {"datetime": "2020-01-18 05:50:45", "elapsed": 32631.632573, "delta": 28.083323}}
{"target": 17.3, "params": {"d0": 3.1337415772244626, "d1": -4.616146276076162, "d2": 0.7528742329793675, "g0": 2.3678574024977954, "g1": 0.982374944638778, "g2": -7.845884126460735, "g3": 1.3796569594230632, "g4": 1.0981443551372938, "g5": -0.18473631083886288, "g6": 0.3330608630584806, "g7": 1.5249954031112392, "i0": 2.6895437766205372, "i1": 0.9320310151430092, "i2": -4.752060816991915, "i3": 1.0351103357295033, "i4": 1.1327635794494768, "i5": 0.26842267067445214, "i6": 0.3920807786906928, "i7": 1.2495837192797672, "r0": 1.7417055493857654, "r1": 0.6997303873789156, "r2": -5.673958654645713, "r3": 1.3910485733378475, "r4": 0.8886355952265499, "r5": -0.31817969587652917, "r6": 0.22357821411553225, "r7": 1.4250690086064712}, "datetime": {"datetime": "2020-01-18 05:51:13", "elapsed": 32660.265836, "delta": 28.633263}}
{"target": 3.45, "params": {"d0": 2.596075384757594, "d1": -1.5919308100159544, "d2": 0.8215047033966263, "g0": 2.038753289000611, "g1": 0.0894148336034456, "g2": -4.400347393749996, "g3": 0.7408818467180013, "g4": 0.8958778768620499, "g5": 0.04198993924059413, "g6": -0.4654923800867221, "g7": 1.850430103446449, "i0": 3.3156844130407226, "i1": 0.8725643019079333, "i2": -6.341511471575196, "i3": 1.4082810023232677, "i4": 0.8608353658675584, "i5": -0.7124553461119849, "i6": -0.3884483791716411, "i7": 1.9588269278106973, "r0": 4.843323122981418, "r1": 0.9524107797833415, "r2": -7.409182834221317, "r3": 1.2791401610217816, "r4": 0.8048455220597207, "r5": -0.5378064711813653, "r6": -0.36742948412273174, "r7": 1.6809565963306106}, "datetime": {"datetime": "2020-01-18 05:51:49", "elapsed": 32695.936907, "delta": 35.671071}}
{"target": 9.0, "params": {"d0": 3.1815465721900527, "d1": -1.7991288563584202, "d2": 1.4133214169584354, "g0": 4.0869520342123895, "g1": 0.6147711336574285, "g2": -8.490757025072792, "g3": 0.8785340314321428, "g4": 1.138398275754656, "g5": 0.1386950980056063, "g6": -0.37886902159720837, "g7": 1.535241871365045, "i0": 2.913746952452858, "i1": 0.17862691498121597, "i2": -8.667424839331147, "i3": 1.0629703030882771, "i4": 1.0262869188041295, "i5": 0.17142571351532276, "i6": 0.07015684145275602, "i7": 0.9962375513870856, "r0": 2.2631235354092065, "r1": 0.6088432382387872, "r2": -4.273486936626015, "r3": 1.030603072689519, "r4": 1.0602271033751616, "r5": 0.19098415112551803, "r6": 0.6780014402221417, "r7": 1.7300146148362727}, "datetime": {"datetime": "2020-01-18 05:52:18", "elapsed": 32725.091139, "delta": 29.154232}}
{"target": 8.6, "params": {"d0": 2.830531431751411, "d1": -8.028680061735736, "d2": 1.4651698551215662, "g0": 2.818365519813024, "g1": 0.8167263931446545, "g2": -0.24504823144814125, "g3": 0.929327993977709, "g4": 0.9972414092854421, "g5": 0.46942576951795667, "g6": 0.646129990992802, "g7": 1.1506451925558256, "i0": 1.6477027632158099, "i1": 0.9496928527839189, "i2": -0.10732466758044268, "i3": 0.7409980289043251, "i4": 0.8303918925177579, "i5": -0.775636279166797, "i6": 0.44653196188678124, "i7": 1.7797434961167031, "r0": 2.2492153509165353, "r1": 0.05237794323059608, "r2": -3.8755095318529857, "r3": 1.3008426843086789, "r4": 0.8941119423431085, "r5": 0.7725278805344116, "r6": 0.9372172200896847, "r7": 1.4895904361035721}, "datetime": {"datetime": "2020-01-18 05:52:49", "elapsed": 32755.512574, "delta": 30.421435}}
{"target": 16.6, "params": {"d0": 2.3956391320160693, "d1": -4.906347756592213, "d2": 0.9174289110617853, "g0": 3.71571838523111, "g1": 0.8067629150202249, "g2": -0.017687419667899107, "g3": 1.0321558571028047, "g4": 0.9026128980241976, "g5": -0.016077051633463513, "g6": 0.023459941131371842, "g7": 1.0637545614706287, "i0": 4.274110397163729, "i1": 0.22785146534932943, "i2": -8.723592978444527, "i3": 1.2663918847936957, "i4": 1.088564989584862, "i5": -0.686459419578846, "i6": 0.8743840556196452, "i7": 1.7139270033992595, "r0": 0.10032904715258584, "r1": 0.4002184737836235, "r2": -6.059924601696922, "r3": 0.8574050258499332, "r4": 1.2936498589731482, "r5": 0.11104536131500653, "r6": 0.12391653599975871, "r7": 1.3359085684674221}, "datetime": {"datetime": "2020-01-18 05:53:22", "elapsed": 32788.381009, "delta": 32.868435}}
