{"target": 10.9, "params": {"d0": 0.647903253350075, "d1": -1.8003382319264034, "d2": 0.9869371462558714, "g0": 4.976097286485544, "g1": 0.3913961343061929, "g2": -4.216624845064797, "g3": 1.0179773734202373, "g4": 1.0001233729751247, "g5": -0.7606173468716557, "g6": 0.8101831300198339, "g7": 1.7866388453372015, "i0": 1.6855578010750922, "i1": 0.01901854636276623, "i2": -1.0447724258274746, "i3": 1.1425742194670796, "i4": 0.8183599044295087, "i5": 0.5630301047608046, "i6": 0.304471215286774, "i7": 1.5996816966361598, "r0": 0.2296642040291208, "r1": 0.172073409833162, "r2": -4.719876680891717, "r3": 1.3821792065787402, "r4": 1.0203611319134984, "r5": -0.34362097602493247, "r6": -0.08696167644841002, "r7": 0.9197964267533281}, "datetime": {"datetime": "2020-01-18 08:31:22", "elapsed": 42269.014206, "delta": 38.268422}}
{"target": 14.2, "params": {"d0": 0.3336024417968364, "d1": -0.4119285571357576, "d2": 0.9842157432342376, "g0": 1.9459304248496538, "g1": 0.04252103271181962, "g2": -9.714011112366547, "g3": 1.0608427644886964, "g4": 1.1431627723286477, "g5": -0.6678061220847371, "g6": 0.8524895517739846, "g7": 1.688805571886557, "i0": 3.915164904944231, "i1": 0.5755097913749011, "i2": -6.3161160092578115, "i3": 1.1353049544500005, "i4": 0.8196014724902153, "i5": -0.7801562682606221, "i6": 0.6684874244477221, "i7": 1.8985851565144856, "r0": 3.117842435077648, "r1": 0.8377517288276226, "r2": -2.9976414634749817, "r3": 0.8050421888823592, "r4": 1.1816548253635428, "r5": -0.7856411205985341, "r6": 0.539305735052011, "r7": 1.1159793984880977}, "datetime": {"datetime": "2020-01-18 08:31:55", "elapsed": 42301.355179, "delta": 32.340973}}
{"target": 15.85, "params": {"d0": 3.4846999205941187, "d1": -7.106563305875078, "d2": 0.9464224964536122, "g0": 4.010881384480145, "g1": 0.7268848029919256, "g2": -2.124412260181833, "g3": 0.8108688892541008, "g4": 1.1772309208575578, "g5": 0.0006055635265063142, "g6": -0.24388179390473735, "g7": 1.0933083754340738, "i0": 0.5457476973371994, "i1": 0.6310230028988781, "i2": -7.003764740412892, "i3": 1.4917409023027333, "i4": 1.0713635253656855, "i5": 0.3741258009663113, "i6": 0.619848132408803, "i7": 1.8712778971106845, "r0": 3.5909789208006937, "r1": 0.04942176403997289, "r2": -7.005934138936489, "r3": 1.1355443189719903, "r4": 1.061169669599313, "r5": -0.5828399542559503, "r6": 0.07509688988898588, "r7": 1.498111915513911}, "datetime": {"datetime": "2020-01-18 08:32:27", "elapsed": 42334.004339, "delta": 32.64916}}
{"target": 18.45, "params": {"d0": 2.695935040632248, "d1": -6.537917954220907, "d2": 1.404892998383371, "g0": 0.08545186838215424, "g1": 0.20198081548976565, "g2": -2.86659667233387, "g3": 1.1167453549634516, "g4": 1.2305894007614198, "g5": 0.5511575944422507, "g6": -0.22287040431998983, "g7": 1.188132753215633, "i0": 2.9817118539109666, "i1": 0.6693613537303599, "i2": -6.139010895117945, "i3": 1.2560423534787102, "i4": 1.0851172706828902, "i5": 0.4080603364456201, "i6": 0.10009378572387684, "i7": 1.6988398047900282, "r0": 1.6869679186072783, "r1": 0.6862672885728089, "r2": -0.6800131489395707, "r3": 1.1877416719277458, "r4": 0.8072689937268647, "r5": 0.6301335131875876, "r6": 0.8148526686792879, "r7": 1.6456902306548542}, "datetime": {"datetime": "2020-01-18 08:32:59", "elapsed": 42366.062102, "delta": 32.057763}}
{"target": 1.6, "params": {"d0": 4.746038958934368, "d1": -1.4580868671202225, "d2": 1.1884724779631504, "g0": 4.451747596976616, "g1": 0.931712587806566, "g2": -3.7191468352044303, "g3": 0.9094975393362983, "g4": 1.0205130589182574, "g5": -0.12243832235696739, "g6": 0.07672324512080997, "g7": 1.0249040197305355, "i0": 3.570112481111303, "i1": 0.20544428598353148, "i2": -3.3437184506120623, "i3": 0.8959379916413027, "i4": 0.9531209058979138, "i5": 0.6453655675677472, "i6": -0.176002047337167, "i7": 1.3238478073315978, "r0": 1.620269505777829, "r1": 0.3200293932313041, "r2": -3.941300061170688, "r3": 0.8591971452320695, "r4": 0.8511160305324863, "r5": 0.18662323755480137, "r6": -0.002191603582128554, "r7": 1.3825001872943414}, "datetime": {"datetime": "2020-01-18 08:33:38", "elapsed": 42404.995346, "delta": 38.933244}}
{"target": 11.05, "params": {"d0": 0.6954301348649705, "d1": -0.22934793739128168, "d2": 0.8220087031026825, "g0": 4.656797146868515, "g1": 0.06714693491967239, "g2": -8.908888455636188, "g3": 1.4412634770106627, "g4": 1.2224165281965285, "g5": -0.6073724260252105, "g6": 0.7913964889636185, "g7": 1.0942032255590401, "i0": 2.565897694997341, "i1": 0.7183559656007001, "i2": -6.551557020259262, "i3": 1.4943873080531, "i4": 0.9705834274557015, "i5": 0.7710412291408522, "i6": 0.85944595371316, "i7": 1.8777093209884865, "r0": 1.6803522884697815, "r1": 0.017628806397647634, "r2": -0.5479363144803511, "r3": 1.4099804247511931, "r4": 0.9868779379450305, "r5": -0.012337808419646601, "r6": 0.11113829010645715, "r7": 1.3720082913724114}, "datetime": {"datetime": "2020-01-18 08:34:10", "elapsed": 42437.250907, "delta": 32.255561}}
{"target": 15.85, "params": {"d0": 2.1227144886758005, "d1": -8.386528382893774, "d2": 0.8023412642084224, "g0": 3.7227030575890745, "g1": 0.9971104022894991, "g2": -7.740348920959436, "g3": 1.0815741101890508, "g4": 0.879703773033125, "g5": 0.20286429211549173, "g6": 0.8180377416498674, "g7": 1.3161221510841288, "i0": 2.1267397515987376, "i1": 0.24861337298608133, "i2": -0.908835622111221, "i3": 1.0510003666164465, "i4": 1.1748002203265488, "i5": -0.6731883150347667, "i6": 0.13190779655437068, "i7": 1.899202612483526, "r0": 1.6095590531184594, "r1": 0.25742048104906445, "r2": -5.857999137754072, "r3": 1.0408687800187466, "r4": 1.0628632854403177, "r5": 0.6056221311869403, "r6": 0.23568620238681848, "r7": 1.4327202353936563}, "datetime": {"datetime": "2020-01-18 08:34:42", "elapsed": 42468.984006, "delta": 31.733099}}
{"target": 14.85, "params": {"d0": 1.623543562269264, "d1": -2.7882865592527803, "d2": 1.185290647984776, "g0": 2.53742254717149, "g1": 0.8949782735409167, "g2": -7.266707615064282, "g3": 1.404349656131183, "g4": 1.0885339236756018, "g5": -0.5733416704492751, "g6": 0.17290737432478576, "g7": 1.0818112213938864, "i0": 0.5690123838302041, "i1": 0.12301340224633772, "i2": -1.595656002012337, "i3": 0.9642499937153354, "i4": 0.9010922831310231, "i5": -0.44822248231177064, "i6": 0.23765685465107156, "i7": 1.0096929661185001, "r0": 2.2235332523602698, "r1": 0.9002274548632978, "r2": -4.562773392443144, "r3": 0.9395579371764536, "r4": 1.2026779390250355, "r5": 0.7302408748793139, "r6": 0.3474567997047624, "r7": 1.746950727278922}, "datetime": {"datetime": "2020-01-18 08:35:17", "elapsed": 42503.293966, "delta": 34.30996}}
{"target": 14.5, "params": {"d0": 1.5986206722710365, "d1": -5.158280721864195, "d2": 1.2763556326577086, "g0": 3.9265496034407117, "g1": 0.9873061020174684, "g2": -6.932524606820286, "g3": 1.4939496607700198, "g4": 1.1577361304773988, "g5": -0.26395512223385775, "g6": 0.6974996904890456, "g7": 1.925688329081963, "i0": 2.443452812042963, "i1": 0.8220859632151002, "i2": -7.457532701711904, "i3": 1.1033901769277346, "i4": 1.0973795495891956, "i5": 0.3516067928294282, "i6": 0.5318030427091407, "i7": 0.9148794031030215, "r0": 3.9869073031620323, "r1": 0.3498528872917819, "r2": -9.933783058040182, "r3": 0.726353145579633, "r4": 1.1759539558131988, "r5": 0.4323077327275606, "r6": 0.6928554886902711, "r7": 1.4974018880518107}, "datetime": {"datetime": "2020-01-18 08:35:56", "elapsed": 42543.014895, "delta": 39.720929}}
{"target": 19.55, "params": {"d0": 3.5029826320621984, "d1": -0.4756248986525087, "d2": 0.7161521526287651, "g0": 0.6204900353343729, "g1": 0.9963743769689847, "g2": -5.073160122126994, "g3": 0.9920133912365129, "g4": 1.0394489216111884, "g5": 0.27958949879734574, "g6": 0.8437391570655504, "g7": 1.0915902102804695, "i0": 0.7782257226673189, "i1": 0.18476570557646554, "i2": -4.446965448626202, "i3": 1.4545910616054374, "i4": 1.1142725913228562, "i5": -0.4478151074973955, "i6": 0.1463484064289653, "i7": 1.60338582701974, "r0": 4.0382161497018565, "r1": 0.015606207225578927, "r2": -5.300127839426568, "r3": 1.3297335718495593, "r4": 1.221495239874262, "r5": 0.7265484495954959, "r6": -0.3682126903195882, "r7": 1.9493092902050355}, "datetime": {"datetime": "2020-01-18 08:36:28", "elapsed": 42574.945788, "delta": 31.930893}}
{"target": 11.6, "params": {"d0": 4.0605230784212525, "d1": -3.92140866543639, "d2": 1.0455300636079914, "g0": 1.6869457251003657, "g1": 0.2672977977337718, "g2": -1.309068510350457, "g3": 0.7181635957299417, "g4": 0.9961101629472666, "g5": 0.04090239733030199, "g6": 0.02662737574439311, "g7": 1.1245843839036795, "i0": 0.48870645292412807, "i1": 0.9376667291234732, "i2": -2.7479261448182255, "i3": 0.7670479269035861, "i4": 1.196881337185181, "i5": -0.09614590678211621, "i6": 0.2951766807874884, "i7": 1.8408242327642719, "r0": 1.8746454655515006, "r1": 0.02095035096907527, "r2": -4.09388346275875, "r3": 0.979214886767428, "r4": 0.8893631463026845, "r5": 0.11645079508658474, "r6": -0.45749884369193855, "r7": 0.9526789333909034}, "datetime": {"datetime": "2020-01-18 08:37:05", "elapsed": 42612.231723, "delta": 37.285935}}
{"target": 20.0, "params": {"d0": 4.645980768764832, "d1": -2.3090294212380433, "d2": 1.2738371307290333, "g0": 0.04253138594026762, "g1": 0.28604833530993834, "g2": -1.9453232000124103, "g3": 0.981491352853157, "g4": 0.8327352487978811, "g5": -0.4425145418770786, "g6": 0.5990586004217431, "g7": 1.852240961489768, "i0": 0.6691116952511955, "i1": 0.18289723291975046, "i2": -2.5317372212191716, "i3": 0.7661790165348187, "i4": 0.9085075725354839, "i5": 0.6972230659708332, "i6": 0.04090002799175829, "i7": 1.4192307669758626, "r0": 1.6212919070934673, "r1": 0.980552005251374, "r2": -7.580378136784729, "r3": 0.7361933454089934, "r4": 1.251580228899828, "r5": 0.5466579767161903, "r6": -0.19210218744627688, "r7": 1.748197070292351}, "datetime": {"datetime": "2020-01-18 08:37:37", "elapsed": 42644.15213, "delta": 31.920407}}
{"target": 8.25, "params": {"d0": 4.90274822397722, "d1": -0.8845541718273218, "d2": 1.149834285937728, "g0": 0.4107637979599432, "g1": 0.6946892778818237, "g2": -6.175895591032838, "g3": 1.156530524859766, "g4": 0.8576296958252586, "g5": -0.6935486816951514, "g6": -0.40410266799491873, "g7": 1.839921166874694, "i0": 1.5657585902533178, "i1": 0.7339243627151378, "i2": -4.628501629117437, "i3": 0.7288722974812225, "i4": 1.0107098589436911, "i5": -0.013092676204492393, "i6": -0.03574885606411349, "i7": 1.4846139164106997, "r0": 0.5553869144491064, "r1": 0.10227918670153191, "r2": -0.5862051904742334, "r3": 1.1072904143471194, "r4": 1.0839682619452833, "r5": -0.004202555460788404, "r6": 0.4590613243067433, "r7": 1.839807705004106}, "datetime": {"datetime": "2020-01-18 08:37:56", "elapsed": 42662.862025, "delta": 18.709895}}
{"target": 6.95, "params": {"d0": 3.36746713146155, "d1": -3.5715256541605376, "d2": 1.3446140239604656, "g0": 1.8282738206665377, "g1": 0.6568209325786942, "g2": -6.454893494782048, "g3": 1.3796642369701715, "g4": 1.010474359136909, "g5": -0.6525303088142151, "g6": -0.4403589638049539, "g7": 1.1192140614553583, "i0": 2.062424967923502, "i1": 0.02210028536293618, "i2": -4.166010405267594, "i3": 1.2565780441179073, "i4": 0.8734291536786111, "i5": 0.03954544898140233, "i6": -0.12364798160645968, "i7": 1.708768575539073, "r0": 4.693556157225761, "r1": 0.234222766242421, "r2": -6.614971601216225, "r3": 1.3525924263237983, "r4": 1.1916808060360937, "r5": 0.6247922623298223, "r6": 0.1697468157426324, "r7": 0.9260692855518678}, "datetime": {"datetime": "2020-01-18 08:38:17", "elapsed": 42683.883055, "delta": 21.02103}}
{"target": 7.7, "params": {"d0": 4.8734765064350425, "d1": -0.7808851803156376, "d2": 0.8328508843098921, "g0": 0.8767616067766953, "g1": 0.6328503072851053, "g2": -4.731675912890436, "g3": 0.920168660145618, "g4": 0.8189029486220762, "g5": -0.536239035030061, "g6": -0.3267669083910081, "g7": 1.6576180857557679, "i0": 3.2803820575797653, "i1": 0.3534941258161536, "i2": -5.881417783867963, "i3": 0.9186017433931077, "i4": 1.288197201447278, "i5": -0.6980955724936712, "i6": 0.026942330619820876, "i7": 0.9755742768835864, "r0": 3.5380441211141873, "r1": 0.25989694260557117, "r2": -2.5936928726600863, "r3": 1.2428553674110503, "r4": 0.8490222583515992, "r5": 0.7184563708136105, "r6": 0.2737479877331821, "r7": 1.4356250990168469}, "datetime": {"datetime": "2020-01-18 08:38:51", "elapsed": 42717.883825, "delta": 34.00077}}
{"target": 13.6, "params": {"d0": 0.7111638565589129, "d1": -1.9293697482155654, "d2": 0.8064486707442728, "g0": 2.0290127257026573, "g1": 0.008860460077506849, "g2": -5.671128000419249, "g3": 0.9934688476251828, "g4": 0.9842032920268788, "g5": -0.5554095745645393, "g6": 0.5540987998714455, "g7": 1.5715468110937414, "i0": 1.6217605906062067, "i1": 0.5396994396459329, "i2": -3.1809421699967277, "i3": 0.8481581502945921, "i4": 1.2347743690761412, "i5": -0.4044342856269751, "i6": -0.4361229770336721, "i7": 1.807371339295021, "r0": 1.8627500140872266, "r1": 0.09925362310911334, "r2": -1.74866009059906, "r3": 1.0438084356372936, "r4": 1.086535009290876, "r5": -0.3771000736130399, "r6": -0.07546437757375818, "r7": 1.740259963591487}, "datetime": {"datetime": "2020-01-18 08:39:31", "elapsed": 42757.956903, "delta": 40.073078}}
{"target": 18.2, "params": {"d0": 0.01536348768454987, "d1": -3.3952064586812885, "d2": 0.8767139070696398, "g0": 0.8088265313705661, "g1": 0.12888389435012726, "g2": -3.39051494504064, "g3": 0.8833757133710878, "g4": 1.1983391669031516, "g5": -0.10849010521574054, "g6": 0.9492650361937902, "g7": 1.3391214500649655, "i0": 2.3638130201120715, "i1": 0.7268635990528998, "i2": -6.103067873104497, "i3": 1.466794703066471, "i4": 1.2049019463626809, "i5": -0.2226617111121908, "i6": -0.37692479239601223, "i7": 1.129881987590375, "r0": 0.5279657585374481, "r1": 0.15410505187296186, "r2": -8.449544310682285, "r3": 1.0753883558337227, "r4": 1.2323335099002866, "r5": -0.29192633632594434, "r6": -0.28710780752005793, "r7": 1.1742362000989768}, "datetime": {"datetime": "2020-01-18 08:40:05", "elapsed": 42791.544106, "delta": 33.587203}}
{"target": 17.45, "params": {"d0": 4.37393029719506, "d1": -7.629079777244055, "d2": 1.2857315975865289, "g0": 4.192634275788892, "g1": 0.1195116273395247, "g2": -8.469838377210689, "g3": 1.2190046705531796, "g4": 0.8605489694223165, "g5": -0.7941480653616377, "g6": 0.6321402651622425, "g7": 1.4961006085263546, "i0": 4.26625762287932, "i1": 0.6748140711123465, "i2": -0.19891948741114973, "i3": 1.3978711131078294, "i4": 0.9458865450294618, "i5": 0.5098513415368562, "i6": 0.9133182606591101, "i7": 1.374747227352813, "r0": 0.9720012988418619, "r1": 0.319437392684387, "r2": -4.690241087675432, "r3": 0.8126112793363556, "r4": 1.0792250471990208, "r5": 0.22595044852965018, "r6": 0.0970553269131128, "r7": 1.6228032424766146}, "datetime": {"datetime": "2020-01-18 08:40:35", "elapsed": 42821.953562, "delta": 30.409456}}
{"target": 18.05, "params": {"d0": 2.680009113809234, "d1": -6.8818585477514755, "d2": 1.1343599343144926, "g0": 1.3445285101725917, "g1": 0.28995631988283765, "g2": -8.582294764272651, "g3": 1.3936944152938342, "g4": 0.8031369808375184, "g5": -0.18359768691833744, "g6": 0.9334443911173194, "g7": 1.7937052108907658, "i0": 0.5544596709309207, "i1": 0.22440272772424996, "i2": -3.853902349326292, "i3": 1.168819351930275, "i4": 0.8473502381498486, "i5": -0.4749193577549127, "i6": 0.9721204228939475, "i7": 1.5686294360452502, "r0": 1.9582347408216516, "r1": 0.0994366644212078, "r2": -1.6340440494400497, "r3": 1.3302211686574807, "r4": 1.265438436549732, "r5": 0.6051441601596916, "r6": -0.46588704813285364, "r7": 1.363334395506036}, "datetime": {"datetime": "2020-01-18 08:41:07", "elapsed": 42853.798543, "delta": 31.844981}}
{"target": 17.1, "params": {"d0": 3.3909491794697244, "d1": -7.763857877702552, "d2": 1.0442205501429116, "g0": 1.1767288777860379, "g1": 0.7288243081983931, "g2": -9.54295503818125, "g3": 0.750338132867897, "g4": 1.2894021121582748, "g5": -0.6185284763125507, "g6": -0.10930926430767773, "g7": 1.3802873121882124, "i0": 4.6793650374564475, "i1": 0.3734811282850332, "i2": -7.505191222972858, "i3": 1.4175561352084665, "i4": 1.0577544254271218, "i5": -0.5659608886923684, "i6": 0.44788320728396225, "i7": 1.9101993636768158, "r0": 0.9612742606807667, "r1": 0.1289074229693663, "r2": -6.193578110021955, "r3": 1.1060682490035791, "r4": 1.0427907433256163, "r5": 0.6563514374718602, "r6": 0.5167978527359043, "r7": 1.5086295971168289}, "datetime": {"datetime": "2020-01-18 08:41:38", "elapsed": 42884.583609, "delta": 30.785066}}
{"target": 8.4, "params": {"d0": 3.011231948708008, "d1": -9.092378745681598, "d2": 1.289862388977637, "g0": 1.777860441131327, "g1": 0.015644923409542377, "g2": -7.063149582275625, "g3": 0.8397666010459077, "g4": 0.8379740276109011, "g5": -0.406305132053576, "g6": -0.1402692980611719, "g7": 1.9362998491819292, "i0": 1.0330091027442938, "i1": 0.834729744808517, "i2": -0.6495097509114238, "i3": 0.9277206834374723, "i4": 0.8333296656701112, "i5": 0.6991066542920454, "i6": -0.4064571828145543, "i7": 1.5057580178527856, "r0": 2.183443598209816, "r1": 0.9525367262319903, "r2": -0.8355160702622584, "r3": 1.0654607741373723, "r4": 0.9752878524200232, "r5": 0.3880530474611237, "r6": 0.5240813879416644, "r7": 1.7226894120811842}, "datetime": {"datetime": "2020-01-18 08:42:15", "elapsed": 42922.126773, "delta": 37.543164}}
{"target": 6.15, "params": {"d0": 2.3127379674960964, "d1": -8.431274443111626, "d2": 1.180968926995837, "g0": 3.690273455389467, "g1": 0.5343952205926606, "g2": -3.2593848448082055, "g3": 1.4129772922355466, "g4": 0.9672235216389453, "g5": 0.41837313027600564, "g6": 0.7088833442423539, "g7": 1.5583439617801218, "i0": 2.5398358053928165, "i1": 0.05587365731437466, "i2": -0.7747169699166356, "i3": 1.2196981931300135, "i4": 0.9471201316941005, "i5": -0.7723184335838555, "i6": 0.05884873134898583, "i7": 1.5661630422271684, "r0": 2.393989727922236, "r1": 0.9297164672674407, "r2": -2.866118584624914, "r3": 0.7237196830157564, "r4": 0.8370286172618808, "r5": -0.2901753011860523, "r6": 0.6437952888179579, "r7": 1.0803801140029647}, "datetime": {"datetime": "2020-01-18 08:42:44", "elapsed": 42951.00428, "delta": 28.877507}}
{"target": 2.05, "params": {"d0": 2.9043021395645496, "d1": -4.186594811515394, "d2": 1.367545803437631, "g0": 3.244966998370769, "g1": 0.8024288088936155, "g2": -8.15933724584633, "g3": 1.172040607561023, "g4": 0.9059586644137798, "g5": 0.14773408477180539, "g6": -0.48853567410692694, "g7": 1.2256885127879464, "i0": 3.466216483497528, "i1": 0.325608887599113, "i2": -9.065447089196256, "i3": 0.8814086554287894, "i4": 1.0096180720639847, "i5": 0.6934920204498844, "i6": -0.14608708025265138, "i7": 1.6032963866115593, "r0": 4.78712851635626, "r1": 0.7743328063229642, "r2": -2.363673639227912, "r3": 0.8500029787229035, "r4": 0.9118153730074635, "r5": -0.38990975447014553, "r6": -0.10330441818307662, "r7": 1.0164211185784764}, "datetime": {"datetime": "2020-01-18 08:43:25", "elapsed": 42992.008899, "delta": 41.004619}}
{"target": 13.4, "params": {"d0": 1.9417100830300404, "d1": -6.092285496290723, "d2": 0.8504066426781995, "g0": 4.981880946155287, "g1": 0.1771913910241416, "g2": -9.56394806074612, "g3": 0.7926532927959351, "g4": 0.8881297261427057, "g5": -0.03517048759621433, "g6": 0.2777723148503144, "g7": 1.1589709621834436, "i0": 1.4270312083399683, "i1": 0.014837075250362708, "i2": -4.055653032569683, "i3": 1.3264480569823394, "i4": 1.0410126760886937, "i5": 0.03385608468395929, "i6": 0.38244249733024116, "i7": 1.4530322017057815, "r0": 3.80429816136268, "r1": 0.6753101541165275, "r2": -9.986165110614293, "r3": 0.9832176935730526, "r4": 1.0725762122642175, "r5": 0.12518044993914645, "r6": 0.9705417903324429, "r7": 1.86742454760883}, "datetime": {"datetime": "2020-01-18 08:43:58", "elapsed": 43024.726997, "delta": 32.718098}}
{"target": 5.8, "params": {"d0": 1.1187156966413314, "d1": -9.732511451877627, "d2": 0.9046884324209196, "g0": 2.100580821064722, "g1": 0.42545804130494236, "g2": -8.36145225175377, "g3": 0.9003746334401321, "g4": 1.035361308723042, "g5": 0.45800341443429526, "g6": -0.37492231717067226, "g7": 1.5300596880288433, "i0": 0.4834588443676052, "i1": 0.24829098559895135, "i2": -2.6844098846214672, "i3": 0.9061196862601092, "i4": 0.8340974915826295, "i5": -0.5552724590929634, "i6": 0.7538504566092448, "i7": 1.729424889049385, "r0": 1.4292385311846094, "r1": 0.5202279133352798, "r2": -9.708122999440695, "r3": 1.225539624318047, "r4": 0.8582057572256805, "r5": 0.15550038457948046, "r6": -0.26033475119038224, "r7": 1.9007161706316795}, "datetime": {"datetime": "2020-01-18 08:44:22", "elapsed": 43049.266937, "delta": 24.53994}}
{"target": 9.95, "params": {"d0": 0.869768124166031, "d1": -7.456307394811055, "d2": 1.2011804608517127, "g0": 2.754102314861667, "g1": 0.11190845336112876, "g2": -1.1573514073466988, "g3": 0.7310315903418161, "g4": 0.8656795248587849, "g5": 0.08994416061817945, "g6": -0.2883492564241048, "g7": 1.6595942097352654, "i0": 2.9741483464904466, "i1": 0.3240682256048488, "i2": -2.4464190658080467, "i3": 0.7470517548682708, "i4": 1.0970956046586082, "i5": -0.42402126678177815, "i6": -0.49791758936147157, "i7": 1.7779704528585065, "r0": 1.5606328736780268, "r1": 0.4643820008445343, "r2": -2.984320041516294, "r3": 0.8352432330756075, "r4": 1.187343523452643, "r5": -0.27366329709356274, "r6": 0.4400416845003752, "r7": 1.092486998840571}, "datetime": {"datetime": "2020-01-18 08:45:09", "elapsed": 43096.195007, "delta": 46.92807}}
