{"target": 20.6, "params": {"d0": 4.0219782963830415, "d1": -1.3652497048507974, "d2": 0.912830670367406, "g0": 0.6814674865795969, "g1": 0.30890003324040705, "g2": -5.328962981836346, "g3": 1.1908678679518736, "g4": 1.1464645644878946, "g5": 0.1376535587539871, "g6": 0.2365382644524376, "g7": 1.5463238132991466, "i0": 3.7278423242573284, "i1": 0.5797352990272175, "i2": -6.549169428197806, "i3": 1.0667091797680592, "i4": 0.8969550227435603, "i5": -0.4346654758631969, "i6": 0.06045065774847094, "i7": 1.7145161106306428, "r0": 1.829114750586897, "r1": 0.17375974331055802, "r2": -8.86567552145767, "r3": 1.092920426727171, "r4": 1.0245407287228547, "r5": 0.37305104687184476, "r6": 0.18040923073512208, "r7": 1.6199981391598501}, "datetime": {"datetime": "2020-01-19 01:32:18", "elapsed": 34777.267551, "delta": 41.033538}}
{"target": 20.5, "params": {"d0": 3.9988631002074135, "d1": -1.2484525564886388, "d2": 0.969242158841027, "g0": 0.7578685321590365, "g1": 0.3823690799738013, "g2": -5.207864499673312, "g3": 1.1571320936240985, "g4": 1.2012424643621837, "g5": -0.027293881985858304, "g6": 0.28664035084531125, "g7": 1.6265633246575224, "i0": 3.7222636447158157, "i1": 0.589528702463673, "i2": -6.46768692293826, "i3": 0.9273276327086611, "i4": 1.1410960109260113, "i5": -0.4409620268491291, "i6": 0.1481187311899799, "i7": 1.675245805701523, "r0": 2.0118816361098744, "r1": 0.17363622469689713, "r2": -8.855995279996051, "r3": 1.2468389227559609, "r4": 1.106283610250927, "r5": 0.3942213379042207, "r6": 0.19416256847840577, "r7": 1.5177162034669747}, "datetime": {"datetime": "2020-01-19 01:33:01", "elapsed": 34819.975489, "delta": 42.707938}}
{"target": 20.95, "params": {"d0": 3.8672083463224016, "d1": -1.2099858042446945, "d2": 0.9448097624058039, "g0": 0.5945964475368486, "g1": 0.398484226260839, "g2": -5.098146920531949, "g3": 1.232685882933911, "g4": 1.1380834827771826, "g5": 0.050081956391969835, "g6": 0.2221011774679448, "g7": 1.7268542900733754, "i0": 3.8799678579029537, "i1": 0.7555083524850529, "i2": -6.7457085195601945, "i3": 1.0896732315730002, "i4": 1.0190207802317943, "i5": -0.21010671637433154, "i6": -0.00399403881554462, "i7": 1.6885863629586861, "r0": 2.3526877903355508, "r1": 0.3657129658132665, "r2": -9.006319597277715, "r3": 1.0102398990010126, "r4": 1.0755082741691466, "r5": 0.5603624953950812, "r6": 0.14144174259972292, "r7": 1.5894964680335828}, "datetime": {"datetime": "2020-01-19 01:33:44", "elapsed": 34863.222743, "delta": 43.247254}}
{"target": 20.4, "params": {"d0": 3.73241785114705, "d1": -1.2985780281061448, "d2": 0.9757990441898071, "g0": 0.6405720697368141, "g1": 0.5941024671429055, "g2": -4.911600055363118, "g3": 1.2617500440196145, "g4": 1.078796113096555, "g5": -0.07374403633778986, "g6": 0.24973052218867833, "g7": 1.6179394511011027, "i0": 3.91606857372125, "i1": 0.6145097562247124, "i2": -6.52436946148089, "i3": 0.9071571740560297, "i4": 1.014050907473275, "i5": -0.015523643402850555, "i6": 0.03409507745980229, "i7": 1.6301840780813317, "r0": 2.620274810655849, "r1": 0.3420336267620426, "r2": -9.038701837814433, "r3": 1.0541671280291778, "r4": 1.0427078257940643, "r5": 0.421319536064901, "r6": 0.1909786545348088, "r7": 1.5493217769518337}, "datetime": {"datetime": "2020-01-19 01:34:24", "elapsed": 34903.588023, "delta": 40.36528}}
{"target": 20.4, "params": {"d0": 4.066814720641805, "d1": -1.7042842626455559, "d2": 0.8623689182366755, "g0": 0.5272221501675922, "g1": 0.38338092688230097, "g2": -4.814826231766766, "g3": 1.2452764182005664, "g4": 1.0979714134381582, "g5": 0.058097986831881866, "g6": 0.12664998855018242, "g7": 1.4495920168692868, "i0": 3.6725064761496893, "i1": 0.5854822369941034, "i2": -6.3299711306973965, "i3": 1.1229632981371847, "i4": 1.0138997402865613, "i5": -0.1385188449555271, "i6": 0.36523058003342235, "i7": 1.4950552687893943, "r0": 2.0956959484786415, "r1": 0.40353642028411435, "r2": -8.561667165118362, "r3": 1.1117447151527262, "r4": 0.9618671722881664, "r5": 0.4468308429933338, "r6": 0.2131924475438383, "r7": 1.6386925666199557}, "datetime": {"datetime": "2020-01-19 01:35:10", "elapsed": 34948.989603, "delta": 45.40158}}
{"target": 20.8, "params": {"d0": 3.674108791317089, "d1": -1.5635060780476622, "d2": 0.974546960337809, "g0": 0.5280212697986705, "g1": 0.28570259847430474, "g2": -6.329377101576147, "g3": 1.136071270196068, "g4": 1.0168505295939376, "g5": -0.12446171555193566, "g6": 0.05340314703010895, "g7": 1.365834049703987, "i0": 3.9300923325609256, "i1": 0.4722362306731796, "i2": -6.497010601481752, "i3": 0.9933571552612699, "i4": 0.8684151596400811, "i5": -0.2054115894790695, "i6": 0.17768989940662247, "i7": 1.5287064087002769, "r0": 1.4271364741836103, "r1": 0.26046716953514376, "r2": -8.776803541060154, "r3": 1.281496123193286, "r4": 1.043760590422027, "r5": 0.182590278012622, "r6": 0.2601172458357324, "r7": 1.5238871618374004}, "datetime": {"datetime": "2020-01-19 01:35:52", "elapsed": 34990.947967, "delta": 41.958364}}
{"target": 20.5, "params": {"d0": 3.231110967445262, "d1": -1.6733012512492076, "d2": 0.9315490079413442, "g0": 0.5105499488641733, "g1": 0.5345192973768227, "g2": -5.0039833581832145, "g3": 1.1733061892010002, "g4": 0.9687873558623052, "g5": 0.08894826338319967, "g6": 0.20317885657235174, "g7": 1.726188913447965, "i0": 3.205644000978285, "i1": 0.5282097979593148, "i2": -6.449222042590471, "i3": 1.0556508666075166, "i4": 1.1112320751242164, "i5": -0.13318284726279556, "i6": -0.09781988573893827, "i7": 1.5136774380589988, "r0": 3.8567422294539186, "r1": 0.6248125215723974, "r2": -8.526171605761512, "r3": 0.9707431479660202, "r4": 1.074701736291494, "r5": 0.41240060671979345, "r6": -0.17407357602787088, "r7": 1.7105080117307494}, "datetime": {"datetime": "2020-01-19 01:36:31", "elapsed": 35030.054902, "delta": 39.106935}}
{"target": 20.6, "params": {"d0": 3.339473084401479, "d1": -1.4289065914989343, "d2": 1.0770375172542794, "g0": 0.4631434461580523, "g1": 0.5836025213849351, "g2": -5.283722769702187, "g3": 1.2019404035212993, "g4": 1.1029090547709106, "g5": 0.04138607961369353, "g6": 0.21069723717354755, "g7": 1.692930661863985, "i0": 3.2266326570428068, "i1": 0.5514387139329876, "i2": -6.5364157169698585, "i3": 1.0129951440209657, "i4": 1.046948908404678, "i5": -0.10533556381961086, "i6": 0.13628277453608534, "i7": 1.5646001442463893, "r0": 3.77828368323742, "r1": 0.5354885260103884, "r2": -8.547400106921113, "r3": 1.1146156731526358, "r4": 1.2464875565734266, "r5": 0.3247848084586145, "r6": 0.05075522618612465, "r7": 1.4913168512367228}, "datetime": {"datetime": "2020-01-19 01:37:11", "elapsed": 35070.099318, "delta": 40.044416}}
{"target": 21.95, "params": {"d0": 3.9675791022130866, "d1": -1.2236154016668084, "d2": 1.1064941122662877, "g0": 0.6965048774115057, "g1": 0.4938063699231073, "g2": -5.096989475985786, "g3": 1.179651463460699, "g4": 1.1499780740878032, "g5": 0.1048895757841592, "g6": 0.0601224261044882, "g7": 1.7313274701206363, "i0": 3.980842278702617, "i1": 0.6920787372911628, "i2": -6.639852782714435, "i3": 0.9957316072619526, "i4": 1.0015038969624326, "i5": -0.21132160122235594, "i6": -0.03166823189565862, "i7": 1.7027964810065506, "r0": 2.383727091348472, "r1": 0.29295269431507714, "r2": -8.866676889247437, "r3": 1.0304108640224716, "r4": 1.1222361825640925, "r5": 0.48807000478174384, "r6": 0.30540840945292064, "r7": 1.4982700221551264}, "datetime": {"datetime": "2020-01-19 01:37:50", "elapsed": 35109.225016, "delta": 39.125698}}
{"target": 20.65, "params": {"d0": 3.6324970278326423, "d1": -1.481049753852028, "d2": 1.0895292643237962, "g0": 0.6263525126237037, "g1": 0.2446259863412266, "g2": -5.814573013910926, "g3": 1.211362723856449, "g4": 1.1693296922206544, "g5": 0.05743839166104297, "g6": 0.23245416250789794, "g7": 1.4640067129150813, "i0": 3.911025930214173, "i1": 0.5928959585780754, "i2": -6.57851880388243, "i3": 0.9667160127182768, "i4": 1.0110358557463606, "i5": -0.27686100949024595, "i6": 0.1265788563357552, "i7": 1.5780425158759266, "r0": 1.6306602955901057, "r1": 0.11768738062187072, "r2": -8.855058279834939, "r3": 1.2697787504945517, "r4": 0.9839157874847083, "r5": 0.18958442149014212, "r6": 0.18303219534407805, "r7": 1.5637687105887494}, "datetime": {"datetime": "2020-01-19 01:38:33", "elapsed": 35152.401894, "delta": 43.176878}}
{"target": 21.4, "params": {"d0": 3.2440314028661836, "d1": -1.5384429195646456, "d2": 1.0324231091284275, "g0": 0.39436797472211865, "g1": 0.5907108240104093, "g2": -5.277334494637605, "g3": 1.1347651561856986, "g4": 1.0606301297943515, "g5": 0.05763243915048035, "g6": 0.20486140841008946, "g7": 1.598381078351447, "i0": 3.3137663346625748, "i1": 0.5168936223897629, "i2": -6.8001892654365985, "i3": 1.0630278473058326, "i4": 1.0397649680852803, "i5": 0.007940201274452158, "i6": 0.15652351558772823, "i7": 1.517644647536518, "r0": 3.462090397840533, "r1": 0.5077316650213916, "r2": -8.678944326969296, "r3": 1.0864789800966135, "r4": 1.1087723507679486, "r5": 0.3866715764098106, "r6": 0.10157658041041001, "r7": 1.4638266836327773}, "datetime": {"datetime": "2020-01-19 01:39:10", "elapsed": 35189.84429, "delta": 37.442396}}
{"target": 20.75, "params": {"d0": 3.9638204160825206, "d1": -1.2444918282220758, "d2": 1.129891038623916, "g0": 0.5513674496007832, "g1": 0.5071503911882606, "g2": -5.081554798994047, "g3": 1.2567259387757084, "g4": 1.2079059867636541, "g5": 0.012805713630672403, "g6": 0.07199751146649826, "g7": 1.7261274008298522, "i0": 4.0446634549640805, "i1": 0.7461964202943564, "i2": -6.6708424734917715, "i3": 0.944588062020617, "i4": 0.9230647286513707, "i5": -0.13895533362545093, "i6": -0.01586304637783633, "i7": 1.7163215945760135, "r0": 2.3709935785884126, "r1": 0.23314364001997606, "r2": -8.855612809232252, "r3": 0.9748460691860916, "r4": 1.1054121467527545, "r5": 0.5033533059726729, "r6": 0.23596517475168996, "r7": 1.4878526582521419}, "datetime": {"datetime": "2020-01-19 01:39:49", "elapsed": 35228.399502, "delta": 38.555212}}
{"target": 20.8, "params": {"d0": 3.9212766058223516, "d1": -1.1993585102707047, "d2": 1.0368312729023883, "g0": 0.758332837014446, "g1": 0.41652573706306745, "g2": -5.061225421796915, "g3": 1.1235914343397475, "g4": 1.056328120434731, "g5": 0.1507361656356183, "g6": 0.06330009128092914, "g7": 1.7350642373089185, "i0": 3.9652707882176004, "i1": 0.6535793776788907, "i2": -6.60383984607322, "i3": 0.957733801807011, "i4": 1.0892502384709106, "i5": -0.21747147996459945, "i6": -0.09807323840492753, "i7": 1.6654539779859148, "r0": 2.427739759843272, "r1": 0.3511785175467097, "r2": -8.959112536950935, "r3": 1.0644959448621947, "r4": 1.0921825934300495, "r5": 0.5553664005771609, "r6": 0.3712892570622282, "r7": 1.5177552683688025}, "datetime": {"datetime": "2020-01-19 01:40:27", "elapsed": 35266.632954, "delta": 38.233452}}
{"target": 20.55, "params": {"d0": 3.9583978760385516, "d1": -1.2103031079725242, "d2": 1.093487501930869, "g0": 0.7207540204082971, "g1": 0.6067678793753823, "g2": -5.13927800975852, "g3": 1.1976432613785086, "g4": 1.1974114596062184, "g5": 0.13190261709421897, "g6": 0.11106232498680856, "g7": 1.6577954807858168, "i0": 3.898346665306881, "i1": 0.6553837121772036, "i2": -6.64614307928559, "i3": 1.053531213905665, "i4": 1.0771068866963456, "i5": -0.2948743223013086, "i6": 0.044342194357743565, "i7": 1.6736578604275387, "r0": 2.359240170180172, "r1": 0.3412631055542508, "r2": -8.850876495909331, "r3": 1.0719010975582415, "r4": 1.1456870063543179, "r5": 0.45960216656606134, "r6": 0.20631563796025632, "r7": 1.5095921449276242}, "datetime": {"datetime": "2020-01-19 01:41:09", "elapsed": 35308.689271, "delta": 42.056317}}
{"target": 21.15, "params": {"d0": 3.5919135509824667, "d1": -1.426314273609691, "d2": 0.9453875682608027, "g0": 0.6031142199664857, "g1": 0.6197143210963366, "g2": -4.662131171034585, "g3": 1.235868336460542, "g4": 1.127631281222815, "g5": 0.10698976385085085, "g6": 0.23581735751800603, "g7": 1.722536155203647, "i0": 3.573258455539338, "i1": 0.6293685326673583, "i2": -6.502119330740796, "i3": 1.0442683266909178, "i4": 1.1922885254842572, "i5": -0.0405919839773378, "i6": -0.028871457007784103, "i7": 1.549926661437033, "r0": 3.3024062760936284, "r1": 0.49957652698702204, "r2": -8.624940084986369, "r3": 0.9801811512738416, "r4": 1.0551411967379491, "r5": 0.36403876004935837, "r6": -0.0685849715859154, "r7": 1.5494005612015436}, "datetime": {"datetime": "2020-01-19 01:41:50", "elapsed": 35349.025266, "delta": 40.335995}}
{"target": 20.4, "params": {"d0": 3.7101442006998955, "d1": -1.4736928454920912, "d2": 0.9969528035084383, "g0": 0.5262833178062963, "g1": 0.23203469182853872, "g2": -5.9028179554403915, "g3": 1.2218520319609643, "g4": 1.0942797847440107, "g5": 0.03099582220145109, "g6": 0.2201955841037954, "g7": 1.3805930239874709, "i0": 3.8183704816053354, "i1": 0.6026782053727923, "i2": -6.517671697512321, "i3": 0.9230578914566093, "i4": 0.8966700077215157, "i5": -0.25450540064551086, "i6": 0.06755542733066625, "i7": 1.55775799449895, "r0": 1.58012430615193, "r1": 0.07701279281796737, "r2": -8.86028227826487, "r3": 1.099334125346395, "r4": 1.1121756522911959, "r5": 0.36693483921849696, "r6": 0.15743361450408402, "r7": 1.5986017307248392}, "datetime": {"datetime": "2020-01-19 01:42:31", "elapsed": 35390.926953, "delta": 41.901687}}
{"target": 21.05, "params": {"d0": 3.9549598285486747, "d1": -1.3013837484263941, "d2": 1.0673416701582552, "g0": 0.7061034293098296, "g1": 0.44151410460665486, "g2": -5.0328389438500984, "g3": 1.1614896253643991, "g4": 1.1276829028610544, "g5": 0.10410975331893803, "g6": 0.1189386362137267, "g7": 1.7744564248110437, "i0": 3.916546521094461, "i1": 0.6976311890499907, "i2": -6.60280960534789, "i3": 0.9880238946102866, "i4": 0.9935120930140434, "i5": -0.1825598227170578, "i6": -0.0045846700425310714, "i7": 1.7608139924537345, "r0": 2.336605069495454, "r1": 0.31161297008061983, "r2": -8.866593325739363, "r3": 0.8814722588990389, "r4": 1.0651306166751024, "r5": 0.42388550956142906, "r6": 0.37682997842812177, "r7": 1.5293509334519524}, "datetime": {"datetime": "2020-01-19 01:43:10", "elapsed": 35429.910225, "delta": 38.983272}}
{"target": 21.0, "params": {"d0": 3.9569668264215188, "d1": -1.2099784183610895, "d2": 1.0436851415948218, "g0": 0.695058582619755, "g1": 0.38116679015071064, "g2": -5.10640183232787, "g3": 1.2221027902776564, "g4": 1.1390785696672878, "g5": -0.02916310830767782, "g6": 0.05270917537363171, "g7": 1.7864701542894643, "i0": 3.9804139846039654, "i1": 0.6413512639554689, "i2": -6.646005736403728, "i3": 0.9840811503603976, "i4": 0.9762076276262773, "i5": -0.24422446558449407, "i6": -0.05587748174957104, "i7": 1.636270161308877, "r0": 2.3208798034095275, "r1": 0.2806582973346512, "r2": -8.819517992697309, "r3": 1.1227832508970121, "r4": 1.1174888566986365, "r5": 0.4822756017999686, "r6": 0.28027688389540667, "r7": 1.5527394331672575}, "datetime": {"datetime": "2020-01-19 01:43:50", "elapsed": 35469.754512, "delta": 39.844287}}
{"target": 3.35, "params": {"d0": 4.180976840575528, "d1": -3.24852286456911, "d2": 0.8014536542427648, "g0": 3.7485075997023736, "g1": 0.7911560308115065, "g2": -2.726375833985574, "g3": 0.9163011904357332, "g4": 1.1098419627444958, "g5": -0.7614662916953245, "g6": 0.896469260095901, "g7": 1.6571363319591295, "i0": 4.143817457472649, "i1": 0.20689737369196037, "i2": -3.8201241653829454, "i3": 1.0005040296180026, "i4": 0.9125139459109226, "i5": 0.26600499263359434, "i6": 0.06613638017990242, "i7": 1.9842441986137405, "r0": 2.8605469567586606, "r1": 0.4934372826779938, "r2": -4.542470134959606, "r3": 0.875300327744554, "r4": 0.9770026837727376, "r5": -0.1747773507331436, "r6": -0.1639623820140606, "r7": 1.3420209168489172}, "datetime": {"datetime": "2020-01-19 01:44:27", "elapsed": 35506.286458, "delta": 36.531946}}
{"target": 21.3, "params": {"d0": 3.4326607515162175, "d1": -1.5070521147096894, "d2": 1.0554082182974212, "g0": 0.5805901581091515, "g1": 0.5202210751873997, "g2": -4.617055042891048, "g3": 1.135750461263886, "g4": 1.2668712872179586, "g5": 0.16333262657105174, "g6": 0.0937832093905993, "g7": 1.5518877136481, "i0": 4.142104073920955, "i1": 0.6318861570472831, "i2": -6.808429265223688, "i3": 0.9820485165130057, "i4": 1.012678933048307, "i5": -0.10909134840231942, "i6": 0.1835459298770602, "i7": 1.5698977626181625, "r0": 2.838801881320758, "r1": 0.3715433282862864, "r2": -8.741853717183037, "r3": 1.0216594348220196, "r4": 0.9896348758527596, "r5": 0.5457170326864075, "r6": 0.31021577122138333, "r7": 1.3724728750385955}, "datetime": {"datetime": "2020-01-19 01:45:05", "elapsed": 35544.524595, "delta": 38.238137}}
{"target": 20.7, "params": {"d0": 3.565849745355985, "d1": -1.6428695009913332, "d2": 1.043488340312606, "g0": 0.5506653097037332, "g1": 0.3856885343927383, "g2": -4.6834101053916335, "g3": 1.1305604307908725, "g4": 1.3, "g5": 0.062418412548557324, "g6": 0.0688754542411232, "g7": 1.5297352921907286, "i0": 4.184322185126321, "i1": 0.5482142586988749, "i2": -6.716613756933455, "i3": 0.9475037519284341, "i4": 1.024088339835547, "i5": -0.062339308707155934, "i6": 0.15247335389137753, "i7": 1.6526602751970765, "r0": 2.719731797146218, "r1": 0.5024778509677933, "r2": -8.691995612109569, "r3": 1.0066892700209293, "r4": 1.0017099981738244, "r5": 0.46154587252841317, "r6": 0.23042771554121336, "r7": 1.3611680079290853}, "datetime": {"datetime": "2020-01-19 01:45:45", "elapsed": 35584.26269, "delta": 39.738095}}
{"target": 20.95, "params": {"d0": 3.339920934310834, "d1": -1.4802203999277972, "d2": 0.9881489632820821, "g0": 0.5268929096516568, "g1": 0.5608046520120138, "g2": -5.104631898714618, "g3": 1.143620770985144, "g4": 1.0663228389784332, "g5": 0.055136189516927024, "g6": 0.27504643597679623, "g7": 1.604699362910924, "i0": 3.601952489558658, "i1": 0.555787775445969, "i2": -6.803476008790353, "i3": 1.0523712774304121, "i4": 1.0496397077183912, "i5": -0.0025126311076501336, "i6": 0.22882813042734387, "i7": 1.5154334256362265, "r0": 3.1448613071638714, "r1": 0.44384603951031293, "r2": -8.78934494457567, "r3": 1.0303332881315508, "r4": 1.0568170975165727, "r5": 0.43478538272342415, "r6": 0.16867089289523224, "r7": 1.4508461094179852}, "datetime": {"datetime": "2020-01-19 01:46:28", "elapsed": 35627.080281, "delta": 42.817591}}
{"target": 21.4, "params": {"d0": 3.839693206777659, "d1": -1.643836112253723, "d2": 0.7652425025444, "g0": 0.685068658012613, "g1": 0.4596319549316473, "g2": -3.3925552010048667, "g3": 1.2177588968828652, "g4": 1.0648791424650548, "g5": 0.011538017881881187, "g6": 0.3260213842248734, "g7": 1.8066846409383428, "i0": 4.043443047133922, "i1": 0.3073279901692935, "i2": -4.696291877949014, "i3": 1.4437840915099611, "i4": 1.1856798891195173, "i5": 0.003274845258789927, "i6": 0.46105241985149853, "i7": 1.3234475570272681, "r0": 4.636977230159084, "r1": 0.9840458025640738, "r2": -4.939004571789369, "r3": 1.4725142496589614, "r4": 1.2471277505303513, "r5": -0.4902641424887604, "r6": -0.30072733760985354, "r7": 1.1633297680866868}, "datetime": {"datetime": "2020-01-19 01:47:07", "elapsed": 35666.720249, "delta": 39.639968}}
{"target": 20.8, "params": {"d0": 3.8494960742703035, "d1": -1.260630513383869, "d2": 1.0021188135772543, "g0": 0.6257607085890067, "g1": 0.2958026750654223, "g2": -5.22900236909523, "g3": 1.1198702834952883, "g4": 1.2388595591787688, "g5": -0.02545783477632066, "g6": 0.1703946048549439, "g7": 1.6673767395790795, "i0": 3.7485465403988263, "i1": 0.6216213587473758, "i2": -6.67459766027538, "i3": 1.1424327280009388, "i4": 1.0102876572680284, "i5": -0.4595174412788747, "i6": 0.13031261376248093, "i7": 1.6867797353607321, "r0": 1.8657755220714705, "r1": 0.26175334699372316, "r2": -8.945040156980957, "r3": 1.2136664520743472, "r4": 1.0238596743648694, "r5": 0.3041214579515435, "r6": 0.17845960339666944, "r7": 1.5640653667115527}, "datetime": {"datetime": "2020-01-19 01:47:49", "elapsed": 35708.268997, "delta": 41.548748}}
{"target": 21.0, "params": {"d0": 3.137282356443534, "d1": -1.7399366871785908, "d2": 1.0181072277175789, "g0": 0.40326656876567635, "g1": 0.5263636816941264, "g2": -4.83205705108045, "g3": 1.2204558246838735, "g4": 1.1004637469948269, "g5": 0.07046929883855503, "g6": 0.24128273162972025, "g7": 1.619351205260548, "i0": 3.338350712405228, "i1": 0.49070177119333336, "i2": -6.398281701661744, "i3": 1.024505096779189, "i4": 1.0499941587916033, "i5": -0.07686608128317038, "i6": 0.08258381821624167, "i7": 1.5002287197548418, "r0": 3.9090458612286243, "r1": 0.607156346997339, "r2": -8.276474427901007, "r3": 0.9815297375451808, "r4": 1.1909848003579842, "r5": 0.4299302943533889, "r6": 0.017116279441548792, "r7": 1.625599207776489}, "datetime": {"datetime": "2020-01-19 01:48:26", "elapsed": 35745.380393, "delta": 37.111396}}
{"target": 20.75, "params": {"d0": 3.9101260712476336, "d1": -1.7840798130133921, "d2": 0.8816567520092408, "g0": 0.44305085054879767, "g1": 0.5190132756395573, "g2": -4.837084007423072, "g3": 1.1481533644081912, "g4": 1.1367580542756204, "g5": -0.14978326219804058, "g6": 0.16676322054668807, "g7": 1.272029905879654, "i0": 3.8387503733571204, "i1": 0.5016919103260177, "i2": -6.352799044230908, "i3": 0.9903019997965323, "i4": 1.0223739416112863, "i5": -0.15464957631715248, "i6": 0.20619823442403545, "i7": 1.4384911480715892, "r0": 2.058888342027196, "r1": 0.41003519965492724, "r2": -8.491484581965153, "r3": 1.1658401975608037, "r4": 1.102429461859279, "r5": 0.34108032728940374, "r6": 0.1999478967647795, "r7": 1.5995857600220853}, "datetime": {"datetime": "2020-01-19 01:49:05", "elapsed": 35784.639002, "delta": 39.258609}}
