{"target": 19.95, "params": {"d0": 3.633081050750137, "d1": -2.3577884292515003, "d2": 0.8666265703835125, "g0": 0.15112536432761114, "g1": 0.08191732657264084, "g2": -4.990434784620627, "g3": 0.8786350059673196, "g4": 1.1447983736671303, "g5": 0.06111680088207483, "g6": 0.6045363697270112, "g7": 1.385930068714324, "i0": 4.115901249779564, "i1": 0.52932179313876, "i2": -6.8447116091450235, "i3": 0.7833527107796017, "i4": 0.9023622661238754, "i5": 0.2829929382215681, "i6": 0.21923754646958082, "i7": 1.5446107998998513, "r0": 2.743694455228118, "r1": 0.4398243758535706, "r2": -9.64246546871792, "r3": 0.7197262846213712, "r4": 0.9480238361726656, "r5": 0.2816115053458046, "r6": 0.976084245239075, "r7": 1.2685687818509224}, "datetime": {"datetime": "2020-01-19 05:30:02", "elapsed": 49041.60262, "delta": 48.147207}}
{"target": 17.8, "params": {"d0": 3.4550179899528577, "d1": -1.8798191204029209, "d2": 1.3776317261792275, "g0": 1.0170126207875363, "g1": 0.5165953872283008, "g2": -5.310883516841295, "g3": 1.2003637739124962, "g4": 0.9263860112356322, "g5": 0.1530164006145205, "g6": 0.2982624462801585, "g7": 0.9012312040914747, "i0": 3.9170538017168663, "i1": 0.6499088265086348, "i2": -7.778655626935621, "i3": 0.8560782576101761, "i4": 1.0363045938652249, "i5": 0.6528405073790671, "i6": 0.8067225000594787, "i7": 1.4053114191456473, "r0": 2.935910241611119, "r1": 0.2455266415967552, "r2": -8.809996423271532, "r3": 0.8544650792696104, "r4": 1.0166175916596991, "r5": 0.17181204656523974, "r6": 0.3681274060716535, "r7": 1.9335218949609545}, "datetime": {"datetime": "2020-01-19 05:30:56", "elapsed": 49094.983231, "delta": 53.380611}}
{"target": 20.65, "params": {"d0": 4.71913937470683, "d1": -2.5266079916787736, "d2": 1.1155175640363584, "g0": 0.8485136901918064, "g1": 0.23854552323334563, "g2": -8.42087881391309, "g3": 1.442221686961706, "g4": 1.1362561356490737, "g5": -0.03329412349696801, "g6": 0.5107336606726494, "g7": 1.3797721667378195, "i0": 4.476351338557026, "i1": 0.6650516969098553, "i2": -5.142196892492797, "i3": 1.1675819733924127, "i4": 1.0892184398113818, "i5": -0.1966622266153577, "i6": -0.010914287942974594, "i7": 1.0513858106693648, "r0": 3.9738186332393846, "r1": 0.8402803224823615, "r2": -4.7475625642828945, "r3": 1.2154087277376364, "r4": 1.0110633802086137, "r5": 0.19668562502587073, "r6": 0.4567721793650396, "r7": 1.672070889473192}, "datetime": {"datetime": "2020-01-19 05:31:41", "elapsed": 49140.908487, "delta": 45.925256}}
{"target": 15.5, "params": {"d0": 4.137299678273267, "d1": -8.646355537795836, "d2": 1.3598855781765375, "g0": 0.07476156500785602, "g1": 0.8246656029125301, "g2": -2.9076804975876183, "g3": 0.8578226160178891, "g4": 1.1569087639155389, "g5": -0.05756469410555708, "g6": -0.1473572958329264, "g7": 1.0300094061738656, "i0": 1.3396146602022576, "i1": 0.26775919277071125, "i2": -5.722385985376552, "i3": 0.8339578489230306, "i4": 1.2952126006848723, "i5": 0.034473934547032625, "i6": -0.13423452705750394, "i7": 1.0559523635854022, "r0": 0.04789662512952433, "r1": 0.08279821308412813, "r2": -9.976708418378681, "r3": 1.0230198864497244, "r4": 1.0638676506374047, "r5": -0.524757678207112, "r6": 0.8840107135641931, "r7": 1.43664495428052}, "datetime": {"datetime": "2020-01-19 05:32:26", "elapsed": 49185.724655, "delta": 44.816168}}
{"target": 20.65, "params": {"d0": 3.9221422008552325, "d1": -1.6920313942001073, "d2": 0.8510693012380649, "g0": 0.49096862842891736, "g1": 0.32102158041778084, "g2": -4.838310936484797, "g3": 1.1416330299828408, "g4": 1.0838322011239168, "g5": -0.06509366278740181, "g6": 0.1434783760384707, "g7": 1.2998653197609882, "i0": 3.840910975909791, "i1": 0.6013017670460257, "i2": -6.439743427905984, "i3": 1.0830611769664207, "i4": 1.0589848683663383, "i5": -0.10552610678261747, "i6": 0.23859401859073143, "i7": 1.5305744380824444, "r0": 2.099511622167891, "r1": 0.3130867359856073, "r2": -8.622940984152711, "r3": 1.181660226258712, "r4": 1.0199438152263705, "r5": 0.5080999934773758, "r6": 0.19078182866955817, "r7": 1.4534549763375622}, "datetime": {"datetime": "2020-01-19 05:33:08", "elapsed": 49227.306767, "delta": 41.582112}}
{"target": 19.9, "params": {"d0": 2.413322075403932, "d1": -1.6985159322337957, "d2": 0.8342346493460274, "g0": 1.3309429443683158, "g1": 0.15774424107731672, "g2": -4.1943532846665, "g3": 1.196088096154457, "g4": 1.0959324447797862, "g5": 0.41179279461017965, "g6": 0.051422340963395916, "g7": 1.7731772395454453, "i0": 2.30445666542965, "i1": 0.9624730190549652, "i2": -5.28724259121993, "i3": 1.4661699351350985, "i4": 0.8926404823198713, "i5": 0.6786632766617787, "i6": 0.49600424807896665, "i7": 1.3725402591633296, "r0": 2.424106121789616, "r1": 0.3938563615934684, "r2": -1.1193884475657572, "r3": 1.0100323143704675, "r4": 1.1683649971726933, "r5": -0.7346605637779792, "r6": -0.21840740607538034, "r7": 1.8315244275369262}, "datetime": {"datetime": "2020-01-19 05:33:56", "elapsed": 49275.153675, "delta": 47.846908}}
{"target": 20.9, "params": {"d0": 4.1632554732364575, "d1": -1.375396391349634, "d2": 0.9035048429861582, "g0": 0.5547393914164214, "g1": 0.2680929112349551, "g2": -4.984364790309474, "g3": 1.0787849861993541, "g4": 1.099242477478363, "g5": 0.0033786916272593535, "g6": 0.24364485397032537, "g7": 1.5362916963493194, "i0": 3.7684842082636125, "i1": 0.6429205898773086, "i2": -6.445060810099253, "i3": 1.1198386781652445, "i4": 1.1579236626651894, "i5": -0.32724038818476, "i6": 0.07315222871742777, "i7": 1.6779879164451565, "r0": 2.0815823635622297, "r1": 0.3204187401478607, "r2": -8.73249941125989, "r3": 1.0736463948366246, "r4": 1.0066479132325368, "r5": 0.4052160555255724, "r6": 0.2318674484505458, "r7": 1.5415516083623821}, "datetime": {"datetime": "2020-01-19 05:34:44", "elapsed": 49323.06205, "delta": 47.908375}}
{"target": 16.85, "params": {"d0": 4.364198185694485, "d1": -2.514722678622201, "d2": 1.0202147862757247, "g0": 1.6651394244228945, "g1": 0.38805622846564947, "g2": -5.673857488000476, "g3": 0.7758414695145041, "g4": 1.2451436982875632, "g5": 0.14361363602224864, "g6": 0.4983338893236223, "g7": 1.4363238752712753, "i0": 3.9386021649059275, "i1": 0.2086600720083096, "i2": -6.337585410851011, "i3": 1.4645884146223336, "i4": 1.1319786460129486, "i5": -0.2337038949177711, "i6": 0.8036220464136332, "i7": 1.6193162014965883, "r0": 1.998958341172043, "r1": 0.3255221126362744, "r2": -8.428531224528049, "r3": 0.8692263578304069, "r4": 1.0925060796293136, "r5": 0.45063086076637693, "r6": 0.7582390378842341, "r7": 1.4675206767233109}, "datetime": {"datetime": "2020-01-19 05:35:27", "elapsed": 49366.914059, "delta": 43.852009}}
{"target": 19.85, "params": {"d0": 3.622418172302632, "d1": -0.9031450188897835, "d2": 1.5, "g0": 0.3131506358186004, "g1": 0.7740709391399875, "g2": -9.351259239520127, "g3": 1.3009700811903577, "g4": 0.9107923711473453, "g5": -0.012409704862068641, "g6": 0.18117697936616278, "g7": 1.4679587088471933, "i0": 4.070507443777795, "i1": 0.7173035601675537, "i2": -5.002904838535062, "i3": 0.7508648634496448, "i4": 0.8644866760200106, "i5": -0.005776663510389022, "i6": -0.49993638526805667, "i7": 1.6509152039247983, "r0": 1.4609003617747873, "r1": 0.7968838419123286, "r2": -4.584495444500831, "r3": 1.3576874551099338, "r4": 1.2836095392494222, "r5": 0.5676837137424312, "r6": 0.9957554134345808, "r7": 1.3890005548540376}, "datetime": {"datetime": "2020-01-19 05:36:16", "elapsed": 49415.16983, "delta": 48.255771}}
{"target": 16.65, "params": {"d0": 1.29260899287995, "d1": -7.012172548540871, "d2": 1.3729571737306205, "g0": 1.18652951610562, "g1": 0.06954037989282635, "g2": -4.939045751766815, "g3": 0.8950563524774834, "g4": 1.0645434988466957, "g5": -0.3103946597586502, "g6": 0.38444845463682653, "g7": 1.5641912195549175, "i0": 1.3658598235085384, "i1": 0.08312318140763852, "i2": -4.929546659916321, "i3": 1.3121823017795746, "i4": 1.2273451028797133, "i5": -0.4802194556883489, "i6": -0.3109797041345544, "i7": 1.6077377184662214, "r0": 1.5759495173585836, "r1": 0.23379088240053492, "r2": -2.676112893097608, "r3": 1.123323818660833, "r4": 0.8110397138424281, "r5": -0.2697614636152318, "r6": 0.10532540950317704, "r7": 1.3120663086828241}, "datetime": {"datetime": "2020-01-19 05:37:10", "elapsed": 49469.194515, "delta": 54.024685}}
{"target": 19.55, "params": {"d0": 2.2670835886675267, "d1": -2.343790969865448, "d2": 0.7012100342092359, "g0": 0.0006262271241121057, "g1": 0.4535105425634512, "g2": -6.91271040335197, "g3": 1.0328473933242868, "g4": 0.9426908371203819, "g5": -0.07031349088587893, "g6": 0.01739268092082634, "g7": 1.0832400886482991, "i0": 3.028287086033286, "i1": 0.2475956056546501, "i2": -5.657517578853718, "i3": 1.2777769434866044, "i4": 0.9360978762217109, "i5": 0.017136645526329236, "i6": 0.5050314661474006, "i7": 1.777643138524737, "r0": 1.6716785345186465, "r1": 0.22837321742506822, "r2": -7.81180366315735, "r3": 1.2744464733571401, "r4": 1.2784549192626036, "r5": -0.023304338617008768, "r6": 0.32016670076140546, "r7": 1.712750881741732}, "datetime": {"datetime": "2020-01-19 05:37:59", "elapsed": 49518.391797, "delta": 49.197282}}
{"target": 20.55, "params": {"d0": 3.48242559963618, "d1": -1.610111503282764, "d2": 1.0276924717097953, "g0": 0.3516048803984387, "g1": 0.5200995779935629, "g2": -4.420641573806409, "g3": 1.195788080932474, "g4": 1.0888079327908529, "g5": -0.059814509212777076, "g6": 0.17429745120092507, "g7": 1.5368773778627887, "i0": 3.682797649807289, "i1": 0.5157897805578281, "i2": -6.410611415793793, "i3": 1.0075341688088784, "i4": 0.9915943278158756, "i5": -0.06810061652632356, "i6": 0.08602147624271049, "i7": 1.422185171832058, "r0": 3.440321218451862, "r1": 0.5879633321048912, "r2": -8.298164207330455, "r3": 0.9809535025643334, "r4": 1.1003814742200257, "r5": 0.3338567409734398, "r6": 0.13826350792003153, "r7": 1.5686694621971347}, "datetime": {"datetime": "2020-01-19 05:38:51", "elapsed": 49570.922911, "delta": 52.531114}}
{"target": 21.15, "params": {"d0": 3.7230881476477093, "d1": -1.48955483459333, "d2": 1.0831921825907436, "g0": 0.5485792301367238, "g1": 0.20533899165104405, "g2": -5.908594881410803, "g3": 1.163173999823095, "g4": 1.112149501222169, "g5": 0.05048537040287008, "g6": 0.19828049587247001, "g7": 1.4086649349746962, "i0": 3.8830614926600164, "i1": 0.617826727396064, "i2": -6.468673717953304, "i3": 0.952321189533587, "i4": 0.9522576504048953, "i5": -0.38438649434070904, "i6": 0.05744787120628043, "i7": 1.7007728103556503, "r0": 1.4853592691731503, "r1": 0.0, "r2": -8.855849048345608, "r3": 1.239273573994921, "r4": 1.0381246462863463, "r5": 0.1688353080958448, "r6": 0.0472961545397322, "r7": 1.6293016379163914}, "datetime": {"datetime": "2020-01-19 05:39:36", "elapsed": 49615.203575, "delta": 44.280664}}
{"target": 20.35, "params": {"d0": 3.164186728749634, "d1": -9.000402932802256, "d2": 0.9591071308954112, "g0": 0.716313309579853, "g1": 0.49939351678661065, "g2": -5.118064520167331, "g3": 1.4200237937827573, "g4": 1.0669590075584225, "g5": -0.3554858792585549, "g6": 0.12423390025894804, "g7": 1.5130478394395754, "i0": 4.320795043455179, "i1": 0.7328423772041186, "i2": -5.731110314839735, "i3": 1.1045447684074672, "i4": 1.1375237228399364, "i5": 0.09430519180635427, "i6": -0.22568155985458987, "i7": 1.6909923949249672, "r0": 1.7250324784640159, "r1": 0.739586825687372, "r2": -1.8300973229972501, "r3": 1.2964263748873854, "r4": 0.9006309121326701, "r5": -0.3876487591603694, "r6": 0.16539260620350602, "r7": 1.5016629224563258}, "datetime": {"datetime": "2020-01-19 05:40:33", "elapsed": 49672.182865, "delta": 56.97929}}
{"target": 20.45, "params": {"d0": 3.7146598687677956, "d1": -1.5180002832271047, "d2": 1.0610727046304513, "g0": 0.5320564216307468, "g1": 0.21148130544646968, "g2": -6.029824955737427, "g3": 1.2295870990241333, "g4": 1.1085383395490749, "g5": -0.003163993118630958, "g6": 0.09321708117123338, "g7": 1.3724611748956694, "i0": 3.8055191629450134, "i1": 0.6244251106614664, "i2": -6.52836222698103, "i3": 0.9336268695034099, "i4": 0.8725803905074964, "i5": -0.30914583062797085, "i6": 0.0933245161121141, "i7": 1.5683638021469208, "r0": 1.525048510527105, "r1": 0.044054622994007794, "r2": -8.731836384727035, "r3": 1.2421397465426987, "r4": 1.048795204289385, "r5": 0.0759696596561769, "r6": 0.15521461404353748, "r7": 1.5692102070318121}, "datetime": {"datetime": "2020-01-19 05:41:18", "elapsed": 49717.262108, "delta": 45.079243}}
{"target": 20.45, "params": {"d0": 3.612629067150921, "d1": -1.200268723121362, "d2": 1.3844401454044775, "g0": 0.2750503107564062, "g1": 0.7798174628969772, "g2": -9.114518286568066, "g3": 1.2725514363283872, "g4": 0.991205436243722, "g5": 0.035588509502557875, "g6": 0.24140597619085616, "g7": 1.5208321617507703, "i0": 4.06612109338498, "i1": 0.7182958278194916, "i2": -5.172714099755809, "i3": 0.7571709331946769, "i4": 0.9041155863003635, "i5": -0.0918263444969979, "i6": -0.4289903081134238, "i7": 1.5757318807857938, "r0": 1.4193554086631603, "r1": 0.7919165800575355, "r2": -4.532274221318978, "r3": 1.3960111844220802, "r4": 1.2671907816071961, "r5": 0.4823716610349903, "r6": 0.9418254110242964, "r7": 1.4714232438103947}, "datetime": {"datetime": "2020-01-19 05:42:06", "elapsed": 49765.617765, "delta": 48.355657}}
{"target": 20.55, "params": {"d0": 4.75368806818479, "d1": -0.991750830707101, "d2": 1.4074213488377505, "g0": 0.4408222893770525, "g1": 0.12609938333725013, "g2": -4.542434802673525, "g3": 1.0744364170169274, "g4": 1.1844625951467935, "g5": -0.0923610405948706, "g6": 0.43967831836323223, "g7": 1.8460054862812787, "i0": 3.0896026864215247, "i1": 0.33187875167217984, "i2": -5.89059256833003, "i3": 0.7393176129334894, "i4": 0.8880027178663479, "i5": 0.28722898783839534, "i6": 0.5047185411441304, "i7": 1.5133618635091213, "r0": 2.311355893249326, "r1": 0.5082179680096743, "r2": -8.89934330828298, "r3": 0.9263550863755463, "r4": 1.2248138258948478, "r5": 0.7567859777335315, "r6": 0.07618707449116813, "r7": 1.8288554409151292}, "datetime": {"datetime": "2020-01-19 05:42:58", "elapsed": 49817.290695, "delta": 51.67293}}
{"target": 21.0, "params": {"d0": 4.907339784890372, "d1": -2.555997764223589, "d2": 1.1447260895621587, "g0": 0.985961598620101, "g1": 0.23443710566670822, "g2": -8.27837336249516, "g3": 1.4594864428593475, "g4": 1.1441664757598267, "g5": -0.09865158282529708, "g6": 0.4481464486600959, "g7": 1.3241609095387386, "i0": 4.575969039294431, "i1": 0.6660992528674451, "i2": -5.036314034751525, "i3": 1.1702348788163883, "i4": 1.1311225248371295, "i5": -0.2440574126570828, "i6": -0.008567124910178785, "i7": 1.1173523596949015, "r0": 4.005543254951385, "r1": 0.7878473249449839, "r2": -4.821272929216337, "r3": 1.216554949665909, "r4": 1.051826756225636, "r5": 0.2205171223295401, "r6": 0.4834764657920641, "r7": 1.7198581414402339}, "datetime": {"datetime": "2020-01-19 05:43:43", "elapsed": 49862.408462, "delta": 45.117767}}
{"target": 20.8, "params": {"d0": 4.030204662697281, "d1": -1.27142385248326, "d2": 0.9232339656164366, "g0": 0.6145483395965922, "g1": 0.3704259879490589, "g2": -5.071925524352851, "g3": 1.237773632252321, "g4": 1.1303381352571062, "g5": 0.04312850689354514, "g6": 0.13405397893395596, "g7": 1.5827410634890904, "i0": 3.8380650138689565, "i1": 0.6577113404438416, "i2": -6.619062090379467, "i3": 0.9973592021224373, "i4": 1.0921961497775128, "i5": -0.29130193882691036, "i6": 0.025206029000755477, "i7": 1.6838492966620184, "r0": 2.329741547129633, "r1": 0.29740182424133565, "r2": -8.84189730906911, "r3": 1.0246220177627072, "r4": 0.9803228699586539, "r5": 0.5306593465855722, "r6": 0.22066815917956023, "r7": 1.6557009726593135}, "datetime": {"datetime": "2020-01-19 05:44:35", "elapsed": 49914.881527, "delta": 52.473065}}
{"target": 19.6, "params": {"d0": 2.468921269247721, "d1": -1.6442999320414544, "d2": 0.8850963311678294, "g0": 1.125420817694865, "g1": 0.1454332115313817, "g2": -4.264883955043291, "g3": 1.2436098829563031, "g4": 1.0875175502597896, "g5": 0.35155868919122973, "g6": 0.17159095839619473, "g7": 1.7443044914580685, "i0": 2.2715403145187554, "i1": 0.9210888141848644, "i2": -5.285501221512707, "i3": 1.465959076160696, "i4": 0.9270599774367465, "i5": 0.5979648872520199, "i6": 0.5269187656581596, "i7": 1.2812823720026063, "r0": 2.5752592139173553, "r1": 0.39389124780710666, "r2": -1.4259999963163392, "r3": 1.0495825063151412, "r4": 1.1507181727781859, "r5": -0.6862991010260112, "r6": -0.2202472257672751, "r7": 1.7555869514158242}, "datetime": {"datetime": "2020-01-19 05:45:25", "elapsed": 49964.777749, "delta": 49.896222}}
{"target": 20.25, "params": {"d0": 3.752838538692605, "d1": -1.4658886610994892, "d2": 1.0427569282859526, "g0": 0.6415495409875033, "g1": 0.29377286289045623, "g2": -5.73253867780965, "g3": 1.17743562525346, "g4": 1.1206251528931355, "g5": 0.053453098573429156, "g6": 0.21768512903442727, "g7": 1.491533680391191, "i0": 3.8791745794546464, "i1": 0.5470531615233623, "i2": -6.58277113927731, "i3": 1.0045419850244455, "i4": 1.0423371020469299, "i5": -0.4238663826444584, "i6": -0.04802332984038555, "i7": 1.6485060541854308, "r0": 1.5222640697246845, "r1": 0.07264930455635352, "r2": -8.914083205270565, "r3": 1.2131864464636726, "r4": 0.9961064572806413, "r5": 0.3472974088677142, "r6": 0.037780141591061925, "r7": 1.675372207365212}, "datetime": {"datetime": "2020-01-19 05:46:19", "elapsed": 50018.615853, "delta": 53.838104}}
{"target": 20.35, "params": {"d0": 3.203528972371537, "d1": -1.1237650102306946, "d2": 1.2144989252769398, "g0": 0.6170689682794097, "g1": 0.4941977491645184, "g2": -7.610313858404342, "g3": 1.1892770210607357, "g4": 1.0596185174580612, "g5": 0.07915079913997004, "g6": 0.10921139521429148, "g7": 1.5928724998351187, "i0": 4.552109888725478, "i1": 0.5493069155617955, "i2": -6.709305061572556, "i3": 0.7655844183590708, "i4": 0.9174022579950875, "i5": -0.6346655232339767, "i6": -0.30829123189096763, "i7": 1.8419920095675635, "r0": 1.902726521426661, "r1": 0.09052795965916756, "r2": -9.476128236688156, "r3": 1.159473118604669, "r4": 1.0795721349074598, "r5": 0.20996949239137133, "r6": 0.15141272295977423, "r7": 1.6734295396160648}, "datetime": {"datetime": "2020-01-19 05:47:10", "elapsed": 50069.271845, "delta": 50.655992}}
{"target": 20.5, "params": {"d0": 3.833045309245882, "d1": -1.6442417033161612, "d2": 0.9908383859522377, "g0": 0.5634367027169734, "g1": 0.4261390949187429, "g2": -4.660959865829752, "g3": 1.0993059839941786, "g4": 1.0909839881398846, "g5": 0.0749831551101479, "g6": 0.2416285588345994, "g7": 1.5099857411128697, "i0": 3.808283967334166, "i1": 0.556124423114471, "i2": -6.4389350854393275, "i3": 0.8850557700924973, "i4": 1.191680180752979, "i5": -0.1543413110230742, "i6": 0.03424764923500429, "i7": 1.673203208670678, "r0": 2.3205791266422455, "r1": 0.34432482275748216, "r2": -8.65376908507429, "r3": 1.0699543540193683, "r4": 1.0953823951734034, "r5": 0.4562453353965342, "r6": 0.17045333590780568, "r7": 1.6555265997063522}, "datetime": {"datetime": "2020-01-19 05:47:57", "elapsed": 50116.422114, "delta": 47.150269}}
{"target": 20.05, "params": {"d0": 3.7056500021142154, "d1": -1.2235364390578933, "d2": 0.9410225506551769, "g0": 0.06170642238847168, "g1": 0.3682064939580867, "g2": -5.232042540383171, "g3": 1.187293487202572, "g4": 0.9177907455207295, "g5": -0.033777672644759504, "g6": 0.7776975092066138, "g7": 0.9806722459773817, "i0": 3.000872107167643, "i1": 0.30934028625246646, "i2": -6.709965121336872, "i3": 1.0496306392060357, "i4": 1.1820141586232609, "i5": -0.6739447462859437, "i6": 0.8787793990511905, "i7": 1.825766429420934, "r0": 2.169173782165636, "r1": 0.20488490560678452, "r2": -9.319718234084041, "r3": 1.4907095890287878, "r4": 0.8554882328411164, "r5": -0.00015996145106211834, "r6": 0.425522250667451, "r7": 1.7420442648771481}, "datetime": {"datetime": "2020-01-19 05:48:45", "elapsed": 50164.163268, "delta": 47.741154}}
{"target": 20.25, "params": {"d0": 2.461422203469651, "d1": -7.383426598273177, "d2": 0.9840445226319077, "g0": 0.281952068214601, "g1": 0.36995485702696107, "g2": -5.178810421889471, "g3": 1.4093443304024127, "g4": 1.1178102012763766, "g5": -0.5012092609198138, "g6": 0.4134704570227086, "g7": 1.5466147679633655, "i0": 2.150735451926906, "i1": 0.4902352770520874, "i2": -5.0336479718869045, "i3": 1.2953595636839152, "i4": 0.9407295703643661, "i5": -0.15796248790992037, "i6": -0.24477369888620723, "i7": 1.6807549607945036, "r0": 1.8591035164500171, "r1": 0.3048659724276267, "r2": -3.0146870200569054, "r3": 1.1193803975349563, "r4": 1.0420059148675485, "r5": -0.03610981211759134, "r6": 0.4777492532648436, "r7": 1.3530501947521238}, "datetime": {"datetime": "2020-01-19 05:49:37", "elapsed": 50215.960272, "delta": 51.797004}}
{"target": 21.0, "params": {"d0": 3.303812892988261, "d1": -1.575906654985027, "d2": 1.0387258547368907, "g0": 0.4343085951088839, "g1": 0.6436838026581356, "g2": -5.288193656546918, "g3": 1.0569051470516042, "g4": 1.0844867108016687, "g5": 0.04654256100749561, "g6": 0.1574805805519191, "g7": 1.6528764708446106, "i0": 3.226119541398583, "i1": 0.5801675005081599, "i2": -6.707634911519039, "i3": 1.0522893547027188, "i4": 1.058768540870858, "i5": -0.0792523343551393, "i6": 0.17165812229776567, "i7": 1.554983307547445, "r0": 3.4476786469441962, "r1": 0.5488522986909485, "r2": -8.670545163269352, "r3": 1.0327041523073264, "r4": 1.0412295781130723, "r5": 0.4114381807801835, "r6": 0.15400432153725355, "r7": 1.328163017426892}, "datetime": {"datetime": "2020-01-19 05:50:25", "elapsed": 50264.278012, "delta": 48.31774}}
