{"target": 3.55, "params": {"d0": 3.776208360078705, "d1": -4.42613969607333, "d2": 1.3569755788265612, "g0": 4.058823003755714, "g1": 0.8709713159023087, "g2": -7.675043390479129, "g3": 0.8720144335520068, "g4": 1.0705012077437925, "g5": -0.7612557626209077, "g6": -0.425655697501449, "g7": 1.5659757682604458, "i0": 3.8519086157792364, "i1": 0.6503737229498419, "i2": -7.695812450918211, "i3": 1.4478317563952772, "i4": 0.9224401677377921, "i5": -0.7109286477142863, "i6": 0.1745536829134159, "i7": 1.91931674484248, "r0": 3.4101714625907995, "r1": 0.5731557967683718, "r2": -3.08574411760347, "r3": 1.012828334408728, "r4": 1.0538703790699917, "r5": -0.24942665269273012, "r6": 0.35332748445580475, "r7": 1.3734086415023816}, "datetime": {"datetime": "2020-01-18 11:39:32", "elapsed": 53558.435943, "delta": 42.478614}}
{"target": 14.15, "params": {"d0": 3.167309176830933, "d1": -1.571358470672667, "d2": 1.0705884191286712, "g0": 2.8856228587798958, "g1": 0.039121056921942565, "g2": -6.150181330744155, "g3": 1.2857638799044828, "g4": 0.9775795169284346, "g5": -0.5164672264870243, "g6": 0.07682949801042238, "g7": 1.1823192143879264, "i0": 0.8574551050923973, "i1": 0.3778819563339032, "i2": -5.090645606942816, "i3": 1.2366865504600097, "i4": 1.0286421853711836, "i5": 0.5958796152884531, "i6": 0.22225518701165925, "i7": 1.8226959616360805, "r0": 3.648787115241216, "r1": 0.48752390695980663, "r2": -7.471692305851646, "r3": 0.7550940327020238, "r4": 1.114738881517221, "r5": -0.4526300392756058, "r6": -0.005989472527376638, "r7": 1.4880315010257927}, "datetime": {"datetime": "2020-01-18 11:40:15", "elapsed": 53601.818642, "delta": 43.382699}}
{"target": 10.75, "params": {"d0": 2.10619221165297, "d1": -5.3514743163082485, "d2": 1.0116355066696996, "g0": 0.04951587788677325, "g1": 0.06518456555086583, "g2": -7.4404073858353925, "g3": 0.7852837642372785, "g4": 1.0496486404933139, "g5": -0.545025000365008, "g6": -0.13457515147358495, "g7": 1.6965929078194155, "i0": 4.6266346443909505, "i1": 0.3666879693872017, "i2": -2.7569570123113945, "i3": 0.9912497504117623, "i4": 1.1038962628063145, "i5": -0.2322154260059376, "i6": -0.27502260933838646, "i7": 1.924357776800281, "r0": 3.6797506709170564, "r1": 0.3220394428672352, "r2": -7.890984191979347, "r3": 1.2619532849524528, "r4": 1.2384676179568086, "r5": 0.2953406101018341, "r6": 0.11539364516428452, "r7": 1.4083075735156225}, "datetime": {"datetime": "2020-01-18 11:40:44", "elapsed": 53630.312057, "delta": 28.493415}}
{"target": 8.45, "params": {"d0": 2.7465948224001258, "d1": -2.8308733770366867, "d2": 1.340350996321529, "g0": 0.3494333379889497, "g1": 0.143588786268123, "g2": -8.990437034748734, "g3": 1.0570753664594, "g4": 0.9663251718919228, "g5": -0.36485044160423574, "g6": -0.48695248514397105, "g7": 1.7012428118839573, "i0": 3.023543144195688, "i1": 0.5178310238401118, "i2": -8.19435304709176, "i3": 1.2156537650066395, "i4": 0.8341904294510948, "i5": -0.7636033594867535, "i6": 0.03496220960535901, "i7": 1.9920602425354184, "r0": 0.7983762156161212, "r1": 0.7123667319575491, "r2": -7.863739550701529, "r3": 0.8546965274940157, "r4": 1.2571221036478564, "r5": 0.708386818059551, "r6": 0.7851387206645031, "r7": 1.6255158793040594}, "datetime": {"datetime": "2020-01-18 11:41:11", "elapsed": 53657.558721, "delta": 27.246664}}
{"target": 6.05, "params": {"d0": 4.427207868473673, "d1": -6.376565301711347, "d2": 1.1378438854624697, "g0": 3.8755038616436446, "g1": 0.4549766126833058, "g2": -9.416042774959317, "g3": 1.3920483262734367, "g4": 1.0171945935724471, "g5": -0.07015509198452818, "g6": 0.008427335205604125, "g7": 0.9445632948118561, "i0": 4.2167401469983785, "i1": 0.027693542024792683, "i2": -5.1449287112850275, "i3": 1.1209234313463647, "i4": 0.810610728453013, "i5": 0.5292912644436572, "i6": 0.20537463636685027, "i7": 0.9460068933269801, "r0": 2.2829353768065594, "r1": 0.48047929811975354, "r2": -8.333546495415474, "r3": 0.7371381227590843, "r4": 0.9438216225596305, "r5": 0.028821843674293968, "r6": 0.634990058248134, "r7": 1.8922483132894445}, "datetime": {"datetime": "2020-01-18 11:41:45", "elapsed": 53691.682876, "delta": 34.124155}}
{"target": 2.15, "params": {"d0": 1.6883472376534248, "d1": -2.5670157344186864, "d2": 1.4461637896350124, "g0": 4.0751694789360124, "g1": 0.8268858648814984, "g2": -5.269038490328624, "g3": 0.7894653754759338, "g4": 1.0348049957292684, "g5": -0.36662126155663605, "g6": 0.2720913901878359, "g7": 1.4447639004383466, "i0": 4.580059456760525, "i1": 0.1170981132912644, "i2": -7.480389548031762, "i3": 0.9733352229042498, "i4": 1.1200073172394627, "i5": 0.4523981477613679, "i6": 0.2421716232807234, "i7": 1.1565493828875362, "r0": 3.4021070244429823, "r1": 0.12116123766449383, "r2": -0.16247305285045854, "r3": 1.2518904925610603, "r4": 0.828254188941034, "r5": -0.6810899322796145, "r6": 0.34663594729707803, "r7": 1.74629538178288}, "datetime": {"datetime": "2020-01-18 11:42:42", "elapsed": 53748.786064, "delta": 57.103188}}
{"target": 15.15, "params": {"d0": 2.1498605066386083, "d1": -3.2272331825834772, "d2": 1.4123459487566499, "g0": 1.353931107866368, "g1": 0.12285614183763816, "g2": -1.6166963714660056, "g3": 1.43176371065829, "g4": 1.280397486045333, "g5": 0.15775629229550547, "g6": 0.5658613718710697, "g7": 1.8441510253419668, "i0": 4.234199187923507, "i1": 0.3007445042942106, "i2": -3.8816757116931004, "i3": 1.064298962258785, "i4": 0.8409803280555881, "i5": -0.23616248237197868, "i6": -0.2815651654573097, "i7": 0.9708887299163886, "r0": 1.9478697961630498, "r1": 0.6625045931887406, "r2": -6.696187103067604, "r3": 1.0527663086018486, "r4": 1.0855345847402158, "r5": -0.5622411585873422, "r6": 0.5983610087242348, "r7": 1.877126297417036}, "datetime": {"datetime": "2020-01-18 11:43:19", "elapsed": 53785.884193, "delta": 37.098129}}
{"target": 9.45, "params": {"d0": 4.342925612400348, "d1": -3.965717855034656, "d2": 1.4455729325267723, "g0": 0.706825735455367, "g1": 0.4876735978528026, "g2": -0.3818317327999239, "g3": 1.4757191915841483, "g4": 0.8384729811486813, "g5": -0.0017056914363091646, "g6": -0.28521110330012883, "g7": 0.946040393834168, "i0": 1.9761997881574995, "i1": 0.12902385863267074, "i2": -0.18579514830944532, "i3": 1.0675445778903536, "i4": 1.2987110523685454, "i5": -0.7318694488928568, "i6": 0.502352296241448, "i7": 1.4152078162720791, "r0": 3.392990188708114, "r1": 0.36842494720798136, "r2": -2.6780462145273045, "r3": 0.8332459189067065, "r4": 1.226927391625928, "r5": 0.0855385181872812, "r6": -0.13828429015608196, "r7": 1.7259274015182329}, "datetime": {"datetime": "2020-01-18 11:43:59", "elapsed": 53825.725994, "delta": 39.841801}}
{"target": 13.0, "params": {"d0": 2.518174488247925, "d1": -4.678026341055118, "d2": 1.4486933264521158, "g0": 3.105923463514109, "g1": 0.001090912899687324, "g2": -1.608755975191805, "g3": 1.1536009558693674, "g4": 1.1596473346689153, "g5": -0.7510284287490961, "g6": 0.2822895087453985, "g7": 1.2750610672927225, "i0": 0.3999390498209293, "i1": 0.7193069207493875, "i2": -3.9512324703722523, "i3": 1.4035773907056694, "i4": 1.074083877289438, "i5": -0.6944088995745434, "i6": 0.6495520182762686, "i7": 1.3091312371750707, "r0": 2.269892898537727, "r1": 0.29798458312831444, "r2": -5.748018323438661, "r3": 0.8625575458846637, "r4": 0.9581658737101193, "r5": -0.7568107977912648, "r6": 0.37581406334170353, "r7": 1.4798656683470313}, "datetime": {"datetime": "2020-01-18 11:44:42", "elapsed": 53868.899908, "delta": 43.173914}}
{"target": 16.15, "params": {"d0": 1.6099351317181516, "d1": -3.001122141598458, "d2": 1.0122246264838264, "g0": 2.9531467887246694, "g1": 0.8844168822618484, "g2": -5.940390202532361, "g3": 1.0183675225309936, "g4": 1.1327744367806807, "g5": -0.040933021026894556, "g6": 0.01563818626756952, "g7": 1.213663990081141, "i0": 4.1385873075221795, "i1": 0.4751684751291292, "i2": -1.8400510178851288, "i3": 1.1206750820516904, "i4": 1.1613144190731493, "i5": -0.059448760037628445, "i6": -0.4551004009097252, "i7": 1.91739896364205, "r0": 0.4069613549663659, "r1": 0.44322364751264975, "r2": -7.391433341547956, "r3": 1.3896558458480286, "r4": 1.2058893277118508, "r5": 0.4360215274733177, "r6": 0.8518422125422069, "r7": 1.6365463810211192}, "datetime": {"datetime": "2020-01-18 11:45:25", "elapsed": 53911.306104, "delta": 42.406196}}
{"target": 17.0, "params": {"d0": 2.2396561483751496, "d1": -5.893055494975309, "d2": 1.254166231068786, "g0": 0.9178584860624428, "g1": 0.3873786565267926, "g2": -9.846679452348074, "g3": 0.8212920628840872, "g4": 0.8198626247580474, "g5": -0.5917699172219871, "g6": 0.6660605770298753, "g7": 0.93386962275664, "i0": 0.32278321243966623, "i1": 0.9148841505728564, "i2": -7.610783923916779, "i3": 0.8710129970909133, "i4": 1.215093255700611, "i5": 0.360384176264152, "i6": -0.17198954175937498, "i7": 1.5102965976747942, "r0": 0.420493258798772, "r1": 0.3945346268428056, "r2": -9.39908485251869, "r3": 0.8258915420047459, "r4": 1.2865002179873812, "r5": 0.1385055429695644, "r6": 0.10339792672657655, "r7": 1.9097383904493777}, "datetime": {"datetime": "2020-01-18 11:46:08", "elapsed": 53954.687303, "delta": 43.381199}}
{"target": 18.9, "params": {"d0": 4.252286069177742, "d1": -8.57903396585084, "d2": 0.9661594927304858, "g0": 0.07959718543562921, "g1": 0.03655335638773283, "g2": -6.167630246459402, "g3": 0.7259607480592286, "g4": 1.2441442437633046, "g5": 0.1663542609765868, "g6": 0.6341500428650559, "g7": 1.9928466968403438, "i0": 2.0563318852101613, "i1": 0.5046642180647789, "i2": -2.3641530408270226, "i3": 1.2370119482477604, "i4": 1.0678695316724056, "i5": 0.6678365382269031, "i6": 0.04558526417496189, "i7": 1.7974220629660622, "r0": 2.015375285000265, "r1": 0.12704998256002054, "r2": -9.422870519874586, "r3": 1.4171160138384336, "r4": 1.2752911701228702, "r5": -0.057950414898256364, "r6": 0.9626773323042721, "r7": 1.010060371413313}, "datetime": {"datetime": "2020-01-18 11:46:48", "elapsed": 53995.128007, "delta": 40.440704}}
{"target": 9.75, "params": {"d0": 0.9257254241711116, "d1": -8.16443523439315, "d2": 1.1990467580745856, "g0": 4.283208821658484, "g1": 0.7999984810935512, "g2": -7.03813769436839, "g3": 0.744872095530047, "g4": 1.2470653700455432, "g5": 0.5766900496698495, "g6": 0.8084095724263465, "g7": 1.385119750151052, "i0": 0.909019183164817, "i1": 0.418757454533501, "i2": -0.8433207317994267, "i3": 1.0956168485006215, "i4": 0.8931887384037815, "i5": -0.13712590442902628, "i6": 0.20038163901909156, "i7": 1.634759903724793, "r0": 1.1247949781145588, "r1": 0.49901029365211513, "r2": -9.673827361714679, "r3": 1.3668555973297924, "r4": 1.1207620157996543, "r5": -0.7441727878507329, "r6": -0.48164634508421134, "r7": 1.9151100023039467}, "datetime": {"datetime": "2020-01-18 11:47:33", "elapsed": 54039.337362, "delta": 44.209355}}
{"target": 17.35, "params": {"d0": 4.874666352204874, "d1": -8.625660997503738, "d2": 1.0404138877742086, "g0": 4.917198140801839, "g1": 0.5507388743050118, "g2": -8.8250297856797, "g3": 1.3647987351139106, "g4": 0.9138867652795339, "g5": 0.7460368361328904, "g6": 0.9442229048984419, "g7": 1.8853518471853379, "i0": 2.774737948894998, "i1": 0.6839221176188874, "i2": -3.5667671682595774, "i3": 0.9341018230130733, "i4": 0.812549346484444, "i5": 0.28181568957460756, "i6": -0.30181845347572683, "i7": 1.0809351109003957, "r0": 1.0207498660824816, "r1": 0.45445958040340617, "r2": -6.487233597725251, "r3": 0.8552718251972208, "r4": 1.2950953802407514, "r5": 0.026648514877901874, "r6": 0.8449880606870876, "r7": 1.6614849893039234}, "datetime": {"datetime": "2020-01-18 11:48:08", "elapsed": 54075.260191, "delta": 35.922829}}
{"target": 10.55, "params": {"d0": 4.60049448995232, "d1": -8.11274457846691, "d2": 1.3638623790448285, "g0": 2.4619035316715445, "g1": 0.5282281602734932, "g2": -1.2541559364549002, "g3": 0.8902376057937229, "g4": 0.8116796717996617, "g5": -0.12536867745791036, "g6": 0.7582524415930068, "g7": 1.8599347935773758, "i0": 1.0954043553236759, "i1": 0.4038355814569211, "i2": -2.146393065797538, "i3": 1.1263339324246422, "i4": 1.12276279117097, "i5": -0.4231923640711033, "i6": -0.06823550188075578, "i7": 0.9850649520303022, "r0": 4.942137124194878, "r1": 0.9070225305176314, "r2": -9.306426109913634, "r3": 1.183453328538321, "r4": 0.959622596096932, "r5": 0.7578187655882533, "r6": -0.3887287437560914, "r7": 1.489422130588134}, "datetime": {"datetime": "2020-01-18 11:48:48", "elapsed": 54114.734369, "delta": 39.474178}}
{"target": 16.95, "params": {"d0": 4.759896581748634, "d1": -1.768698879737327, "d2": 1.0117135958258165, "g0": 4.961522612638338, "g1": 0.5984325875412577, "g2": -3.639123277528922, "g3": 1.3129947350331055, "g4": 0.8066055906854863, "g5": 0.1954519789178054, "g6": -0.42587301043180614, "g7": 1.1725630575598407, "i0": 0.03120155474366726, "i1": 0.5277240938699972, "i2": -1.5205987995496884, "i3": 1.165564306476713, "i4": 0.855419126332253, "i5": -0.14154079212036275, "i6": 0.3415450304561525, "i7": 1.0805618114661173, "r0": 0.12888195061939556, "r1": 0.8479590656859602, "r2": -2.269717309767131, "r3": 1.0589073037849361, "r4": 1.0174571894347424, "r5": -0.7760939704605967, "r6": -0.0671576831903195, "r7": 1.504978839668841}, "datetime": {"datetime": "2020-01-18 11:49:28", "elapsed": 54154.740516, "delta": 40.006147}}
{"target": 19.2, "params": {"d0": 1.3019210232573752, "d1": -7.321552843071761, "d2": 1.0972452446133107, "g0": 0.9640710321839746, "g1": 0.8671763398534066, "g2": -9.336780698727923, "g3": 1.444295883320494, "g4": 1.1332034715786823, "g5": 0.5436619360694805, "g6": 0.5576961931758564, "g7": 1.831141741870415, "i0": 3.7199939891827216, "i1": 0.33529730711936734, "i2": -7.302609171314471, "i3": 0.8702529667965563, "i4": 1.282934717612887, "i5": 0.3954980987058767, "i6": -0.2563604041904765, "i7": 1.0534856125388532, "r0": 0.4040309999900177, "r1": 0.742701585340868, "r2": -6.179917122488429, "r3": 1.0491770518820422, "r4": 0.9081485371855738, "r5": -0.4653347758864834, "r6": 0.3118712251373239, "r7": 1.0158458131750772}, "datetime": {"datetime": "2020-01-18 11:50:08", "elapsed": 54194.807602, "delta": 40.067086}}
{"target": 6.15, "params": {"d0": 0.2972936663254211, "d1": -6.070311404747373, "d2": 0.7219928739749837, "g0": 4.784067766577184, "g1": 0.4450375613659763, "g2": -9.601686790070675, "g3": 0.7142173821732604, "g4": 1.1379721894308887, "g5": -0.629447962180085, "g6": 0.8552230648594887, "g7": 1.7887888253728725, "i0": 0.5940489769097468, "i1": 0.5415352821157132, "i2": -9.106802656532452, "i3": 1.0495125928545534, "i4": 0.8046358523271837, "i5": -0.03669412093590041, "i6": -0.2350775773273291, "i7": 1.8463805576983183, "r0": 3.410998974914116, "r1": 0.3924023920717007, "r2": -9.741533551573276, "r3": 0.7067341622027247, "r4": 0.9059778975949391, "r5": -0.777825250903714, "r6": 0.5140770586446579, "r7": 1.0068571792738943}, "datetime": {"datetime": "2020-01-18 11:51:06", "elapsed": 54252.770424, "delta": 57.962822}}
{"target": 20.3, "params": {"d0": 3.319708092572056, "d1": -4.597562390325844, "d2": 0.8400819996146143, "g0": 0.527684881376998, "g1": 0.4851702885197757, "g2": -1.1683552092171219, "g3": 1.1835280442757896, "g4": 0.8429894814538719, "g5": -0.7876411727429518, "g6": 0.015270754234591344, "g7": 0.9351288497578865, "i0": 3.8593815123638353, "i1": 0.7839325919955571, "i2": -1.4582531457400965, "i3": 1.0650251473959225, "i4": 0.8312439700568184, "i5": 0.5121010909943293, "i6": 0.25752178179753304, "i7": 1.1814721153913594, "r0": 1.237847662050754, "r1": 0.7550716746494236, "r2": -3.0954878781450246, "r3": 1.4586582223471618, "r4": 0.8896265875938303, "r5": 0.7806527561553374, "r6": -0.3184068298037196, "r7": 1.892148697320701}, "datetime": {"datetime": "2020-01-18 11:51:45", "elapsed": 54291.62024, "delta": 38.849816}}
{"target": 7.15, "params": {"d0": 3.420658621922707, "d1": -8.023145526691499, "d2": 1.1773322872494945, "g0": 2.0548078867000252, "g1": 0.3878684194330636, "g2": -4.153994654510099, "g3": 1.1525668032674043, "g4": 0.9898527776438885, "g5": -0.4695915509455615, "g6": 0.31315031420838624, "g7": 1.1469575087279331, "i0": 0.9368289684454534, "i1": 0.8955879061822837, "i2": -5.153568259580612, "i3": 0.7571791199270411, "i4": 0.8022971855250456, "i5": 0.44977405977541385, "i6": 0.3414338191438403, "i7": 1.4519017188714225, "r0": 4.157038259185546, "r1": 0.5221205035125912, "r2": -6.227994781084485, "r3": 0.9336931003305851, "r4": 1.0521154820817213, "r5": 0.02912809264339078, "r6": -0.390585594676089, "r7": 1.1617268763893391}, "datetime": {"datetime": "2020-01-18 11:52:26", "elapsed": 54332.360636, "delta": 40.740396}}
{"target": 16.4, "params": {"d0": 0.036648539743618924, "d1": -3.6351715983523745, "d2": 1.1028083955680792, "g0": 2.420209341154157, "g1": 0.6155590696240714, "g2": -3.6143509144448585, "g3": 1.4915655354397288, "g4": 1.1900002871362743, "g5": 0.6857136093064289, "g6": 0.5549393758250756, "g7": 1.5304891998366927, "i0": 0.39265506006351314, "i1": 0.1886894629574868, "i2": -2.752259272013095, "i3": 1.3039641434471296, "i4": 1.2014647605887605, "i5": -0.4425051007252588, "i6": -0.2686279369330446, "i7": 1.1973002904411607, "r0": 4.994370702217151, "r1": 0.5621290442552717, "r2": -6.903971574402612, "r3": 1.427260581188083, "r4": 1.1343308553939238, "r5": 0.18865834979859764, "r6": -0.4969079811391777, "r7": 1.328607082190538}, "datetime": {"datetime": "2020-01-18 11:53:10", "elapsed": 54376.665894, "delta": 44.305258}}
{"target": 9.15, "params": {"d0": 4.989185890173557, "d1": -1.8130606431875211, "d2": 1.1491472689489401, "g0": 4.622668647366403, "g1": 0.4474639604608073, "g2": -6.2786582064982985, "g3": 1.4464253316940376, "g4": 0.8802973844773156, "g5": -0.6796324223902842, "g6": 0.5056825927353901, "g7": 1.4697278406052328, "i0": 2.596409932832672, "i1": 0.44306474629774517, "i2": -7.684249837677994, "i3": 1.0779742370003584, "i4": 1.2852337135253313, "i5": -0.34392443909108544, "i6": 0.685533370188049, "i7": 1.1096091679355748, "r0": 1.2268648135370213, "r1": 0.3715512685559158, "r2": -8.673055091762995, "r3": 0.8578402471475843, "r4": 0.8443391121299898, "r5": -0.30853996454978283, "r6": 0.2363468652922338, "r7": 1.3377863940678916}, "datetime": {"datetime": "2020-01-18 11:53:46", "elapsed": 54412.616182, "delta": 35.950288}}
{"target": 14.35, "params": {"d0": 3.790780900939531, "d1": -8.359584916195997, "d2": 1.4134498747604565, "g0": 1.295091551134121, "g1": 0.704271741822791, "g2": -3.6947480276403972, "g3": 0.9829822759099556, "g4": 0.8455497515755004, "g5": -0.016155997413802248, "g6": 0.3321899989206425, "g7": 1.1633618291456855, "i0": 0.7684774454833565, "i1": 0.0450961896091312, "i2": -8.858837407426705, "i3": 1.371954065370164, "i4": 1.117482975675993, "i5": 0.11056811285171975, "i6": -0.4620480721038561, "i7": 1.1472849373816207, "r0": 1.2303773671922476, "r1": 0.042521323060133454, "r2": -2.4481766820125195, "r3": 1.4445316307395417, "r4": 1.2811961190163137, "r5": 0.37243339664994424, "r6": 0.5002806152418526, "r7": 1.459464996293012}, "datetime": {"datetime": "2020-01-18 11:54:29", "elapsed": 54455.740646, "delta": 43.124464}}
{"target": 18.85, "params": {"d0": 0.5070583270968892, "d1": -3.959319546481418, "d2": 1.1491194543748162, "g0": 1.3205179323562737, "g1": 0.07042780497087708, "g2": -4.487314207243777, "g3": 1.309766901706057, "g4": 1.1959321594977355, "g5": -0.52127870871487, "g6": 0.3574060110875069, "g7": 1.5166107814141836, "i0": 2.502094425665631, "i1": 0.07076930864267506, "i2": -9.042477901497366, "i3": 1.054372923981473, "i4": 1.1736326754221171, "i5": 0.7974404654190594, "i6": -0.49054837154770836, "i7": 1.2989809272825672, "r0": 0.8903461188670991, "r1": 0.4034640433555572, "r2": -5.290076859861104, "r3": 0.8301905081023238, "r4": 0.9040427137251188, "r5": 0.4256643990551512, "r6": 0.3366664099721699, "r7": 1.2403535629177098}, "datetime": {"datetime": "2020-01-18 11:55:11", "elapsed": 54497.345161, "delta": 41.604515}}
{"target": 10.0, "params": {"d0": 1.390130340259212, "d1": -7.166340835415564, "d2": 1.4184066141086968, "g0": 3.0426882043924612, "g1": 0.2704362948371306, "g2": -9.765114804931272, "g3": 1.2430049755709989, "g4": 1.077108835573623, "g5": -0.1441094004545398, "g6": -0.27484645399426494, "g7": 1.3190389137484007, "i0": 3.968447485601465, "i1": 0.1856838258582041, "i2": -5.317579974629696, "i3": 0.9815176292568526, "i4": 0.885290936567324, "i5": 0.321273273866731, "i6": -0.2661653690028858, "i7": 0.9313462231705022, "r0": 0.09798043604814677, "r1": 0.6028073086329104, "r2": -4.022105431328201, "r3": 1.0313663224927867, "r4": 0.9729315302446349, "r5": -0.48330631187470596, "r6": -0.27993906118494166, "r7": 0.9629063912772776}, "datetime": {"datetime": "2020-01-18 11:55:54", "elapsed": 54541.133945, "delta": 43.788784}}
{"target": 18.25, "params": {"d0": 2.655611706528851, "d1": -1.8146325035001638, "d2": 1.3483041057896545, "g0": 1.172048255489655, "g1": 0.03002198588789018, "g2": -8.750227985428365, "g3": 1.1583806934226977, "g4": 1.0599325346475954, "g5": 0.6762153602250061, "g6": 0.6370566462434251, "g7": 1.9527161854425232, "i0": 3.7313810148679627, "i1": 0.7706922141479046, "i2": -2.828060438779932, "i3": 1.4197740900626319, "i4": 0.8947031491584722, "i5": 0.07575948890162665, "i6": -0.16779186097615273, "i7": 0.9056960103931113, "r0": 4.962250601571409, "r1": 0.3304665947199924, "r2": -0.11495318707513036, "r3": 1.189860851119108, "r4": 1.1501274141712456, "r5": 0.6345658432467267, "r6": -0.22019866022852758, "r7": 0.9870980437626358}, "datetime": {"datetime": "2020-01-18 11:56:35", "elapsed": 54582.235474, "delta": 41.101529}}
