{"target": 20.3, "params": {"d0": 3.671740738036454, "d1": -1.4034855371856676, "d2": 1.0801516845920531, "g0": 0.5684322216361284, "g1": 0.3260010073541942, "g2": -6.170256739031031, "g3": 1.180907424897892, "g4": 1.10459997801881, "g5": 0.026220570394759602, "g6": 0.175160983952681, "g7": 1.349658986215018, "i0": 3.8438777183402126, "i1": 0.5427014013736664, "i2": -6.357808970690172, "i3": 1.092113887146883, "i4": 1.0081914030389507, "i5": -0.23912960941181144, "i6": 0.14507818567356798, "i7": 1.5607094957123264, "r0": 1.5820625885303952, "r1": 0.1492203749573988, "r2": -8.688236834207455, "r3": 1.2479096475138651, "r4": 1.0714476082422482, "r5": 0.235206161965936, "r6": 0.27250471342014476, "r7": 1.6333779343753239}, "datetime": {"datetime": "2020-01-18 23:46:02", "elapsed": 28401.279559, "delta": 74.872606}}
{"target": 20.8, "params": {"d0": 3.4566804462652043, "d1": -1.4498552544130898, "d2": 0.9208727051894118, "g0": 0.6674666222752486, "g1": 0.48935933241715956, "g2": -4.799283276106163, "g3": 1.2142437938353863, "g4": 1.0766668302954954, "g5": 0.16397248029030415, "g6": 0.21663532244739517, "g7": 1.5788204026774393, "i0": 3.961817242833919, "i1": 0.6415528622403834, "i2": -6.82013924622517, "i3": 0.8989369612875313, "i4": 0.8578356726944442, "i5": -0.059509217100636606, "i6": 0.12417037879306891, "i7": 1.560893768004572, "r0": 2.7950304535954396, "r1": 0.3749893908626691, "r2": -8.906471100555056, "r3": 0.96149021176345, "r4": 1.0227364077821282, "r5": 0.4921804871664352, "r6": 0.19535014276506155, "r7": 1.4955106242545322}, "datetime": {"datetime": "2020-01-18 23:47:11", "elapsed": 28470.30239, "delta": 69.022831}}
{"target": 21.15, "params": {"d0": 3.4314293048375193, "d1": -1.3484843269612667, "d2": 1.0249413256187925, "g0": 0.6126606338438174, "g1": 0.6002871824003841, "g2": -4.798487517337566, "g3": 1.1916360325039297, "g4": 1.1805946723659395, "g5": 0.007232224598373277, "g6": 0.2039888342764718, "g7": 1.6713943995578817, "i0": 4.044889907722654, "i1": 0.5746602518036495, "i2": -6.7254329880733215, "i3": 0.9761229758530621, "i4": 0.9894512327140311, "i5": -0.12476806647607373, "i6": 0.23294747717619183, "i7": 1.4623847190650654, "r0": 2.8043260735220255, "r1": 0.420088413543868, "r2": -8.666823020499974, "r3": 0.9989273161814494, "r4": 1.1401164519746483, "r5": 0.47708302857272605, "r6": 0.3080960319743172, "r7": 1.3605603123049423}, "datetime": {"datetime": "2020-01-18 23:48:21", "elapsed": 28540.714964, "delta": 70.412574}}
{"target": 20.8, "params": {"d0": 3.4265310842251457, "d1": -1.4491852978391464, "d2": 0.9678574278185613, "g0": 0.6029134042964609, "g1": 0.5998759758250227, "g2": -4.79336048151609, "g3": 1.2670985978477736, "g4": 1.112411863843032, "g5": 0.011435162306335225, "g6": 0.18450658351687785, "g7": 1.557619584280809, "i0": 4.0757052355872565, "i1": 0.6208500082274975, "i2": -6.673156270496445, "i3": 0.9983789483777595, "i4": 1.1387716783735593, "i5": -0.23918023547703146, "i6": 0.1766838849345908, "i7": 1.5065704176457733, "r0": 2.7837667832499275, "r1": 0.43610331884850045, "r2": -8.82855717191511, "r3": 1.0699365706776938, "r4": 1.0016763282472634, "r5": 0.5719784553340577, "r6": 0.1272687666026355, "r7": 1.4269567753387187}, "datetime": {"datetime": "2020-01-18 23:49:30", "elapsed": 28609.240739, "delta": 68.525775}}
{"target": 20.35, "params": {"d0": 3.4168999879904987, "d1": -1.2838678459113675, "d2": 0.9383236584410544, "g0": 0.6006746953479909, "g1": 0.5302563607706393, "g2": -4.811273717490501, "g3": 1.0545973210020156, "g4": 1.212831334383549, "g5": 0.1253764159411245, "g6": 0.3452485169602639, "g7": 1.5107752529658047, "i0": 4.046700326428205, "i1": 0.5664424445180912, "i2": -6.761440441027961, "i3": 1.0262716082065393, "i4": 1.0596517657987228, "i5": -0.046891967455181253, "i6": 0.17976585598218578, "i7": 1.4607190257358615, "r0": 2.7288379328627577, "r1": 0.5331430994417172, "r2": -8.766438081995226, "r3": 1.00085926475961, "r4": 1.0427785761496409, "r5": 0.41588671882955747, "r6": 0.22882553850041876, "r7": 1.4673075166092888}, "datetime": {"datetime": "2020-01-18 23:50:56", "elapsed": 28695.052919, "delta": 85.81218}}
{"target": 21.5, "params": {"d0": 3.425453455052298, "d1": -1.4616327619683895, "d2": 1.0184768062808325, "g0": 0.5130613358899518, "g1": 0.5306533915001936, "g2": -4.709083741313966, "g3": 1.1158308739322522, "g4": 1.1529373364990674, "g5": 0.00568031617468739, "g6": 0.08511726916570762, "g7": 1.585684510010519, "i0": 4.012402251894104, "i1": 0.7919984303224362, "i2": -6.751795854339676, "i3": 1.0514212034177417, "i4": 0.9119019571476817, "i5": -0.062160099444749525, "i6": 0.20757659497631628, "i7": 1.4991443135761517, "r0": 2.856861965437716, "r1": 0.36891399538799813, "r2": -8.782537921833585, "r3": 1.1183467996564798, "r4": 1.0842955638756633, "r5": 0.5883185473830506, "r6": 0.3292732748361566, "r7": 1.4192246696818143}, "datetime": {"datetime": "2020-01-18 23:52:18", "elapsed": 28777.833868, "delta": 82.780949}}
{"target": 20.65, "params": {"d0": 3.4250817081559024, "d1": -1.41196092516617, "d2": 1.0464962888457563, "g0": 0.540758678254927, "g1": 0.5134182579364549, "g2": -4.699986937658725, "g3": 1.2044398421883957, "g4": 1.0441891683500402, "g5": 0.07877888732475057, "g6": 0.14334415484593666, "g7": 1.5282755945850448, "i0": 4.017390266645961, "i1": 0.7773633538011834, "i2": -6.70481481544822, "i3": 0.9481901195675058, "i4": 0.9219753410539919, "i5": -0.12301658904564731, "i6": 0.28882724567614537, "i7": 1.5994405807666026, "r0": 2.787549760837006, "r1": 0.563134115453408, "r2": -8.723594107538645, "r3": 1.0338667872246705, "r4": 1.074087396526279, "r5": 0.5494244413027527, "r6": 0.33281725812559676, "r7": 1.371486728676956}, "datetime": {"datetime": "2020-01-18 23:53:42", "elapsed": 28861.214865, "delta": 83.380997}}
{"target": 21.0, "params": {"d0": 3.488506589119044, "d1": -1.4701832674716184, "d2": 1.0353802615525722, "g0": 0.6468639536903388, "g1": 0.6023218755113675, "g2": -4.815367824600788, "g3": 1.0488144005037068, "g4": 1.2067829231374259, "g5": -0.05758077264139862, "g6": 0.13728100013036593, "g7": 1.6095226703749264, "i0": 4.036351418728432, "i1": 0.6425748379660903, "i2": -6.821546559229509, "i3": 1.0187750686816852, "i4": 0.9247578229256408, "i5": -0.07032254476949844, "i6": 0.2112735787376358, "i7": 1.4294658131299391, "r0": 2.885825453087987, "r1": 0.3263789271592709, "r2": -8.888391586390492, "r3": 1.0578859223585584, "r4": 0.9375205085800982, "r5": 0.5361228698183662, "r6": 0.2766040928612644, "r7": 1.360934033955455}, "datetime": {"datetime": "2020-01-18 23:54:57", "elapsed": 28936.341674, "delta": 75.126809}}
{"target": 20.55, "params": {"d0": 3.4259275709455426, "d1": -1.4894868407266988, "d2": 0.8892841760462322, "g0": 0.5701272183205564, "g1": 0.5768767325913781, "g2": -4.775962649953923, "g3": 1.1052088877686075, "g4": 1.112235311346847, "g5": 0.0213997194395491, "g6": 0.10928568573676901, "g7": 1.5484610646431243, "i0": 4.126554468497229, "i1": 0.617824609706392, "i2": -6.748893483132896, "i3": 0.9831516139224759, "i4": 0.9738828035020267, "i5": -0.0140888210355992, "i6": 0.20169435170604713, "i7": 1.490189237371378, "r0": 2.8316373724873425, "r1": 0.3150629959645095, "r2": -8.708894002482674, "r3": 1.1175727045117374, "r4": 1.1587147673405032, "r5": 0.5892227275998064, "r6": 0.27714535398891627, "r7": 1.5734398680595871}, "datetime": {"datetime": "2020-01-18 23:56:10", "elapsed": 29009.177955, "delta": 72.836281}}
{"target": 21.05, "params": {"d0": 3.401526117126045, "d1": -1.4829911935033626, "d2": 1.026261700629841, "g0": 0.570426403908484, "g1": 0.49102251848407436, "g2": -4.698641630173855, "g3": 1.1783294933612662, "g4": 1.2103434640335449, "g5": 0.03382711976757384, "g6": 0.15261949829681518, "g7": 1.6011769946263632, "i0": 4.0169587027004745, "i1": 0.7224964626728714, "i2": -6.765655006308983, "i3": 1.1942261994014174, "i4": 0.8995417540335198, "i5": -0.14117607830380816, "i6": 0.11357403820531957, "i7": 1.4727653475674567, "r0": 2.681445913091512, "r1": 0.3718606145498466, "r2": -8.76725922935886, "r3": 0.9854452186655324, "r4": 1.018124317120547, "r5": 0.49577000137209803, "r6": 0.23697078503801364, "r7": 1.3869039315333582}, "datetime": {"datetime": "2020-01-18 23:57:27", "elapsed": 29086.871192, "delta": 77.693237}}
{"target": 20.35, "params": {"d0": 3.3347021482259653, "d1": -1.3743318760366856, "d2": 0.9846163749497251, "g0": 0.5639106802508091, "g1": 0.4714322614590223, "g2": -4.766466281501142, "g3": 1.1083467996050862, "g4": 1.1608933978120235, "g5": 0.03756701049068547, "g6": 0.21610875401477667, "g7": 1.6386998167880373, "i0": 3.9170610339570846, "i1": 0.7532613574578616, "i2": -6.848128267561659, "i3": 0.9311745624215411, "i4": 0.9984480312988493, "i5": -0.11852511674507428, "i6": 0.16165382186043686, "i7": 1.4530691203799655, "r0": 2.788197748879603, "r1": 0.35048869699617075, "r2": -8.84658137704263, "r3": 1.1881496987461726, "r4": 1.06205158777255, "r5": 0.5389892207336471, "r6": 0.23873113577688113, "r7": 1.3019058423640046}, "datetime": {"datetime": "2020-01-18 23:58:48", "elapsed": 29167.348358, "delta": 80.477166}}
{"target": 20.5, "params": {"d0": 3.4794398821003294, "d1": -1.3527923629452578, "d2": 1.0379974346962633, "g0": 0.5452931290095052, "g1": 0.66086543774278, "g2": -4.8324880937232555, "g3": 1.1678512387677682, "g4": 1.189601233263208, "g5": 0.1132875640995458, "g6": 0.0860747607085393, "g7": 1.5674849290692519, "i0": 4.0331805576529565, "i1": 0.7168846759533002, "i2": -6.66281257558759, "i3": 1.1512740661026866, "i4": 0.8691113777329932, "i5": -0.0878023369711235, "i6": 0.20237988166545948, "i7": 1.514181935817369, "r0": 2.967320414108848, "r1": 0.43031590182441193, "r2": -8.857103347337064, "r3": 1.008532417974935, "r4": 1.0593761009258735, "r5": 0.5228433607450464, "r6": 0.23665945124468624, "r7": 1.4540980046722007}, "datetime": {"datetime": "2020-01-19 00:00:03", "elapsed": 29242.650891, "delta": 75.302533}}
{"target": 20.35, "params": {"d0": 3.462574901585773, "d1": -1.4996213030463152, "d2": 1.0167046311148462, "g0": 0.5658229472790265, "g1": 0.5599217219510095, "g2": -4.675858696978947, "g3": 1.0953383918229413, "g4": 1.0906257208869552, "g5": -0.11865417281194911, "g6": 0.21202115705947844, "g7": 1.591051113801153, "i0": 3.967581521826033, "i1": 0.7237494455145878, "i2": -6.73964943391668, "i3": 1.0248395573911107, "i4": 0.9507729542672412, "i5": -0.13074996650424645, "i6": 0.2040883594533306, "i7": 1.4647068875084008, "r0": 2.794112503747496, "r1": 0.4289603276442202, "r2": -8.712325755834652, "r3": 0.977940172244882, "r4": 0.9363996942031662, "r5": 0.5293357264756534, "r6": 0.35379021578543063, "r7": 1.5555774099764041}, "datetime": {"datetime": "2020-01-19 00:01:17", "elapsed": 29316.177124, "delta": 73.526233}}
{"target": 21.85, "params": {"d0": 3.491461894623418, "d1": -1.5546802847401895, "d2": 1.0340406301116496, "g0": 0.5928438023485099, "g1": 0.4076786829300585, "g2": -4.732091040833326, "g3": 1.1213731402572504, "g4": 1.260159939654556, "g5": 0.05702592289355672, "g6": 0.07324188848344466, "g7": 1.546727031414553, "i0": 4.105211567083386, "i1": 0.602967488674598, "i2": -6.721083464932779, "i3": 1.0116016272888226, "i4": 0.9814042933362558, "i5": -0.043897777274615246, "i6": 0.17118023654288805, "i7": 1.5977320817911091, "r0": 2.839910897804033, "r1": 0.44005010581335663, "r2": -8.765282315328237, "r3": 1.0626938803052783, "r4": 1.0513931999319077, "r5": 0.518807841114766, "r6": 0.27141883007888723, "r7": 1.3182603461541196}, "datetime": {"datetime": "2020-01-19 00:02:23", "elapsed": 29381.995724, "delta": 65.8186}}
{"target": 20.8, "params": {"d0": 3.4975897498550066, "d1": -1.5403289133418334, "d2": 1.0636449972336752, "g0": 0.6647156657346742, "g1": 0.49379958833690246, "g2": -4.665731959422477, "g3": 1.1257639902681138, "g4": 1.265435326543057, "g5": 0.04625049899711882, "g6": 0.04812403121013734, "g7": 1.5766082845249059, "i0": 4.1119479135933075, "i1": 0.6394071769207403, "i2": -6.536824281954195, "i3": 0.9861872124780052, "i4": 0.9739510949608257, "i5": -0.05331470500558226, "i6": 0.10132222341219539, "i7": 1.565795353291639, "r0": 2.619162841151358, "r1": 0.4129242937164987, "r2": -8.833582423313064, "r3": 1.09189269618419, "r4": 1.0665865388575904, "r5": 0.569969978026175, "r6": 0.3757849531079591, "r7": 1.3569634268603137}, "datetime": {"datetime": "2020-01-19 00:03:45", "elapsed": 29464.274852, "delta": 82.279128}}
{"target": 20.75, "params": {"d0": 3.469796629234142, "d1": -1.5393027337099954, "d2": 1.0343912894666447, "g0": 0.5397566905992901, "g1": 0.3761410246547354, "g2": -4.735134022839109, "g3": 1.109887560262931, "g4": 1.1521038471108076, "g5": 0.060693938229777804, "g6": 0.0671647880900271, "g7": 1.5382254888690126, "i0": 4.09285937581849, "i1": 0.6457847792396769, "i2": -6.804973933720718, "i3": 1.0484577740364818, "i4": 0.9998032911499295, "i5": -0.06270684919626264, "i6": 0.31656054027669794, "i7": 1.466504333991438, "r0": 2.9142648047060615, "r1": 0.39472510656858834, "r2": -8.799409270281433, "r3": 0.9742724479024738, "r4": 1.10895096168174, "r5": 0.4655135216751321, "r6": 0.20087400643185302, "r7": 1.3332826415935706}, "datetime": {"datetime": "2020-01-19 00:05:12", "elapsed": 29551.630863, "delta": 87.356011}}
{"target": 20.15, "params": {"d0": 3.4879676537331514, "d1": -1.4999668830967687, "d2": 0.9508332504045183, "g0": 0.5463731777191984, "g1": 0.5191931853630083, "g2": -4.758934452546871, "g3": 1.206309652165671, "g4": 1.2223044714698437, "g5": 0.0273408697641395, "g6": 0.1485211498734066, "g7": 1.5622132319381068, "i0": 4.031491446892451, "i1": 0.5611120682782698, "i2": -6.823801859871959, "i3": 1.0794757955167522, "i4": 0.9097521314114805, "i5": -0.025537073269412135, "i6": 0.13095837193683574, "i7": 1.6507553449903072, "r0": 2.8886451327400926, "r1": 0.4785709839506245, "r2": -8.709390506705052, "r3": 1.174109506085812, "r4": 0.9735271377269757, "r5": 0.5411670685159247, "r6": 0.29587978631395134, "r7": 1.322269503341557}, "datetime": {"datetime": "2020-01-19 00:06:32", "elapsed": 29631.307243, "delta": 79.67638}}
{"target": 20.5, "params": {"d0": 3.5078177359077567, "d1": -1.496554470734497, "d2": 1.055647116940315, "g0": 0.645484555043954, "g1": 0.4535844593312778, "g2": -4.800726453934658, "g3": 1.0238973470474888, "g4": 1.2625394462170163, "g5": 0.0619389136655785, "g6": 0.14320680531533023, "g7": 1.505085360716102, "i0": 4.091456450315961, "i1": 0.7551423345924956, "i2": -6.682076879214826, "i3": 0.9447078467266011, "i4": 1.0126561672139849, "i5": -0.11739112955985158, "i6": 0.12239264428900738, "i7": 1.6341150023943531, "r0": 2.826085061669757, "r1": 0.35362446410308135, "r2": -8.707113355683902, "r3": 0.9805323372054524, "r4": 1.0706445727554308, "r5": 0.5283497995029777, "r6": 0.21687558546812802, "r7": 1.362340558275157}, "datetime": {"datetime": "2020-01-19 00:07:52", "elapsed": 29711.216124, "delta": 79.908881}}
{"target": 20.8, "params": {"d0": 3.3404664583198236, "d1": -1.536022530191048, "d2": 1.0824019970672616, "g0": 0.6006029441766804, "g1": 0.4590050960608586, "g2": -4.7488022283187314, "g3": 1.1523270375663388, "g4": 1.2650269809271444, "g5": 0.0757080192224567, "g6": 0.050966738724612146, "g7": 1.609649700351073, "i0": 4.0576367288710955, "i1": 0.593009748524487, "i2": -6.712553291769813, "i3": 0.9655031228898793, "i4": 0.987361832883088, "i5": 0.016577960314346694, "i6": 0.22393515794740843, "i7": 1.5014672682201873, "r0": 2.792141876962953, "r1": 0.5135597384788907, "r2": -8.830359769529625, "r3": 1.0476187802380792, "r4": 1.017798279348671, "r5": 0.537882928958393, "r6": 0.2350483968326627, "r7": 1.4378846363247353}, "datetime": {"datetime": "2020-01-19 00:09:17", "elapsed": 29796.219322, "delta": 85.003198}}
{"target": 20.85, "params": {"d0": 3.734638188548785, "d1": -1.486643260125611, "d2": 1.0760582255138706, "g0": 0.6976093940688254, "g1": 0.4548677659668216, "g2": -4.805611113195386, "g3": 1.1859108280840216, "g4": 1.0937653318356113, "g5": 0.037886330402110924, "g6": 0.1604726579184163, "g7": 1.4469714483652008, "i0": 3.923907448147333, "i1": 0.610415383966353, "i2": -6.583627419682056, "i3": 0.965705170219136, "i4": 0.9594675340823964, "i5": -0.3087099470066169, "i6": 0.04767697816847829, "i7": 1.59845311320702, "r0": 2.1567508897558256, "r1": 0.3331177347433341, "r2": -8.783862728109934, "r3": 1.1889255489621477, "r4": 1.0356437094595778, "r5": 0.3680685822992241, "r6": 0.15603370699469163, "r7": 1.5948719948029035}, "datetime": {"datetime": "2020-01-19 00:10:33", "elapsed": 29872.717705, "delta": 76.498383}}
{"target": 20.55, "params": {"d0": 3.5042885227891247, "d1": -1.5404592702422346, "d2": 0.9147739563193129, "g0": 0.5549841365405028, "g1": 0.43315838012756724, "g2": -4.747001431345892, "g3": 1.1543799258611345, "g4": 1.2316749302268748, "g5": 0.06573197733010495, "g6": 0.1288930558886444, "g7": 1.4989269723303957, "i0": 4.141123125026478, "i1": 0.6286220669898408, "i2": -6.688884386400289, "i3": 0.984598177325519, "i4": 0.9187335338910669, "i5": -0.13635896792153476, "i6": 0.18882344636643336, "i7": 1.4473934836933173, "r0": 2.7976504149630497, "r1": 0.4369741583866065, "r2": -8.8308902502406, "r3": 1.0600162155672754, "r4": 1.06170560439621, "r5": 0.49112583310700436, "r6": 0.3587957838526225, "r7": 1.3164704321420289}, "datetime": {"datetime": "2020-01-19 00:11:56", "elapsed": 29955.459711, "delta": 82.742006}}
{"target": 20.6, "params": {"d0": 3.588817875557565, "d1": -1.4877946722313231, "d2": 1.1190595044201521, "g0": 0.6014471215951381, "g1": 0.42881747883108, "g2": -4.578841977738435, "g3": 1.0995767097766906, "g4": 1.1607136080162554, "g5": 0.04445293516088714, "g6": 0.1001916268528272, "g7": 1.6230254448265482, "i0": 4.095144620995561, "i1": 0.5766965219091357, "i2": -6.694411119795615, "i3": 1.0907388740970514, "i4": 1.0437622008449967, "i5": -0.003992741636279369, "i6": 0.20608611357812048, "i7": 1.665132260009117, "r0": 2.7835821955445366, "r1": 0.3613195604685981, "r2": -8.792714748598092, "r3": 1.0825891709717916, "r4": 1.0875960613458835, "r5": 0.5050428536514686, "r6": 0.25109593339926034, "r7": 1.3449802924143663}, "datetime": {"datetime": "2020-01-19 00:13:13", "elapsed": 30032.926606, "delta": 77.466895}}
{"target": 20.9, "params": {"d0": 3.455381857761879, "d1": -1.45077545315148, "d2": 1.0150621947558642, "g0": 0.6195088184771036, "g1": 0.5590924709267279, "g2": -4.836187335513596, "g3": 1.0995371566069767, "g4": 1.137659265281296, "g5": 0.03958233984707613, "g6": 0.005784928053110412, "g7": 1.5347329071531284, "i0": 4.0846271013002, "i1": 0.6228265648613831, "i2": -6.841753020848476, "i3": 1.0199414836934617, "i4": 0.9768740330788653, "i5": -0.08291961516480378, "i6": 0.19000647838892257, "i7": 1.5869830541264642, "r0": 2.63059166075802, "r1": 0.4164620757668437, "r2": -8.79685436738513, "r3": 1.0085051277634705, "r4": 1.0497094686285215, "r5": 0.5296182911955016, "r6": 0.2386393744320428, "r7": 1.3268935684514727}, "datetime": {"datetime": "2020-01-19 00:14:29", "elapsed": 30108.685243, "delta": 75.758637}}
{"target": 21.05, "params": {"d0": 3.9429763394011785, "d1": -1.2872952079209894, "d2": 1.00217874947269, "g0": 0.7065276584012051, "g1": 0.5342624049142931, "g2": -4.959066330254863, "g3": 1.0731250125765235, "g4": 1.1879167779649737, "g5": 0.10512994887462569, "g6": 0.2685324760038833, "g7": 1.7241604815151979, "i0": 3.8128115459067824, "i1": 0.6300182707431796, "i2": -6.609934652373784, "i3": 0.90773323898007, "i4": 1.2468436645344085, "i5": -0.3079819209962056, "i6": 0.011608777555858802, "i7": 1.7882894470873991, "r0": 2.2557532314780926, "r1": 0.3712759921387126, "r2": -8.872657493179242, "r3": 0.9726997051116731, "r4": 0.9880090570701549, "r5": 0.5322091437816755, "r6": 0.30630330572078474, "r7": 1.48143683636418}, "datetime": {"datetime": "2020-01-19 00:15:44", "elapsed": 30183.320028, "delta": 74.634785}}
{"target": 20.5, "params": {"d0": 3.532346501498551, "d1": -1.5621670837310282, "d2": 1.0260571625348183, "g0": 0.5157447308007552, "g1": 0.46059435740822063, "g2": -4.6953343135985035, "g3": 1.1470924084328284, "g4": 1.1314586090794885, "g5": 0.014915185556740169, "g6": 0.09641601742768782, "g7": 1.5736722231631142, "i0": 3.6490840653652175, "i1": 0.549242379777189, "i2": -6.450179979842071, "i3": 1.0170340315384685, "i4": 1.018580379136661, "i5": -0.0657526644769092, "i6": 0.04814058348449111, "i7": 1.4959500603515645, "r0": 3.3112023298325757, "r1": 0.4368506033740803, "r2": -8.600049709176018, "r3": 1.053087406592235, "r4": 1.1460724692778936, "r5": 0.39335627458829425, "r6": 0.13511948105554228, "r7": 1.4118487733502418}, "datetime": {"datetime": "2020-01-19 00:17:04", "elapsed": 30263.058602, "delta": 79.738574}}
{"target": 20.6, "params": {"d0": 3.278611719789654, "d1": -9.11511943370949, "d2": 0.851499061529398, "g0": 0.837260861050388, "g1": 0.46282991356064423, "g2": -5.1712518641634055, "g3": 1.5, "g4": 1.081232636553945, "g5": -0.3115687267827095, "g6": 0.17170905205635684, "g7": 1.6656319149670322, "i0": 4.286708731766058, "i1": 0.7370367450380909, "i2": -5.559921596167682, "i3": 1.0192703084806942, "i4": 1.108522490374149, "i5": 0.16320123372945874, "i6": -0.22037431984094866, "i7": 1.7243293310327983, "r0": 1.8483407037612776, "r1": 0.7929760072740772, "r2": -1.8006998943271468, "r3": 1.3751279310711633, "r4": 0.9646876067979554, "r5": -0.5138727361477061, "r6": 0.042492224412531254, "r7": 1.5439860806826122}, "datetime": {"datetime": "2020-01-19 00:18:17", "elapsed": 30336.815284, "delta": 73.756682}}
