{"target": 19.05, "params": {"d0": 4.128729819657223, "d1": -8.77351346066093, "d2": 0.9937856569692542, "g0": 1.3756164737498429, "g1": 0.8041591789312076, "g2": -7.768059334703196, "g3": 1.1937357739320993, "g4": 1.2411455232275805, "g5": -0.4408410083573479, "g6": 0.5696730057360297, "g7": 1.2604924729224807, "i0": 3.284527407600925, "i1": 0.6702915497815801, "i2": -3.374046869977411, "i3": 0.9150529551162376, "i4": 1.2433407874339584, "i5": 0.24248215888253788, "i6": -0.2560507276110721, "i7": 1.155828930765661, "r0": 4.67082420902448, "r1": 0.20646138152770266, "r2": -1.2616942821346058, "r3": 1.0147756708068045, "r4": 1.0523744703738034, "r5": -0.7380173775128895, "r6": -0.17884151844854956, "r7": 1.4015851252968736}, "datetime": {"datetime": "2020-01-18 02:59:54", "elapsed": 22381.05011, "delta": 43.069019}}
{"target": 6.6, "params": {"d0": 3.5361090941045283, "d1": -4.513570892820166, "d2": 0.7880643307242098, "g0": 1.7964129355543994, "g1": 0.9010046043680467, "g2": -8.11634381913284, "g3": 0.7057407125272608, "g4": 1.1121112320571445, "g5": -0.13978475879035412, "g6": 0.5152564370877906, "g7": 1.2749456272769895, "i0": 4.61896095503932, "i1": 0.0927951147971744, "i2": -1.0961054530539762, "i3": 0.7249680737278239, "i4": 0.9920956448498368, "i5": 0.606583503600169, "i6": 0.09006031919156832, "i7": 1.1876543003852602, "r0": 4.355869235860018, "r1": 0.3724477161672751, "r2": -7.194885438863831, "r3": 1.1000223860736338, "r4": 1.219630050017647, "r5": 0.058752783585760526, "r6": -0.20527573411183947, "r7": 1.3713042268622422}, "datetime": {"datetime": "2020-01-18 03:00:31", "elapsed": 22417.866515, "delta": 36.816405}}
{"target": 17.8, "params": {"d0": 1.362140534918328, "d1": -8.204046334516676, "d2": 1.4052472628950639, "g0": 1.098892975115982, "g1": 0.5170814749810966, "g2": -3.191532335579721, "g3": 0.9638866777313083, "g4": 1.0970073667388558, "g5": -0.1600197279144956, "g6": 0.3673340676275285, "g7": 1.4977472665302693, "i0": 4.89605984847538, "i1": 0.4138974583853944, "i2": -6.747604106144238, "i3": 1.4549505752397036, "i4": 1.243462344400898, "i5": -0.43063182377362264, "i6": 0.775123037100599, "i7": 1.9443360528037847, "r0": 2.3841696623227393, "r1": 0.6712321985089401, "r2": -9.355470627956672, "r3": 0.7543789313622361, "r4": 1.003548956026407, "r5": 0.3955696476736299, "r6": 0.24201925895013388, "r7": 1.5717558882429001}, "datetime": {"datetime": "2020-01-18 03:01:20", "elapsed": 22466.832013, "delta": 48.965498}}
{"target": 9.85, "params": {"d0": 0.3496907788450748, "d1": -9.433971309611053, "d2": 1.062496364351134, "g0": 1.253306212995982, "g1": 0.5141478420171331, "g2": -9.972080637101886, "g3": 0.7764849614830052, "g4": 1.0754432999057755, "g5": 0.39388555036075856, "g6": -0.3664297227760075, "g7": 1.6473412779263348, "i0": 0.2779740346493853, "i1": 0.2945705434923489, "i2": -6.724063199892939, "i3": 0.8766685466734585, "i4": 0.9514513015897894, "i5": -0.4745445249874866, "i6": 0.019719000948884013, "i7": 0.9023439163911171, "r0": 4.517857928059992, "r1": 0.03029842973639052, "r2": -5.945499375599076, "r3": 0.892281200064847, "r4": 0.9800497783297196, "r5": 0.45014884523655563, "r6": 0.5892295978140714, "r7": 0.9912042514700388}, "datetime": {"datetime": "2020-01-18 03:02:08", "elapsed": 22515.156665, "delta": 48.324652}}
{"target": 11.1, "params": {"d0": 2.572757595727613, "d1": -7.255904416936094, "d2": 0.8406211266313951, "g0": 3.7194437245460534, "g1": 0.14991847906804479, "g2": -2.8133073227659455, "g3": 0.7730102873860646, "g4": 1.1265082336126695, "g5": 0.29644390043719393, "g6": 0.045883616981529984, "g7": 1.9317508408649977, "i0": 1.0881602574124787, "i1": 0.2979212850368381, "i2": -7.531373785559131, "i3": 1.286607569748675, "i4": 0.8690317190834871, "i5": -0.02578403236153226, "i6": -0.054270525919241586, "i7": 1.4764099119782368, "r0": 0.7026255692243683, "r1": 0.8340422803875068, "r2": -0.7747387989113701, "r3": 1.1422757952717222, "r4": 1.2899999848852977, "r5": 0.7504768297524582, "r6": 0.5959295376518166, "r7": 0.9879952972174713}, "datetime": {"datetime": "2020-01-18 03:03:00", "elapsed": 22566.854374, "delta": 51.697709}}
{"target": 13.7, "params": {"d0": 0.797262939759214, "d1": -5.289577293120777, "d2": 1.4312420209604662, "g0": 0.4298411370911287, "g1": 0.9564602486606245, "g2": -0.4755343800649605, "g3": 1.2740400375933116, "g4": 0.8599013459999871, "g5": 0.4489213855062053, "g6": 0.833148248887321, "g7": 1.8819098251946702, "i0": 4.00556197236206, "i1": 0.8575625893823996, "i2": -3.6085706266192394, "i3": 1.215612400082521, "i4": 0.8670347594892834, "i5": 0.09132404211604828, "i6": 0.15126775801466363, "i7": 1.1849945525237777, "r0": 3.830039669022005, "r1": 0.42556314633860504, "r2": -2.3644212701384166, "r3": 1.4889617727308229, "r4": 1.0279842982695169, "r5": -0.06980113084675121, "r6": 0.7930191352436697, "r7": 1.0541164141479733}, "datetime": {"datetime": "2020-01-18 03:03:37", "elapsed": 22604.077363, "delta": 37.222989}}
{"target": 15.85, "params": {"d0": 4.022180754613541, "d1": -5.37998794075129, "d2": 1.3795518240559257, "g0": 1.4482430652708849, "g1": 0.3209023401391453, "g2": -6.096046481653699, "g3": 0.823169441887551, "g4": 1.0540249848970684, "g5": -0.0005143928044424317, "g6": 0.2814916402017812, "g7": 1.5474882786171342, "i0": 1.7609182320660492, "i1": 0.3369131671082213, "i2": -2.2661265905184376, "i3": 1.444010528342227, "i4": 1.1631790396374073, "i5": -0.6493095441916771, "i6": 0.3028683301733177, "i7": 1.9167840767272897, "r0": 2.491675943824757, "r1": 0.7230302471272121, "r2": -4.774180573030284, "r3": 0.9697035981559763, "r4": 1.0093503677749205, "r5": -0.38814048183470207, "r6": 0.5384192391778455, "r7": 1.1356227130159091}, "datetime": {"datetime": "2020-01-18 03:04:21", "elapsed": 22647.446093, "delta": 43.36873}}
{"target": 15.85, "params": {"d0": 3.554024354333796, "d1": -7.249950808402592, "d2": 1.0602679599444071, "g0": 2.2743774315086176, "g1": 0.5382538185303027, "g2": -7.868618875965801, "g3": 1.0939263145403135, "g4": 1.26874806092075, "g5": 0.2821690351347479, "g6": 0.5492764614743326, "g7": 1.0556642156863747, "i0": 1.8445271983659128, "i1": 0.7433897560650884, "i2": -1.8705463595208922, "i3": 1.3195702498096704, "i4": 1.0362393197806479, "i5": 0.3845752763410637, "i6": 0.8137922986442547, "i7": 1.070596612084883, "r0": 4.106621562117698, "r1": 0.653521253038181, "r2": -6.752768513197786, "r3": 1.314528571072963, "r4": 1.1968083542968166, "r5": 0.492180959584005, "r6": -0.46136482600207446, "r7": 1.6602741103759964}, "datetime": {"datetime": "2020-01-18 03:05:00", "elapsed": 22687.177521, "delta": 39.731428}}
{"target": 10.5, "params": {"d0": 4.114582687276488, "d1": -4.985811160081278, "d2": 0.8501997005091213, "g0": 3.9131810709803334, "g1": 0.36754967609885236, "g2": -1.6356877687211, "g3": 1.3274794930594982, "g4": 0.9906700662732046, "g5": 0.03176236860250403, "g6": 0.7269341597503465, "g7": 1.9530696005133654, "i0": 2.3723391401913343, "i1": 0.7049630238410666, "i2": -9.356039678819183, "i3": 1.071378418305646, "i4": 1.1943277957653118, "i5": 0.003908149540592931, "i6": 0.860776762235107, "i7": 1.7442405049051946, "r0": 1.6655732879562763, "r1": 0.10514887045806176, "r2": -9.723889470278799, "r3": 1.2579691561222228, "r4": 1.212305078802755, "r5": 0.05053450959059236, "r6": -0.37126179690726924, "r7": 1.3478440034191346}, "datetime": {"datetime": "2020-01-18 03:05:38", "elapsed": 22724.333561, "delta": 37.15604}}
{"target": 9.9, "params": {"d0": 2.5853469673692104, "d1": -7.290721062738243, "d2": 1.294989088685599, "g0": 0.16072020931603925, "g1": 0.8109835558113938, "g2": -9.090291195595118, "g3": 1.0772927401728594, "g4": 1.2010450584357253, "g5": 0.7509064859466024, "g6": -0.46857500194309715, "g7": 1.318949798564078, "i0": 2.8049102951919496, "i1": 0.3378881686581082, "i2": -4.492549818225489, "i3": 1.335603175017852, "i4": 0.8120368455220994, "i5": 0.09179134403698919, "i6": -0.38744528459556915, "i7": 1.629890163324068, "r0": 4.349022131989057, "r1": 0.5325375176108906, "r2": -8.352751085339248, "r3": 0.8385201188947818, "r4": 0.8139448637068171, "r5": 0.262150004796061, "r6": 0.9167792126839287, "r7": 0.910496563853798}, "datetime": {"datetime": "2020-01-18 03:06:13", "elapsed": 22759.562586, "delta": 35.229025}}
{"target": 3.65, "params": {"d0": 3.115631731673381, "d1": -2.9067197477766733, "d2": 1.1618841577899413, "g0": 3.8423568803113186, "g1": 0.5876281414604025, "g2": -7.538971786599515, "g3": 1.1386785502899333, "g4": 0.8364915854669972, "g5": 0.0063242462363424234, "g6": 0.01633938331021778, "g7": 1.311170006952783, "i0": 3.8791082858207444, "i1": 0.9347966132376874, "i2": -4.877250466306706, "i3": 0.9779794119172749, "i4": 1.0315963810315925, "i5": -0.704776967372823, "i6": 0.23543679474355694, "i7": 1.9145015563262393, "r0": 4.763933084383557, "r1": 0.8819126641417411, "r2": -7.616732953414338, "r3": 0.966702319703153, "r4": 1.2374038553018194, "r5": -0.07760840079434339, "r6": 0.7663853019405504, "r7": 1.1610929082951218}, "datetime": {"datetime": "2020-01-18 03:07:04", "elapsed": 22811.11744, "delta": 51.554854}}
{"target": 13.85, "params": {"d0": 2.5954903556847637, "d1": -5.69525277619503, "d2": 1.1042139190717213, "g0": 0.40334153749083224, "g1": 0.9609487660627672, "g2": -8.643663789771399, "g3": 1.106221619327849, "g4": 1.0468840417436818, "g5": 0.2922333421331649, "g6": -0.15075985773846368, "g7": 1.6935065684170287, "i0": 1.9104689310635214, "i1": 0.8153167200641921, "i2": -5.2288210004212665, "i3": 0.9254553342965144, "i4": 1.291558469943223, "i5": 0.5964864686538731, "i6": -0.027678932045327564, "i7": 1.543988441485711, "r0": 4.725274947391594, "r1": 0.2113270562855304, "r2": -8.298140364105071, "r3": 0.8193385917154234, "r4": 1.163168528081315, "r5": -0.3114768905201549, "r6": 0.042521817782607885, "r7": 1.9908418499421328}, "datetime": {"datetime": "2020-01-18 03:07:39", "elapsed": 22845.582246, "delta": 34.464806}}
{"target": 10.4, "params": {"d0": 0.8201641280169464, "d1": -0.012562220187200879, "d2": 1.1276626156417948, "g0": 1.2184396833595805, "g1": 0.52965585742282, "g2": -4.344080114157598, "g3": 0.8269815403085506, "g4": 0.9624095562740936, "g5": -0.1994871699185513, "g6": 0.3577818658198103, "g7": 1.3296239869272037, "i0": 4.455138515212701, "i1": 0.9256687595441383, "i2": -8.574034436500206, "i3": 1.1159445876358731, "i4": 0.9749194775251588, "i5": -0.7244454715347821, "i6": 0.6686660165463199, "i7": 1.6481645316138553, "r0": 0.40145165094555624, "r1": 0.3480462835231318, "r2": -3.1976438716318034, "r3": 1.1304156938469503, "r4": 1.2395142661418954, "r5": -0.26702877187669294, "r6": 0.10242465035391168, "r7": 1.9212877959096915}, "datetime": {"datetime": "2020-01-18 03:08:24", "elapsed": 22891.168196, "delta": 45.58595}}
{"target": 16.0, "params": {"d0": 2.496249610556025, "d1": -6.6126705457899835, "d2": 1.3204043617493055, "g0": 4.925360756041194, "g1": 0.4564317439609228, "g2": -4.7282368837238025, "g3": 0.8064825703922875, "g4": 0.9951986058979745, "g5": 0.6318971563631346, "g6": 0.48381838822206524, "g7": 1.6540837668235615, "i0": 0.5167776863294227, "i1": 0.2287145166109419, "i2": -6.348197583108486, "i3": 0.8964068905311064, "i4": 0.9070514083004799, "i5": 0.43296772496286406, "i6": 0.42428224567101513, "i7": 1.9791517078594905, "r0": 1.5611664400065246, "r1": 0.7758535579299692, "r2": -7.587844955582889, "r3": 1.3846503470066192, "r4": 0.9659505217869337, "r5": -0.17782232170447965, "r6": -0.03706546839808045, "r7": 1.4990300899394482}, "datetime": {"datetime": "2020-01-18 03:09:11", "elapsed": 22937.527854, "delta": 46.359658}}
{"target": 19.65, "params": {"d0": 1.7022336757684287, "d1": -6.37384231113785, "d2": 1.3936997158292221, "g0": 0.5978030489357733, "g1": 0.24469554995419907, "g2": -3.536686500741518, "g3": 0.7739368158889182, "g4": 1.159604581827118, "g5": -0.7446590261848052, "g6": 0.39860252295990395, "g7": 1.8703016126960617, "i0": 0.3619800035566739, "i1": 0.865415200066095, "i2": -2.0901272266990727, "i3": 1.210914028512518, "i4": 0.96399860133564, "i5": 0.2523297247141243, "i6": -0.4859709224905696, "i7": 1.6990232599043853, "r0": 3.0759631141588137, "r1": 0.35016932816422985, "r2": -1.9377623766776022, "r3": 1.1187297670702179, "r4": 1.1589597722491618, "r5": -0.2523603332329337, "r6": -0.4656090618353619, "r7": 1.6081141150599665}, "datetime": {"datetime": "2020-01-18 03:09:56", "elapsed": 22982.963974, "delta": 45.43612}}
{"target": 5.8, "params": {"d0": 2.1773824365290793, "d1": -5.9865329562335665, "d2": 1.0817358997782218, "g0": 2.3198283116016016, "g1": 0.6814718593908401, "g2": -5.759950774734234, "g3": 0.8007244373441924, "g4": 0.819746595188394, "g5": -0.3214288223390046, "g6": -0.44134594044282804, "g7": 1.857647135295468, "i0": 4.359081165975085, "i1": 0.6916912152637723, "i2": -3.8158166991097175, "i3": 1.308585407670117, "i4": 1.2093031526604185, "i5": -0.6548648215849113, "i6": -0.4013302419603302, "i7": 1.5434869502629995, "r0": 3.1794912390603542, "r1": 0.11930033405536533, "r2": -7.138811279200587, "r3": 0.7620159642294464, "r4": 0.8816026760721751, "r5": 0.3624744748659994, "r6": -0.07054645073756921, "r7": 1.7791022691271112}, "datetime": {"datetime": "2020-01-18 03:10:52", "elapsed": 23038.455291, "delta": 55.491317}}
{"target": 14.5, "params": {"d0": 0.9433690523168242, "d1": -7.274071619129595, "d2": 0.8676183797922146, "g0": 2.0937630407291437, "g1": 0.4283940757590322, "g2": -4.352013768126191, "g3": 1.444955326678688, "g4": 0.8463854362125061, "g5": 0.48665088327721073, "g6": 0.12006975094836259, "g7": 1.563206246875223, "i0": 4.085355108432485, "i1": 0.10693972902327331, "i2": -7.152433893024065, "i3": 1.0128334617555033, "i4": 1.021791035209791, "i5": -0.29637432373112316, "i6": -0.3370970340414452, "i7": 0.9465646694433237, "r0": 1.0507834588568614, "r1": 0.2824269449465421, "r2": -3.518499928006708, "r3": 1.0402877862156015, "r4": 1.2047901093915354, "r5": 0.71928687054378, "r6": -0.07136886625165917, "r7": 1.9011011117263563}, "datetime": {"datetime": "2020-01-18 03:11:48", "elapsed": 23094.6564, "delta": 56.201109}}
{"target": 11.85, "params": {"d0": 4.376873279925767, "d1": -3.3314852291638744, "d2": 1.3603196384868197, "g0": 3.3877872184838296, "g1": 0.30937352483917446, "g2": -0.9640100860096918, "g3": 0.9564783019546719, "g4": 1.1385545846791252, "g5": -0.48850946975592113, "g6": -0.11699891227373932, "g7": 1.231746419892378, "i0": 1.9721637779439671, "i1": 0.2496178506492982, "i2": -8.92691769764824, "i3": 1.3170386213959733, "i4": 1.1274520989372339, "i5": 0.12247163275148709, "i6": 0.7209429905154252, "i7": 0.9301108200126906, "r0": 4.775424302308961, "r1": 0.5993997586705455, "r2": -2.0513561101635887, "r3": 1.4121253540691767, "r4": 0.9455566107161815, "r5": 0.7564989405169142, "r6": 0.9477782212731658, "r7": 1.0343998121348836}, "datetime": {"datetime": "2020-01-18 03:12:28", "elapsed": 23134.975727, "delta": 40.319327}}
{"target": 10.75, "params": {"d0": 4.786921552055982, "d1": -0.5745642085880256, "d2": 0.9227931981920796, "g0": 4.797764110771063, "g1": 0.7120248650325318, "g2": -5.047239843393779, "g3": 1.1565391191648118, "g4": 1.2271364917350676, "g5": -0.01790164463268762, "g6": 0.8286011610471513, "g7": 1.2316393704937063, "i0": 1.7671921483621227, "i1": 0.15703113197166718, "i2": -1.0141948756095935, "i3": 0.9909925461464355, "i4": 0.9630142413053451, "i5": 0.310441955895318, "i6": 0.3523803084142424, "i7": 1.3957080446909291, "r0": 2.9934671053506134, "r1": 0.008729787913293818, "r2": -8.190849206259989, "r3": 1.2759913765109838, "r4": 1.188244092083121, "r5": 0.45928353061085425, "r6": 0.6496715358345575, "r7": 0.9615725794026785}, "datetime": {"datetime": "2020-01-18 03:13:04", "elapsed": 23170.914539, "delta": 35.938812}}
{"target": 12.15, "params": {"d0": 4.331101269818539, "d1": -1.6354641463292303, "d2": 0.8307112877758938, "g0": 3.4165462922833907, "g1": 0.6028788553472791, "g2": -4.096825433324679, "g3": 0.9134755178624793, "g4": 1.1945212498542634, "g5": 0.18903030809759347, "g6": -0.42586377259096136, "g7": 1.5978956032900338, "i0": 4.46526706705547, "i1": 0.21686944543285713, "i2": -0.12494208452404543, "i3": 1.233470222453165, "i4": 0.9176381762075101, "i5": -0.7985536268222129, "i6": -0.07115434927039743, "i7": 1.6724998289707615, "r0": 4.99291300464469, "r1": 0.41922898390017005, "r2": -2.157806164487007, "r3": 1.3829279812016684, "r4": 1.1572552449991682, "r5": 0.3474595369358924, "r6": -0.15995210122811698, "r7": 1.774548149894254}, "datetime": {"datetime": "2020-01-18 03:13:35", "elapsed": 23201.951849, "delta": 31.03731}}
{"target": 11.4, "params": {"d0": 3.239917424526577, "d1": -7.118562619582066, "d2": 1.4213792206380207, "g0": 4.270722763355527, "g1": 0.6683881473152478, "g2": -5.858882923640182, "g3": 1.366211977464049, "g4": 1.2873904951453294, "g5": -0.6175867916390244, "g6": 0.6557623956601364, "g7": 1.4225273910217502, "i0": 4.895148243516935, "i1": 0.5647915107804384, "i2": -2.4977231105921476, "i3": 1.3448594764212718, "i4": 0.9333181457982117, "i5": 0.7007036069974242, "i6": 0.4812880743038589, "i7": 1.746697299036785, "r0": 2.5943595974479425, "r1": 0.009937509020182866, "r2": -9.824330345705484, "r3": 0.7300415052335936, "r4": 1.261394963882969, "r5": 0.4863423208376665, "r6": -0.42417225638917133, "r7": 0.9975494792320987}, "datetime": {"datetime": "2020-01-18 03:14:06", "elapsed": 23233.22541, "delta": 31.273561}}
{"target": 18.35, "params": {"d0": 3.905511252437577, "d1": -0.4688933301494753, "d2": 1.0477088899565192, "g0": 2.0319922136904256, "g1": 0.7790765808645409, "g2": -3.3084446353119805, "g3": 1.3630213091153098, "g4": 1.0769338918924076, "g5": -0.4456432203146914, "g6": 0.7966879672731784, "g7": 1.9700574570574618, "i0": 4.216352966769054, "i1": 0.814341581688413, "i2": -8.747696025467741, "i3": 1.144622712575729, "i4": 0.9918055977589997, "i5": -0.5350563700893669, "i6": -0.06897464936803471, "i7": 1.815782655969326, "r0": 2.597147836747218, "r1": 0.7115982911956945, "r2": -9.514732060958119, "r3": 1.187205031523388, "r4": 1.0637090920586312, "r5": -0.6565632622499291, "r6": 0.17060158147988225, "r7": 1.1690319391521586}, "datetime": {"datetime": "2020-01-18 03:14:39", "elapsed": 23265.396555, "delta": 32.171145}}
{"target": 17.05, "params": {"d0": 4.654931653516909, "d1": -6.835322273903623, "d2": 0.8977665082979883, "g0": 0.010689389800692672, "g1": 0.5632277342562391, "g2": -2.2559105357314966, "g3": 1.0961729048764501, "g4": 1.282754099371038, "g5": -0.4997146195979932, "g6": 0.6966404748293753, "g7": 1.250759171094829, "i0": 3.236573912088281, "i1": 0.4651366960826412, "i2": -4.923309037846353, "i3": 1.0386366804168456, "i4": 1.1987753647623822, "i5": 0.751068795135378, "i6": 0.013141500708906406, "i7": 1.1822756594094332, "r0": 2.209849261841859, "r1": 0.4869054636746172, "r2": -5.74840688541088, "r3": 1.384071392732912, "r4": 0.8559030383114358, "r5": -0.7627233035463359, "r6": 0.01628132489206524, "r7": 1.6120503416636676}, "datetime": {"datetime": "2020-01-18 03:15:15", "elapsed": 23301.728945, "delta": 36.33239}}
{"target": 12.9, "params": {"d0": 0.8249764994463199, "d1": -9.010498865866367, "d2": 1.0393126187239587, "g0": 3.5044823421561677, "g1": 0.5077960541736906, "g2": -5.109889064547427, "g3": 1.4113226216906578, "g4": 1.0953499445163066, "g5": 0.25800472342944336, "g6": 0.773494366374045, "g7": 1.629540629868571, "i0": 3.1202796772943877, "i1": 0.3896055280297078, "i2": -0.6505137701780299, "i3": 0.9777762844531728, "i4": 0.9589201777641148, "i5": -0.18050304182258614, "i6": 0.052765883571697314, "i7": 1.1957529232662218, "r0": 4.747744410093688, "r1": 0.3805936387220392, "r2": -6.744444718777533, "r3": 0.7083469490273006, "r4": 0.9708686595956083, "r5": 0.5625720930157807, "r6": 0.8401839640065001, "r7": 1.5320910380103137}, "datetime": {"datetime": "2020-01-18 03:15:53", "elapsed": 23340.22913, "delta": 38.500185}}
{"target": 19.0, "params": {"d0": 1.1298018700654044, "d1": -1.5235652477138188, "d2": 1.0209036388116184, "g0": 0.6673429719086865, "g1": 0.3938711443589017, "g2": -7.667008147298767, "g3": 1.0362246157231059, "g4": 1.2977076418692364, "g5": -0.7393281955714424, "g6": 0.41060584157796864, "g7": 1.3869345907252901, "i0": 0.44557395197095395, "i1": 0.45462089624755686, "i2": -4.539593223699723, "i3": 0.941300758582317, "i4": 1.0253594283507932, "i5": -0.34821728276182, "i6": 0.7150287475754074, "i7": 1.6814991502695924, "r0": 1.9641900518383797, "r1": 0.4735782402256754, "r2": -0.4861005965988099, "r3": 1.2935868817249165, "r4": 1.0919116092435852, "r5": -0.6753552437028862, "r6": 0.06581063318673241, "r7": 1.625488527434058}, "datetime": {"datetime": "2020-01-18 03:16:30", "elapsed": 23376.886206, "delta": 36.657076}}
{"target": 17.2, "params": {"d0": 3.6937375735278617, "d1": -4.653939176900806, "d2": 1.1082627636790452, "g0": 1.3618246843396808, "g1": 0.9778208806350571, "g2": -3.0822173146497214, "g3": 1.431382275684035, "g4": 1.2065634113296164, "g5": 0.36280137373942, "g6": 0.5891983020215794, "g7": 1.91475813756472, "i0": 1.3402339867645774, "i1": 0.2981772063077005, "i2": -4.676198684388289, "i3": 1.1898791090835894, "i4": 0.9292640729103688, "i5": -0.7167102394997085, "i6": 0.6739422548634633, "i7": 1.134034945370468, "r0": 1.7486998478774718, "r1": 0.7992675427144691, "r2": -0.4548118019142642, "r3": 1.3501081389026939, "r4": 0.8781329997389848, "r5": -0.7102420004324707, "r6": 0.3201388575129456, "r7": 1.3481479600474522}, "datetime": {"datetime": "2020-01-18 03:17:07", "elapsed": 23414.022791, "delta": 37.136585}}
