{"target": 10.1, "params": {"d0": 4.357185047697694, "d1": -9.737787788741395, "d2": 1.0180785712290132, "g0": 1.2658449665825038, "g1": 0.14734357954070965, "g2": -9.942697941448689, "g3": 0.7554101852057908, "g4": 0.8333244550239598, "g5": 0.40422720464415485, "g6": 0.7507057446273593, "g7": 1.1909602910913084, "i0": 3.618234239107955, "i1": 0.2144272151999561, "i2": -3.725947743167101, "i3": 1.3171205081025188, "i4": 1.1859243333508696, "i5": 0.4028594835776391, "i6": 0.5033865642587287, "i7": 1.5019133113542764, "r0": 3.247981373372561, "r1": 0.7134546883344141, "r2": -6.825997369728951, "r3": 1.2365642730263735, "r4": 1.1491583394339613, "r5": -0.31090014132198296, "r6": 0.7360240158135063, "r7": 0.9758319834763671}, "datetime": {"datetime": "2020-01-18 02:41:02", "elapsed": 21249.104015, "delta": 39.261406}}
{"target": 11.95, "params": {"d0": 0.42217606080593717, "d1": -6.657936644220014, "d2": 1.4641980322857528, "g0": 1.8996901540563886, "g1": 0.17095070516141164, "g2": -4.8262076889598395, "g3": 1.360384331730226, "g4": 1.000124651688393, "g5": -0.16653223814245766, "g6": -0.015336949848412884, "g7": 1.896927857455966, "i0": 1.3925081481082668, "i1": 0.8604730852432403, "i2": -2.648624436563648, "i3": 1.1539131027578962, "i4": 1.148924683765582, "i5": -0.6187786383573493, "i6": 0.24179397766273303, "i7": 1.6675079448849053, "r0": 1.5966105707826457, "r1": 0.13360206094585791, "r2": -8.856235617575347, "r3": 0.8070820784627242, "r4": 1.0791530532213063, "r5": -0.730415786252806, "r6": -0.24205242816512906, "r7": 1.6240254790215929}, "datetime": {"datetime": "2020-01-18 02:41:55", "elapsed": 21302.275219, "delta": 53.171204}}
{"target": 11.85, "params": {"d0": 1.011913839125519, "d1": -5.1297716673928, "d2": 1.3920648798885438, "g0": 0.1642673199131084, "g1": 0.9332225450776931, "g2": -7.325393330196553, "g3": 0.7995586228431177, "g4": 0.9703490158934074, "g5": 0.4249362775355301, "g6": -0.3641705310359052, "g7": 1.2411321173505716, "i0": 4.454566847920786, "i1": 0.8941453233076704, "i2": -7.292630579587649, "i3": 0.968307557931602, "i4": 0.8388797057856289, "i5": -0.5284730626220839, "i6": -0.07987988645709226, "i7": 1.2458355472355995, "r0": 3.9483937630018384, "r1": 0.9828226918927522, "r2": -6.053185477028748, "r3": 1.330232523683925, "r4": 0.9021485088881762, "r5": 0.5572282245151263, "r6": 0.5577731069610734, "r7": 1.9110340293339427}, "datetime": {"datetime": "2020-01-18 02:42:31", "elapsed": 21338.276968, "delta": 36.001749}}
{"target": 15.0, "params": {"d0": 0.8455522204963423, "d1": -0.701517037196588, "d2": 0.8206584718873589, "g0": 0.6779640424705113, "g1": 0.9954704444758027, "g2": -1.5714304456779224, "g3": 1.2442750309445552, "g4": 1.2217479717709412, "g5": -0.7333108908372431, "g6": 0.10603974539988581, "g7": 1.539602140672513, "i0": 3.350042788307037, "i1": 0.6219537052861271, "i2": -1.2850136971782824, "i3": 1.1419743748175943, "i4": 1.2172276124994825, "i5": -0.18508000221288778, "i6": 0.8357063188815141, "i7": 1.0883118013276867, "r0": 1.5451743254472632, "r1": 0.14895413631278942, "r2": -2.879404527521019, "r3": 1.4420224168161226, "r4": 0.9323516411496742, "r5": 0.0019329386370063872, "r6": 0.04052729218708562, "r7": 1.152432116437645}, "datetime": {"datetime": "2020-01-18 02:43:09", "elapsed": 21376.2407, "delta": 37.963732}}
{"target": 12.45, "params": {"d0": 3.644462932161895, "d1": -7.621212915175025, "d2": 1.149381688733898, "g0": 0.914439140889054, "g1": 0.33159780135119366, "g2": -7.9969589406719255, "g3": 0.9720010111332796, "g4": 0.9450167931206411, "g5": 0.5760840054839587, "g6": -0.3138627907240679, "g7": 1.7178644493568591, "i0": 1.9957717527743968, "i1": 0.9834635512440012, "i2": -0.48224261875819785, "i3": 0.8962008029374783, "i4": 1.0727416513948582, "i5": -0.11079537732163336, "i6": -0.30085302717698786, "i7": 1.893133101768178, "r0": 1.2443529211007986, "r1": 0.8349886884912978, "r2": -9.291092716423103, "r3": 0.9824150305582088, "r4": 1.2365508831879484, "r5": -0.2380061266406982, "r6": 0.983596494234414, "r7": 1.2474126213990357}, "datetime": {"datetime": "2020-01-18 02:43:53", "elapsed": 21419.871144, "delta": 43.630444}}
{"target": 17.3, "params": {"d0": 1.53393591006378, "d1": -1.2418760811912506, "d2": 1.1636753215211058, "g0": 1.479744437739587, "g1": 0.18597422084281612, "g2": -1.7741693721673837, "g3": 1.385466732153446, "g4": 1.1642912343846985, "g5": -0.2863989482905066, "g6": 0.44777202434298813, "g7": 1.5302259520127293, "i0": 2.4046027248444646, "i1": 0.026480806271022672, "i2": -4.790359629830167, "i3": 0.8840127994095743, "i4": 1.0328890341862433, "i5": -0.7292796682729104, "i6": 0.15049152784672182, "i7": 1.9613437831726137, "r0": 3.326622431172312, "r1": 0.8042894135483151, "r2": -7.095128218159408, "r3": 0.8328032578143182, "r4": 0.9567404906766834, "r5": -0.6843601404573255, "r6": 0.9680470075045711, "r7": 1.1219937840329361}, "datetime": {"datetime": "2020-01-18 02:44:34", "elapsed": 21460.81033, "delta": 40.939186}}
{"target": 13.55, "params": {"d0": 2.6365716985011645, "d1": -3.9350914884012953, "d2": 0.9488022798977185, "g0": 0.5422803262269965, "g1": 0.4197484793483838, "g2": -0.7560420327550279, "g3": 1.1812332354617758, "g4": 1.009917808565106, "g5": -0.5479441838821183, "g6": 0.675260383621656, "g7": 0.9839077354538279, "i0": 4.92478775644786, "i1": 0.23208922991569547, "i2": -8.585172445109755, "i3": 0.9477863797529519, "i4": 1.270707861989124, "i5": 0.5134121852791267, "i6": 0.5157413304877849, "i7": 1.8667893971273268, "r0": 4.205926378230805, "r1": 0.6209373761617143, "r2": -6.198120613276229, "r3": 1.226585628158787, "r4": 1.1799925593564418, "r5": 0.18997936403615368, "r6": -0.4830029404517763, "r7": 0.9382962972525919}, "datetime": {"datetime": "2020-01-18 02:45:12", "elapsed": 21498.801033, "delta": 37.990703}}
{"target": 9.65, "params": {"d0": 0.5721434709819623, "d1": -2.5060085263853935, "d2": 1.284698915512168, "g0": 4.2849472927048025, "g1": 0.9432491568392013, "g2": -6.182054150060453, "g3": 1.1936000153616182, "g4": 0.9638237791925419, "g5": -0.15988421656313745, "g6": 0.18701577274838832, "g7": 1.74371163827751, "i0": 2.980182317913802, "i1": 0.8764864029007315, "i2": -6.146987054497931, "i3": 0.7777692314710718, "i4": 0.8906110203016488, "i5": 0.6141368453607039, "i6": -0.3919356973055588, "i7": 1.8291135202307895, "r0": 4.608689610591782, "r1": 0.5625251183951637, "r2": -0.8999896991976932, "r3": 1.2540726160586608, "r4": 1.1893919893690406, "r5": 0.31132545859297545, "r6": 0.08690687258118102, "r7": 1.5967579962959897}, "datetime": {"datetime": "2020-01-18 02:46:11", "elapsed": 21557.530562, "delta": 58.729529}}
{"target": 10.35, "params": {"d0": 4.651959953865727, "d1": -4.805601710487993, "d2": 0.8417161941700589, "g0": 1.533601820086915, "g1": 0.8150789282658774, "g2": -4.51865092463885, "g3": 1.0633371962596683, "g4": 1.0687640937827951, "g5": -0.20866970440731236, "g6": -0.18432142772541882, "g7": 0.9035764022272741, "i0": 0.22349701556639845, "i1": 0.20080076053324025, "i2": -9.693185413983688, "i3": 1.0768028769336557, "i4": 1.2747506309923669, "i5": 0.23104699100815784, "i6": -0.4565801615789071, "i7": 1.7536518510239651, "r0": 2.513673184517702, "r1": 0.7969769359275622, "r2": -4.937693787600633, "r3": 1.1995034609738116, "r4": 0.9310978714211082, "r5": -0.0842013661167087, "r6": -0.4810312194133902, "r7": 1.319819423673142}, "datetime": {"datetime": "2020-01-18 02:46:52", "elapsed": 21598.453771, "delta": 40.923209}}
{"target": 20.0, "params": {"d0": 3.1457040811291996, "d1": -0.6630174098244108, "d2": 0.8366864136177389, "g0": 1.3125467597386846, "g1": 0.6748194613919031, "g2": -5.282394464918518, "g3": 1.2415016867300706, "g4": 1.1964988397098733, "g5": 0.2109639641109422, "g6": 0.5703502604536639, "g7": 1.9417899697414636, "i0": 2.9297093331836184, "i1": 0.4403120297418651, "i2": -7.905880742129216, "i3": 1.4187431693182453, "i4": 1.1569655014047955, "i5": 0.12801665148480357, "i6": 0.8399151595659804, "i7": 1.362247946516618, "r0": 4.578521373205804, "r1": 0.5011576956391146, "r2": -9.856813441295099, "r3": 1.456387777613903, "r4": 1.1364099849908103, "r5": -0.20733749246884214, "r6": -0.37503733280245355, "r7": 1.0346597690150994}, "datetime": {"datetime": "2020-01-18 02:47:29", "elapsed": 21636.040389, "delta": 37.586618}}
{"target": 10.55, "params": {"d0": 4.239342025254421, "d1": -2.7234480677658235, "d2": 1.1093422723326658, "g0": 4.115878977088753, "g1": 0.6672320075111325, "g2": -1.1209896718138683, "g3": 1.1991853656951572, "g4": 0.9689971141626041, "g5": -0.5024822591673401, "g6": 0.9419592833871797, "g7": 1.26818328632292, "i0": 2.3349137456414732, "i1": 0.8285559247693282, "i2": -0.7494599653430463, "i3": 1.354286999902926, "i4": 1.0413691446265534, "i5": -0.2973918478637405, "i6": 0.4623749621233679, "i7": 1.8400007072847675, "r0": 2.9073480851519538, "r1": 0.6876396840442962, "r2": -1.24015951132826, "r3": 1.3929478274259184, "r4": 0.858185776690036, "r5": 0.11622764062417068, "r6": 0.0073034476633832, "r7": 1.7663336986906786}, "datetime": {"datetime": "2020-01-18 02:48:07", "elapsed": 21674.145977, "delta": 38.105588}}
{"target": 19.8, "params": {"d0": 2.459114161660821, "d1": -1.9116767394073833, "d2": 1.1617814574384995, "g0": 1.151759313041532, "g1": 0.6771582439668264, "g2": -4.7636592860113725, "g3": 1.327869093973186, "g4": 1.0756301996413116, "g5": -0.3349984501638439, "g6": 0.7592871529625072, "g7": 1.2581111603275572, "i0": 1.722305048254258, "i1": 0.8963718251414077, "i2": -3.4393858088967733, "i3": 1.4492435256779868, "i4": 1.10873863472363, "i5": 0.4029606292879899, "i6": -0.12279109216212858, "i7": 1.1521966975297464, "r0": 3.7068765841622824, "r1": 0.948574078402381, "r2": -5.806874995839282, "r3": 0.988960530653306, "r4": 0.9839397039974824, "r5": 0.38129932434867664, "r6": 0.5173461137336666, "r7": 1.4809878332202617}, "datetime": {"datetime": "2020-01-18 02:48:52", "elapsed": 21718.72096, "delta": 44.574983}}
{"target": 5.5, "params": {"d0": 1.7957946841991097, "d1": -8.26242996093032, "d2": 1.052859327913957, "g0": 4.046462974211741, "g1": 0.9079369530233182, "g2": -8.41481078002166, "g3": 0.9842433690270823, "g4": 1.246017478600585, "g5": -0.5008280237279055, "g6": 0.015482649670219839, "g7": 1.1127235610336732, "i0": 3.3392959088225957, "i1": 0.9696368354441128, "i2": -6.695920409982711, "i3": 0.732155303156195, "i4": 1.0673421789734983, "i5": 0.7414893887097358, "i6": 0.7043344154901161, "i7": 1.8950648055656503, "r0": 2.2986324692471993, "r1": 0.26000038122409896, "r2": -7.3384497769187504, "r3": 1.0796622022482532, "r4": 0.9077601187652917, "r5": 0.5318614627899887, "r6": -0.25270854701977136, "r7": 1.2975953453247033}, "datetime": {"datetime": "2020-01-18 02:49:35", "elapsed": 21761.816958, "delta": 43.095998}}
{"target": 1.55, "params": {"d0": 4.479838806084641, "d1": -2.2043446699621674, "d2": 1.3764179911422332, "g0": 4.679894069055733, "g1": 0.8754344297128994, "g2": -2.8380856401022836, "g3": 1.067937134445986, "g4": 0.805914078251373, "g5": 0.6896472439029138, "g6": -0.3728536036298685, "g7": 1.9280134366960837, "i0": 4.2280302137264405, "i1": 0.9616354237746784, "i2": -7.2695712633826375, "i3": 1.0882330275532317, "i4": 0.8133513883205428, "i5": -0.3492487501671255, "i6": -0.48118938125212224, "i7": 1.7988156494596201, "r0": 3.426657441680966, "r1": 0.8453995656893651, "r2": -9.625578590667814, "r3": 0.8692885062389759, "r4": 0.8097014582721196, "r5": -0.5226625131806657, "r6": 0.38501621562325894, "r7": 0.9080787595323476}, "datetime": {"datetime": "2020-01-18 02:50:30", "elapsed": 21816.831271, "delta": 55.014313}}
{"target": 10.55, "params": {"d0": 3.3696335029835174, "d1": -1.6900975086173293, "d2": 0.9683670545814985, "g0": 2.852343927510989, "g1": 0.7011678877625721, "g2": -1.0636284457508758, "g3": 0.7819425850211479, "g4": 1.2480904412734104, "g5": -0.5283841448952931, "g6": 0.8625409092894056, "g7": 1.3605521379530057, "i0": 2.720729444360453, "i1": 0.9101290054710117, "i2": -6.8350245372562055, "i3": 1.2791759623020398, "i4": 1.008143820368154, "i5": -0.6034867637203611, "i6": 0.09146424902202177, "i7": 1.0401767928358525, "r0": 1.2296656650530247, "r1": 0.4567753987450517, "r2": -5.883400940946888, "r3": 1.134791130032271, "r4": 0.88201006217374, "r5": -0.12490357667135632, "r6": 0.5009838675300906, "r7": 1.3229984019397776}, "datetime": {"datetime": "2020-01-18 02:51:07", "elapsed": 21854.203608, "delta": 37.372337}}
{"target": 5.1, "params": {"d0": 0.17565819071626187, "d1": -1.6721628332419627, "d2": 1.404018365017237, "g0": 1.6684013816448728, "g1": 0.8367753687699073, "g2": -5.987259950795021, "g3": 1.1992517540087126, "g4": 0.8753694062176562, "g5": 0.06278809501855331, "g6": -0.38519181253796514, "g7": 1.926409454389232, "i0": 2.929699743765733, "i1": 0.09772429080253875, "i2": -8.600914204706415, "i3": 1.4527672504933862, "i4": 0.975193430984274, "i5": 0.4911408607240513, "i6": 0.926054682228399, "i7": 1.600362573445619, "r0": 2.5557642946711265, "r1": 0.9814415092485557, "r2": -0.1533727182974971, "r3": 1.1820896061617394, "r4": 0.8656379445280022, "r5": -0.26250702884549537, "r6": 0.852405803033, "r7": 1.6809818377689687}, "datetime": {"datetime": "2020-01-18 02:51:29", "elapsed": 21875.861005, "delta": 21.657397}}
{"target": 14.55, "params": {"d0": 0.3765807240382296, "d1": -6.3546873137670765, "d2": 0.8386767766629623, "g0": 0.38883540303906283, "g1": 0.506842553459275, "g2": -2.223844618643974, "g3": 0.8108925230995464, "g4": 0.8735640955726238, "g5": 0.6659219571332173, "g6": 0.8086255986354127, "g7": 1.932705702451381, "i0": 2.9613501534439486, "i1": 0.07643031456703331, "i2": -0.3591596758168798, "i3": 1.0116333699438926, "i4": 1.0360493263614519, "i5": 0.4493847043992969, "i6": 0.29030536717564215, "i7": 1.095134984335139, "r0": 2.3473524989333368, "r1": 0.2581170606119033, "r2": -6.517519355400328, "r3": 1.4588274502283658, "r4": 0.9480476172469282, "r5": 0.4572355597707405, "r6": 0.3452698553233886, "r7": 1.392073472041222}, "datetime": {"datetime": "2020-01-18 02:52:21", "elapsed": 21928.031717, "delta": 52.170712}}
{"target": 15.95, "params": {"d0": 3.1469661962110544, "d1": -7.5453843185343, "d2": 1.2526468950356784, "g0": 3.853041626286992, "g1": 0.3626507398543496, "g2": -5.2838293324268415, "g3": 1.2041487336068881, "g4": 1.2506387392460736, "g5": -0.37626097982032986, "g6": 0.8885234762017526, "g7": 1.6712443541755597, "i0": 0.21517808818910578, "i1": 0.8320802785278097, "i2": -5.838068182031481, "i3": 0.8234112967009131, "i4": 0.9681026964222568, "i5": 0.514481986931355, "i6": 0.5432700462356388, "i7": 1.1976692745365562, "r0": 4.2016025417014475, "r1": 0.07164535780161663, "r2": -5.725030768112359, "r3": 1.1394691179202856, "r4": 1.1718860754768685, "r5": -0.3618244585199971, "r6": 0.431364700554136, "r7": 1.016336619019186}, "datetime": {"datetime": "2020-01-18 02:53:03", "elapsed": 21969.63823, "delta": 41.606513}}
{"target": 20.45, "params": {"d0": 4.23250094635115, "d1": -1.7130322674868559, "d2": 0.7679669472351461, "g0": 1.215988577001565, "g1": 0.41067605323210654, "g2": -3.376444636331845, "g3": 1.1411019542843066, "g4": 1.0592824681972788, "g5": 0.26476488147429, "g6": 0.37907297626269765, "g7": 1.9352556302693884, "i0": 4.247660180810119, "i1": 0.2697482501739179, "i2": -4.334772419601838, "i3": 1.3800223472024844, "i4": 1.222639587844496, "i5": 0.1080770271968573, "i6": 0.5811769391192563, "i7": 1.4834589812436363, "r0": 4.760050916311642, "r1": 0.9449943662316748, "r2": -4.778916906802705, "r3": 1.4485112216658043, "r4": 1.2960199687688156, "r5": -0.6823806042818042, "r6": -0.2791586506743412, "r7": 1.0466566577710341}, "datetime": {"datetime": "2020-01-18 02:53:43", "elapsed": 22010.236772, "delta": 40.598542}}
{"target": 14.65, "params": {"d0": 3.128615628931434, "d1": -6.464412268004863, "d2": 1.402061686291325, "g0": 3.3712831753839216, "g1": 0.9919742389328342, "g2": -6.695788217196177, "g3": 1.3825708979313114, "g4": 1.1194498158793098, "g5": -0.3432389102409193, "g6": 0.38251720522552124, "g7": 1.2395352444821213, "i0": 1.5394809075363869, "i1": 0.3796485542360045, "i2": -2.4123344085654796, "i3": 1.464549794883788, "i4": 1.069781966085863, "i5": 0.7336414772434663, "i6": 0.6100388447412828, "i7": 1.1625179840763475, "r0": 2.469816775167116, "r1": 0.470342027239933, "r2": -4.6326462376925015, "r3": 0.7597690239040231, "r4": 1.1838321116927704, "r5": -0.41522591397461484, "r6": -0.2028594524442892, "r7": 1.8495870178770377}, "datetime": {"datetime": "2020-01-18 02:54:30", "elapsed": 22056.77425, "delta": 46.537478}}
{"target": 19.6, "params": {"d0": 3.5110313472112846, "d1": -1.6830072893535721, "d2": 1.2502491011065455, "g0": 0.2986627227831823, "g1": 0.6731622911897392, "g2": -5.209883043587757, "g3": 1.2519366686329514, "g4": 0.9723531863656982, "g5": -0.7051363802181583, "g6": 0.32716650347385434, "g7": 0.9055644986184517, "i0": 4.695025193568702, "i1": 0.13792080123387007, "i2": -4.653773797861724, "i3": 0.8810303208663114, "i4": 1.1584329413577596, "i5": 0.5744917549133117, "i6": -0.1859401467579357, "i7": 1.0496379313660906, "r0": 3.9207712489216258, "r1": 0.8259316747426451, "r2": -4.333398861786778, "r3": 1.41119664113568, "r4": 1.1949197920786554, "r5": 0.6563710203824753, "r6": -0.45480652649176184, "r7": 1.6069352089473679}, "datetime": {"datetime": "2020-01-18 02:55:13", "elapsed": 22100.01859, "delta": 43.24434}}
{"target": 17.0, "params": {"d0": 1.4905064312601874, "d1": -8.396887645779797, "d2": 1.3995954582309438, "g0": 1.835188489127551, "g1": 0.12808413866675505, "g2": -1.7304762336892825, "g3": 1.2085768175709342, "g4": 1.0077305442970799, "g5": 0.5174242424514619, "g6": -0.2572589639054342, "g7": 1.7216601554318505, "i0": 2.690821631801562, "i1": 0.70870840066439, "i2": -0.9138968075953287, "i3": 1.4656185087292384, "i4": 0.941626126384173, "i5": -0.09387963866151006, "i6": 0.5307843563171455, "i7": 1.7217190089400396, "r0": 2.8667912588566358, "r1": 0.22372770293042088, "r2": -1.0258818514999604, "r3": 0.9885581449083447, "r4": 1.0059111994897008, "r5": -0.02967481614207801, "r6": -0.19412322720812342, "r7": 1.894861375978615}, "datetime": {"datetime": "2020-01-18 02:56:02", "elapsed": 22148.883691, "delta": 48.865101}}
{"target": 19.85, "params": {"d0": 1.379426589256882, "d1": -3.0242851432574716, "d2": 0.9169230906453707, "g0": 0.4555523027263997, "g1": 0.42751539120519433, "g2": -6.557765048905977, "g3": 1.2271106719063196, "g4": 0.8583727387719932, "g5": 0.2555195360567206, "g6": 0.1030947621108318, "g7": 1.2887851475843557, "i0": 0.18838022664403653, "i1": 0.3021054166872199, "i2": -4.777798320373839, "i3": 1.1623591130368123, "i4": 1.2670265540627823, "i5": 0.36799321453457634, "i6": 0.4246752224896123, "i7": 1.8400300931287343, "r0": 0.5725698736046092, "r1": 0.6086960104242849, "r2": -8.201351068856933, "r3": 1.3767286513345662, "r4": 1.1983133544762303, "r5": -0.7598972947246161, "r6": -0.1136800191026116, "r7": 0.9617538631333272}, "datetime": {"datetime": "2020-01-18 02:56:47", "elapsed": 22193.564564, "delta": 44.680873}}
{"target": 16.5, "params": {"d0": 1.3952855427815214, "d1": -5.799771740758483, "d2": 0.8155537607660317, "g0": 4.378494788802586, "g1": 0.1031202687858136, "g2": -7.636502385022654, "g3": 0.7544461316364259, "g4": 1.1775040059419397, "g5": 0.5766387326793887, "g6": 0.13259401891936484, "g7": 1.7815365839647208, "i0": 0.4015319334906181, "i1": 0.9850029991588873, "i2": -2.7907522092544754, "i3": 1.2647321761390666, "i4": 0.9580613726656642, "i5": -0.7437428251400489, "i6": 0.03780157443228416, "i7": 1.0307458053072056, "r0": 0.3886091398946012, "r1": 0.1483937110076301, "r2": -4.117254521590903, "r3": 0.9305193809180721, "r4": 0.9012706619586384, "r5": 0.05300804050594399, "r6": 0.24293158917080637, "r7": 1.5062361359547862}, "datetime": {"datetime": "2020-01-18 02:57:31", "elapsed": 22237.892298, "delta": 44.327734}}
{"target": 3.05, "params": {"d0": 3.429763099918921, "d1": -8.714848456537325, "d2": 1.2740313813806319, "g0": 4.270084596701617, "g1": 0.013567699931828825, "g2": -7.6507121970342915, "g3": 1.1392652401208456, "g4": 0.9848847948458591, "g5": 0.047354603357509406, "g6": 0.20132856251870646, "g7": 1.7941504963697077, "i0": 3.0566046221685186, "i1": 0.5972449038534611, "i2": -4.829452057599991, "i3": 0.7149646509473503, "i4": 1.092910467838427, "i5": -0.1860276919748196, "i6": 0.7090777910124284, "i7": 1.5622012356795785, "r0": 3.4024413342493083, "r1": 0.4026335805945461, "r2": -0.5139965206173169, "r3": 0.8299084180012214, "r4": 0.999650241259912, "r5": 0.5752801267382532, "r6": -0.47300689329322637, "r7": 0.9317043076323175}, "datetime": {"datetime": "2020-01-18 02:58:21", "elapsed": 22288.256368, "delta": 50.36407}}
{"target": 11.35, "params": {"d0": 0.023290510758893768, "d1": -0.3775918462569994, "d2": 1.0125433526749017, "g0": 4.247392970361517, "g1": 0.48299145355399997, "g2": -2.9644049622938677, "g3": 0.9188981193093786, "g4": 1.2595493629262557, "g5": -0.19569091665471672, "g6": 0.4967189409955519, "g7": 1.39100704299493, "i0": 3.4636436317539303, "i1": 0.36665865278786824, "i2": -1.8817683913354006, "i3": 1.1510586621241996, "i4": 1.0215288614780624, "i5": -0.019888424150200867, "i6": -0.027886052520416926, "i7": 1.8702485714967167, "r0": 3.2261977556725006, "r1": 0.4950631600478844, "r2": -0.9836570012455574, "r3": 1.0757135837349094, "r4": 1.145453399578361, "r5": 0.010654275824252046, "r6": 0.32397001682820536, "r7": 1.2181626354685102}, "datetime": {"datetime": "2020-01-18 02:59:11", "elapsed": 22337.981091, "delta": 49.724723}}
