{"target": 13.2, "params": {"d0": 2.239883895341415, "d1": -9.918265007660965, "d2": 1.1728106768840068, "g0": 2.2284674380352634, "g1": 0.840092179220993, "g2": -9.899445412723287, "g3": 1.1310726821712909, "g4": 0.814097058660977, "g5": 0.09781540743221107, "g6": -0.019256205189641107, "g7": 1.8830378491414868, "i0": 1.4418801455766617, "i1": 0.25098824017813415, "i2": -5.267407473913865, "i3": 1.2757420073843058, "i4": 1.1456540887446338, "i5": 0.7882127655830959, "i6": -0.01153610055599058, "i7": 1.2108218446833316, "r0": 4.506545574252112, "r1": 0.3987991581435065, "r2": -6.529268757953872, "r3": 1.3675159614844983, "r4": 0.8441197654863801, "r5": -0.7552507004074172, "r6": 0.9265730974788777, "r7": 1.461215349734087}, "datetime": {"datetime": "2020-01-18 12:15:31", "elapsed": 55718.151514, "delta": 43.266817}}
{"target": 13.8, "params": {"d0": 4.736319962938232, "d1": -0.821062128611528, "d2": 0.8186236806680017, "g0": 4.053487562305787, "g1": 0.2968218049690238, "g2": -8.267992367836555, "g3": 1.49868851522949, "g4": 1.2150885795880286, "g5": -0.21751701148754388, "g6": -0.26111352069535365, "g7": 1.6057263544721239, "i0": 3.7916498446164972, "i1": 0.32333461875415737, "i2": -6.068753819911956, "i3": 1.3816655514684903, "i4": 0.8691228106836817, "i5": 0.5308884751578984, "i6": -0.23520519365681197, "i7": 1.8111346893920117, "r0": 4.608897522350413, "r1": 0.8296944350869956, "r2": -2.4023156099999357, "r3": 1.0724362030198966, "r4": 1.084719327502129, "r5": 0.2597175789597457, "r6": -0.4026757467069142, "r7": 1.6531772553844264}, "datetime": {"datetime": "2020-01-18 12:16:04", "elapsed": 55750.881592, "delta": 32.730078}}
{"target": 19.55, "params": {"d0": 2.3606642412838785, "d1": -1.519277417052784, "d2": 1.2389575396035566, "g0": 0.6986291843599535, "g1": 0.23575708169396015, "g2": -9.227292626897148, "g3": 0.9549580224649772, "g4": 0.860089816732551, "g5": 0.23391972738862554, "g6": -0.035248640812220566, "g7": 1.3086175846687715, "i0": 2.804144047967995, "i1": 0.2415623819973408, "i2": -2.832234366931888, "i3": 1.385792926980451, "i4": 1.134940719384348, "i5": -0.4940373841407766, "i6": -0.22015623271767065, "i7": 1.0383892345683283, "r0": 2.646563129309358, "r1": 0.9550513583768757, "r2": -8.469357070453011, "r3": 0.7680484156119588, "r4": 1.2599779356476541, "r5": -0.32221068670639164, "r6": 0.07952332488201108, "r7": 1.8091502963346415}, "datetime": {"datetime": "2020-01-18 12:16:47", "elapsed": 55793.67589, "delta": 42.794298}}
{"target": 16.6, "params": {"d0": 2.3920543188282606, "d1": -5.25563621253275, "d2": 1.1484404641864565, "g0": 0.34125766503684485, "g1": 0.420193469689327, "g2": -1.8213527191893917, "g3": 0.9330011656553894, "g4": 0.8352250721224022, "g5": 0.5204846472969433, "g6": 0.5113944892747868, "g7": 1.9432279182821568, "i0": 3.1489584035549054, "i1": 0.15710323272768922, "i2": -1.188261621199624, "i3": 1.3673228895619944, "i4": 1.2390179419542595, "i5": 0.5783981899900099, "i6": 0.6431249150353251, "i7": 1.5229719750191206, "r0": 2.127267485281305, "r1": 0.588233921767902, "r2": -1.4231400569794506, "r3": 0.7018834248808167, "r4": 1.1050071859530335, "r5": 0.02312370501904193, "r6": 0.4034200952642567, "r7": 0.9704252529243604}, "datetime": {"datetime": "2020-01-18 12:17:30", "elapsed": 55836.867794, "delta": 43.191904}}
{"target": 14.3, "params": {"d0": 1.5787445019848412, "d1": -5.0703155194871785, "d2": 0.9620861665002765, "g0": 4.826120749852837, "g1": 0.8232335906342475, "g2": -1.3856837710605774, "g3": 0.9105543337624437, "g4": 1.2933934037085006, "g5": -0.21170970194771976, "g6": 0.7872790333182169, "g7": 1.320621055200413, "i0": 3.1465439757339118, "i1": 0.6958036384177785, "i2": -0.584876445801207, "i3": 0.938045752659675, "i4": 1.074115228139459, "i5": 0.6608946697972267, "i6": 0.008229747422893174, "i7": 1.108210887709742, "r0": 1.4855388715953355, "r1": 0.858260810271789, "r2": -3.9247112817414482, "r3": 0.8682081263308695, "r4": 1.2997642633735056, "r5": -0.6820345718867655, "r6": 0.32115627707452354, "r7": 1.1639373182362867}, "datetime": {"datetime": "2020-01-18 12:18:14", "elapsed": 55880.830401, "delta": 43.962607}}
{"target": 16.85, "params": {"d0": 2.0018680392619426, "d1": -5.15432030141443, "d2": 1.4847034692887422, "g0": 1.5384562744009371, "g1": 0.48695783960670647, "g2": -4.276895920015268, "g3": 0.952182322794175, "g4": 1.2454932512829742, "g5": -0.7761081628042743, "g6": 0.4321886521358519, "g7": 1.1437343996149338, "i0": 3.706290923624404, "i1": 0.4916670080170207, "i2": -8.45264512627421, "i3": 0.8299908475345408, "i4": 0.9529143481820775, "i5": 0.3264861355060835, "i6": 0.6109234782953592, "i7": 1.8503687662213237, "r0": 2.726379215015347, "r1": 0.2033678672271877, "r2": -0.6387448215825628, "r3": 1.3517125142449933, "r4": 0.9158417234369549, "r5": 0.25584200394788326, "r6": 0.5737389316034882, "r7": 0.9488241591523051}, "datetime": {"datetime": "2020-01-18 12:19:00", "elapsed": 55926.344923, "delta": 45.514522}}
{"target": 17.4, "params": {"d0": 2.443401191309121, "d1": -0.3838548297991302, "d2": 1.3778709180786028, "g0": 1.1775747769126843, "g1": 0.1307666508270633, "g2": -9.809704799057913, "g3": 1.0362844521345953, "g4": 1.1713407585944673, "g5": 0.3079163529416644, "g6": 0.7187453640817376, "g7": 1.3522008804965693, "i0": 3.9553565223876936, "i1": 0.7564462682729257, "i2": -0.2443859956858354, "i3": 0.7119907900503697, "i4": 1.1442292384562875, "i5": 0.3742165293153801, "i6": 0.5902038096285214, "i7": 1.4572035080825663, "r0": 0.07598197243796789, "r1": 0.09105735097618806, "r2": -4.224036285456027, "r3": 1.4902063769422094, "r4": 1.1742674512385403, "r5": -0.22770837407632583, "r6": -0.2424461134552885, "r7": 1.2324351737026484}, "datetime": {"datetime": "2020-01-18 12:19:34", "elapsed": 55960.511025, "delta": 34.166102}}
{"target": 12.3, "params": {"d0": 2.1194038498229464, "d1": -5.326705830024052, "d2": 0.794844210685421, "g0": 3.2441555048070603, "g1": 0.01076273871679656, "g2": -6.457654656469355, "g3": 1.4999922275657076, "g4": 1.174669971628619, "g5": -0.3811586617449367, "g6": -0.4721405355822059, "g7": 0.9157233154835249, "i0": 2.3954667583476565, "i1": 0.5256448787470778, "i2": -0.2359854597226967, "i3": 1.2894847554414337, "i4": 1.0888879001166962, "i5": -0.5745625682450497, "i6": -0.02150141087450963, "i7": 1.9654461800792395, "r0": 0.8743760784664284, "r1": 0.22687951846792231, "r2": -0.7102647678868568, "r3": 1.4420281943156832, "r4": 1.0617591409421194, "r5": -0.37379772757152896, "r6": 0.468161065742858, "r7": 1.1346393760439304}, "datetime": {"datetime": "2020-01-18 12:20:13", "elapsed": 56000.204991, "delta": 39.693966}}
{"target": 8.6, "params": {"d0": 0.7403201081608596, "d1": -9.73688876529451, "d2": 1.4607996891027257, "g0": 4.45963107814957, "g1": 0.7782276693693174, "g2": -4.338690316975146, "g3": 0.8298652672448119, "g4": 1.0711324195210783, "g5": 0.7509491112841697, "g6": -0.0023941876291007635, "g7": 1.2158639193152028, "i0": 1.1917031560251061, "i1": 0.5414947577757884, "i2": -9.827386637873566, "i3": 0.7785897279668017, "i4": 1.1868774974435181, "i5": -0.18693378904521452, "i6": -0.2254058339753589, "i7": 1.254229292463301, "r0": 3.8475827610604996, "r1": 0.5154944183381643, "r2": -3.8753609204227315, "r3": 1.1417332598946524, "r4": 1.143464384250978, "r5": 0.6683941477109128, "r6": -0.3020588382628899, "r7": 1.1918523162084806}, "datetime": {"datetime": "2020-01-18 12:21:13", "elapsed": 56059.676273, "delta": 59.471282}}
{"target": 17.55, "params": {"d0": 3.028985147993085, "d1": -2.557474207600369, "d2": 1.2236718870079646, "g0": 2.7602085001279786, "g1": 0.742445809736234, "g2": -9.70442689797552, "g3": 0.8473507047390622, "g4": 1.2791088476242258, "g5": 0.37705426654523344, "g6": 0.21031192158983603, "g7": 1.891651924355584, "i0": 3.6888546606833317, "i1": 0.48816973535068997, "i2": -9.563941618900412, "i3": 1.3467705695156091, "i4": 0.958215041524401, "i5": -0.4429041219764493, "i6": -0.2762066524401028, "i7": 1.5560997063811945, "r0": 0.775178760602942, "r1": 0.9302489968863851, "r2": -9.590851215295867, "r3": 0.7097756575635936, "r4": 1.0330383905761502, "r5": 0.1838588497318362, "r6": 0.5034995350682172, "r7": 1.5359347839876092}, "datetime": {"datetime": "2020-01-18 12:21:50", "elapsed": 56096.426233, "delta": 36.74996}}
{"target": 14.6, "params": {"d0": 0.6676871119025973, "d1": -3.158140587918531, "d2": 1.0442398754597453, "g0": 1.1590354016061584, "g1": 0.30999251015226514, "g2": -0.8040947033938259, "g3": 1.4089749577964825, "g4": 1.2122298774445035, "g5": -0.5203804395790217, "g6": -0.38657354812862554, "g7": 1.8828702377887803, "i0": 0.7034612600262868, "i1": 0.09857500599707891, "i2": -5.006514529192486, "i3": 1.4325543765701396, "i4": 0.8644335382802718, "i5": 0.24976425910270783, "i6": -0.06040121340594701, "i7": 1.606621510642924, "r0": 1.7299999159335322, "r1": 0.03387391163364173, "r2": -5.961124485713313, "r3": 0.9608753425727548, "r4": 1.103766662059479, "r5": -0.7601783589223836, "r6": 0.006387946923237298, "r7": 0.9334195787481707}, "datetime": {"datetime": "2020-01-18 12:22:26", "elapsed": 56133.243153, "delta": 36.81692}}
{"target": 16.85, "params": {"d0": 4.848769924323623, "d1": -7.686570645793793, "d2": 0.8133651115329048, "g0": 2.7464744319457552, "g1": 0.12573986783641478, "g2": -9.153176325678897, "g3": 1.4240347056559441, "g4": 0.9867056007536601, "g5": 0.6740661392516523, "g6": -0.10273792541010285, "g7": 1.478122625984593, "i0": 0.3734386536473261, "i1": 0.996246737445919, "i2": -8.417095192402655, "i3": 0.7818387228783772, "i4": 0.9694290295572505, "i5": 0.3838539593848018, "i6": 0.28460457871322675, "i7": 1.073552604602119, "r0": 4.7640525682885775, "r1": 0.9622395508204377, "r2": -8.635311391055081, "r3": 1.4352427633035614, "r4": 1.2554465086565374, "r5": -0.20702299991418716, "r6": 0.3447895475885494, "r7": 1.4501119877105877}, "datetime": {"datetime": "2020-01-18 12:23:04", "elapsed": 56170.842749, "delta": 37.599596}}
{"target": 15.2, "params": {"d0": 4.815927977940183, "d1": -9.669407150170551, "d2": 1.022811419878054, "g0": 4.943002688256712, "g1": 0.9653720634048523, "g2": -8.501849606889325, "g3": 0.7969579456301559, "g4": 0.8586270465030175, "g5": -0.1426579067182674, "g6": 0.7830863638912224, "g7": 1.81244044535888, "i0": 1.1539659183264113, "i1": 0.3379978078749316, "i2": -7.644627468419085, "i3": 1.3905427317692034, "i4": 1.1823367468006172, "i5": 0.43260328777805146, "i6": 0.46473813833605737, "i7": 1.8896397007062806, "r0": 3.2388864815329144, "r1": 0.9024885498517983, "r2": -4.61492436320329, "r3": 0.8975611759011595, "r4": 0.8572962698211053, "r5": -0.11720865719767981, "r6": 0.5684828088643175, "r7": 1.6337127263133633}, "datetime": {"datetime": "2020-01-18 12:23:46", "elapsed": 56212.972719, "delta": 42.12997}}
{"target": 9.3, "params": {"d0": 2.4109707081922673, "d1": -5.088395937908957, "d2": 1.458957555134443, "g0": 4.220247496069484, "g1": 0.9760211443812628, "g2": -3.358840467182789, "g3": 1.1083145990803007, "g4": 0.9202120800692746, "g5": 0.6210496437469981, "g6": 0.05977340935794939, "g7": 1.9370706961972868, "i0": 3.600540506546435, "i1": 0.05875904958786915, "i2": -3.5653215574745776, "i3": 1.1067538753116575, "i4": 1.0212665582317202, "i5": 0.11943157806992488, "i6": -0.48258698121180826, "i7": 1.9681778354002804, "r0": 0.5208878858019356, "r1": 0.25910176026284093, "r2": -7.0417801743842485, "r3": 1.1446365614843201, "r4": 0.9641553510824238, "r5": 0.7655174901706892, "r6": -0.3806462443590053, "r7": 1.0241690018302527}, "datetime": {"datetime": "2020-01-18 12:24:30", "elapsed": 56257.044216, "delta": 44.071497}}
{"target": 14.4, "params": {"d0": 3.5426462416224918, "d1": -0.8977905163111757, "d2": 0.7323756958263554, "g0": 0.328321120658015, "g1": 0.7322842953625041, "g2": -4.426141565802325, "g3": 0.8488102475668495, "g4": 1.2703875797844355, "g5": -0.2962747391303563, "g6": -0.3523129235089694, "g7": 1.5609301632325945, "i0": 1.1332830562823366, "i1": 0.8430930494801903, "i2": -9.66634605920873, "i3": 0.9919831459774152, "i4": 1.0008338681818438, "i5": 0.7245670568529199, "i6": 0.9817810674398069, "i7": 1.8554261952533846, "r0": 4.989751585452081, "r1": 0.11591914381049917, "r2": -3.7837235507090874, "r3": 0.7594612135738759, "r4": 1.075347229191757, "r5": -0.40227138662470185, "r6": -0.32584644574084454, "r7": 1.054783360780269}, "datetime": {"datetime": "2020-01-18 12:25:07", "elapsed": 56293.73225, "delta": 36.688034}}
{"target": 14.8, "params": {"d0": 3.83080539820301, "d1": -9.813579807083755, "d2": 0.9780408709867345, "g0": 4.305445870198002, "g1": 0.4895478942122108, "g2": -0.569645696249804, "g3": 1.2279205882315076, "g4": 1.2783107469781831, "g5": 0.661640363638176, "g6": 0.273102184822686, "g7": 1.875857623092846, "i0": 3.5209549013824843, "i1": 0.5182765193680615, "i2": -8.029738368510063, "i3": 1.2415191162829338, "i4": 1.2143331023107988, "i5": 0.6224397943733719, "i6": -0.12633818105237876, "i7": 1.472999769055755, "r0": 1.7378468988135003, "r1": 0.59534569041125, "r2": -5.523828119205229, "r3": 0.922112942276144, "r4": 1.2932316696006247, "r5": -0.3504748256210606, "r6": 0.9818425312102061, "r7": 1.301460549088903}, "datetime": {"datetime": "2020-01-18 12:25:47", "elapsed": 56334.006624, "delta": 40.274374}}
{"target": 7.65, "params": {"d0": 2.6358792732438587, "d1": -4.324948578924918, "d2": 0.8781339090208709, "g0": 4.727144016264023, "g1": 0.09657889579532009, "g2": -5.555379560082082, "g3": 0.9781677541069332, "g4": 0.971483992245566, "g5": 0.26902641951833717, "g6": -0.4266828299370771, "g7": 1.3240084408720123, "i0": 2.0526128213445247, "i1": 0.054717963146544646, "i2": -2.3372674429165174, "i3": 0.788062731015438, "i4": 1.1348437327357592, "i5": -0.3747857552538685, "i6": 0.21003269872804475, "i7": 1.8692328551603294, "r0": 3.116181987278167, "r1": 0.27882402340830625, "r2": -3.102518026276462, "r3": 0.9854823415701971, "r4": 0.8381424601970368, "r5": 0.003496414325856456, "r6": -0.2318448280269877, "r7": 1.7083639014043812}, "datetime": {"datetime": "2020-01-18 12:26:26", "elapsed": 56373.207094, "delta": 39.20047}}
{"target": 10.9, "params": {"d0": 2.053712390384584, "d1": -3.103663276555163, "d2": 0.8821243153488316, "g0": 2.9496361592059865, "g1": 0.06930771715455752, "g2": -5.191583874845712, "g3": 1.3164260504234346, "g4": 0.9872871593224823, "g5": -0.5566084024219626, "g6": 0.4958427015037994, "g7": 1.5310891662370942, "i0": 2.2819849246973334, "i1": 0.4778753536706708, "i2": -0.03296214212957693, "i3": 1.101677523530072, "i4": 0.867293375388183, "i5": -0.02123584200108808, "i6": 0.5080750186121463, "i7": 1.8781524730592443, "r0": 4.374730018719574, "r1": 0.2624713591791349, "r2": -1.494145332281672, "r3": 0.9655893833639162, "r4": 1.2789216869536175, "r5": 0.5257066667514818, "r6": 0.3320507178796557, "r7": 1.8818013354481833}, "datetime": {"datetime": "2020-01-18 12:27:03", "elapsed": 56409.327708, "delta": 36.120614}}
{"target": 8.65, "params": {"d0": 4.079772257188284, "d1": -8.950838879867106, "d2": 0.9668551097376578, "g0": 0.9951538783669345, "g1": 0.16905084591137098, "g2": -0.025196968230936534, "g3": 0.7426258212692689, "g4": 0.8318557258957707, "g5": -0.2770092467741565, "g6": 0.9958309327815766, "g7": 1.7357525943846723, "i0": 3.2347099561325807, "i1": 0.7439992914855381, "i2": -2.078389456840166, "i3": 1.1547663715367906, "i4": 1.0282031604030286, "i5": 0.18963413283712516, "i6": -0.11309123354791356, "i7": 1.037447287956809, "r0": 4.171129159005663, "r1": 0.07081014511016803, "r2": -0.8754382478678195, "r3": 0.8245974960814672, "r4": 1.0133625660827912, "r5": -0.08488804337264211, "r6": 0.44950321836076435, "r7": 0.9418811059559413}, "datetime": {"datetime": "2020-01-18 12:27:41", "elapsed": 56448.252459, "delta": 38.924751}}
{"target": 17.6, "params": {"d0": 2.2774810209986773, "d1": -3.3521122418266582, "d2": 1.3546061166958543, "g0": 1.666948724070319, "g1": 0.8290856024674111, "g2": -1.8564233628123592, "g3": 0.8062153133756444, "g4": 1.2843421265228125, "g5": 0.4839244816032362, "g6": -0.10521915265346671, "g7": 1.8656922835503578, "i0": 0.6157870760657363, "i1": 0.13490410516060913, "i2": -9.681848773839791, "i3": 1.4602911437321358, "i4": 0.9420050731973112, "i5": -0.27480142141634867, "i6": 0.47096212467953547, "i7": 1.2278804362349687, "r0": 4.711540915405111, "r1": 0.4383316278350313, "r2": -6.572133549014064, "r3": 1.053298653289515, "r4": 1.1390349020503012, "r5": -0.3755123357283774, "r6": -0.3430627856595527, "r7": 1.983739218991905}, "datetime": {"datetime": "2020-01-18 12:28:23", "elapsed": 56490.061265, "delta": 41.808806}}
{"target": 16.15, "params": {"d0": 3.9462172840841596, "d1": -2.3036281184326732, "d2": 1.0113174879005222, "g0": 4.960405908986159, "g1": 0.5052259236771285, "g2": -2.3099008983559237, "g3": 1.0595643691131438, "g4": 1.2405714803263883, "g5": -0.7732279575455872, "g6": -0.22201340467780556, "g7": 1.8378767368493336, "i0": 3.164666809853323, "i1": 0.43146669764072176, "i2": -4.676177631646423, "i3": 1.4261604869372468, "i4": 1.1920556935563411, "i5": -0.2743108560388672, "i6": 0.911403980895779, "i7": 1.5339727477024692, "r0": 0.4862701127424135, "r1": 0.27431601792220983, "r2": -3.442229162215165, "r3": 1.3435531496516306, "r4": 1.2584858794052711, "r5": 0.4934650171022532, "r6": -0.04103180859654032, "r7": 1.4462913122044176}, "datetime": {"datetime": "2020-01-18 12:29:05", "elapsed": 56532.223211, "delta": 42.161946}}
{"target": 15.3, "params": {"d0": 3.8386575888917673, "d1": -2.6979483472699526, "d2": 0.756537694497299, "g0": 4.319196958459145, "g1": 0.4851508135237337, "g2": -6.276185109402535, "g3": 0.8756275860509432, "g4": 1.0303069497401853, "g5": 0.6163894629548601, "g6": -0.37917261294960564, "g7": 1.8407035177462916, "i0": 1.16429888332571, "i1": 0.842832857846107, "i2": -6.351902329947253, "i3": 1.0972498705081346, "i4": 1.0763633906377692, "i5": 0.08815532830533146, "i6": 0.8934983586691645, "i7": 1.3426371554818908, "r0": 1.8534320310171437, "r1": 0.7430785780899256, "r2": -5.239408965248598, "r3": 0.8444176009081398, "r4": 1.0586347768309583, "r5": -0.7933231698341148, "r6": 0.23017991868854948, "r7": 1.673066193010814}, "datetime": {"datetime": "2020-01-18 12:29:42", "elapsed": 56569.03562, "delta": 36.812409}}
{"target": 11.7, "params": {"d0": 0.883127371234877, "d1": -0.974561964646222, "d2": 0.7242634500264677, "g0": 3.548852109430883, "g1": 0.5718453893893721, "g2": -0.6763239375473162, "g3": 0.8946827240815219, "g4": 0.9802901803950317, "g5": -0.1684830848889124, "g6": 0.3459358008810369, "g7": 1.8127552275399068, "i0": 0.09356981491350724, "i1": 0.5455737249446369, "i2": -4.442831259478973, "i3": 0.8844167185134906, "i4": 1.2702719110193121, "i5": 0.5739682463909335, "i6": 0.49482891569103016, "i7": 1.3151902563314875, "r0": 1.9289948592177093, "r1": 0.5443869315665504, "r2": -6.472436383844402, "r3": 1.3822686733118597, "r4": 1.1523243335334887, "r5": -0.7205638630293566, "r6": 0.7268892131861113, "r7": 1.61323411931642}, "datetime": {"datetime": "2020-01-18 12:30:37", "elapsed": 56624.226267, "delta": 55.190647}}
{"target": 9.6, "params": {"d0": 4.049655979812506, "d1": -9.104448759284177, "d2": 0.894636104603357, "g0": 3.3853589725593167, "g1": 0.31222691894245425, "g2": -0.2119013638009868, "g3": 1.117305527826428, "g4": 1.0219696499750788, "g5": 0.12307918422544761, "g6": 0.8187024090344746, "g7": 1.1390810017710704, "i0": 3.809483858463678, "i1": 0.6006922017457306, "i2": -2.4014732204911295, "i3": 0.8739421624431948, "i4": 1.115347886042141, "i5": 0.5524396264410709, "i6": -0.1450037192190214, "i7": 0.9799626844558048, "r0": 1.1561344655069838, "r1": 0.8138095328751666, "r2": -7.15973234899001, "r3": 1.4018789394532976, "r4": 1.029496630722848, "r5": 0.12852272395365494, "r6": -0.37257141218566825, "r7": 1.5584881995709603}, "datetime": {"datetime": "2020-01-18 12:31:10", "elapsed": 56656.877419, "delta": 32.651152}}
{"target": 14.0, "params": {"d0": 2.921126708272501, "d1": -4.681032150965628, "d2": 0.8780582375846269, "g0": 3.411287477658052, "g1": 0.22194717029699296, "g2": -8.216553920387557, "g3": 1.151536614505247, "g4": 1.0830390886976309, "g5": 0.016151373647592338, "g6": -0.40207838061970463, "g7": 1.5651309769080615, "i0": 3.3438797907765183, "i1": 0.19663047145193413, "i2": -9.626807844146569, "i3": 0.7851395112151788, "i4": 1.1065103367503595, "i5": -0.24141055276565726, "i6": -0.327450332414642, "i7": 1.7530439586866284, "r0": 1.4664985978248257, "r1": 0.7437305421377376, "r2": -1.3863004176270426, "r3": 1.1807081461247164, "r4": 1.2215415888491878, "r5": -0.5945501481584163, "r6": 0.990680425798284, "r7": 1.1047733680440346}, "datetime": {"datetime": "2020-01-18 12:31:55", "elapsed": 56701.851493, "delta": 44.974074}}
{"target": 8.6, "params": {"d0": 4.514979990697029, "d1": -3.3761797840050107, "d2": 0.7090971845690467, "g0": 2.60419042529327, "g1": 0.5217962059117353, "g2": -8.925787447964899, "g3": 1.3328638446493288, "g4": 1.1237977533356398, "g5": -0.2577319632429015, "g6": -0.1793562906098597, "g7": 0.9854378760959195, "i0": 4.174616834895662, "i1": 0.9900812031336809, "i2": -8.435806006730518, "i3": 1.3615956934216826, "i4": 0.9544307248177062, "i5": 0.32615559403326566, "i6": 0.5198357950836145, "i7": 1.3126108717585412, "r0": 3.8625172052282504, "r1": 0.5062286276731738, "r2": -7.271867924552526, "r3": 1.1169009699589307, "r4": 0.8040443926268581, "r5": -0.07055836867841025, "r6": -0.3357251959668462, "r7": 1.9380553771111138}, "datetime": {"datetime": "2020-01-18 12:32:32", "elapsed": 56738.987072, "delta": 37.135579}}
