{"target": 7.2, "params": {"d0": 3.683568085474775, "d1": -0.18886974002178292, "d2": 1.0272770534440328, "g0": 3.0852806952427514, "g1": 0.9267664027026086, "g2": -2.248811732506172, "g3": 1.216205479045816, "g4": 0.8649807724249734, "g5": 0.37521476151153776, "g6": 0.9963599618597097, "g7": 0.927471173786132, "i0": 4.155548909131926, "i1": 0.498158317560052, "i2": -0.6452488473986371, "i3": 0.8148670577720553, "i4": 1.125615071557974, "i5": -0.46508204982271695, "i6": 0.39402204682826625, "i7": 1.4427757816717262, "r0": 4.347955354251366, "r1": 0.9903751835684459, "r2": -1.5107566127624334, "r3": 1.0741173633014307, "r4": 1.2208738798980636, "r5": -0.5426769487690439, "r6": -0.47310293586537044, "r7": 1.58756533245749}, "datetime": {"datetime": "2020-01-18 03:33:21", "elapsed": 24387.701985, "delta": 26.938991}}
{"target": 20.55, "params": {"d0": 2.1225083367796334, "d1": -1.5193711231279838, "d2": 1.297094578543919, "g0": 0.9218153956109459, "g1": 0.5341403009924707, "g2": -3.8895262731657443, "g3": 0.9876566310045906, "g4": 0.9847200148558533, "g5": -0.23638063431430878, "g6": 0.6213398363837015, "g7": 1.2374826163825317, "i0": 2.4118683900021343, "i1": 0.5795370887992325, "i2": -4.655760364537036, "i3": 1.4394731373600222, "i4": 1.167463507251223, "i5": -0.42224356946566, "i6": -0.13482753282444093, "i7": 1.213494230910717, "r0": 3.302217335021973, "r1": 0.8514671088338097, "r2": -3.23463676961714, "r3": 1.4759507535354928, "r4": 0.8475350228502098, "r5": -0.09872419130958154, "r6": 0.4948781985057361, "r7": 1.256407297147637}, "datetime": {"datetime": "2020-01-18 03:33:55", "elapsed": 24421.829146, "delta": 34.127161}}
{"target": 17.05, "params": {"d0": 2.099365299645809, "d1": -8.56131335927521, "d2": 1.4988447902729494, "g0": 0.8825444955576878, "g1": 0.4524658705948822, "g2": -6.560154569111453, "g3": 1.3847047442789417, "g4": 1.059061529149778, "g5": 0.7775342431513674, "g6": 0.907054987644365, "g7": 1.3456765285854664, "i0": 2.9974665684277157, "i1": 0.0008921294746903063, "i2": -8.28630879916486, "i3": 0.9141511869474214, "i4": 0.9314547687767566, "i5": -0.21481754489879012, "i6": -0.22394166351321054, "i7": 1.5665115378051273, "r0": 2.2888991164366197, "r1": 0.9477450943371674, "r2": -8.19234702085639, "r3": 1.2523312056355418, "r4": 1.2065047933449315, "r5": -0.33590367099234125, "r6": 0.7464689296833407, "r7": 1.6791311333738026}, "datetime": {"datetime": "2020-01-18 03:34:30", "elapsed": 24457.219507, "delta": 35.390361}}
{"target": 14.05, "params": {"d0": 1.4783068716480936, "d1": -4.906025362238249, "d2": 1.0616735234131172, "g0": 2.0155542870524252, "g1": 0.597718637225449, "g2": -9.418015935190834, "g3": 0.9577694250111194, "g4": 0.9170780444763178, "g5": -0.03164297235601654, "g6": 0.5359020831524539, "g7": 0.9824381613633655, "i0": 1.2678023875215523, "i1": 0.0659247083330784, "i2": -8.28805504124447, "i3": 0.7984186004533083, "i4": 0.8169117891469313, "i5": -0.6925300456777228, "i6": 0.5151015703519275, "i7": 1.159586941138572, "r0": 2.3944222748324524, "r1": 0.5076757723357613, "r2": -9.802539803076973, "r3": 0.9038697828643054, "r4": 1.2989012160776707, "r5": 0.6594002229203968, "r6": 0.02533078248505305, "r7": 1.511990506916018}, "datetime": {"datetime": "2020-01-18 03:35:06", "elapsed": 24492.669796, "delta": 35.450289}}
{"target": 10.6, "params": {"d0": 0.09261226494408359, "d1": -0.06416888189776948, "d2": 0.7566582151308225, "g0": 1.8424794885422158, "g1": 0.08999277757678104, "g2": -0.47435952128364, "g3": 1.1490883860087684, "g4": 1.0894909284222556, "g5": -0.5502295127261928, "g6": -0.3338604778751157, "g7": 1.3410214196155217, "i0": 1.490875798605532, "i1": 0.8619074096746928, "i2": -8.917591473950651, "i3": 0.7155119615804755, "i4": 0.8944217774321366, "i5": -0.10065328732989198, "i6": 0.3950326845303609, "i7": 1.5528849666558258, "r0": 3.0076665858627596, "r1": 0.8290564690536482, "r2": -8.868543328536774, "r3": 0.7961330171334247, "r4": 0.8599623830684193, "r5": -0.4330653136603182, "r6": 0.5060205069717372, "r7": 1.1871986436249669}, "datetime": {"datetime": "2020-01-18 03:35:39", "elapsed": 24525.425862, "delta": 32.756066}}
{"target": 13.0, "params": {"d0": 1.4188678176413694, "d1": -7.2930782642903225, "d2": 0.822959482438025, "g0": 4.073670802470295, "g1": 0.4356364678061283, "g2": -0.2028916183831182, "g3": 0.7571137667233931, "g4": 0.9003037648016048, "g5": -0.5797494759006082, "g6": -0.2167295832164048, "g7": 1.2003679016270752, "i0": 1.311188671724508, "i1": 0.8446674590080994, "i2": -4.124668849172567, "i3": 1.4792031846634834, "i4": 0.8629047688864497, "i5": 0.22239108146650133, "i6": 0.3286751033758468, "i7": 1.0091240793078498, "r0": 2.2224551353190773, "r1": 0.5138240881700226, "r2": -9.834949560980256, "r3": 1.4522804913343963, "r4": 0.9126434701924362, "r5": -0.7407148874227426, "r6": 0.195151223610048, "r7": 1.5949422985728012}, "datetime": {"datetime": "2020-01-18 03:36:14", "elapsed": 24560.806218, "delta": 35.380356}}
{"target": 8.2, "params": {"d0": 4.122985640066096, "d1": -3.023253200908906, "d2": 1.2077025366241783, "g0": 3.4975730343010394, "g1": 0.4929723061762362, "g2": -8.60758141536042, "g3": 0.8463423999422628, "g4": 0.9768894863345886, "g5": 0.2897406404623406, "g6": 0.8906386543976141, "g7": 1.596225916275434, "i0": 3.0881101549222887, "i1": 0.9302959772175925, "i2": -0.6895948711222673, "i3": 0.8271721662914153, "i4": 0.8672070191418322, "i5": -0.11391005275351895, "i6": 0.30255557983307646, "i7": 1.8626940076032157, "r0": 2.5725557216060784, "r1": 0.35880924780708157, "r2": -8.619325834457939, "r3": 1.4549838703061782, "r4": 0.9970766751361658, "r5": 0.3353921854717765, "r6": 0.049900389020509195, "r7": 1.1592672768401866}, "datetime": {"datetime": "2020-01-18 03:36:42", "elapsed": 24588.557891, "delta": 27.751673}}
{"target": 18.4, "params": {"d0": 3.56926737216732, "d1": -3.028760582366118, "d2": 1.3623964152328263, "g0": 1.0600656511795836, "g1": 0.23087929557783837, "g2": -3.595734691630308, "g3": 0.8252615850746867, "g4": 1.0160785649567043, "g5": 0.2721436590679174, "g6": 0.7131125232249285, "g7": 1.7234875868667867, "i0": 0.1420528823278483, "i1": 0.8649192759419898, "i2": -7.642334984460515, "i3": 0.7647811911636857, "i4": 0.9251087597675042, "i5": -0.6315080654167757, "i6": -0.1304597297395343, "i7": 1.00796406356719, "r0": 3.212603066265858, "r1": 0.38261429098388366, "r2": -7.910098799038083, "r3": 1.1130167562013815, "r4": 0.8989986692853817, "r5": 0.43131343431627345, "r6": 0.0017197073506480809, "r7": 1.0514838547926917}, "datetime": {"datetime": "2020-01-18 03:37:16", "elapsed": 24622.887339, "delta": 34.329448}}
{"target": 15.8, "params": {"d0": 3.9437672464970057, "d1": -7.826378246973159, "d2": 1.2619939876119886, "g0": 4.018981172900679, "g1": 0.475667252478315, "g2": -1.858288954389554, "g3": 1.0778911437485568, "g4": 1.019384668717302, "g5": 0.13459760252557018, "g6": -0.4553380696825072, "g7": 0.9392217341832224, "i0": 1.9588787438580968, "i1": 0.8843905637666271, "i2": -5.555837688213639, "i3": 1.2510110903242835, "i4": 1.2143726333757436, "i5": 0.39247917076321315, "i6": -0.14734546469482013, "i7": 1.8052645662570903, "r0": 0.4560364792838162, "r1": 0.9762060130059792, "r2": -1.696681484303184, "r3": 1.3193578788800138, "r4": 1.1297360271373427, "r5": -0.7705720697468094, "r6": 0.9034454674859314, "r7": 1.6277739178553532}, "datetime": {"datetime": "2020-01-18 03:37:53", "elapsed": 24659.336603, "delta": 36.449264}}
{"target": 12.65, "params": {"d0": 3.5502464856458813, "d1": -9.822251674555094, "d2": 0.8404756904731325, "g0": 0.6238253441983665, "g1": 0.8277219830977735, "g2": -4.840251062408915, "g3": 0.8591217455569693, "g4": 1.1043243606016002, "g5": -0.3606288458143251, "g6": -0.3052524983658703, "g7": 1.686751591234149, "i0": 4.502487506865348, "i1": 0.6920851321462467, "i2": -8.192334557000306, "i3": 1.468606277135632, "i4": 1.2734283543884675, "i5": 0.11897013903294784, "i6": 0.29162211512491454, "i7": 0.9499559741994354, "r0": 2.6046160225931936, "r1": 0.6792192902950855, "r2": -4.432518017174546, "r3": 1.130183293936887, "r4": 1.1371177460626636, "r5": -0.152144924479247, "r6": -0.16906794736136022, "r7": 0.9427495206170816}, "datetime": {"datetime": "2020-01-18 03:38:23", "elapsed": 24690.193592, "delta": 30.856989}}
{"target": 19.2, "params": {"d0": 2.940080616128482, "d1": -6.107800683691824, "d2": 0.8753807779508123, "g0": 1.2452100607006988, "g1": 0.5072920322882011, "g2": -3.564571952091285, "g3": 1.4753386836554707, "g4": 1.1384384169677664, "g5": -0.3560183432329554, "g6": 0.22480705751447383, "g7": 1.4617254322117992, "i0": 0.6865368806395838, "i1": 0.6843185619666649, "i2": -4.243759060651712, "i3": 1.2080529394777868, "i4": 0.9777054468911055, "i5": 0.24265234865775787, "i6": -0.165367434448021, "i7": 1.3273706950533661, "r0": 1.7845793524315683, "r1": 0.7577495342991531, "r2": -5.854400540050342, "r3": 0.9359559445228554, "r4": 0.8920207135357026, "r5": 0.5787456472864434, "r6": 0.9906734302886124, "r7": 1.054954265005642}, "datetime": {"datetime": "2020-01-18 03:38:56", "elapsed": 24722.730865, "delta": 32.537273}}
{"target": 15.1, "params": {"d0": 1.568900187092463, "d1": -1.9767065911349118, "d2": 1.4649899120175227, "g0": 3.797259839359286, "g1": 0.926536825626325, "g2": -9.107142513716513, "g3": 1.3934853484083658, "g4": 1.2919883991760064, "g5": 0.06659555160391695, "g6": 0.7729298457370009, "g7": 1.3200901605113453, "i0": 3.402255959310958, "i1": 0.4511782768319291, "i2": -3.806334168513371, "i3": 0.7734045760010365, "i4": 1.251728886846112, "i5": -0.7755883738869948, "i6": 0.3328765955853935, "i7": 1.0124956863119783, "r0": 4.828282600980736, "r1": 0.4990786462974879, "r2": -0.15130514485003133, "r3": 1.1670083261913318, "r4": 1.0495702187319194, "r5": -0.16819946936443608, "r6": 0.7947747418974707, "r7": 1.2707420579961557}, "datetime": {"datetime": "2020-01-18 03:39:36", "elapsed": 24762.918836, "delta": 40.187971}}
{"target": 9.9, "params": {"d0": 3.6438514020413013, "d1": -8.908501597017754, "d2": 1.312735785347405, "g0": 3.6350729991541835, "g1": 0.7667085112046392, "g2": -0.531455160067889, "g3": 0.790662331766738, "g4": 0.8992807025774759, "g5": -0.6747897734847735, "g6": 0.04323177103498732, "g7": 1.416505506313928, "i0": 2.6101288654084924, "i1": 0.322201555848762, "i2": -0.9095840253907905, "i3": 1.2120882979087608, "i4": 1.1807234701345375, "i5": -0.16586347858080974, "i6": 0.9690736890275977, "i7": 1.1672895061543591, "r0": 4.7051053117928925, "r1": 0.6789884181988092, "r2": -4.674394726147018, "r3": 1.062744602624748, "r4": 0.9663997040283652, "r5": 0.2422133508200095, "r6": -0.3420168027804393, "r7": 1.1787292267304217}, "datetime": {"datetime": "2020-01-18 03:40:12", "elapsed": 24798.869131, "delta": 35.950295}}
{"target": 17.95, "params": {"d0": 4.648955740486964, "d1": -7.936984062814565, "d2": 1.3539615651344643, "g0": 1.748739118964292, "g1": 0.7317485341940879, "g2": -9.824144974101404, "g3": 1.2539292369855963, "g4": 0.989595323725903, "g5": 0.4533369863966634, "g6": 0.29989619520628374, "g7": 1.9065541808934903, "i0": 0.49025009948262865, "i1": 0.5230967659809692, "i2": -5.561850609483541, "i3": 1.33911391697587, "i4": 1.1564892947065495, "i5": 0.13774029503790852, "i6": 0.6036436928661186, "i7": 1.525783718450799, "r0": 2.793192204568156, "r1": 0.5527559655755627, "r2": -0.5451857872029624, "r3": 0.9708763254931518, "r4": 1.0462766496769704, "r5": -0.5519324262788263, "r6": -0.4748277844973911, "r7": 1.4901265821975613}, "datetime": {"datetime": "2020-01-18 03:40:42", "elapsed": 24829.229114, "delta": 30.359983}}
{"target": 14.5, "params": {"d0": 3.8075295713754476, "d1": -0.6973480448699334, "d2": 0.8950257641764425, "g0": 3.662195853759994, "g1": 0.7083234762641373, "g2": -5.035070104359805, "g3": 0.9392264132520518, "g4": 1.256668848989198, "g5": 0.6928902243324102, "g6": -0.3998468790637271, "g7": 1.5309475428641766, "i0": 4.4019603788512525, "i1": 0.975275806701713, "i2": -0.2221425294817223, "i3": 1.0034616578241424, "i4": 1.258431515051009, "i5": -0.5158256485649071, "i6": -0.24770212214058424, "i7": 1.2983501474703916, "r0": 0.48501013375562896, "r1": 0.990932136987217, "r2": -3.2017905401419977, "r3": 1.135092325775539, "r4": 1.2648835757095354, "r5": 0.7959588135379452, "r6": 0.7172063102151944, "r7": 1.012565580303034}, "datetime": {"datetime": "2020-01-18 03:41:19", "elapsed": 24866.067995, "delta": 36.838881}}
{"target": 8.8, "params": {"d0": 0.40586494529147976, "d1": -5.857511862731672, "d2": 1.1438019423678634, "g0": 3.334801768844854, "g1": 0.7941183349668649, "g2": -3.448768105766675, "g3": 0.9653663536166381, "g4": 1.193613028877977, "g5": -0.441506659278034, "g6": -0.11777632378737285, "g7": 1.2852865277230765, "i0": 2.227644057991392, "i1": 0.46996163534316815, "i2": -0.9177103049559818, "i3": 0.7171878651509321, "i4": 1.239202050214532, "i5": 0.23982831606288602, "i6": 0.13683861424247534, "i7": 1.1786265103704563, "r0": 4.315322275000437, "r1": 0.9800834914250581, "r2": -7.211896583663949, "r3": 1.4687117897389077, "r4": 0.9547954630388975, "r5": 0.25999692376938577, "r6": 0.7035510617891214, "r7": 1.344170541740854}, "datetime": {"datetime": "2020-01-18 03:42:15", "elapsed": 24921.608795, "delta": 55.5408}}
{"target": 20.05, "params": {"d0": 4.905860496866336, "d1": -6.570653517378423, "d2": 0.7877346051307583, "g0": 0.7876889242639817, "g1": 0.08241107404637038, "g2": -3.833861109604425, "g3": 1.182798660094252, "g4": 0.973286328722663, "g5": -0.17925187444177193, "g6": 0.39366662180741363, "g7": 1.4598665994931035, "i0": 3.5965332959002563, "i1": 0.5669788409929658, "i2": -2.33922309314209, "i3": 1.3940212121105444, "i4": 0.9246500975511494, "i5": -0.5472992931092533, "i6": -0.0305729130217407, "i7": 1.328124341129914, "r0": 1.0237238542694915, "r1": 0.5702596551319961, "r2": -3.784703000107924, "r3": 1.025650830148649, "r4": 1.0221398918140996, "r5": -0.7801226520948229, "r6": 0.049853238810676714, "r7": 1.1611498528854207}, "datetime": {"datetime": "2020-01-18 03:42:53", "elapsed": 24959.506079, "delta": 37.897284}}
{"target": 11.4, "params": {"d0": 0.011709515398082848, "d1": -1.630975508436169, "d2": 1.1706387210170541, "g0": 4.271177197029127, "g1": 0.5800849318907284, "g2": -9.974823344267984, "g3": 1.1506134830011185, "g4": 1.2408829852462866, "g5": -0.7556128162873448, "g6": -0.13994003323172666, "g7": 0.9862738877307938, "i0": 1.4825007754850823, "i1": 0.8486382733879176, "i2": -7.45870569739754, "i3": 1.1486251956498958, "i4": 0.9860427041679576, "i5": 0.5612606987726183, "i6": 0.27482525978202954, "i7": 1.0715402635014386, "r0": 0.4845670893061832, "r1": 0.06042013520877132, "r2": -7.4608214768610015, "r3": 0.7797845003441269, "r4": 0.992680785598247, "r5": 0.25035081997927966, "r6": -0.20433441879272435, "r7": 1.7205357869122793}, "datetime": {"datetime": "2020-01-18 03:43:31", "elapsed": 24998.215067, "delta": 38.708988}}
{"target": 16.75, "params": {"d0": 4.757174663717284, "d1": -2.2248076262481433, "d2": 1.3827917322361032, "g0": 2.8830473435400465, "g1": 0.04385281278341757, "g2": -4.732096931744944, "g3": 1.1804879104242654, "g4": 1.2026515743110056, "g5": 0.06072753529042829, "g6": 0.5878846593016087, "g7": 1.7967662158300846, "i0": 2.8777508535248804, "i1": 0.5646648187367553, "i2": -1.0397700047165497, "i3": 1.1407247705154597, "i4": 0.8139917570562105, "i5": -0.26442414847481643, "i6": 0.6248566958746318, "i7": 1.8519701402072561, "r0": 3.8431813135503443, "r1": 0.7327136814870376, "r2": -6.767411285147517, "r3": 1.3086824787535154, "r4": 0.9540257557367172, "r5": 0.03756031694998119, "r6": 0.7218827949759912, "r7": 1.7712523126913062}, "datetime": {"datetime": "2020-01-18 03:44:04", "elapsed": 25030.702892, "delta": 32.487825}}
{"target": 11.05, "params": {"d0": 1.0108665142572726, "d1": -3.453980824877764, "d2": 1.3507901436488994, "g0": 2.0387358546721526, "g1": 0.43676641489546764, "g2": -0.639395719021314, "g3": 0.8801976393484471, "g4": 1.011404631647318, "g5": 0.22271020961733878, "g6": 0.006489073829529124, "g7": 1.3004956721376786, "i0": 0.7122529036600611, "i1": 0.4018840646795453, "i2": -9.326045172136805, "i3": 1.3985567504086664, "i4": 0.81876897634226, "i5": -0.3328904737369806, "i6": 0.8828389387646147, "i7": 1.7452509487804333, "r0": 4.691690877011664, "r1": 0.05406052007288298, "r2": -4.572248963287851, "r3": 0.8930059776747062, "r4": 1.1628786291765563, "r5": 0.7531600303165236, "r6": 0.6360011129730856, "r7": 1.0313010149136568}, "datetime": {"datetime": "2020-01-18 03:44:51", "elapsed": 25077.436152, "delta": 46.73326}}
{"target": 5.95, "params": {"d0": 3.0500627252012165, "d1": -7.557205736636586, "d2": 1.2707374358702812, "g0": 4.231068564091214, "g1": 0.10464772888970131, "g2": -7.371837200453314, "g3": 0.958504878310371, "g4": 1.2359791758913576, "g5": 0.5724436435775015, "g6": -0.4006109164858424, "g7": 1.4142877915588836, "i0": 1.7974265318348253, "i1": 0.3087071125840477, "i2": -4.169321026882418, "i3": 1.1004550492286862, "i4": 0.8241562062213796, "i5": 0.7908797760152211, "i6": 0.6966432707313872, "i7": 1.426240531330151, "r0": 4.297619203599081, "r1": 0.9973143475566902, "r2": -1.4027907606398564, "r3": 0.9902066310670938, "r4": 0.9889367586688997, "r5": 0.7226761313475045, "r6": 0.33440180618251447, "r7": 1.0367912850356051}, "datetime": {"datetime": "2020-01-18 03:45:27", "elapsed": 25113.781039, "delta": 36.344887}}
{"target": 8.15, "params": {"d0": 0.8635161082679244, "d1": -5.375631882941898, "d2": 1.2747205970544337, "g0": 2.6043835456858484, "g1": 0.7795365657697306, "g2": -2.5606863826008723, "g3": 0.944367550071482, "g4": 0.8717386800333536, "g5": -0.6102677199896793, "g6": 0.1587298993964672, "g7": 1.0883984462368856, "i0": 1.152440475736956, "i1": 0.9702155149978902, "i2": -5.809305399221242, "i3": 0.7467799854738951, "i4": 1.0570543485741783, "i5": -0.41594323285613144, "i6": -0.17299470955909568, "i7": 1.990674222198686, "r0": 3.347640909812857, "r1": 0.09931597633897749, "r2": -2.792148642063812, "r3": 1.1083937281704705, "r4": 0.9429659197045922, "r5": 0.28466797225974716, "r6": -0.11782483986145487, "r7": 1.883605821029535}, "datetime": {"datetime": "2020-01-18 03:46:14", "elapsed": 25160.286565, "delta": 46.505526}}
{"target": 15.75, "params": {"d0": 4.5852632852446344, "d1": -5.836733920308529, "d2": 1.1097855931794527, "g0": 3.242644350306617, "g1": 0.9259214661674964, "g2": -0.9324520689901536, "g3": 0.9639637805006921, "g4": 1.202069380639088, "g5": -0.5972902919220936, "g6": 0.8686867978544601, "g7": 1.546586032698824, "i0": 1.9901807243001297, "i1": 0.33822447318634385, "i2": -1.7833736771092976, "i3": 0.7836612252386495, "i4": 1.2429901817884288, "i5": -0.7705209662518494, "i6": -0.46323014227008547, "i7": 1.8699144201994167, "r0": 1.002510104096808, "r1": 0.4509707722892169, "r2": -6.24394434311482, "r3": 0.8790158416173134, "r4": 1.2689515748117632, "r5": 0.3900089410104228, "r6": -0.13816470384188928, "r7": 0.9036460755963357}, "datetime": {"datetime": "2020-01-18 03:46:48", "elapsed": 25194.410215, "delta": 34.12365}}
{"target": 15.5, "params": {"d0": 2.2106544017421355, "d1": -4.893260595711313, "d2": 1.3130922417635953, "g0": 1.7606397229570208, "g1": 0.18352870671092691, "g2": -3.4678385221616272, "g3": 1.0911262495718075, "g4": 1.198489955710372, "g5": 0.47202223981395064, "g6": 0.8577118455717905, "g7": 0.9366087198259373, "i0": 3.7961092332853976, "i1": 0.9011916652297369, "i2": -7.193793248964249, "i3": 1.1021662195022721, "i4": 0.8151823178042426, "i5": -0.23550708136549425, "i6": 0.24146388608706815, "i7": 1.8246199689169424, "r0": 4.955776237297506, "r1": 0.8622988403266113, "r2": -4.9273419920244415, "r3": 0.74112184466739, "r4": 1.0951114347831605, "r5": -0.08560199115303635, "r6": -0.03933732501423981, "r7": 1.0040247894469116}, "datetime": {"datetime": "2020-01-18 03:47:20", "elapsed": 25226.655287, "delta": 32.245072}}
{"target": 13.5, "params": {"d0": 0.37986246799795953, "d1": -4.187596794005842, "d2": 1.2039511332161108, "g0": 1.7497123194037552, "g1": 0.8418526142501589, "g2": -8.993207562817046, "g3": 1.465488783926143, "g4": 0.9312972020723559, "g5": -0.14548515683584762, "g6": 0.3402501776251745, "g7": 0.9096634887981624, "i0": 0.766672828890525, "i1": 0.4993623808600737, "i2": -6.272155169356777, "i3": 1.1672293309600037, "i4": 1.255675438490526, "i5": 0.5296708630293288, "i6": 0.5278915395795152, "i7": 1.0773176190138305, "r0": 1.948292219211899, "r1": 0.48797781110008265, "r2": -4.245539968983881, "r3": 1.310471437531058, "r4": 0.971832720771975, "r5": 0.10248686128649953, "r6": 0.520201669297244, "r7": 1.5980704331668687}, "datetime": {"datetime": "2020-01-18 03:48:07", "elapsed": 25273.948981, "delta": 47.293694}}
{"target": 8.5, "params": {"d0": 2.7289483732795756, "d1": -0.2824543855978945, "d2": 1.2949436158879473, "g0": 3.146853666926594, "g1": 0.7991186505517277, "g2": -9.074011749628696, "g3": 0.8675565951101034, "g4": 0.8923887908229571, "g5": -0.2731022730043108, "g6": 0.19662038490202327, "g7": 1.019026387588152, "i0": 1.769408468746993, "i1": 0.22448966800296288, "i2": -2.0203911985009073, "i3": 0.7714732588320599, "i4": 1.0266990977930153, "i5": 0.253658499502077, "i6": 0.838112137558267, "i7": 1.4698587807087717, "r0": 2.9492925390634777, "r1": 0.8665089676429901, "r2": -4.241872860011741, "r3": 0.8308499997076965, "r4": 1.1289945382610531, "r5": 0.4217580647595305, "r6": 0.49978791308453774, "r7": 1.5843296592918603}, "datetime": {"datetime": "2020-01-18 03:48:49", "elapsed": 25315.788272, "delta": 41.839291}}
