{"target": 19.9, "params": {"d0": 2.2743080817776056, "d1": -2.0396748134205476, "d2": 0.9602912151923779, "g0": 0.3907238522835671, "g1": 0.026044603551296674, "g2": -7.0936227609183025, "g3": 1.2690845841954779, "g4": 0.9583062645002391, "g5": 0.2710338324682984, "g6": 0.18223401845156584, "g7": 1.1850829027929706, "i0": 2.786035775043054, "i1": 0.12078516765860281, "i2": -4.936916707649476, "i3": 0.8920902170014595, "i4": 1.0414305131016568, "i5": 0.30433537788961385, "i6": 0.6549675968904867, "i7": 1.3705397046506618, "r0": 1.7863305210468072, "r1": 0.44995096654980393, "r2": -7.7890106006692275, "r3": 1.423464433707734, "r4": 0.997545321328125, "r5": 0.3653201810924682, "r6": 0.517234288395191, "r7": 1.364399484837365}, "datetime": {"datetime": "2020-01-19 06:58:38", "elapsed": 54356.95307, "delta": 48.104683}}
{"target": 21.25, "params": {"d0": 3.716977840268546, "d1": -1.5089566025483787, "d2": 0.9654185292733085, "g0": 0.504320087523862, "g1": 0.5593140224617601, "g2": -4.469162699493148, "g3": 1.245965012392523, "g4": 0.9829940435120023, "g5": -0.07801065990386519, "g6": 0.16076280205625842, "g7": 1.4542783679568, "i0": 3.850075131012808, "i1": 0.6083665470383854, "i2": -6.431082134578792, "i3": 1.0134866364100839, "i4": 1.0029153862866227, "i5": -0.005856946068072522, "i6": 0.15910295532985733, "i7": 1.4885548545657967, "r0": 3.156022706198229, "r1": 0.46004361626134177, "r2": -8.568655794177925, "r3": 1.1093476333261054, "r4": 1.0907170156863255, "r5": 0.3075835905660187, "r6": 0.26704284986143023, "r7": 1.4960864078602456}, "datetime": {"datetime": "2020-01-19 06:59:31", "elapsed": 54410.869193, "delta": 53.916123}}
{"target": 20.15, "params": {"d0": 3.4270568492216253, "d1": -7.060890877013666, "d2": 0.8608870723846742, "g0": 1.1691960620667816, "g1": 0.5390962070563288, "g2": -3.046221901941697, "g3": 1.1209414759809804, "g4": 1.1796885670985768, "g5": -0.5489978780620192, "g6": 0.6276405314258097, "g7": 1.3317646858120276, "i0": 2.9136592590427717, "i1": 0.8137941045263506, "i2": -7.466482536684287, "i3": 1.181272907334094, "i4": 0.9269443941767982, "i5": -0.2843573132385654, "i6": -0.10605602894581354, "i7": 1.744010394221738, "r0": 0.28495658026905885, "r1": 0.45447807120706857, "r2": -1.3973955541085794, "r3": 1.0269924661914804, "r4": 0.9297498510154337, "r5": 0.3990701184325195, "r6": 0.6663133016034274, "r7": 1.5994388792070022}, "datetime": {"datetime": "2020-01-19 07:00:21", "elapsed": 54460.586061, "delta": 49.716868}}
{"target": 20.05, "params": {"d0": 2.627500837803983, "d1": -6.040180788588849, "d2": 1.095684041125786, "g0": 0.08749794737501754, "g1": 0.45179723199404653, "g2": -4.576330809470178, "g3": 1.4259472909364461, "g4": 1.0069134289409771, "g5": -0.4745408998783557, "g6": 0.4718143131526555, "g7": 1.7581301997388348, "i0": 2.292029482703225, "i1": 0.6171963936723467, "i2": -4.205245210941565, "i3": 1.2169470834357596, "i4": 1.0589772664400086, "i5": 0.012249195275468328, "i6": -0.17105188344919203, "i7": 1.396658393828099, "r0": 2.5513155181253575, "r1": 0.4252906854262204, "r2": -2.080004230735877, "r3": 1.2033787341175939, "r4": 0.9394624017272738, "r5": 0.34159080299882116, "r6": 0.43892588701886737, "r7": 1.3872235393742436}, "datetime": {"datetime": "2020-01-19 07:01:22", "elapsed": 54521.143865, "delta": 60.557804}}
{"target": 21.25, "params": {"d0": 3.5964839618510527, "d1": -1.5428771043935743, "d2": 0.880744994147369, "g0": 0.5807614395977333, "g1": 0.623664388842339, "g2": -4.603787625030375, "g3": 1.1277563787890565, "g4": 1.2114363998794346, "g5": 0.053934024032523925, "g6": 0.2593529463600029, "g7": 1.4249632627902291, "i0": 3.9642281224888474, "i1": 0.7115264966478548, "i2": -6.670265353742942, "i3": 0.7941540498513565, "i4": 1.1553542414947418, "i5": -0.04313339882537485, "i6": 0.053586721511018655, "i7": 1.5748122429690394, "r0": 2.445219452815865, "r1": 0.33447565261625795, "r2": -8.8346084291468, "r3": 1.0768716663838147, "r4": 0.9787864585754952, "r5": 0.5592302878032661, "r6": 0.22796072332681194, "r7": 1.5323936906920474}, "datetime": {"datetime": "2020-01-19 07:02:12", "elapsed": 54571.848664, "delta": 50.704799}}
{"target": 19.35, "params": {"d0": 2.740405546427124, "d1": -2.024778448745935, "d2": 0.8910800187038248, "g0": 0.24958736591292321, "g1": 0.406007506058025, "g2": -6.737509482357357, "g3": 1.1907058184144856, "g4": 1.0169290426295694, "g5": 0.09880012202430687, "g6": 0.30433684323791443, "g7": 1.2856983557789172, "i0": 2.4416519737553823, "i1": 0.3846463870251807, "i2": -4.53697180872241, "i3": 1.042186218028937, "i4": 1.034627796874965, "i5": 0.2650296817634864, "i6": 0.35916444933426017, "i7": 1.6422441658357, "r0": 1.3574162982976867, "r1": 0.4544911973734414, "r2": -8.049333853252087, "r3": 1.28097814966985, "r4": 1.1339371727656438, "r5": 0.19567076766443217, "r6": 0.2809494445761232, "r7": 1.5214407815739834}, "datetime": {"datetime": "2020-01-19 07:03:06", "elapsed": 54625.638501, "delta": 53.789837}}
{"target": 19.9, "params": {"d0": 3.3514746957608854, "d1": -1.4988921456313087, "d2": 0.9611190951173515, "g0": 0.42142257969687247, "g1": 0.6405793479515164, "g2": -5.201654640528318, "g3": 1.0446050636688908, "g4": 1.0279709355044544, "g5": 0.09786175899962725, "g6": 0.2211160653380277, "g7": 1.7967215880126695, "i0": 3.187077320497817, "i1": 0.5557472857372985, "i2": -6.645964556419682, "i3": 1.012029998290343, "i4": 1.0405990620346592, "i5": -0.03679866835030432, "i6": 0.047768204254820784, "i7": 1.5817752386976838, "r0": 3.7484329383775807, "r1": 0.6040549335848444, "r2": -8.64205251375738, "r3": 1.0538041746461928, "r4": 1.1070694186249472, "r5": 0.40882569946709063, "r6": -0.00992261098177405, "r7": 1.4542240229140386}, "datetime": {"datetime": "2020-01-19 07:03:58", "elapsed": 54677.525703, "delta": 51.887202}}
{"target": 20.05, "params": {"d0": 3.780822909157169, "d1": -1.489889978893252, "d2": 0.928118057587698, "g0": 0.5566984148729964, "g1": 0.5349001860348072, "g2": -4.452043892079231, "g3": 1.2403076568968265, "g4": 1.0461383381032643, "g5": -0.006738941472420931, "g6": 0.20625314969238157, "g7": 1.4504161564771527, "i0": 3.9441227696368912, "i1": 0.6237685293088152, "i2": -6.519103480069871, "i3": 1.005268327805197, "i4": 1.0272783733981246, "i5": -0.10518805635270362, "i6": 0.19243612794968576, "i7": 1.527728836395417, "r0": 2.881398776885684, "r1": 0.40152845585490676, "r2": -8.507837507438598, "r3": 1.0296185871526256, "r4": 1.033654476924719, "r5": 0.2994707909316668, "r6": 0.25145337473923535, "r7": 1.4705143384517665}, "datetime": {"datetime": "2020-01-19 07:04:57", "elapsed": 54736.811706, "delta": 59.286003}}
{"target": 20.8, "params": {"d0": 2.459273909714649, "d1": -2.477927646408632, "d2": 0.8281201142263629, "g0": 0.1702609481650642, "g1": 0.3476249109691794, "g2": -6.986570144171371, "g3": 1.1447948077154575, "g4": 0.9613556198940874, "g5": 0.046929890154161165, "g6": 0.1410492779825134, "g7": 1.0612081819303358, "i0": 3.0649383299684416, "i1": 0.25223923401771614, "i2": -5.6005657819227554, "i3": 1.1103533669491208, "i4": 1.001248232532327, "i5": 0.07610073571370374, "i6": 0.529765524607087, "i7": 1.6324239914066085, "r0": 1.8667169458591264, "r1": 0.3784700189483433, "r2": -7.637111153623044, "r3": 1.321152010301459, "r4": 1.199972160321313, "r5": 0.14944804097254896, "r6": 0.34095281648802483, "r7": 1.5661744705228353}, "datetime": {"datetime": "2020-01-19 07:05:54", "elapsed": 54793.630569, "delta": 56.818863}}
{"target": 19.55, "params": {"d0": 2.5229442846802663, "d1": -1.6188869262243644, "d2": 1.1953287838450626, "g0": 1.165502261718832, "g1": 0.5491145995212423, "g2": -4.7908863962042485, "g3": 1.4196416401441179, "g4": 1.0581953109769293, "g5": -0.25392386384030957, "g6": 0.6980267681356771, "g7": 1.2877421392155313, "i0": 1.8076348553041544, "i1": 0.9984379720865476, "i2": -3.5713618494710775, "i3": 1.3707815639478012, "i4": 1.141793432647174, "i5": 0.6062003451931257, "i6": -0.06843811549075275, "i7": 1.1486522952092328, "r0": 3.905701612047091, "r1": 0.9554071955838261, "r2": -5.825407272188158, "r3": 1.0348699508257937, "r4": 0.9660452931530276, "r5": 0.43598376727704097, "r6": 0.6365498120202283, "r7": 1.5363340632634854}, "datetime": {"datetime": "2020-01-19 07:06:49", "elapsed": 54848.137524, "delta": 54.506955}}
{"target": 20.05, "params": {"d0": 2.472499975857747, "d1": -2.5337618697200726, "d2": 0.7826404624299309, "g0": 0.12324222434063646, "g1": 0.4782207348651342, "g2": -6.968417288050763, "g3": 1.0875088204418726, "g4": 1.0153944849648675, "g5": -0.020252303541605555, "g6": 0.13637742964181412, "g7": 1.0466011669671285, "i0": 3.030104624803091, "i1": 0.2818890902334308, "i2": -5.672890270299434, "i3": 1.0724369401848326, "i4": 0.9695443109119445, "i5": 0.10803245337421141, "i6": 0.37011112724123013, "i7": 1.5530291398418488, "r0": 1.8339435402909732, "r1": 0.4889990003363952, "r2": -7.659373519399762, "r3": 1.2999787844804003, "r4": 1.188414380325484, "r5": 0.022211766635604216, "r6": 0.3917560695414319, "r7": 1.570602902132206}, "datetime": {"datetime": "2020-01-19 07:07:43", "elapsed": 54902.811693, "delta": 54.674169}}
{"target": 21.0, "params": {"d0": 3.116814727913127, "d1": -8.821041760833769, "d2": 0.8649941730579432, "g0": 0.8084370360042216, "g1": 0.47925830446549517, "g2": -5.302353040539572, "g3": 1.3992665857206652, "g4": 1.1509314321467086, "g5": -0.3693303746495008, "g6": 0.08119545676953561, "g7": 1.6961681740183714, "i0": 4.379881330203345, "i1": 0.7090398400203014, "i2": -5.592960960046717, "i3": 1.132825113250162, "i4": 1.0629233173723884, "i5": 0.07878273736911634, "i6": -0.24361839245017367, "i7": 1.7757321641385748, "r0": 1.7583796541110839, "r1": 0.7421640136986805, "r2": -1.7304163725048016, "r3": 1.316937422604935, "r4": 0.9579938195447183, "r5": -0.4099011350578702, "r6": 0.14081996339653355, "r7": 1.4287461787502758}, "datetime": {"datetime": "2020-01-19 07:08:31", "elapsed": 54950.063733, "delta": 47.25204}}
{"target": 19.65, "params": {"d0": 2.5083869502159213, "d1": -2.539670708770787, "d2": 0.8205131645044371, "g0": 0.24713674160514879, "g1": 0.39991804088798666, "g2": -7.001414428490288, "g3": 1.1735324038023307, "g4": 0.9324666554379958, "g5": 0.03112761999457313, "g6": 0.055990622430528623, "g7": 1.0499665160889347, "i0": 3.1140485700736424, "i1": 0.3557168738722072, "i2": -5.543630603595074, "i3": 1.1136223192984187, "i4": 0.9523381491196936, "i5": 0.0490591510930506, "i6": 0.5140089870293927, "i7": 1.7601136665112362, "r0": 1.9666085493587713, "r1": 0.3026482315149736, "r2": -7.704951131420964, "r3": 1.2671187948723353, "r4": 1.2425277544933764, "r5": 0.0726083899643564, "r6": 0.21501310200621032, "r7": 1.636221739338763}, "datetime": {"datetime": "2020-01-19 07:09:28", "elapsed": 55007.481685, "delta": 57.417952}}
{"target": 20.2, "params": {"d0": 3.659074021037433, "d1": -1.6119694078468225, "d2": 1.0319430458584093, "g0": 0.5587766232488232, "g1": 0.5440133275826845, "g2": -4.5450330206471845, "g3": 1.1012374842644739, "g4": 1.1189434067465949, "g5": 0.09585325208959238, "g6": 0.23436232289035688, "g7": 1.4769077151971637, "i0": 3.9630043704282487, "i1": 0.7012315041710829, "i2": -6.666004024845778, "i3": 0.8302222927612674, "i4": 1.06266815459081, "i5": -0.011590774332862562, "i6": 0.12468714986921114, "i7": 1.522064844494498, "r0": 2.449002083936327, "r1": 0.37845262112743433, "r2": -8.875737907416845, "r3": 1.0061163585539579, "r4": 1.043749866538355, "r5": 0.5077917006937903, "r6": 0.2608440941039335, "r7": 1.5110726592229602}, "datetime": {"datetime": "2020-01-19 07:10:28", "elapsed": 55067.161679, "delta": 59.679994}}
{"target": 19.8, "params": {"d0": 3.095857394410523, "d1": -7.989205631000054, "d2": 0.9232259696128471, "g0": 0.44844595996572206, "g1": 0.24711327406229042, "g2": -5.2053271814742565, "g3": 1.4135220906367303, "g4": 1.1670971607754488, "g5": -0.4236868233403475, "g6": 0.4311531450215415, "g7": 1.6057753050518382, "i0": 3.1624181732458503, "i1": 0.6784612421065604, "i2": -5.520241607229743, "i3": 1.1474204452244319, "i4": 1.065120498709834, "i5": -0.009785878705948901, "i6": -0.09759162992258746, "i7": 1.6172779028034328, "r0": 2.1035437602940066, "r1": 0.543663504897137, "r2": -2.655912048767371, "r3": 1.0083271559243165, "r4": 0.9493638346501523, "r5": -0.12999524183330902, "r6": 0.20618280885596946, "r7": 1.5447804033989925}, "datetime": {"datetime": "2020-01-19 07:11:27", "elapsed": 55126.372438, "delta": 59.210759}}
{"target": 20.3, "params": {"d0": 3.497335635946506, "d1": -1.5453147061308634, "d2": 0.8975964774175024, "g0": 0.6225171749169777, "g1": 0.5734158939045044, "g2": -4.51436962892287, "g3": 1.1766073856008559, "g4": 1.1886932749741994, "g5": 0.05078389682155789, "g6": 0.1596525958055736, "g7": 1.4437745461912688, "i0": 3.999242202177892, "i1": 0.6278961643391634, "i2": -6.55705164982578, "i3": 0.8699351302872209, "i4": 1.1069179679350523, "i5": -0.10889369431867492, "i6": 0.08577575530516555, "i7": 1.5672213234597028, "r0": 2.490897347486445, "r1": 0.315483133567565, "r2": -8.77328339611472, "r3": 1.1805409863094913, "r4": 0.9372730410936049, "r5": 0.5664745515789102, "r6": 0.22522823828317273, "r7": 1.6409595129010648}, "datetime": {"datetime": "2020-01-19 07:12:20", "elapsed": 55179.364491, "delta": 52.992053}}
{"target": 18.45, "params": {"d0": 3.9570536520942263, "d1": -1.637782509744099, "d2": 1.2338036919721502, "g0": 0.06824948872929892, "g1": 0.7182953400792604, "g2": -6.7883477999241935, "g3": 1.0792669338716783, "g4": 0.8106446338566792, "g5": 0.2174694082645483, "g6": 0.6444481713603418, "g7": 1.7005393974142229, "i0": 4.9718180657135145, "i1": 0.1662472772109228, "i2": -6.479866747595889, "i3": 0.7153718104079184, "i4": 0.910509287144633, "i5": 0.21753724264532548, "i6": 0.062387751353242926, "i7": 1.7254016013391387, "r0": 1.3329682998170163, "r1": 0.03354413229382536, "r2": -8.81925038063894, "r3": 0.8879293657587861, "r4": 1.122888228112979, "r5": 0.5904502428202123, "r6": -0.018880622923649892, "r7": 1.371540413131631}, "datetime": {"datetime": "2020-01-19 07:13:10", "elapsed": 55229.577648, "delta": 50.213157}}
{"target": 20.5, "params": {"d0": 4.676854448243012, "d1": -1.0412971868814254, "d2": 0.7849192570334639, "g0": 0.8788734097054305, "g1": 0.24799522470013743, "g2": -2.8494799394799224, "g3": 1.3848473225261528, "g4": 1.057807203684488, "g5": -0.34645312341837387, "g6": 0.1123952668089149, "g7": 1.0482917027005993, "i0": 4.623619113345665, "i1": 0.7746403228300813, "i2": -5.129104340238741, "i3": 1.0801571564351153, "i4": 0.8549193554846737, "i5": -0.3593676852256761, "i6": -0.3216121971263894, "i7": 1.7076556263962472, "r0": 2.6169129189972193, "r1": 0.24901882207536935, "r2": -7.923101790044661, "r3": 0.8829578602049082, "r4": 0.9672386138285038, "r5": -0.1357523401631675, "r6": -0.03159342148222993, "r7": 1.5583170622689042}, "datetime": {"datetime": "2020-01-19 07:13:59", "elapsed": 55278.682882, "delta": 49.105234}}
{"target": 20.05, "params": {"d0": 3.125211398598562, "d1": -8.129432761239404, "d2": 1.0712153442217809, "g0": 0.3566855109877317, "g1": 0.4282083749689285, "g2": -5.301845652803632, "g3": 1.2539487740199078, "g4": 1.0074293115634114, "g5": -0.3001860440457745, "g6": 0.40461386679148, "g7": 1.5579943835673782, "i0": 3.0843169694881403, "i1": 0.7123154232496777, "i2": -5.430012125045304, "i3": 1.0570391657169742, "i4": 1.0340992112783194, "i5": 0.0007919857279022837, "i6": -0.1146795607222801, "i7": 1.606106629744829, "r0": 1.993463732994332, "r1": 0.4075168461220159, "r2": -2.5624179310593, "r3": 1.1805833783953716, "r4": 1.00561287474132, "r5": 0.00040892166823979317, "r6": 0.3138699596447256, "r7": 1.4572448084986847}, "datetime": {"datetime": "2020-01-19 07:14:50", "elapsed": 55329.288718, "delta": 50.605836}}
{"target": 17.8, "params": {"d0": 3.1567214182617818, "d1": -1.3405345894446423, "d2": 0.9733644620701878, "g0": 0.689818349144381, "g1": 0.40669987803371366, "g2": -7.515525437698702, "g3": 1.1810537227572755, "g4": 0.8228684059808333, "g5": 0.4238742412723049, "g6": -0.062213319151366575, "g7": 1.6382779319178749, "i0": 3.869534829638264, "i1": 0.1688797350794542, "i2": -7.064208911207287, "i3": 1.3933170943549305, "i4": 1.288666468625416, "i5": -0.7096027410958691, "i6": 0.4214048488917166, "i7": 1.6600809622979975, "r0": 0.9185280103726451, "r1": 0.5170943995346761, "r2": -8.470354585455993, "r3": 0.78383435686847, "r4": 1.0608607624503519, "r5": 0.20115860573804745, "r6": 0.03528258865922873, "r7": 1.6630816243747832}, "datetime": {"datetime": "2020-01-19 07:15:39", "elapsed": 55378.671064, "delta": 49.382346}}
{"target": 18.0, "params": {"d0": 4.305171744733298, "d1": -1.9513162771892816, "d2": 0.8103230726953032, "g0": 1.027418740246766, "g1": 0.8274606783298134, "g2": -4.754027752425101, "g3": 0.7758806352301818, "g4": 1.0343089879927276, "g5": 0.3481328852425114, "g6": 0.7168908451154063, "g7": 1.5775671319536766, "i0": 3.3114711346169945, "i1": 0.28569138453013787, "i2": -6.204568773704731, "i3": 1.1191019122063983, "i4": 1.2561884675857788, "i5": -0.029727733237424614, "i6": 0.7909627621129816, "i7": 1.5911000296023803, "r0": 1.600828345943489, "r1": 0.16300391104124723, "r2": -8.049568592609635, "r3": 1.1103327768185955, "r4": 0.8074157603348191, "r5": 0.6285046504721465, "r6": 0.13465092881937013, "r7": 1.656333829369682}, "datetime": {"datetime": "2020-01-19 07:16:30", "elapsed": 55429.706229, "delta": 51.035165}}
{"target": 21.05, "params": {"d0": 3.596900065326363, "d1": -1.4607729939000866, "d2": 0.9742625349104662, "g0": 0.5285104746239685, "g1": 0.6399014527641489, "g2": -4.599023380396845, "g3": 1.2124128447157743, "g4": 0.9314167423198872, "g5": -0.05959378750789372, "g6": 0.1873240525173244, "g7": 1.5364278390322355, "i0": 3.811512453580541, "i1": 0.6564438440749674, "i2": -6.417127291545406, "i3": 1.031393511984385, "i4": 0.9631288285794543, "i5": 0.03068187684989837, "i6": 0.08624977944091364, "i7": 1.4979957923250256, "r0": 3.1794669377546056, "r1": 0.4366834465924779, "r2": -8.79939715387248, "r3": 1.1690343159390413, "r4": 1.1481607159963743, "r5": 0.36629631007757246, "r6": 0.2716176483604778, "r7": 1.5024428646133279}, "datetime": {"datetime": "2020-01-19 07:17:22", "elapsed": 55481.002841, "delta": 51.296612}}
{"target": 19.95, "params": {"d0": 3.0321179444092516, "d1": -8.058636628028733, "d2": 0.9269750550945951, "g0": 0.305408645948624, "g1": 0.41244257781932875, "g2": -5.270534472959475, "g3": 1.3980151877947047, "g4": 0.9446115867692122, "g5": -0.48383453542836546, "g6": 0.5057688488955989, "g7": 1.5879965835707142, "i0": 3.189570251259236, "i1": 0.7067276122259518, "i2": -5.483911028985279, "i3": 1.0759945865494083, "i4": 1.035281594391917, "i5": 0.04176227847886406, "i6": -0.007264699323742288, "i7": 1.6250852495004253, "r0": 2.0072235685225412, "r1": 0.42223362063251474, "r2": -2.6759288427449968, "r3": 1.2027503199266536, "r4": 1.0363129938091786, "r5": -0.18855118002494195, "r6": 0.3367122331622451, "r7": 1.5648193992044344}, "datetime": {"datetime": "2020-01-19 07:18:22", "elapsed": 55541.010113, "delta": 60.007272}}
{"target": 20.7, "params": {"d0": 2.9337995942032364, "d1": -1.73887948437058, "d2": 1.0280047543766482, "g0": 0.4388340353378814, "g1": 0.41403958186031087, "g2": -5.250330076507622, "g3": 1.1237980190345174, "g4": 1.0665374302079673, "g5": 0.10198175246786366, "g6": 0.2816936743219538, "g7": 1.2042937352230598, "i0": 3.2915010186918305, "i1": 0.7073554995514215, "i2": -7.091736492872926, "i3": 0.9337013591034228, "i4": 0.9259018381991565, "i5": 0.1633979372313553, "i6": 0.23639049456273595, "i7": 1.3936816907172485, "r0": 1.1256551880903036, "r1": 0.33195161323204364, "r2": -8.786752900744046, "r3": 1.2171475118461774, "r4": 1.1494490104486683, "r5": 0.5634470727655932, "r6": 0.3722595968939003, "r7": 1.361406948207593}, "datetime": {"datetime": "2020-01-19 07:19:27", "elapsed": 55606.652316, "delta": 65.642203}}
{"target": 7.15, "params": {"d0": 3.764330777861277, "d1": -9.417824474394202, "d2": 1.2640308142697203, "g0": 1.3573837299744325, "g1": 0.051405103237166405, "g2": -4.877355114401912, "g3": 1.175157284863525, "g4": 0.9175091704660143, "g5": -0.28771678945934964, "g6": -0.4294541088958635, "g7": 1.2944851795947607, "i0": 4.1750491601429385, "i1": 0.748090397001452, "i2": -5.751504677298845, "i3": 0.8656702638763349, "i4": 0.9544048398647009, "i5": 0.5442438076408338, "i6": 0.4157145316734254, "i7": 1.7941700296310814, "r0": 1.1719555441473721, "r1": 0.9412990501222321, "r2": -1.9777538542308246, "r3": 1.4736152151371797, "r4": 0.8663210347449328, "r5": -0.4135273510972983, "r6": -0.20079580660191254, "r7": 1.4033689354840106}, "datetime": {"datetime": "2020-01-19 07:20:18", "elapsed": 55657.149739, "delta": 50.497423}}
{"target": 20.35, "params": {"d0": 4.235032667182775, "d1": -0.7075994331473652, "d2": 0.8885848181061551, "g0": 0.5219491408721105, "g1": 0.9679623414175607, "g2": -4.05827626888891, "g3": 0.9845377450389006, "g4": 1.119264142143095, "g5": -0.012096227198587273, "g6": 0.11626755288553259, "g7": 1.6815830975010515, "i0": 4.206086627943623, "i1": 0.3133228808097348, "i2": -6.104548521066605, "i3": 1.1631370968351582, "i4": 0.9344722870124873, "i5": -0.44912648697276725, "i6": 0.23825615935834366, "i7": 1.4288422392181317, "r0": 2.9895035882954053, "r1": 0.046711085760313686, "r2": -8.152049750236936, "r3": 1.0937284423724387, "r4": 0.8230540975036206, "r5": -0.6504753355089277, "r6": -0.09597425514910857, "r7": 0.91612903867551}, "datetime": {"datetime": "2020-01-19 07:21:07", "elapsed": 55706.609666, "delta": 49.459927}}
