{"target": 20.5, "params": {"d0": 3.9107450638171444, "d1": -1.1766707437924213, "d2": 0.9757543815814719, "g0": 0.6627383320379542, "g1": 0.19027192824071906, "g2": -5.278700778729453, "g3": 1.182327700237319, "g4": 1.1369180411179558, "g5": -0.018129850067291734, "g6": 0.2345539695675945, "g7": 1.7350127469620698, "i0": 3.750436801434204, "i1": 0.5830739232301577, "i2": -6.419506058228193, "i3": 0.9976561944455422, "i4": 0.9670609961197394, "i5": -0.37777040765863035, "i6": -0.0004236209647213392, "i7": 1.643033173324636, "r0": 1.8895401774131892, "r1": 0.2695862782635159, "r2": -8.964690956210443, "r3": 1.1690714439710053, "r4": 1.0149284573707058, "r5": 0.4180698575441011, "r6": 0.24140115406211146, "r7": 1.5098623705149041}, "datetime": {"datetime": "2020-01-18 21:24:26", "elapsed": 19905.679628, "delta": 142.74966}}
{"target": 21.1, "params": {"d0": 3.916096243169627, "d1": -1.381403719596264, "d2": 0.9819665877632551, "g0": 0.821431712738361, "g1": 0.3870971160767967, "g2": -5.1986878398847995, "g3": 1.1721528182627468, "g4": 1.1719495880373023, "g5": 0.09765859346165061, "g6": 0.2423013241005608, "g7": 1.6748950019109259, "i0": 3.70581335743076, "i1": 0.6176494272376283, "i2": -6.691027295833573, "i3": 1.0525090081417454, "i4": 1.0602388905393338, "i5": -0.41139279675276347, "i6": 0.12045893714632737, "i7": 1.6707189584729527, "r0": 2.0781505404026346, "r1": 0.27215820778330424, "r2": -8.98263322454933, "r3": 1.1952252488461277, "r4": 1.074138488188154, "r5": 0.3421245405508564, "r6": 0.09565826675315732, "r7": 1.5613062008433278}, "datetime": {"datetime": "2020-01-18 21:26:40", "elapsed": 20039.384413, "delta": 133.704785}}
{"target": 20.5, "params": {"d0": 3.850504890489037, "d1": -1.2606148508999695, "d2": 1.0364606248287995, "g0": 0.6500276965164893, "g1": 0.43966771186830417, "g2": -5.136290107816133, "g3": 1.1257846876296345, "g4": 1.0996703946284316, "g5": 0.10993760992608995, "g6": 0.3596508940407712, "g7": 1.6171269565608029, "i0": 3.749125708241917, "i1": 0.6675789363420738, "i2": -6.532104770965555, "i3": 1.1033128850033973, "i4": 1.066689001920571, "i5": -0.436286311936579, "i6": 0.1259566990474981, "i7": 1.755442872103184, "r0": 1.994110846815477, "r1": 0.24539607511738792, "r2": -8.879193762919146, "r3": 1.2030595660676704, "r4": 1.0345454757459613, "r5": 0.5111986961300229, "r6": 0.17592476776043284, "r7": 1.623032633388748}, "datetime": {"datetime": "2020-01-18 21:28:55", "elapsed": 20174.655286, "delta": 135.270873}}
{"target": 20.7, "params": {"d0": 4.0131287625918075, "d1": -1.309160425142317, "d2": 1.0462580599035918, "g0": 0.810753243123663, "g1": 0.30303348162780763, "g2": -5.094528814907426, "g3": 1.0725721330720026, "g4": 1.1587547439539059, "g5": 0.05552826997355362, "g6": 0.17916222417957767, "g7": 1.668130223907773, "i0": 3.746969778743899, "i1": 0.5596997872993733, "i2": -6.5758509159017375, "i3": 1.0058825457964276, "i4": 1.0119461656998125, "i5": -0.4450046400221776, "i6": 0.08783264376227035, "i7": 1.707873713921386, "r0": 1.9365080017806688, "r1": 0.23606406862181703, "r2": -8.798413570149888, "r3": 1.0864945915041373, "r4": 1.0701634743142836, "r5": 0.22313744629920193, "r6": 0.2012961402857338, "r7": 1.4388397948498641}, "datetime": {"datetime": "2020-01-18 21:30:53", "elapsed": 20291.946508, "delta": 117.291222}}
{"target": 20.0, "params": {"d0": 3.7228036831635234, "d1": -1.174681130016922, "d2": 0.9152642100872731, "g0": 0.7373741315755176, "g1": 0.41436191468749023, "g2": -4.839257364618396, "g3": 1.3270046835579963, "g4": 1.1920264236744997, "g5": -0.022459959866177357, "g6": 0.05167104239023403, "g7": 1.6118967124483732, "i0": 3.912127756916406, "i1": 0.773486518361819, "i2": -6.742232449267784, "i3": 1.017383424998517, "i4": 1.1218973243897186, "i5": -0.007681748037532845, "i6": 0.16699238274830983, "i7": 1.4928091808928965, "r0": 2.4651366772641436, "r1": 0.41434977276802143, "r2": -8.80663502271196, "r3": 1.0627951087579555, "r4": 1.0217989212830367, "r5": 0.4919308236605415, "r6": 0.2514590737247244, "r7": 1.5045583999279433}, "datetime": {"datetime": "2020-01-18 21:33:04", "elapsed": 20423.656894, "delta": 131.710386}}
{"target": 20.9, "params": {"d0": 3.4641365218381575, "d1": -1.5138053047299596, "d2": 1.0328180755763425, "g0": 0.43937383468139185, "g1": 0.5955274920267281, "g2": -4.628395288712758, "g3": 1.0804866297677547, "g4": 1.0299166308544845, "g5": 0.10000988774964673, "g6": 0.2693890335959528, "g7": 1.5311526284342174, "i0": 3.9825634777371577, "i1": 0.5219648064328796, "i2": -6.585972207223054, "i3": 0.9837749667687841, "i4": 0.9701138404461003, "i5": -0.03238553320139635, "i6": 0.10065345242302852, "i7": 1.4407417109317395, "r0": 2.8658730345943, "r1": 0.48661234932247033, "r2": -8.763920226144817, "r3": 0.9901200062187242, "r4": 1.0729642656862497, "r5": 0.5514111121109326, "r6": 0.22980150675911407, "r7": 1.4079444030226014}, "datetime": {"datetime": "2020-01-18 21:35:17", "elapsed": 20556.502362, "delta": 132.845468}}
{"target": 20.5, "params": {"d0": 3.9565990183457926, "d1": -1.3694654510352426, "d2": 1.0336962100628475, "g0": 0.5227003538510591, "g1": 0.43786118198332175, "g2": -5.259681561079463, "g3": 1.1443713553539567, "g4": 1.1637152518306837, "g5": 0.0030596777649319995, "g6": 0.22249238338188274, "g7": 1.659316544521891, "i0": 3.859783325013711, "i1": 0.5835795772767695, "i2": -6.729118132650132, "i3": 0.9050548187844012, "i4": 0.9682940762332678, "i5": -0.3185557863732728, "i6": -0.012595616749817197, "i7": 1.6147297907580784, "r0": 2.4139923302978445, "r1": 0.3579392801097448, "r2": -9.028891401507549, "r3": 1.0788294640589189, "r4": 1.0037181398046102, "r5": 0.43520908454944374, "r6": 0.23977831893965187, "r7": 1.4947987419044273}, "datetime": {"datetime": "2020-01-18 21:37:34", "elapsed": 20693.481691, "delta": 136.979329}}
{"target": 20.7, "params": {"d0": 3.9993053109237287, "d1": -1.6509008009696464, "d2": 0.8769655968412705, "g0": 0.433703467353038, "g1": 0.43838869202863545, "g2": -4.878957244715498, "g3": 1.1103824407150242, "g4": 1.0720074886481, "g5": -0.10562178496269031, "g6": 0.06013364644329347, "g7": 1.6043064127256315, "i0": 3.7010719199056488, "i1": 0.49812795621079115, "i2": -6.435557665190729, "i3": 1.0439407391849946, "i4": 1.094381484140611, "i5": -0.10746364030727679, "i6": 0.2914352347425102, "i7": 1.606795944283522, "r0": 2.0777509673734875, "r1": 0.4888420035428771, "r2": -8.828265403419989, "r3": 1.1000450040572214, "r4": 1.0884184509997783, "r5": 0.40504758584529005, "r6": 0.09886650664137377, "r7": 1.4980104172149493}, "datetime": {"datetime": "2020-01-18 21:39:48", "elapsed": 20827.386599, "delta": 133.904908}}
{"target": 21.1, "params": {"d0": 4.048882193542835, "d1": -1.4184512544062677, "d2": 1.038008116408878, "g0": 0.5266440024193518, "g1": 0.3476941637803867, "g2": -4.679225768308239, "g3": 1.2107530725508782, "g4": 1.2043215334010502, "g5": -0.0715139946374716, "g6": 0.11006498212677068, "g7": 1.618665392507008, "i0": 3.940276469291102, "i1": 0.5772704888727456, "i2": -6.412942368569633, "i3": 0.9438347308017871, "i4": 0.9998965341509037, "i5": -0.34274306877749283, "i6": 0.0850255254008566, "i7": 1.6385267967202926, "r0": 2.052189937550839, "r1": 0.39636923335387975, "r2": -8.695735057220388, "r3": 1.0491721701955528, "r4": 0.9998618202531543, "r5": 0.49917333089548527, "r6": 0.16824363540428347, "r7": 1.5936619114365327}, "datetime": {"datetime": "2020-01-18 21:42:03", "elapsed": 20962.639206, "delta": 135.252607}}
{"target": 20.45, "params": {"d0": 3.2765436763305527, "d1": -1.7180237499707012, "d2": 0.9709541991644381, "g0": 0.5260016011871298, "g1": 0.5658531170873499, "g2": -4.631942494966088, "g3": 1.1903152003995046, "g4": 1.0555523026841345, "g5": -0.010995231683471432, "g6": 0.19055257133290474, "g7": 1.6433631009648175, "i0": 3.402110483392434, "i1": 0.5114625608143808, "i2": -6.2697622249777645, "i3": 1.0277866743715849, "i4": 0.9616236355619014, "i5": -0.16798504847777665, "i6": -0.15234989827375806, "i7": 1.5025414942737851, "r0": 3.8028818490475134, "r1": 0.5932241510736108, "r2": -8.483748019828594, "r3": 1.008521935886515, "r4": 1.1338495821901609, "r5": 0.3348668305828596, "r6": -0.03428164552135419, "r7": 1.653135038368005}, "datetime": {"datetime": "2020-01-18 21:44:20", "elapsed": 21099.61495, "delta": 136.975744}}
{"target": 20.6, "params": {"d0": 3.6439700198118565, "d1": -1.2790562682208175, "d2": 0.9373928718106995, "g0": 0.4823329564135513, "g1": 0.5709883565792421, "g2": -4.80874582146193, "g3": 1.1179235035978632, "g4": 1.0599129130243798, "g5": 0.13287736831707528, "g6": 0.2130302618415718, "g7": 1.6368582709397674, "i0": 4.10257490819307, "i1": 0.6255856361196679, "i2": -6.732887008764051, "i3": 1.0061604310941203, "i4": 1.0670068466442721, "i5": -0.14261032128178389, "i6": 0.08411375752722548, "i7": 1.5706163231617873, "r0": 2.5671902012359604, "r1": 0.3118684544280037, "r2": -9.05848324676718, "r3": 0.9913055941964655, "r4": 1.0932988790320746, "r5": 0.4809204132268842, "r6": 0.34324917552496015, "r7": 1.304194051991497}, "datetime": {"datetime": "2020-01-18 21:46:34", "elapsed": 21233.134952, "delta": 133.520002}}
{"target": 21.3, "params": {"d0": 3.7004558202693416, "d1": -1.5052847496524828, "d2": 1.0753009242535856, "g0": 0.6251606059933237, "g1": 0.29288165470153515, "g2": -5.79374638148375, "g3": 1.2648584308812432, "g4": 1.1092109434172472, "g5": 0.023481687965681394, "g6": 0.17425337026909093, "g7": 1.4667523870598784, "i0": 3.809035382086671, "i1": 0.6032242374157601, "i2": -6.636559169459752, "i3": 0.9333401846075216, "i4": 0.9391434082094394, "i5": -0.4403725687263428, "i6": -0.0040316649641296476, "i7": 1.6656460073022898, "r0": 1.4839355977533921, "r1": 0.12859726859047294, "r2": -8.768766044241273, "r3": 1.2102828250559927, "r4": 1.0958512479288753, "r5": 0.26310371150450995, "r6": 0.1660871581595842, "r7": 1.6362872551809338}, "datetime": {"datetime": "2020-01-18 21:48:51", "elapsed": 21370.748314, "delta": 137.613362}}
{"target": 20.75, "params": {"d0": 3.792307612568529, "d1": -1.394074369558491, "d2": 1.0977511812910266, "g0": 0.7066163067695166, "g1": 0.31529608023839595, "g2": -5.400621195792839, "g3": 1.2458696353831649, "g4": 1.1472714004543987, "g5": 0.033841872764902484, "g6": 0.1706316007139406, "g7": 1.516322116899793, "i0": 3.7833902199414537, "i1": 0.6479184939088429, "i2": -6.661675349297906, "i3": 0.9417501614817745, "i4": 0.9568763239891779, "i5": -0.30598518789640233, "i6": 0.04692541141965026, "i7": 1.6124761103189265, "r0": 1.7458574520849786, "r1": 0.13095029837357092, "r2": -8.958716009918094, "r3": 1.1879428184674932, "r4": 1.0686775717991708, "r5": 0.3216891293833682, "r6": 0.05071125526664487, "r7": 1.5659379392754267}, "datetime": {"datetime": "2020-01-18 21:50:58", "elapsed": 21497.331119, "delta": 126.582805}}
{"target": 19.65, "params": {"d0": 3.5278980972457057, "d1": -1.4842977214842095, "d2": 1.0413283300290634, "g0": 0.5685149725887764, "g1": 0.3223423539219074, "g2": -6.082761187164491, "g3": 1.238436862897716, "g4": 1.0441030734818626, "g5": -0.0033995711442723993, "g6": 0.0961484834481188, "g7": 1.4188108794511947, "i0": 3.9398044847914773, "i1": 0.592916915045798, "i2": -6.615042062085822, "i3": 0.9498331590934207, "i4": 0.9462611305531228, "i5": -0.3354061289386982, "i6": 0.06406793255121553, "i7": 1.6393547706566935, "r0": 1.1747136868786707, "r1": 0.20157093500656217, "r2": -8.683236187233861, "r3": 1.2308846918102314, "r4": 1.1128580711219127, "r5": 0.34493500563829566, "r6": 0.35275957303662986, "r7": 1.6370012782571468}, "datetime": {"datetime": "2020-01-18 21:53:01", "elapsed": 21620.506081, "delta": 123.174962}}
{"target": 20.3, "params": {"d0": 3.8705936074531455, "d1": -1.6408304918446939, "d2": 0.9508113234849563, "g0": 0.6264058370370108, "g1": 0.3660204484573901, "g2": -5.94189738564228, "g3": 1.1779377252666017, "g4": 1.1207619526783814, "g5": 0.054256501828812066, "g6": 0.2307340608275108, "g7": 1.4845373298621167, "i0": 3.795863179651911, "i1": 0.5453440680902073, "i2": -6.514118808776986, "i3": 1.006539669157756, "i4": 0.972007658698623, "i5": -0.49416116542620553, "i6": 0.0561778932723298, "i7": 1.654866576964841, "r0": 1.7081047026661644, "r1": 0.18116243106314933, "r2": -8.647278692259178, "r3": 1.2000916605978957, "r4": 1.0853754467967007, "r5": 0.25644606944753096, "r6": 0.17960193763492183, "r7": 1.5638181447516846}, "datetime": {"datetime": "2020-01-18 21:55:12", "elapsed": 21751.655528, "delta": 131.149447}}
{"target": 20.95, "params": {"d0": 3.4790274153293916, "d1": -1.4313317946614668, "d2": 1.0316358437984892, "g0": 0.5132790300811055, "g1": 0.561146966009647, "g2": -4.89727579266744, "g3": 1.2149462586421647, "g4": 1.0493936488296292, "g5": 0.07981447229024725, "g6": 0.32505958577079946, "g7": 1.4586036569825014, "i0": 3.9970241677376444, "i1": 0.6895275261129571, "i2": -6.8409329971587916, "i3": 1.0380356745330146, "i4": 0.9973938837125895, "i5": 0.04904540400228955, "i6": 0.23097270336521458, "i7": 1.4882499144425458, "r0": 2.94529356393294, "r1": 0.36592648536688294, "r2": -8.696860704245749, "r3": 1.0756938528749027, "r4": 1.0162635862850968, "r5": 0.44960255933526333, "r6": 0.16700086652843896, "r7": 1.3644520815287484}, "datetime": {"datetime": "2020-01-18 21:57:28", "elapsed": 21887.372776, "delta": 135.717248}}
{"target": 20.95, "params": {"d0": 3.8475507039103256, "d1": -1.421973945699453, "d2": 0.9991713341222745, "g0": 0.6250081828158165, "g1": 0.38105143975965694, "g2": -4.700913639068881, "g3": 1.1861843328590527, "g4": 1.2342203056146326, "g5": 0.03119694319422743, "g6": 0.2721069152874039, "g7": 1.724478030471569, "i0": 3.8826404523895377, "i1": 0.6121758407378916, "i2": -6.6500040697829315, "i3": 0.9398026357018108, "i4": 1.0452359395931992, "i5": -0.3730059996573351, "i6": 0.03171142340159616, "i7": 1.6793054847976148, "r0": 2.0443236564687717, "r1": 0.27316111561962636, "r2": -8.857665457223925, "r3": 1.098422392097732, "r4": 0.9316925128548982, "r5": 0.40174101147533275, "r6": 0.14625894740296133, "r7": 1.4466848080097565}, "datetime": {"datetime": "2020-01-18 21:59:43", "elapsed": 22022.80232, "delta": 135.429544}}
{"target": 19.45, "params": {"d0": 3.9245326513274508, "d1": -1.6403255202072058, "d2": 0.8645827403909161, "g0": 0.5982956413205981, "g1": 0.4833410232132565, "g2": -4.652766470126513, "g3": 1.1943574754639532, "g4": 1.1346652847412633, "g5": -0.15270355053091275, "g6": 0.1256029401235721, "g7": 1.2990821937820065, "i0": 3.9334555700299694, "i1": 0.5303334812711448, "i2": -6.182866376471323, "i3": 0.9508399644210707, "i4": 1.1149236149520412, "i5": -0.11195697737999284, "i6": 0.23347091938382322, "i7": 1.6921975241005849, "r0": 2.167554010735045, "r1": 0.4071266940587675, "r2": -8.638865092484972, "r3": 0.9656851870019894, "r4": 0.9886477266639129, "r5": 0.4926349026942314, "r6": 0.4335406337419262, "r7": 1.6098771477647078}, "datetime": {"datetime": "2020-01-18 22:01:55", "elapsed": 22154.101362, "delta": 131.299042}}
{"target": 19.25, "params": {"d0": 3.6301538099620902, "d1": -1.6818698056295143, "d2": 0.9292682096834202, "g0": 0.3049570248325787, "g1": 0.4527176113066916, "g2": -4.437541584022332, "g3": 1.151567316046663, "g4": 1.111958147652055, "g5": -0.050356959752016484, "g6": 0.27170529724786935, "g7": 1.4041645145117247, "i0": 3.8817612250367963, "i1": 0.5986002278132706, "i2": -6.150795170897097, "i3": 1.0836051760176661, "i4": 1.0086896421623122, "i5": -0.059573044079301266, "i6": 0.05099704378912635, "i7": 1.5337936662399407, "r0": 2.5968289056306286, "r1": 0.4079773761055195, "r2": -8.327703764340294, "r3": 0.9559513643283661, "r4": 1.0787018515008502, "r5": 0.5919179140382043, "r6": 0.10811861887031143, "r7": 1.581816565805941}, "datetime": {"datetime": "2020-01-18 22:04:13", "elapsed": 22292.725781, "delta": 138.624419}}
{"target": 21.05, "params": {"d0": 3.681935888752545, "d1": -1.5542828973475378, "d2": 1.0066728345747422, "g0": 0.5748326172689532, "g1": 0.590099500456347, "g2": -4.685043005542784, "g3": 1.1716528690592003, "g4": 0.9855070938405137, "g5": -0.08207002633196865, "g6": 0.22832679618139093, "g7": 1.5831277272008901, "i0": 3.669018773562086, "i1": 0.6053498627040875, "i2": -6.471408152096331, "i3": 1.024284929581037, "i4": 1.0484432429525485, "i5": 0.03043272906755366, "i6": 0.15443742923517914, "i7": 1.5567135014109192, "r0": 3.179797013333546, "r1": 0.5615244765098891, "r2": -8.704516573132848, "r3": 1.1276930642843805, "r4": 1.049210745129387, "r5": 0.2838878675516065, "r6": 0.09741590483503731, "r7": 1.5266564212853133}, "datetime": {"datetime": "2020-01-18 22:06:25", "elapsed": 22424.608726, "delta": 131.882945}}
{"target": 20.7, "params": {"d0": 3.623516931626384, "d1": -1.6070682054699847, "d2": 1.043417193872952, "g0": 0.6664289433111145, "g1": 0.6373247746639522, "g2": -4.704418054648424, "g3": 1.1283621686973686, "g4": 1.0498819615166175, "g5": 0.13710788265828666, "g6": 0.17240754043425838, "g7": 1.5410312740683825, "i0": 4.017662604572911, "i1": 0.6975071505951821, "i2": -6.704017024656986, "i3": 0.9931647767528019, "i4": 1.0289516542209824, "i5": -0.053286877980845276, "i6": 0.14471688630559526, "i7": 1.4257979269667853, "r0": 2.7234446006980826, "r1": 0.5381846555419056, "r2": -8.718101843307283, "r3": 1.1581636673775044, "r4": 1.0750017053521055, "r5": 0.34757656910161877, "r6": 0.21474355385182262, "r7": 1.4808749395521676}, "datetime": {"datetime": "2020-01-18 22:08:25", "elapsed": 22544.075488, "delta": 119.466762}}
{"target": 20.9, "params": {"d0": 4.066475433733348, "d1": -1.6363749233209035, "d2": 0.9460210654903297, "g0": 0.35863227646239754, "g1": 0.36444978848292164, "g2": -4.980728021531139, "g3": 1.1639325759085537, "g4": 1.1004770627527183, "g5": -0.08240060680437579, "g6": 0.12068142540947648, "g7": 1.3741770570842404, "i0": 3.670380590478939, "i1": 0.5401302389638274, "i2": -6.459130364502987, "i3": 1.0997968717790896, "i4": 0.9463845785205489, "i5": -0.27599048989345387, "i6": 0.2883394256527118, "i7": 1.4695573217925517, "r0": 1.9472657625852947, "r1": 0.4760894046614841, "r2": -8.45348152752596, "r3": 1.147767113544325, "r4": 1.051661278488962, "r5": 0.41092300930730746, "r6": 0.20874346438207836, "r7": 1.5635582137855242}, "datetime": {"datetime": "2020-01-18 22:10:15", "elapsed": 22654.025825, "delta": 109.950337}}
{"target": 20.3, "params": {"d0": 3.4079622775256433, "d1": -1.5661688226266817, "d2": 1.0254819726254796, "g0": 0.5182706132011188, "g1": 0.5891417694717057, "g2": -5.147047344726801, "g3": 1.1498363392193212, "g4": 0.9527641676121448, "g5": -0.07247652584456432, "g6": 0.20410912921968352, "g7": 1.7092652982681233, "i0": 3.445790302026401, "i1": 0.4934371205110735, "i2": -6.594496066192352, "i3": 1.0101572004250532, "i4": 1.042866328097618, "i5": -0.026457691708842556, "i6": 0.10324443887220246, "i7": 1.5820255862890178, "r0": 3.6200637020018074, "r1": 0.597311051825726, "r2": -8.584859290607074, "r3": 1.0647462657597444, "r4": 1.0752073194441798, "r5": 0.28245225423772613, "r6": -0.010038953995838196, "r7": 1.474747003180366}, "datetime": {"datetime": "2020-01-18 22:12:24", "elapsed": 22783.588549, "delta": 129.562724}}
{"target": 20.2, "params": {"d0": 3.3629748481340767, "d1": -1.458953867538393, "d2": 1.044721941569552, "g0": 0.42311092240887116, "g1": 0.5673950725231447, "g2": -5.047746066313261, "g3": 1.149342634809942, "g4": 1.0937599322567135, "g5": 0.14415330495851061, "g6": 0.15478189833242148, "g7": 1.6143474523905654, "i0": 3.1550464302250734, "i1": 0.5981550517544729, "i2": -6.581836440103327, "i3": 1.1298472962111836, "i4": 1.0569075419106675, "i5": -0.0729207924541374, "i6": 0.04086117946799612, "i7": 1.4785162091297495, "r0": 3.6660708649150746, "r1": 0.5010848510765331, "r2": -8.725476216138219, "r3": 1.114837102647464, "r4": 1.1534763320593093, "r5": 0.4618013115814591, "r6": 0.11078434046772906, "r7": 1.5866671056020292}, "datetime": {"datetime": "2020-01-18 22:14:24", "elapsed": 22903.851422, "delta": 120.262873}}
{"target": 20.1, "params": {"d0": 3.2130875037070266, "d1": -1.4471789975992808, "d2": 0.844071280219413, "g0": 0.46164284397455285, "g1": 0.5605296956237993, "g2": -5.2268562387722115, "g3": 1.151796999437941, "g4": 1.1313780263613247, "g5": -0.021344199169386034, "g6": 0.13859690519536494, "g7": 1.6924332437461518, "i0": 3.2412696977629487, "i1": 0.4414396423983473, "i2": -6.591126465700983, "i3": 1.086582526071341, "i4": 1.0447926495478261, "i5": -0.1555674685619798, "i6": -0.05011402631306774, "i7": 1.5699547727294973, "r0": 3.696011534307399, "r1": 0.4885164117489476, "r2": -8.56247203485479, "r3": 0.9345510224587054, "r4": 1.1812668519658387, "r5": 0.3935878975651742, "r6": -0.01537016352917525, "r7": 1.4888926519002175}, "datetime": {"datetime": "2020-01-18 22:16:37", "elapsed": 23036.921708, "delta": 133.070286}}
{"target": 20.6, "params": {"d0": 3.5073926180323496, "d1": -1.4917955633298112, "d2": 1.0270083693063687, "g0": 0.5394630543403736, "g1": 0.5153282285025051, "g2": -4.731926493150288, "g3": 1.2474857901949608, "g4": 1.174123539448075, "g5": 0.02071790459749988, "g6": 0.26907982618307086, "g7": 1.540318095950282, "i0": 3.918146294926042, "i1": 0.654094912538845, "i2": -6.511842659027152, "i3": 0.9697240527549932, "i4": 1.0999209337602636, "i5": 0.024001644063905144, "i6": 0.16096398405157772, "i7": 1.51178690871936, "r0": 3.1697742828329094, "r1": 0.4839125315216194, "r2": -8.73227539640707, "r3": 0.9792922163434339, "r4": 0.975126992371424, "r5": 0.4274618626397685, "r6": 0.3212400076589042, "r7": 1.5580898857860097}, "datetime": {"datetime": "2020-01-18 22:18:45", "elapsed": 23164.711265, "delta": 127.789557}}
