{"target": 8.45, "params": {"d0": 0.20338739961134222, "d1": -8.24260932655838, "d2": 1.160428920888801, "g0": 2.3837630998325476, "g1": 0.9797697328616091, "g2": -9.292628659836584, "g3": 1.3939325056806073, "g4": 1.0892598910700693, "g5": 0.602360873140114, "g6": -0.4164295844702976, "g7": 1.009068873563764, "i0": 4.315473588734771, "i1": 0.5703840264473814, "i2": -4.415061989101446, "i3": 0.7104101343533, "i4": 1.1211264020582197, "i5": 0.5562631703001346, "i6": 0.9941892866485509, "i7": 1.376250269789098, "r0": 1.5570452302918403, "r1": 0.4047703249822441, "r2": -7.71974903688993, "r3": 0.880878867786838, "r4": 1.0168218043325994, "r5": 0.29526321314697457, "r6": 0.4911059328887507, "r7": 1.749739185088238}, "datetime": {"datetime": "2020-01-17 22:36:39", "elapsed": 6585.325959, "delta": 40.736901}}
{"target": 12.85, "params": {"d0": 1.0840734403526193, "d1": -2.7129362126717824, "d2": 1.3362030619352723, "g0": 2.8090643204195187, "g1": 0.465670689952025, "g2": -8.418001281536846, "g3": 0.7371622808349904, "g4": 1.0319160738864552, "g5": 0.24688332836034954, "g6": -0.18118052517776762, "g7": 1.3399445653632713, "i0": 2.488189422549067, "i1": 0.954903956652196, "i2": -1.2255487141896815, "i3": 1.3992397185028116, "i4": 1.2983002694199548, "i5": 0.437525253024728, "i6": -0.19541018291018547, "i7": 1.8238760747316456, "r0": 0.8312412426801224, "r1": 0.8890870796898103, "r2": -6.614202040653634, "r3": 0.9303557311254061, "r4": 1.1031114999559326, "r5": -0.7030215256415695, "r6": 0.8606322619051969, "r7": 1.3191777682019024}, "datetime": {"datetime": "2020-01-17 22:37:43", "elapsed": 6649.845074, "delta": 64.519115}}
{"target": 5.35, "params": {"d0": 3.949915854510531, "d1": -2.8945256484704007, "d2": 1.2633185040058548, "g0": 2.6631308344515476, "g1": 0.4666755104451503, "g2": -3.546020678649108, "g3": 1.2532617657169187, "g4": 0.9179090976391411, "g5": 0.4060931332721551, "g6": 0.9049257522786285, "g7": 1.7966074124024125, "i0": 3.6530483441756467, "i1": 0.821710938832267, "i2": -9.93045082460537, "i3": 0.8398592372838113, "i4": 0.9709896007581852, "i5": 0.3736290142485754, "i6": 0.9675599337784617, "i7": 1.7061656313446218, "r0": 2.3949646641409075, "r1": 0.9210518119248912, "r2": -6.223008599355445, "r3": 1.213352505991172, "r4": 0.8007522350927156, "r5": -0.5130247288993008, "r6": -0.05774184666067006, "r7": 1.3256887782669777}, "datetime": {"datetime": "2020-01-17 22:38:18", "elapsed": 6684.990185, "delta": 35.145111}}
{"target": 8.25, "params": {"d0": 2.2991025348658596, "d1": -2.032812410458832, "d2": 0.923876467178482, "g0": 0.4133079257720451, "g1": 0.5213701242953557, "g2": -0.18848011853901347, "g3": 1.020606777190976, "g4": 0.9285955409209252, "g5": 0.4421463980550424, "g6": 0.42337530515913047, "g7": 0.908303169849112, "i0": 4.931025524865599, "i1": 0.48891853242111494, "i2": -6.959781291318863, "i3": 1.2320616407853557, "i4": 0.9427803906072656, "i5": -0.058329709942090746, "i6": 0.477731606989388, "i7": 1.034070229893683, "r0": 2.336115632155517, "r1": 0.7352057434325322, "r2": -0.3948195962746883, "r3": 0.7171115936127721, "r4": 1.2162396052556035, "r5": 0.7026336318986697, "r6": 0.9787267305440774, "r7": 1.9316147985207945}, "datetime": {"datetime": "2020-01-17 22:38:55", "elapsed": 6722.046344, "delta": 37.056159}}
{"target": 13.2, "params": {"d0": 0.6462570403874485, "d1": -1.1397980605559486, "d2": 0.8222897035166631, "g0": 1.8025817849660386, "g1": 0.3611619384814453, "g2": -7.202146077293957, "g3": 0.9838433950833041, "g4": 1.0715007824144052, "g5": -0.6743727733476098, "g6": 0.0593045066667911, "g7": 1.5415407691001533, "i0": 0.6712470498986273, "i1": 0.2429879452919641, "i2": -6.8722091744234595, "i3": 0.7596270809468033, "i4": 1.2038453976509977, "i5": -0.3785640434782076, "i6": 0.11590151379329483, "i7": 1.3459541525332965, "r0": 1.5236781814407663, "r1": 0.12773804697941138, "r2": -1.0644062592815153, "r3": 1.2451158783010796, "r4": 0.9334457309627031, "r5": -0.6521105170026096, "r6": -0.31475747587170644, "r7": 1.204080041501917}, "datetime": {"datetime": "2020-01-17 22:39:57", "elapsed": 6784.052026, "delta": 62.005682}}
{"target": 8.85, "params": {"d0": 0.24521739432754597, "d1": -8.548531360429806, "d2": 1.0800236380562735, "g0": 4.67989701257469, "g1": 0.43406898568131114, "g2": -2.9085954551486033, "g3": 1.1562440592957097, "g4": 1.2881220927939123, "g5": -0.5148620686012773, "g6": 0.6086576249926665, "g7": 1.2854473643429456, "i0": 4.956060517902847, "i1": 0.35281173510660024, "i2": -0.2121681747442743, "i3": 1.3882971575921135, "i4": 1.0988683299885573, "i5": -0.7560832692774682, "i6": -0.22170192582633924, "i7": 0.9621629530365184, "r0": 3.9623088079203534, "r1": 0.07395108395938099, "r2": -2.1354056432980926, "r3": 0.7223614792318359, "r4": 0.9276031265282086, "r5": -0.32386658137514357, "r6": 0.34690973555253046, "r7": 1.518267368385239}, "datetime": {"datetime": "2020-01-17 22:41:02", "elapsed": 6848.906799, "delta": 64.854773}}
{"target": 18.75, "params": {"d0": 4.437004823011978, "d1": -3.6262255995666965, "d2": 0.8291696242894555, "g0": 0.13497396462193223, "g1": 0.7619824979543223, "g2": -4.644312021831681, "g3": 1.1629033196400569, "g4": 1.00705252393318, "g5": 0.14370414095648376, "g6": 0.10844706708501406, "g7": 1.3902616460227073, "i0": 2.963698180043959, "i1": 0.49234451053532624, "i2": -9.40896609045127, "i3": 1.4814317663324494, "i4": 1.2275688200060233, "i5": -0.19346299547499402, "i6": 0.31978726407922764, "i7": 1.9261617593035565, "r0": 1.9898267085038746, "r1": 0.9447726993676626, "r2": -9.695137238144033, "r3": 1.2966396177881334, "r4": 1.198503305531652, "r5": -0.4898638197940242, "r6": -0.2556998370613089, "r7": 1.5501861142165119}, "datetime": {"datetime": "2020-01-17 22:41:52", "elapsed": 6898.365794, "delta": 49.458995}}
{"target": 13.55, "params": {"d0": 2.3984585592891867, "d1": -4.13457397576019, "d2": 0.8058168775049847, "g0": 1.3886853488501045, "g1": 0.06967236072962435, "g2": -8.920032773407225, "g3": 1.273102142048879, "g4": 0.8132009777621749, "g5": 0.06344051535919315, "g6": -0.052005515544942815, "g7": 1.8553470301834072, "i0": 2.725194387429068, "i1": 0.9975477345448952, "i2": -4.3892410938073425, "i3": 1.1496782503681466, "i4": 0.967553349007749, "i5": -0.3962801055960652, "i6": 0.14105451635100053, "i7": 1.1498928899456793, "r0": 0.35438003793869133, "r1": 0.42505123328407723, "r2": -8.935829068484738, "r3": 1.2784966516807033, "r4": 0.9491970143004145, "r5": -0.015421346080771059, "r6": -0.2066250766251897, "r7": 1.6489091598006413}, "datetime": {"datetime": "2020-01-17 22:42:35", "elapsed": 6942.209524, "delta": 43.84373}}
{"target": 18.6, "params": {"d0": 4.154130734026563, "d1": -7.795932140346635, "d2": 0.7062469352750714, "g0": 1.2545215422939187, "g1": 0.6276363022375808, "g2": -6.891831727625581, "g3": 1.3689649106479376, "g4": 1.2263695996439328, "g5": -0.20521509952549855, "g6": 0.04800173802990071, "g7": 0.9182188288967164, "i0": 2.7483937418737026, "i1": 0.1542705940886464, "i2": -8.873204618664905, "i3": 0.7426705034038784, "i4": 0.889641903707675, "i5": -0.5505107024558495, "i6": -0.4467644311456099, "i7": 1.9806756999711244, "r0": 3.291522507493857, "r1": 0.3869940715824627, "r2": -9.375145216333967, "r3": 0.7377962469486897, "r4": 1.202476217353331, "r5": -0.12355231051741133, "r6": -0.33760965260706904, "r7": 1.0837375518298997}, "datetime": {"datetime": "2020-01-17 22:43:21", "elapsed": 6987.698083, "delta": 45.488559}}
{"target": 14.25, "params": {"d0": 3.4009726635858826, "d1": -5.727658575703335, "d2": 0.777446631970545, "g0": 1.9600482996485176, "g1": 0.044755816930519554, "g2": -7.2897387733774295, "g3": 1.102463758758076, "g4": 1.0287396431339926, "g5": 0.4298153668419822, "g6": -0.2596545024623616, "g7": 1.4610486600542947, "i0": 0.707635155282737, "i1": 0.18936959053265545, "i2": -5.901013962909292, "i3": 0.8166900666099312, "i4": 1.0811637629316446, "i5": -0.07162908851993044, "i6": 0.9131449866213259, "i7": 1.6369943953134491, "r0": 0.5157111809296294, "r1": 0.6071068554145397, "r2": -5.796707504193446, "r3": 1.100505578489145, "r4": 1.1279027707260716, "r5": -0.5028510416398518, "r6": 0.03930174297971156, "r7": 1.4284177763723167}, "datetime": {"datetime": "2020-01-17 22:44:06", "elapsed": 7032.643174, "delta": 44.945091}}
{"target": 15.0, "params": {"d0": 3.073914823257504, "d1": -7.144428547898372, "d2": 1.1022187644052106, "g0": 1.3927305645512522, "g1": 0.5723898542085633, "g2": -6.577105960143053, "g3": 1.3713287669245724, "g4": 1.1429564028876538, "g5": 0.5058045100399979, "g6": -0.26863089887056785, "g7": 1.103713016805821, "i0": 2.7129739053320945, "i1": 0.06139825890862938, "i2": -4.619414816276079, "i3": 0.9687976009484437, "i4": 0.9622271636898287, "i5": -0.4322348973839681, "i6": -0.49296989059041835, "i7": 1.6557806806635469, "r0": 3.7639059624446847, "r1": 0.33828341597252176, "r2": -5.301963814530756, "r3": 1.3379058191846291, "r4": 1.1237338694776273, "r5": -0.7632349251478461, "r6": -0.07404127182710452, "r7": 1.9498343150334252}, "datetime": {"datetime": "2020-01-17 22:44:52", "elapsed": 7079.072762, "delta": 46.429588}}
{"target": 5.5, "params": {"d0": 4.415773277010132, "d1": -6.74782048921071, "d2": 1.4285071114348598, "g0": 2.395875409334552, "g1": 0.2020687207866142, "g2": -7.285505918815894, "g3": 0.8927855331133376, "g4": 0.8277877281573687, "g5": -0.10058222201116807, "g6": 0.8568743312855891, "g7": 1.4783332105971896, "i0": 2.727282364527657, "i1": 0.22699961016553616, "i2": -9.535991702588408, "i3": 0.8006464182383012, "i4": 0.9075628464058221, "i5": 0.5974294646549698, "i6": 0.982492914679312, "i7": 0.9195428734281134, "r0": 2.216549776200429, "r1": 0.3691972907854745, "r2": -4.635364364879315, "r3": 1.1932182549112653, "r4": 0.997999880600414, "r5": -0.5058174973000851, "r6": 0.3779113687306985, "r7": 0.9366264466001083}, "datetime": {"datetime": "2020-01-17 22:45:35", "elapsed": 7122.208713, "delta": 43.135951}}
{"target": 11.6, "params": {"d0": 4.469888325081765, "d1": -3.5558920260234554, "d2": 0.7756354114045726, "g0": 2.7568749284409533, "g1": 0.1289743211440313, "g2": -8.811791598578115, "g3": 0.9124391212737071, "g4": 1.181454150785785, "g5": 0.3171535134014012, "g6": 0.33827820165148625, "g7": 1.1807492806710256, "i0": 2.5893438351154736, "i1": 0.9297509936085084, "i2": -8.146807969180593, "i3": 1.2873659257199248, "i4": 1.2360914483750196, "i5": 0.2711299334247337, "i6": -0.19445649701621187, "i7": 1.0420825960088438, "r0": 2.5751649568634334, "r1": 0.1303081811738389, "r2": -1.7429999916517183, "r3": 1.1189156229709847, "r4": 0.9457118437224417, "r5": 0.10900277351873855, "r6": -0.1090439293315828, "r7": 1.5429172251500325}, "datetime": {"datetime": "2020-01-17 22:46:14", "elapsed": 7160.483628, "delta": 38.274915}}
{"target": 12.5, "params": {"d0": 1.1606121362652817, "d1": -7.809479477784459, "d2": 1.1148048652798621, "g0": 4.177078916200705, "g1": 0.6447707704612369, "g2": -9.058092588054103, "g3": 0.8072546602775552, "g4": 0.9951502979073017, "g5": -0.28869649140675213, "g6": 0.8368309027619376, "g7": 1.8804206367771377, "i0": 0.14912050511885933, "i1": 0.21052193779097028, "i2": -6.116472872823109, "i3": 0.8410997959879594, "i4": 1.259343169969172, "i5": -0.4966423144074238, "i6": 0.600978942276237, "i7": 1.9526071968898604, "r0": 2.388590226229152, "r1": 0.8142192933706808, "r2": -5.717806181224639, "r3": 1.3507594039353958, "r4": 1.1808492481538444, "r5": 0.7353658363759796, "r6": 0.004900009968150876, "r7": 1.7432538449104626}, "datetime": {"datetime": "2020-01-17 22:47:14", "elapsed": 7221.195131, "delta": 60.711503}}
{"target": 8.9, "params": {"d0": 4.60808901916516, "d1": -1.8922831708199084, "d2": 1.3514699935377148, "g0": 4.741491193908965, "g1": 0.29068290270702435, "g2": -5.598534405417263, "g3": 0.7848460007126722, "g4": 1.2386410617611545, "g5": -0.2500810752985292, "g6": 0.8578673203739462, "g7": 1.1242433287548736, "i0": 1.748029076319867, "i1": 0.6904793775772908, "i2": -0.7729347590391242, "i3": 1.2503568104059917, "i4": 0.9700467589943773, "i5": -0.7359304641470455, "i6": -0.0023739237728211404, "i7": 1.423777165674504, "r0": 3.652000677059007, "r1": 0.8936285933130457, "r2": -9.936909589606717, "r3": 0.7613875697967234, "r4": 0.9408952731719344, "r5": 0.05699028754391233, "r6": 0.30367839739230174, "r7": 1.3677898272583189}, "datetime": {"datetime": "2020-01-17 22:48:03", "elapsed": 7269.327979, "delta": 48.132848}}
{"target": 16.55, "params": {"d0": 4.418187089601938, "d1": -2.7264795496571566, "d2": 0.8087690906638509, "g0": 1.175681726167841, "g1": 0.5053058555146819, "g2": -6.374814456761884, "g3": 1.346896035074535, "g4": 1.0096677681535227, "g5": 0.7058600914018522, "g6": -0.22631521348468853, "g7": 1.4310662259734552, "i0": 4.471236857937388, "i1": 0.06573604136793065, "i2": -7.207683367105664, "i3": 0.8622183403315073, "i4": 1.2924063796431127, "i5": -0.05047398965100636, "i6": 0.8322567220491113, "i7": 1.8393179502027097, "r0": 0.5198429162066659, "r1": 0.3499435627110252, "r2": -5.0330448405744495, "r3": 1.4031160353341352, "r4": 1.2909270340043757, "r5": -0.2608817130925297, "r6": 0.672922892551526, "r7": 1.8445890698283534}, "datetime": {"datetime": "2020-01-17 22:48:54", "elapsed": 7320.324903, "delta": 50.996924}}
{"target": 6.75, "params": {"d0": 1.406246456912989, "d1": -8.01072564622303, "d2": 1.2172909433280008, "g0": 2.820696665201194, "g1": 0.15457555834986392, "g2": -2.5782746874452194, "g3": 0.9880741504242241, "g4": 1.102337010190994, "g5": -0.7896112438679519, "g6": 0.385773049631426, "g7": 1.7067686121601195, "i0": 1.7283716884538158, "i1": 0.7593298235379096, "i2": -5.7302987884533465, "i3": 1.0385600465936449, "i4": 0.9496763187981166, "i5": 0.38569427012503654, "i6": 0.8756272958156179, "i7": 1.3874113626670195, "r0": 4.934923244490802, "r1": 0.7994877367102835, "r2": -6.887647507263125, "r3": 0.886484238547304, "r4": 0.9794680020188236, "r5": -0.15252914235620774, "r6": 0.2438474356575544, "r7": 1.6716871165686111}, "datetime": {"datetime": "2020-01-17 22:49:48", "elapsed": 7374.701876, "delta": 54.376973}}
{"target": 17.5, "params": {"d0": 4.204991673785436, "d1": -9.409259782540651, "d2": 1.0624576096057312, "g0": 2.1377794496465135, "g1": 0.4240324145005606, "g2": -4.363229114071584, "g3": 1.4518414481355895, "g4": 0.965160708047754, "g5": 0.7183490274293944, "g6": -0.13117361313552106, "g7": 1.5032455304922427, "i0": 3.567004180098325, "i1": 0.8806216959925202, "i2": -2.1830131022001833, "i3": 1.4726090071900393, "i4": 1.0755715513629829, "i5": 0.6486821400647791, "i6": 0.48202653543449714, "i7": 1.0859111058176363, "r0": 0.15330357571043174, "r1": 0.7607805017586521, "r2": -3.2237992791585857, "r3": 0.9306507719785021, "r4": 0.8530083064972032, "r5": 0.30313635427241126, "r6": 0.6241787730953297, "r7": 1.514110210775062}, "datetime": {"datetime": "2020-01-17 22:50:33", "elapsed": 7420.15446, "delta": 45.452584}}
{"target": 13.8, "params": {"d0": 3.326186816971089, "d1": -5.959390180414323, "d2": 1.3928700156695857, "g0": 2.66200640875643, "g1": 0.8948392016800111, "g2": -2.6029044493671263, "g3": 1.1183215023981024, "g4": 1.159828565481137, "g5": 0.6187936197968178, "g6": -0.2082330723156321, "g7": 1.372785556946857, "i0": 4.296755043656846, "i1": 0.03049636510686249, "i2": -8.66917817844464, "i3": 1.024277504002491, "i4": 0.8561794990428435, "i5": 0.36184322007876135, "i6": 0.9622149993875022, "i7": 1.437973221697042, "r0": 4.801337462969232, "r1": 0.13576911805786973, "r2": -2.995565751975483, "r3": 1.1662866514579968, "r4": 1.195866781241914, "r5": 0.060320979751666615, "r6": 0.9698391955923653, "r7": 1.3836180597747423}, "datetime": {"datetime": "2020-01-17 22:51:15", "elapsed": 7461.505234, "delta": 41.350774}}
{"target": 13.8, "params": {"d0": 4.751361767507482, "d1": -0.8172147777749057, "d2": 1.039095738316394, "g0": 2.0526095301161322, "g1": 0.019947065308665524, "g2": -5.515058869966315, "g3": 0.8595280096375064, "g4": 0.9679628170349004, "g5": -0.34797473183622807, "g6": 0.5052969512626031, "g7": 1.3841909317738432, "i0": 3.001245105593455, "i1": 0.843518432484373, "i2": -1.6722799513451072, "i3": 1.1684458741524462, "i4": 1.0202682234531757, "i5": -0.15934358853517328, "i6": -0.3933092958836028, "i7": 1.4141201787980666, "r0": 2.0152140773478204, "r1": 0.20153069276428015, "r2": -1.9727503799202584, "r3": 1.2585183823380122, "r4": 1.2877040569048563, "r5": -0.18317468607841048, "r6": 0.12539137655859656, "r7": 1.4717084114547423}, "datetime": {"datetime": "2020-01-17 22:52:05", "elapsed": 7511.762914, "delta": 50.25768}}
{"target": 15.45, "params": {"d0": 1.7664422829719477, "d1": -4.547532556046877, "d2": 1.4118020333887613, "g0": 3.652596933366577, "g1": 0.2065119498005623, "g2": -1.9984712043141233, "g3": 1.336246450431235, "g4": 1.1995454802009167, "g5": -0.29311575365962017, "g6": 0.41942728108832794, "g7": 1.6175200801414515, "i0": 0.6011250195545925, "i1": 0.9186752903843785, "i2": -6.318642264828528, "i3": 1.2507013789079027, "i4": 1.2641691896818825, "i5": 0.2797954610746114, "i6": 0.9077161190911325, "i7": 1.6690184227252183, "r0": 0.854289473119218, "r1": 0.7289055090750023, "r2": -5.9427985270950305, "r3": 0.954858634703839, "r4": 1.1903231355505064, "r5": 0.464782616581366, "r6": 0.9235176484845937, "r7": 1.1235038247300777}, "datetime": {"datetime": "2020-01-17 22:53:00", "elapsed": 7566.49702, "delta": 54.734106}}
{"target": 18.0, "params": {"d0": 2.663321655639849, "d1": -2.2787754136881695, "d2": 1.1130790950078626, "g0": 1.1439322697394305, "g1": 0.9952902913150423, "g2": -1.106801564362204, "g3": 1.1617146697092502, "g4": 1.0690239034217355, "g5": 0.5439617889252557, "g6": 0.8719509720372363, "g7": 1.8015438912499562, "i0": 2.164048877763176, "i1": 0.8556231314791921, "i2": -7.743946682080418, "i3": 1.1324128536150815, "i4": 0.9575751443099219, "i5": -0.6085848068391618, "i6": -0.2817320708701899, "i7": 1.9302652994566412, "r0": 0.9749621392074331, "r1": 0.6499101292412803, "r2": -7.608788420599176, "r3": 1.1203756581858602, "r4": 0.8653171020572715, "r5": -0.3367354463416982, "r6": 0.1007867950721737, "r7": 1.6773466516450843}, "datetime": {"datetime": "2020-01-17 22:53:44", "elapsed": 7610.803776, "delta": 44.306756}}
{"target": 16.6, "params": {"d0": 4.5053496767563255, "d1": -5.714228680156426, "d2": 1.2710575748637751, "g0": 0.6954323027473958, "g1": 0.10057507447264702, "g2": -5.518904096265858, "g3": 1.3084049867839536, "g4": 0.9158076420368388, "g5": 0.494612517910882, "g6": -0.12138839665819151, "g7": 0.9921813496124168, "i0": 2.565003070148943, "i1": 0.0009778081589543186, "i2": -2.918869604413886, "i3": 1.2912473988890039, "i4": 1.2866597981519248, "i5": 0.2610633709900132, "i6": 0.24132508889535687, "i7": 0.9809856488281317, "r0": 2.6714751356133264, "r1": 0.1418303940378226, "r2": -1.9761123761235115, "r3": 1.160919080429396, "r4": 0.9064571188253115, "r5": 0.33128828587970194, "r6": -0.0004872846260128294, "r7": 1.636008033559711}, "datetime": {"datetime": "2020-01-17 22:54:35", "elapsed": 7661.598416, "delta": 50.79464}}
{"target": 17.5, "params": {"d0": 3.897755440734006, "d1": -9.134238813038879, "d2": 1.108525170056597, "g0": 0.5183718103195284, "g1": 0.6494615057501819, "g2": -6.845021174926197, "g3": 1.2148009523396264, "g4": 0.8242768910342091, "g5": 0.5871942352320463, "g6": 0.2172388825180992, "g7": 1.7729085074903077, "i0": 1.13318489083925, "i1": 0.33497374225293275, "i2": -2.362250767885696, "i3": 1.3827383332433538, "i4": 1.018561932422868, "i5": 0.6885317280101815, "i6": 0.369421448260538, "i7": 0.9540072295739958, "r0": 2.264306689775033, "r1": 0.160400046327681, "r2": -2.6717555307855143, "r3": 0.9778821343445347, "r4": 0.9005888198530764, "r5": 0.5484608545029168, "r6": 0.726694497703424, "r7": 1.2780113599411371}, "datetime": {"datetime": "2020-01-17 22:55:15", "elapsed": 7701.771882, "delta": 40.173466}}
{"target": 5.8, "params": {"d0": 2.018113956206771, "d1": -9.3940018982093, "d2": 0.8431077739013849, "g0": 3.6795942192343807, "g1": 0.566130348490864, "g2": -1.7676302989869335, "g3": 1.1009200784998268, "g4": 1.1839312078377353, "g5": 0.01586880076330799, "g6": 0.3521035458669164, "g7": 1.1030797607269043, "i0": 2.7220051225839343, "i1": 0.20103314871167155, "i2": -4.437808279030207, "i3": 0.8131529901266062, "i4": 0.8930049946456957, "i5": 0.42365433630892624, "i6": -0.39367060143285354, "i7": 1.30624501015077, "r0": 4.389390094592739, "r1": 0.10433739981467072, "r2": -6.408467847392495, "r3": 0.7911682940785627, "r4": 1.2382703787852307, "r5": -0.598020619391459, "r6": -0.11816673823591506, "r7": 1.364096987770873}, "datetime": {"datetime": "2020-01-17 22:55:49", "elapsed": 7736.183752, "delta": 34.41187}}
{"target": 11.55, "params": {"d0": 3.326280089000964, "d1": -6.552946904517974, "d2": 0.8708013322373765, "g0": 1.8669255288323017, "g1": 0.5710246261646967, "g2": -0.09248650606965292, "g3": 0.9617321406490955, "g4": 0.9811016681904916, "g5": 0.3299764058752279, "g6": -0.051596462884590355, "g7": 1.2846707931537567, "i0": 4.9735386773966415, "i1": 0.6042673787827755, "i2": -1.7118920496186423, "i3": 0.7253325523892955, "i4": 0.8727451098631045, "i5": 0.36436527074712477, "i6": 0.30961591838652236, "i7": 1.9947909571059785, "r0": 2.478148297254046, "r1": 0.384103868507898, "r2": -8.056259987662383, "r3": 1.1721331556528685, "r4": 1.1833125932725785, "r5": 0.6791026995536444, "r6": -0.29356126060939486, "r7": 0.9088989156355914}, "datetime": {"datetime": "2020-01-17 22:56:23", "elapsed": 7769.545674, "delta": 33.361922}}
