{"target": 20.9, "params": {"d0": 3.4739460335243577, "d1": -9.2623731403561, "d2": 0.8048342541899254, "g0": 0.9998635523537447, "g1": 0.5835569820697944, "g2": -5.318871045474852, "g3": 1.5, "g4": 1.112347484285769, "g5": -0.24609335985671976, "g6": 0.0787170774549505, "g7": 1.6024043588364343, "i0": 4.428196114593828, "i1": 0.7632651921596012, "i2": -5.606461382958353, "i3": 0.9146688023678863, "i4": 1.1852929855291117, "i5": 0.24045944748217757, "i6": -0.2367607201450295, "i7": 1.699755495925722, "r0": 1.8371860391771317, "r1": 0.8130421127749308, "r2": -1.800571615275324, "r3": 1.4251656530125478, "r4": 0.9401038745464002, "r5": -0.671360927560368, "r6": -0.011361672175953592, "r7": 1.5700887097167058}, "datetime": {"datetime": "2020-01-18 23:10:45", "elapsed": 26284.636408, "delta": 95.627289}}
{"target": 21.25, "params": {"d0": 3.7624015346839474, "d1": -1.4293171244101166, "d2": 1.0792773762938626, "g0": 0.5986306424694732, "g1": 0.46609730254561604, "g2": -4.9339670871509265, "g3": 1.088002744362232, "g4": 1.198382927283309, "g5": 0.048409536247759725, "g6": 0.29485559435229863, "g7": 1.7212265041643964, "i0": 4.034924305521287, "i1": 0.7504458652119268, "i2": -6.504889121540615, "i3": 0.9093976872283506, "i4": 1.1882536066398364, "i5": -0.11691433776993196, "i6": 0.08199978998117549, "i7": 1.7507510352593314, "r0": 2.245570684489616, "r1": 0.3583572737542385, "r2": -8.72238166280142, "r3": 0.9738002499897823, "r4": 0.9117283871253461, "r5": 0.5884242380906386, "r6": 0.33877096524804556, "r7": 1.4435101799273877}, "datetime": {"datetime": "2020-01-18 23:12:33", "elapsed": 26392.220809, "delta": 107.584401}}
{"target": 20.45, "params": {"d0": 3.906014154840101, "d1": -1.3318248483759827, "d2": 1.0378421553018802, "g0": 0.5871498823045611, "g1": 0.3951880003670857, "g2": -4.833011678541851, "g3": 1.236367069593752, "g4": 1.2035522720668455, "g5": 0.01913364116209595, "g6": 0.17774487875723924, "g7": 1.62120468290578, "i0": 3.9939872527478855, "i1": 0.7218076033222701, "i2": -6.498773933811099, "i3": 0.919697935928743, "i4": 1.1563731178413004, "i5": -0.2219699801434843, "i6": -0.04075998147699668, "i7": 1.6827307443337514, "r0": 2.1438788161391455, "r1": 0.2725357019946505, "r2": -8.688069327084813, "r3": 1.071494421621665, "r4": 0.8774671183707865, "r5": 0.3388646592301565, "r6": 0.25964536808847044, "r7": 1.542188485884614}, "datetime": {"datetime": "2020-01-18 23:14:19", "elapsed": 26498.022099, "delta": 105.80129}}
{"target": 20.65, "params": {"d0": 3.7834483932062386, "d1": -1.350478001616084, "d2": 1.0811535288813043, "g0": 0.6093642872436287, "g1": 0.47767896198897075, "g2": -4.958095827080015, "g3": 1.0431694525838044, "g4": 1.1821492457352338, "g5": -0.03074129769932222, "g6": 0.1250561294724114, "g7": 1.6840376080628565, "i0": 3.977852365584652, "i1": 0.6337074384568676, "i2": -6.6170225471650195, "i3": 0.9142706214525858, "i4": 1.0552170468367474, "i5": -0.1465006367837524, "i6": 0.16598061118692697, "i7": 1.7206588763411375, "r0": 2.303253814893969, "r1": 0.4308760772120118, "r2": -8.886528846012771, "r3": 0.9440924254068285, "r4": 1.0924991212727688, "r5": 0.703148668044883, "r6": 0.21689121717250484, "r7": 1.442202914424981}, "datetime": {"datetime": "2020-01-18 23:15:41", "elapsed": 26580.170335, "delta": 82.148236}}
{"target": 20.1, "params": {"d0": 3.661114848277468, "d1": -1.3856824709673323, "d2": 1.0894615743097862, "g0": 0.6158049694631246, "g1": 0.33732579320658473, "g2": -5.611663877562576, "g3": 1.1840304552897916, "g4": 1.1021627972859727, "g5": -0.05784155440981804, "g6": 0.1620444086282985, "g7": 1.3928240693741243, "i0": 3.927084992735364, "i1": 0.575612163393343, "i2": -6.588897118776805, "i3": 0.8747217591083255, "i4": 0.8943840739167017, "i5": -0.4716694946378817, "i6": -0.07884276133477777, "i7": 1.68386607432553, "r0": 1.7031239731334835, "r1": 0.30269525445042517, "r2": -8.786067307899483, "r3": 1.1579558704353887, "r4": 1.062177172025996, "r5": 0.33314724891714387, "r6": 0.2438662491520288, "r7": 1.6180613748165402}, "datetime": {"datetime": "2020-01-18 23:17:03", "elapsed": 26662.520132, "delta": 82.349797}}
{"target": 20.5, "params": {"d0": 4.027213935019923, "d1": -1.3180553456971558, "d2": 0.8900230452394734, "g0": 0.6493374314521667, "g1": 0.273656830162573, "g2": -4.9071180216023755, "g3": 1.2081500211932084, "g4": 1.2260285782321767, "g5": -0.02569118783341072, "g6": 0.16948372333958897, "g7": 1.5626381416549333, "i0": 3.6830118889653525, "i1": 0.5466068686518145, "i2": -6.499104117148785, "i3": 1.0289097193206131, "i4": 0.9915261312553579, "i5": -0.4328612928495999, "i6": 0.12703411155061065, "i7": 1.6327547447318513, "r0": 2.0554288805211094, "r1": 0.2877794283917988, "r2": -8.932856678718748, "r3": 1.1654220372429185, "r4": 1.038471670729488, "r5": 0.3830033348413014, "r6": 0.06818351011445527, "r7": 1.6171548220536611}, "datetime": {"datetime": "2020-01-18 23:18:32", "elapsed": 26751.32073, "delta": 88.800598}}
{"target": 20.45, "params": {"d0": 3.7441226466581625, "d1": -1.4664699974248487, "d2": 1.0510088599144023, "g0": 0.49362214688711353, "g1": 0.4123050796566908, "g2": -4.850878758491854, "g3": 1.0538403680215667, "g4": 1.0974015629365748, "g5": -0.08520426141209624, "g6": 0.3227539741739212, "g7": 1.8058228941397876, "i0": 3.811243139515186, "i1": 0.6204852111189325, "i2": -6.3215889044860765, "i3": 0.9219087490709862, "i4": 1.0973598356903769, "i5": -0.13518942443865983, "i6": -0.0038940942877898166, "i7": 1.7790501795928007, "r0": 2.2068087771473763, "r1": 0.4051320905160596, "r2": -8.852700259979212, "r3": 1.043303267973543, "r4": 0.9716291383915573, "r5": 0.4900793214642085, "r6": 0.259985261906143, "r7": 1.5164044499211458}, "datetime": {"datetime": "2020-01-18 23:19:58", "elapsed": 26837.284589, "delta": 85.963859}}
{"target": 20.6, "params": {"d0": 3.8304288543477822, "d1": -1.4395173698096526, "d2": 0.9543110357956083, "g0": 0.6824228670691787, "g1": 0.2618557563266074, "g2": -5.647507020114816, "g3": 1.2220868519266388, "g4": 1.1436107041724402, "g5": -0.030026694760916003, "g6": 0.2342238840554805, "g7": 1.5763615453805857, "i0": 3.7146823747497115, "i1": 0.5812036608459029, "i2": -6.642395613611573, "i3": 1.0720285289399727, "i4": 0.976982080432719, "i5": -0.397794726138127, "i6": 0.15718955119340422, "i7": 1.7215126217275096, "r0": 1.5028975222063325, "r1": 0.05074434186716777, "r2": -8.840021292162351, "r3": 1.2048506409476334, "r4": 1.0742453356126378, "r5": 0.3182905611667452, "r6": 0.24290772091780638, "r7": 1.5235684937272111}, "datetime": {"datetime": "2020-01-18 23:21:24", "elapsed": 26923.700526, "delta": 86.415937}}
{"target": 20.3, "params": {"d0": 3.9473623077496534, "d1": -1.3364830888069437, "d2": 1.0115007280092176, "g0": 0.7299305851376274, "g1": 0.2927594888111816, "g2": -5.247174027490892, "g3": 1.1552167223532481, "g4": 1.2332091988446583, "g5": 0.00977205102943803, "g6": 0.3051887767372879, "g7": 1.630428493419785, "i0": 3.7513403645473407, "i1": 0.7385934415376297, "i2": -6.606167532699687, "i3": 1.0870692017555366, "i4": 1.0737032729075016, "i5": -0.407082520395459, "i6": -0.026347611679930397, "i7": 1.6501964962346418, "r0": 2.0032787915351524, "r1": 0.17421017729980962, "r2": -8.906645454558767, "r3": 1.1136043489811003, "r4": 1.0139195179139842, "r5": 0.4235542957571072, "r6": 0.16814292474975887, "r7": 1.439552552146125}, "datetime": {"datetime": "2020-01-18 23:22:40", "elapsed": 26999.186043, "delta": 75.485517}}
{"target": 19.95, "params": {"d0": 3.914789962041818, "d1": -1.1980480112371101, "d2": 0.9628092777590646, "g0": 0.682635330613915, "g1": 0.447633755802275, "g2": -5.268482903794527, "g3": 1.2437613407456518, "g4": 1.0618295504949122, "g5": 0.048910177239907184, "g6": 0.21084201628156926, "g7": 1.7308804063524177, "i0": 3.7788255086587768, "i1": 0.5033057998240332, "i2": -6.615643846191313, "i3": 0.9383032250859727, "i4": 1.008771429324304, "i5": -0.3436060006369547, "i6": 0.1587046058813319, "i7": 1.7056590563631322, "r0": 1.9315149119992476, "r1": 0.3101649477388152, "r2": -8.908169176796722, "r3": 1.1443906175700154, "r4": 1.0017353292287812, "r5": 0.3224528150219115, "r6": 0.09158544018018089, "r7": 1.546258103557576}, "datetime": {"datetime": "2020-01-18 23:24:06", "elapsed": 27085.727438, "delta": 86.541395}}
{"target": 20.8, "params": {"d0": 3.942757652047836, "d1": -1.217612474104234, "d2": 0.9842042108405916, "g0": 0.7228189773141643, "g1": 0.24046482925884421, "g2": -5.2383832515301085, "g3": 1.0644516252469505, "g4": 1.2395880912017916, "g5": 0.12611284776611928, "g6": 0.26008918692789335, "g7": 1.512014497223577, "i0": 3.76765954704128, "i1": 0.6080263842275313, "i2": -6.640010817169104, "i3": 0.9445440715673419, "i4": 0.9616063104626027, "i5": -0.38886217307003895, "i6": 0.17421644147931797, "i7": 1.7240891200950503, "r0": 1.9402357464253595, "r1": 0.1918068008110193, "r2": -8.940604838887518, "r3": 1.2423347647230698, "r4": 1.0411262023416945, "r5": 0.36114265738897894, "r6": 0.28667432758576505, "r7": 1.586042361009608}, "datetime": {"datetime": "2020-01-18 23:25:29", "elapsed": 27167.977243, "delta": 82.249805}}
{"target": 20.6, "params": {"d0": 3.8028473738025017, "d1": -1.1714491408704015, "d2": 0.9234053125076811, "g0": 0.6596986696964965, "g1": 0.4711262363691769, "g2": -4.995479185295539, "g3": 1.154512668839371, "g4": 1.1850614221002147, "g5": -0.06693813212463634, "g6": 0.24439815101243573, "g7": 1.5602616888368195, "i0": 4.04729795263552, "i1": 0.6850360927514618, "i2": -6.5586672620702124, "i3": 0.9190095817859789, "i4": 0.9154215962884559, "i5": -0.3216231945617014, "i6": 0.004120871267128077, "i7": 1.7021489429800223, "r0": 2.304381961387606, "r1": 0.3274754265215471, "r2": -8.865977630766436, "r3": 1.0381206615568632, "r4": 0.9849420200184026, "r5": 0.5036649552692267, "r6": 0.3086012749436631, "r7": 1.4939682294192622}, "datetime": {"datetime": "2020-01-18 23:26:53", "elapsed": 27252.199151, "delta": 84.221908}}
{"target": 21.5, "params": {"d0": 3.7131028324643185, "d1": -1.5412207521373793, "d2": 1.0877160704672868, "g0": 0.5844972315873918, "g1": 0.28081864920598826, "g2": -6.010954896272477, "g3": 1.1982570514099582, "g4": 1.105861949726333, "g5": 0.0024451822580538653, "g6": 0.1304181401366337, "g7": 1.3756623152703908, "i0": 3.841309618278178, "i1": 0.5548519873362615, "i2": -6.4284969760344985, "i3": 0.9882966188716318, "i4": 0.937095746037069, "i5": -0.23526453748801862, "i6": 0.09684366839041335, "i7": 1.559580196117442, "r0": 1.5238071336070584, "r1": 0.10271845718558129, "r2": -8.845516549804765, "r3": 1.234447431262722, "r4": 1.0953615556634027, "r5": 0.18699757971782793, "r6": 0.11894652753524566, "r7": 1.6025700525638102}, "datetime": {"datetime": "2020-01-18 23:28:09", "elapsed": 27328.772705, "delta": 76.573554}}
{"target": 20.2, "params": {"d0": 3.9051933069371816, "d1": -1.1605383113791397, "d2": 1.0481819943484838, "g0": 0.476579259336958, "g1": 0.45574215127701034, "g2": -4.995894007174767, "g3": 1.1385882312127895, "g4": 1.0676058539848148, "g5": -0.09173323157004837, "g6": 0.035642467016764684, "g7": 1.6984525180977947, "i0": 3.759849472094854, "i1": 0.6657649125260379, "i2": -6.478751205916313, "i3": 1.0247469302815964, "i4": 1.0505972115296591, "i5": -0.14875499976470627, "i6": -0.1435643877648002, "i7": 1.621158296190071, "r0": 2.445650052254224, "r1": 0.36412911487967703, "r2": -8.878844210064976, "r3": 1.1031930482497478, "r4": 1.0991288347989225, "r5": 0.40464508872354243, "r6": 0.049736485447198255, "r7": 1.5566207167419812}, "datetime": {"datetime": "2020-01-18 23:29:27", "elapsed": 27406.753497, "delta": 77.980792}}
{"target": 20.7, "params": {"d0": 3.8462480468095093, "d1": -1.395507507859033, "d2": 1.0546110972658522, "g0": 0.5974358431713324, "g1": 0.23334359138427752, "g2": -5.738674317449428, "g3": 1.242480772966087, "g4": 1.1526110682713282, "g5": 0.07788697742244095, "g6": 0.1520548827351335, "g7": 1.389936795436806, "i0": 3.787156658009823, "i1": 0.6140808656059669, "i2": -6.4895710383377025, "i3": 1.055613723466857, "i4": 0.9175273565073788, "i5": -0.41502467856854985, "i6": 0.08640927594258331, "i7": 1.4717886370847217, "r0": 1.5051589760979927, "r1": 0.1602418014241833, "r2": -8.822541369842307, "r3": 1.2637007571546026, "r4": 1.097089130541123, "r5": 0.2123680456565551, "r6": 0.11876839768090752, "r7": 1.669039502139204}, "datetime": {"datetime": "2020-01-18 23:30:45", "elapsed": 27484.442229, "delta": 77.688732}}
{"target": 19.4, "params": {"d0": 3.702248082860856, "d1": -1.462607056658511, "d2": 1.0504522954904056, "g0": 0.47347891409304227, "g1": 0.47577513831351426, "g2": -5.007226157264335, "g3": 1.1677459195666078, "g4": 1.078071195604712, "g5": 0.1905939935717998, "g6": 0.24956401412604887, "g7": 1.7080157856070284, "i0": 4.030690478747826, "i1": 0.6901110516989255, "i2": -6.676486972003045, "i3": 0.9681537685932022, "i4": 1.0935276713714013, "i5": -0.012752222200706318, "i6": 0.16709373659665927, "i7": 1.4729219676133882, "r0": 2.509082775338442, "r1": 0.3877508952834451, "r2": -8.763758325220213, "r3": 1.046984821318705, "r4": 0.9206592492871842, "r5": 0.6056162162443829, "r6": 0.28781388861704277, "r7": 1.4270613299629513}, "datetime": {"datetime": "2020-01-18 23:32:12", "elapsed": 27571.341441, "delta": 86.899212}}
{"target": 20.65, "params": {"d0": 3.4594653065229517, "d1": -1.4336613145235637, "d2": 1.0847039022473142, "g0": 0.6206724981885582, "g1": 0.5878897967201568, "g2": -4.747780872290458, "g3": 1.2182934951083393, "g4": 1.1502946299132963, "g5": -0.07116732784184096, "g6": 0.2814615114089931, "g7": 1.3846586268017003, "i0": 4.05014113436208, "i1": 0.6349182310951249, "i2": -6.801110440635666, "i3": 0.975781857662122, "i4": 0.9916049081120353, "i5": -0.049574686626416016, "i6": 0.1403039235925157, "i7": 1.5455290437010578, "r0": 2.7079819289858986, "r1": 0.4427200653282813, "r2": -8.925908733718297, "r3": 1.0478831077930133, "r4": 1.175656099939591, "r5": 0.46585310612603387, "r6": 0.2594757123582254, "r7": 1.4507959841601197}, "datetime": {"datetime": "2020-01-18 23:33:33", "elapsed": 27652.700018, "delta": 81.358577}}
{"target": 20.7, "params": {"d0": 3.8869344688209413, "d1": -1.3189397905080875, "d2": 1.11525456058269, "g0": 0.6187426808558981, "g1": 0.25785217648726577, "g2": -4.833718870081298, "g3": 1.1869012758323974, "g4": 1.1459462875495372, "g5": -0.07446044890665393, "g6": 0.12680353438020464, "g7": 1.5878152270289918, "i0": 3.8627583425200767, "i1": 0.6368135700143744, "i2": -6.606047583554586, "i3": 0.8863313487703469, "i4": 1.002873235955869, "i5": -0.2521733279815879, "i6": 0.10395266388034931, "i7": 1.7263641526289315, "r0": 2.009026894476819, "r1": 0.3171121245882472, "r2": -8.799350779179465, "r3": 1.0458061834132133, "r4": 1.0255499386187952, "r5": 0.5162247044706093, "r6": 0.2661572460798094, "r7": 1.5052694015225974}, "datetime": {"datetime": "2020-01-18 23:34:52", "elapsed": 27731.228178, "delta": 78.52816}}
{"target": 20.85, "params": {"d0": 3.6627856037257422, "d1": -1.5074354273041157, "d2": 1.0491381607049557, "g0": 0.719106795552049, "g1": 0.5848980654137979, "g2": -4.632882717972854, "g3": 1.0109523277461292, "g4": 1.213759109734429, "g5": 0.10794042940701569, "g6": 0.3184150806637494, "g7": 1.649931118993987, "i0": 4.016701396022119, "i1": 0.7351516877069709, "i2": -6.586755950605393, "i3": 0.933249865073187, "i4": 1.1537861783700392, "i5": -0.17215372721768218, "i6": 0.06880373024108204, "i7": 1.7491269448311149, "r0": 2.3527744875101817, "r1": 0.40855391612507463, "r2": -8.69809759519047, "r3": 0.9665792918994939, "r4": 1.0629917385133492, "r5": 0.5535167407851083, "r6": 0.2786187797097276, "r7": 1.4684419080877458}, "datetime": {"datetime": "2020-01-18 23:36:05", "elapsed": 27804.077474, "delta": 72.849296}}
{"target": 21.4, "params": {"d0": 3.3667071721528257, "d1": -1.4042492120228016, "d2": 0.9000885414111522, "g0": 0.6002705993429741, "g1": 0.5417792834275066, "g2": -4.797705996837794, "g3": 1.0941813125495201, "g4": 1.169260985293978, "g5": 0.08581202900602285, "g6": 0.17010107380193878, "g7": 1.5765058246805947, "i0": 4.051333856416723, "i1": 0.6591113353045036, "i2": -6.817156808805092, "i3": 0.9843388647288284, "i4": 0.9558120537948264, "i5": -0.1642135055610656, "i6": 0.21989562068794605, "i7": 1.5177017725058413, "r0": 2.8503923715157344, "r1": 0.496169047777174, "r2": -8.77875773809783, "r3": 1.0116106269886158, "r4": 1.0095199244069057, "r5": 0.5333175612493226, "r6": 0.2021658191355711, "r7": 1.4522353246206228}, "datetime": {"datetime": "2020-01-18 23:37:18", "elapsed": 27877.86578, "delta": 73.788306}}
{"target": 21.05, "params": {"d0": 3.448344407613595, "d1": -1.4092034967510372, "d2": 0.9352596878247985, "g0": 0.5728932400123732, "g1": 0.5793755599358428, "g2": -4.63119715732326, "g3": 1.1196109924066304, "g4": 1.1783534159351232, "g5": 0.032973979329080194, "g6": 0.1999264085917433, "g7": 1.5261974776550793, "i0": 4.131764563340055, "i1": 0.6553408247288806, "i2": -6.623083055803105, "i3": 0.9212761478351777, "i4": 0.9189362638513472, "i5": -0.06373220362579247, "i6": 0.277054297771369, "i7": 1.563989710266856, "r0": 2.6484582162744257, "r1": 0.3888508271461697, "r2": -8.769321885549866, "r3": 1.0587655566812473, "r4": 0.942480042062216, "r5": 0.4251510662582595, "r6": 0.17134492479296262, "r7": 1.4447268879355826}, "datetime": {"datetime": "2020-01-18 23:38:38", "elapsed": 27957.698217, "delta": 79.832437}}
{"target": 20.15, "params": {"d0": 3.737556216221846, "d1": -1.6389457557701645, "d2": 1.0939784298710116, "g0": 0.694966776616786, "g1": 0.379049119219248, "g2": -6.096595978139706, "g3": 1.17740183384054, "g4": 1.0959690821568218, "g5": -0.002370722912066836, "g6": 0.038600094502621266, "g7": 1.3896195674481426, "i0": 3.9542483740798247, "i1": 0.5249662622694168, "i2": -6.5088740019818, "i3": 0.8974651967798355, "i4": 0.955022999340047, "i5": -0.23125498144756726, "i6": 0.12998548327612913, "i7": 1.664436332824939, "r0": 1.5010296148882956, "r1": 0.07486274755003079, "r2": -8.76832202356134, "r3": 1.163803838641615, "r4": 1.1226791454282083, "r5": 0.2786426041207967, "r6": 0.12950076560747328, "r7": 1.4946428478204967}, "datetime": {"datetime": "2020-01-18 23:39:44", "elapsed": 28023.35511, "delta": 65.656893}}
{"target": 20.7, "params": {"d0": 3.631950960801174, "d1": -1.5985240680936634, "d2": 0.9722058946534853, "g0": 0.46670727728709716, "g1": 0.24197260783915828, "g2": -6.0117117634916895, "g3": 1.1911792793123177, "g4": 1.0386474420115417, "g5": -0.09201632649349788, "g6": 0.2562149113890153, "g7": 1.4712491652102184, "i0": 3.765074366671025, "i1": 0.5349888705735968, "i2": -6.464149206224853, "i3": 1.0032345077060822, "i4": 0.9040863778276528, "i5": -0.29082841130221226, "i6": 0.029572125593263804, "i7": 1.6099379659993656, "r0": 1.52125997462788, "r1": 0.20010911957228616, "r2": -8.858594009190634, "r3": 1.2653806581273117, "r4": 1.0559396757635844, "r5": 0.15696544706802287, "r6": 0.21226703033120153, "r7": 1.62577719325692}, "datetime": {"datetime": "2020-01-18 23:41:00", "elapsed": 28099.250605, "delta": 75.895495}}
{"target": 20.3, "params": {"d0": 3.894568576735304, "d1": -1.3819782978150257, "d2": 0.9023301069351893, "g0": 0.5352717541918536, "g1": 0.44033960738502514, "g2": -4.810477595983951, "g3": 1.1110777218438963, "g4": 1.1185651590874963, "g5": -0.09086866713088053, "g6": 0.11371429304641502, "g7": 1.5986951034699388, "i0": 4.081373461989159, "i1": 0.6191261125900535, "i2": -6.538850597178301, "i3": 0.944488575221799, "i4": 1.005097334206592, "i5": -0.212599938775246, "i6": -0.006890126113822829, "i7": 1.6314073924399994, "r0": 2.0578279614658173, "r1": 0.33926834123043637, "r2": -8.975766505535267, "r3": 1.0816714416247653, "r4": 1.0660124420712642, "r5": 0.2951941192306413, "r6": 0.12478794514883401, "r7": 1.4231833447316198}, "datetime": {"datetime": "2020-01-18 23:42:17", "elapsed": 28176.210678, "delta": 76.960073}}
{"target": 20.6, "params": {"d0": 3.889276647970123, "d1": -1.549688125292596, "d2": 0.8270202632127205, "g0": 0.4689241081494031, "g1": 0.4009639175378823, "g2": -4.933242670528188, "g3": 1.1952647759210282, "g4": 1.1824086912792124, "g5": -0.13548689355237753, "g6": 0.11971495310258752, "g7": 1.5043400208646833, "i0": 3.803581578917674, "i1": 0.6395617892900662, "i2": -6.403211491479277, "i3": 1.0525148377825193, "i4": 0.9654439000802723, "i5": -0.28674628945343333, "i6": 0.24610600780086161, "i7": 1.6081397832505924, "r0": 2.1420394000639775, "r1": 0.47420206600725906, "r2": -8.560044114796336, "r3": 1.0024658301327503, "r4": 1.0572692545148434, "r5": 0.4977793251160555, "r6": 0.21477414193320654, "r7": 1.550137929305147}, "datetime": {"datetime": "2020-01-18 23:43:34", "elapsed": 28253.285042, "delta": 77.074364}}
{"target": 21.1, "params": {"d0": 3.375294020381414, "d1": -1.3771834291179046, "d2": 1.0185530170176178, "g0": 0.7107658237706282, "g1": 0.47392855455405347, "g2": -4.8078333585553565, "g3": 1.0943947428285175, "g4": 1.0308447437933537, "g5": 0.10268786820980774, "g6": 0.16178384761910183, "g7": 1.4843634855003236, "i0": 4.01297933587386, "i1": 0.5704519960862622, "i2": -6.671768811894367, "i3": 1.057858215086416, "i4": 0.976325733556136, "i5": -0.14573261503103133, "i6": 0.19958697974983905, "i7": 1.5117538514298532, "r0": 2.7381786893385027, "r1": 0.39303310401577, "r2": -8.812568183791607, "r3": 1.1032415420173811, "r4": 0.9973024913947562, "r5": 0.5005655588029085, "r6": 0.3334777881436747, "r7": 1.4530876990541859}, "datetime": {"datetime": "2020-01-18 23:44:47", "elapsed": 28326.406953, "delta": 73.121911}}
