{"target": 20.9, "params": {"d0": 3.9755704365537547, "d1": -1.302701464202206, "d2": 1.0205804813625479, "g0": 0.6364410260173656, "g1": 0.28013395111070377, "g2": -5.1870471632478585, "g3": 1.0980910521509015, "g4": 1.1425023306599678, "g5": -0.11390113900925393, "g6": 0.2595706552327405, "g7": 1.6067140453296562, "i0": 3.7592494908230347, "i1": 0.5706819098021951, "i2": -6.586395945706809, "i3": 0.9955398891619723, "i4": 0.8864454006188662, "i5": -0.42760875517405195, "i6": 0.10084228618757088, "i7": 1.7704716674834757, "r0": 1.9761709985871658, "r1": 0.2854182980490882, "r2": -8.933422804065602, "r3": 1.090930028611999, "r4": 1.1654853812076065, "r5": 0.48814176172653884, "r6": 0.07646469528364085, "r7": 1.5342015645783884}, "datetime": {"datetime": "2020-01-18 19:02:58", "elapsed": 11417.523773, "delta": 181.239924}}
{"target": 20.95, "params": {"d0": 3.8929286757810813, "d1": -1.3376608278231743, "d2": 0.8920095560523638, "g0": 0.5752377347404196, "g1": 0.32439673335738345, "g2": -4.9714387974194105, "g3": 1.2005903110341023, "g4": 1.0935538908894564, "g5": -0.07843962115680272, "g6": 0.10232548269264626, "g7": 1.5658105860879301, "i0": 3.8280654251306863, "i1": 0.5851983017730018, "i2": -6.572729375455367, "i3": 1.0308468629770626, "i4": 1.0318998310603917, "i5": -0.32478270422324995, "i6": -0.012926830849312365, "i7": 1.4948688733625735, "r0": 2.019759647203174, "r1": 0.35395870003060187, "r2": -8.791573976134817, "r3": 1.1090639105111546, "r4": 0.8535196524454024, "r5": 0.4224190064960192, "r6": 0.11506102381313514, "r7": 1.5113709058103248}, "datetime": {"datetime": "2020-01-18 19:05:59", "elapsed": 11598.390078, "delta": 180.866305}}
{"target": 20.55, "params": {"d0": 3.935295969791506, "d1": -1.318137250356106, "d2": 0.9474142511625652, "g0": 0.5124748971797889, "g1": 0.3873439875060354, "g2": -4.982979591857436, "g3": 1.3048919298519426, "g4": 1.1562360035731587, "g5": 0.06773639995215383, "g6": 0.16450027952305377, "g7": 1.6373296022016592, "i0": 3.7933043512721656, "i1": 0.7691823647066505, "i2": -6.540895593641005, "i3": 0.9717626153703416, "i4": 0.9549842583837181, "i5": -0.3299659663720675, "i6": 0.042821709484929235, "i7": 1.5951283752245256, "r0": 2.0182894296692937, "r1": 0.295531611312853, "r2": -8.81111075360621, "r3": 1.1449547909288111, "r4": 1.2098821862792797, "r5": 0.32521906562812103, "r6": 0.2549277992484568, "r7": 1.5159709431653399}, "datetime": {"datetime": "2020-01-18 19:09:06", "elapsed": 11784.96855, "delta": 186.578472}}
{"target": 20.35, "params": {"d0": 3.7779479067808754, "d1": -1.2811194485159756, "d2": 1.131401330658553, "g0": 0.5790601018077717, "g1": 0.3404660689146805, "g2": -4.786807813623068, "g3": 1.1618879861381988, "g4": 1.0307727118394807, "g5": -0.09337682592597094, "g6": 0.25559999996627153, "g7": 1.7219479538140616, "i0": 4.179495596655981, "i1": 0.6291262674191481, "i2": -6.777212535591463, "i3": 0.9414614808517832, "i4": 1.0603554065306109, "i5": -0.13382038598780296, "i6": -0.006650411063710656, "i7": 1.6771720273390271, "r0": 2.453740169898704, "r1": 0.36526173062378603, "r2": -8.824007539539071, "r3": 1.062449112880661, "r4": 0.9393446523510436, "r5": 0.39732396568054495, "r6": 0.2096503665933569, "r7": 1.5373569636233306}, "datetime": {"datetime": "2020-01-18 19:12:13", "elapsed": 11972.653893, "delta": 187.685343}}
{"target": 20.75, "params": {"d0": 3.914527291384822, "d1": -1.7014003952846437, "d2": 0.9135657967863166, "g0": 0.5409692845668845, "g1": 0.4436117479212413, "g2": -4.832191024612522, "g3": 1.1431235403472493, "g4": 1.1209892141842233, "g5": -0.09600133299259382, "g6": 0.20825068670409672, "g7": 1.6078307489176227, "i0": 3.637022257223138, "i1": 0.6330895126456233, "i2": -6.114681893798065, "i3": 1.0552041082536898, "i4": 1.1678487700473426, "i5": -0.10620478568137068, "i6": 0.12335384728150281, "i7": 1.7424668396382545, "r0": 2.2584052579338385, "r1": 0.3683322897897785, "r2": -8.527846779630016, "r3": 1.0240052805876305, "r4": 0.9913025646616217, "r5": 0.6611321138772377, "r6": 0.1994940127575934, "r7": 1.606071355780688}, "datetime": {"datetime": "2020-01-18 19:15:22", "elapsed": 12161.758785, "delta": 189.104892}}
{"target": 20.95, "params": {"d0": 4.08045959460363, "d1": -1.3194672152325, "d2": 0.8961792630773513, "g0": 0.5542086574153413, "g1": 0.3516628499028529, "g2": -5.131768574669867, "g3": 1.0734753174544958, "g4": 1.1467606412709792, "g5": 0.047922504842619916, "g6": 0.35223190764425116, "g7": 1.7391174206822668, "i0": 3.6686560004237143, "i1": 0.5536432386100479, "i2": -6.570729652536939, "i3": 1.0848482572833997, "i4": 1.1232797809097887, "i5": -0.3911804391670502, "i6": 0.1115411957710625, "i7": 1.7340951623355043, "r0": 2.1237151943048374, "r1": 0.2169190647456021, "r2": -8.952897471394326, "r3": 1.091918516374175, "r4": 0.9325433131331545, "r5": 0.42584235475424187, "r6": 0.2289340412835184, "r7": 1.4320544791693337}, "datetime": {"datetime": "2020-01-18 19:18:43", "elapsed": 12362.714576, "delta": 200.955791}}
{"target": 19.95, "params": {"d0": 3.6315575124373587, "d1": -1.8689107891485293, "d2": 0.970484186565518, "g0": 0.48159920422223484, "g1": 0.29507589087291786, "g2": -6.305641649723298, "g3": 1.1751173351489095, "g4": 1.0760909485100996, "g5": -0.08176694070382054, "g6": 0.13414201023221958, "g7": 1.3153374835096878, "i0": 3.7279421113646602, "i1": 0.45150257880283273, "i2": -6.440654445693338, "i3": 1.0161085583421758, "i4": 0.9804233852155083, "i5": -0.1646453877113213, "i6": 0.25797606990819966, "i7": 1.605593011594472, "r0": 1.3404167421584747, "r1": 0.21216000842712923, "r2": -8.388062241125416, "r3": 1.1871308382564918, "r4": 1.0969097234080332, "r5": 0.3238681197442342, "r6": 0.3447528063775117, "r7": 1.558106967464773}, "datetime": {"datetime": "2020-01-18 19:21:56", "elapsed": 12554.998723, "delta": 192.284147}}
{"target": 20.9, "params": {"d0": 3.92949721685596, "d1": -1.1166741565696297, "d2": 1.024796530208973, "g0": 0.745916533889053, "g1": 0.38097361502992233, "g2": -5.128992342120827, "g3": 1.1019051725885272, "g4": 1.283444124510117, "g5": -0.06286007156081215, "g6": 0.21366129415196033, "g7": 1.7108619336876878, "i0": 3.71314312227591, "i1": 0.6942083919785851, "i2": -6.459026337210247, "i3": 1.0227215363923283, "i4": 1.1131865075765544, "i5": -0.27986105015333596, "i6": 0.05161026736262189, "i7": 1.7699745408570724, "r0": 2.2288949451707407, "r1": 0.302990616665101, "r2": -8.81102315704752, "r3": 1.101043816326189, "r4": 0.9704260794917212, "r5": 0.40384633684288446, "r6": 0.1001151993123747, "r7": 1.6125104537869441}, "datetime": {"datetime": "2020-01-18 19:24:48", "elapsed": 12727.436135, "delta": 172.437412}}
{"target": 20.3, "params": {"d0": 3.987093955306872, "d1": -1.3888411986528841, "d2": 0.9282653335986858, "g0": 0.7041849513928431, "g1": 0.35014186114748036, "g2": -4.853635949287514, "g3": 1.2976694741972312, "g4": 0.9463345072091678, "g5": -0.0402753765080898, "g6": 0.2505293381599503, "g7": 1.636282121558119, "i0": 3.912513449963473, "i1": 0.6298643885893791, "i2": -6.510342936412004, "i3": 1.0055082101589763, "i4": 1.0285140204151062, "i5": -0.22960581122345095, "i6": -0.05386082060977033, "i7": 1.696069648903642, "r0": 2.1715016130784455, "r1": 0.21081317732494864, "r2": -8.742548190624014, "r3": 1.0244160568068867, "r4": 1.0561924078055602, "r5": 0.5376144691635396, "r6": 0.1335464052356377, "r7": 1.4218822991148046}, "datetime": {"datetime": "2020-01-18 19:27:42", "elapsed": 12901.880498, "delta": 174.444363}}
{"target": 21.15, "params": {"d0": 3.9228227196125696, "d1": -1.4929113106992522, "d2": 1.03498179058164, "g0": 0.5520778726165344, "g1": 0.3977637573571763, "g2": -4.810416110117271, "g3": 1.0496712882749897, "g4": 1.2334376159738036, "g5": -0.011937936718105054, "g6": 0.16515141632593416, "g7": 1.5384524650384037, "i0": 3.8698296909475918, "i1": 0.6145029996733966, "i2": -6.597213582515772, "i3": 0.9430728209727145, "i4": 1.1415141098604098, "i5": -0.377136264516423, "i6": 0.19271446877453616, "i7": 1.677051220908884, "r0": 2.0437364992323257, "r1": 0.4682092226766036, "r2": -8.81957053562643, "r3": 1.0227856186908968, "r4": 0.9936226124986928, "r5": 0.4010829696800731, "r6": 0.2742548418430929, "r7": 1.5533578967116806}, "datetime": {"datetime": "2020-01-18 19:30:43", "elapsed": 13082.277782, "delta": 180.397284}}
{"target": 20.8, "params": {"d0": 3.920150020762936, "d1": -1.4183405892054908, "d2": 0.9490098200112078, "g0": 0.5435571875641863, "g1": 0.2969019535043449, "g2": -4.80241552916801, "g3": 0.9835890660609957, "g4": 1.2607080558705743, "g5": -0.04855168126809159, "g6": 0.09567385039836677, "g7": 1.5938614409376346, "i0": 3.948261026453, "i1": 0.7266486859892304, "i2": -6.564904501861013, "i3": 1.0231477056515668, "i4": 0.9304980543764092, "i5": -0.26183798587969054, "i6": 0.07541622581399747, "i7": 1.6518145716330956, "r0": 2.153780304384054, "r1": 0.21732960992939188, "r2": -8.821159484317983, "r3": 1.151572238950413, "r4": 0.9543141340316503, "r5": 0.42982902402998524, "r6": 0.2851997801673227, "r7": 1.5009097911332745}, "datetime": {"datetime": "2020-01-18 19:33:41", "elapsed": 13260.553733, "delta": 178.275951}}
{"target": 20.75, "params": {"d0": 3.90763193693406, "d1": -1.2971062871446901, "d2": 1.029080352856017, "g0": 0.6690290304211964, "g1": 0.28600679185581135, "g2": -5.303760285803443, "g3": 1.115769061326021, "g4": 1.222713319434052, "g5": 0.10119541430898348, "g6": 0.37063358820829184, "g7": 1.5765301557310696, "i0": 3.682846307423768, "i1": 0.6136337273835647, "i2": -6.574527715662994, "i3": 0.9781703019221438, "i4": 1.0587562281556917, "i5": -0.4443868176456203, "i6": 0.17279516320166846, "i7": 1.6689450965145538, "r0": 1.7459704306436397, "r1": 0.3605354369768681, "r2": -8.816453601280553, "r3": 1.0892627420226806, "r4": 0.974526337575203, "r5": 0.37776045993018526, "r6": 0.10282427164708048, "r7": 1.4833372147343091}, "datetime": {"datetime": "2020-01-18 19:36:57", "elapsed": 13456.78435, "delta": 196.230617}}
{"target": 20.75, "params": {"d0": 3.4868233256106396, "d1": -1.3834287629653734, "d2": 0.98240911119789, "g0": 0.5077941230737198, "g1": 0.5601534765119828, "g2": -5.177342959705116, "g3": 1.218787003648831, "g4": 1.1260946575329145, "g5": 0.05549386354647176, "g6": 0.1103211493507382, "g7": 1.592672566688921, "i0": 3.854484131746935, "i1": 0.6290355098084096, "i2": -6.925361737824107, "i3": 0.987418215979727, "i4": 1.0768288367267942, "i5": -0.02044398034581623, "i6": 0.21347111242743783, "i7": 1.4193245414054358, "r0": 2.720630638836195, "r1": 0.4856452401704358, "r2": -8.976424806336299, "r3": 1.0478681952289077, "r4": 1.078779851074181, "r5": 0.47445218756435825, "r6": 0.27483197996147635, "r7": 1.4381309489253904}, "datetime": {"datetime": "2020-01-18 19:40:00", "elapsed": 13639.449318, "delta": 182.664968}}
{"target": 21.0, "params": {"d0": 3.9226288211183604, "d1": -1.2995003624661388, "d2": 1.0539829457224918, "g0": 0.5878498412585776, "g1": 0.42675333487520206, "g2": -4.875625202921067, "g3": 1.2137065941300313, "g4": 1.2112333229523207, "g5": -0.18979853904229646, "g6": 0.19556431975895155, "g7": 1.5896358228552727, "i0": 3.914787258419699, "i1": 0.5504831996124999, "i2": -6.558890850091283, "i3": 0.9730591958482985, "i4": 1.1842562587101468, "i5": -0.3840444195873922, "i6": 0.061056819839245, "i7": 1.589843176087636, "r0": 2.1453251331855396, "r1": 0.29481537575980443, "r2": -8.868957269695759, "r3": 1.166283992174325, "r4": 1.0768901176763348, "r5": 0.40513475105334606, "r6": 0.2849864061178263, "r7": 1.4504472126777606}, "datetime": {"datetime": "2020-01-18 19:43:19", "elapsed": 13837.956609, "delta": 198.507291}}
{"target": 20.6, "params": {"d0": 3.907350447425106, "d1": -1.3424264832286807, "d2": 0.9964668760126657, "g0": 0.6463273783073155, "g1": 0.2900353896944509, "g2": -5.795423004186589, "g3": 1.2071470060819465, "g4": 1.0815989174136704, "g5": -0.0952030660395898, "g6": 0.0857668863382708, "g7": 1.4821400999474195, "i0": 4.006966473488018, "i1": 0.5592704526121837, "i2": -6.639613637944321, "i3": 0.9923795940556183, "i4": 0.8781311542609717, "i5": -0.3090380228462972, "i6": 0.13437303180844265, "i7": 1.5487957687567062, "r0": 1.7368414908511727, "r1": 0.2595755119575121, "r2": -8.90717016798537, "r3": 1.190716549252624, "r4": 1.0688456207678445, "r5": 0.34889175420511714, "r6": 0.2522604013061209, "r7": 1.5157191804717234}, "datetime": {"datetime": "2020-01-18 19:46:24", "elapsed": 14023.275867, "delta": 185.319258}}
{"target": 20.7, "params": {"d0": 3.4807195878330464, "d1": -1.5868004338641233, "d2": 0.9393148321448501, "g0": 0.597817665842601, "g1": 0.613722696870241, "g2": -4.688739712030751, "g3": 1.1572206022540192, "g4": 1.12960769230796, "g5": 0.01666938007888933, "g6": 0.16901925025822404, "g7": 1.4449322013667247, "i0": 3.9874497397692203, "i1": 0.675058909783121, "i2": -6.2904304235168835, "i3": 1.010043860762143, "i4": 1.1213556138394474, "i5": 0.010665698481535292, "i6": 0.19337609327132302, "i7": 1.5583226340466176, "r0": 2.424923619039157, "r1": 0.536775545250291, "r2": -8.516194456495684, "r3": 1.007820136748406, "r4": 1.0387367285039382, "r5": 0.49239493477680146, "r6": 0.24949591424690415, "r7": 1.613554353076984}, "datetime": {"datetime": "2020-01-18 19:49:22", "elapsed": 14200.934448, "delta": 177.658581}}
{"target": 20.4, "params": {"d0": 3.362349064158327, "d1": -9.112662719387263, "d2": 0.8494408567080086, "g0": 0.7821197220134528, "g1": 0.5804852003085715, "g2": -5.253069315988243, "g3": 1.4538971002621999, "g4": 0.9969614525128082, "g5": -0.3487304743812427, "g6": 0.15993491324322598, "g7": 1.631526789200915, "i0": 4.552358047083694, "i1": 0.8344356980829645, "i2": -5.932266371479679, "i3": 0.9135053688680081, "i4": 1.1882089251365413, "i5": 0.2622639207473615, "i6": -0.11823729621057673, "i7": 1.7317027972399057, "r0": 1.7143770739645992, "r1": 0.9260180183211341, "r2": -1.527166077513299, "r3": 1.5, "r4": 0.921152931617922, "r5": -0.5460944648546786, "r6": 0.1075620174903627, "r7": 1.564544102381864}, "datetime": {"datetime": "2020-01-18 19:52:24", "elapsed": 14383.819192, "delta": 182.884744}}
{"target": 20.8, "params": {"d0": 3.180838579517497, "d1": -9.164640282614904, "d2": 0.8989756496495279, "g0": 0.8852628662273054, "g1": 0.47616436185956224, "g2": -5.41937415889453, "g3": 1.4296149434613885, "g4": 1.0925593555135928, "g5": -0.37236293457006786, "g6": 0.1501371185260436, "g7": 1.6753034039999994, "i0": 4.4176840623483775, "i1": 0.6453831249387657, "i2": -5.623818968889106, "i3": 1.0749603718670957, "i4": 1.0474190452757524, "i5": -0.016630290064835445, "i6": -0.25955186970542204, "i7": 1.7396892134424855, "r0": 1.8616727183813981, "r1": 0.6516889857691761, "r2": -1.7286721220278611, "r3": 1.3055273153518387, "r4": 0.991421499689319, "r5": -0.42692907189549917, "r6": 0.05364389271784943, "r7": 1.5262661877781285}, "datetime": {"datetime": "2020-01-18 19:55:39", "elapsed": 14578.717668, "delta": 194.898476}}
{"target": 21.15, "params": {"d0": 3.907095577149867, "d1": -1.816480094388451, "d2": 0.8648246983419154, "g0": 0.4591669312584452, "g1": 0.4326388315556306, "g2": -4.9817508663629, "g3": 1.1871839293504582, "g4": 1.0709110863703586, "g5": -0.13130606897172467, "g6": 0.06276535387663304, "g7": 1.2378454798453977, "i0": 3.73362758297822, "i1": 0.5264497942962874, "i2": -6.2784719821539445, "i3": 1.0740057113074644, "i4": 1.0151227977304493, "i5": -0.08987756145404656, "i6": 0.3532768155406522, "i7": 1.5156581299893688, "r0": 1.9867845022612451, "r1": 0.4453650786148268, "r2": -8.516569322289383, "r3": 1.0871380951812701, "r4": 1.056501085135967, "r5": 0.471572785039814, "r6": 0.3224919537728581, "r7": 1.6037125900147116}, "datetime": {"datetime": "2020-01-18 19:58:51", "elapsed": 14770.562264, "delta": 191.844596}}
{"target": 21.1, "params": {"d0": 3.9320111493120926, "d1": -1.2772048184023224, "d2": 0.8998914963743113, "g0": 0.5889361197898746, "g1": 0.39737698269245125, "g2": -4.858833061316341, "g3": 1.1969699170852597, "g4": 1.1230182142176002, "g5": 0.01966260256643894, "g6": 0.1675162563252532, "g7": 1.5722423287241354, "i0": 3.8961041063418875, "i1": 0.5218281581205744, "i2": -6.580794939716415, "i3": 0.7800823386579221, "i4": 0.9828653176989723, "i5": -0.2810879886219774, "i6": 0.1364078228810392, "i7": 1.729738783514606, "r0": 2.1182182898196578, "r1": 0.34580439826356746, "r2": -8.859576749415554, "r3": 1.0993184047499729, "r4": 0.9506704906920479, "r5": 0.3522278819376673, "r6": 0.23742676688426512, "r7": 1.5675166351250156}, "datetime": {"datetime": "2020-01-18 20:01:47", "elapsed": 14946.793302, "delta": 176.231038}}
{"target": 20.85, "params": {"d0": 3.92967559638222, "d1": -1.3213404989756017, "d2": 1.0145934320096666, "g0": 0.5836865800751677, "g1": 0.350902474333614, "g2": -4.870448735185791, "g3": 1.2379081082923544, "g4": 1.1844559692075085, "g5": 0.01671670697616008, "g6": 0.17649376452015333, "g7": 1.5142817026646445, "i0": 3.9199179260725696, "i1": 0.5881992822010578, "i2": -6.590087467702389, "i3": 1.1595660872588027, "i4": 1.0048999161921013, "i5": -0.27170772116737696, "i6": 0.010363582811468717, "i7": 1.7702196273350281, "r0": 2.1033853763301047, "r1": 0.4617047246727262, "r2": -8.898420324589937, "r3": 1.042812607530092, "r4": 0.9884702766340382, "r5": 0.3358638647890057, "r6": 0.2529638747383695, "r7": 1.5026642360542268}, "datetime": {"datetime": "2020-01-18 20:04:54", "elapsed": 15133.615027, "delta": 186.821725}}
{"target": 20.45, "params": {"d0": 3.9287651479359265, "d1": -1.307801435245168, "d2": 1.0039813602883496, "g0": 0.5910486620865067, "g1": 0.39303608325204575, "g2": -4.883232162845018, "g3": 1.0913156433243134, "g4": 1.0120382774018004, "g5": -0.08636629827928315, "g6": 0.2220977313416264, "g7": 1.5818075274012857, "i0": 3.8836064520034186, "i1": 0.7391170998888221, "i2": -6.5731329453093865, "i3": 0.9693406339084613, "i4": 1.0714209476921728, "i5": -0.34622355770015806, "i6": 0.1567141747025274, "i7": 1.5484143879162162, "r0": 2.124508993497053, "r1": 0.26464593398021125, "r2": -8.88847994154664, "r3": 0.9152970206068398, "r4": 1.0043171636582957, "r5": 0.3091464159471636, "r6": 0.21696716422991857, "r7": 1.6263010028974034}, "datetime": {"datetime": "2020-01-18 20:08:00", "elapsed": 15319.288423, "delta": 185.673396}}
{"target": 20.65, "params": {"d0": 3.8663186587556706, "d1": -1.3688129902692647, "d2": 0.8535865133130129, "g0": 0.6030080918360453, "g1": 0.2368884986850833, "g2": -4.848326990072933, "g3": 1.0701473052641564, "g4": 1.1510542752342598, "g5": 0.014515702268011497, "g6": 0.22008223299515875, "g7": 1.5178461322645023, "i0": 3.9355205384357395, "i1": 0.6484935757611866, "i2": -6.576213804021379, "i3": 0.884177343329402, "i4": 1.1733378062961437, "i5": -0.3064182044410478, "i6": -0.04701436477662762, "i7": 1.684813103128598, "r0": 2.086492604010546, "r1": 0.42636121197008914, "r2": -8.76694464697346, "r3": 1.2199351055198464, "r4": 1.1163261186194624, "r5": 0.4334085730265814, "r6": 0.1875018854031128, "r7": 1.5182826435991745}, "datetime": {"datetime": "2020-01-18 20:11:21", "elapsed": 15520.651299, "delta": 201.362876}}
{"target": 20.6, "params": {"d0": 3.9115722401453916, "d1": -1.7654430338614784, "d2": 1.0485430497796617, "g0": 0.5077769125029821, "g1": 0.5533296901066228, "g2": -4.878337874987314, "g3": 1.2165584554882563, "g4": 1.204403094661837, "g5": 0.044185629764030114, "g6": 0.06829222401366915, "g7": 1.552617102920888, "i0": 3.8327931967781415, "i1": 0.5354341872881586, "i2": -6.541500851890654, "i3": 0.9429673760513351, "i4": 1.026721829265177, "i5": -0.2110598007808083, "i6": 0.26783321002345545, "i7": 1.586420331153269, "r0": 2.102911157963664, "r1": 0.39674150333445146, "r2": -8.618638179145925, "r3": 1.1254264889312364, "r4": 0.9482205549136541, "r5": 0.6214556460748697, "r6": 0.31539707262096145, "r7": 1.4424005245637588}, "datetime": {"datetime": "2020-01-18 20:14:39", "elapsed": 15718.185083, "delta": 197.533784}}
{"target": 20.7, "params": {"d0": 3.754413432035459, "d1": -1.0703348894843736, "d2": 0.9739154015306485, "g0": 0.5476744688198569, "g1": 0.5646439870149098, "g2": -5.189441006845453, "g3": 1.2649627925261233, "g4": 1.1640636761720184, "g5": -0.05497019205054489, "g6": 0.09217712772106375, "g7": 1.751930154255418, "i0": 4.005638466147258, "i1": 0.6110889608361458, "i2": -6.626060767246102, "i3": 0.9652506740703091, "i4": 0.9455707546138433, "i5": -0.07240802725396031, "i6": 0.041993803483104025, "i7": 1.5947990045149272, "r0": 2.4332984518672687, "r1": 0.3127598743259836, "r2": -9.050947719466457, "r3": 1.1723281758596482, "r4": 1.0221504382808346, "r5": 0.44649012541329147, "r6": 0.18119643940050317, "r7": 1.4256918445168045}, "datetime": {"datetime": "2020-01-18 20:17:52", "elapsed": 15911.210972, "delta": 193.025889}}
{"target": 20.25, "params": {"d0": 3.9152775167880747, "d1": -1.532825299039166, "d2": 0.8739970611059019, "g0": 0.3810198713414522, "g1": 0.5034509915433484, "g2": -4.601173813989191, "g3": 1.231117077602782, "g4": 1.1916248307094717, "g5": -0.24183463385994558, "g6": 0.10130268247494187, "g7": 1.4007087791446584, "i0": 3.702640759908682, "i1": 0.5089441995450019, "i2": -6.133022887169736, "i3": 1.0977095718006307, "i4": 1.0804865823438354, "i5": 0.03857217678238319, "i6": 0.26928477911371373, "i7": 1.6125347381764366, "r0": 2.2717686773878873, "r1": 0.42760622476694177, "r2": -8.429126217851953, "r3": 1.1206803824435756, "r4": 1.0718478788446875, "r5": 0.3476701458519775, "r6": 0.13733528457828734, "r7": 1.6758518413793162}, "datetime": {"datetime": "2020-01-18 20:21:21", "elapsed": 16120.008255, "delta": 208.797283}}
