{"target": 19.75, "params": {"d0": 2.5552369901812826, "d1": -1.5438618471631393, "d2": 0.8186738926061032, "g0": 1.2359787042992236, "g1": 0.07655162514602443, "g2": -4.379242450779016, "g3": 1.2923734607740487, "g4": 1.1009166116742906, "g5": 0.43510493453551047, "g6": 0.14164714984371285, "g7": 1.8469518015297177, "i0": 2.2203969310993807, "i1": 0.9593736863580015, "i2": -5.3696796508092435, "i3": 1.4351417010292111, "i4": 0.9130320082219252, "i5": 0.6999825972348854, "i6": 0.6285166725902638, "i7": 1.2680828883504915, "r0": 2.3822311466144965, "r1": 0.2637675272486647, "r2": -1.2243783958767622, "r3": 1.028373863258313, "r4": 1.1713728518389661, "r5": -0.6991575657441333, "r6": -0.4548893026856393, "r7": 1.8531469766178224}, "datetime": {"datetime": "2020-01-18 07:20:29", "elapsed": 38015.798448, "delta": 30.128235}}
{"target": 14.0, "params": {"d0": 2.608305070767693, "d1": -5.125885309759961, "d2": 1.3666242648295122, "g0": 1.3477113895039943, "g1": 0.9942691420196684, "g2": -2.1708689597490824, "g3": 1.4206814833609873, "g4": 1.2552545591116178, "g5": 0.7457521385490535, "g6": -0.3449516970308406, "g7": 1.1031919445242964, "i0": 2.996921231147293, "i1": 0.3212036756890482, "i2": -8.162136031544321, "i3": 1.335308364744133, "i4": 1.12654550968815, "i5": 0.2033796487146975, "i6": 0.7100298744291182, "i7": 1.1702176955735852, "r0": 2.6585338636906903, "r1": 0.41234896601181303, "r2": -4.646593118033387, "r3": 0.9212638710705211, "r4": 1.0053722626847654, "r5": 0.31307862884296456, "r6": -0.43361419075326096, "r7": 1.0055757098128424}, "datetime": {"datetime": "2020-01-18 07:21:04", "elapsed": 38050.480528, "delta": 34.68208}}
{"target": 8.05, "params": {"d0": 4.330112345846458, "d1": -1.1729965707933037, "d2": 1.1173801329840067, "g0": 2.3068201804175734, "g1": 0.7549756248552529, "g2": -0.41253647732378873, "g3": 0.7561636546973014, "g4": 1.008977960975967, "g5": 0.2713764248669013, "g6": -0.42258506491616454, "g7": 1.3068948301160273, "i0": 1.9637422389414745, "i1": 0.06597423009228798, "i2": -7.141443545045975, "i3": 0.8979416684456144, "i4": 0.9031998792187352, "i5": -0.14777449015939026, "i6": 0.7428542872753396, "i7": 1.964287300710886, "r0": 1.3446985326047929, "r1": 0.22120781111963628, "r2": -3.036005554775083, "r3": 0.9004210981363869, "r4": 0.8363412413033875, "r5": 0.4661474925783686, "r6": -0.05027104709973462, "r7": 1.986894058851504}, "datetime": {"datetime": "2020-01-18 07:21:33", "elapsed": 38080.098287, "delta": 29.617759}}
{"target": 12.05, "params": {"d0": 0.03018686407585458, "d1": -5.025472741826489, "d2": 1.2951797926805937, "g0": 4.874674023910446, "g1": 0.734696194581798, "g2": -8.26477111160974, "g3": 1.4200985343962786, "g4": 1.0475834358263367, "g5": 0.5830246702294273, "g6": 0.055937207386636656, "g7": 1.3082108677526687, "i0": 3.4482151377537456, "i1": 0.6392451956231413, "i2": -1.1394580431144767, "i3": 1.4470461130145604, "i4": 1.0934390050564873, "i5": -0.696079387849763, "i6": 0.05696185259566611, "i7": 1.2828852065293443, "r0": 1.461096400422401, "r1": 0.4431905917061534, "r2": -5.927779929335478, "r3": 0.954706445278088, "r4": 1.1573030410079554, "r5": 0.6617283764631441, "r6": 0.18620094281263921, "r7": 1.2231539125450834}, "datetime": {"datetime": "2020-01-18 07:22:19", "elapsed": 38125.673246, "delta": 45.574959}}
{"target": 13.0, "params": {"d0": 1.8899625348851168, "d1": -3.5778824903677044, "d2": 0.7429410940408969, "g0": 4.240122680215544, "g1": 0.9680103360665762, "g2": -3.466437749700031, "g3": 1.0672685894426555, "g4": 1.1864006250771264, "g5": 0.5289901807974475, "g6": 0.5338023235350811, "g7": 1.2942210547851478, "i0": 1.2211933039901857, "i1": 0.11270370390801165, "i2": -5.966377438719281, "i3": 0.8861580672416662, "i4": 1.2391082400063032, "i5": 0.505313343792299, "i6": -0.32427603020860046, "i7": 1.3298373734114497, "r0": 4.543633852356309, "r1": 0.1915085782967917, "r2": -0.5760257198720531, "r3": 1.1623395995177086, "r4": 1.10678042267805, "r5": 0.21414313088402737, "r6": 0.9362568133364124, "r7": 1.8862477595307534}, "datetime": {"datetime": "2020-01-18 07:22:55", "elapsed": 38161.531127, "delta": 35.857881}}
{"target": 6.05, "params": {"d0": 0.8708142528460316, "d1": -7.336065164813958, "d2": 0.8414395629586204, "g0": 3.493899074947473, "g1": 0.00460675301965463, "g2": -8.689872906392061, "g3": 1.238428614606424, "g4": 1.0228644722104527, "g5": -0.12974463816209025, "g6": -0.035863506775708376, "g7": 1.6966080254878873, "i0": 2.9785692848276413, "i1": 0.5310861301497067, "i2": -9.57080526158351, "i3": 0.712483678718209, "i4": 0.8243971344979404, "i5": 0.4251044693746231, "i6": 0.18097391267405516, "i7": 1.8986696049558947, "r0": 2.419102077621872, "r1": 0.30519443274778313, "r2": -6.000226248576254, "r3": 0.7769097895889807, "r4": 1.154311181434922, "r5": 0.35316737904917295, "r6": -0.07306941868748273, "r7": 0.9632790212191736}, "datetime": {"datetime": "2020-01-18 07:23:31", "elapsed": 38198.158226, "delta": 36.627099}}
{"target": 11.5, "params": {"d0": 3.963529190234154, "d1": -6.550399228969518, "d2": 1.2511730168514013, "g0": 1.3195688312009357, "g1": 0.16217387336359568, "g2": -0.6215458133852163, "g3": 1.4592820199506567, "g4": 1.1914785459382442, "g5": 0.7751776951153795, "g6": 0.16806248652455347, "g7": 1.711929792625127, "i0": 1.5535446651113598, "i1": 0.7732655903240125, "i2": -6.928500435503334, "i3": 1.3515568356988434, "i4": 1.125080151738127, "i5": -0.7761794750072408, "i6": 0.9279216778993549, "i7": 1.709770353803763, "r0": 0.001556912657792453, "r1": 0.16143818942563826, "r2": -8.963530173851513, "r3": 0.7315392598322471, "r4": 1.0041901693095978, "r5": 0.6434027533125892, "r6": -0.23185832610032875, "r7": 1.9539924744087025}, "datetime": {"datetime": "2020-01-18 07:23:59", "elapsed": 38226.122173, "delta": 27.963947}}
{"target": 14.7, "params": {"d0": 4.163172990294549, "d1": -4.706293645127145, "d2": 1.1029690816067386, "g0": 2.4465991593867042, "g1": 0.9061722003825406, "g2": -2.4709073301392683, "g3": 1.070590389037924, "g4": 1.1948068637083056, "g5": -0.2822908038778389, "g6": 0.06427641037873899, "g7": 1.6386185433370768, "i0": 3.296561070241451, "i1": 0.9205299731387555, "i2": -5.522722529611533, "i3": 1.0110357597507398, "i4": 1.2533040263092623, "i5": -0.6103497429364213, "i6": 0.8019982163861998, "i7": 1.6839013820425166, "r0": 4.456659755815093, "r1": 0.19204818350905428, "r2": -3.918560897879713, "r3": 1.3351655813543215, "r4": 0.8244068616032154, "r5": -0.6533448000372012, "r6": 0.3829733708838823, "r7": 1.4500797539048298}, "datetime": {"datetime": "2020-01-18 07:24:24", "elapsed": 38251.030734, "delta": 24.908561}}
{"target": 15.5, "params": {"d0": 2.6086783149892923, "d1": -2.9891816252770713, "d2": 0.7197625868731743, "g0": 3.7602495628922012, "g1": 0.46436060633862697, "g2": -6.953488229287289, "g3": 0.9480330853216976, "g4": 1.2846127102985911, "g5": 0.42453686513866273, "g6": -0.18188939510815788, "g7": 1.9104119070133354, "i0": 3.4622638604827087, "i1": 0.4519427702723524, "i2": -1.308012043333001, "i3": 1.196582458347701, "i4": 1.248906276700579, "i5": 0.41031046885520084, "i6": 0.29904130776531657, "i7": 1.4719511341393985, "r0": 2.3135067352658503, "r1": 0.28851260213460084, "r2": -2.8550744790574694, "r3": 1.3503581052929428, "r4": 0.9086521463375614, "r5": 0.7135366616076193, "r6": 0.9734990021587087, "r7": 1.7584309906961657}, "datetime": {"datetime": "2020-01-18 07:24:51", "elapsed": 38278.196992, "delta": 27.166258}}
{"target": 20.2, "params": {"d0": 2.6654033148668415, "d1": -7.936473876970238, "d2": 1.1344442012524405, "g0": 0.0727786798336788, "g1": 0.3703476608892353, "g2": -9.337433754885273, "g3": 1.142062193531258, "g4": 0.8294501243715497, "g5": -0.18177024777928552, "g6": 0.13142394554203962, "g7": 1.487946286493644, "i0": 2.0855946714004734, "i1": 0.6456229801809996, "i2": -8.425149701373071, "i3": 1.1924134981261112, "i4": 0.8162571800153857, "i5": -0.6468208326443879, "i6": 0.34293470887275634, "i7": 1.625277314552375, "r0": 2.670749272596327, "r1": 0.3469398420112564, "r2": -0.8066096492541028, "r3": 1.3174497028824401, "r4": 1.0085073287104747, "r5": 0.47195703221612306, "r6": 0.8434614494733477, "r7": 1.9946014025505931}, "datetime": {"datetime": "2020-01-18 07:25:23", "elapsed": 38310.114899, "delta": 31.917907}}
{"target": 20.55, "params": {"d0": 2.543978874213739, "d1": -2.130864881306578, "d2": 1.2204154277241623, "g0": 0.6561997988115992, "g1": 0.5189622370663828, "g2": -5.234598419121372, "g3": 1.1295056939304264, "g4": 1.0641273115947385, "g5": 0.2551760429329324, "g6": 0.19512610807313435, "g7": 1.9106480193241624, "i0": 3.089242004736908, "i1": 0.46681110777615664, "i2": -5.88870756592091, "i3": 0.9344760285104953, "i4": 1.0302960938187653, "i5": -0.3002437989094732, "i6": -0.47259886660245704, "i7": 1.5487799379252911, "r0": 4.356393738710472, "r1": 0.6750164857141576, "r2": -8.199343422491722, "r3": 0.9452203232741279, "r4": 1.1631391094176053, "r5": 0.5908119867787514, "r6": -0.2147093350403858, "r7": 1.917914225056756}, "datetime": {"datetime": "2020-01-18 07:25:54", "elapsed": 38341.177179, "delta": 31.06228}}
{"target": 16.75, "params": {"d0": 3.5396537907372503, "d1": -2.122698572760103, "d2": 0.9490581908788184, "g0": 0.08946030186266551, "g1": 0.009574246860754254, "g2": -5.01261677330382, "g3": 1.2018993561709062, "g4": 0.9435219999410984, "g5": 0.7392781445649483, "g6": 0.4143651256380594, "g7": 1.2061096363559716, "i0": 3.8963607842063523, "i1": 0.03722880825724628, "i2": -4.234409294578482, "i3": 0.958933813717405, "i4": 0.8993787408614871, "i5": 0.7279949236733012, "i6": 0.9946821674066855, "i7": 1.4146800847698033, "r0": 1.7080983043346498, "r1": 0.2067197776478905, "r2": -0.4905927353179411, "r3": 1.3883190676554351, "r4": 1.18220739476308, "r5": 0.6702789894002918, "r6": 0.8251547688642697, "r7": 1.1841017835780132}, "datetime": {"datetime": "2020-01-18 07:26:29", "elapsed": 38375.960163, "delta": 34.782984}}
{"target": 18.45, "params": {"d0": 2.695935040632248, "d1": -6.537917954220907, "d2": 1.404892998383371, "g0": 0.08545186838215424, "g1": 0.20198081548976565, "g2": -2.86659667233387, "g3": 1.1167453549634516, "g4": 1.2305894007614198, "g5": 0.5511575944422507, "g6": -0.22287040431998983, "g7": 1.188132753215633, "i0": 2.9817118539109666, "i1": 0.6693613537303599, "i2": -6.139010895117945, "i3": 1.2560423534787102, "i4": 1.0851172706828902, "i5": 0.4080603364456201, "i6": 0.10009378572387684, "i7": 1.6988398047900282, "r0": 1.6869679186072783, "r1": 0.6862672885728089, "r2": -0.6800131489395707, "r3": 1.1877416719277458, "r4": 0.8072689937268647, "r5": 0.6301335131875876, "r6": 0.8148526686792879, "r7": 1.6456902306548542}, "datetime": {"datetime": "2020-01-18 08:32:59", "elapsed": 42366.062102, "delta": 32.057763}}
{"target": 1.6, "params": {"d0": 4.746038958934368, "d1": -1.4580868671202225, "d2": 1.1884724779631504, "g0": 4.451747596976616, "g1": 0.931712587806566, "g2": -3.7191468352044303, "g3": 0.9094975393362983, "g4": 1.0205130589182574, "g5": -0.12243832235696739, "g6": 0.07672324512080997, "g7": 1.0249040197305355, "i0": 3.570112481111303, "i1": 0.20544428598353148, "i2": -3.3437184506120623, "i3": 0.8959379916413027, "i4": 0.9531209058979138, "i5": 0.6453655675677472, "i6": -0.176002047337167, "i7": 1.3238478073315978, "r0": 1.620269505777829, "r1": 0.3200293932313041, "r2": -3.941300061170688, "r3": 0.8591971452320695, "r4": 0.8511160305324863, "r5": 0.18662323755480137, "r6": -0.002191603582128554, "r7": 1.3825001872943414}, "datetime": {"datetime": "2020-01-18 08:33:38", "elapsed": 42404.995346, "delta": 38.933244}}
{"target": 11.05, "params": {"d0": 0.6954301348649705, "d1": -0.22934793739128168, "d2": 0.8220087031026825, "g0": 4.656797146868515, "g1": 0.06714693491967239, "g2": -8.908888455636188, "g3": 1.4412634770106627, "g4": 1.2224165281965285, "g5": -0.6073724260252105, "g6": 0.7913964889636185, "g7": 1.0942032255590401, "i0": 2.565897694997341, "i1": 0.7183559656007001, "i2": -6.551557020259262, "i3": 1.4943873080531, "i4": 0.9705834274557015, "i5": 0.7710412291408522, "i6": 0.85944595371316, "i7": 1.8777093209884865, "r0": 1.6803522884697815, "r1": 0.017628806397647634, "r2": -0.5479363144803511, "r3": 1.4099804247511931, "r4": 0.9868779379450305, "r5": -0.012337808419646601, "r6": 0.11113829010645715, "r7": 1.3720082913724114}, "datetime": {"datetime": "2020-01-18 08:34:10", "elapsed": 42437.250907, "delta": 32.255561}}
{"target": 15.85, "params": {"d0": 2.1227144886758005, "d1": -8.386528382893774, "d2": 0.8023412642084224, "g0": 3.7227030575890745, "g1": 0.9971104022894991, "g2": -7.740348920959436, "g3": 1.0815741101890508, "g4": 0.879703773033125, "g5": 0.20286429211549173, "g6": 0.8180377416498674, "g7": 1.3161221510841288, "i0": 2.1267397515987376, "i1": 0.24861337298608133, "i2": -0.908835622111221, "i3": 1.0510003666164465, "i4": 1.1748002203265488, "i5": -0.6731883150347667, "i6": 0.13190779655437068, "i7": 1.899202612483526, "r0": 1.6095590531184594, "r1": 0.25742048104906445, "r2": -5.857999137754072, "r3": 1.0408687800187466, "r4": 1.0628632854403177, "r5": 0.6056221311869403, "r6": 0.23568620238681848, "r7": 1.4327202353936563}, "datetime": {"datetime": "2020-01-18 08:34:42", "elapsed": 42468.984006, "delta": 31.733099}}
{"target": 14.85, "params": {"d0": 1.623543562269264, "d1": -2.7882865592527803, "d2": 1.185290647984776, "g0": 2.53742254717149, "g1": 0.8949782735409167, "g2": -7.266707615064282, "g3": 1.404349656131183, "g4": 1.0885339236756018, "g5": -0.5733416704492751, "g6": 0.17290737432478576, "g7": 1.0818112213938864, "i0": 0.5690123838302041, "i1": 0.12301340224633772, "i2": -1.595656002012337, "i3": 0.9642499937153354, "i4": 0.9010922831310231, "i5": -0.44822248231177064, "i6": 0.23765685465107156, "i7": 1.0096929661185001, "r0": 2.2235332523602698, "r1": 0.9002274548632978, "r2": -4.562773392443144, "r3": 0.9395579371764536, "r4": 1.2026779390250355, "r5": 0.7302408748793139, "r6": 0.3474567997047624, "r7": 1.746950727278922}, "datetime": {"datetime": "2020-01-18 08:35:17", "elapsed": 42503.293966, "delta": 34.30996}}
{"target": 14.5, "params": {"d0": 1.5986206722710365, "d1": -5.158280721864195, "d2": 1.2763556326577086, "g0": 3.9265496034407117, "g1": 0.9873061020174684, "g2": -6.932524606820286, "g3": 1.4939496607700198, "g4": 1.1577361304773988, "g5": -0.26395512223385775, "g6": 0.6974996904890456, "g7": 1.925688329081963, "i0": 2.443452812042963, "i1": 0.8220859632151002, "i2": -7.457532701711904, "i3": 1.1033901769277346, "i4": 1.0973795495891956, "i5": 0.3516067928294282, "i6": 0.5318030427091407, "i7": 0.9148794031030215, "r0": 3.9869073031620323, "r1": 0.3498528872917819, "r2": -9.933783058040182, "r3": 0.726353145579633, "r4": 1.1759539558131988, "r5": 0.4323077327275606, "r6": 0.6928554886902711, "r7": 1.4974018880518107}, "datetime": {"datetime": "2020-01-18 08:35:56", "elapsed": 42543.014895, "delta": 39.720929}}
{"target": 19.55, "params": {"d0": 3.5029826320621984, "d1": -0.4756248986525087, "d2": 0.7161521526287651, "g0": 0.6204900353343729, "g1": 0.9963743769689847, "g2": -5.073160122126994, "g3": 0.9920133912365129, "g4": 1.0394489216111884, "g5": 0.27958949879734574, "g6": 0.8437391570655504, "g7": 1.0915902102804695, "i0": 0.7782257226673189, "i1": 0.18476570557646554, "i2": -4.446965448626202, "i3": 1.4545910616054374, "i4": 1.1142725913228562, "i5": -0.4478151074973955, "i6": 0.1463484064289653, "i7": 1.60338582701974, "r0": 4.0382161497018565, "r1": 0.015606207225578927, "r2": -5.300127839426568, "r3": 1.3297335718495593, "r4": 1.221495239874262, "r5": 0.7265484495954959, "r6": -0.3682126903195882, "r7": 1.9493092902050355}, "datetime": {"datetime": "2020-01-18 08:36:28", "elapsed": 42574.945788, "delta": 31.930893}}
{"target": 11.6, "params": {"d0": 4.0605230784212525, "d1": -3.92140866543639, "d2": 1.0455300636079914, "g0": 1.6869457251003657, "g1": 0.2672977977337718, "g2": -1.309068510350457, "g3": 0.7181635957299417, "g4": 0.9961101629472666, "g5": 0.04090239733030199, "g6": 0.02662737574439311, "g7": 1.1245843839036795, "i0": 0.48870645292412807, "i1": 0.9376667291234732, "i2": -2.7479261448182255, "i3": 0.7670479269035861, "i4": 1.196881337185181, "i5": -0.09614590678211621, "i6": 0.2951766807874884, "i7": 1.8408242327642719, "r0": 1.8746454655515006, "r1": 0.02095035096907527, "r2": -4.09388346275875, "r3": 0.979214886767428, "r4": 0.8893631463026845, "r5": 0.11645079508658474, "r6": -0.45749884369193855, "r7": 0.9526789333909034}, "datetime": {"datetime": "2020-01-18 08:37:05", "elapsed": 42612.231723, "delta": 37.285935}}
{"target": 20.0, "params": {"d0": 4.645980768764832, "d1": -2.3090294212380433, "d2": 1.2738371307290333, "g0": 0.04253138594026762, "g1": 0.28604833530993834, "g2": -1.9453232000124103, "g3": 0.981491352853157, "g4": 0.8327352487978811, "g5": -0.4425145418770786, "g6": 0.5990586004217431, "g7": 1.852240961489768, "i0": 0.6691116952511955, "i1": 0.18289723291975046, "i2": -2.5317372212191716, "i3": 0.7661790165348187, "i4": 0.9085075725354839, "i5": 0.6972230659708332, "i6": 0.04090002799175829, "i7": 1.4192307669758626, "r0": 1.6212919070934673, "r1": 0.980552005251374, "r2": -7.580378136784729, "r3": 0.7361933454089934, "r4": 1.251580228899828, "r5": 0.5466579767161903, "r6": -0.19210218744627688, "r7": 1.748197070292351}, "datetime": {"datetime": "2020-01-18 08:37:37", "elapsed": 42644.15213, "delta": 31.920407}}
{"target": 20.5, "params": {"d0": 4.611297387995952, "d1": -3.892015869675035, "d2": 1.0416637747015238, "g0": 0.391307318463332, "g1": 0.13007403665420125, "g2": -7.314131745413457, "g3": 1.134793008819309, "g4": 1.2853196059635035, "g5": 0.022618785911967976, "g6": 0.9361384520649929, "g7": 1.0814406927609859, "i0": 4.136759522528768, "i1": 0.1202070759025673, "i2": -3.2139320572091457, "i3": 0.9522948230977022, "i4": 0.9427174035515112, "i5": -0.4206569233338684, "i6": 0.7132478857207674, "i7": 1.9709898385042814, "r0": 1.5433827132832312, "r1": 0.3642558267565468, "r2": -6.275536673723979, "r3": 1.1460534628661667, "r4": 1.0194549297327085, "r5": 0.732822751217745, "r6": 0.49746221059120554, "r7": 1.1985543177270563}, "datetime": {"datetime": "2020-01-18 08:55:22", "elapsed": 43708.743992, "delta": 30.630209}}
{"target": 19.85, "params": {"d0": 3.2922254745298036, "d1": -2.3354709946247105, "d2": 0.7163093602543964, "g0": 1.1419705217125404, "g1": 0.9700090275225297, "g2": -9.493785546642576, "g3": 1.3219638621868859, "g4": 1.247465431972573, "g5": -0.2967520585112432, "g6": 0.5502969087487428, "g7": 1.9070716447426452, "i0": 2.2246857173292414, "i1": 0.4941851223195459, "i2": -7.675103925306304, "i3": 1.1229320303216286, "i4": 1.2879981634731332, "i5": -0.21350055729470996, "i6": 0.35614425935962846, "i7": 1.7304069575017822, "r0": 3.3863567228733213, "r1": 0.4346072496497192, "r2": -5.850070767325439, "r3": 1.4856907071034178, "r4": 0.9104401733919771, "r5": -0.013707463653419238, "r6": -0.3915850936578215, "r7": 1.6953855043199741}, "datetime": {"datetime": "2020-01-18 09:11:45", "elapsed": 44691.957979, "delta": 30.357998}}
{"target": 12.7, "params": {"d0": 4.163682393463299, "d1": -3.443001111152727, "d2": 1.1929931295439427, "g0": 4.431035115014012, "g1": 0.22149595451488713, "g2": -3.1960113003571813, "g3": 1.1601264992905802, "g4": 1.1185155344840343, "g5": 0.6274963316929909, "g6": -0.4980964674554768, "g7": 1.2720461524711033, "i0": 0.7134308035622311, "i1": 0.5401998350118116, "i2": -3.30315479966659, "i3": 1.2687469054533014, "i4": 0.8989564105958436, "i5": 0.7703959617403999, "i6": -0.21541109010115045, "i7": 1.5465007734227791, "r0": 3.2675968274721763, "r1": 0.8222518701218275, "r2": -6.922430422108409, "r3": 1.2954563865944997, "r4": 0.8155022635084866, "r5": -0.002197192512654822, "r6": 0.5649794071976522, "r7": 1.6122148293125336}, "datetime": {"datetime": "2020-01-18 09:12:22", "elapsed": 44729.107544, "delta": 37.149565}}
{"target": 13.35, "params": {"d0": 0.7828042643829858, "d1": -1.7658600447354704, "d2": 0.85051066424046, "g0": 2.948214323608968, "g1": 0.046611231146212906, "g2": -7.907394382212577, "g3": 1.2866301176323813, "g4": 1.1371725682831482, "g5": -0.08369016785562455, "g6": 0.6246943547108756, "g7": 1.2926450119505417, "i0": 3.1760433574461864, "i1": 0.03487334641973405, "i2": -4.966373470516464, "i3": 1.0112006332106263, "i4": 0.8596230431038553, "i5": -0.17877485168186902, "i6": 0.21988711814716588, "i7": 1.3259467858714502, "r0": 2.6238896006811614, "r1": 0.5519193319301766, "r2": -9.086421974614943, "r3": 1.3010387421343694, "r4": 1.2573833520234683, "r5": -0.28681979810312797, "r6": 0.5307769620041083, "r7": 1.2952610013990526}, "datetime": {"datetime": "2020-01-18 09:13:04", "elapsed": 44771.123139, "delta": 42.015595}}
{"target": 19.65, "params": {"d0": 3.8488011340019153, "d1": -0.41913412540241346, "d2": 1.1753240675005427, "g0": 0.015414366601865237, "g1": 0.2084010698642781, "g2": -5.15586640711859, "g3": 1.1201979732928624, "g4": 0.9050195074119396, "g5": -0.310934805622251, "g6": 0.2526391025671303, "g7": 1.9524786685001407, "i0": 3.017631938606154, "i1": 0.6515280211063569, "i2": -6.952907424046687, "i3": 1.210128173404605, "i4": 1.2361364196279692, "i5": 0.6055693251355996, "i6": 0.6014715229204144, "i7": 1.7219927268193205, "r0": 2.5875259943494417, "r1": 0.46692332577281825, "r2": -8.154259342356497, "r3": 0.8670080753538792, "r4": 0.8383888930683501, "r5": 0.6545922212555817, "r6": 0.917094756653748, "r7": 1.0942380766229565}, "datetime": {"datetime": "2020-01-18 09:13:37", "elapsed": 44804.034529, "delta": 32.91139}}
