{"target": 15.9, "params": {"d0": 2.7223803795494184, "d1": -4.726610884195482, "d2": 1.2291828304150765, "g0": 3.2222423257602673, "g1": 0.17293309990417471, "g2": -4.924625750836057, "g3": 0.8425496810912418, "g4": 1.0328320883551687, "g5": -0.6470319505592453, "g6": 0.8634002978707662, "g7": 1.8273166907293246, "i0": 1.0233029612077553, "i1": 0.2220081368616732, "i2": -4.351913831112543, "i3": 0.7330208579524681, "i4": 1.2895797247483485, "i5": -0.24893972333602477, "i6": -0.05563450806819892, "i7": 1.9207386284887709, "r0": 1.2222896401209677, "r1": 0.4051855765360197, "r2": -8.16198851077007, "r3": 0.7688135278791631, "r4": 1.25662738858598, "r5": -0.3563034169120968, "r6": 0.6674550496683826, "r7": 1.0783705789361058}, "datetime": {"datetime": "2020-01-18 00:37:02", "elapsed": 13808.453643, "delta": 51.763642}}
{"target": 19.35, "params": {"d0": 3.3288250430201565, "d1": -7.256390016125839, "d2": 1.2802034979459616, "g0": 0.2861713711005248, "g1": 0.6621188950507615, "g2": -9.439032492936125, "g3": 1.2260169863600878, "g4": 0.9748554697219964, "g5": 0.377303406128743, "g6": 0.12686276447195155, "g7": 1.5109801876396245, "i0": 0.9482917730209872, "i1": 0.27767456638742927, "i2": -5.139086805093997, "i3": 0.7372243520979855, "i4": 1.2244666375792188, "i5": -0.09821677043059718, "i6": -0.21455116592944845, "i7": 1.0645556805026566, "r0": 0.6311877080982276, "r1": 0.48221085343411485, "r2": -0.05580613081471775, "r3": 1.3685189994662394, "r4": 1.2399664276419888, "r5": 0.021220053207906098, "r6": -0.4803423386054114, "r7": 1.7681670952750412}, "datetime": {"datetime": "2020-01-18 00:37:52", "elapsed": 13859.097925, "delta": 50.644282}}
{"target": 9.85, "params": {"d0": 4.572230396828597, "d1": -9.368378067827907, "d2": 0.839993364772487, "g0": 2.5477769473174656, "g1": 0.43087657867737894, "g2": -0.41123674032531987, "g3": 1.4876884780448791, "g4": 0.8771655126275957, "g5": -0.23503240040063555, "g6": 0.3652848960769379, "g7": 1.3644489368051436, "i0": 2.539496626716171, "i1": 0.877020301564005, "i2": -9.395361393677366, "i3": 1.4322837060094726, "i4": 0.9562792626950634, "i5": 0.36661955598418494, "i6": -0.08733439059833642, "i7": 1.7028487807762795, "r0": 3.9217760231533436, "r1": 0.5672054952671408, "r2": -8.890317258055964, "r3": 0.7997596887615395, "r4": 1.227853953475731, "r5": 0.6942143118187889, "r6": 0.4729814179195334, "r7": 1.1034714525898377}, "datetime": {"datetime": "2020-01-18 00:38:47", "elapsed": 13913.799565, "delta": 54.70164}}
{"target": 14.1, "params": {"d0": 3.611626502158118, "d1": -7.75953551380245, "d2": 1.3021963716867178, "g0": 4.993134514152171, "g1": 0.9213079396406171, "g2": -4.727330740848352, "g3": 1.1981159404210897, "g4": 0.9577087476207955, "g5": 0.6088571777597938, "g6": 0.7904349079388604, "g7": 0.9666210140355883, "i0": 2.7482062474430946, "i1": 0.38056546989053697, "i2": -4.431567430740201, "i3": 0.8457381939847126, "i4": 1.1960947549514587, "i5": -0.6113699803010008, "i6": -0.19545324121254876, "i7": 0.9263448153383472, "r0": 0.29249104070759036, "r1": 0.11917789074617646, "r2": -5.486355199341785, "r3": 1.416548893443143, "r4": 0.8518845455194256, "r5": 0.795818725716751, "r6": 0.8836277050244026, "r7": 1.0385673845455246}, "datetime": {"datetime": "2020-01-18 00:39:47", "elapsed": 13974.113975, "delta": 60.31441}}
{"target": 11.05, "params": {"d0": 2.8080385127606515, "d1": -4.212785335801165, "d2": 1.3251891458146172, "g0": 0.4968863744330859, "g1": 0.08905922896176055, "g2": -0.552892422252274, "g3": 1.0403839520549456, "g4": 1.2095793189759874, "g5": 0.45278471763084527, "g6": 0.7568506077976112, "g7": 1.0537268670442934, "i0": 0.4586588829904714, "i1": 0.4428518574582456, "i2": -1.9189674649780777, "i3": 0.8122504731588669, "i4": 0.8898727235144098, "i5": -0.5430436226746802, "i6": -0.15406937810268628, "i7": 1.2608493941482306, "r0": 0.3388986295323948, "r1": 0.3865241471052798, "r2": -7.1951612170862775, "r3": 0.82254748281424, "r4": 0.9566370255190588, "r5": -0.0011860628755936409, "r6": 0.5063662910619577, "r7": 1.220733961994493}, "datetime": {"datetime": "2020-01-18 00:40:31", "elapsed": 14017.310863, "delta": 43.196888}}
{"target": 13.15, "params": {"d0": 2.4341519409895267, "d1": -3.059397342531506, "d2": 1.4538540642083444, "g0": 0.5665642322767284, "g1": 0.37705213606378796, "g2": -1.3332739693311417, "g3": 1.3143432817027305, "g4": 1.2129707938195584, "g5": -0.7409536515891363, "g6": 0.7060854744063327, "g7": 1.0047898488254572, "i0": 1.7635420749866864, "i1": 0.2330249870398936, "i2": -0.15620311924080355, "i3": 1.0858737232604767, "i4": 0.9401641582674196, "i5": -0.12676259042852922, "i6": -0.29149115042847257, "i7": 1.7593342030623602, "r0": 4.105272424446989, "r1": 0.005969889460240796, "r2": -6.413904765066924, "r3": 1.44234569016194, "r4": 1.0792938719036647, "r5": -0.5275291430397047, "r6": 0.09652974918681068, "r7": 1.5937825221672202}, "datetime": {"datetime": "2020-01-18 00:41:19", "elapsed": 14065.297861, "delta": 47.986998}}
{"target": 11.85, "params": {"d0": 3.8175115523168985, "d1": -0.14519930858820373, "d2": 1.4821487695313516, "g0": 2.2206860213973663, "g1": 0.9179800517035079, "g2": -2.7623977245762976, "g3": 0.8239512837833143, "g4": 1.0846593031141765, "g5": 0.047287788470335324, "g6": 0.9093130553629163, "g7": 1.6618855575221083, "i0": 2.69711297812042, "i1": 0.918723546688146, "i2": -9.190836122895913, "i3": 0.9475381132971631, "i4": 0.9831791476774375, "i5": -0.7812047695807798, "i6": 0.3177369132388105, "i7": 1.3241325003903643, "r0": 2.3257204723590554, "r1": 0.05261418201959189, "r2": -0.19450867302395913, "r3": 1.4002979230656987, "r4": 0.9563083740601659, "r5": -0.6691690859263194, "r6": -0.34009874805166246, "r7": 1.0224060917544522}, "datetime": {"datetime": "2020-01-18 00:42:18", "elapsed": 14125.140751, "delta": 59.84289}}
{"target": 9.25, "params": {"d0": 1.5708182397111488, "d1": -2.532791469178277, "d2": 1.394258087356178, "g0": 2.251902317389218, "g1": 0.7354007280318072, "g2": -8.045883133977664, "g3": 0.8551239525123474, "g4": 0.9837216830045633, "g5": -0.24121384283895542, "g6": -0.046881427217222715, "g7": 1.5047364921129303, "i0": 0.06347605743590667, "i1": 0.35923086081894506, "i2": -3.1500747992592757, "i3": 0.8660332591203436, "i4": 0.8904188532220612, "i5": -0.32941503542857425, "i6": -0.4915872447628216, "i7": 1.2792630407035828, "r0": 4.142022549227784, "r1": 0.022289256736587326, "r2": -9.696808560643456, "r3": 0.9994846565690065, "r4": 0.8326801361455931, "r5": 0.5648757028893421, "r6": 0.045327255051673676, "r7": 1.6795558418901009}, "datetime": {"datetime": "2020-01-18 00:43:31", "elapsed": 14197.322542, "delta": 72.181791}}
{"target": 15.75, "params": {"d0": 1.7125392703608173, "d1": -7.1458633756744305, "d2": 0.7043931141203398, "g0": 1.3501686929020025, "g1": 0.5582070422192555, "g2": -6.04788953493472, "g3": 1.376120959361815, "g4": 0.9267815691286024, "g5": 0.6723028120013923, "g6": -0.28256269859861977, "g7": 1.4323072074618688, "i0": 1.0099299477497559, "i1": 0.11218192562232687, "i2": -9.210642478629627, "i3": 0.7783690334721655, "i4": 1.021711932753293, "i5": -0.009701593469861658, "i6": -0.05832366948220724, "i7": 1.6813648505636283, "r0": 0.10750182502726524, "r1": 0.30959168772129686, "r2": -1.572164997976298, "r3": 1.137966676518411, "r4": 0.827584971613798, "r5": 0.01626527922086185, "r6": -0.058618180813363285, "r7": 1.0829600542910507}, "datetime": {"datetime": "2020-01-18 00:44:14", "elapsed": 14240.359095, "delta": 43.036553}}
{"target": 11.65, "params": {"d0": 3.3964181413754972, "d1": -8.031830834221902, "d2": 1.0167140977587112, "g0": 3.6388246466364076, "g1": 0.8099351346961593, "g2": -3.985151864473737, "g3": 0.8046469959267302, "g4": 0.805445239576648, "g5": -0.33188349535693384, "g6": 0.22582686169899535, "g7": 0.983237929012156, "i0": 0.4174561065188659, "i1": 0.9794943362180148, "i2": -3.7572904117020087, "i3": 1.3583266575037725, "i4": 1.1905049774060295, "i5": 0.01638105410299473, "i6": 0.41044321018371177, "i7": 1.2106963754817692, "r0": 4.679980189031336, "r1": 0.61686906153258, "r2": -5.931507152575778, "r3": 0.7401426725161225, "r4": 0.852422479426824, "r5": -0.08969706047613857, "r6": -0.4643559895493481, "r7": 1.217428070369665}, "datetime": {"datetime": "2020-01-18 00:45:00", "elapsed": 14287.081393, "delta": 46.722298}}
{"target": 14.25, "params": {"d0": 1.0744773158488818, "d1": -7.7848933825085815, "d2": 0.8541470554167525, "g0": 4.1957645450026755, "g1": 0.4660440737279906, "g2": -4.568608878347188, "g3": 1.1646538953385401, "g4": 0.8471730287012507, "g5": -0.6975824208370085, "g6": 0.9802152826341652, "g7": 1.212214553567792, "i0": 0.7095069293739581, "i1": 0.018779071939769687, "i2": -1.2929225363982937, "i3": 0.8389962648178796, "i4": 0.8857676312760769, "i5": -0.20368658327292288, "i6": -0.2262372119376576, "i7": 1.3851105075547776, "r0": 2.893378725302196, "r1": 0.8361595422444189, "r2": -4.117052011078463, "r3": 1.4392256381829018, "r4": 1.0406419939733067, "r5": 0.19494922766291223, "r6": 0.16255990772922702, "r7": 1.903761548149928}, "datetime": {"datetime": "2020-01-18 00:45:38", "elapsed": 14324.781385, "delta": 37.699992}}
{"target": 10.95, "params": {"d0": 3.552039221335061, "d1": -3.972032902679077, "d2": 1.3747110237482367, "g0": 4.53248021281781, "g1": 0.5779856472757112, "g2": -7.924045397989142, "g3": 0.966471947129532, "g4": 1.2600056233745105, "g5": -0.014147843466095877, "g6": 0.7677267608126965, "g7": 1.4407337170994947, "i0": 0.24124340143839296, "i1": 0.5884226582816309, "i2": -0.20111704399368513, "i3": 0.8211723578821472, "i4": 1.1134612628772587, "i5": 0.23106371492132194, "i6": -0.3406606374586553, "i7": 1.22887362826785, "r0": 1.9476863601704113, "r1": 0.9543625728003577, "r2": -4.232457199942987, "r3": 0.7698867285770228, "r4": 0.8535798670627439, "r5": 0.725892329127531, "r6": 0.7080162884450267, "r7": 1.371131842585845}, "datetime": {"datetime": "2020-01-18 00:46:21", "elapsed": 14368.189058, "delta": 43.407673}}
{"target": 15.95, "params": {"d0": 3.3624576607123857, "d1": -7.880711372205651, "d2": 1.116131651317288, "g0": 4.877705055357311, "g1": 0.830424555479948, "g2": -7.84020715203285, "g3": 1.0587388136374467, "g4": 1.0863407442237065, "g5": 0.11328225891917909, "g6": 0.8957884063755226, "g7": 1.1806056851949096, "i0": 3.281697408797821, "i1": 0.7812471519145898, "i2": -8.840282503140221, "i3": 1.1211113532523467, "i4": 1.006171805469842, "i5": 0.003667877224915239, "i6": -0.4020274154685052, "i7": 1.196489727111061, "r0": 1.2500101983141387, "r1": 0.6686776604917568, "r2": -9.499257621513921, "r3": 1.4785076909676074, "r4": 0.9878437220415831, "r5": 0.594991817039739, "r6": 0.5414384949155595, "r7": 0.9325369663951392}, "datetime": {"datetime": "2020-01-18 00:47:04", "elapsed": 14410.296061, "delta": 42.107003}}
{"target": 11.2, "params": {"d0": 0.4363532654803032, "d1": -9.050367625730724, "d2": 1.1513811167081986, "g0": 2.8302118017030473, "g1": 0.31060803528095693, "g2": -8.86806376594307, "g3": 1.3148845530516968, "g4": 0.8690994396422054, "g5": 0.13605101751226167, "g6": 0.26301626476180684, "g7": 1.4611352576106929, "i0": 1.79668682200202, "i1": 0.055478835542135285, "i2": -6.6380563585829675, "i3": 1.4598815220498025, "i4": 1.2741663690474427, "i5": -0.11308949505643151, "i6": 0.6130729831359893, "i7": 1.5133769186705353, "r0": 4.570018233635966, "r1": 0.7364104081381736, "r2": -6.060690803545313, "r3": 0.7484283095819255, "r4": 1.205306445630257, "r5": -0.29372674829009393, "r6": 0.2413076467772447, "r7": 1.4956822536518617}, "datetime": {"datetime": "2020-01-18 00:47:58", "elapsed": 14465.026671, "delta": 54.73061}}
{"target": 19.95, "params": {"d0": 2.587643984283071, "d1": -8.53807808092522, "d2": 0.9874759841416922, "g0": 1.8065460528510364, "g1": 0.21579511770170312, "g2": -9.631507184502436, "g3": 1.439342274808127, "g4": 0.9771588800201656, "g5": -0.48672217297877013, "g6": 0.7961375215849167, "g7": 1.4478588009486737, "i0": 4.099625526997955, "i1": 0.7633197486269943, "i2": -8.832752557697287, "i3": 1.1128629276248878, "i4": 0.9671203506334172, "i5": 0.29750964332508234, "i6": 0.6808264298713205, "i7": 1.2131806485190837, "r0": 2.1000311514262044, "r1": 0.8823536895538509, "r2": -2.3599590051960924, "r3": 0.9279218277807308, "r4": 1.1619411711806802, "r5": -0.7565755898502146, "r6": 0.3449427021576691, "r7": 0.9451850315841206}, "datetime": {"datetime": "2020-01-18 00:48:37", "elapsed": 14503.717662, "delta": 38.690991}}
{"target": 12.75, "params": {"d0": 0.6304060401931966, "d1": -1.7940142665657035, "d2": 1.245286038335712, "g0": 2.194157512696928, "g1": 0.3957096834347096, "g2": -1.2420443407161557, "g3": 0.8910137843084076, "g4": 0.9969918746009698, "g5": -0.570434828017784, "g6": 0.5086398251949937, "g7": 1.093170376304537, "i0": 4.998768986618359, "i1": 0.9644322802082298, "i2": -9.322463875656785, "i3": 0.7566792037806334, "i4": 0.92354530759696, "i5": -0.30199832513728053, "i6": 0.6969061670382519, "i7": 1.7281503597219916, "r0": 0.8945244375013545, "r1": 0.7405214807719801, "r2": -6.2316840875599535, "r3": 0.9522724634883055, "r4": 0.9000548790546323, "r5": 0.09095868594069878, "r6": 0.2619361418298529, "r7": 1.8949699632577954}, "datetime": {"datetime": "2020-01-18 00:49:33", "elapsed": 14559.587618, "delta": 55.869956}}
{"target": 15.6, "params": {"d0": 0.8222406143990835, "d1": -9.739172560144564, "d2": 0.8113643587269616, "g0": 0.18177466742849757, "g1": 0.5686732239993332, "g2": -2.2842153819316477, "g3": 1.4897411525993, "g4": 1.223623357509237, "g5": -0.5286779438064191, "g6": 0.966938626818233, "g7": 1.536357980206734, "i0": 4.051195387367811, "i1": 0.01141924331509614, "i2": -8.020432700163596, "i3": 1.4400311902336413, "i4": 0.9212802292321169, "i5": 0.06331105750605237, "i6": 0.5890519463226427, "i7": 1.0110021608817772, "r0": 2.863656986579863, "r1": 0.2126701089594336, "r2": -6.418537123327566, "r3": 1.0550569209570022, "r4": 1.1746776993452803, "r5": 0.6623425496570459, "r6": 0.954318407969722, "r7": 1.31979336330782}, "datetime": {"datetime": "2020-01-18 00:50:12", "elapsed": 14598.711158, "delta": 39.12354}}
{"target": 13.6, "params": {"d0": 1.2589853189512268, "d1": -7.28983630167873, "d2": 1.3116515890284444, "g0": 4.212885376595954, "g1": 0.16474482840062366, "g2": -9.700591011841516, "g3": 1.3779043903017802, "g4": 0.8798529836818973, "g5": 0.7123871142743912, "g6": 0.951267802928428, "g7": 1.5360051249442106, "i0": 2.4301754285582455, "i1": 0.3539284210315661, "i2": -3.40600947798531, "i3": 1.007487953310057, "i4": 1.0174478810535268, "i5": 0.18127911643738082, "i6": -0.448047688982532, "i7": 1.1406848318591154, "r0": 0.10095970271090993, "r1": 0.7631334738624325, "r2": -6.101323615275658, "r3": 1.0381357542993994, "r4": 1.0748417365867573, "r5": -0.17846498766201813, "r6": 0.71594949767029, "r7": 1.3794950128505956}, "datetime": {"datetime": "2020-01-18 00:51:05", "elapsed": 14651.509281, "delta": 52.798123}}
{"target": 11.85, "params": {"d0": 2.9007825366986046, "d1": -0.28828757200037813, "d2": 1.493679590680712, "g0": 1.0143668774300318, "g1": 0.44452018614946953, "g2": -5.252511726055291, "g3": 0.9381108549202839, "g4": 0.9417522903761185, "g5": 0.5433939165174817, "g6": 0.9431410824078685, "g7": 1.1317584173310393, "i0": 4.4586688546659845, "i1": 0.3919761997496889, "i2": -3.4857424406713307, "i3": 0.9270881939530144, "i4": 1.2705408324988285, "i5": 0.45890754375895315, "i6": -0.210840170846595, "i7": 1.576542923494536, "r0": 4.8439808770182555, "r1": 0.28458535831069753, "r2": -6.3846726117728725, "r3": 0.8628897761690056, "r4": 1.119384010545093, "r5": 0.6285115899705349, "r6": 0.012544884347541752, "r7": 1.0368386596541936}, "datetime": {"datetime": "2020-01-18 00:51:53", "elapsed": 14699.300938, "delta": 47.791657}}
{"target": 7.0, "params": {"d0": 1.7383847157681698, "d1": -3.732776071215361, "d2": 1.2878706991768045, "g0": 3.032651177071917, "g1": 0.07620657755850446, "g2": -0.6017889366697666, "g3": 0.8515131820751226, "g4": 1.08704282071985, "g5": 0.6509348612279349, "g6": 0.9600787640462292, "g7": 1.8435482650511363, "i0": 0.6454555655824823, "i1": 0.907018079749575, "i2": -6.724868292681524, "i3": 1.1659086732700539, "i4": 0.8702295583100058, "i5": 0.02035914708226394, "i6": 0.20099448308741286, "i7": 0.9058442938353539, "r0": 1.4310421732214413, "r1": 0.14344875597470286, "r2": -6.4647576726491565, "r3": 0.9173368055826577, "r4": 1.0355630780477036, "r5": 0.434483466654054, "r6": -0.46904525427796706, "r7": 1.1503382464070868}, "datetime": {"datetime": "2020-01-18 00:52:34", "elapsed": 14741.189165, "delta": 41.888227}}
{"target": 17.15, "params": {"d0": 4.917653465876733, "d1": -9.403909542971673, "d2": 1.1764048355955128, "g0": 4.991408556762261, "g1": 0.6007871963460314, "g2": -9.473664828409454, "g3": 0.7997391887062552, "g4": 1.2475732142676614, "g5": 0.5894674678002876, "g6": 0.32316819970894595, "g7": 1.1888382494762986, "i0": 2.551738604398089, "i1": 0.25377380184147014, "i2": -3.098655652622697, "i3": 1.1832992337661326, "i4": 1.1939907530117992, "i5": -0.019778498362199137, "i6": -0.44245914376987094, "i7": 1.7690235083174533, "r0": 1.0468754161980613, "r1": 0.2266383120797837, "r2": -4.583620595299801, "r3": 1.3580759497773947, "r4": 1.2745468618197382, "r5": -0.414763046704155, "r6": 0.8442957607578938, "r7": 1.9021345439657629}, "datetime": {"datetime": "2020-01-18 00:53:14", "elapsed": 14780.425098, "delta": 39.235933}}
{"target": 11.35, "params": {"d0": 3.722102791828095, "d1": -6.25738368387953, "d2": 1.1382832307486839, "g0": 0.688166310902128, "g1": 0.5752733696195127, "g2": -4.243864003273167, "g3": 1.1667784761630131, "g4": 1.2601152181760438, "g5": 0.052961364268324984, "g6": -0.13865880697539829, "g7": 1.4997582433404244, "i0": 0.6368715469818548, "i1": 0.07478072698450766, "i2": -1.6938955461942413, "i3": 1.2785242705352613, "i4": 0.841955849453101, "i5": 0.09213144251678906, "i6": 0.28765832207588593, "i7": 1.4580429022040233, "r0": 0.162023631328283, "r1": 0.9603705788570991, "r2": -0.7235010845412866, "r3": 1.4715316598119426, "r4": 1.0666910350902925, "r5": -0.5973761684599831, "r6": 0.5984336509747501, "r7": 1.9447061018886345}, "datetime": {"datetime": "2020-01-18 00:53:34", "elapsed": 14801.085999, "delta": 20.660901}}
{"target": 20.0, "params": {"d0": 1.2963302767012053, "d1": -7.162314022713048, "d2": 1.0576451795666812, "g0": 0.7930920829517074, "g1": 0.5685813927379626, "g2": -5.504672931607713, "g3": 1.409938558276694, "g4": 0.9074157440291739, "g5": -0.5312800493941212, "g6": 0.24345082127683138, "g7": 1.468288065140118, "i0": 2.030980518567236, "i1": 0.2367964169533654, "i2": -4.636363425157849, "i3": 1.4697126628896167, "i4": 0.9282178190687578, "i5": -0.34689631998977344, "i6": -0.4528026727895329, "i7": 1.8637158678435592, "r0": 1.3719231408155115, "r1": 0.05976241619416256, "r2": -2.4794755563371904, "r3": 1.4433512793557253, "r4": 1.0119654836655811, "r5": -0.27983020489731847, "r6": 0.5332365984402494, "r7": 1.1277654018578498}, "datetime": {"datetime": "2020-01-18 00:54:15", "elapsed": 14841.940293, "delta": 40.854294}}
{"target": 12.0, "params": {"d0": 2.7575905586180927, "d1": -5.054652531984054, "d2": 1.169887506332823, "g0": 4.176202322326069, "g1": 0.6841282961300403, "g2": -1.176127342424186, "g3": 0.923484037218841, "g4": 0.9249778508918205, "g5": -0.499020857402347, "g6": -0.48746748853575245, "g7": 1.6232017641348562, "i0": 1.8590851671103454, "i1": 0.1661259580306398, "i2": -7.408213761931424, "i3": 0.8460019971726052, "i4": 0.8890362130733012, "i5": -0.43557086450763394, "i6": -0.35538419003942306, "i7": 1.498515590248288, "r0": 4.1809794907904, "r1": 0.3466401247064954, "r2": -0.874000833727921, "r3": 1.2471354496174885, "r4": 1.2130185672819538, "r5": 0.6797668286456424, "r6": 0.5784183275185681, "r7": 1.7474709531910462}, "datetime": {"datetime": "2020-01-18 00:54:58", "elapsed": 14885.280532, "delta": 43.340239}}
{"target": 9.25, "params": {"d0": 0.3700877971293587, "d1": -8.113146213775126, "d2": 0.9512412732401261, "g0": 1.6719513212754373, "g1": 0.4653049467878513, "g2": -9.047412560699586, "g3": 0.975381988863629, "g4": 0.8365789757618483, "g5": -0.2825374042144111, "g6": 0.4922510304204276, "g7": 0.9032132276934053, "i0": 1.4218177545904158, "i1": 0.0728464499012429, "i2": -2.8923797005106877, "i3": 1.3730143526220813, "i4": 1.289165270886739, "i5": 0.1874682946835884, "i6": -0.16265011496773268, "i7": 1.1511422123620658, "r0": 2.4676338037868115, "r1": 0.93134652983935, "r2": -3.719439418257167, "r3": 0.845120046823921, "r4": 1.0580046582647076, "r5": -0.14540370593451857, "r6": 0.8036026660488755, "r7": 1.0148571600383944}, "datetime": {"datetime": "2020-01-18 00:55:57", "elapsed": 14944.142424, "delta": 58.861892}}
{"target": 11.05, "params": {"d0": 1.0881372340064421, "d1": -2.406715067134292, "d2": 1.4785969305618931, "g0": 4.044154404593056, "g1": 0.5704327575985553, "g2": -1.9039398113266852, "g3": 1.0029106131894294, "g4": 0.9199040037941411, "g5": -0.09226231372816751, "g6": -0.06043162544175851, "g7": 1.6087950568517013, "i0": 4.580620664063245, "i1": 0.6713966514314404, "i2": -2.1626902510039523, "i3": 1.4359218725817076, "i4": 1.1659892605560285, "i5": -0.06986660426237545, "i6": 0.6132934184093206, "i7": 1.9896477285416263, "r0": 3.369275087238103, "r1": 0.7271356675782584, "r2": -8.646679741865913, "r3": 1.353875642274609, "r4": 1.2645892034707873, "r5": -0.667295141856675, "r6": 0.8833201484673983, "r7": 1.7360139331268472}, "datetime": {"datetime": "2020-01-18 00:56:58", "elapsed": 15004.319964, "delta": 60.17754}}
