{"target": 12.95, "params": {"d0": 3.6890314834299733, "d1": -1.5450178238848036, "d2": 0.9119575589632369, "g0": 3.8488310563992685, "g1": 0.5611045767651911, "g2": -2.191268478256127, "g3": 1.022335095358427, "g4": 1.1908879245863835, "g5": 0.46315784802622506, "g6": 0.5444883127275197, "g7": 1.6961205331618945, "i0": 4.741872351106526, "i1": 0.48059786355278145, "i2": -4.450217015054299, "i3": 0.7874367559479962, "i4": 1.1825336272624167, "i5": 0.3742566021942486, "i6": -0.12572666514149045, "i7": 1.5489139689851477, "r0": 0.08586476828303546, "r1": 0.7108820782795534, "r2": -7.4116379616141455, "r3": 1.4093808634455869, "r4": 1.2162826991884221, "r5": -0.27898462377288635, "r6": -0.49119570221074815, "r7": 1.8963386920975358}, "datetime": {"datetime": "2020-01-18 05:10:33", "elapsed": 30219.556206, "delta": 28.055862}}
{"target": 15.45, "params": {"d0": 2.4409673883638043, "d1": -2.9384967037636036, "d2": 0.9196224183884901, "g0": 2.042794535168219, "g1": 0.7666152731799256, "g2": -9.915777484617545, "g3": 1.272117392847076, "g4": 1.0535540034828694, "g5": -0.588461537215345, "g6": 0.5531168815237897, "g7": 1.5223064253998368, "i0": 2.2950717563340612, "i1": 0.7850717292552708, "i2": -2.8879614968386225, "i3": 1.186125952729128, "i4": 1.1959523619330232, "i5": 0.7373746383003921, "i6": 0.4334128501449509, "i7": 1.5652125643807444, "r0": 2.4938435733885536, "r1": 0.5045920534095613, "r2": -0.15660040538501718, "r3": 1.055912232796073, "r4": 1.270312554920341, "r5": -0.4209356634751249, "r6": 0.8537683773070313, "r7": 1.5107499545672156}, "datetime": {"datetime": "2020-01-18 05:11:04", "elapsed": 30250.916681, "delta": 31.360475}}
{"target": 17.4, "params": {"d0": 1.603788771199821, "d1": -0.4746249443771955, "d2": 1.191626092105962, "g0": 0.6444080317336903, "g1": 0.546018071036494, "g2": -5.228865588552663, "g3": 0.9447919368678126, "g4": 1.0997531960589588, "g5": -0.08937493486705639, "g6": 0.5695424039463859, "g7": 0.96009988599598, "i0": 4.1238703089993285, "i1": 0.554042472079182, "i2": -3.777120789395884, "i3": 1.102021923997698, "i4": 1.0546724139692023, "i5": -0.24159601484983462, "i6": -0.055663663411815945, "i7": 1.5066504041637474, "r0": 4.121002779165616, "r1": 0.2511613467905308, "r2": -3.8806110400608933, "r3": 0.9566158737535995, "r4": 1.238539623637319, "r5": 0.3780145932660184, "r6": 0.9325937719642754, "r7": 1.165736010448454}, "datetime": {"datetime": "2020-01-18 05:11:34", "elapsed": 30281.151307, "delta": 30.234626}}
{"target": 7.35, "params": {"d0": 0.26351779041470513, "d1": -5.353189282440396, "d2": 1.072782721017566, "g0": 4.287783128713947, "g1": 0.16011562973945026, "g2": -7.906679332435167, "g3": 1.328717318538595, "g4": 0.9476023199603646, "g5": 0.1771337552311698, "g6": 0.12923529263358802, "g7": 0.957531291643702, "i0": 4.1883706520121065, "i1": 0.9776205022415004, "i2": -9.091935844514209, "i3": 1.422998275943729, "i4": 1.0181625865952446, "i5": 0.41329294440273556, "i6": 0.49214579965354655, "i7": 1.2713251631939257, "r0": 3.9147710019122455, "r1": 0.6255039494645265, "r2": -7.125341325583268, "r3": 1.2104195911580766, "r4": 1.1162152329797235, "r5": 0.6705180708563587, "r6": 0.4062078501512367, "r7": 1.6354777778211862}, "datetime": {"datetime": "2020-01-18 05:12:17", "elapsed": 30323.640407, "delta": 42.4891}}
{"target": 4.25, "params": {"d0": 3.1661093923392096, "d1": -8.35101652706139, "d2": 0.9286315886490026, "g0": 4.398268493081247, "g1": 0.7288925785947182, "g2": -4.986842800741476, "g3": 1.174547506273702, "g4": 0.816711125449616, "g5": -0.5193108295975235, "g6": 0.20978490010282136, "g7": 1.5720144072371527, "i0": 3.6496069717511945, "i1": 0.815012522861911, "i2": -5.519413438280991, "i3": 0.7205484636717702, "i4": 1.2447193548978923, "i5": 0.34024410498994717, "i6": 0.10203430397606006, "i7": 1.5013185156455324, "r0": 3.623522957380097, "r1": 0.10145743872606183, "r2": -7.4796263586363345, "r3": 1.0605162314160936, "r4": 1.123749741984524, "r5": -0.16676093628074395, "r6": 0.8360991620414617, "r7": 1.1813537441325297}, "datetime": {"datetime": "2020-01-18 05:12:51", "elapsed": 30358.279045, "delta": 34.638638}}
{"target": 16.0, "params": {"d0": 3.4495240513786065, "d1": -7.358582945102948, "d2": 0.7293382144849919, "g0": 3.54502013534737, "g1": 0.6216241810728603, "g2": -5.097066153657574, "g3": 0.7973850566889705, "g4": 1.2019506180754722, "g5": -0.3176076464533811, "g6": 0.9711982434296089, "g7": 1.4236049169392127, "i0": 0.32336248498560094, "i1": 0.5408233328085681, "i2": -8.889080479350639, "i3": 1.129870765216015, "i4": 1.136872538440243, "i5": 0.5170464361621829, "i6": 0.48374981658976857, "i7": 0.9310949724926822, "r0": 2.6918347214413023, "r1": 0.1515140976343632, "r2": -7.119347035668064, "r3": 1.3865334786637478, "r4": 1.1659464606699343, "r5": -0.23475897110536703, "r6": 0.26948679992171165, "r7": 1.4147208142024548}, "datetime": {"datetime": "2020-01-18 05:13:23", "elapsed": 30389.579082, "delta": 31.300037}}
{"target": 14.3, "params": {"d0": 2.8437484219211417, "d1": -7.160231275388151, "d2": 0.8742840213945111, "g0": 1.9266316366768192, "g1": 0.7668438493540212, "g2": -3.656714080555518, "g3": 1.1780833096329266, "g4": 0.8169273799973886, "g5": 0.5972014706192061, "g6": -0.28360878977859516, "g7": 1.733314869043496, "i0": 3.361383068358092, "i1": 0.7062487627260361, "i2": -3.7776004323001953, "i3": 1.317785747125283, "i4": 0.8961012359078089, "i5": 0.5571480178028703, "i6": 0.09142032210995366, "i7": 1.491794262984843, "r0": 2.288737024054604, "r1": 0.019888404512443114, "r2": -9.243468478611213, "r3": 0.8694737119842104, "r4": 1.277961588455247, "r5": -0.3309842933689002, "r6": 0.7383873846826985, "r7": 1.8300017436612028}, "datetime": {"datetime": "2020-01-18 05:13:51", "elapsed": 30418.181874, "delta": 28.602792}}
{"target": 15.0, "params": {"d0": 1.799563913721753, "d1": -9.291255736810484, "d2": 0.7720604746451709, "g0": 2.321976576645773, "g1": 0.9455754349304193, "g2": -5.245126330163648, "g3": 1.3417474335818587, "g4": 0.8921847013806972, "g5": 0.3298840131648535, "g6": -0.3432285200609265, "g7": 1.6332105395563967, "i0": 4.190649363097149, "i1": 0.04786244152255925, "i2": -2.118477127456238, "i3": 0.7260842655602373, "i4": 0.8596067777254333, "i5": -0.20174048983177106, "i6": 0.4301442074020514, "i7": 1.0947650844863703, "r0": 0.29724893330376256, "r1": 0.7680973645842566, "r2": -5.375610238994792, "r3": 0.7807456442967067, "r4": 1.100220843957548, "r5": -0.565769305675416, "r6": 0.6097474626471353, "r7": 1.3755323196591498}, "datetime": {"datetime": "2020-01-18 05:14:23", "elapsed": 30449.722165, "delta": 31.540291}}
{"target": 11.55, "params": {"d0": 0.886420048663778, "d1": -9.156532244256844, "d2": 1.0523603540856947, "g0": 3.0129813732085426, "g1": 0.12346340363225505, "g2": -1.4073105409689255, "g3": 0.8503234481744879, "g4": 0.9316547625944182, "g5": 0.3843470280704169, "g6": 0.29263985313594976, "g7": 1.478915771104258, "i0": 3.240180576573662, "i1": 0.8092468799121953, "i2": -7.558373468299122, "i3": 1.2057935238428317, "i4": 1.1931069774229652, "i5": 0.2360208452988728, "i6": 0.2383173102349243, "i7": 1.607674818404634, "r0": 2.6337672790165954, "r1": 0.37416800325950306, "r2": -1.3139984029912952, "r3": 1.172248874263007, "r4": 1.1113242631504474, "r5": 0.6764365215825852, "r6": -0.44846864687253857, "r7": 1.8571659146928865}, "datetime": {"datetime": "2020-01-18 05:15:07", "elapsed": 30493.603359, "delta": 43.881194}}
{"target": 15.4, "params": {"d0": 2.5485180846171405, "d1": -4.0754268801097195, "d2": 0.8282133230939688, "g0": 2.979848610538215, "g1": 0.18570807821840973, "g2": -5.609167640615133, "g3": 0.9659299421753202, "g4": 1.1698514717257595, "g5": -0.4129846383072089, "g6": 0.94481421114246, "g7": 1.0888872319210061, "i0": 3.860949234298398, "i1": 0.5134333553330575, "i2": -0.7514910251121556, "i3": 0.7044567429130231, "i4": 1.2524682106256984, "i5": 0.6608423939783077, "i6": 0.17956791102959468, "i7": 1.0971842114042927, "r0": 1.8694094596203596, "r1": 0.02856967273737998, "r2": -3.6505867792772237, "r3": 0.96021165459263, "r4": 1.1389996616488645, "r5": 0.5958572395410393, "r6": 0.6724111383165934, "r7": 1.728081965692055}, "datetime": {"datetime": "2020-01-18 05:15:37", "elapsed": 30524.188115, "delta": 30.584756}}
{"target": 19.7, "params": {"d0": 1.1815478214708974, "d1": -1.3556615451517704, "d2": 0.8070381884477611, "g0": 0.38803627033809684, "g1": 0.7811126121828045, "g2": -8.223904885544782, "g3": 0.8827486218410191, "g4": 0.8745576380338427, "g5": -0.19930478285867625, "g6": 0.6220967815134169, "g7": 1.9822768739093335, "i0": 4.6934888449981695, "i1": 0.5405093739537967, "i2": -1.8434243990458565, "i3": 1.2388107727798903, "i4": 1.2514163693298865, "i5": 0.40311806552133667, "i6": 0.6229529637630673, "i7": 1.849031489738512, "r0": 2.449193288318716, "r1": 0.09225290991038326, "r2": -7.213031275522716, "r3": 0.9712344466844115, "r4": 1.0356792151627794, "r5": 0.37665918843521906, "r6": 0.7259126832162117, "r7": 1.8935358440284107}, "datetime": {"datetime": "2020-01-18 05:16:11", "elapsed": 30558.084514, "delta": 33.896399}}
{"target": 18.35, "params": {"d0": 2.9071463142463956, "d1": -8.286237912647133, "d2": 1.140333436797373, "g0": 1.8610454398437244, "g1": 0.2613300549603843, "g2": -4.265198917853478, "g3": 1.2191128375228129, "g4": 1.1522808713562125, "g5": -0.0273129848950745, "g6": 0.28279540459117525, "g7": 1.3353471828620302, "i0": 3.28991208691316, "i1": 0.9579334641134034, "i2": -3.307107762731584, "i3": 1.4148212293045594, "i4": 1.163596406353165, "i5": -0.42256295362139157, "i6": 0.9115868880818829, "i7": 1.3755435933607092, "r0": 0.6700895010649871, "r1": 0.6695045346319107, "r2": -1.874689804247339, "r3": 1.3952908501182808, "r4": 1.1975231326444677, "r5": 0.6794493988249035, "r6": 0.7025037937531242, "r7": 1.1485665509445329}, "datetime": {"datetime": "2020-01-18 05:16:41", "elapsed": 30587.918049, "delta": 29.833535}}
{"target": 13.3, "params": {"d0": 2.1140921299253894, "d1": -2.1247774533180053, "d2": 0.7007743549901972, "g0": 3.058491395443803, "g1": 0.40123445705510863, "g2": -1.2915816331769303, "g3": 0.7700763362034116, "g4": 0.8209681995723914, "g5": 0.14625692183360928, "g6": 0.20085378105232587, "g7": 1.8851835759607518, "i0": 1.0298844896431547, "i1": 0.8920584921104517, "i2": -3.0874350899981797, "i3": 0.9921804417197756, "i4": 1.2143798263566399, "i5": 0.4299111662317905, "i6": 0.503988803745504, "i7": 1.7292780969129646, "r0": 2.9968706823229594, "r1": 0.9609931379115719, "r2": -4.823948706858092, "r3": 0.791791641606274, "r4": 0.9166578854890473, "r5": 0.6527610379151945, "r6": -0.18836851290602502, "r7": 1.827068471416252}, "datetime": {"datetime": "2020-01-18 05:17:16", "elapsed": 30622.933288, "delta": 35.015239}}
{"target": 12.9, "params": {"d0": 0.9586185397804003, "d1": -4.789559159884764, "d2": 0.8557777290636177, "g0": 3.2945030085955134, "g1": 0.8172600536146494, "g2": -1.7558661116952816, "g3": 1.3327176245577574, "g4": 0.814266093990043, "g5": 0.142153517467411, "g6": 0.008059233956856593, "g7": 1.9722099177138808, "i0": 2.455242582578403, "i1": 0.7354842637394157, "i2": -3.1107865798317533, "i3": 1.3048440606545502, "i4": 0.9310138175865353, "i5": 0.027359181124197662, "i6": -0.16186087717931485, "i7": 1.708883240586485, "r0": 1.0159568395195973, "r1": 0.4094037649007456, "r2": -6.531290535201261, "r3": 0.7155910011813903, "r4": 1.121291680969665, "r5": 0.3118198439477904, "r6": 0.7673825366584217, "r7": 1.1765595325303373}, "datetime": {"datetime": "2020-01-18 05:17:58", "elapsed": 30664.732105, "delta": 41.798817}}
{"target": 8.5, "params": {"d0": 1.9711136336536006, "d1": -0.5367164151418375, "d2": 0.8593655245861891, "g0": 3.8707385284495572, "g1": 0.03433668985390714, "g2": -4.70273254890005, "g3": 1.1186688003249294, "g4": 1.1720377593765932, "g5": -0.6126739331395795, "g6": 0.6915117872480736, "g7": 1.8839623533463672, "i0": 4.912566428541178, "i1": 0.5040520168462871, "i2": -5.236128135524404, "i3": 0.8506864427333757, "i4": 1.2417317551674825, "i5": -0.5217628777481697, "i6": 0.5976162658780013, "i7": 1.6732590844445703, "r0": 3.701043693013823, "r1": 0.018966914880383268, "r2": -4.596645141528972, "r3": 0.7804734234011885, "r4": 1.1651052234529777, "r5": -0.49698597197669125, "r6": 0.5594867934574697, "r7": 1.7865333685503895}, "datetime": {"datetime": "2020-01-18 05:18:28", "elapsed": 30694.639055, "delta": 29.90695}}
{"target": 1.35, "params": {"d0": 2.968744113869306, "d1": -2.345603373234235, "d2": 1.042897321273596, "g0": 4.627201970963709, "g1": 0.25357804833961695, "g2": -7.580184760074982, "g3": 0.7946622754769892, "g4": 0.863092256107423, "g5": -0.5892464902304195, "g6": -0.04251405670710057, "g7": 1.6829338570921202, "i0": 4.56912512861259, "i1": 0.10886987349149757, "i2": -5.842084279391613, "i3": 0.7869202426255107, "i4": 0.8014186488705816, "i5": -0.5036043330651717, "i6": 0.29451993279648814, "i7": 1.249745627156658, "r0": 3.8217550772755127, "r1": 0.9453329135206372, "r2": -7.9767117172924715, "r3": 0.7622138277708854, "r4": 0.867516059478364, "r5": 0.6673278303634473, "r6": 0.4818131280396122, "r7": 1.1921590271711764}, "datetime": {"datetime": "2020-01-18 05:19:11", "elapsed": 30737.322978, "delta": 42.683923}}
{"target": 8.35, "params": {"d0": 1.284694632176326, "d1": -0.2269064816002615, "d2": 0.7781421455852536, "g0": 0.7862544566083368, "g1": 0.05925768709259316, "g2": -7.998307766966154, "g3": 1.4544448035327686, "g4": 0.9821209042211974, "g5": -0.5437465022106884, "g6": -0.4359348074020867, "g7": 1.5972264227760693, "i0": 0.7947534091991898, "i1": 0.20702376651405863, "i2": -4.919879136371553, "i3": 1.3457891085816438, "i4": 1.2090729700368448, "i5": 0.7726717896944386, "i6": -0.2717169169168182, "i7": 1.7639921852558675, "r0": 1.597785311830675, "r1": 0.5600237913785142, "r2": -4.211819908718532, "r3": 1.353670799619875, "r4": 1.0520279543577025, "r5": -0.2679309353586369, "r6": 0.9861364040487459, "r7": 1.197343187241579}, "datetime": {"datetime": "2020-01-18 05:19:31", "elapsed": 30758.206155, "delta": 20.883177}}
{"target": 4.5, "params": {"d0": 2.315000531846139, "d1": -8.15929305434263, "d2": 1.3799994548223393, "g0": 3.6984754412581355, "g1": 0.711497988403231, "g2": -4.704246638743619, "g3": 1.0598668060378413, "g4": 0.9833873115804157, "g5": -0.1919780341818378, "g6": 0.5315830010340572, "g7": 1.7684600820570324, "i0": 2.8916533363750867, "i1": 0.5945403529494302, "i2": -9.059099674343875, "i3": 1.0684333438663518, "i4": 0.9215262878279471, "i5": 0.7521925034166335, "i6": 0.009501611425708045, "i7": 1.642985631993605, "r0": 4.651119754012219, "r1": 0.31345316125158684, "r2": -7.327945541267246, "r3": 1.238391087026431, "r4": 1.066318284334575, "r5": 0.1596475832449965, "r6": -0.4800295120701995, "r7": 1.5209107653602223}, "datetime": {"datetime": "2020-01-18 05:20:04", "elapsed": 30791.12306, "delta": 32.916905}}
{"target": 10.1, "params": {"d0": 1.6362211735349015, "d1": -4.652527802008359, "d2": 1.4947446756587088, "g0": 4.824690983910339, "g1": 0.893103022465588, "g2": -4.546218461887342, "g3": 0.8364377461229953, "g4": 0.8035195165105473, "g5": 0.5444457878469446, "g6": -0.4515003595690377, "g7": 1.2403335109379285, "i0": 4.2674832196854595, "i1": 0.26240670310669056, "i2": -4.87423889283292, "i3": 1.3849408058937802, "i4": 1.276477223849803, "i5": -0.5219987665973511, "i6": 0.09805775954500207, "i7": 1.9919377967886858, "r0": 3.35289266735518, "r1": 0.6413978546082136, "r2": -7.913785798273065, "r3": 0.7138795989102474, "r4": 1.2509885718939295, "r5": -0.14644075151437352, "r6": -0.3427791877256334, "r7": 1.739794216631704}, "datetime": {"datetime": "2020-01-18 05:20:47", "elapsed": 30834.068188, "delta": 42.945128}}
{"target": 16.2, "params": {"d0": 0.6746604347352841, "d1": -9.513995231825835, "d2": 1.2403835853517138, "g0": 1.1604805326202106, "g1": 0.446921200351985, "g2": -4.880912132558521, "g3": 0.9415705368898655, "g4": 1.247092464058066, "g5": -0.373288541762987, "g6": -0.26373608207601656, "g7": 1.251064378503329, "i0": 1.3257794797168554, "i1": 0.8656400188708083, "i2": -0.5135821583166251, "i3": 1.072310930668796, "i4": 1.0605935502439099, "i5": -0.5380294521052256, "i6": 0.06879868658192945, "i7": 1.3373334424329213, "r0": 3.38253787259086, "r1": 0.6298897555794519, "r2": -4.926187037535296, "r3": 1.0895803082771607, "r4": 1.1783885455143803, "r5": -0.6847077274100317, "r6": 0.7308998525828785, "r7": 1.996968970097352}, "datetime": {"datetime": "2020-01-18 05:21:21", "elapsed": 30868.257292, "delta": 34.189104}}
{"target": 4.0, "params": {"d0": 4.96951694930384, "d1": -9.276229625174343, "d2": 0.7421647643882827, "g0": 3.644458889694779, "g1": 0.761062252500403, "g2": -3.5496167049802905, "g3": 0.7878545369922874, "g4": 1.0063344155448548, "g5": -0.3433502542916756, "g6": 0.9624631647533917, "g7": 1.4276731532969562, "i0": 4.245047647943038, "i1": 0.6232839367605315, "i2": -1.0757554834438583, "i3": 0.777803541286783, "i4": 1.043112901138283, "i5": -0.4963159744286818, "i6": 0.09217915160521484, "i7": 0.976314132130908, "r0": 1.4657296152836436, "r1": 0.3999462624434924, "r2": -0.7428138435039973, "r3": 1.0267311425891184, "r4": 0.8024711656926338, "r5": -0.6168919275139318, "r6": 0.2831049191915318, "r7": 1.8140376194351657}, "datetime": {"datetime": "2020-01-18 05:21:58", "elapsed": 30904.547713, "delta": 36.290421}}
{"target": 14.05, "params": {"d0": 2.181325686877834, "d1": -0.3168395116194116, "d2": 0.7574631509255828, "g0": 0.8663161529100033, "g1": 0.16380842167113197, "g2": -1.911209097804246, "g3": 1.2515956156855272, "g4": 1.2976624033435171, "g5": 0.4792246935019622, "g6": 0.17949404217905518, "g7": 0.9429636952688594, "i0": 0.007954652197036394, "i1": 0.6580620182512943, "i2": -3.065265134818807, "i3": 1.3643299097078334, "i4": 1.10965873137509, "i5": -0.1010694824847288, "i6": -0.1598947969606771, "i7": 1.9966051500760948, "r0": 1.7245552102275346, "r1": 0.5175975486225741, "r2": -3.2369531969801617, "r3": 1.442749868508984, "r4": 1.2631141687175558, "r5": -0.000151484885240194, "r6": -0.25686451760158, "r7": 1.594163750390294}, "datetime": {"datetime": "2020-01-18 05:22:32", "elapsed": 30939.184344, "delta": 34.636631}}
{"target": 7.75, "params": {"d0": 4.109874539916606, "d1": -2.079154245925622, "d2": 0.9431136630962135, "g0": 1.9130665487920102, "g1": 0.9389703909408206, "g2": -7.148251701998775, "g3": 1.360399905329948, "g4": 0.8468103986812119, "g5": -0.33354055269148014, "g6": -0.3991385030297293, "g7": 1.3384886421138136, "i0": 2.6940155001825565, "i1": 0.11011474314451442, "i2": -5.975106746948243, "i3": 1.3288121339179086, "i4": 1.1842313868345502, "i5": -0.2445706451310038, "i6": -0.3360340041519909, "i7": 0.9789549162285498, "r0": 2.260220113049619, "r1": 0.6622940786898982, "r2": -9.929621809308731, "r3": 1.2781755252752984, "r4": 1.2345787410380615, "r5": -0.36547400501398286, "r6": 0.510652996256191, "r7": 1.9826507573993748}, "datetime": {"datetime": "2020-01-18 05:23:00", "elapsed": 30966.472478, "delta": 27.288134}}
{"target": 18.45, "params": {"d0": 0.7712099296844854, "d1": -1.8868403491628793, "d2": 1.222365253554495, "g0": 1.5684772596599776, "g1": 0.4499722781146416, "g2": -5.344806080821839, "g3": 1.2557764401267255, "g4": 1.2550901662093834, "g5": -0.5174781373249662, "g6": 0.7979876539102684, "g7": 1.8290514890990819, "i0": 3.7343180352140717, "i1": 0.8659752009693582, "i2": -2.6803004449830317, "i3": 0.8995985651424295, "i4": 0.9678043181535303, "i5": -0.36867806568289424, "i6": 0.7093561811889555, "i7": 1.435016208925822, "r0": 2.0871303752988526, "r1": 0.13782978211477537, "r2": -9.371568909525942, "r3": 1.432927427377127, "r4": 1.2516659428614072, "r5": 0.07816673577121713, "r6": 0.9609980616811273, "r7": 1.7377348367612262}, "datetime": {"datetime": "2020-01-18 05:23:33", "elapsed": 30999.715023, "delta": 33.242545}}
{"target": 12.95, "params": {"d0": 4.658662084555105, "d1": -8.912933788172332, "d2": 1.3561527110375493, "g0": 3.4205438133691963, "g1": 0.6809922484421533, "g2": -2.1078275275061156, "g3": 0.737459117995921, "g4": 0.8556912587329527, "g5": 0.5576124294282072, "g6": 0.24577853513312742, "g7": 1.0635161781800742, "i0": 3.8494377118058276, "i1": 0.614532570302327, "i2": -4.871680473679552, "i3": 1.0903169737415237, "i4": 0.8228272093828843, "i5": 0.053263371524612024, "i6": 0.15938296822160303, "i7": 1.3816289877513817, "r0": 3.6652212166874705, "r1": 0.7213166139315792, "r2": -1.9179709951033832, "r3": 1.4999200769169734, "r4": 1.1302449066200244, "r5": -0.26488056411946936, "r6": 0.36163460669952197, "r7": 1.6936845484181466}, "datetime": {"datetime": "2020-01-18 05:24:08", "elapsed": 31034.64037, "delta": 34.925347}}
{"target": 15.6, "params": {"d0": 4.747044997956504, "d1": -4.2403550167434805, "d2": 1.1312393014900204, "g0": 2.2967459983197918, "g1": 0.5476859751756272, "g2": -4.589162530353013, "g3": 1.1070631268259112, "g4": 1.2498847874447343, "g5": -0.7804172431729062, "g6": 0.7537689370678324, "g7": 1.3655183987483444, "i0": 2.451911399434504, "i1": 0.2155259834901634, "i2": -8.016438698624919, "i3": 1.2842999793959942, "i4": 0.816792765492848, "i5": -0.304469636285001, "i6": -0.38930125425420353, "i7": 1.8589762609166431, "r0": 3.0679230231405015, "r1": 0.5700421753767596, "r2": -6.896621372835579, "r3": 1.4579920510381028, "r4": 0.8824715105876979, "r5": -0.5988791749526812, "r6": 0.2254152156392606, "r7": 1.3793349960014671}, "datetime": {"datetime": "2020-01-18 05:24:33", "elapsed": 31060.189277, "delta": 25.548907}}
