{"target": 14.15, "params": {"d0": 3.055595909803489, "d1": -1.1236162806172327, "d2": 1.4210396277956374, "g0": 3.4464622544519004, "g1": 0.8928988232313764, "g2": -5.2137674602696435, "g3": 1.0268601162068567, "g4": 1.2254712339206981, "g5": -0.2743554033872989, "g6": 0.6772717085350488, "g7": 1.3160001256632556, "i0": 3.4832532200876063, "i1": 0.3071562111731667, "i2": -0.9124669349410635, "i3": 1.0442084463307597, "i4": 0.9407235124831643, "i5": 0.22712963255164764, "i6": 0.2894123888670945, "i7": 1.9383823440073376, "r0": 1.2469611084018788, "r1": 0.10587119499207209, "r2": -7.3266921033173285, "r3": 0.8298630670092685, "r4": 0.9880472603622332, "r5": 0.31908435667222346, "r6": -0.03380458843098755, "r7": 1.9899024770821097}, "datetime": {"datetime": "2020-01-18 09:14:09", "elapsed": 44835.893994, "delta": 31.859465}}
{"target": 18.9, "params": {"d0": 0.4176685861960666, "d1": -9.517070881169477, "d2": 0.8511785040942142, "g0": 1.3794074588191796, "g1": 0.06997659452090965, "g2": -4.185173320618157, "g3": 1.3750961881825885, "g4": 1.1916070041632048, "g5": -0.18991238325151905, "g6": 0.09298425397634014, "g7": 1.6830046968882708, "i0": 3.6650172420910048, "i1": 0.9166163172390484, "i2": -8.250062698178262, "i3": 1.3370771429952701, "i4": 1.050092153645877, "i5": -0.5585268907896008, "i6": -0.2874455520142497, "i7": 1.6068155581074837, "r0": 3.399826977954108, "r1": 0.5716270598599041, "r2": -8.481512697308387, "r3": 1.433825313794531, "r4": 1.0094340666369936, "r5": -0.7622185938380179, "r6": -0.018024761740397577, "r7": 1.1777132294065658}, "datetime": {"datetime": "2020-01-18 09:14:41", "elapsed": 44867.953759, "delta": 32.059765}}
{"target": 13.3, "params": {"d0": 4.857519996704162, "d1": -8.862469824528485, "d2": 1.0765882058431, "g0": 3.570991334270439, "g1": 0.5396076969344212, "g2": -5.502168305290392, "g3": 0.9087148695191529, "g4": 1.081582849491681, "g5": -0.37336208594215387, "g6": 0.173610548045686, "g7": 0.9326897393943457, "i0": 2.78546180787436, "i1": 0.32644691042239915, "i2": -8.05871653470651, "i3": 0.961138655410311, "i4": 0.9997586519385406, "i5": -0.26990945892617124, "i6": 0.11989867209905603, "i7": 1.6917499167491614, "r0": 3.0505495211658347, "r1": 0.32678770974873084, "r2": -7.360865031907232, "r3": 1.4263421006932386, "r4": 1.1454503684244084, "r5": 0.2588465010746026, "r6": 0.4931284537291464, "r7": 1.208647688600434}, "datetime": {"datetime": "2020-01-18 09:15:10", "elapsed": 44896.495101, "delta": 28.541342}}
{"target": 14.15, "params": {"d0": 4.890841668473003, "d1": -9.758857177647561, "d2": 1.3250135771009002, "g0": 4.137642347005156, "g1": 0.4588845716982324, "g2": -3.601359953746579, "g3": 1.3376444573509714, "g4": 1.0561316210777285, "g5": 0.19657803615937264, "g6": 0.6843631533874992, "g7": 1.6533624755608698, "i0": 0.38330797832122787, "i1": 0.6093221132352171, "i2": -2.0009366953990506, "i3": 0.7279656987511864, "i4": 1.200778116999503, "i5": -0.6329945973776067, "i6": -0.41009132772361556, "i7": 1.4643673730057096, "r0": 3.778707068045696, "r1": 0.011827467299960093, "r2": -9.873493074477441, "r3": 1.3839574206449876, "r4": 1.2572536511429848, "r5": 0.4851173027166795, "r6": -0.3174448678614878, "r7": 1.7577244154427913}, "datetime": {"datetime": "2020-01-18 09:15:43", "elapsed": 44929.560348, "delta": 33.065247}}
{"target": 14.7, "params": {"d0": 3.0640336424149126, "d1": -1.0766874429852464, "d2": 0.7195654882872805, "g0": 4.848880408926835, "g1": 0.8464077118993584, "g2": -2.5090144937314847, "g3": 1.2408917822516243, "g4": 1.047924183237295, "g5": -0.11100948184130066, "g6": -0.3563390741730838, "g7": 1.0252444540660226, "i0": 1.1398307716238731, "i1": 0.11302544749786925, "i2": -6.805768191617259, "i3": 0.9506381806155555, "i4": 1.273663576526219, "i5": -0.6023474969408161, "i6": -0.29897389609246744, "i7": 0.9273955197922201, "r0": 2.9253974690596545, "r1": 0.051010208345697805, "r2": -5.512911382412147, "r3": 1.1834707978389454, "r4": 1.17544232378584, "r5": 0.3709057900837307, "r6": 0.11369866051319466, "r7": 1.5890385606190836}, "datetime": {"datetime": "2020-01-18 09:16:13", "elapsed": 44959.626133, "delta": 30.065785}}
{"target": 12.9, "params": {"d0": 0.64346946397496, "d1": -4.858108890376793, "d2": 1.2164687306150226, "g0": 3.2110242392545834, "g1": 0.3206230303083507, "g2": -3.586613596486748, "g3": 1.2816124142814989, "g4": 1.2442015718200514, "g5": -0.7274496181143366, "g6": 0.06776395596465934, "g7": 1.197726566279649, "i0": 1.3342231863549758, "i1": 0.14142382941461296, "i2": -4.458967329009377, "i3": 1.135175497512523, "i4": 0.938073066144766, "i5": 0.3295880600290422, "i6": 0.07500583491859825, "i7": 1.3287656331098723, "r0": 2.5312449773853487, "r1": 0.33497880551144954, "r2": -0.04924011578792964, "r3": 0.7480983295369081, "r4": 0.997480106513126, "r5": -0.6165001311736606, "r6": -0.35355275113303003, "r7": 1.0990645735205244}, "datetime": {"datetime": "2020-01-18 09:16:55", "elapsed": 45001.459924, "delta": 41.833791}}
{"target": 7.05, "params": {"d0": 0.8703407317579204, "d1": -1.0518859521888544, "d2": 0.9109323054980418, "g0": 4.213992541968504, "g1": 0.5556969557882621, "g2": -6.454686169217143, "g3": 0.7091882709240785, "g4": 1.2286353901694993, "g5": -0.13552309266420293, "g6": 0.5168541511752982, "g7": 1.5531547694521137, "i0": 4.315865542611872, "i1": 0.08250706639528682, "i2": -9.161509261458415, "i3": 1.2955734783081594, "i4": 1.2737934324225664, "i5": 0.2626114105541095, "i6": -0.43916046962424443, "i7": 1.1669881895549983, "r0": 2.667343403249805, "r1": 0.7395018728444057, "r2": -0.19476355099788378, "r3": 1.3025304134864129, "r4": 0.9268310012175751, "r5": 0.08170730580736874, "r6": -0.4721581521529869, "r7": 1.107407042449019}, "datetime": {"datetime": "2020-01-18 09:17:40", "elapsed": 45046.281656, "delta": 44.821732}}
{"target": 7.4, "params": {"d0": 0.2284888179720429, "d1": -0.6088429440692273, "d2": 0.8717852699986697, "g0": 3.633206428128454, "g1": 0.25407342800494137, "g2": -6.975393337696744, "g3": 1.2758033011820287, "g4": 0.9116045939029189, "g5": -0.6722573084066371, "g6": -0.02045617158512214, "g7": 1.4429340127859436, "i0": 2.089154867392825, "i1": 0.313967607722897, "i2": -7.76263938973103, "i3": 1.1562097770157571, "i4": 1.1899617920031982, "i5": 0.43088105005232036, "i6": 0.5405067653844897, "i7": 1.5326424519826565, "r0": 4.533421682115448, "r1": 0.09525806434617479, "r2": -9.64635850493343, "r3": 0.9506088225588576, "r4": 1.0751890445365577, "r5": 0.3048843301817594, "r6": -0.08512384358028074, "r7": 1.1991842603859388}, "datetime": {"datetime": "2020-01-18 09:18:17", "elapsed": 45084.098037, "delta": 37.816381}}
{"target": 11.7, "params": {"d0": 0.43000654185908094, "d1": -6.54430918504283, "d2": 0.7918651482440962, "g0": 1.8568411742801154, "g1": 0.5911245419296368, "g2": -1.6174270770773091, "g3": 0.8634566231772721, "g4": 0.9450858500011904, "g5": 0.035675662728535285, "g6": 0.07766458981770297, "g7": 0.9650783207119351, "i0": 3.8235205145435818, "i1": 0.18275612654537077, "i2": -8.358674115418639, "i3": 1.2406265237302758, "i4": 1.2158000559212805, "i5": 0.15277953487892937, "i6": -0.3646357880046142, "i7": 1.4733568982557768, "r0": 1.6419247574303113, "r1": 0.596140008990024, "r2": -5.057777036178402, "r3": 1.203557274544265, "r4": 1.2701000388580868, "r5": -0.43693743392050116, "r6": 0.747143522751738, "r7": 1.0342113633280599}, "datetime": {"datetime": "2020-01-18 09:19:04", "elapsed": 45130.512642, "delta": 46.414605}}
{"target": 14.45, "params": {"d0": 4.71778607252216, "d1": -1.381125375926393, "d2": 1.0866542596427922, "g0": 2.3317901485553016, "g1": 0.1398454590080489, "g2": -0.26962859944262085, "g3": 0.7738931716728421, "g4": 0.9597879756601582, "g5": 0.38978049795980163, "g6": 0.08151455213044101, "g7": 1.7448079784630002, "i0": 1.1780399028562232, "i1": 0.8942679193128561, "i2": -4.393836906594802, "i3": 0.849726946587586, "i4": 1.2794368017938558, "i5": -0.42762060910544336, "i6": 0.4838240167905695, "i7": 1.5187796345756555, "r0": 1.3454006167197559, "r1": 0.402137902468365, "r2": -7.038023856646901, "r3": 0.8772332664505172, "r4": 0.8349046122131729, "r5": -0.3999076251588921, "r6": 0.9345717383403538, "r7": 0.9607302561612004}, "datetime": {"datetime": "2020-01-18 09:19:35", "elapsed": 45161.474026, "delta": 30.961384}}
{"target": 9.9, "params": {"d0": 3.546710852270549, "d1": -2.517274207616664, "d2": 1.2317411457615244, "g0": 2.4552499322605565, "g1": 0.8096976697227607, "g2": -0.8734286461380041, "g3": 0.8036558273600218, "g4": 1.2762873203914626, "g5": -0.693070293021839, "g6": -0.16592166065055303, "g7": 1.3717790981277533, "i0": 2.331087427079562, "i1": 0.6495861438226702, "i2": -4.585444180523234, "i3": 1.394329004563915, "i4": 0.9702325728709712, "i5": 0.49645748269097423, "i6": 0.8575363960976619, "i7": 1.1749824583657222, "r0": 0.2462800341954735, "r1": 0.32420834811363586, "r2": -5.493248294338811, "r3": 0.8826391725250364, "r4": 0.899238204986275, "r5": 0.12860073627635293, "r6": -0.3144710833233493, "r7": 1.6796891246975407}, "datetime": {"datetime": "2020-01-18 09:20:00", "elapsed": 45186.327144, "delta": 24.853118}}
{"target": 19.8, "params": {"d0": 1.576982603856425, "d1": -3.7384794715997236, "d2": 0.9403035049143873, "g0": 0.4655206577840737, "g1": 0.15236261783387828, "g2": -1.2654613335310394, "g3": 1.3218676899551802, "g4": 0.8354760287704779, "g5": -0.6990349610939337, "g6": 0.6308671972129276, "g7": 1.0642555897534438, "i0": 2.903277021177302, "i1": 0.033304109590072795, "i2": -9.221520127510148, "i3": 0.9935597576281772, "i4": 1.169597252025461, "i5": -0.4447030334335928, "i6": 0.6057093347421796, "i7": 1.3052420442468213, "r0": 0.3498527765177445, "r1": 0.8767520321897986, "r2": -3.6304693740624234, "r3": 0.8220189245250686, "r4": 0.8584112233145871, "r5": -0.6541658555514946, "r6": -0.01894096784840754, "r7": 1.893945808724156}, "datetime": {"datetime": "2020-01-18 09:20:31", "elapsed": 45218.234564, "delta": 31.90742}}
{"target": 10.15, "params": {"d0": 0.8961436252185556, "d1": -0.18770305629365858, "d2": 0.8898049116199953, "g0": 0.9715686835751536, "g1": 0.09650188382963087, "g2": -2.7198748178348753, "g3": 0.7965319007848062, "g4": 0.9219162088223206, "g5": 0.2817638477016806, "g6": 0.9819051763758999, "g7": 1.1884067094012711, "i0": 0.45032932564922523, "i1": 0.557987756072448, "i2": -9.206114985369018, "i3": 0.9987035761098578, "i4": 0.9118179971358013, "i5": -0.33939476217993403, "i6": 0.5111571153530998, "i7": 1.1103494159818852, "r0": 4.551644412045679, "r1": 0.6940598769897525, "r2": -7.661298854962199, "r3": 0.8875452493795174, "r4": 0.9368996265478001, "r5": -0.18689385595044727, "r6": 0.867784571436895, "r7": 1.3499463648811203}, "datetime": {"datetime": "2020-01-18 09:21:08", "elapsed": 45254.667865, "delta": 36.433301}}
{"target": 9.45, "params": {"d0": 1.8526695693347772, "d1": -4.360603801792134, "d2": 0.7265797184921965, "g0": 4.4379557437508845, "g1": 0.24245158310652093, "g2": -2.8471497202992078, "g3": 0.9119878517656738, "g4": 0.9649982468229985, "g5": -0.6547772002778409, "g6": 0.03377620721843788, "g7": 1.6862426410809315, "i0": 2.839626780956328, "i1": 0.016187937290142007, "i2": -2.3605815752995944, "i3": 1.3305160448065971, "i4": 1.0220411463253427, "i5": -0.31754827333616015, "i6": 0.5816292393997791, "i7": 1.3893406236692019, "r0": 1.5773654719508123, "r1": 0.17457204080809363, "r2": -3.958070194999462, "r3": 0.7808978955310624, "r4": 1.0858495413762994, "r5": -0.49677896844350883, "r6": 0.6305739234502079, "r7": 1.3165573468299967}, "datetime": {"datetime": "2020-01-18 09:21:36", "elapsed": 45282.953475, "delta": 28.28561}}
{"target": 7.2, "params": {"d0": 3.798760467460369, "d1": -1.415621279562849, "d2": 0.8314275697797608, "g0": 3.6584548774451306, "g1": 0.18378645446985498, "g2": -3.677314664182054, "g3": 0.7757067671605046, "g4": 1.2203898853079709, "g5": -0.21273867330474872, "g6": 0.321597328394413, "g7": 1.9979741802850053, "i0": 4.837062246962399, "i1": 0.18724769798694785, "i2": -8.623440169257655, "i3": 1.2048630301326826, "i4": 1.1282630410189383, "i5": 0.45383599760836435, "i6": -0.20974127217683963, "i7": 1.9589867222562254, "r0": 4.883920193902716, "r1": 0.6788432625216533, "r2": -6.90181409651414, "r3": 1.041739902746556, "r4": 0.9864725139074979, "r5": -0.7565620548497182, "r6": 0.15489369645436546, "r7": 1.5817089602541956}, "datetime": {"datetime": "2020-01-18 09:22:05", "elapsed": 45311.860953, "delta": 28.907478}}
{"target": 5.0, "params": {"d0": 1.0399789828030777, "d1": -9.044859846801836, "d2": 1.2528207586300955, "g0": 4.417792704519038, "g1": 0.5623026938770513, "g2": -3.5008385692906554, "g3": 1.2043270996970508, "g4": 1.040256235697946, "g5": -0.3337651741502969, "g6": -0.0421679065038022, "g7": 1.5170283334007588, "i0": 3.5156825869186292, "i1": 0.2096772653251614, "i2": -6.435368552631094, "i3": 1.0519312772600333, "i4": 0.9009622327069069, "i5": 0.17568127663616484, "i6": -0.2189027514608295, "i7": 1.0366640132804128, "r0": 2.470054300371989, "r1": 0.03171975359650303, "r2": -8.749197712706811, "r3": 1.2150385924160658, "r4": 0.8904886086012767, "r5": -0.1694666460255092, "r6": -0.22939955205960288, "r7": 1.8830706912659316}, "datetime": {"datetime": "2020-01-18 09:22:47", "elapsed": 45353.438994, "delta": 41.578041}}
{"target": 13.1, "params": {"d0": 2.0130920256603497, "d1": -1.163165723180878, "d2": 1.4902797952111846, "g0": 2.621141928753156, "g1": 0.7646414075216218, "g2": -1.722265640316234, "g3": 1.4370348108752429, "g4": 0.9454122699069215, "g5": 0.07873160376116295, "g6": -0.2126366908974578, "g7": 1.9661565277936126, "i0": 2.0456396393135607, "i1": 0.406483346679139, "i2": -9.078063354967576, "i3": 0.8806347733912028, "i4": 0.8194113219216073, "i5": -0.5476319999926128, "i6": 0.1599855940602739, "i7": 1.092811504619052, "r0": 3.428173533872613, "r1": 0.4540606515618312, "r2": -2.0002496019298954, "r3": 1.127435974838368, "r4": 1.1870596951405101, "r5": -0.0775327439728638, "r6": 0.30280275716091887, "r7": 1.5579652282543384}, "datetime": {"datetime": "2020-01-18 09:23:21", "elapsed": 45387.720991, "delta": 34.281997}}
{"target": 1.45, "params": {"d0": 2.50763426645289, "d1": -3.0171445236838315, "d2": 1.226982124848749, "g0": 3.130740274682638, "g1": 0.7043875641263337, "g2": -7.319692778267313, "g3": 0.94463515739232, "g4": 0.8082927759467586, "g5": -0.0005297342550202311, "g6": 0.5351565005402135, "g7": 1.6395192385787212, "i0": 3.437055537797403, "i1": 0.7748085655309376, "i2": -5.645690208073784, "i3": 0.709378725409388, "i4": 0.9556805876483325, "i5": 0.36092446034597536, "i6": 0.5285272848576215, "i7": 1.7466997063751284, "r0": 3.346767152773449, "r1": 0.7758892216744308, "r2": -3.1766835956929107, "r3": 0.7569079427220599, "r4": 0.9346238911558714, "r5": -0.6730169679971306, "r6": 0.67953046226831, "r7": 1.6280145173535867}, "datetime": {"datetime": "2020-01-18 09:24:02", "elapsed": 45428.632201, "delta": 40.91121}}
{"target": 15.8, "params": {"d0": 2.6078285316601777, "d1": -3.6380643438352065, "d2": 1.2697646075103917, "g0": 0.4912346864012518, "g1": 0.9394742515215134, "g2": -1.3125164713658375, "g3": 1.353621221313066, "g4": 1.1096304369995105, "g5": 0.2798355246303017, "g6": 0.2275464190729357, "g7": 1.71443371598377, "i0": 2.9817000928673396, "i1": 0.34400506491302807, "i2": -8.95550404240092, "i3": 1.1779351432961338, "i4": 0.8723807770053149, "i5": 0.36879786851702234, "i6": -0.38952555916038184, "i7": 1.4472908658098111, "r0": 4.053305796418, "r1": 0.45587755889164006, "r2": -3.9046686290714527, "r3": 1.1111629411564292, "r4": 1.0200976726316728, "r5": -0.4717742956563658, "r6": 0.5351732581193969, "r7": 1.6697649825954397}, "datetime": {"datetime": "2020-01-18 09:24:33", "elapsed": 45459.666022, "delta": 31.033821}}
{"target": 6.65, "params": {"d0": 4.85969428926969, "d1": -7.470609435929674, "d2": 0.8275367698405659, "g0": 4.743801049163354, "g1": 0.2542467599984889, "g2": -7.946864877428156, "g3": 1.4714573808275002, "g4": 1.0978498073966307, "g5": 0.012137382125104401, "g6": -0.21871769395565915, "g7": 1.5837479473806897, "i0": 3.703189553924011, "i1": 0.08635959121885628, "i2": -9.999277162128461, "i3": 1.422045660960754, "i4": 0.8840314817534547, "i5": -0.7669993165585351, "i6": 0.0999387525256894, "i7": 1.9279273973644049, "r0": 3.646432266340298, "r1": 0.0688781287229282, "r2": -2.74955193711917, "r3": 0.7907214622935003, "r4": 1.0219618470633072, "r5": 0.020142786126453815, "r6": 0.0769048605749959, "r7": 0.9354846509472552}, "datetime": {"datetime": "2020-01-18 09:25:01", "elapsed": 45488.111475, "delta": 28.445453}}
{"target": 13.5, "params": {"d0": 2.16524140475941, "d1": -7.9122729865085715, "d2": 1.4199032311530377, "g0": 3.616048222616579, "g1": 0.5450881791953849, "g2": -9.825647869605397, "g3": 1.0049702407657222, "g4": 1.1319768225545859, "g5": 0.28457715095861014, "g6": -0.19742787594997702, "g7": 1.1512007093790508, "i0": 0.9444778048513797, "i1": 0.5046035695622418, "i2": -8.638186942915802, "i3": 0.7588673862956823, "i4": 0.9069052590495721, "i5": -0.048973783287272865, "i6": -0.038747136091196066, "i7": 1.2426602076060471, "r0": 1.0054447908099962, "r1": 0.021962844499887613, "r2": -6.350036173598893, "r3": 0.9668341369787281, "r4": 0.9530606892382476, "r5": -0.2353112150571256, "r6": 0.7605280798827518, "r7": 1.4188255898145679}, "datetime": {"datetime": "2020-01-18 09:25:32", "elapsed": 45518.46598, "delta": 30.354505}}
{"target": 7.9, "params": {"d0": 0.17183641403862748, "d1": -2.3156792498130816, "d2": 1.170743422314363, "g0": 3.2993716884661928, "g1": 0.7383388253093035, "g2": -9.556871106048586, "g3": 0.8574158941491963, "g4": 1.1469547273469007, "g5": 0.05900911837276135, "g6": -0.23724390579669397, "g7": 1.5970937437298458, "i0": 0.995308493115421, "i1": 0.28379261902609476, "i2": -8.050961278221596, "i3": 1.2019425612642958, "i4": 1.1247614810409337, "i5": 0.42534343702952326, "i6": 0.755050832499601, "i7": 1.1049775486801272, "r0": 3.530990469569203, "r1": 0.5295816380369209, "r2": -0.08273737928412572, "r3": 1.2779875166829155, "r4": 1.2109673656082638, "r5": -0.44659135210632395, "r6": 0.5716446014723768, "r7": 1.0376773241497947}, "datetime": {"datetime": "2020-01-18 09:26:10", "elapsed": 45556.316323, "delta": 37.850343}}
{"target": 19.35, "params": {"d0": 4.818461064085769, "d1": -8.80064452795135, "d2": 1.1594591936818377, "g0": 0.7823830531558995, "g1": 0.7206429405434605, "g2": -8.50333656346877, "g3": 1.1795072292881734, "g4": 1.1404646090938972, "g5": -0.3431317492215021, "g6": 0.826458622462817, "g7": 1.2864415210951694, "i0": 1.6594800488574397, "i1": 0.7331831637394333, "i2": -6.7294076929774596, "i3": 0.7117006573337317, "i4": 0.8311250930070828, "i5": -0.7780434905843251, "i6": 0.8557499362139349, "i7": 1.308096568714436, "r0": 0.08536551906250245, "r1": 0.46136428494936954, "r2": -8.417588638995543, "r3": 1.2585668100600929, "r4": 1.0623082479194612, "r5": -0.42999367448027626, "r6": -0.38185959359975796, "r7": 1.623580706128675}, "datetime": {"datetime": "2020-01-18 09:26:41", "elapsed": 45588.208756, "delta": 31.892433}}
{"target": 13.9, "params": {"d0": 2.2361046486865597, "d1": -0.8520948654573068, "d2": 1.2891219759310788, "g0": 2.4061552237026973, "g1": 0.010848367538369597, "g2": -0.7610115958116097, "g3": 0.7269786116504298, "g4": 1.1832219706350384, "g5": 0.7906087908353976, "g6": 0.2562559753255147, "g7": 1.2165391451608323, "i0": 4.89759215251054, "i1": 0.7157300267120765, "i2": -4.567913434188266, "i3": 1.1576263718974202, "i4": 1.0953898424604094, "i5": 0.6937709911860741, "i6": -0.49339938193480803, "i7": 1.2898426364451117, "r0": 0.8466228242149998, "r1": 0.9818519673016959, "r2": -6.611545443756192, "r3": 1.4000256826614836, "r4": 1.0866323695441307, "r5": -0.6484990346512094, "r6": 0.6574427839836166, "r7": 1.4423108058567757}, "datetime": {"datetime": "2020-01-18 09:27:13", "elapsed": 45620.094695, "delta": 31.885939}}
{"target": 9.25, "params": {"d0": 4.684708955152168, "d1": -6.670935194081915, "d2": 1.1392195560466767, "g0": 1.3403525973034247, "g1": 0.9681983973924146, "g2": -3.4201159212643155, "g3": 1.162143439786882, "g4": 0.8509077546083893, "g5": 0.5416805432413765, "g6": 0.12437424367249639, "g7": 1.2390068234682066, "i0": 1.5709369193722933, "i1": 0.5792079996978103, "i2": -6.214061944473329, "i3": 1.3193001532369488, "i4": 0.8144572178560876, "i5": 0.12280265434341298, "i6": 0.18786452040786306, "i7": 1.3822292185567848, "r0": 4.934612632025033, "r1": 0.1347501888732272, "r2": -9.491343357168425, "r3": 1.0881505161541456, "r4": 1.1759808158196283, "r5": 0.47321851119874525, "r6": 0.011572818419083197, "r7": 1.7624607199238}, "datetime": {"datetime": "2020-01-18 09:27:40", "elapsed": 45647.221497, "delta": 27.126802}}
{"target": 11.3, "params": {"d0": 0.9332279312205249, "d1": -6.286527502337909, "d2": 0.9848999969935045, "g0": 2.653192047243889, "g1": 0.8297298354511705, "g2": -5.0511346082254915, "g3": 1.0151992669251173, "g4": 1.1493620554503057, "g5": 0.013802616263531298, "g6": 0.7530209607105789, "g7": 1.7117374034872417, "i0": 0.28334956351177165, "i1": 0.924757334502899, "i2": -9.88473277797677, "i3": 0.9319092861884467, "i4": 0.8524143762622011, "i5": -0.6154378748680118, "i6": -0.051960625269705296, "i7": 1.9292015251757357, "r0": 4.502318415452185, "r1": 0.031113171557122676, "r2": -0.1760591052132714, "r3": 1.414122157597292, "r4": 1.1280959609439662, "r5": -0.08999536424043142, "r6": 0.1197419987092403, "r7": 1.5282187634970805}, "datetime": {"datetime": "2020-01-18 09:28:26", "elapsed": 45692.53672, "delta": 45.315223}}
