{"target": 10.95, "params": {"d0": 2.6978316898566943, "d1": -1.0265208344023726, "d2": 1.411943097081761, "g0": 3.797402666825395, "g1": 0.7970866913809663, "g2": -2.844663825572491, "g3": 1.1356654817439173, "g4": 1.1312093756012713, "g5": 0.38851084611319897, "g6": -0.08971522966703521, "g7": 1.0587605078867353, "i0": 4.566719562928866, "i1": 0.9905838788975606, "i2": -4.142430039249923, "i3": 1.4336245198334092, "i4": 0.8088086808619386, "i5": -0.4200951773563475, "i6": 0.04664432326825707, "i7": 0.9551149160708674, "r0": 3.1127943852296953, "r1": 0.8319755039758563, "r2": -0.9672166539187081, "r3": 1.226821002882252, "r4": 1.2801104917368298, "r5": 0.7640311284100136, "r6": 0.9516487972328187, "r7": 0.9024885785758147}, "datetime": {"datetime": "2020-01-18 04:23:33", "elapsed": 27399.772174, "delta": 39.613547}}
{"target": 19.15, "params": {"d0": 1.692888424509789, "d1": -7.319852374930126, "d2": 0.744559548625, "g0": 0.6990103361199074, "g1": 0.8461315660595206, "g2": -2.7052893952700057, "g3": 1.141398080241161, "g4": 1.2359569002766215, "g5": -0.2198150324524042, "g6": -0.05622857775667933, "g7": 1.7898485270967974, "i0": 3.570849043177309, "i1": 0.3707970090595232, "i2": -0.627394059125999, "i3": 1.208228932278742, "i4": 0.8697719873781795, "i5": -0.31239244117530857, "i6": 0.48738985087835307, "i7": 1.7083608998977133, "r0": 1.4095884275150983, "r1": 0.9053761432251363, "r2": -9.282453534732761, "r3": 1.4919334730049036, "r4": 0.8983579673174356, "r5": 0.5256521181668665, "r6": 0.8702910918721434, "r7": 1.9295285514987333}, "datetime": {"datetime": "2020-01-18 04:24:06", "elapsed": 27433.195545, "delta": 33.423371}}
{"target": 20.2, "params": {"d0": 4.220181487763218, "d1": -0.9538314108136827, "d2": 1.3693897498653311, "g0": 0.9432011162478998, "g1": 0.6111439718577469, "g2": -6.026721684452923, "g3": 1.2297972358679186, "g4": 0.9456574706140812, "g5": -0.12266662893110813, "g6": 0.6051077061204824, "g7": 1.70714949288139, "i0": 0.7751381606621094, "i1": 0.8249503322534802, "i2": -4.864599852501957, "i3": 0.9728536050367439, "i4": 0.8962576615560477, "i5": 0.7324264129935043, "i6": 0.8319526418915439, "i7": 1.6010301400664844, "r0": 1.36681634195163, "r1": 0.2523825666519236, "r2": -5.0533789278271914, "r3": 1.4830918490321172, "r4": 1.1770807893751523, "r5": -0.6889991514025259, "r6": 0.23428740996646868, "r7": 1.2436999435800458}, "datetime": {"datetime": "2020-01-18 04:24:37", "elapsed": 27464.23185, "delta": 31.036305}}
{"target": 16.1, "params": {"d0": 3.3604986859875634, "d1": -8.483072777428447, "d2": 1.0518190382648755, "g0": 2.6266679510306243, "g1": 0.447618351039236, "g2": -3.5533355157790947, "g3": 1.1211590681925097, "g4": 0.882376739855194, "g5": 0.6076717446285063, "g6": 0.05610801956550704, "g7": 1.925402713190719, "i0": 0.03906491649520061, "i1": 0.12479755718566643, "i2": -2.8968957936501996, "i3": 0.7442121271497703, "i4": 1.1968537831601587, "i5": 0.10430076545924949, "i6": 0.24077095591074582, "i7": 1.300274597614629, "r0": 2.4707607548842887, "r1": 0.27032053468756023, "r2": -8.065398057382474, "r3": 1.1187242073961678, "r4": 0.8506275257606765, "r5": -0.17060430519985792, "r6": 0.5156555506985709, "r7": 1.395323921222966}, "datetime": {"datetime": "2020-01-18 04:26:51", "elapsed": 27597.568695, "delta": 33.6047}}
{"target": 16.4, "params": {"d0": 2.6185176963868657, "d1": -3.7131639878077873, "d2": 1.1638685626635845, "g0": 0.5650956704937432, "g1": 0.5566234347624965, "g2": -3.5790504725783325, "g3": 0.9513794389342873, "g4": 1.1490043241952128, "g5": 0.49699032444917, "g6": -0.4943329551829227, "g7": 1.5330470518829298, "i0": 0.5422245494461564, "i1": 0.025916938299310188, "i2": -2.6381092470608367, "i3": 1.1702898344838293, "i4": 1.2266233235608592, "i5": -0.6323054611733894, "i6": 0.6166463191100091, "i7": 1.8882528494203217, "r0": 2.0969194899722545, "r1": 0.4451991631228216, "r2": -9.427394991764011, "r3": 1.3509440308625968, "r4": 0.9497583362331323, "r5": -0.3632842757219015, "r6": 0.11893925594427412, "r7": 0.9007860207635005}, "datetime": {"datetime": "2020-01-18 04:27:23", "elapsed": 27629.833743, "delta": 32.265048}}
{"target": 19.1, "params": {"d0": 2.061743194608879, "d1": -9.640571136382851, "d2": 0.9984397127004984, "g0": 0.8019516135158955, "g1": 0.5807707842893938, "g2": -8.098267660038836, "g3": 1.4129946309662966, "g4": 1.235676099041186, "g5": -0.44052980186951596, "g6": 0.9173464063641288, "g7": 1.5114151015736306, "i0": 3.4662921952686543, "i1": 0.5491205614927809, "i2": -8.677207977430333, "i3": 0.7149324391319549, "i4": 1.1159424496968162, "i5": -0.3836611030781672, "i6": 0.9351004517288279, "i7": 1.628039563877076, "r0": 1.8294958923778122, "r1": 0.8958492221365101, "r2": -2.169120978857096, "r3": 1.067611726782253, "r4": 1.096177389527643, "r5": 0.5475950547024266, "r6": 0.9229087220678673, "r7": 1.5432801754951324}, "datetime": {"datetime": "2020-01-18 04:27:57", "elapsed": 27663.45241, "delta": 33.618667}}
{"target": 14.25, "params": {"d0": 1.190640680754792, "d1": -2.4957120332674823, "d2": 0.9012535940862781, "g0": 2.1783896525199613, "g1": 0.8522234218308259, "g2": -7.275004544307121, "g3": 0.8543279314096931, "g4": 0.9110305977401865, "g5": 0.34476672508353445, "g6": 0.35214715365922167, "g7": 0.9031616688973477, "i0": 2.8506001880331686, "i1": 0.12216200704163349, "i2": -0.9550366953921401, "i3": 0.8407636882594345, "i4": 1.2781930514331863, "i5": -0.3137631565268961, "i6": 0.7861167523343513, "i7": 1.4970607655952755, "r0": 2.403842814406099, "r1": 0.5327551100363521, "r2": -9.541718278627851, "r3": 0.9162580501797251, "r4": 1.2021880180328814, "r5": 0.21587147014681474, "r6": 0.6419441879914254, "r7": 1.8609464470421715}, "datetime": {"datetime": "2020-01-18 04:28:30", "elapsed": 27697.180476, "delta": 33.728066}}
{"target": 17.65, "params": {"d0": 3.3851729747509713, "d1": -0.9616982778635581, "d2": 0.9831675822246385, "g0": 3.6679761709821563, "g1": 0.14528618140678395, "g2": -6.248175375924249, "g3": 1.1847469481436737, "g4": 1.2660166173061798, "g5": -0.29504443007095704, "g6": -0.052537433864872696, "g7": 1.3336613377750746, "i0": 2.623062613432014, "i1": 0.5250411127702767, "i2": -6.422050573008381, "i3": 0.9304509460992032, "i4": 1.171989123193326, "i5": 0.6674347884075718, "i6": -0.08048101317287537, "i7": 1.2872199591797622, "r0": 0.48613505971349336, "r1": 0.6686108277269514, "r2": -8.202694170185735, "r3": 1.492204279408963, "r4": 1.0935049970829045, "r5": 0.25526213251453256, "r6": 0.42882153345067486, "r7": 1.527125411157555}, "datetime": {"datetime": "2020-01-18 04:29:02", "elapsed": 27729.271702, "delta": 32.091226}}
{"target": 19.85, "params": {"d0": 3.52054484340024, "d1": -3.454560576800498, "d2": 1.1858625037409238, "g0": 0.5615221648650603, "g1": 0.05337044383271161, "g2": -8.282798132264036, "g3": 1.2842547968617766, "g4": 0.8215922499247736, "g5": -0.03702673979120108, "g6": -0.03188987880245969, "g7": 1.4083849632062024, "i0": 4.756653119228574, "i1": 0.7115256150214223, "i2": -6.787034417076784, "i3": 0.9882987348626532, "i4": 1.056731898463477, "i5": -0.6191993067986492, "i6": 0.7652600392918072, "i7": 1.3609036831001773, "r0": 0.1958832587950715, "r1": 0.3254754468886416, "r2": -5.757597119640031, "r3": 1.4633505846815458, "r4": 1.12027303388783, "r5": 0.12648379250805009, "r6": 0.5739261728073413, "r7": 0.9705559993583855}, "datetime": {"datetime": "2020-01-18 04:29:35", "elapsed": 27761.454824, "delta": 32.183122}}
{"target": 3.3, "params": {"d0": 3.007797434234099, "d1": -7.414586142765641, "d2": 0.9664859304728377, "g0": 3.0836774593791634, "g1": 0.6838737471198942, "g2": -8.89335905209842, "g3": 0.9462156116871262, "g4": 0.9080827468542595, "g5": 0.5556725819628112, "g6": 0.9641515684495516, "g7": 1.4243477321768254, "i0": 4.562877726629319, "i1": 0.7936781947047955, "i2": -9.981370927863017, "i3": 1.3759778770205207, "i4": 1.021199631790212, "i5": -0.05945189798953909, "i6": 0.4337533842256174, "i7": 1.5894523630191533, "r0": 4.162306060456739, "r1": 0.17370541591320932, "r2": -3.069360261775538, "r3": 1.0651543529065595, "r4": 0.8090960489343197, "r5": -0.03931608369710582, "r6": 0.7668961669616738, "r7": 1.138003440289699}, "datetime": {"datetime": "2020-01-18 04:30:11", "elapsed": 27797.484049, "delta": 36.029225}}
{"target": 4.65, "params": {"d0": 4.816921787417588, "d1": -1.2656514162223491, "d2": 1.1870935230099944, "g0": 3.274837900320269, "g1": 0.561953515286926, "g2": -8.426884262146428, "g3": 0.7579497408896172, "g4": 1.2612840815187893, "g5": -0.4694100140851083, "g6": -0.42240779244106014, "g7": 1.1802191531019108, "i0": 2.7091749657739723, "i1": 0.4498802421105157, "i2": -0.5369431985999231, "i3": 0.9219772952982539, "i4": 0.9993782374217683, "i5": -0.5381832771164805, "i6": 0.015385846227343958, "i7": 1.2881833538879592, "r0": 1.6817749843463363, "r1": 0.020409248126089907, "r2": -8.449906237007237, "r3": 1.307271315034335, "r4": 0.885427141088028, "r5": 0.16933807429013703, "r6": -0.3202277176443079, "r7": 1.0780586168695017}, "datetime": {"datetime": "2020-01-18 04:30:48", "elapsed": 27834.932293, "delta": 37.448244}}
{"target": 16.25, "params": {"d0": 0.8610005243974422, "d1": -5.401965817279671, "d2": 1.4654737425409512, "g0": 0.675302227949387, "g1": 0.48308183469980215, "g2": -1.6027506491632373, "g3": 1.2128882372385004, "g4": 1.199062922831215, "g5": 0.03941922897756511, "g6": 0.7304346419707264, "g7": 1.0850278935552304, "i0": 1.9811189457079525, "i1": 0.5882218656028336, "i2": -5.801129773123082, "i3": 0.8000463130503039, "i4": 1.2030090543451433, "i5": 0.780937444657912, "i6": -0.15332186072443305, "i7": 1.847766744424523, "r0": 2.434669428068048, "r1": 0.47684307930843983, "r2": -3.527685152192782, "r3": 1.184356786036166, "r4": 0.8444486284644039, "r5": 0.311927173762532, "r6": 0.7922914338699789, "r7": 1.236769097097722}, "datetime": {"datetime": "2020-01-18 04:31:39", "elapsed": 27885.58957, "delta": 50.657277}}
{"target": 18.95, "params": {"d0": 3.38942239245648, "d1": -3.895660366090289, "d2": 0.873618307589064, "g0": 0.8844596335365612, "g1": 0.16885851346474356, "g2": -2.715434176194802, "g3": 0.7685434034898302, "g4": 1.0959279317555721, "g5": -0.565293146111603, "g6": 0.38565493413242713, "g7": 1.1140490940251688, "i0": 1.9614315083608502, "i1": 0.03056271158516377, "i2": -0.7025843553539453, "i3": 1.314584174303244, "i4": 1.0633369364461096, "i5": 0.27857885815720795, "i6": -0.21593591132366474, "i7": 1.563454449957102, "r0": 3.163270985217844, "r1": 0.6813664760885587, "r2": -7.860203734706808, "r3": 0.9828527544881813, "r4": 0.8584667997057316, "r5": 0.7745566546482956, "r6": 0.5744616160904297, "r7": 1.978295048265036}, "datetime": {"datetime": "2020-01-18 04:32:10", "elapsed": 27916.650345, "delta": 31.060775}}
{"target": 13.35, "params": {"d0": 0.38791315554713157, "d1": -8.022011851981159, "d2": 1.0031319312314255, "g0": 3.5310545934792072, "g1": 0.1337007336096997, "g2": -8.624418699883456, "g3": 1.1483330174451165, "g4": 0.8488522419838048, "g5": -0.3445895377021671, "g6": 0.9674720251729803, "g7": 1.3527211646294153, "i0": 1.8768214438619495, "i1": 0.447398136803716, "i2": -7.34578699092033, "i3": 1.1753757829720821, "i4": 0.9817690093609197, "i5": 0.09847528959924112, "i6": 0.06474696814787306, "i7": 1.9407408136630346, "r0": 0.0050568355695995715, "r1": 0.45219520208912944, "r2": -1.7098985651737877, "r3": 1.1688032161763262, "r4": 0.9803854587487455, "r5": -0.6219572057467208, "r6": 0.40984314274295364, "r7": 1.230217702392196}, "datetime": {"datetime": "2020-01-18 04:38:06", "elapsed": 28272.835137, "delta": 56.194133}}
{"target": 15.05, "params": {"d0": 1.1071426088539997, "d1": -1.258733911247763, "d2": 1.448961282551175, "g0": 1.160201806532473, "g1": 0.5479935685964936, "g2": -2.4383624029846294, "g3": 0.9138804558756577, "g4": 1.1765496327015754, "g5": -0.4396869482553726, "g6": 0.1544187878934089, "g7": 0.9085960332490414, "i0": 0.8918140392682061, "i1": 0.18185891974503243, "i2": -7.548765731722401, "i3": 0.9537987093756795, "i4": 0.8999361979313861, "i5": -0.3591315369767431, "i6": 0.4997334848406705, "i7": 0.9779632439680985, "r0": 4.090136252105134, "r1": 0.7441707973698233, "r2": -9.522254212474513, "r3": 1.3339176655336649, "r4": 1.2172515876440468, "r5": 0.6248275763590614, "r6": -0.41473533486777664, "r7": 1.8220404633088303}, "datetime": {"datetime": "2020-01-18 04:38:52", "elapsed": 28318.644357, "delta": 45.80922}}
{"target": 18.1, "params": {"d0": 2.9913428363775867, "d1": -5.427492389719774, "d2": 1.0460651044988456, "g0": 3.134236724665433, "g1": 0.18920515444322028, "g2": -6.81572961239532, "g3": 1.4493356237979431, "g4": 1.2475998850661754, "g5": 0.41858667375865255, "g6": 0.09590711342737657, "g7": 1.3509039046087736, "i0": 4.080609593552473, "i1": 0.9747060966668173, "i2": -5.329836234819272, "i3": 0.9358868014209423, "i4": 1.08178768398653, "i5": 0.12805208175813443, "i6": 0.2543156057387521, "i7": 1.350410883753371, "r0": 1.1822174411877817, "r1": 0.78665497573718, "r2": -1.3819853340122599, "r3": 1.0131620726190003, "r4": 0.8706694683044992, "r5": -0.006755620947308749, "r6": -0.0074552408652081015, "r7": 1.2819794835520424}, "datetime": {"datetime": "2020-01-18 04:39:27", "elapsed": 28354.080671, "delta": 35.436314}}
{"target": 12.75, "params": {"d0": 4.1489256795235265, "d1": -2.164725308194976, "d2": 0.7695783081563382, "g0": 2.8402385992798482, "g1": 0.1656493123203282, "g2": -8.12870847382395, "g3": 1.1863752983394997, "g4": 1.2846983405994519, "g5": -0.25444275136145655, "g6": 0.30910185126288536, "g7": 1.2062752264427208, "i0": 3.2031714118954966, "i1": 0.5951066093564747, "i2": -4.384102827433358, "i3": 1.1562982354250237, "i4": 0.9845719162660878, "i5": 0.38697679343594116, "i6": -0.24434077938558985, "i7": 1.0844044682353977, "r0": 2.6644964533471938, "r1": 0.03971636226190822, "r2": -3.4131578692969704, "r3": 0.9617387479938029, "r4": 0.938073107189973, "r5": -0.0028265128406447237, "r6": 0.6542856340927146, "r7": 1.6655212582557744}, "datetime": {"datetime": "2020-01-18 04:40:00", "elapsed": 28386.362689, "delta": 32.282018}}
{"target": 9.7, "params": {"d0": 3.9417974564531306, "d1": -1.9387688909851128, "d2": 0.9501265037630837, "g0": 4.691217815640683, "g1": 0.06158073196901359, "g2": -1.2222809039779534, "g3": 1.088773874756867, "g4": 0.94023796488891, "g5": 0.03916159655309015, "g6": 0.1441045044372291, "g7": 1.1664116484162879, "i0": 2.9370052366154136, "i1": 0.01505499542961275, "i2": -1.345338462769286, "i3": 1.096310297324157, "i4": 1.291801970961529, "i5": -0.48344271736384975, "i6": 0.04300770823703859, "i7": 1.6974939141314458, "r0": 2.940466308509206, "r1": 0.03041493173484877, "r2": -9.914354199085011, "r3": 1.136747481180568, "r4": 1.0187789175690352, "r5": 0.5533286174446765, "r6": -0.2686330031495334, "r7": 1.5451993933722734}, "datetime": {"datetime": "2020-01-18 04:40:42", "elapsed": 28428.38378, "delta": 42.021091}}
{"target": 15.9, "params": {"d0": 4.370911754694906, "d1": -5.855028040156488, "d2": 1.1700854318988043, "g0": 2.5685393782088517, "g1": 0.7940208072822172, "g2": -9.737588251299123, "g3": 1.364631679728495, "g4": 1.1992980324277167, "g5": 0.4384565986320128, "g6": 0.9376861265523371, "g7": 1.0371914858346958, "i0": 1.7112787158551257, "i1": 0.392033264107713, "i2": -8.961553592019913, "i3": 0.7645655040290444, "i4": 1.1179424040630441, "i5": -0.4099594082967693, "i6": -0.05020655072795582, "i7": 1.8194286684088588, "r0": 2.0044164937492464, "r1": 0.9842458425421594, "r2": -6.362423894189286, "r3": 1.1742801099029758, "r4": 1.1218797781661922, "r5": -0.3936460662602871, "r6": -0.09647033333529448, "r7": 1.1029596050858859}, "datetime": {"datetime": "2020-01-18 04:41:17", "elapsed": 28463.444477, "delta": 35.060697}}
{"target": 17.5, "params": {"d0": 4.8445923636973065, "d1": -1.885096952925963, "d2": 1.1640203459569909, "g0": 0.6983580720391075, "g1": 0.5085601484077499, "g2": -9.972648691333974, "g3": 1.2780124197196387, "g4": 1.1864477449533102, "g5": 0.6460077662652528, "g6": -0.15028332674851042, "g7": 1.785242941099559, "i0": 3.6742231606088103, "i1": 0.7554164407620666, "i2": -3.3722293810212642, "i3": 0.8860813103703882, "i4": 0.9315071204227472, "i5": -0.10487199185450391, "i6": -0.03434513669093786, "i7": 1.3891883090096302, "r0": 0.8166015681563854, "r1": 0.8210643118863469, "r2": -6.913335733350191, "r3": 1.4248563399463121, "r4": 1.2944867282842574, "r5": 0.21004595489840394, "r6": 0.27077018179278944, "r7": 1.468570342877428}, "datetime": {"datetime": "2020-01-18 04:41:57", "elapsed": 28504.095967, "delta": 40.65149}}
{"target": 16.0, "params": {"d0": 0.2864786372056527, "d1": -7.483270956099524, "d2": 0.9270908261031272, "g0": 1.0262656765064715, "g1": 0.2614605894224179, "g2": -1.8615617387458787, "g3": 0.8593998979095849, "g4": 1.2289923127433615, "g5": 0.6194486471601339, "g6": 0.9775688970432475, "g7": 0.9873984474967783, "i0": 4.449124641804839, "i1": 0.5598823534841023, "i2": -3.7421055400984384, "i3": 0.9285975396159437, "i4": 1.2594653092059078, "i5": 0.5111875411092361, "i6": -0.28387830295867256, "i7": 1.9204833452890129, "r0": 3.985245027096076, "r1": 0.8598816163802642, "r2": -4.136446626500401, "r3": 1.1746102655623425, "r4": 0.8894287325046282, "r5": 0.6552195220724453, "r6": 0.9412925636069127, "r7": 1.01191273073291}, "datetime": {"datetime": "2020-01-18 04:42:41", "elapsed": 28547.418736, "delta": 43.322769}}
{"target": 11.65, "params": {"d0": 4.4824255708445, "d1": -6.82027796263003, "d2": 0.8391819940612981, "g0": 1.028080940370895, "g1": 0.7863561667549279, "g2": -5.558686414490088, "g3": 1.051873955615964, "g4": 0.8824263328045004, "g5": 0.7995732105510647, "g6": 0.03809825989819071, "g7": 1.0413432360071377, "i0": 4.631771328463553, "i1": 0.29185920601467663, "i2": -8.350282628473787, "i3": 0.827366782378862, "i4": 0.9592355381445714, "i5": 0.7890655573890886, "i6": 0.7439718231662411, "i7": 1.9695438692292728, "r0": 4.731779005493678, "r1": 0.31156369793527827, "r2": -3.6962611524710614, "r3": 1.2506614568956014, "r4": 1.1293139606208704, "r5": 0.7180121459318685, "r6": 0.7306382855987357, "r7": 1.4449621997850846}, "datetime": {"datetime": "2020-01-18 04:53:18", "elapsed": 29184.284891, "delta": 49.011965}}
{"target": 14.65, "params": {"d0": 4.4587412233822725, "d1": -1.5055070204789534, "d2": 1.2223895314800177, "g0": 2.1921560189101097, "g1": 0.28654007557860595, "g2": -0.14533402342438428, "g3": 0.9853785425176066, "g4": 1.0634683223217538, "g5": 0.7109239515127417, "g6": 0.10270099937505117, "g7": 1.3218448529645326, "i0": 3.4977517908109217, "i1": 0.19178087633661967, "i2": -9.917384401239376, "i3": 1.3606203975192996, "i4": 1.1372899523471924, "i5": -0.4950302380986109, "i6": -0.41870772171326026, "i7": 1.668259330033976, "r0": 1.5622615679213137, "r1": 0.5793613283416252, "r2": -5.62344334234668, "r3": 1.435377993993933, "r4": 1.10034788921191, "r5": -0.03157976465153445, "r6": -0.11230613916622845, "r7": 1.5454743906742117}, "datetime": {"datetime": "2020-01-18 04:53:56", "elapsed": 29222.646706, "delta": 38.361815}}
{"target": 14.6, "params": {"d0": 3.5735180590433813, "d1": -8.660967724800187, "d2": 1.1759703956477496, "g0": 0.3453795926460179, "g1": 0.8451168562694963, "g2": -2.222376892429427, "g3": 1.3470375210888328, "g4": 1.2513455569928154, "g5": -0.3994253898568072, "g6": 0.6498078725508254, "g7": 1.199875763659684, "i0": 4.347164066776551, "i1": 0.642822765144607, "i2": -9.92681904320914, "i3": 1.4971978291861812, "i4": 1.1671209804346323, "i5": -0.20604284440785536, "i6": 0.5973933910230782, "i7": 1.5398638207647322, "r0": 1.6540689907234307, "r1": 0.17857944179808782, "r2": -8.17607964587936, "r3": 1.2065917796930212, "r4": 0.930289179047165, "r5": 0.19206355860871072, "r6": -0.296051181157045, "r7": 1.8958488496782566}, "datetime": {"datetime": "2020-01-18 04:54:35", "elapsed": 29261.748291, "delta": 39.101585}}
{"target": 20.1, "params": {"d0": 3.3479153880254264, "d1": -6.950103922815942, "d2": 0.8776566076594506, "g0": 1.1596624165149145, "g1": 0.5236152389041728, "g2": -3.137389650741426, "g3": 1.1871431292291403, "g4": 1.189187726302292, "g5": -0.710270342993373, "g6": 0.7340433936390041, "g7": 1.3617608920857502, "i0": 2.8969313522391396, "i1": 0.8659873171938511, "i2": -7.434768041254145, "i3": 1.134431373117384, "i4": 0.8487699840732094, "i5": -0.34731409763526816, "i6": -0.0901363451106143, "i7": 1.927632128493133, "r0": 0.12114513700626772, "r1": 0.3926088274624777, "r2": -1.318609403303153, "r3": 0.9302770026798783, "r4": 0.9427246655029857, "r5": 0.4371603839708278, "r6": 0.6806948160131019, "r7": 1.7404296159364154}, "datetime": {"datetime": "2020-01-18 04:55:12", "elapsed": 29298.760979, "delta": 37.012688}}
{"target": 17.85, "params": {"d0": 0.7428567720215656, "d1": -8.271556593710196, "d2": 1.4004479622018589, "g0": 1.9662896611620777, "g1": 0.6367803935390003, "g2": -2.481113156306681, "g3": 1.1699046638309951, "g4": 1.2871084482529986, "g5": 0.2899322908160229, "g6": 0.4652493781800322, "g7": 1.764901306852456, "i0": 0.6606824993940646, "i1": 0.09623779740289129, "i2": -3.62922431055976, "i3": 1.364593729792198, "i4": 1.1082600037652286, "i5": 0.3045983755295112, "i6": 0.7103713224084527, "i7": 1.4955135329489666, "r0": 4.168127098518074, "r1": 0.9913705592003711, "r2": -8.708125188303942, "r3": 1.3110838357537737, "r4": 0.859029653607378, "r5": -0.7384403963135724, "r6": -0.42305496945622, "r7": 1.5541192441635376}, "datetime": {"datetime": "2020-01-18 05:07:16", "elapsed": 30022.338086, "delta": 40.573049}}
