{"target": 15.7, "params": {"d0": 0.3590590640514185, "d1": -3.0374109964184086, "d2": 1.3647074764031544, "g0": 2.1628089211804458, "g1": 0.010521349632514498, "g2": -6.031243682600982, "g3": 1.0415042088131086, "g4": 1.218733436721535, "g5": 0.7634979525288645, "g6": -0.202850828376466, "g7": 1.6381812522580745, "i0": 4.52155063353037, "i1": 0.5108554824725321, "i2": -2.2043356255339477, "i3": 1.186006584083759, "i4": 1.0711485023905742, "i5": 0.22269053307815811, "i6": 0.6862436636548976, "i7": 1.3501906199827325, "r0": 2.8638403923750415, "r1": 0.0104473282009373, "r2": -0.21213699694145305, "r3": 0.7772654642199321, "r4": 1.242687857590697, "r5": -0.7626252849333146, "r6": 0.18057822025772596, "r7": 1.8737406633918097}, "datetime": {"datetime": "2020-01-18 09:42:53", "elapsed": 46560.130264, "delta": 36.90981}}
{"target": 14.25, "params": {"d0": 1.7299259643401959, "d1": -4.349958807026261, "d2": 0.8638667137912052, "g0": 4.479574534400911, "g1": 0.11497251954452292, "g2": -3.5583570060482117, "g3": 1.3872954758414706, "g4": 1.2148539260073947, "g5": -0.35591081056453366, "g6": -0.026577776527568375, "g7": 1.82498233274884, "i0": 4.866711528371009, "i1": 0.44803970424864115, "i2": -0.8316062464611775, "i3": 0.8946343578860593, "i4": 0.9834058194846487, "i5": -0.7695416088985806, "i6": -0.33436658118185647, "i7": 0.9327731247244666, "r0": 4.4244703278558095, "r1": 0.45039589719097317, "r2": -7.9223345977919655, "r3": 1.081655669210473, "r4": 0.9182008105133885, "r5": -0.473499145509099, "r6": 0.3708332428310459, "r7": 1.0165766591385537}, "datetime": {"datetime": "2020-01-18 09:43:23", "elapsed": 46590.016735, "delta": 29.886471}}
{"target": 9.9, "params": {"d0": 1.1869659620596784, "d1": -7.171582984074817, "d2": 1.4794582404557284, "g0": 1.4417965104341668, "g1": 0.9584577169683478, "g2": -0.08585073542851163, "g3": 1.423398933399078, "g4": 0.9138724540586083, "g5": 0.21553577784298605, "g6": 0.9944839743043574, "g7": 1.2432083130978686, "i0": 4.9941759924016305, "i1": 0.37148730664874363, "i2": -7.5233035455152315, "i3": 1.2952966240230572, "i4": 0.9773723951357847, "i5": 0.08776340885106537, "i6": 0.33631707887504136, "i7": 1.429037323495182, "r0": 2.4652565457141113, "r1": 0.6082718862388522, "r2": -1.7065012093844416, "r3": 1.4822990962531635, "r4": 1.1596277133973862, "r5": -0.15561032361526694, "r6": 0.3915995206115952, "r7": 1.2075581980010586}, "datetime": {"datetime": "2020-01-18 09:43:52", "elapsed": 46618.399263, "delta": 28.382528}}
{"target": 14.8, "params": {"d0": 4.433530045886896, "d1": -0.7940631983542517, "d2": 1.0707603722580405, "g0": 3.734871053354039, "g1": 0.5873754445373751, "g2": -6.5165643603545895, "g3": 1.4193481105714398, "g4": 0.9052630340962194, "g5": 0.3881300018667253, "g6": -0.11040693837279525, "g7": 1.69903475720377, "i0": 3.794511378444004, "i1": 0.9479887259556957, "i2": -4.8719217710781955, "i3": 0.838942698762993, "i4": 1.2811115132053774, "i5": -0.3057160721354235, "i6": -0.08198721127958808, "i7": 0.985260528735196, "r0": 0.19182262081399615, "r1": 0.5654340785058263, "r2": -1.0695469916946116, "r3": 1.3127666959180728, "r4": 1.0994856054443038, "r5": 0.4348406563547511, "r6": -0.47884375046036204, "r7": 1.580695785409027}, "datetime": {"datetime": "2020-01-18 09:44:25", "elapsed": 46651.341611, "delta": 32.942348}}
{"target": 10.75, "params": {"d0": 0.4919929104642179, "d1": -0.17104225179893007, "d2": 0.9156904648441393, "g0": 3.680947873359793, "g1": 0.7348118813634213, "g2": -6.125739746922712, "g3": 1.3777968401273997, "g4": 0.8273917968076103, "g5": 0.5346598504889248, "g6": -0.25027934900292764, "g7": 1.8593061539573237, "i0": 3.766413056011764, "i1": 0.7301895864103262, "i2": -2.4676476213980507, "i3": 1.4422535647492796, "i4": 0.9874675176941461, "i5": 0.7036183827148772, "i6": 0.11990905582742961, "i7": 1.654379079617923, "r0": 2.548988544573356, "r1": 0.8806478221175625, "r2": -6.536230781093531, "r3": 0.7480656933574757, "r4": 1.2622951475268303, "r5": -0.7262815295177689, "r6": 0.4374338681143892, "r7": 1.057117300260157}, "datetime": {"datetime": "2020-01-18 09:45:02", "elapsed": 46689.07509, "delta": 37.733479}}
{"target": 13.05, "params": {"d0": 1.9205619144386032, "d1": -4.666180942642267, "d2": 1.3764614884765032, "g0": 0.6203558042494173, "g1": 0.0748971021203737, "g2": -8.8260539731446, "g3": 1.3961249182695226, "g4": 1.1750737378688367, "g5": -0.6851425471733696, "g6": -0.3376241597376477, "g7": 1.9557960627799984, "i0": 3.001965888037412, "i1": 0.9298933909871773, "i2": -7.051524660332299, "i3": 1.0118994838520998, "i4": 0.9972765969225642, "i5": -0.6211271638213977, "i6": -0.11315076508310451, "i7": 1.126350111549307, "r0": 0.6195667907325647, "r1": 0.08641867672201275, "r2": -6.699868290319731, "r3": 1.4981090145886045, "r4": 1.134246012056445, "r5": 0.06367901358305716, "r6": 0.36815317975188067, "r7": 1.373651932479854}, "datetime": {"datetime": "2020-01-18 09:45:29", "elapsed": 46716.136954, "delta": 27.061864}}
{"target": 13.35, "params": {"d0": 4.739687475130104, "d1": -0.6286392752423513, "d2": 1.3497320892089302, "g0": 3.6447863147825936, "g1": 0.37373864668140033, "g2": -3.661865024172412, "g3": 0.7493847721779013, "g4": 1.1452846748121976, "g5": 0.3851334729600402, "g6": 0.19736093981454306, "g7": 1.7912969365738713, "i0": 1.4122564328943215, "i1": 0.8787593760787847, "i2": -3.6237913735320344, "i3": 1.1714473296547874, "i4": 1.192881366466053, "i5": -0.7006417531210846, "i6": 0.8530118101678861, "i7": 1.5545437163300113, "r0": 3.561016980263063, "r1": 0.33699142997402753, "r2": -8.60562140894711, "r3": 0.8169991483478459, "r4": 0.8475289606341274, "r5": -0.662889758985709, "r6": 0.8806009969277051, "r7": 1.8295138925565981}, "datetime": {"datetime": "2020-01-18 09:46:02", "elapsed": 46748.547357, "delta": 32.410403}}
{"target": 7.95, "params": {"d0": 0.6866754429117417, "d1": -3.2148624453790218, "d2": 0.8544404689303631, "g0": 1.6064605730696113, "g1": 0.7811828586218597, "g2": -4.976711390426125, "g3": 0.7842810156577953, "g4": 0.9950402704892518, "g5": 0.24729657990985343, "g6": 0.7985497867625817, "g7": 1.5463656764790605, "i0": 3.9971483951155196, "i1": 0.0911124465306028, "i2": -8.552713363021459, "i3": 1.343002042920957, "i4": 0.8748465506291822, "i5": 0.13382670952522258, "i6": -0.09974912607953063, "i7": 1.7749425304614839, "r0": 3.743762952666377, "r1": 0.11241934629579209, "r2": -4.537693597582328, "r3": 1.355108979005324, "r4": 0.8522161410925337, "r5": -0.3129096375978039, "r6": 0.5075235031476621, "r7": 1.0790760528945507}, "datetime": {"datetime": "2020-01-18 09:46:38", "elapsed": 46785.198431, "delta": 36.651074}}
{"target": 19.65, "params": {"d0": 2.6422621343677335, "d1": -9.108517934655003, "d2": 0.9638574445620949, "g0": 1.5661825158207914, "g1": 0.8482232563291465, "g2": -8.94835846865093, "g3": 1.2235079938970732, "g4": 1.288061282971047, "g5": 0.33114094396380356, "g6": 0.5994337447491822, "g7": 1.7615576841699152, "i0": 4.652467326212447, "i1": 0.9073871132394686, "i2": -1.2307357418601743, "i3": 1.3330192991929901, "i4": 0.9311626127687873, "i5": -0.7892433705369415, "i6": 0.011791205699415497, "i7": 1.5096508464238658, "r0": 2.88621701328676, "r1": 0.14549933359767253, "r2": -1.7559313994635843, "r3": 0.9988170538133461, "r4": 1.240590158286118, "r5": -0.524798580750073, "r6": -0.2777169885697012, "r7": 1.5746534478345886}, "datetime": {"datetime": "2020-01-18 09:47:09", "elapsed": 46815.750239, "delta": 30.551808}}
{"target": 10.4, "params": {"d0": 4.255691028851397, "d1": -8.611939265633099, "d2": 0.8786960868440518, "g0": 1.6692262814673775, "g1": 0.5653749659661655, "g2": -5.858030196547741, "g3": 1.1823983591752503, "g4": 0.844634449371944, "g5": -0.7727812872209183, "g6": 0.20438790787996153, "g7": 1.4209005627325006, "i0": 1.4575622996812747, "i1": 0.8545126459213602, "i2": -5.959967811495903, "i3": 0.9665263028240041, "i4": 1.235601196058754, "i5": -0.4653044642412516, "i6": -0.3469568999960672, "i7": 0.9310675792225985, "r0": 4.511041242475985, "r1": 0.7857253147392923, "r2": -7.254773426269644, "r3": 1.171568221455664, "r4": 1.0204277717474053, "r5": 0.39012721970822706, "r6": -0.40231384688178146, "r7": 1.5100145057167051}, "datetime": {"datetime": "2020-01-18 09:47:46", "elapsed": 46852.720479, "delta": 36.97024}}
{"target": 4.7, "params": {"d0": 2.8800810095710383, "d1": -6.035443774880871, "d2": 0.9976672646341361, "g0": 3.470620077811102, "g1": 0.5270468925581829, "g2": -3.0050035009144214, "g3": 0.7529275421717446, "g4": 1.133660817052908, "g5": -0.04486475860450179, "g6": -0.2667335384981316, "g7": 0.9669010005596886, "i0": 3.2561348701396433, "i1": 0.43386309405865564, "i2": -5.807606642244888, "i3": 0.7162115117840712, "i4": 1.219608780010692, "i5": -0.13092144456252885, "i6": 0.7489332984097228, "i7": 1.1499418544180684, "r0": 2.5798421426273914, "r1": 0.38660172838656426, "r2": -9.609769433683248, "r3": 1.3516629302473133, "r4": 0.8635312266397511, "r5": 0.10584407149993924, "r6": 0.340656370974207, "r7": 1.531830069954374}, "datetime": {"datetime": "2020-01-18 09:48:16", "elapsed": 46883.273287, "delta": 30.552808}}
{"target": 17.55, "params": {"d0": 4.359956464459355, "d1": -1.2633801553474164, "d2": 1.1775860907876605, "g0": 3.7213285670797616, "g1": 0.2954494950563409, "g2": -7.869984139938847, "g3": 1.4854397769485692, "g4": 0.8235034188337522, "g5": 0.6187296036773613, "g6": -0.013165187041555337, "g7": 1.417918514337396, "i0": 1.4717557240437595, "i1": 0.34116770048459477, "i2": -0.47033861758523443, "i3": 1.2626352694767142, "i4": 1.044899075200251, "i5": -0.4383529886828168, "i6": -0.26444361323753557, "i7": 0.9858707983765121, "r0": 1.0464047045381941, "r1": 0.9084850501817445, "r2": -2.821158509220769, "r3": 0.9253433149388318, "r4": 1.1519040786753036, "r5": -0.05639938313270676, "r6": 0.5735115056349862, "r7": 1.1179584613536382}, "datetime": {"datetime": "2020-01-18 09:48:46", "elapsed": 46913.011911, "delta": 29.738624}}
{"target": 10.15, "params": {"d0": 4.073119893919926, "d1": -7.904152250834004, "d2": 1.4845686384291747, "g0": 4.591277749137579, "g1": 0.7986727937005685, "g2": -8.743326153419266, "g3": 1.0880690893667238, "g4": 1.0028598462769636, "g5": -0.4074797405399087, "g6": 0.9750111559411874, "g7": 1.7351394954482706, "i0": 3.9641849329631147, "i1": 0.05868084484609659, "i2": -2.4789592595978407, "i3": 0.826225082452404, "i4": 1.1291668852364636, "i5": 0.2272474928630348, "i6": 0.5883003493290608, "i7": 1.1419891956284467, "r0": 0.8209526148442192, "r1": 0.1129218471930814, "r2": -9.010964230900136, "r3": 1.4329703168695094, "r4": 0.96145396891435, "r5": -0.5407035594667009, "r6": -0.30911056223827155, "r7": 0.9123906577136645}, "datetime": {"datetime": "2020-01-18 09:49:19", "elapsed": 46945.815404, "delta": 32.803493}}
{"target": 15.65, "params": {"d0": 2.2429879162257227, "d1": -6.475916632691351, "d2": 1.3831669587855069, "g0": 4.01721576188115, "g1": 0.2222225282416065, "g2": -9.5356924741794, "g3": 0.8774750965616396, "g4": 1.1544897970594994, "g5": -0.11456783621333988, "g6": 0.0834575250702263, "g7": 1.2536474150790644, "i0": 2.6406357824797237, "i1": 0.17970586031759028, "i2": -6.963889529276096, "i3": 1.392513681356226, "i4": 1.0741693708675408, "i5": -0.6026101449833497, "i6": -0.298555232260971, "i7": 1.2443210293638391, "r0": 0.4496790945489909, "r1": 0.5212388447151131, "r2": -7.0656718705412205, "r3": 1.445084010898269, "r4": 0.8741770798814568, "r5": -0.4528106080212972, "r6": -0.034617148014560284, "r7": 0.9201129180816963}, "datetime": {"datetime": "2020-01-18 09:49:53", "elapsed": 46980.274726, "delta": 34.459322}}
{"target": 19.25, "params": {"d0": 2.747253694678562, "d1": -4.241916786292473, "d2": 1.2832094122639712, "g0": 0.05706871869231189, "g1": 0.5236719820930424, "g2": -2.9867139028254233, "g3": 1.165042177661073, "g4": 1.0711189858160923, "g5": -0.5094261641443851, "g6": 0.8073901566256354, "g7": 1.1001736175323038, "i0": 2.9025054907247965, "i1": 0.4963892554808008, "i2": -8.506269272829876, "i3": 0.9994716826837424, "i4": 1.2875944388398106, "i5": -0.7281968499497262, "i6": -0.0530823094256202, "i7": 1.7779591910944765, "r0": 1.592411222042035, "r1": 0.013890910241533216, "r2": -2.0032055767251533, "r3": 0.8414240606465878, "r4": 1.0561132654211085, "r5": -0.0278091579152695, "r6": 0.3075555311813476, "r7": 1.826952234975518}, "datetime": {"datetime": "2020-01-18 09:50:25", "elapsed": 47012.135693, "delta": 31.860967}}
{"target": 13.75, "params": {"d0": 1.5810187147467691, "d1": -1.967394353986073, "d2": 1.1307571158994159, "g0": 4.352752023459924, "g1": 0.1970384154812953, "g2": -2.445998561307494, "g3": 0.7950476270089053, "g4": 1.2666423120364865, "g5": -0.7771115466585776, "g6": 0.8113069444600056, "g7": 1.1900827681009605, "i0": 1.4550553309498016, "i1": 0.8002902945621149, "i2": -5.429733471311501, "i3": 1.2194551329868535, "i4": 1.20838006605231, "i5": 0.016477531834677928, "i6": -0.30406264881807604, "i7": 1.7751056085097163, "r0": 4.454764911848233, "r1": 0.12539243365522246, "r2": -6.790841602866625, "r3": 0.9992921170812269, "r4": 1.0815854622110588, "r5": 0.5766297233375617, "r6": -0.1523192037280972, "r7": 1.9578524071484966}, "datetime": {"datetime": "2020-01-18 09:50:58", "elapsed": 47045.047085, "delta": 32.911392}}
{"target": 15.15, "params": {"d0": 3.7215455072333627, "d1": -3.362957437721736, "d2": 1.3865532876229287, "g0": 1.5939163753035113, "g1": 0.9057310594161907, "g2": -3.186895559801144, "g3": 0.7933462046170834, "g4": 1.0674301034329445, "g5": 0.35771687924079787, "g6": 0.5362220132907622, "g7": 1.842333729328378, "i0": 3.84882342875442, "i1": 0.6690354683757778, "i2": -1.2069845169969486, "i3": 1.3916186612389847, "i4": 1.2517886316090399, "i5": 0.6430526642014425, "i6": 0.19576418350192948, "i7": 1.479866269173999, "r0": 3.802334042310809, "r1": 0.5945241589801992, "r2": -6.421745159626472, "r3": 0.7287742240861395, "r4": 1.0871605926722965, "r5": 0.23791085733883977, "r6": -0.4907078553334897, "r7": 1.7452650587236747}, "datetime": {"datetime": "2020-01-18 09:51:30", "elapsed": 47076.481485, "delta": 31.4344}}
{"target": 17.4, "params": {"d0": 1.4761228640318824, "d1": -2.1737936922710723, "d2": 1.216759752277886, "g0": 1.0125480013626509, "g1": 0.40146426977062966, "g2": -8.55607249484075, "g3": 0.7452122592232426, "g4": 1.16547240519449, "g5": 0.3334744341878384, "g6": 0.14928591232646604, "g7": 0.9142258340317774, "i0": 3.9353445697007743, "i1": 0.1354292222402994, "i2": -8.032811844208801, "i3": 0.7313960879840367, "i4": 0.9188725550106736, "i5": -0.6729231233332919, "i6": 0.4906788069181063, "i7": 1.007635103399342, "r0": 4.279498699585354, "r1": 0.28783836167268084, "r2": -7.356801104482277, "r3": 0.7183008492158557, "r4": 0.9311444346976392, "r5": 0.6660925742964097, "r6": 0.6365898866263138, "r7": 1.4605286895292953}, "datetime": {"datetime": "2020-01-18 09:52:04", "elapsed": 47110.672567, "delta": 34.191082}}
{"target": 4.55, "params": {"d0": 0.8043482363787086, "d1": -7.717259133834057, "d2": 1.346780323991305, "g0": 4.828671346900965, "g1": 0.8296393853664547, "g2": -2.2917680005927332, "g3": 1.3478349521485282, "g4": 1.0617031576773648, "g5": 0.20268595984858528, "g6": -0.37920010742615645, "g7": 0.9212643647794228, "i0": 4.052699012196196, "i1": 0.5483170940746536, "i2": -9.024021886375616, "i3": 1.0432588680727624, "i4": 0.8133994458916307, "i5": 0.14467085401392343, "i6": 0.0031332876862235626, "i7": 1.3313250446334237, "r0": 4.933477842687117, "r1": 0.8238704840085295, "r2": -8.965036072131978, "r3": 1.173888332054597, "r4": 1.2004476078165052, "r5": -0.17231701848011183, "r6": 0.1879773293883451, "r7": 1.4103047602803218}, "datetime": {"datetime": "2020-01-18 09:52:46", "elapsed": 47153.250094, "delta": 42.577527}}
{"target": 14.6, "params": {"d0": 4.6817660589901315, "d1": -8.674189887698908, "d2": 1.398283961049487, "g0": 3.76117574384567, "g1": 0.7611862008294731, "g2": -1.0020607908255776, "g3": 1.042289097123897, "g4": 1.280086856571535, "g5": -0.6825717103451145, "g6": 0.6245911055425908, "g7": 1.5919661518971568, "i0": 4.687485579298288, "i1": 0.7965748971286584, "i2": -6.9133154717532825, "i3": 1.0794819049770699, "i4": 0.9030192184619952, "i5": 0.7162924875849324, "i6": 0.11322751240776352, "i7": 1.948775577900776, "r0": 2.2054466176346117, "r1": 0.4602893883079152, "r2": -5.848529262068257, "r3": 1.4212296856381674, "r4": 1.0715435528577668, "r5": -0.5387891115954453, "r6": -0.17329534958805665, "r7": 1.1889557264703625}, "datetime": {"datetime": "2020-01-18 09:53:17", "elapsed": 47184.192991, "delta": 30.942897}}
{"target": 13.85, "params": {"d0": 4.7353951968233705, "d1": -5.696521282993114, "d2": 1.4060768859844694, "g0": 1.630012556769063, "g1": 0.733294553132192, "g2": -6.0817100558064325, "g3": 0.7847757605874929, "g4": 1.2176120197814753, "g5": 0.689812352905453, "g6": -0.24535602101881893, "g7": 0.9353416423255647, "i0": 3.9556797131214254, "i1": 0.40284378432256207, "i2": -9.645228897908456, "i3": 1.137905770792133, "i4": 1.0383537584003828, "i5": -0.2469737062342089, "i6": 0.5191245919477243, "i7": 1.5439541502038443, "r0": 1.1860661979278047, "r1": 0.005265966026739011, "r2": -5.922722066019752, "r3": 0.8345805109495315, "r4": 1.2526737365180964, "r5": 0.6635759473920355, "r6": 0.125682262111535, "r7": 1.678452774449672}, "datetime": {"datetime": "2020-01-18 09:53:53", "elapsed": 47220.084343, "delta": 35.891352}}
{"target": 11.4, "params": {"d0": 0.35882260043963277, "d1": -3.6474471078183823, "d2": 1.1678245137689482, "g0": 4.1275061891437, "g1": 0.08454329437890673, "g2": -7.262696440415901, "g3": 0.9131655916803676, "g4": 0.9792139075630671, "g5": 0.4351437751425917, "g6": 0.7232618705772003, "g7": 1.2956525983498086, "i0": 2.615557628104424, "i1": 0.11627836106884148, "i2": -1.6642370833000548, "i3": 0.9810777204723007, "i4": 1.178825434381992, "i5": 0.5604182666619391, "i6": 0.4971286170505611, "i7": 1.7892480687615513, "r0": 1.8179495240588206, "r1": 0.8759484509801729, "r2": -5.425455818416785, "r3": 1.2039083732065186, "r4": 1.1527181978480199, "r5": -0.7603635290966809, "r6": 0.99444939469015, "r7": 1.4001571981539396}, "datetime": {"datetime": "2020-01-18 09:54:39", "elapsed": 47265.715743, "delta": 45.6314}}
{"target": 18.85, "params": {"d0": 1.6369532873281996, "d1": -5.264843676876744, "d2": 1.1752936480905418, "g0": 1.6778093551058815, "g1": 0.4409106656196943, "g2": -3.987177142653797, "g3": 1.3572966197959713, "g4": 1.208640670638359, "g5": 0.6020877119886616, "g6": -0.3701178450483217, "g7": 1.7672393393148174, "i0": 0.17898502727478727, "i1": 0.7645125130524226, "i2": -8.043475375513667, "i3": 1.3625067244366729, "i4": 1.2469788622687275, "i5": -0.28918579781068543, "i6": -0.4561039596757563, "i7": 1.489900207805218, "r0": 1.541918036686159, "r1": 0.90710407529453, "r2": -8.748751001510426, "r3": 0.7260379547039272, "r4": 0.8600536698045663, "r5": 0.10342037206327481, "r6": 0.7447757487699249, "r7": 1.602532866199297}, "datetime": {"datetime": "2020-01-18 09:55:10", "elapsed": 47296.97083, "delta": 31.255087}}
{"target": 17.75, "params": {"d0": 0.9576956458028818, "d1": -4.113636007984594, "d2": 1.4427942399416136, "g0": 0.8376773745055544, "g1": 0.6184091654377448, "g2": -2.34930714575035, "g3": 1.3514757990839386, "g4": 1.0235305766484002, "g5": 0.022011673312993585, "g6": -0.34704890418702816, "g7": 0.9515030330756092, "i0": 1.1048527106338142, "i1": 0.010946170216770135, "i2": -5.3184804573739575, "i3": 1.0936501240448453, "i4": 1.2098263397507125, "i5": 0.7857696240666312, "i6": -0.17164261402148306, "i7": 1.7855364291098004, "r0": 4.146393639966754, "r1": 0.43147278972574354, "r2": -9.104895926239712, "r3": 1.0417251438905895, "r4": 0.8466178563482434, "r5": -0.07043239072325103, "r6": -0.05996223050427285, "r7": 0.9634659828945874}, "datetime": {"datetime": "2020-01-18 09:55:41", "elapsed": 47328.028611, "delta": 31.057781}}
{"target": 2.25, "params": {"d0": 3.384916809454885, "d1": -3.9085875930114247, "d2": 1.144157528598407, "g0": 4.043270873313819, "g1": 0.7568998508901026, "g2": -9.01836535102533, "g3": 1.4755171788135062, "g4": 0.8675825049043278, "g5": -0.4518398415606509, "g6": -0.4990817035712852, "g7": 1.0283942999838596, "i0": 4.146807194155454, "i1": 0.12782069129117168, "i2": -5.852435218444433, "i3": 1.267578225229423, "i4": 1.0116410925937136, "i5": -0.10880382019929247, "i6": -0.4882434570181691, "i7": 1.340207634243919, "r0": 2.2350761950931783, "r1": 0.6962824144270421, "r2": -5.345577448657898, "r3": 0.8709404647155125, "r4": 0.8934717749607406, "r5": -0.559141285078924, "r6": -0.04507139723243536, "r7": 1.3379230207820427}, "datetime": {"datetime": "2020-01-18 09:56:19", "elapsed": 47366.268562, "delta": 38.239951}}
{"target": 17.35, "params": {"d0": 4.74870605482629, "d1": -6.916657336455568, "d2": 1.2075420154863195, "g0": 0.5614914821565342, "g1": 0.0687337332425535, "g2": -6.335167462747603, "g3": 1.0437621726006665, "g4": 1.164083796046456, "g5": 0.5156407234549474, "g6": -0.1722995702024071, "g7": 1.6522557687964106, "i0": 1.6280585309997153, "i1": 0.299217459308852, "i2": -9.039802801804445, "i3": 1.1224690818021996, "i4": 0.9014656667965938, "i5": -0.1866565051238105, "i6": -0.329668526191326, "i7": 1.3812690484692953, "r0": 4.447729542333422, "r1": 0.8369645274030123, "r2": -1.7390659533545065, "r3": 1.228871380919538, "r4": 0.8878275015921596, "r5": 0.5026777117248762, "r6": 0.8354524758697566, "r7": 1.9109931565067244}, "datetime": {"datetime": "2020-01-18 09:56:53", "elapsed": 47399.96814, "delta": 33.699578}}
