{"target": 4.85, "params": {"d0": 4.5170032929420865, "d1": -7.476993173572088, "d2": 1.0272161411016816, "g0": 3.714848298892281, "g1": 0.43761705793903893, "g2": -0.1611784920788022, "g3": 0.7338277887565274, "g4": 1.1248656839523388, "g5": -0.35817578722884225, "g6": 0.7700859641899584, "g7": 1.7458793480373531, "i0": 4.589413559534722, "i1": 0.5270482035212568, "i2": -7.862274103226995, "i3": 0.7974430315720258, "i4": 0.8508388083855702, "i5": -0.20913784332585128, "i6": 0.11121562241894756, "i7": 1.2432138673050481, "r0": 4.3972480385164205, "r1": 0.2505599156075917, "r2": -4.0181910137218155, "r3": 1.1343270115800386, "r4": 1.040852652759486, "r5": 0.7623202262687272, "r6": -0.29651778667144946, "r7": 1.074847447754083}, "datetime": {"datetime": "2020-01-18 10:11:29", "elapsed": 48275.325263, "delta": 31.937883}}
{"target": 15.25, "params": {"d0": 0.34511393011134484, "d1": -2.7058117235310455, "d2": 1.2739533501519529, "g0": 1.819556833739261, "g1": 0.573123159960876, "g2": -1.1493603536829315, "g3": 1.3531960470985491, "g4": 1.0902512776965465, "g5": -0.5634916100563976, "g6": -0.07924467219488696, "g7": 1.1322918176937482, "i0": 4.642557741963026, "i1": 0.2948548976905776, "i2": -6.265516108227298, "i3": 0.8365809973362319, "i4": 1.0429909894761558, "i5": 0.24578135531353862, "i6": -0.3151872270917185, "i7": 1.8046688965342366, "r0": 0.9077294229199789, "r1": 0.6080713445511713, "r2": -3.8094879043210303, "r3": 1.4241840894762947, "r4": 1.2007925861842492, "r5": 0.15738842932753982, "r6": 0.7224900021066145, "r7": 1.2929965186157677}, "datetime": {"datetime": "2020-01-18 10:12:02", "elapsed": 48308.66372, "delta": 33.338457}}
{"target": 4.75, "params": {"d0": 2.1452556678056336, "d1": -9.536495191972449, "d2": 0.8170818576499028, "g0": 4.445419327683842, "g1": 0.8077393836940007, "g2": -3.865641041002749, "g3": 0.9703229578706436, "g4": 0.9410256636134038, "g5": 0.6379024509216815, "g6": 0.9253778290312367, "g7": 1.0601673715619195, "i0": 3.9907112246974563, "i1": 0.29325077244237185, "i2": -1.652839368314586, "i3": 0.708062174327269, "i4": 0.9710819924446066, "i5": -0.3942712750348607, "i6": -0.43033035779646683, "i7": 1.5318700349233634, "r0": 1.4666490360532036, "r1": 0.4208092502989511, "r2": -9.219016574698681, "r3": 0.9622671697760733, "r4": 0.939079561736089, "r5": -0.21447526532172823, "r6": -0.3167965966353051, "r7": 1.542083505911497}, "datetime": {"datetime": "2020-01-18 10:12:37", "elapsed": 48343.864274, "delta": 35.200554}}
{"target": 11.7, "params": {"d0": 4.971501766562028, "d1": -3.100863206832588, "d2": 0.8829393243810735, "g0": 1.4751627521249444, "g1": 0.9534108294693749, "g2": -7.872884714768094, "g3": 0.9977024101791334, "g4": 1.2783771373354507, "g5": 0.038621538505747344, "g6": -0.4675407066121991, "g7": 1.5118187662615723, "i0": 4.938508330788229, "i1": 0.5093287643290341, "i2": -7.316026195027913, "i3": 1.0399814391079019, "i4": 1.105604581623637, "i5": 0.1352866258660631, "i6": 0.28352704639273774, "i7": 1.1812024028850865, "r0": 0.11653038921961345, "r1": 0.5719401713051966, "r2": -5.915815601124473, "r3": 1.2413455097535109, "r4": 1.2305705851186766, "r5": 0.34151631812530514, "r6": 0.640150941718735, "r7": 1.1137418489812556}, "datetime": {"datetime": "2020-01-18 10:13:02", "elapsed": 48368.890218, "delta": 25.025944}}
{"target": 14.8, "params": {"d0": 0.47843489156669583, "d1": -1.6480779684780007, "d2": 1.3721381620222657, "g0": 1.6098016020954802, "g1": 0.0703597884133359, "g2": -1.0319564080923485, "g3": 1.0183865119382918, "g4": 1.142347243905088, "g5": -0.045578853127143715, "g6": 0.27961253095057237, "g7": 1.618055063933805, "i0": 3.2472129322084675, "i1": 0.28986242648156124, "i2": -0.5546932245222624, "i3": 1.059545822073337, "i4": 0.8455757238185231, "i5": -0.31483906367693654, "i6": 0.6689781592524355, "i7": 1.3114427688316597, "r0": 2.2718577173779653, "r1": 0.01168550222040976, "r2": -5.486535499990951, "r3": 1.0398565226361687, "r4": 0.8687950120537155, "r5": -0.6725832801473989, "r6": -0.4760673996009435, "r7": 1.9194813887280602}, "datetime": {"datetime": "2020-01-18 10:13:36", "elapsed": 48403.237144, "delta": 34.346926}}
{"target": 19.35, "params": {"d0": 0.08197640001989526, "d1": -7.3972425148903636, "d2": 0.7026171827536055, "g0": 0.07675329782448004, "g1": 0.3415292079083382, "g2": -8.084898957217941, "g3": 1.3269711705923453, "g4": 1.2069992781653849, "g5": -0.35458133827786825, "g6": 0.6720307224920814, "g7": 1.5997692997867388, "i0": 4.885391762318588, "i1": 0.2208617501960496, "i2": -0.6869111432225878, "i3": 0.9118269604590918, "i4": 1.055426154635466, "i5": 0.7981658723585043, "i6": -0.14640770251031004, "i7": 1.816448632794775, "r0": 1.5245294599679808, "r1": 0.6909494230864237, "r2": -1.5025566689444734, "r3": 1.190384828451416, "r4": 0.9008551503165514, "r5": 0.1979181955908469, "r6": -0.3301893100051214, "r7": 1.2017096892742662}, "datetime": {"datetime": "2020-01-18 10:14:09", "elapsed": 48435.996691, "delta": 32.759547}}
{"target": 17.6, "params": {"d0": 3.36340280361648, "d1": -6.71292617462899, "d2": 1.2236124474103776, "g0": 1.6566456656418493, "g1": 0.45570015556282506, "g2": -8.101519287609708, "g3": 0.8259423357173814, "g4": 1.296612525928545, "g5": 0.1311107401444891, "g6": 0.6301528724616479, "g7": 1.3987757693557439, "i0": 3.6639898011366405, "i1": 0.07682311109682471, "i2": -0.9580958656709999, "i3": 1.257627741107544, "i4": 1.1364364156386917, "i5": -0.6582443352227983, "i6": 0.06520835725844032, "i7": 1.3516944868079706, "r0": 0.3094796956879653, "r1": 0.15191109912272838, "r2": -8.080074456567775, "r3": 1.3041050602508828, "r4": 0.8697902660154724, "r5": -0.46059572603316035, "r6": -0.26118210880925324, "r7": 1.0543659895806186}, "datetime": {"datetime": "2020-01-18 10:14:41", "elapsed": 48467.721785, "delta": 31.725094}}
{"target": 16.65, "params": {"d0": 0.49497528268808655, "d1": -6.840646873900824, "d2": 1.4708234005836078, "g0": 1.3852803525108142, "g1": 0.49573688652020276, "g2": -7.970994077759182, "g3": 1.031143230946426, "g4": 1.1452198824259388, "g5": -0.2808759045765499, "g6": 0.9258793299402814, "g7": 1.8306767013089345, "i0": 2.1344151624124805, "i1": 0.08269654440951657, "i2": -2.044172587852472, "i3": 1.235118528419863, "i4": 0.9232670127964315, "i5": 0.04350588460430893, "i6": 0.8155978084209725, "i7": 1.9886751221323857, "r0": 2.491727960680332, "r1": 0.9992339640443781, "r2": -5.703049476999408, "r3": 1.079598693296643, "r4": 1.298150164504979, "r5": -0.07481104849416131, "r6": 0.5579870601866148, "r7": 1.9632435965967172}, "datetime": {"datetime": "2020-01-18 10:15:17", "elapsed": 48503.820932, "delta": 36.099147}}
{"target": 9.35, "params": {"d0": 4.589271767438154, "d1": -6.669688054483381, "d2": 1.154858103534612, "g0": 1.525895479831334, "g1": 0.9782855604120618, "g2": -8.469397420783016, "g3": 0.8993703744113744, "g4": 1.2922517937719773, "g5": -0.6488572701478059, "g6": -0.42079896335761746, "g7": 1.5015723343270477, "i0": 0.05330948583608219, "i1": 0.6521146917483542, "i2": -4.895978032208078, "i3": 0.7834751327320715, "i4": 1.2810296557647676, "i5": 0.5774646331636393, "i6": 0.9483257260897027, "i7": 1.3340077921463518, "r0": 4.312424848804205, "r1": 0.6167329940230265, "r2": -3.6533627994558078, "r3": 1.39965075633725, "r4": 1.0262104631174944, "r5": -0.13841590243955615, "r6": 0.40065572252064807, "r7": 1.4670371178978248}, "datetime": {"datetime": "2020-01-18 10:15:40", "elapsed": 48526.350928, "delta": 22.529996}}
{"target": 17.85, "params": {"d0": 4.844752736672307, "d1": -0.5575412398187112, "d2": 1.1554058557491398, "g0": 3.5471242457652536, "g1": 0.6749705100889968, "g2": -5.20464464359156, "g3": 1.27453562055377, "g4": 0.8526398480999376, "g5": -0.5771618898805534, "g6": 0.3633132651926412, "g7": 1.4368154886021711, "i0": 2.5188243810148148, "i1": 0.5635028424780538, "i2": -7.497667797004874, "i3": 1.2795547863764647, "i4": 1.1307571315101432, "i5": -0.7682126001130165, "i6": 0.06733264586361498, "i7": 1.5243694307332194, "r0": 0.05398943998614514, "r1": 0.9827516508523242, "r2": -5.765637666859099, "r3": 1.4866789089888284, "r4": 1.1635553242912549, "r5": -0.44453276193451824, "r6": 0.8098852386394033, "r7": 1.8324235945486922}, "datetime": {"datetime": "2020-01-18 10:16:12", "elapsed": 48558.3018, "delta": 31.950872}}
{"target": 14.8, "params": {"d0": 4.607025853452564, "d1": -5.221524169221085, "d2": 1.219411869440474, "g0": 2.5837071626658665, "g1": 0.07053312787556287, "g2": -4.923978498474243, "g3": 0.8201785517552151, "g4": 1.0852018615678438, "g5": -0.6911949215843616, "g6": -0.27184310054264155, "g7": 1.176938584633798, "i0": 4.466683187600747, "i1": 0.5586996046712953, "i2": -6.327258200928481, "i3": 1.4449527898890817, "i4": 1.2001228004221678, "i5": -0.209825426947562, "i6": 0.688308690724019, "i7": 1.2972986351528337, "r0": 0.9239798477484418, "r1": 0.6960425969933246, "r2": -2.198350814638454, "r3": 1.3374360817223905, "r4": 1.2376513782249474, "r5": -0.730687053599644, "r6": 0.3217991934427826, "r7": 1.7682899073826974}, "datetime": {"datetime": "2020-01-18 10:16:44", "elapsed": 48591.072333, "delta": 32.770533}}
{"target": 17.35, "params": {"d0": 1.3546228362374335, "d1": -4.137935116199177, "d2": 0.7938330042880231, "g0": 2.230431750983123, "g1": 0.40385265321887864, "g2": -8.304500627338582, "g3": 1.210297021993215, "g4": 1.2805822023176183, "g5": -0.260380592409736, "g6": 0.0011580289994348458, "g7": 1.3192657149327431, "i0": 1.416468224064276, "i1": 0.38454962915923496, "i2": -8.925344427952309, "i3": 1.244804774547824, "i4": 0.8640514090612735, "i5": 0.43215719932098184, "i6": -0.14878547382296697, "i7": 1.035276482427091, "r0": 1.0911955298936622, "r1": 0.2737964220468063, "r2": -4.259578556376937, "r3": 1.1783503376304545, "r4": 1.0868057565985112, "r5": 0.34108166681093643, "r6": -0.21821276442763426, "r7": 1.4880290069030673}, "datetime": {"datetime": "2020-01-18 10:17:16", "elapsed": 48623.251473, "delta": 32.17914}}
{"target": 5.25, "params": {"d0": 2.6547424349861264, "d1": -4.171033484805773, "d2": 1.4659540444981953, "g0": 4.6849731923744935, "g1": 0.711660885523479, "g2": -3.1702026738607945, "g3": 1.02714017252317, "g4": 0.8577570282673682, "g5": -0.6880614925102742, "g6": 0.9232027542220023, "g7": 1.667329744626091, "i0": 4.778161785287764, "i1": 0.3748152082464965, "i2": -3.1494877453090044, "i3": 0.8421464021332319, "i4": 1.18335090837645, "i5": 0.5538097052618365, "i6": -0.047746672435963367, "i7": 1.351682690647997, "r0": 4.111846195773965, "r1": 0.06612745512674678, "r2": -0.5679472136447377, "r3": 0.8262645855567462, "r4": 1.2112047580162337, "r5": 0.7803019785495564, "r6": 0.3338135942341647, "r7": 1.2331106594911483}, "datetime": {"datetime": "2020-01-18 10:17:47", "elapsed": 48653.977709, "delta": 30.726236}}
{"target": 12.35, "params": {"d0": 0.30114550443512855, "d1": -2.7813679420443567, "d2": 1.1728118858616126, "g0": 4.177507975028952, "g1": 0.824592492015468, "g2": -1.1811618015779466, "g3": 1.1021191551623228, "g4": 0.902439451909981, "g5": 0.47049220666322, "g6": -0.1444308415055255, "g7": 1.1372791450306934, "i0": 4.951140698815294, "i1": 0.5849990824641123, "i2": -5.312257359819801, "i3": 0.7275034590701243, "i4": 1.0112280594893481, "i5": -0.061483680122963236, "i6": -0.2424837534682528, "i7": 1.8191358108542754, "r0": 1.7020753877803312, "r1": 0.41897287745272727, "r2": -8.1275596208756, "r3": 0.825238142718667, "r4": 1.290294825193571, "r5": -0.6607897302644041, "r6": 0.24507752611352496, "r7": 1.9879510792355615}, "datetime": {"datetime": "2020-01-18 10:18:44", "elapsed": 48711.13036, "delta": 57.152651}}
{"target": 4.3, "params": {"d0": 3.7309573999291645, "d1": -0.9372653852622079, "d2": 0.8632254229954901, "g0": 4.427479873741463, "g1": 0.5722005960132783, "g2": -1.9181330024528016, "g3": 0.9600064828327519, "g4": 0.9199242567235306, "g5": -0.530196144690269, "g6": -0.07270483328091326, "g7": 1.4695997566509909, "i0": 2.464112831301852, "i1": 0.2585603804198958, "i2": -6.570125257432851, "i3": 1.0296597732396293, "i4": 0.8996139972057938, "i5": -0.06954951858133529, "i6": 0.6430538621053306, "i7": 1.8080785791082166, "r0": 1.837690009511057, "r1": 0.4637713421737264, "r2": -5.08467536966425, "r3": 0.997505436366398, "r4": 0.9499786736194269, "r5": 0.19619585462840095, "r6": -0.20467209670971037, "r7": 1.245839294069593}, "datetime": {"datetime": "2020-01-18 10:19:24", "elapsed": 48751.049583, "delta": 39.919223}}
{"target": 7.6, "params": {"d0": 3.8796861798861597, "d1": -6.319379451292125, "d2": 1.0700079974134795, "g0": 3.735518058349148, "g1": 0.9604873009550866, "g2": -6.018109407573481, "g3": 0.771148357863951, "g4": 1.2075665551075745, "g5": 0.3168533050204856, "g6": -0.14001391274471298, "g7": 1.086583697344676, "i0": 3.289026292517581, "i1": 0.618523475694498, "i2": -6.804285353227318, "i3": 0.812037761854846, "i4": 1.2254498666415674, "i5": 0.7497904145136214, "i6": 0.20930392757086902, "i7": 1.1208494274166525, "r0": 1.2857393669284582, "r1": 0.5228697454335143, "r2": -0.016810944463200528, "r3": 1.2939094042980268, "r4": 1.164569642627765, "r5": -0.7659403946540174, "r6": 0.8396342824433529, "r7": 1.5659483783565116}, "datetime": {"datetime": "2020-01-18 10:19:45", "elapsed": 48772.173511, "delta": 21.123928}}
{"target": 15.95, "params": {"d0": 4.700282896307276, "d1": -5.0585831626811935, "d2": 0.7546448851998704, "g0": 4.785628809375771, "g1": 0.8866375046625316, "g2": -6.481263813565752, "g3": 1.020664333723424, "g4": 0.8724031836243646, "g5": -0.5864692872696392, "g6": 0.581215066168868, "g7": 1.9361568080204763, "i0": 3.5904260382698094, "i1": 0.2768581024536626, "i2": -2.137487073396329, "i3": 1.467648004484022, "i4": 1.0063444175716176, "i5": 0.09047696653298287, "i6": 0.543004009553552, "i7": 1.1547988193383014, "r0": 2.793269944018105, "r1": 0.3483658691426592, "r2": -1.9682749978305338, "r3": 1.251746806152919, "r4": 1.2016596836753206, "r5": 0.6165626154877399, "r6": 0.8009984088287256, "r7": 1.7974375263357436}, "datetime": {"datetime": "2020-01-18 10:20:24", "elapsed": 48810.969894, "delta": 38.796383}}
{"target": 14.05, "params": {"d0": 1.6745230955951007, "d1": -6.841579416435928, "d2": 0.9805287169390582, "g0": 1.4444077456844067, "g1": 0.5858833934397731, "g2": -0.6819483100410935, "g3": 1.2071318031918725, "g4": 0.8042694672960093, "g5": -0.5453845243418849, "g6": 0.9179421421559963, "g7": 0.9017449446597301, "i0": 1.8713465554613595, "i1": 0.40046939956275973, "i2": -0.7404352079848593, "i3": 0.7707890543867166, "i4": 1.295128998825641, "i5": -0.21003523682104352, "i6": 0.2762598784082131, "i7": 1.0358276713479442, "r0": 3.151216592179285, "r1": 0.3555106996807955, "r2": -2.815169198129687, "r3": 1.3805027198621374, "r4": 1.1320837948614584, "r5": -0.7028168279794642, "r6": 0.5206649537742976, "r7": 1.5955137668396038}, "datetime": {"datetime": "2020-01-18 10:21:09", "elapsed": 48855.354069, "delta": 44.384175}}
{"target": 16.9, "params": {"d0": 1.051802337700047, "d1": -0.11929727524619516, "d2": 1.0908831953097209, "g0": 1.7297409166291882, "g1": 0.9016784427824308, "g2": -4.833879569496105, "g3": 1.188316775415621, "g4": 1.2304639291662716, "g5": -0.1719344315106206, "g6": -0.20837196732272134, "g7": 1.2083738304202722, "i0": 0.14089704315814744, "i1": 0.23284297138074161, "i2": -4.43253973029682, "i3": 0.9143087582064852, "i4": 0.8748050364969573, "i5": 0.39610223040821646, "i6": 0.5436916860632557, "i7": 1.596829107105708, "r0": 0.7822303181726092, "r1": 0.5252315389894925, "r2": -1.0826077576966018, "r3": 0.7461004230554481, "r4": 1.2409250546616248, "r5": 0.014203767058664774, "r6": -0.1460053855640046, "r7": 1.935517097350452}, "datetime": {"datetime": "2020-01-18 10:21:49", "elapsed": 48895.896182, "delta": 40.542113}}
{"target": 18.5, "params": {"d0": 4.6942905739714575, "d1": -7.0728634271137345, "d2": 0.916468420615198, "g0": 1.5501020908974006, "g1": 0.9804305736725192, "g2": -1.8943538333726746, "g3": 1.3572931697010477, "g4": 1.093897893367238, "g5": 0.4189746283961475, "g6": 0.9008939033449832, "g7": 1.5079533306170938, "i0": 1.1210714809400528, "i1": 0.13464804209230363, "i2": -8.758630197601127, "i3": 1.2058077107163303, "i4": 0.8317729216314425, "i5": 0.6554074017997855, "i6": 0.6709402393542454, "i7": 1.5718938299979726, "r0": 3.36977593736071, "r1": 0.6633113656641092, "r2": -1.208345288793657, "r3": 0.8958404178891722, "r4": 0.8251019815007468, "r5": 0.11204817693527702, "r6": -0.13326400580008962, "r7": 1.480655655221533}, "datetime": {"datetime": "2020-01-18 10:22:30", "elapsed": 48937.251939, "delta": 41.355757}}
{"target": 18.3, "params": {"d0": 0.637361112085697, "d1": -6.026453525027086, "d2": 1.4931411760732356, "g0": 0.5682801028267526, "g1": 0.17834345708263843, "g2": -5.544106221151433, "g3": 0.8463577801456844, "g4": 1.1931767812168332, "g5": -0.7123134142228822, "g6": 0.9979645100949015, "g7": 1.1617286285364157, "i0": 4.791584803385391, "i1": 0.18651704056362628, "i2": -5.783871536349034, "i3": 0.9314025957998293, "i4": 1.2560699831996034, "i5": -0.7903969711899377, "i6": -0.0016407668104539974, "i7": 1.5904159874417907, "r0": 3.0751154091686796, "r1": 0.5064285479557997, "r2": -0.3861984054619221, "r3": 0.8676946297949932, "r4": 1.2388273072745741, "r5": 0.39649154146259913, "r6": -0.29758905763304794, "r7": 1.038375945256169}, "datetime": {"datetime": "2020-01-18 10:23:14", "elapsed": 48980.762507, "delta": 43.510568}}
{"target": 20.4, "params": {"d0": 1.4501713457738352, "d1": -1.795342161508378, "d2": 1.1937577085578936, "g0": 0.9731557562949911, "g1": 0.46807764677168606, "g2": -4.911308648141249, "g3": 1.0742499899094637, "g4": 1.0967352433316744, "g5": 0.31352626360313707, "g6": 0.46238000009121216, "g7": 1.042547413117864, "i0": 2.850906077381998, "i1": 0.9190957659079707, "i2": -8.332818133152568, "i3": 0.7495499849497491, "i4": 0.8290450353051668, "i5": 0.2934898579111995, "i6": 0.102353384642769, "i7": 1.099924117342482, "r0": 0.45749469389533837, "r1": 0.39644366440093504, "r2": -9.089710499055142, "r3": 1.3999844064962934, "r4": 1.1618523691180076, "r5": 0.5472276436623975, "r6": 0.24506039070637442, "r7": 1.1585773444772622}, "datetime": {"datetime": "2020-01-18 10:23:54", "elapsed": 49020.523904, "delta": 39.761397}}
{"target": 20.05, "params": {"d0": 2.3150074651292925, "d1": -2.629331613167115, "d2": 0.7153506047857465, "g0": 0.011450358493469426, "g1": 0.5100498674952267, "g2": -6.982159644899512, "g3": 1.082169131514225, "g4": 0.9384795139122035, "g5": -0.0634331371833945, "g6": 0.047608924675213826, "g7": 0.9837117671725585, "i0": 3.009390239982164, "i1": 0.24981340912721917, "i2": -5.639996852524078, "i3": 1.2339423119633515, "i4": 0.9601690702175791, "i5": 0.07324309667331863, "i6": 0.5516974183819323, "i7": 1.7719867020829656, "r0": 1.8356695731697803, "r1": 0.3177370872722355, "r2": -7.57873073544552, "r3": 1.2973072536298025, "r4": 1.2968897642345816, "r5": 0.00653043461322711, "r6": 0.3101756265191947, "r7": 1.6555552660338981}, "datetime": {"datetime": "2020-01-18 10:24:36", "elapsed": 49062.629908, "delta": 42.106004}}
{"target": 10.65, "params": {"d0": 3.265840985460018, "d1": -0.32159840620973057, "d2": 0.907572194969295, "g0": 0.07097850980101184, "g1": 0.1954614877006624, "g2": -7.181607730492162, "g3": 1.0457248459321165, "g4": 0.8090880835396108, "g5": 0.6727958732779549, "g6": -0.313669005818133, "g7": 1.9850495450900367, "i0": 4.645478705280876, "i1": 0.6914879180703053, "i2": -2.0293924546582964, "i3": 0.7733905564881547, "i4": 1.077832517244822, "i5": -0.5346895167545687, "i6": -0.4618386894892589, "i7": 1.4928283654866088, "r0": 0.9918748762979918, "r1": 0.6491418285873002, "r2": -9.006008312993556, "r3": 0.831770787375952, "r4": 1.2502723103462305, "r5": 0.18490768513324185, "r6": -0.2770658157901403, "r7": 1.3044476318004858}, "datetime": {"datetime": "2020-01-18 10:25:14", "elapsed": 49100.765474, "delta": 38.135566}}
{"target": 12.65, "params": {"d0": 3.6397352264330936, "d1": -8.660139987683793, "d2": 1.3235102135594237, "g0": 1.864310916044734, "g1": 0.9807906580250854, "g2": -9.979227288026667, "g3": 0.751847864331982, "g4": 0.8679912958254842, "g5": 0.7860789718666052, "g6": 0.07066709880203992, "g7": 1.4665448689273282, "i0": 2.3050483615845585, "i1": 0.6234938180992255, "i2": -4.374915014884401, "i3": 0.7555322099387779, "i4": 1.0616401217220117, "i5": 0.3123284955305621, "i6": -0.3920462641895051, "i7": 1.1747879359700502, "r0": 3.8290147092889164, "r1": 0.55574351254594, "r2": -1.8508199589608019, "r3": 1.376623637492688, "r4": 1.1964637831278446, "r5": -0.10033668075792479, "r6": -0.07868821502285028, "r7": 1.5203477794144444}, "datetime": {"datetime": "2020-01-18 10:25:55", "elapsed": 49141.929929, "delta": 41.164455}}
{"target": 14.5, "params": {"d0": 0.10039039565251429, "d1": -1.8395830224961465, "d2": 0.9691557041567153, "g0": 1.4747748346678842, "g1": 0.013703908486674576, "g2": -0.44515509700418576, "g3": 0.7808369768475605, "g4": 1.0037347526878253, "g5": -0.16458192721582132, "g6": 0.621351741488068, "g7": 1.9215270508901257, "i0": 2.12043582676432, "i1": 0.92129709129608, "i2": -9.030805782813099, "i3": 1.0570483631448724, "i4": 1.0142122291284195, "i5": -0.6737324573230565, "i6": 0.5180543916893738, "i7": 1.7477192117624565, "r0": 2.8717502685213914, "r1": 0.3910037664862409, "r2": -3.3418817408877572, "r3": 1.007019368860855, "r4": 0.8154549972054524, "r5": -0.6524063609593912, "r6": 0.6168096928605455, "r7": 1.3528697432181649}, "datetime": {"datetime": "2020-01-18 10:26:41", "elapsed": 49187.51338, "delta": 45.583451}}
