{"target": 20.65, "params": {"d0": 3.3168416165074217, "d1": -9.295506717999087, "d2": 0.8546007033113321, "g0": 0.6416603873097084, "g1": 0.504706873670347, "g2": -5.219123504936655, "g3": 1.417026858640434, "g4": 1.0458279869719889, "g5": -0.3980350442948285, "g6": 0.13836697657662902, "g7": 1.6933122557757896, "i0": 4.314482283477038, "i1": 0.7369190890173627, "i2": -5.8237905845258275, "i3": 0.9982553769882365, "i4": 1.128298607426078, "i5": 0.14489480462077814, "i6": -0.23022276276417392, "i7": 1.7151098421954303, "r0": 1.957327245151559, "r1": 0.7198609389235427, "r2": -1.9204393606249899, "r3": 1.42736013499298, "r4": 0.9693748092049059, "r5": -0.41632187160722334, "r6": 0.16101461065887426, "r7": 1.6095051756818621}, "datetime": {"datetime": "2020-01-18 17:53:58", "elapsed": 7277.248122, "delta": 142.254234}}
{"target": 20.1, "params": {"d0": 3.2184512163468932, "d1": -9.091963882939158, "d2": 0.8578700688582013, "g0": 0.7413254007057495, "g1": 0.564596630833835, "g2": -4.915724110235781, "g3": 1.4387510660309728, "g4": 0.9971023480018576, "g5": -0.4230636331937944, "g6": 0.12396558629390887, "g7": 1.657952703055792, "i0": 4.3338197778722805, "i1": 0.7522946062827509, "i2": -5.63188757282413, "i3": 1.0502242196208382, "i4": 1.0990625091903903, "i5": 0.06893273632397023, "i6": -0.333926787043075, "i7": 1.818498219767793, "r0": 1.662439858739431, "r1": 0.6229364601631072, "r2": -1.6319201084605388, "r3": 1.3228938901282987, "r4": 0.932848110068772, "r5": -0.39198592916302477, "r6": 0.17436731336266817, "r7": 1.5655459035540162}, "datetime": {"datetime": "2020-01-18 17:56:26", "elapsed": 7425.465767, "delta": 148.217645}}
{"target": 20.65, "params": {"d0": 3.4421562613893815, "d1": -8.969273742237203, "d2": 0.8696288066505511, "g0": 0.7680806449294932, "g1": 0.5026615010068672, "g2": -5.491295943834021, "g3": 1.4827807646905913, "g4": 1.0202455877059171, "g5": -0.2811846329287582, "g6": 0.2432154709374251, "g7": 1.6522453543654645, "i0": 4.446489520903476, "i1": 0.7999905927560106, "i2": -5.5827092457513565, "i3": 0.9892708990729098, "i4": 1.119670569653468, "i5": 0.10858710671370062, "i6": -0.12215212985564078, "i7": 1.690824856614506, "r0": 1.6390292070116759, "r1": 0.8039090431863569, "r2": -1.8259338744286717, "r3": 1.4923191723487343, "r4": 0.9468361731420336, "r5": -0.4993532983190945, "r6": 0.07862114945027315, "r7": 1.490881909521596}, "datetime": {"datetime": "2020-01-18 17:59:06", "elapsed": 7585.57477, "delta": 160.109003}}
{"target": 20.15, "params": {"d0": 3.756592199607189, "d1": -1.2271315957941014, "d2": 1.071431329054499, "g0": 0.675774425007709, "g1": 0.6087780879919131, "g2": -4.875272709035881, "g3": 1.1057027861201354, "g4": 1.099945144220422, "g5": 0.09193208228528164, "g6": 0.28054472191509, "g7": 1.753266945611273, "i0": 3.767272758319434, "i1": 0.745201292569247, "i2": -6.66546693979377, "i3": 1.0109912072371965, "i4": 1.1884299352767096, "i5": 0.011938763223318912, "i6": 0.07499868810105412, "i7": 1.6688543074934195, "r0": 2.8431198103751525, "r1": 0.4024996319829059, "r2": -8.902582544920845, "r3": 1.0753308602589464, "r4": 1.0024748570966522, "r5": 0.6501463840316483, "r6": 0.18345171718484907, "r7": 1.4629148028657961}, "datetime": {"datetime": "2020-01-18 18:01:35", "elapsed": 7734.902281, "delta": 149.327511}}
{"target": 20.05, "params": {"d0": 3.236480640008014, "d1": -1.7336923425699133, "d2": 0.9549622879294387, "g0": 0.4022859542531155, "g1": 0.45784160989143596, "g2": -4.71374027014796, "g3": 1.2727573792690503, "g4": 1.1462632878834749, "g5": 0.04745156825279939, "g6": 0.24999289535961217, "g7": 1.6289322502319072, "i0": 3.4974184301664493, "i1": 0.5389222783829666, "i2": -6.744042728746083, "i3": 1.0274940678623545, "i4": 0.9857736392111474, "i5": -0.11921020128541482, "i6": 0.03582110176506292, "i7": 1.408247595457511, "r0": 3.5009777377345594, "r1": 0.5198115448104883, "r2": -8.569748008765883, "r3": 1.0519351483800596, "r4": 1.094016567087616, "r5": 0.3230918366266118, "r6": 0.015125234753770676, "r7": 1.593018031496112}, "datetime": {"datetime": "2020-01-18 18:03:57", "elapsed": 7876.560625, "delta": 141.658344}}
{"target": 20.4, "params": {"d0": 3.90544666464441, "d1": -1.391624215762562, "d2": 0.967105052992066, "g0": 0.6503504603656673, "g1": 0.39623879141373525, "g2": -5.0289024105258795, "g3": 1.1111964473483926, "g4": 1.2137070120537963, "g5": 0.052669729918423246, "g6": 0.32376648384389106, "g7": 1.6141834467592744, "i0": 3.8567783484885068, "i1": 0.4832555134168366, "i2": -6.5454871499131535, "i3": 1.0547950533132533, "i4": 1.0426983597894617, "i5": -0.11695640289538838, "i6": 0.07325685614498978, "i7": 1.551311861012006, "r0": 2.013168209486487, "r1": 0.23595295271709674, "r2": -8.737544847369723, "r3": 1.0351363528459805, "r4": 1.1036830619556917, "r5": 0.47217198157319695, "r6": 0.2835644342584732, "r7": 1.6141051265267843}, "datetime": {"datetime": "2020-01-18 18:06:30", "elapsed": 8029.621883, "delta": 153.061258}}
{"target": 20.55, "params": {"d0": 3.976925422319481, "d1": -1.3498092804202486, "d2": 1.0148576541262766, "g0": 0.6168651629280337, "g1": 0.3570377145502727, "g2": -5.030544824857787, "g3": 1.2002301222183867, "g4": 0.9957779723593198, "g5": -0.06130589503254827, "g6": 0.18670520583892591, "g7": 1.6045034726435468, "i0": 3.8652745737786782, "i1": 0.8312959492598709, "i2": -6.483661248747953, "i3": 0.9851862524167806, "i4": 1.0522602624303676, "i5": -0.3517026087759943, "i6": 0.20301340104135895, "i7": 1.7575583825365917, "r0": 2.12601553274176, "r1": 0.39515523751389453, "r2": -8.842147464989136, "r3": 1.244776057400058, "r4": 0.922044530176184, "r5": 0.3991066629993434, "r6": 0.1826910634152623, "r7": 1.361003035387703}, "datetime": {"datetime": "2020-01-18 18:09:02", "elapsed": 8181.125673, "delta": 151.50379}}
{"target": 20.8, "params": {"d0": 3.982980184702554, "d1": -1.0331509359139075, "d2": 0.9811656127638175, "g0": 0.6244481484639148, "g1": 0.3324283061732092, "g2": -4.9217998201775455, "g3": 1.2490612710663218, "g4": 1.1103660426940076, "g5": -0.12309395213220095, "g6": 0.1567420799695979, "g7": 1.5389716433117722, "i0": 3.9297407278834777, "i1": 0.615101660832432, "i2": -6.6175885012913085, "i3": 0.9625737913460773, "i4": 0.918725323651763, "i5": -0.34157199590659254, "i6": -0.10868074223856423, "i7": 1.6137528151865916, "r0": 2.3043043040228297, "r1": 0.2537426203713135, "r2": -9.03256609659845, "r3": 1.0721381284445373, "r4": 1.0435393786713478, "r5": 0.2221881481260414, "r6": 0.17571685713433083, "r7": 1.5264586716771302}, "datetime": {"datetime": "2020-01-18 18:11:32", "elapsed": 8331.514101, "delta": 150.388428}}
{"target": 21.25, "params": {"d0": 3.908390784423883, "d1": -1.3260141751166927, "d2": 0.951441522994405, "g0": 0.7151915068795196, "g1": 0.25565989408227047, "g2": -5.336799782300415, "g3": 1.2164501531912928, "g4": 1.132239680420298, "g5": 0.033464529753771316, "g6": 0.20683515959004098, "g7": 1.517881624518575, "i0": 3.8282523815309575, "i1": 0.6390014845522489, "i2": -6.656208237138585, "i3": 1.0003616233793196, "i4": 0.9180833435405307, "i5": -0.553247059093355, "i6": 0.053910714522166885, "i7": 1.6184832685856834, "r0": 1.5993447398379295, "r1": 0.21959300350108643, "r2": -8.866934217880281, "r3": 1.2056464062960768, "r4": 1.0337119039135112, "r5": 0.345145248262728, "r6": 0.21691933416482317, "r7": 1.5346657507091213}, "datetime": {"datetime": "2020-01-18 18:14:01", "elapsed": 8480.092877, "delta": 148.578776}}
{"target": 19.85, "params": {"d0": 3.835715109529638, "d1": -1.6473235199006873, "d2": 0.9391981287224561, "g0": 0.5839011823166061, "g1": 0.26517876737366, "g2": -4.360323116845425, "g3": 1.1988146601307457, "g4": 1.066898651010597, "g5": -0.09231612426333789, "g6": 0.17573465319843246, "g7": 1.4498884045645588, "i0": 3.810088465082523, "i1": 0.6492790167850591, "i2": -6.4513144889148695, "i3": 0.9617258727009257, "i4": 0.9594054312555766, "i5": -0.2589505257808776, "i6": 0.052145370128737434, "i7": 1.5807668176723684, "r0": 2.126758488112, "r1": 0.3649208965593595, "r2": -8.498143471840667, "r3": 1.0374754399492707, "r4": 1.0330044154232876, "r5": 0.3337125885716448, "r6": 0.2543855191269353, "r7": 1.4144892544939496}, "datetime": {"datetime": "2020-01-18 18:16:29", "elapsed": 8628.181654, "delta": 148.088777}}
{"target": 20.15, "params": {"d0": 4.0596105404522405, "d1": -1.1825167162054988, "d2": 1.048416858749636, "g0": 0.7064772583421379, "g1": 0.3496518055575583, "g2": -5.021690247104688, "g3": 1.171169751420296, "g4": 1.1496824308254217, "g5": 0.09570488851788259, "g6": 0.19417663472816207, "g7": 1.6454683923526043, "i0": 4.111327313398431, "i1": 0.7157539585167877, "i2": -6.656173919681859, "i3": 0.9490503996866899, "i4": 1.038708914846636, "i5": -0.40636766601107277, "i6": -0.014609371331910995, "i7": 1.641281966574138, "r0": 1.8981867797899643, "r1": 0.25585393338432394, "r2": -8.951184641949943, "r3": 1.1083679738307082, "r4": 0.9938494872240404, "r5": 0.49641964667788435, "r6": 0.2030667624240238, "r7": 1.5145664395920944}, "datetime": {"datetime": "2020-01-18 18:19:13", "elapsed": 8792.373487, "delta": 164.191833}}
{"target": 20.8, "params": {"d0": 3.851650993027494, "d1": -1.344064304751246, "d2": 0.8976368441630621, "g0": 0.5856192158156185, "g1": 0.31179523806755033, "g2": -5.465204313224905, "g3": 1.235136350254546, "g4": 1.1250101410566753, "g5": -0.10380486985592077, "g6": 0.2792414885390258, "g7": 1.449314037294087, "i0": 3.5581922574792793, "i1": 0.5704661357209573, "i2": -6.474217948125971, "i3": 1.058952660724661, "i4": 0.9134214163767402, "i5": -0.41834815040156287, "i6": 0.11172611636357568, "i7": 1.6714890112564968, "r0": 1.9081386908885536, "r1": 0.23027678797299472, "r2": -8.856311761592156, "r3": 1.2162683016305613, "r4": 1.0477669976199446, "r5": 0.23628545775479773, "r6": 0.21676824228056182, "r7": 1.5891879306870245}, "datetime": {"datetime": "2020-01-18 18:22:10", "elapsed": 8969.545065, "delta": 177.171578}}
{"target": 20.35, "params": {"d0": 3.9391589465306986, "d1": -1.395969027605058, "d2": 0.9367101535086358, "g0": 0.4549629265463356, "g1": 0.47994835284548915, "g2": -4.852672972407297, "g3": 1.2260679092311448, "g4": 1.059347693829004, "g5": -0.11710289160532893, "g6": 0.05706211941451716, "g7": 1.4239874322585973, "i0": 4.0275469864641815, "i1": 0.6089316749817331, "i2": -6.488617361422086, "i3": 0.992777780995569, "i4": 0.9759646890333219, "i5": -0.09585940747509107, "i6": 0.0922123209650606, "i7": 1.520901293027806, "r0": 2.6480875150245646, "r1": 0.41337518957886965, "r2": -8.739571422610993, "r3": 0.9796368564675744, "r4": 1.0420569917030247, "r5": 0.43642318287084914, "r6": 0.327895803329336, "r7": 1.5023664656863027}, "datetime": {"datetime": "2020-01-18 18:25:00", "elapsed": 9139.321695, "delta": 169.77663}}
{"target": 20.55, "params": {"d0": 3.6660868463748923, "d1": -1.1752179997032997, "d2": 1.0356963632160263, "g0": 0.6375881982137238, "g1": 0.3193266307029098, "g2": -5.064608863429866, "g3": 1.1675693722991203, "g4": 1.0799460458780614, "g5": -0.028390869925575244, "g6": 0.2470662286453475, "g7": 1.6092430489746992, "i0": 3.7333236274946597, "i1": 0.6911623491559948, "i2": -6.807170876085872, "i3": 0.9423075677957145, "i4": 1.0086085755226677, "i5": -0.26228532946306804, "i6": 0.005233531406694869, "i7": 1.6983282708464924, "r0": 2.114814993599134, "r1": 0.25481598665938054, "r2": -8.88338759397517, "r3": 1.0500396435992365, "r4": 1.0238701443031761, "r5": 0.42353412592059303, "r6": 0.2907293068213384, "r7": 1.3575421558711316}, "datetime": {"datetime": "2020-01-18 18:27:46", "elapsed": 9305.777716, "delta": 166.456021}}
{"target": 20.35, "params": {"d0": 3.394200071760938, "d1": -1.5637581242985232, "d2": 1.0613003728332193, "g0": 0.4515226536600898, "g1": 0.5708149661943936, "g2": -4.791514007723028, "g3": 1.126843403988718, "g4": 1.0696366496181307, "g5": 0.05165441345576485, "g6": 0.19571302132097343, "g7": 1.616222157436246, "i0": 3.529786835692727, "i1": 0.5481196138862715, "i2": -6.205751982277225, "i3": 1.0660686044969232, "i4": 1.1292860884142175, "i5": -0.025068584225996886, "i6": 0.013677246123323768, "i7": 1.6095144245314086, "r0": 3.580283167792731, "r1": 0.5116935192990612, "r2": -8.291359042688176, "r3": 0.954512018739194, "r4": 1.0667342577911407, "r5": 0.5536092399217348, "r6": 0.03247700899025024, "r7": 1.6011646313622414}, "datetime": {"datetime": "2020-01-18 18:30:35", "elapsed": 9474.516406, "delta": 168.73869}}
{"target": 21.25, "params": {"d0": 4.003463293471206, "d1": -1.3741546899684516, "d2": 1.0639605582216267, "g0": 0.5150255730280107, "g1": 0.30427701019119135, "g2": -4.861767109256652, "g3": 1.1738041350325483, "g4": 1.1310076668651328, "g5": -0.007506835642851605, "g6": 0.27661128997545165, "g7": 1.7532020648770037, "i0": 3.755910272795064, "i1": 0.6245592655104018, "i2": -6.48508172183453, "i3": 0.9868742637244282, "i4": 1.0755799796697614, "i5": -0.28468150770961503, "i6": -0.04946872528859569, "i7": 1.6799553631558706, "r0": 2.198276836205099, "r1": 0.2974331992370129, "r2": -8.823036956014384, "r3": 1.1664397722772575, "r4": 1.0154882378191374, "r5": 0.3091226683781287, "r6": 0.04736723208991285, "r7": 1.601305461043029}, "datetime": {"datetime": "2020-01-18 18:33:29", "elapsed": 9648.002747, "delta": 173.486341}}
{"target": 21.15, "params": {"d0": 3.7564567810063085, "d1": -1.598180250619198, "d2": 0.9803441214674607, "g0": 0.594062760300264, "g1": 0.32141920122121376, "g2": -6.209765842576417, "g3": 1.1487187411331439, "g4": 1.0575318411382988, "g5": -0.03242038586155012, "g6": 0.13297478241808447, "g7": 1.3982047741697383, "i0": 3.9548244334845686, "i1": 0.49085500956741135, "i2": -6.420531205491324, "i3": 1.004285869471368, "i4": 0.9367979024766547, "i5": -0.36887060935267807, "i6": 0.1355027239994415, "i7": 1.635825202951481, "r0": 1.3600669288670413, "r1": 0.2007563938206381, "r2": -8.624013625418895, "r3": 1.2357672297476323, "r4": 1.0792783418863126, "r5": 0.2359872511782914, "r6": 0.297686360054049, "r7": 1.5647265790767764}, "datetime": {"datetime": "2020-01-18 18:36:13", "elapsed": 9812.003775, "delta": 164.001028}}
{"target": 20.25, "params": {"d0": 3.9431652373823813, "d1": -1.3849282590049756, "d2": 0.978484855628105, "g0": 0.6588103448875469, "g1": 0.2045180030321355, "g2": -5.135569875611901, "g3": 1.2843903387137767, "g4": 1.1560067875771631, "g5": -0.09548766574544221, "g6": 0.40612694825762713, "g7": 1.609565527554214, "i0": 3.921498873885361, "i1": 0.6239753007272699, "i2": -6.571908484563209, "i3": 1.0271426812710966, "i4": 0.9616418930566468, "i5": -0.41636265216803475, "i6": 0.10132718616557755, "i7": 1.6982119604643133, "r0": 1.9195953610875158, "r1": 0.208439562464275, "r2": -8.768864543919136, "r3": 1.2274712501192335, "r4": 0.9619809257012775, "r5": 0.20635798374421774, "r6": 0.20562989846851798, "r7": 1.6261520842060926}, "datetime": {"datetime": "2020-01-18 18:38:57", "elapsed": 9976.81048, "delta": 164.806705}}
{"target": 21.15, "params": {"d0": 3.9763607102832457, "d1": -1.2757355477919894, "d2": 0.8968005092312646, "g0": 0.6415993405701885, "g1": 0.4344435430189865, "g2": -5.174225721784451, "g3": 1.0888472222381267, "g4": 1.168635844081096, "g5": 0.07786838198077223, "g6": 0.11762352620099442, "g7": 1.6109135073616518, "i0": 3.621549683167835, "i1": 0.6258892529954346, "i2": -6.43367643630856, "i3": 1.0294785876056358, "i4": 1.0150993609219723, "i5": -0.4222178369780097, "i6": 0.02155565707732342, "i7": 1.6197437077840433, "r0": 1.9104307415458046, "r1": 0.32088091990477124, "r2": -8.886600272734867, "r3": 1.1164090741025623, "r4": 1.1047729923702512, "r5": 0.4083435873860263, "r6": 0.06016002885867384, "r7": 1.4640868672453358}, "datetime": {"datetime": "2020-01-18 18:41:37", "elapsed": 10136.461452, "delta": 159.650972}}
{"target": 20.2, "params": {"d0": 3.9549501032637395, "d1": -1.3023491181958706, "d2": 1.0690193976788074, "g0": 0.6314549530011546, "g1": 0.36989494662890815, "g2": -4.77041435126167, "g3": 1.1426480498898506, "g4": 1.1749877420167638, "g5": 0.057188314966235575, "g6": 0.31885279533623856, "g7": 1.447923455675236, "i0": 3.861484675162094, "i1": 0.665432325356118, "i2": -6.418235569485736, "i3": 0.9283564202043212, "i4": 1.030204441914253, "i5": -0.16272590907129245, "i6": 0.04700217784249938, "i7": 1.5641089852508856, "r0": 2.2867314269966443, "r1": 0.30384223853857406, "r2": -8.939326214757191, "r3": 1.0791913629399295, "r4": 1.0108390730425258, "r5": 0.37961169341348355, "r6": 0.10602313795996589, "r7": 1.3853080505029252}, "datetime": {"datetime": "2020-01-18 18:44:18", "elapsed": 10297.030482, "delta": 160.56903}}
{"target": 20.7, "params": {"d0": 3.871985796788816, "d1": -1.3090153201009396, "d2": 0.8918421574669675, "g0": 0.6065358137556718, "g1": 0.5100259145614212, "g2": -4.790411988812064, "g3": 1.1280262429781391, "g4": 0.9940752305894441, "g5": -0.07048110557289508, "g6": 0.05260608082615341, "g7": 1.6825856658475913, "i0": 3.8783995189771074, "i1": 0.6115151876070057, "i2": -6.568873978717346, "i3": 1.101632802670394, "i4": 1.1109436698206512, "i5": -0.2873534698281963, "i6": 0.029634898613194394, "i7": 1.8051003068624207, "r0": 2.2022868518801824, "r1": 0.26438689537821775, "r2": -8.820629585213299, "r3": 1.1271549042273794, "r4": 1.0829811535131573, "r5": 0.41057501523146156, "r6": 0.2216802598671773, "r7": 1.6409896263071495}, "datetime": {"datetime": "2020-01-18 18:46:47", "elapsed": 10446.201671, "delta": 149.171189}}
{"target": 20.6, "params": {"d0": 4.0582110405712095, "d1": -1.2534683116637635, "d2": 1.0548358509040847, "g0": 0.6793998083419929, "g1": 0.26683649536117515, "g2": -5.304144392443551, "g3": 1.215352206442333, "g4": 1.085519452080862, "g5": 0.09905267805194999, "g6": 0.10652187176788794, "g7": 1.6285366115300963, "i0": 3.5664172626453157, "i1": 0.62146454727366, "i2": -6.612749227453564, "i3": 1.0786394215104098, "i4": 1.0712745328686915, "i5": -0.3674440494457522, "i6": 0.14336308468385167, "i7": 1.6226323819761335, "r0": 1.9168323883814644, "r1": 0.2384038323802052, "r2": -8.750729823939752, "r3": 1.2269341575733876, "r4": 1.0378654555987565, "r5": 0.4793311159076482, "r6": 0.23386232689955297, "r7": 1.5887367217906039}, "datetime": {"datetime": "2020-01-18 18:49:14", "elapsed": 10593.018229, "delta": 146.816558}}
{"target": 21.0, "params": {"d0": 3.9547264835145652, "d1": -1.3171443496482467, "d2": 0.8470645135936641, "g0": 0.5482952628946139, "g1": 0.37901041182248635, "g2": -4.9195848239445255, "g3": 1.224206351059622, "g4": 1.2440613783019991, "g5": -0.12517042693873937, "g6": 0.21848843838726598, "g7": 1.8355642768431812, "i0": 3.919642563722522, "i1": 0.7170293739943187, "i2": -6.591416766378875, "i3": 0.9718574187061556, "i4": 1.04763812797623, "i5": -0.2574053774394259, "i6": 0.023738247856962838, "i7": 1.6740367115245194, "r0": 2.2537010038161243, "r1": 0.3790653087681624, "r2": -8.773726026800219, "r3": 0.9337707014725506, "r4": 1.0199451872266239, "r5": 0.4210872793831593, "r6": 0.16009378636666496, "r7": 1.4342968248146686}, "datetime": {"datetime": "2020-01-18 18:51:43", "elapsed": 10742.319768, "delta": 149.301539}}
{"target": 20.15, "params": {"d0": 3.766087514982316, "d1": -1.597059903472881, "d2": 0.8537237161435345, "g0": 0.628579833713259, "g1": 0.3976926103878708, "g2": -5.573287930359957, "g3": 1.0838475066798539, "g4": 1.0708666084286624, "g5": -0.023535666491090353, "g6": 0.11885108462526311, "g7": 1.2883675098759575, "i0": 3.804987832810685, "i1": 0.5277403460600184, "i2": -6.288266103855392, "i3": 1.029041775226095, "i4": 0.902674327843002, "i5": -0.37297986696036833, "i6": 0.18207148110068566, "i7": 1.5963065531956222, "r0": 1.35745430036981, "r1": 0.2818947337874027, "r2": -8.736318620265008, "r3": 1.1754846240957444, "r4": 1.1215453686898225, "r5": 0.340710201475466, "r6": 0.26253525899756347, "r7": 1.4704637644822849}, "datetime": {"datetime": "2020-01-18 18:54:11", "elapsed": 10890.195262, "delta": 147.875494}}
{"target": 20.45, "params": {"d0": 3.4873992246236227, "d1": -1.4262699099479168, "d2": 1.0408809252576938, "g0": 0.5427244985744137, "g1": 0.41670052541750324, "g2": -6.526928764059634, "g3": 1.160913329690815, "g4": 1.0589168649936946, "g5": 0.008730609257294825, "g6": 0.09284475031645546, "g7": 1.435726584153766, "i0": 4.0029640870210015, "i1": 0.5380600158144422, "i2": -6.599021798573251, "i3": 0.9273557696581308, "i4": 0.9333249393842404, "i5": -0.34436172048364405, "i6": 0.0016457066756555144, "i7": 1.6472916138398708, "r0": 1.58285903810642, "r1": 0.20347226289194542, "r2": -8.863365882133438, "r3": 1.1906324494685008, "r4": 1.1034427352615201, "r5": 0.280066024931754, "r6": 0.2774911060655581, "r7": 1.561133059615018}, "datetime": {"datetime": "2020-01-18 18:56:58", "elapsed": 11057.708204, "delta": 167.512942}}
{"target": 20.45, "params": {"d0": 3.8159352213734494, "d1": -1.155118202317932, "d2": 0.9173127874892802, "g0": 0.7369429497834724, "g1": 0.44807043518101025, "g2": -5.416992815029963, "g3": 1.120580283512103, "g4": 1.1393117889304714, "g5": 0.10856790384501983, "g6": 0.25590643715448624, "g7": 1.5469710407030208, "i0": 3.804838741087955, "i1": 0.6265527417285405, "i2": -6.515722914526407, "i3": 1.0210726816252749, "i4": 1.0246063681918816, "i5": -0.48818372706025703, "i6": -0.050879688797084335, "i7": 1.6902650090112044, "r0": 1.837641359660538, "r1": 0.1795069581017639, "r2": -8.999068763555854, "r3": 1.1928518391496183, "r4": 1.0098381708299893, "r5": 0.2185484369994799, "r6": 0.2195245923934154, "r7": 1.5209248696804765}, "datetime": {"datetime": "2020-01-18 18:59:57", "elapsed": 11236.283849, "delta": 178.575645}}
